(277.789)[I]: [5],0,16,84,20,0,-178,2534(277.789)[I]: [6],0,23,30,7,0,-361,9903
(277.799)[I]: [5],0,16,84,20,0,-178,2534(277.799)[I]: [6],0,23,31,7,0,-361,9903
(277.809)[I]: [5],0,16,84,20,0,-178,2534(277.809)[I]: [6],0,23,31,7,0,-361,9903
(277.819)[I]: [5],0,17,84,20,0,-177,2534(277.819)[I]: [6],0,23,31,7,0,-361,9903
(277.829)[I]: [5],0,17,84,20,0,-177,2534(277.829)[I]: [6],0,23,31,7,0,-361,9903
(277.839)[I]: [5],0,17,84,20,0,-178,2534(277.839)[I]: [6],0,23,31,7,0,-360,9903
(277.849)[I]: [5],0,17,88,20,0,-178,2534(277.849)[I]: [6],0,23,31,7,0,-360,9903
(277.859)[I]: [5],0,17,84,20,0,-177,2534(277.859)[I]: [6],0,23,31,7,0,-360,9903
(277.869)[I]: [5],0,17,88,20,0,-177,2534(277.869)[I]: [6],0,23,31,7,0,-361,9903
(277.879)[I]: [5],0,17,88,20,0,-177,2534(277.879)[I]: [6],0,23,31,6,0,-361,9903
(277.889)[I]: [5],0,18,88,19,0,-177,2534(277.889)[I]: [6],0,23,31,6,0,-361,9903
(277.899)[I]: [5],0,17,84,19,0,-177,2534(277.899)[I]: [6],0,24,31,6,0,-361,9903
(277.909)[I]: [5],0,18,88,19,0,-177,2534(277.909)[I]: [6],0,24,31,6,0,-361,9903
(277.919)[I]: [5],0,18,88,19,0,-177,2534(277.919)[I]: [6],0,23,31,6,0,-361,9903
(277.929)[I]: [5],0,18,84,19,0,-177,2534(277.929)[I]: [6],0,23,31,6,0,-361,9903
(277.939)[I]: [5],0,17,88,19,0,-176,2534(277.939)[I]: [6],0,23,31,6,0,-361,9903
(277.949)[I]: [5],0,18,88,19,0,-177,2534(277.949)[I]: [6],0,24,31,6,0,-361,9903
(277.959)[I]: [5],0,17,88,19,0,-177,2534(277.959)[I]: [6],0,24,31,6,0,-361,9903
(277.969)[I]: [5],0,18,88,19,0,-177,2534(277.969)[I]: [6],0,24,31,6,0,-361,9903
(277.979)[I]: [5],0,17,88,19,0,-177,2534(277.979)[I]: [6],0,24,31,6,0,-361,9903
(277.989)[I]: [5],0,18,88,19,0,-177,2534(277.989)[I]: [6],0,24,31,6,0,-361,9903
(277.999)[I]: [5],0,18,88,18,0,-177,2534(277.999)[I]: [6],0,24,31,7,0,-361,9903
(277.999)[I]: [5],0,18,88,19,0,-177,2534(277.999)[I]: [6],0,24,31,6,0,-361,9903
(277.999)[I]: [5],0,18,88,19,0,-177,2534(277.999)[I]: [6],0,23,31,6,0,-361,9903
(278.005)[I]: [5],0,18,88,18,0,-177,2534(278.005)[I]: [6],0,23,31,6,0,-361,9903
(278.015)[I]: [5],0,18,92,19,0,-177,2534(278.015)[I]: [6],0,24,31,6,0,-361,9903
(278.025)[I]: [5],0,19,92,19,0,-178,2534(278.025)[I]: [6],0,23,31,6,0,-361,9903
(278.035)[I]: [5],0,18,88,19,0,-178,2534(278.035)[I]: [6],0,24,31,6,0,-361,9903
(278.045)[I]: [5],0,19,92,19,0,-178,2534(278.045)[I]: [6],0,24,31,6,0,-361,9903
(278.055)[I]: [5],0,18,88,19,0,-178,2534(278.055)[I]: [6],0,24,31,6,0,-361,9903
(278.065)[I]: [5],0,18,88,19,0,-178,2534(278.065)[I]: [6],0,24,31,6,0,-361,9903
(278.075)[I]: [5],0,18,88,19,0,-178,2534(278.075)[I]: [6],0,24,31,6,0,-361,9903
(278.085)[I]: [5],0,19,88,19,0,-178,2534(278.085)[I]: [6],0,24,31,6,0,-361,9903
(278.095)[I]: [5],0,18,88,19,0,-178,2534(278.095)[I]: [6],0,24,31,6,0,-361,9903
(278.105)[I]: [5],0,18,88,19,0,-178,2534(278.105)[I]: [6],0,24,31,6,0,-361,9903
(278.115)[I]: [5],0,18,88,18,0,-178,2534(278.115)[I]: [6],0,24,31,6,0,-361,9903
(278.125)[I]: [5],0,18,88,18,0,-178,2534(278.125)[I]: [6],0,24,31,6,0,-361,9903
(278.135)[I]: [5],0,18,88,18,0,-177,2534(278.135)[I]: [6],0,24,31,6,0,-362,9903
(278.145)[I]: [5],0,18,88,18,0,-178,2534(278.145)[I]: [6],0,24,31,6,0,-362,9903
(278.155)[I]: [5],0,18,88,18,0,-178,2534(278.155)[I]: [6],0,24,31,6,0,-362,9903
(278.165)[I]: [5],0,18,88,18,0,-178,2534(278.165)[I]: [6],0,24,31,6,0,-362,9903
(278.175)[I]: [5],0,18,88,18,0,-179,2534(278.175)[I]: [6],0,24,31,6,0,-362,9903
(278.185)[I]: [5],0,18,88,19,0,-179,2534(278.185)[I]: [6],0,24,31,6,0,-362,9903
(278.195)[I]: [5],0,18,88,19,0,-179,2534(278.195)[I]: [6],0,24,31,6,0,-362,9903
(278.205)[I]: [5],0,18,88,18,0,-179,2534(278.205)[I]: [6],0,24,31,6,0,-362,9903
(278.215)[I]: [5],0,18,88,18,0,-179,2534(278.215)[I]: [6],0,24,31,6,0,-362,9903
(278.225)[I]: [5],0,18,88,18,0,-179,2534(278.225)[I]: [6],0,24,31,6,0,-362,9903
(278.235)[I]: [5],0,18,88,19,0,-179,2534(278.235)[I]: [6],0,24,31,6,0,-362,9903
(278.245)[I]: [5],0,18,88,18,0,-178,2534(278.245)[I]: [6],0,24,31,6,0,-362,9903
(278.255)[I]: [5],0,18,88,18,0,-178,2534(278.255)[I]: [6],0,24,31,6,0,-362,9903
(278.265)[I]: [5],0,18,88,18,0,-178,2534(278.265)[I]: [6],0,24,31,6,0,-362,9903
(278.275)[I]: [5],0,18,88,19,0,-178,2534(278.275)[I]: [6],0,24,31,6,0,-361,9903
(278.285)[I]: [5],0,18,88,19,0,-178,2534(278.285)[I]: [6],0,24,31,6,0,-361,9903
(278.295)[I]: [5],0,18,88,19,0,-178,2534(278.296)[I]: [6],0,23,31,6,0,-361,9903
(278.305)[I]: [5],0,18,88,19,0,-178,2534(278.305)[I]: [6],0,23,31,6,0,-361,9903
(278.315)[I]: [5],0,18,88,19,0,-178,2534(278.316)[I]: [6],0,23,31,6,0,-361,9903
(278.325)[I]: [5],0,18,88,19,0,-178,2534(278.325)[I]: [6],0,23,31,6,0,-361,9903
(278.335)[I]: [5],0,18,92,19,0,-178,2534(278.335)[I]: [6],0,23,31,6,0,-362,9903
(278.345)[I]: [5],0,18,88,19,0,-179,2534(278.345)[I]: [6],0,23,31,6,0,-362,9903
(278.355)[I]: [5],0,18,88,19,0,-179,2534(278.355)[I]: [6],0,23,31,6,0,-361,9903
(278.365)[I]: [5],0,18,88,20,0,-179,2534(278.365)[I]: [6],0,22,31,6,0,-361,9903
(278.375)[I]: [5],0,19,88,20,0,-179,2534(278.375)[I]: [6],0,23,31,6,0,-361,9903
(278.385)[I]: [5],0,19,88,20,0,-179,2534(278.385)[I]: [6],0,23,29,6,0,-361,9903
(278.395)[I]: [5],0,19,92,20,0,-179,2534(278.395)[I]: [6],0,22,30,6,0,-362,9903
(278.405)[I]: [5],0,19,92,20,0,-180,2534(278.405)[I]: [6],0,22,29,6,0,-362,9903
(278.415)[I]: [5],0,19,92,20,0,-180,2534(278.415)[I]: [6],0,22,29,6,0,-362,9903
(278.425)[I]: [5],0,19,96,20,0,-180,2534(278.425)[I]: [6],0,21,28,6,0,-361,9903
(278.435)[I]: [5],0,18,96,20,0,-180,2534(278.436)[I]: [6],0,20,28,6,0,-361,9903
(278.445)[I]: [5],0,18,96,20,0,-179,2534(278.445)[I]: [6],0,20,27,6,0,-361,9903
(278.455)[I]: [5],0,17,100,20,0,-179,2534(278.456)[I]: [6],0,19,27,6,0,-361,9903
(278.465)[I]: [5],0,18,96,20,0,-179,2534(278.465)[I]: [6],0,19,27,6,0,-362,9903
(278.475)[I]: [5],0,17,100,21,0,-178,2534(278.476)[I]: [6],0,19,27,7,0,-361,9903
(278.485)[I]: [5],0,17,100,21,0,-178,2534(278.486)[I]: [6],0,17,25,6,0,-362,9903
(278.495)[I]: [5],0,17,100,21,0,-177,2534(278.496)[I]: [6],0,17,24,7,0,-362,9903
(278.505)[I]: [5],0,17,100,22,0,-176,2534(278.506)[I]: [6],0,17,22,6,0,-362,9903
(278.515)[I]: [5],0,16,96,22,0,-175,2534(278.515)[I]: [6],0,17,23,7,0,-362,9903
(278.525)[I]: [5],0,17,100,23,0,-175,2534(278.526)[I]: [6],0,17,20,6,0,-362,9903
(278.535)[I]: [5],0,17,96,23,0,-174,2534(278.535)[I]: [6],0,17,19,6,0,-362,9903
(278.545)[I]: [5],0,17,96,23,0,-174,2534(278.545)[I]: [6],0,17,18,6,0,-362,9903
(278.555)[I]: [5],0,16,100,24,0,-174,2534(278.556)[I]: [6],0,17,17,6,0,-362,9903
(278.565)[I]: [5],0,16,96,24,0,-174,2534(278.565)[I]: [6],0,15,17,6,0,-362,9903
(278.575)[I]: [5],0,17,96,26,0,-174,2534(278.576)[I]: [6],0,15,16,6,0,-362,9903
(278.585)[I]: [5],0,17,96,28,0,-174,2534(278.585)[I]: [6],0,15,15,6,0,-362,9903
(278.595)[I]: [5],0,17,96,27,0,-174,2534(278.595)[I]: [6],0,15,15,5,0,-362,9903
(278.605)[I]: [5],0,17,100,27,0,-174,2534(278.606)[I]: [6],0,15,15,5,0,-362,9903
(278.615)[I]: [5],0,17,100,27,0,-173,2534(278.616)[I]: [6],0,15,16,5,0,-362,9903
(278.625)[I]: [5],0,17,96,27,0,-173,2534(278.625)[I]: [6],0,15,16,5,0,-362,9903
(278.635)[I]: [5],0,17,100,27,0,-173,2534(278.636)[I]: [6],0,15,17,5,0,-362,9903
(278.645)[I]: [5],0,17,96,28,0,-172,2534(278.645)[I]: [6],0,15,17,5,0,-362,9903
(278.655)[I]: [5],0,17,100,28,0,-171,2534(278.656)[I]: [6],0,15,15,5,0,-362,9903
(278.665)[I]: [5],0,18,100,28,0,-171,2534(278.666)[I]: [6],0,16,16,5,0,-363,9903
(278.675)[I]: [5],0,18,100,28,0,-171,2534(278.676)[I]: [6],0,15,15,5,0,-363,9903
(278.685)[I]: [5],0,18,100,28,0,-171,2534(278.686)[I]: [6],0,15,15,5,0,-363,9903
(278.695)[I]: [5],0,19,100,28,0,-170,2534(278.696)[I]: [6],0,15,15,5,0,-363,9903
(278.705)[I]: [5],0,21,100,26,0,-171,2534(278.706)[I]: [6],0,15,15,5,0,-363,9903
(278.715)[I]: [5],0,22,104,23,0,-171,2534(278.716)[I]: [6],0,16,15,6,0,-363,9903
(278.725)[I]: [5],0,22,104,21,0,-171,2534(278.726)[I]: [6],0,15,17,5,0,-363,9903
(278.735)[I]: [5],0,25,104,20,0,-172,2541(278.736)[I]: [6],0,15,16,6,0,-363,9903
(278.745)[I]: [5],0,26,108,19,0,-173,2548(278.746)[I]: [6],0,15,15,6,0,-363,9903
(278.755)[I]: [5],0,30,108,16,0,-176,2556(278.756)[I]: [6],0,15,16,7,0,-363,9903
(278.765)[I]: [5],0,29,108,13,-1,-179,2566(278.766)[I]: [6],0,15,17,7,0,-363,9903
(278.775)[I]: [5],0,35,112,10,-2,-185,2579(278.776)[I]: [6],0,17,19,7,0,-363,9903
(278.785)[I]: [5],1,40,112,6,-3,-190,2594(278.786)[I]: [6],0,19,20,8,0,-363,9903
(278.795)[I]: [5],4,41,108,4,-4,-193,2627(278.796)[I]: [6],0,19,21,8,0,-363,9903
(278.805)[I]: [5],5,43,108,2,-6,-198,2664(278.806)[I]: [6],0,19,23,9,0,-363,9903
(278.815)[I]: [5],8,47,108,1,-8,-207,2706(278.816)[I]: [6],0,23,22,9,0,-363,9903
(278.825)[I]: [5],11,52,104,0,-10,-240,2752(278.826)[I]: [6],0,24,26,12,0,-363,9903
(278.835)[I]: [5],13,48,88,0,-15,-261,2839(278.836)[I]: [6],0,25,27,14,0,-363,9903
(278.845)[I]: [5],18,49,68,0,-17,-281,2948(278.846)[I]: [6],0,25,29,17,0,-363,9903
(278.855)[I]: [5],18,44,36,0,-20,-300,3075(278.856)[I]: [6],0,26,31,18,0,-363,9903
(278.865)[I]: [5],15,33,40,0,-23,-303,3221(278.866)[I]: [6],0,28,31,20,0,-362,9903
(278.875)[I]: [5],17,25,20,0,-22,-294,3384(278.876)[I]: [6],0,28,31,20,0,-362,9903
(278.885)[I]: [5],19,19,24,0,-25,-269,3569(278.886)[I]: [6],0,30,37,22,0,-362,9903
(278.895)[I]: [5],18,11,20,0,-34,-244,3761(278.896)[I]: [6],0,30,39,23,0,-362,9903
(278.905)[I]: [5],16,11,16,0,-43,-222,3958(278.906)[I]: [6],0,31,45,24,0,-362,9903
(278.915)[I]: [5],15,10,8,0,-57,-201,4156(278.916)[I]: [6],0,35,46,27,0,-362,9903
(278.925)[I]: [5],12,6,8,0,-79,-192,4353(278.925)[I]: [6],0,35,52,27,0,-362,9903
(278.935)[I]: [5],6,5,4,0,-107,-210,4533(278.935)[I]: [6],0,35,51,27,0,-362,9903
(278.945)[I]: [5],3,4,12,0,-141,-250,4682(278.946)[I]: [6],0,35,52,27,0,-361,9903
(278.955)[I]: [5],0,2,8,0,-177,-301,4769(278.955)[I]: [6],0,36,56,26,0,-360,9903
(278.965)[I]: [5],0,2,8,0,-220,-343,4792(278.965)[I]: [6],0,37,57,25,0,-360,9903
(278.975)[I]: [5],0,2,8,0,-268,-382,4772(278.975)[I]: [6],0,38,59,23,0,-360,9903
(278.985)[I]: [5],0,2,8,0,-319,-399,4697(278.985)[I]: [6],0,40,59,21,0,-360,9903
(278.995)[I]: [5],0,2,8,0,-374,-393,4585(278.995)[I]: [6],0,41,61,18,0,-360,9903
(278.999)[I]: [5],0,2,8,0,-435,-378,4455(278.999)[I]: [6],0,42,66,16,0,-360,9903
(278.999)[I]: [5],0,2,8,0,-499,-355,4321(278.999)[I]: [6],0,44,69,15,0,-360,9903
(279.001)[I]: [5],0,2,8,0,-565,-331,4189(279.001)[I]: [6],0,45,70,15,0,-359,9903
(279.011)[I]: [5],0,2,4,0,-630,-308,4064(279.011)[I]: [6],0,47,71,13,0,-359,9903
(279.021)[I]: [5],0,2,8,0,-691,-287,3947(279.021)[I]: [6],0,49,72,11,0,-359,9903
(279.031)[I]: [5],0,2,4,0,-745,-271,3832(279.031)[I]: [6],0,49,73,9,0,-359,9903
(279.041)[I]: [5],0,2,4,0,-789,-253,3716(279.041)[I]: [6],0,51,71,8,0,-359,9903
(279.051)[I]: [5],0,2,4,0,-822,-238,3593(279.051)[I]: [6],0,52,74,7,0,-360,9903
(279.061)[I]: [5],0,2,4,0,-840,-226,3467(279.061)[I]: [6],0,51,75,7,0,-360,9903
(279.071)[I]: [5],0,2,4,0,-846,-214,3341(279.071)[I]: [6],0,51,74,6,0,-360,9903
(279.081)[I]: [5],0,2,4,0,-839,-201,3218(279.081)[I]: [6],0,52,77,6,0,-360,9903
(279.091)[I]: [5],0,2,4,0,-823,-183,3098(279.091)[I]: [6],0,54,78,5,0,-359,9903
(279.101)[I]: [5],0,2,4,0,-800,-155,2983(279.101)[I]: [6],0,53,78,5,0,-359,9903
(279.111)[I]: [5],0,3,4,0,-770,-116,2872(279.111)[I]: [6],0,56,79,5,0,-359,9903
(279.121)[I]: [5],0,3,4,0,-738,-64,2768(279.121)[I]: [6],0,55,79,5,0,-359,9903
(279.131)[I]: [5],0,3,4,0,-704,2,2668(279.131)[I]: [6],0,58,80,5,0,-359,9903
(279.141)[I]: [5],0,3,4,0,-670,73,2570(279.141)[I]: [6],0,58,80,5,0,-360,9903
(279.151)[I]: [5],0,3,4,0,-638,143,2473(279.151)[I]: [6],0,57,80,6,0,-360,9903
(279.161)[I]: [5],0,3,4,0,-607,204,2380(279.161)[I]: [6],0,59,79,6,0,-360,9903
(279.171)[I]: [5],0,3,4,0,-578,250,2292(279.171)[I]: [6],0,58,78,6,0,-359,9903
(279.181)[I]: [5],0,3,4,0,-553,282,2214(279.181)[I]: [6],0,57,77,7,0,-359,9903
(279.191)[I]: [5],0,3,4,0,-531,299,2139(279.191)[I]: [6],0,58,75,8,0,-359,9903
(279.201)[I]: [5],0,3,4,0,-511,302,2067(279.201)[I]: [6],0,58,74,9,0,-359,9903
(279.211)[I]: [5],0,2,4,0,-492,296,1996(279.211)[I]: [6],0,59,71,10,0,-359,9903
(279.221)[I]: [5],0,3,4,0,-473,283,1923(279.221)[I]: [6],0,61,66,11,0,-360,9903
(279.231)[I]: [5],0,3,4,0,-451,261,1846(279.231)[I]: [6],0,61,61,12,0,-360,9903
(279.241)[I]: [5],0,3,0,0,-426,228,1765(279.241)[I]: [6],0,61,59,14,0,-360,9903
(279.251)[I]: [5],0,4,0,0,-395,187,1679(279.251)[I]: [6],0,60,55,13,0,-361,9903
(279.261)[I]: [5],0,4,0,0,-357,142,1592(279.261)[I]: [6],0,59,53,15,0,-360,9903
(279.271)[I]: [5],0,5,0,0,-312,102,1508(279.271)[I]: [6],0,59,50,15,0,-360,9903
(279.281)[I]: [5],0,5,4,0,-258,71,1433(279.281)[I]: [6],0,60,47,15,0,-360,9903
(279.291)[I]: [5],0,4,4,0,-199,49,1370(279.291)[I]: [6],0,59,43,15,0,-360,9903
(279.301)[I]: [5],0,5,0,0,-136,37,1322(279.301)[I]: [6],0,60,42,15,0,-360,9903
(279.311)[I]: [5],0,5,0,0,-71,35,1289(279.311)[I]: [6],0,59,38,15,0,-360,9903
(279.321)[I]: [5],0,5,0,0,-9,42,1269(279.321)[I]: [6],0,60,37,17,0,-360,9903
(279.331)[I]: [5],0,4,0,0,47,57,1258(279.331)[I]: [6],0,60,35,16,0,-361,9903
(279.341)[I]: [5],0,5,0,0,97,76,1254(279.341)[I]: [6],0,60,36,17,0,-361,9903
(279.351)[I]: [5],0,4,0,0,139,96,1253(279.351)[I]: [6],0,60,37,15,0,-361,9903
(279.361)[I]: [5],0,4,0,0,174,117,1254(279.361)[I]: [6],0,63,38,14,0,-361,9903
(279.371)[I]: [5],0,4,0,0,203,133,1258(279.371)[I]: [6],0,67,39,13,0,-361,9903
(279.381)[I]: [5],0,4,0,0,226,143,1265(279.381)[I]: [6],0,69,41,12,0,-361,9903
(279.391)[I]: [5],0,4,0,0,246,146,1277(279.391)[I]: [6],0,69,42,11,0,-361,9903
(279.401)[I]: [5],0,4,0,0,263,142,1295(279.401)[I]: [6],0,69,44,10,0,-361,9903
(279.411)[I]: [5],0,4,0,0,277,133,1319(279.411)[I]: [6],0,71,44,7,0,-362,9903
(279.421)[I]: [5],0,4,0,0,290,123,1349(279.421)[I]: [6],0,72,46,6,0,-361,9903
(279.431)[I]: [5],0,4,0,0,301,114,1382(279.431)[I]: [6],0,78,50,7,0,-361,9903
(279.441)[I]: [5],0,4,0,0,309,106,1417(279.441)[I]: [6],1,77,51,6,0,-361,9903
(279.451)[I]: [5],0,4,0,0,314,102,1454(279.451)[I]: [6],2,79,52,6,0,-362,9903
(279.461)[I]: [5],0,4,0,0,318,103,1495(279.461)[I]: [6],3,83,54,6,0,-364,9903
(279.471)[I]: [5],0,3,0,0,318,107,1539(279.471)[I]: [6],3,89,56,6,0,-365,9903
(279.481)[I]: [5],0,4,4,0,316,112,1589(279.481)[I]: [6],6,93,60,5,0,-364,9903
(279.491)[I]: [5],0,4,4,0,312,117,1644(279.491)[I]: [6],4,96,62,5,0,-365,9900
(279.501)[I]: [5],0,3,4,0,307,119,1706(279.501)[I]: [6],5,100,68,4,1,-367,9894
(279.511)[I]: [5],0,3,4,0,301,115,1772(279.511)[I]: [6],6,102,70,5,2,-369,9888
(279.521)[I]: [5],0,3,4,0,295,107,1839(279.521)[I]: [6],5,106,69,4,2,-370,9881
(279.531)[I]: [5],0,3,4,0,288,96,1903(279.531)[I]: [6],7,110,71,4,2,-372,9873
(279.541)[I]: [5],0,4,8,0,281,83,1966(279.541)[I]: [6],7,120,70,5,3,-374,9863
(279.551)[I]: [5],0,3,4,0,274,70,2035(279.551)[I]: [6],9,120,72,3,4,-378,9855
(279.561)[I]: [5],0,4,4,0,263,55,2119(279.561)[I]: [6],7,127,72,3,5,-382,9849
(279.571)[I]: [5],0,5,4,0,245,36,2228(279.571)[I]: [6],7,133,74,3,5,-383,9849
(279.581)[I]: [5],0,5,4,0,218,12,2363(279.581)[I]: [6],7,136,75,3,5,-383,9849
(279.591)[I]: [5],0,3,4,0,186,-2,2516(279.591)[I]: [6],8,138,71,3,5,-383,9849
(279.601)[I]: [5],0,2,4,0,155,-5,2669(279.601)[I]: [6],8,143,76,3,5,-383,9849
(279.611)[I]: [5],0,2,4,0,131,5,2806(279.611)[I]: [6],8,145,77,3,5,-386,9844
(279.621)[I]: [5],0,2,4,0,123,24,2923(279.621)[I]: [6],8,149,75,3,5,-391,9838
(279.631)[I]: [5],0,2,8,0,130,49,3027(279.631)[I]: [6],9,153,76,3,6,-397,9827
(279.641)[I]: [5],0,3,12,0,145,82,3124(279.641)[I]: [6],9,156,74,3,8,-409,9809
(279.651)[I]: [5],0,3,12,0,167,68,3087(279.651)[I]: [6],10,164,66,2,10,-435,9786
(279.661)[I]: [5],0,8,36,0,178,99,2931(279.661)[I]: [6],10,171,67,2,12,-495,9742
(279.671)[I]: [5],0,10,44,0,190,127,2865(279.672)[I]: [6],11,179,51,2,18,-574,9671
(279.681)[I]: [5],0,22,60,0,193,97,2803(279.681)[I]: [6],11,192,51,2,32,-628,9583
(279.691)[I]: [5],0,29,80,0,197,64,2696(279.692)[I]: [6],13,193,28,2,50,-659,9454
(279.701)[I]: [5],0,31,104,3,186,-18,2552(279.702)[I]: [6],15,174,13,2,74,-678,9288
(279.711)[I]: [5],2,38,124,9,186,-117,2525(279.712)[I]: [6],15,159,6,2,104,-685,9082
(279.721)[I]: [5],6,46,124,15,179,-158,2513(279.722)[I]: [6],18,123,1,1,123,-693,8846
(279.731)[I]: [5],7,55,124,17,177,-166,2507(279.732)[I]: [6],21,89,5,1,156,-678,8558
(279.741)[I]: [5],7,55,140,17,175,-168,2508(279.742)[I]: [6],21,61,3,1,208,-685,8251
(279.751)[I]: [5],10,50,144,17,177,-156,2510(279.752)[I]: [6],31,41,4,1,251,-726,7929
(279.761)[I]: [5],8,49,140,17,178,-141,2509(279.762)[I]: [6],47,30,3,1,288,-804,7607
(279.771)[I]: [5],11,48,140,19,179,-125,2505(279.772)[I]: [6],50,22,2,1,317,-884,7265
(279.781)[I]: [5],7,47,140,20,178,-118,2503(279.782)[I]: [6],38,16,2,1,370,-961,6932
(279.791)[I]: [5],5,39,148,21,177,-116,2499(279.792)[I]: [6],21,11,2,2,433,-1070,6587
(279.801)[I]: [5],7,35,148,30,175,-119,2490(279.802)[I]: [6],3,10,3,2,498,-1264,6314
(279.811)[I]: [5],6,35,144,33,173,-122,2484(279.812)[I]: [6],0,13,2,2,532,-1486,6239
(279.821)[I]: [5],6,35,144,33,171,-123,2484(279.822)[I]: [6],0,12,3,2,575,-1570,6251
(279.831)[I]: [5],7,35,148,32,170,-125,2484(279.832)[I]: [6],0,11,3,2,625,-1637,6321
(279.841)[I]: [5],5,33,148,30,168,-125,2484(279.842)[I]: [6],0,13,3,2,697,-1605,6417
(279.851)[I]: [5],3,33,144,26,166,-125,2484(279.852)[I]: [6],0,13,3,2,783,-1536,6536
(279.861)[I]: [5],4,34,144,24,165,-125,2484(279.862)[I]: [6],0,12,3,2,876,-1457,6660
(279.871)[I]: [5],4,34,148,20,163,-125,2484(279.872)[I]: [6],0,12,2,2,951,-1394,6790
(279.881)[I]: [5],5,29,148,19,161,-125,2484(279.882)[I]: [6],0,11,3,2,1010,-1354,6928
(279.891)[I]: [5],5,27,148,17,160,-125,2484(279.892)[I]: [6],0,12,3,2,1042,-1335,7073
(279.901)[I]: [5],4,27,148,17,158,-124,2484(279.902)[I]: [6],0,11,3,2,1056,-1324,7221
(279.911)[I]: [5],4,28,148,16,156,-123,2484(279.912)[I]: [6],0,11,3,2,1055,-1303,7365
(279.921)[I]: [5],4,27,152,17,155,-122,2484(279.922)[I]: [6],0,11,3,2,1047,-1264,7508
(279.931)[I]: [5],4,27,152,17,153,-122,2484(279.932)[I]: [6],0,10,3,2,1032,-1205,7647
(279.941)[I]: [5],4,27,156,16,152,-122,2484(279.942)[I]: [6],0,11,3,2,1009,-1133,7780
(279.951)[I]: [5],4,28,156,15,150,-122,2484(279.952)[I]: [6],0,10,3,2,982,-1052,7896
(279.961)[I]: [5],4,29,156,14,149,-122,2484(279.962)[I]: [6],0,10,3,2,951,-970,7992
(279.971)[I]: [5],5,30,156,14,147,-122,2484(279.972)[I]: [6],0,10,3,2,923,-887,8060
(279.981)[I]: [5],5,31,156,13,146,-123,2484(279.982)[I]: [6],0,10,2,2,900,-803,8098
(279.991)[I]: [5],5,33,156,10,144,-123,2484(279.992)[I]: [6],0,10,2,2,889,-715,8102
(279.999)[I]: [5],6,35,160,10,143,-123,2484(279.999)[I]: [6],0,9,2,2,893,-618,8072
(279.999)[I]: [5],7,35,156,11,141,-123,2484(279.999)[I]: [6],0,9,2,2,909,-514,8019
(279.999)[I]: [5],8,35,156,10,140,-124,2484(279.999)[I]: [6],0,8,2,2,934,-401,7957
(280.007)[I]: [5],9,37,160,10,139,-128,2488(280.008)[I]: [6],0,8,1,2,964,-278,7900
(280.017)[I]: [5],10,38,156,10,137,-134,2492(280.018)[I]: [6],0,8,1,2,994,-147,7857
(280.027)[I]: [5],12,41,156,6,136,-140,2497(280.028)[I]: [6],0,7,0,2,1014,-12,7835
(280.037)[I]: [5],14,41,156,6,134,-147,2502(280.038)[I]: [6],0,7,0,2,1016,119,7840
(280.047)[I]: [5],15,41,156,6,132,-154,2507(280.048)[I]: [6],0,7,0,2,997,239,7875
(280.057)[I]: [5],18,43,152,6,131,-159,2512(280.058)[I]: [6],0,7,0,2,957,331,7943
(280.067)[I]: [5],18,46,152,5,129,-161,2512(280.068)[I]: [6],0,8,0,2,892,390,8036
(280.077)[I]: [5],21,46,152,5,128,-162,2512(280.078)[I]: [6],0,9,0,1,812,416,8142
(280.087)[I]: [5],22,47,152,5,127,-164,2512(280.088)[I]: [6],0,9,0,1,716,407,8246
(280.097)[I]: [5],23,51,152,5,126,-163,2515(280.098)[I]: [6],0,10,1,1,618,372,8337
(280.107)[I]: [5],24,51,152,4,125,-160,2523(280.108)[I]: [6],0,11,0,1,523,313,8406
(280.117)[I]: [5],27,53,156,4,125,-158,2530(280.118)[I]: [6],0,11,1,1,441,248,8452
(280.127)[I]: [5],28,55,156,4,124,-158,2530(280.128)[I]: [6],0,10,2,1,373,189,8477
(280.137)[I]: [5],30,57,160,5,122,-158,2530(280.138)[I]: [6],0,11,2,2,324,144,8490
(280.147)[I]: [5],30,57,160,5,122,-160,2523(280.148)[I]: [6],0,13,2,2,294,119,8498
(280.157)[I]: [5],26,56,160,8,121,-160,2514(280.158)[I]: [6],0,10,2,2,286,118,8508
(280.167)[I]: [5],24,54,160,8,121,-157,2504(280.168)[I]: [6],0,11,2,2,296,141,8527
(280.177)[I]: [5],22,50,160,9,120,-153,2496(280.178)[I]: [6],0,11,2,2,321,188,8553
(280.187)[I]: [5],20,47,160,10,119,-151,2493(280.188)[I]: [6],0,12,2,2,356,247,8587
(280.197)[I]: [5],21,44,160,10,118,-151,2493(280.198)[I]: [6],0,11,2,2,395,311,8624
(280.207)[I]: [5],22,47,164,8,117,-150,2493(280.208)[I]: [6],0,13,2,2,437,371,8660
(280.217)[I]: [5],26,49,168,8,116,-153,2499(280.218)[I]: [6],0,13,2,2,476,421,8693
(280.227)[I]: [5],29,52,172,7,115,-154,2499(280.228)[I]: [6],0,12,2,2,513,456,8724
(280.237)[I]: [5],31,55,184,7,114,-154,2499(280.238)[I]: [6],0,13,2,2,543,472,8751
(280.247)[I]: [5],34,59,188,7,113,-155,2499(280.248)[I]: [6],0,12,1,2,568,476,8774
(280.257)[I]: [5],38,60,192,7,112,-156,2499(280.258)[I]: [6],0,11,2,2,588,479,8787
(280.267)[I]: [5],38,63,196,7,110,-156,2499(280.268)[I]: [6],0,11,2,2,602,489,8786
(280.277)[I]: [5],39,63,204,6,109,-156,2499(280.278)[I]: [6],0,11,2,1,611,506,8771
(280.287)[I]: [5],42,68,208,6,108,-157,2507(280.288)[I]: [6],0,11,2,1,616,527,8745
(280.297)[I]: [5],45,70,208,6,107,-159,2515(280.298)[I]: [6],0,12,2,1,619,547,8709
(280.307)[I]: [5],51,75,216,6,105,-163,2524(280.308)[I]: [6],0,11,2,1,619,563,8669
(280.317)[I]: [5],54,80,224,4,103,-167,2534(280.318)[I]: [6],0,11,2,1,619,571,8630
(280.327)[I]: [5],62,89,232,5,101,-171,2549(280.328)[I]: [6],0,10,2,1,616,570,8594
(280.337)[I]: [5],74,99,240,3,99,-177,2567(280.338)[I]: [6],0,11,2,1,610,559,8560
(280.347)[I]: [5],85,104,244,2,96,-183,2592(280.348)[I]: [6],0,10,3,2,622,541,8541
(280.357)[I]: [5],95,111,248,0,93,-190,2622(280.358)[I]: [6],0,10,3,1,554,361,8732
(280.367)[I]: [5],103,123,248,0,89,-205,2669(280.368)[I]: [6],0,14,2,1,502,235,8984
(280.377)[I]: [5],107,130,248,0,84,-240,2731(280.378)[I]: [6],0,27,3,1,467,170,9169
(280.387)[I]: [5],111,136,224,0,76,-263,2829(280.388)[I]: [6],0,31,12,1,467,138,9372
(280.397)[I]: [5],111,143,168,0,66,-272,2977(280.398)[I]: [6],0,31,19,1,484,109,9540
(280.407)[I]: [5],114,142,124,0,62,-287,3172(280.408)[I]: [6],0,50,28,1,483,37,9671
(280.417)[I]: [5],119,123,88,0,62,-293,3427(280.418)[I]: [6],0,55,34,1,479,-31,9737
(280.427)[I]: [5],125,103,64,0,71,-279,3733(280.428)[I]: [6],0,69,43,1,481,-103,9783
(280.437)[I]: [5],115,71,52,0,77,-264,4073(280.438)[I]: [6],0,73,46,3,472,-254,9815
(280.447)[I]: [5],118,40,48,0,74,-263,4447(280.448)[I]: [6],1,69,56,4,460,-258,9820
(280.457)[I]: [5],120,27,36,0,61,-292,4836(280.458)[I]: [6],0,68,58,7,471,-245,9836
(280.467)[I]: [5],111,19,40,0,45,-348,5235(280.468)[I]: [6],1,69,57,11,474,-252,9845
(280.477)[I]: [5],80,12,24,0,20,-412,5632(280.478)[I]: [6],1,63,60,11,469,-250,9845
(280.487)[I]: [5],69,7,20,0,-14,-475,6006(280.488)[I]: [6],0,68,60,11,464,-251,9846
(280.497)[I]: [5],63,5,16,0,-31,-546,6365(280.498)[I]: [6],0,66,57,14,460,-251,9846
(280.507)[I]: [5],42,3,8,0,-73,-613,6726(280.507)[I]: [6],1,63,56,17,455,-250,9846
(280.517)[I]: [5],27,4,12,0,-107,-781,6979(280.518)[I]: [6],0,61,52,17,451,-249,9846
(280.527)[I]: [5],6,3,4,0,-127,-933,7071(280.527)[I]: [6],0,60,47,17,446,-249,9847
(280.537)[I]: [5],0,3,8,0,-152,-1010,7062(280.537)[I]: [6],0,59,44,17,442,-249,9847
(280.547)[I]: [5],0,4,8,0,-196,-1080,6992(280.547)[I]: [6],0,63,40,17,437,-249,9847
(280.557)[I]: [5],3,3,8,0,-258,-1106,6883(280.557)[I]: [6],0,63,40,17,433,-250,9848
(280.567)[I]: [5],3,2,8,0,-336,-1119,6727(280.568)[I]: [6],0,63,38,18,429,-251,9848
(280.577)[I]: [5],1,2,4,0,-417,-1143,6544(280.578)[I]: [6],0,63,36,18,424,-252,9848
(280.587)[I]: [5],1,2,8,0,-493,-1176,6355(280.588)[I]: [6],0,63,34,17,420,-253,9849
(280.597)[I]: [5],0,1,4,0,-557,-1223,6165(280.598)[I]: [6],0,61,30,17,416,-254,9849
(280.607)[I]: [5],1,2,4,0,-609,-1275,5979(280.608)[I]: [6],0,61,28,17,412,-254,9849
(280.617)[I]: [5],2,2,4,0,-645,-1317,5805(280.618)[I]: [6],0,58,29,18,408,-254,9849
(280.627)[I]: [5],1,2,4,0,-670,-1335,5650(280.628)[I]: [6],0,54,27,20,404,-255,9850
(280.637)[I]: [5],0,2,4,0,-683,-1325,5508(280.637)[I]: [6],0,54,27,21,400,-255,9850
(280.647)[I]: [5],0,2,4,0,-686,-1289,5369(280.647)[I]: [6],0,52,24,23,396,-256,9850
(280.657)[I]: [5],0,2,8,0,-684,-1237,5232(280.657)[I]: [6],0,51,22,26,392,-257,9850
(280.667)[I]: [5],0,2,4,0,-681,-1174,5101(280.667)[I]: [6],0,49,24,27,388,-256,9851
(280.677)[I]: [5],0,2,4,0,-681,-1109,4968(280.677)[I]: [6],0,48,22,28,384,-256,9851
(280.687)[I]: [5],0,2,4,0,-690,-1045,4818(280.687)[I]: [6],0,47,22,28,380,-256,9851
(280.697)[I]: [5],0,2,4,0,-712,-987,4648(280.697)[I]: [6],0,47,21,27,376,-256,9851
(280.707)[I]: [5],0,2,4,0,-752,-927,4460(280.707)[I]: [6],0,50,20,27,372,-257,9852
(280.717)[I]: [5],0,2,4,0,-809,-859,4269(280.717)[I]: [6],0,50,20,26,369,-257,9852
(280.727)[I]: [5],0,2,4,0,-880,-780,4094(280.727)[I]: [6],0,49,21,26,365,-258,9852
(280.737)[I]: [5],0,3,4,0,-959,-694,3954(280.737)[I]: [6],0,49,22,27,361,-258,9852
(280.747)[I]: [5],0,4,4,0,-1040,-608,3859(280.747)[I]: [6],0,50,21,28,358,-258,9853
(280.757)[I]: [5],0,3,4,0,-1115,-532,3801(280.757)[I]: [6],0,53,20,29,354,-259,9853
(280.767)[I]: [5],0,5,4,0,-1184,-470,3761(280.768)[I]: [6],0,54,20,31,351,-260,9853
(280.777)[I]: [5],0,5,4,0,-1250,-420,3719(280.777)[I]: [6],0,53,17,34,347,-260,9853
(280.787)[I]: [5],0,5,4,0,-1313,-367,3665(280.787)[I]: [6],0,54,18,35,344,-261,9854
(280.797)[I]: [5],0,5,4,0,-1368,-288,3602(280.798)[I]: [6],0,54,18,36,340,-262,9854
(280.807)[I]: [5],0,5,4,0,-1416,-174,3539(280.808)[I]: [6],0,56,16,35,337,-262,9854
(280.817)[I]: [5],0,5,4,0,-1453,-30,3481(280.817)[I]: [6],0,58,16,31,334,-263,9854
(280.827)[I]: [5],0,5,4,0,-1478,119,3422(280.827)[I]: [6],0,60,16,31,330,-263,9854
(280.837)[I]: [5],0,6,4,0,-1485,242,3361(280.837)[I]: [6],0,61,16,29,327,-263,9855
(280.847)[I]: [5],0,6,4,0,-1473,330,3300(280.847)[I]: [6],0,62,16,27,324,-263,9855
(280.857)[I]: [5],0,6,4,0,-1438,390,3245(280.857)[I]: [6],0,63,18,26,320,-263,9855
(280.867)[I]: [5],0,6,4,0,-1379,436,3204(280.867)[I]: [6],0,67,16,22,317,-264,9855
(280.877)[I]: [5],0,5,4,0,-1295,481,3177(280.877)[I]: [6],0,74,15,19,314,-264,9855
(280.887)[I]: [5],0,6,4,0,-1190,529,3160(280.887)[I]: [6],0,79,16,20,311,-265,9856
(280.897)[I]: [5],0,5,4,0,-1068,583,3153(280.897)[I]: [6],0,80,15,18,308,-265,9856
(280.907)[I]: [5],0,5,4,0,-937,636,3150(280.907)[I]: [6],0,87,17,18,305,-266,9856
(280.917)[I]: [5],0,6,8,0,-804,686,3151(280.917)[I]: [6],0,93,17,15,302,-266,9856
(280.927)[I]: [5],0,6,8,0,-674,737,3153(280.927)[I]: [6],0,99,18,12,299,-266,9856
(280.937)[I]: [5],0,4,8,0,-555,787,3159(280.937)[I]: [6],0,104,19,11,298,-266,9849
(280.947)[I]: [5],0,4,8,0,-445,835,3171(280.947)[I]: [6],1,110,18,7,297,-269,9841
(280.957)[I]: [5],0,4,8,0,-347,888,3188(280.957)[I]: [6],1,118,19,5,296,-272,9833
(280.967)[I]: [5],0,3,8,0,-259,944,3213(280.967)[I]: [6],2,124,26,5,295,-275,9826
(280.977)[I]: [5],0,4,4,0,-181,997,3248(280.977)[I]: [6],3,135,24,5,293,-276,9817
(280.987)[I]: [5],0,3,8,0,-114,1042,3289(280.987)[I]: [6],3,151,27,7,292,-278,9805
(280.997)[I]: [5],0,3,8,0,-57,1072,3336(280.997)[I]: [6],5,159,27,6,291,-283,9793
(280.999)[I]: [5],0,3,8,0,-9,1084,3390(280.999)[I]: [6],7,172,26,5,291,-288,9781
(280.999)[I]: [5],0,3,4,0,31,1081,3447(280.999)[I]: [6],6,182,29,5,291,-294,9770
(281.003)[I]: [5],0,3,4,0,64,1064,3505(281.003)[I]: [6],11,192,27,4,292,-302,9763
(281.013)[I]: [5],0,3,4,0,92,1039,3559(281.013)[I]: [6],10,206,26,3,286,-306,9760
(281.023)[I]: [5],0,3,4,0,118,1009,3606(281.023)[I]: [6],12,219,26,3,283,-306,9761
(281.033)[I]: [5],0,3,4,0,146,972,3646(281.033)[I]: [6],14,231,29,3,282,-308,9758
(281.043)[I]: [5],0,3,4,0,175,933,3686(281.043)[I]: [6],15,245,31,3,282,-312,9754
(281.053)[I]: [5],0,3,8,0,204,889,3735(281.053)[I]: [6],15,265,35,3,281,-317,9747
(281.063)[I]: [5],0,3,16,0,225,840,3796(281.063)[I]: [6],19,279,35,3,280,-327,9737
(281.073)[I]: [5],0,5,12,0,258,663,3712(281.073)[I]: [6],19,297,34,3,281,-353,9722
(281.083)[I]: [5],4,6,12,0,317,458,3522(281.083)[I]: [6],22,310,35,3,283,-394,9701
(281.093)[I]: [5],5,7,36,0,387,303,3353(281.093)[I]: [6],21,324,34,3,286,-448,9673
(281.103)[I]: [5],2,7,52,0,395,246,3095(281.104)[I]: [6],22,341,31,3,291,-514,9629
(281.113)[I]: [5],0,19,84,0,353,236,2912(281.114)[I]: [6],23,348,24,3,292,-592,9565
(281.123)[I]: [5],0,27,104,0,339,152,2706(281.124)[I]: [6],25,355,18,3,304,-616,9467
(281.133)[I]: [5],5,29,120,0,332,-21,2615(281.134)[I]: [6],26,343,14,3,318,-633,9327
(281.143)[I]: [5],4,36,124,0,326,-159,2653(281.144)[I]: [6],27,310,4,3,335,-652,9135
(281.153)[I]: [5],9,46,156,6,318,-256,2629(281.154)[I]: [6],30,249,1,3,357,-665,8895
(281.163)[I]: [5],11,45,148,10,314,-280,2607(281.164)[I]: [6],31,196,1,3,373,-675,8611
(281.173)[I]: [5],10,49,140,15,314,-285,2599(281.174)[I]: [6],35,124,3,3,418,-682,8275
(281.183)[I]: [5],9,43,144,15,314,-271,2594(281.184)[I]: [6],41,75,3,3,478,-718,7922
(281.193)[I]: [5],11,41,144,15,315,-252,2593(281.194)[I]: [6],52,51,3,3,526,-787,7550
(281.203)[I]: [5],9,38,124,17,316,-234,2593(281.204)[I]: [6],59,39,2,3,568,-862,7177
(281.213)[I]: [5],9,35,140,18,315,-220,2590(281.214)[I]: [6],45,20,2,3,629,-933,6813
(281.223)[I]: [5],7,31,124,23,314,-216,2583(281.224)[I]: [6],31,17,0,3,694,-1025,6434
(281.233)[I]: [5],7,31,124,33,312,-221,2573(281.234)[I]: [6],20,12,0,3,778,-1187,6099
(281.243)[I]: [5],6,29,120,46,309,-228,2565(281.244)[I]: [6],0,12,0,3,823,-1459,5972
(281.253)[I]: [5],6,27,116,62,307,-234,2556(281.254)[I]: [6],0,12,1,3,860,-1570,5949
(281.263)[I]: [5],5,25,116,69,304,-239,2550(281.264)[I]: [6],0,12,3,3,896,-1646,5978
(281.273)[I]: [5],5,23,108,69,302,-243,2544(281.274)[I]: [6],0,11,3,3,969,-1623,6029
(281.283)[I]: [5],6,23,108,69,299,-243,2545(281.284)[I]: [6],0,11,3,3,1062,-1519,6128
(281.293)[I]: [5],6,23,100,64,296,-244,2545(281.294)[I]: [6],0,11,3,3,1161,-1386,6248
(281.303)[I]: [5],5,22,96,60,293,-244,2545(281.304)[I]: [6],0,11,3,3,1239,-1254,6398
(281.313)[I]: [5],5,23,92,55,290,-244,2545(281.314)[I]: [6],0,12,3,3,1285,-1147,6569
(281.323)[I]: [5],5,23,92,50,287,-245,2545(281.324)[I]: [6],0,10,3,3,1296,-1071,6754
(281.333)[I]: [5],5,23,84,48,284,-244,2545(281.334)[I]: [6],0,10,3,3,1271,-1022,6940
(281.343)[I]: [5],5,23,88,48,282,-243,2545(281.344)[I]: [6],0,9,3,3,1216,-984,7125
(281.353)[I]: [5],6,23,84,43,279,-245,2544(281.354)[I]: [6],0,9,3,3,1140,-940,7305
(281.363)[I]: [5],6,23,76,41,276,-251,2541(281.364)[I]: [6],0,9,3,3,1055,-875,7477
(281.373)[I]: [5],6,24,68,40,273,-258,2538(281.374)[I]: [6],0,9,1,3,971,-784,7632
(281.383)[I]: [5],7,26,60,40,270,-266,2535(281.384)[I]: [6],0,8,3,3,900,-675,7758
(281.393)[I]: [5],7,28,60,38,268,-273,2533(281.394)[I]: [6],0,8,1,3,851,-557,7843
(281.403)[I]: [5],5,30,64,38,265,-273,2533(281.404)[I]: [6],0,8,1,3,829,-443,7880
(281.413)[I]: [5],5,31,60,38,263,-274,2533(281.414)[I]: [6],0,10,0,3,835,-340,7877
(281.423)[I]: [5],6,31,64,34,260,-275,2534(281.424)[I]: [6],0,8,1,3,864,-255,7854
(281.433)[I]: [5],6,35,60,30,257,-276,2534(281.434)[I]: [6],0,8,1,3,908,-185,7827
(281.443)[I]: [5],6,35,64,27,255,-276,2534(281.444)[I]: [6],0,9,1,3,952,-122,7808
(281.453)[I]: [5],7,39,64,25,252,-276,2534(281.454)[I]: [6],0,9,1,3,983,-55,7801
(281.463)[I]: [5],10,42,64,24,250,-277,2534(281.464)[I]: [6],0,9,1,3,993,21,7806
(281.473)[I]: [5],13,42,64,21,247,-277,2534(281.474)[I]: [6],0,9,1,3,981,121,7825
(281.483)[I]: [5],13,47,68,20,245,-278,2534(281.484)[I]: [6],0,8,1,2,945,216,7858
(281.493)[I]: [5],15,51,60,18,243,-281,2536(281.494)[I]: [6],0,7,1,2,893,305,7899
(281.503)[I]: [5],15,52,60,19,240,-282,2536(281.504)[I]: [6],0,9,1,2,828,378,7943
(281.513)[I]: [5],17,56,60,17,238,-283,2536(281.514)[I]: [6],0,9,0,2,751,423,7989
(281.523)[I]: [5],18,59,60,17,235,-282,2536(281.524)[I]: [6],0,11,0,2,665,440,8036
(281.533)[I]: [5],18,60,60,17,233,-283,2536(281.534)[I]: [6],0,10,0,2,572,430,8083
(281.543)[I]: [5],21,61,60,17,231,-284,2536(281.544)[I]: [6],0,12,0,3,480,403,8134
(281.553)[I]: [5],20,63,56,17,228,-285,2536(281.554)[I]: [6],0,15,0,3,396,375,8187
(281.563)[I]: [5],21,63,56,16,226,-285,2536(281.564)[I]: [6],0,15,1,3,325,352,8245
(281.573)[I]: [5],24,67,56,13,224,-286,2542(281.574)[I]: [6],0,13,1,3,271,337,8309
(281.583)[I]: [5],31,69,60,11,223,-288,2549(281.584)[I]: [6],0,13,2,3,236,326,8377
(281.593)[I]: [5],34,70,60,10,222,-289,2556(281.594)[I]: [6],0,14,2,3,215,317,8446
(281.603)[I]: [5],36,71,60,10,220,-290,2560(281.604)[I]: [6],0,12,2,3,205,316,8509
(281.613)[I]: [5],43,75,68,10,218,-290,2560(281.614)[I]: [6],0,13,2,3,200,328,8565
(281.623)[I]: [5],42,77,72,10,216,-291,2560(281.624)[I]: [6],0,12,2,3,198,356,8608
(281.633)[I]: [5],45,79,76,10,214,-292,2560(281.634)[I]: [6],0,12,2,3,196,395,8637
(281.643)[I]: [5],43,82,76,9,211,-292,2560(281.644)[I]: [6],0,13,2,3,195,445,8657
(281.653)[I]: [5],44,84,84,8,209,-292,2560(281.654)[I]: [6],0,15,1,3,196,496,8672
(281.663)[I]: [5],50,89,92,8,207,-291,2560(281.664)[I]: [6],0,15,1,3,203,538,8683
(281.673)[I]: [5],49,96,96,7,205,-291,2560(281.674)[I]: [6],0,15,2,3,217,568,8690
(281.683)[I]: [5],56,108,100,8,203,-293,2562(281.684)[I]: [6],0,15,1,3,239,590,8690
(281.693)[I]: [5],63,115,104,8,201,-293,2562(281.694)[I]: [6],0,16,1,3,269,608,8684
(281.703)[I]: [5],67,121,108,7,199,-294,2562(281.704)[I]: [6],0,16,1,3,307,625,8671
(281.713)[I]: [5],71,126,112,6,197,-295,2562(281.714)[I]: [6],0,15,1,3,349,642,8650
(281.723)[I]: [5],78,131,120,6,195,-297,2563(281.724)[I]: [6],0,15,1,3,393,655,8620
(281.733)[I]: [5],81,141,124,7,193,-296,2563(281.734)[I]: [6],0,15,1,3,436,661,8585
(281.743)[I]: [5],81,150,124,7,191,-299,2568(281.744)[I]: [6],0,15,1,3,477,663,8539
(281.753)[I]: [5],90,159,124,9,189,-303,2578(281.754)[I]: [6],0,15,1,3,514,660,8483
(281.763)[I]: [5],99,175,124,6,186,-309,2592(281.764)[I]: [6],0,15,1,3,546,658,8412
(281.773)[I]: [5],111,190,136,4,182,-321,2611(281.774)[I]: [6],0,15,0,3,567,661,8322
(281.783)[I]: [5],124,202,136,3,177,-337,2642(281.784)[I]: [6],0,12,1,3,555,661,8226
(281.793)[I]: [5],127,218,136,0,171,-368,2688(281.794)[I]: [6],0,13,6,2,527,535,8325
(281.803)[I]: [5],139,241,124,0,162,-426,2761(281.804)[I]: [6],0,14,5,2,415,329,8564
(281.813)[I]: [5],143,262,88,0,153,-506,2865(281.814)[I]: [6],0,20,8,2,334,281,8761
(281.823)[I]: [5],148,272,48,0,142,-541,3014(281.824)[I]: [6],0,26,15,2,297,296,8960
(281.833)[I]: [5],142,267,48,0,129,-568,3210(281.834)[I]: [6],0,37,41,2,295,318,9149
(281.843)[I]: [5],137,235,28,0,112,-568,3467(281.844)[I]: [6],0,42,68,2,300,304,9327
(281.853)[I]: [5],131,177,12,0,86,-552,3778(281.854)[I]: [6],0,49,86,2,290,244,9439
(281.863)[I]: [5],120,121,20,0,62,-573,4130(281.864)[I]: [6],0,56,98,2,294,163,9512
(281.873)[I]: [5],105,62,16,0,39,-638,4526(281.874)[I]: [6],0,63,101,2,287,-2,9517
(281.883)[I]: [5],104,29,12,0,-1,-709,4944(281.884)[I]: [6],0,63,115,2,298,-158,9591
(281.893)[I]: [5],78,15,12,0,-57,-786,5345(281.894)[I]: [6],0,63,113,5,335,-179,9644
(281.903)[I]: [5],47,10,8,0,-123,-855,5708(281.904)[I]: [6],0,69,107,7,344,-217,9661
(281.913)[I]: [5],28,7,8,0,-177,-929,6054(281.914)[I]: [6],0,72,109,10,325,-224,9673
(281.923)[I]: [5],19,8,8,0,-239,-1033,6381(281.924)[I]: [6],0,72,116,14,323,-228,9676
(281.933)[I]: [5],6,7,8,0,-295,-1218,6621(281.934)[I]: [6],0,66,117,11,321,-222,9678
(281.943)[I]: [5],0,3,4,0,-324,-1385,6701(281.943)[I]: [6],0,58,118,10,316,-215,9679
(281.953)[I]: [5],0,5,4,0,-353,-1482,6708(281.953)[I]: [6],0,55,122,7,313,-209,9678
(281.963)[I]: [5],2,3,4,0,-369,-1550,6649(281.964)[I]: [6],0,54,124,6,310,-205,9677
(281.973)[I]: [5],1,3,4,0,-396,-1527,6531(281.974)[I]: [6],0,53,126,6,307,-204,9677
(281.983)[I]: [5],1,3,4,0,-432,-1473,6381(281.984)[I]: [6],0,50,126,6,304,-204,9677
(281.993)[I]: [5],1,3,4,0,-474,-1404,6224(281.994)[I]: [6],0,47,125,6,301,-206,9677
(281.999)[I]: [5],0,3,4,0,-515,-1347,6064(281.999)[I]: [6],0,47,124,5,298,-207,9677
(281.999)[I]: [5],0,2,4,0,-553,-1310,5909(281.999)[I]: [6],0,44,122,5,295,-209,9677
(281.999)[I]: [5],1,2,4,0,-587,-1291,5764(282.000)[I]: [6],0,42,121,5,292,-211,9678
(282.009)[I]: [5],1,3,4,0,-613,-1281,5624(282.009)[I]: [6],0,37,120,5,289,-212,9678
(282.019)[I]: [5],1,2,4,0,-632,-1276,5487(282.019)[I]: [6],0,31,121,5,286,-213,9678
(282.029)[I]: [5],1,2,4,0,-650,-1257,5351(282.029)[I]: [6],0,31,121,5,283,-213,9678
(282.039)[I]: [5],0,2,4,0,-666,-1224,5213(282.039)[I]: [6],0,30,120,5,280,-213,9678
(282.049)[I]: [5],0,2,4,0,-686,-1173,5068(282.049)[I]: [6],0,29,120,5,277,-214,9679
(282.059)[I]: [5],0,2,4,0,-711,-1107,4910(282.059)[I]: [6],0,31,118,4,275,-215,9679
(282.069)[I]: [5],0,3,4,0,-743,-1035,4740(282.069)[I]: [6],0,31,118,5,272,-217,9679
(282.079)[I]: [5],0,3,4,0,-780,-961,4559(282.079)[I]: [6],0,31,118,5,269,-218,9679
(282.089)[I]: [5],0,3,4,0,-820,-883,4377(282.089)[I]: [6],0,31,118,5,267,-219,9679
(282.099)[I]: [5],0,3,4,0,-863,-803,4204(282.099)[I]: [6],0,31,118,6,264,-220,9679
(282.109)[I]: [5],0,3,4,0,-909,-726,4055(282.109)[I]: [6],0,34,118,7,261,-221,9680
(282.119)[I]: [5],0,3,4,0,-954,-654,3939(282.119)[I]: [6],0,34,117,7,259,-223,9680
(282.129)[I]: [5],0,3,4,0,-994,-586,3865(282.129)[I]: [6],0,34,116,7,256,-224,9680
(282.139)[I]: [5],0,4,4,0,-1024,-519,3829(282.140)[I]: [6],0,34,115,7,253,-225,9680
(282.149)[I]: [5],0,5,4,0,-1043,-445,3819(282.149)[I]: [6],0,34,114,7,251,-226,9680
(282.159)[I]: [5],0,6,4,0,-1049,-368,3812(282.160)[I]: [6],0,34,114,7,248,-226,9680
(282.169)[I]: [5],0,6,4,0,-1046,-295,3796(282.169)[I]: [6],0,34,112,7,246,-227,9680
(282.179)[I]: [5],0,5,4,0,-1037,-221,3769(282.180)[I]: [6],0,34,110,7,244,-227,9681
(282.189)[I]: [5],0,5,4,0,-1022,-133,3729(282.189)[I]: [6],0,34,109,8,241,-228,9681
(282.199)[I]: [5],0,5,4,0,-1007,-28,3675(282.199)[I]: [6],0,34,107,9,239,-230,9681
(282.209)[I]: [5],0,6,4,0,-995,89,3606(282.209)[I]: [6],0,34,103,11,236,-230,9681
(282.219)[I]: [5],0,7,4,0,-987,213,3529(282.219)[I]: [6],0,34,100,10,234,-230,9681
(282.229)[I]: [5],0,7,4,0,-981,335,3456(282.229)[I]: [6],0,35,99,10,232,-231,9681
(282.239)[I]: [5],0,7,0,0,-970,447,3397(282.239)[I]: [6],0,35,96,10,232,-229,9682
(282.249)[I]: [5],0,7,0,0,-952,541,3354(282.249)[I]: [6],0,35,94,9,230,-232,9682
(282.259)[I]: [5],0,6,0,0,-917,603,3323(282.259)[I]: [6],0,35,91,9,227,-232,9682
(282.269)[I]: [5],0,6,0,0,-859,629,3295(282.269)[I]: [6],0,36,90,8,225,-233,9682
(282.279)[I]: [5],0,6,4,0,-780,630,3267(282.279)[I]: [6],0,36,88,7,223,-234,9682
(282.289)[I]: [5],0,6,4,0,-682,623,3232(282.289)[I]: [6],0,38,85,8,221,-235,9683
(282.299)[I]: [5],0,6,4,0,-568,619,3193(282.299)[I]: [6],0,38,83,9,218,-236,9683
(282.309)[I]: [5],0,6,4,0,-448,642,3157(282.309)[I]: [6],0,38,81,9,216,-237,9683
(282.319)[I]: [5],0,5,4,0,-334,691,3130(282.319)[I]: [6],0,39,79,9,214,-238,9683
(282.329)[I]: [5],0,5,4,0,-234,742,3117(282.329)[I]: [6],0,39,79,8,212,-239,9683
(282.339)[I]: [5],0,5,4,0,-150,780,3122(282.339)[I]: [6],0,39,78,7,210,-239,9683
(282.349)[I]: [5],0,5,4,0,-85,797,3144(282.349)[I]: [6],0,43,80,7,208,-239,9683
(282.359)[I]: [5],0,5,4,0,-37,797,3180(282.359)[I]: [6],0,51,84,7,206,-243,9675
(282.369)[I]: [5],0,5,4,0,-2,789,3222(282.369)[I]: [6],0,56,87,7,205,-247,9666
(282.379)[I]: [5],0,3,4,0,22,782,3267(282.379)[I]: [6],0,56,91,6,205,-251,9657
(282.389)[I]: [5],0,3,4,0,43,780,3312(282.389)[I]: [6],0,60,91,6,205,-254,9649
(282.399)[I]: [5],0,3,0,0,61,785,3355(282.399)[I]: [6],0,63,93,5,205,-257,9642
(282.409)[I]: [5],0,3,4,0,80,794,3399(282.409)[I]: [6],0,67,94,5,206,-261,9637
(282.419)[I]: [5],0,3,4,0,97,797,3448(282.419)[I]: [6],1,73,97,5,207,-265,9632
(282.429)[I]: [5],0,3,4,0,112,790,3502(282.429)[I]: [6],1,74,101,4,206,-268,9627
(282.439)[I]: [5],0,3,4,0,128,772,3562(282.439)[I]: [6],2,85,105,4,206,-271,9620
(282.449)[I]: [5],0,3,4,0,144,742,3629(282.449)[I]: [6],3,91,105,4,207,-271,9612
(282.459)[I]: [5],0,3,4,0,163,709,3707(282.459)[I]: [6],4,97,108,3,205,-275,9604
(282.469)[I]: [5],0,3,4,0,188,676,3798(282.469)[I]: [6],5,105,112,4,207,-282,9594
(282.479)[I]: [5],3,3,12,0,203,614,3861(282.480)[I]: [6],7,113,109,3,208,-293,9581
(282.489)[I]: [5],5,2,16,0,248,389,3714(282.490)[I]: [6],9,126,105,3,209,-303,9566
(282.499)[I]: [5],5,7,0,0,324,218,3470(282.499)[I]: [6],10,135,106,3,210,-317,9549
(282.509)[I]: [5],5,7,28,0,350,242,3373(282.510)[I]: [6],12,142,98,3,212,-337,9530
(282.519)[I]: [5],4,17,44,0,325,262,3311(282.520)[I]: [6],13,158,97,3,216,-399,9488
(282.529)[I]: [5],6,19,60,1,299,180,3243(282.530)[I]: [6],14,169,75,2,220,-479,9410
(282.539)[I]: [5],5,28,96,0,267,118,3118(282.540)[I]: [6],18,179,57,2,235,-504,9287
(282.549)[I]: [5],6,31,104,0,234,91,2979(282.550)[I]: [6],16,184,31,2,248,-522,9115
(282.559)[I]: [5],7,37,140,0,221,53,2878(282.560)[I]: [6],24,188,15,2,265,-522,8901
(282.569)[I]: [5],9,46,144,0,218,1,2801(282.570)[I]: [6],29,151,10,2,282,-521,8664
(282.579)[I]: [5],11,46,136,4,208,-130,2711(282.580)[I]: [6],27,127,3,2,299,-505,8392
(282.589)[I]: [5],12,50,124,12,202,-171,2626(282.590)[I]: [6],31,92,4,2,329,-492,8082
(282.599)[I]: [5],10,47,124,19,201,-184,2574(282.600)[I]: [6],37,69,4,2,376,-492,7752
(282.609)[I]: [5],11,44,120,20,200,-175,2551(282.610)[I]: [6],56,46,2,2,423,-540,7408
(282.619)[I]: [5],10,43,116,24,200,-167,2539(282.620)[I]: [6],71,31,4,2,450,-639,7057
(282.629)[I]: [5],13,44,120,27,201,-162,2535(282.630)[I]: [6],63,22,1,2,471,-728,6704
(282.639)[I]: [5],14,45,120,28,199,-161,2535(282.640)[I]: [6],51,21,2,2,509,-820,6357
(282.649)[I]: [5],14,47,120,28,197,-159,2535(282.650)[I]: [6],35,11,2,2,560,-940,6007
(282.659)[I]: [5],15,44,120,28,195,-158,2535(282.660)[I]: [6],17,9,2,2,614,-1152,5738
(282.669)[I]: [5],15,42,116,28,193,-158,2535(282.670)[I]: [6],1,9,2,2,629,-1391,5664
(282.679)[I]: [5],15,42,120,28,191,-157,2535(282.680)[I]: [6],0,9,3,2,640,-1492,5675
(282.689)[I]: [5],14,44,120,25,189,-156,2535(282.690)[I]: [6],0,11,3,2,634,-1576,5738
(282.699)[I]: [5],13,45,116,25,187,-156,2535(282.700)[I]: [6],0,9,3,2,657,-1565,5825
(282.709)[I]: [5],13,44,112,25,185,-157,2535(282.710)[I]: [6],0,8,3,2,695,-1516,5964
(282.719)[I]: [5],12,43,108,24,183,-157,2535(282.720)[I]: [6],0,9,3,2,740,-1447,6123
(282.729)[I]: [5],10,40,92,24,181,-157,2535(282.730)[I]: [6],0,9,3,2,780,-1385,6300
(282.739)[I]: [5],9,37,92,24,180,-157,2535(282.740)[I]: [6],0,9,3,2,809,-1339,6482
(282.749)[I]: [5],7,35,80,26,178,-158,2533(282.750)[I]: [6],0,9,3,2,813,-1311,6669
(282.759)[I]: [5],6,33,76,28,175,-161,2528(282.760)[I]: [6],0,8,3,2,799,-1291,6857
(282.769)[I]: [5],5,31,68,30,173,-163,2522(282.770)[I]: [6],0,9,3,2,766,-1271,7048
(282.779)[I]: [5],6,28,56,31,171,-165,2515(282.780)[I]: [6],0,9,3,2,718,-1248,7240
(282.789)[I]: [5],5,29,52,32,168,-167,2511(282.790)[I]: [6],0,9,3,2,661,-1211,7424
(282.799)[I]: [5],6,31,56,33,167,-170,2510(282.800)[I]: [6],0,9,3,2,602,-1157,7589
(282.809)[I]: [5],5,34,52,34,164,-175,2506(282.810)[I]: [6],0,9,3,2,548,-1088,7730
(282.819)[I]: [5],5,33,52,40,162,-175,2506(282.820)[I]: [6],0,9,3,2,504,-1012,7836
(282.829)[I]: [5],6,35,52,43,159,-178,2502(282.830)[I]: [6],0,9,2,2,474,-933,7896
(282.839)[I]: [5],5,36,56,44,158,-178,2502(282.840)[I]: [6],0,10,2,2,462,-854,7904
(282.849)[I]: [5],5,37,56,46,156,-179,2502(282.850)[I]: [6],0,10,2,2,471,-775,7868
(282.859)[I]: [5],6,36,56,46,154,-179,2503(282.860)[I]: [6],0,11,2,2,498,-694,7806
(282.869)[I]: [5],6,38,60,46,153,-179,2503(282.870)[I]: [6],0,11,0,2,531,-609,7742
(282.879)[I]: [5],5,38,60,46,151,-179,2503(282.880)[I]: [6],0,10,0,2,563,-514,7689
(282.889)[I]: [5],5,38,48,44,150,-179,2503(282.890)[I]: [6],0,11,0,2,586,-411,7658
(282.899)[I]: [5],4,39,52,35,148,-179,2503(282.900)[I]: [6],0,11,1,2,589,-290,7651
(282.909)[I]: [5],5,41,52,30,147,-180,2503(282.910)[I]: [6],0,12,0,2,570,-166,7673
(282.919)[I]: [5],6,43,60,28,145,-181,2503(282.920)[I]: [6],0,10,0,2,533,-57,7726
(282.929)[I]: [5],6,44,56,25,144,-182,2503(282.930)[I]: [6],0,11,1,2,476,38,7803
(282.939)[I]: [5],7,45,56,24,143,-183,2503(282.940)[I]: [6],0,10,0,2,407,109,7906
(282.949)[I]: [5],7,45,60,22,141,-184,2503(282.950)[I]: [6],0,11,1,2,333,150,8026
(282.959)[I]: [5],6,45,60,20,140,-184,2503(282.960)[I]: [6],0,11,1,2,263,168,8153
(282.969)[I]: [5],8,48,60,20,138,-185,2503(282.970)[I]: [6],0,11,1,2,208,173,8272
(282.979)[I]: [5],10,50,64,20,137,-186,2503(282.980)[I]: [6],0,11,1,2,173,168,8369
(282.989)[I]: [5],12,53,68,19,136,-187,2503(282.990)[I]: [6],0,11,1,2,155,155,8436
(282.999)[I]: [5],13,54,76,19,134,-188,2503(282.999)[I]: [6],0,11,1,2,152,140,8477
(282.999)[I]: [5],14,55,80,18,133,-187,2505(282.999)[I]: [6],0,12,2,2,156,127,8505
(282.999)[I]: [5],15,60,92,18,132,-185,2507(282.999)[I]: [6],0,11,3,2,163,122,8536
(283.005)[I]: [5],19,63,100,19,131,-182,2509(283.006)[I]: [6],0,11,2,2,167,126,8577
(283.015)[I]: [5],25,68,104,16,130,-183,2509(283.016)[I]: [6],0,11,3,2,167,148,8624
(283.025)[I]: [5],28,74,112,13,128,-183,2509(283.026)[I]: [6],0,10,3,2,164,185,8672
(283.035)[I]: [5],31,83,116,13,127,-185,2509(283.036)[I]: [6],0,11,2,2,157,240,8711
(283.045)[I]: [5],34,88,124,11,126,-185,2509(283.046)[I]: [6],0,11,2,2,146,305,8737
(283.055)[I]: [5],38,98,124,10,125,-185,2509(283.056)[I]: [6],0,11,2,2,138,368,8752
(283.065)[I]: [5],41,107,124,6,123,-186,2512(283.066)[I]: [6],0,12,2,2,138,414,8761
(283.075)[I]: [5],43,114,136,7,122,-189,2518(283.076)[I]: [6],0,12,2,2,145,440,8768
(283.085)[I]: [5],49,123,140,8,121,-193,2524(283.086)[I]: [6],0,12,2,2,161,458,8766
(283.095)[I]: [5],53,136,144,9,118,-196,2529(283.096)[I]: [6],0,12,2,2,184,480,8753
(283.105)[I]: [5],61,152,148,8,116,-200,2533(283.106)[I]: [6],0,12,3,2,210,511,8727
(283.115)[I]: [5],71,169,156,6,113,-206,2540(283.116)[I]: [6],0,11,3,2,236,548,8689
(283.125)[I]: [5],77,189,152,7,110,-214,2546(283.126)[I]: [6],0,12,2,2,262,584,8639
(283.135)[I]: [5],84,204,164,4,107,-225,2554(283.136)[I]: [6],0,12,2,2,284,619,8577
(283.145)[I]: [5],94,224,156,3,103,-238,2564(283.146)[I]: [6],0,11,1,2,302,648,8505
(283.155)[I]: [5],108,235,168,0,99,-254,2574(283.156)[I]: [6],0,9,2,2,318,665,8425
(283.165)[I]: [5],110,249,160,0,94,-268,2596(283.166)[I]: [6],0,16,4,2,343,623,8467
(283.175)[I]: [5],119,259,152,0,87,-301,2651(283.176)[I]: [6],0,20,4,1,306,532,8749
(283.185)[I]: [5],120,270,148,0,79,-362,2725(283.186)[I]: [6],0,27,9,2,286,507,8908
(283.195)[I]: [5],127,278,116,0,71,-415,2818(283.196)[I]: [6],0,36,17,2,285,479,9123
(283.205)[I]: [5],125,285,76,0,61,-453,2954(283.206)[I]: [6],0,41,34,1,291,448,9299
(283.215)[I]: [5],127,268,48,0,55,-502,3132(283.216)[I]: [6],0,48,43,1,308,404,9426
(283.225)[I]: [5],133,242,20,0,44,-520,3358(283.226)[I]: [6],0,56,50,1,305,330,9487
(283.235)[I]: [5],127,188,24,0,22,-516,3626(283.236)[I]: [6],0,61,59,2,306,255,9518
(283.245)[I]: [5],119,122,12,0,-5,-525,3931(283.246)[I]: [6],0,67,67,2,306,161,9569
(283.255)[I]: [5],116,89,20,0,-41,-565,4267(283.256)[I]: [6],0,62,70,3,323,48,9683
(283.265)[I]: [5],117,57,12,0,-79,-624,4615(283.266)[I]: [6],0,59,77,4,326,-60,9697
(283.275)[I]: [5],87,25,8,0,-137,-681,4971(283.276)[I]: [6],0,73,84,7,314,-95,9694
(283.285)[I]: [5],63,23,12,0,-224,-748,5322(283.286)[I]: [6],1,77,84,7,307,-114,9697
(283.295)[I]: [5],50,12,8,0,-284,-845,5663(283.296)[I]: [6],1,78,81,8,304,-121,9698
(283.305)[I]: [5],45,9,8,0,-363,-907,6006(283.306)[I]: [6],1,77,87,9,301,-122,9698
(283.315)[I]: [5],23,7,8,0,-446,-995,6301(283.316)[I]: [6],1,77,78,9,298,-123,9698
(283.325)[I]: [5],8,9,8,0,-524,-1129,6566(283.326)[I]: [6],1,79,71,10,295,-119,9702
(283.335)[I]: [5],1,5,4,0,-589,-1281,6722(283.335)[I]: [6],1,73,73,12,293,-115,9704
(283.345)[I]: [5],0,5,4,0,-651,-1370,6765(283.345)[I]: [6],1,67,69,11,291,-115,9707
(283.355)[I]: [5],0,3,4,0,-713,-1410,6766(283.355)[I]: [6],1,63,63,14,290,-118,9713
(283.365)[I]: [5],0,3,4,0,-767,-1394,6713(283.365)[I]: [6],0,63,57,14,289,-122,9719
(283.375)[I]: [5],1,4,4,0,-826,-1331,6635(283.376)[I]: [6],0,60,53,15,287,-126,9721
(283.385)[I]: [5],0,3,4,0,-879,-1270,6550(283.385)[I]: [6],0,60,47,15,284,-128,9721
(283.395)[I]: [5],0,3,4,0,-921,-1227,6453(283.395)[I]: [6],0,63,43,15,281,-129,9721
(283.405)[I]: [5],0,3,4,0,-949,-1219,6339(283.405)[I]: [6],0,66,44,15,279,-131,9722
(283.415)[I]: [5],0,3,4,0,-960,-1235,6213(283.415)[I]: [6],0,63,44,15,276,-131,9722
(283.425)[I]: [5],0,3,4,0,-961,-1266,6080(283.425)[I]: [6],0,63,42,15,273,-132,9722
(283.435)[I]: [5],0,3,4,0,-955,-1292,5943(283.435)[I]: [6],0,63,37,14,270,-132,9722
(283.445)[I]: [5],0,3,4,0,-946,-1302,5803(283.445)[I]: [6],0,63,36,15,268,-133,9722
(283.455)[I]: [5],0,3,4,0,-939,-1287,5661(283.455)[I]: [6],0,63,38,15,265,-133,9722
(283.465)[I]: [5],0,3,4,0,-937,-1243,5516(283.465)[I]: [6],0,63,39,15,262,-134,9722
(283.475)[I]: [5],0,3,4,0,-942,-1181,5373(283.475)[I]: [6],0,63,39,15,260,-135,9723
(283.485)[I]: [5],0,3,4,0,-955,-1114,5237(283.485)[I]: [6],0,63,39,14,257,-136,9723
(283.495)[I]: [5],0,3,4,0,-978,-1050,5113(283.496)[I]: [6],0,63,38,15,255,-136,9723
(283.505)[I]: [5],0,3,4,0,-1010,-992,5001(283.505)[I]: [6],0,66,39,14,252,-137,9723
(283.515)[I]: [5],0,3,4,0,-1050,-940,4898(283.515)[I]: [6],0,63,38,14,249,-138,9723
(283.525)[I]: [5],0,3,0,0,-1096,-894,4798(283.525)[I]: [6],0,63,37,12,247,-139,9723
(283.535)[I]: [5],0,4,0,0,-1149,-851,4699(283.535)[I]: [6],0,67,37,14,244,-140,9723
(283.545)[I]: [5],0,3,0,0,-1205,-812,4598(283.545)[I]: [6],0,70,38,15,242,-140,9723
(283.555)[I]: [5],0,3,4,0,-1263,-771,4499(283.555)[I]: [6],0,72,37,15,240,-141,9724
(283.565)[I]: [5],0,3,4,0,-1323,-721,4406(283.565)[I]: [6],0,72,35,14,237,-142,9724
(283.575)[I]: [5],0,3,0,0,-1378,-655,4321(283.575)[I]: [6],0,71,34,12,235,-143,9724
(283.585)[I]: [5],0,3,0,0,-1425,-573,4248(283.585)[I]: [6],0,73,35,15,233,-144,9724
(283.595)[I]: [5],0,5,0,0,-1465,-476,4181(283.595)[I]: [6],0,75,35,12,230,-145,9724
(283.605)[I]: [5],0,5,0,0,-1505,-369,4116(283.605)[I]: [6],1,79,35,10,228,-145,9724
(283.615)[I]: [5],0,5,0,0,-1548,-254,4047(283.615)[I]: [6],1,78,37,8,226,-146,9724
(283.625)[I]: [5],0,6,4,0,-1591,-134,3970(283.625)[I]: [6],1,79,36,7,223,-147,9724
(283.635)[I]: [5],0,6,4,0,-1621,-13,3891(283.635)[I]: [6],2,79,37,7,221,-148,9724
(283.645)[I]: [5],0,6,0,0,-1628,111,3821(283.645)[I]: [6],1,78,38,5,219,-149,9725
(283.655)[I]: [5],0,6,4,0,-1605,236,3764(283.655)[I]: [6],1,79,40,6,217,-150,9725
(283.665)[I]: [5],0,5,4,0,-1548,350,3724(283.666)[I]: [6],1,81,41,5,215,-149,9725
(283.675)[I]: [5],0,5,4,0,-1458,439,3696(283.675)[I]: [6],2,83,41,5,212,-150,9725
(283.685)[I]: [5],0,6,4,0,-1340,500,3671(283.685)[I]: [6],2,84,42,5,210,-150,9725
(283.695)[I]: [5],0,5,0,0,-1201,536,3645(283.695)[I]: [6],3,88,42,4,208,-150,9725
(283.705)[I]: [5],0,6,0,0,-1047,559,3616(283.705)[I]: [6],3,91,43,4,206,-150,9725
(283.715)[I]: [5],0,6,0,0,-884,585,3582(283.715)[I]: [6],3,91,44,4,204,-152,9725
(283.725)[I]: [5],0,5,0,0,-715,623,3547(283.725)[I]: [6],3,93,45,4,202,-152,9725
(283.735)[I]: [5],0,5,0,0,-544,676,3518(283.735)[I]: [6],3,92,48,3,200,-152,9725
(283.745)[I]: [5],0,5,0,0,-378,749,3501(283.745)[I]: [6],3,93,48,4,198,-152,9725
(283.755)[I]: [5],0,5,0,0,-227,831,3495(283.755)[I]: [6],5,94,50,5,196,-153,9725
(283.765)[I]: [5],0,5,4,0,-95,902,3498(283.765)[I]: [6],5,99,54,4,194,-153,9725
(283.775)[I]: [5],0,4,0,0,12,951,3507(283.775)[I]: [6],5,101,57,4,191,-150,9724
(283.785)[I]: [5],0,3,0,0,94,979,3514(283.785)[I]: [6],5,104,60,4,189,-157,9725
(283.795)[I]: [5],0,3,0,0,151,991,3513(283.795)[I]: [6],6,107,63,4,187,-158,9725
(283.805)[I]: [5],0,3,0,0,181,995,3507(283.805)[I]: [6],7,108,63,3,185,-156,9725
(283.815)[I]: [5],0,3,0,0,184,996,3497(283.815)[I]: [6],7,108,63,4,183,-155,9725
(283.825)[I]: [5],0,3,0,0,161,993,3491(283.825)[I]: [6],7,112,63,4,182,-156,9725
(283.835)[I]: [5],0,3,0,0,117,989,3499(283.835)[I]: [6],7,115,63,4,180,-157,9725
(283.845)[I]: [5],0,3,0,0,58,982,3534(283.845)[I]: [6],8,117,67,5,178,-158,9725
(283.855)[I]: [5],0,3,0,0,-9,977,3595(283.855)[I]: [6],9,121,67,5,176,-159,9725
(283.865)[I]: [5],0,3,0,0,-80,976,3681(283.865)[I]: [6],7,122,66,4,174,-160,9725
(283.875)[I]: [5],0,3,0,0,-146,985,3788(283.875)[I]: [6],7,127,68,4,173,-160,9725
(283.885)[I]: [5],0,3,12,0,-199,998,3908(283.886)[I]: [6],8,136,75,4,171,-159,9725
(283.895)[I]: [5],1,1,20,0,-224,909,3899(283.896)[I]: [6],9,149,63,3,173,-161,9718
(283.905)[I]: [5],3,2,20,0,-190,679,3693(283.905)[I]: [6],11,159,66,3,175,-168,9709
(283.915)[I]: [5],5,6,28,0,-129,504,3472(283.916)[I]: [6],13,170,70,3,178,-181,9694
(283.925)[I]: [5],3,7,48,0,-106,456,3233(283.926)[I]: [6],14,184,66,3,183,-206,9665
(283.935)[I]: [5],0,15,88,0,-139,489,3005(283.936)[I]: [6],13,200,58,3,187,-270,9614
(283.945)[I]: [5],1,22,100,0,-159,483,2811(283.946)[I]: [6],12,215,54,2,187,-342,9530
(283.955)[I]: [5],0,29,176,0,-146,401,2674(283.956)[I]: [6],12,221,34,2,197,-356,9390
(283.965)[I]: [5],3,41,180,0,-157,232,2655(283.966)[I]: [6],13,216,14,2,206,-378,9196
(283.975)[I]: [5],8,47,188,0,-157,139,2655(283.976)[I]: [6],15,182,5,2,221,-393,8957
(283.985)[I]: [5],7,54,176,1,-169,-22,2593(283.986)[I]: [6],18,152,3,3,228,-408,8684
(283.995)[I]: [5],10,50,172,8,-176,-83,2549(283.996)[I]: [6],20,113,3,3,241,-404,8360
(283.999)[I]: [5],11,51,172,17,-177,-111,2524(283.999)[I]: [6],20,76,3,3,273,-419,8010
(283.999)[I]: [5],12,48,156,20,-177,-115,2513(283.999)[I]: [6],30,49,1,3,308,-475,7654
(284.001)[I]: [5],13,54,164,24,-175,-117,2513(284.002)[I]: [6],25,34,1,3,336,-559,7296
(284.011)[I]: [5],12,50,172,26,-173,-107,2511(284.012)[I]: [6],15,21,1,3,380,-653,6961
(284.021)[I]: [5],12,49,172,28,-171,-98,2509(284.022)[I]: [6],0,17,1,3,419,-798,6613
(284.031)[I]: [5],12,48,176,28,-169,-96,2509(284.032)[I]: [6],0,17,1,3,459,-1031,6307
(284.041)[I]: [5],13,49,176,26,-168,-95,2509(284.042)[I]: [6],0,10,2,3,464,-1282,6201
(284.051)[I]: [5],10,50,176,25,-166,-94,2509(284.052)[I]: [6],0,12,2,3,486,-1406,6199
(284.061)[I]: [5],11,50,172,22,-164,-95,2509(284.062)[I]: [6],0,14,3,3,477,-1514,6286
(284.071)[I]: [5],9,54,172,21,-163,-95,2509(284.072)[I]: [6],0,12,3,3,509,-1485,6425
(284.081)[I]: [5],10,52,168,20,-163,-102,2511(284.082)[I]: [6],0,12,3,3,565,-1397,6555
(284.091)[I]: [5],10,52,168,17,-163,-109,2511(284.092)[I]: [6],0,12,3,3,628,-1293,6674
(284.101)[I]: [5],9,51,164,18,-161,-110,2511(284.102)[I]: [6],0,10,3,3,678,-1202,6805
(284.111)[I]: [5],10,51,160,18,-160,-111,2511(284.112)[I]: [6],0,12,3,3,700,-1125,6961
(284.121)[I]: [5],11,50,160,16,-158,-112,2511(284.122)[I]: [6],0,11,3,3,682,-1067,7130
(284.131)[I]: [5],11,49,164,17,-156,-112,2511(284.132)[I]: [6],0,12,3,3,640,-1027,7297
(284.141)[I]: [5],9,47,160,17,-155,-113,2511(284.142)[I]: [6],0,11,3,3,579,-996,7443
(284.151)[I]: [5],9,48,156,15,-153,-113,2511(284.152)[I]: [6],0,11,3,2,509,-966,7560
(284.161)[I]: [5],9,48,152,15,-152,-117,2511(284.162)[I]: [6],0,13,2,3,436,-927,7647
(284.171)[I]: [5],10,49,148,15,-153,-123,2511(284.172)[I]: [6],0,12,3,3,369,-875,7703
(284.181)[I]: [5],11,51,148,15,-151,-125,2511(284.182)[I]: [6],0,10,2,3,316,-807,7728
(284.191)[I]: [5],12,51,140,16,-150,-126,2511(284.192)[I]: [6],0,9,3,3,279,-723,7724
(284.201)[I]: [5],12,54,136,17,-148,-128,2511(284.202)[I]: [6],0,10,3,3,261,-627,7712
(284.211)[I]: [5],15,54,136,17,-147,-129,2511(284.212)[I]: [6],0,11,2,2,259,-521,7711
(284.221)[I]: [5],15,56,124,17,-145,-130,2511(284.222)[I]: [6],0,9,3,2,267,-414,7732
(284.231)[I]: [5],15,54,124,17,-144,-131,2511(284.232)[I]: [6],0,9,2,2,275,-317,7776
(284.241)[I]: [5],16,56,124,17,-142,-131,2511(284.242)[I]: [6],0,9,1,2,276,-230,7834
(284.251)[I]: [5],17,56,124,18,-141,-133,2511(284.252)[I]: [6],0,9,1,2,262,-159,7901
(284.261)[I]: [5],17,55,112,19,-139,-135,2511(284.262)[I]: [6],0,9,1,2,229,-105,7972
(284.271)[I]: [5],15,55,108,18,-138,-136,2511(284.272)[I]: [6],0,9,1,2,174,-63,8039
(284.281)[I]: [5],17,55,108,19,-137,-138,2511(284.282)[I]: [6],0,10,2,2,99,-30,8100
(284.291)[I]: [5],17,55,108,19,-135,-140,2511(284.292)[I]: [6],0,10,0,2,5,-2,8152
(284.301)[I]: [5],17,54,108,19,-134,-141,2511(284.302)[I]: [6],0,8,1,2,-103,26,8199
(284.311)[I]: [5],15,54,100,19,-133,-143,2511(284.312)[I]: [6],0,10,1,2,-219,57,8244
(284.321)[I]: [5],18,55,104,19,-131,-144,2511(284.322)[I]: [6],0,10,1,2,-331,87,8293
(284.331)[I]: [5],18,56,104,18,-130,-145,2511(284.332)[I]: [6],0,11,1,2,-431,111,8348
(284.341)[I]: [5],19,58,108,16,-129,-147,2511(284.342)[I]: [6],0,9,0,2,-512,124,8413
(284.351)[I]: [5],20,59,104,15,-127,-148,2511(284.352)[I]: [6],0,10,1,2,-568,120,8489
(284.361)[I]: [5],22,61,104,13,-126,-150,2511(284.362)[I]: [6],0,9,1,2,-603,97,8575
(284.371)[I]: [5],21,63,108,9,-125,-150,2511(284.372)[I]: [6],0,11,1,2,-620,61,8669
(284.381)[I]: [5],23,62,108,10,-124,-152,2510(284.382)[I]: [6],0,11,3,2,-628,25,8766
(284.391)[I]: [5],23,60,108,10,-122,-153,2510(284.392)[I]: [6],0,10,3,2,-634,3,8856
(284.401)[I]: [5],22,60,112,10,-121,-154,2510(284.402)[I]: [6],0,10,4,2,-640,3,8928
(284.411)[I]: [5],22,62,116,13,-120,-154,2510(284.412)[I]: [6],0,10,3,2,-649,28,8981
(284.421)[I]: [5],23,63,116,13,-119,-156,2510(284.422)[I]: [6],0,10,3,2,-660,72,9014
(284.431)[I]: [5],24,67,124,10,-118,-157,2514(284.432)[I]: [6],0,10,2,2,-665,128,9030
(284.441)[I]: [5],27,68,124,8,-117,-156,2524(284.442)[I]: [6],0,11,2,2,-663,187,9035
(284.451)[I]: [5],35,73,132,6,-117,-158,2535(284.452)[I]: [6],0,11,2,2,-652,234,9034
(284.461)[I]: [5],39,77,140,5,-118,-161,2546(284.462)[I]: [6],0,11,2,2,-636,270,9027
(284.471)[I]: [5],44,83,144,6,-118,-163,2553(284.472)[I]: [6],0,12,2,2,-618,296,9018
(284.481)[I]: [5],51,89,152,6,-117,-163,2557(284.482)[I]: [6],0,11,1,2,-600,312,9010
(284.491)[I]: [5],56,95,164,5,-116,-164,2557(284.492)[I]: [6],0,11,2,2,-585,318,8999
(284.501)[I]: [5],61,102,176,5,-115,-164,2560(284.502)[I]: [6],0,12,2,2,-573,316,8989
(284.511)[I]: [5],66,107,180,5,-115,-166,2567(284.512)[I]: [6],0,12,2,2,-569,310,8977
(284.521)[I]: [5],73,117,188,6,-115,-170,2577(284.522)[I]: [6],0,11,2,2,-571,306,8964
(284.531)[I]: [5],81,127,188,6,-114,-172,2589(284.532)[I]: [6],0,12,2,2,-580,302,8949
(284.541)[I]: [5],93,140,196,5,-116,-175,2604(284.542)[I]: [6],0,12,2,2,-593,297,8933
(284.551)[I]: [5],108,152,208,4,-117,-182,2621(284.552)[I]: [6],0,11,1,2,-613,288,8915
(284.561)[I]: [5],118,162,212,3,-118,-189,2637(284.562)[I]: [6],0,9,2,2,-637,277,8896
(284.571)[I]: [5],121,171,220,3,-120,-197,2656(284.572)[I]: [6],0,10,2,2,-667,265,8875
(284.581)[I]: [5],127,180,220,1,-121,-205,2681(284.582)[I]: [6],0,9,2,2,-699,252,8852
(284.591)[I]: [5],137,190,216,0,-122,-221,2716(284.592)[I]: [6],0,9,1,2,-730,235,8825
(284.601)[I]: [5],148,204,212,0,-124,-251,2757(284.602)[I]: [6],0,9,2,2,-756,215,8795
(284.611)[I]: [5],152,211,208,0,-124,-289,2807(284.612)[I]: [6],0,9,2,2,-778,193,8758
(284.621)[I]: [5],162,223,216,0,-127,-318,2864(284.622)[I]: [6],0,9,2,2,-793,168,8714
(284.631)[I]: [5],167,231,184,0,-130,-340,2929(284.632)[I]: [6],0,14,5,2,-804,73,8784
(284.641)[I]: [5],175,243,172,0,-133,-363,2996(284.642)[I]: [6],0,19,6,1,-851,-18,8975
(284.651)[I]: [5],183,255,140,0,-134,-384,3065(284.652)[I]: [6],0,24,14,2,-883,-53,9103
(284.661)[I]: [5],189,263,124,0,-134,-402,3140(284.662)[I]: [6],0,31,24,1,-880,-72,9265
(284.671)[I]: [5],195,265,80,0,-134,-408,3228(284.672)[I]: [6],0,36,29,1,-864,-111,9410
(284.681)[I]: [5],188,257,60,0,-133,-401,3348(284.682)[I]: [6],0,37,35,1,-863,-191,9494
(284.691)[I]: [5],179,238,44,0,-132,-377,3505(284.692)[I]: [6],0,43,35,1,-859,-270,9540
(284.701)[I]: [5],169,189,40,0,-129,-346,3703(284.702)[I]: [6],0,52,44,2,-851,-408,9540
(284.711)[I]: [5],163,144,36,0,-122,-327,3945(284.712)[I]: [6],2,56,48,3,-825,-433,9562
(284.721)[I]: [5],148,105,28,0,-116,-329,4229(284.722)[I]: [6],3,56,55,5,-836,-448,9570
(284.731)[I]: [5],144,67,20,0,-119,-345,4543(284.732)[I]: [6],3,59,55,7,-837,-449,9577
(284.741)[I]: [5],140,37,24,0,-131,-387,4871(284.742)[I]: [6],4,54,58,7,-828,-451,9578
(284.751)[I]: [5],130,23,12,0,-151,-448,5205(284.752)[I]: [6],4,59,60,7,-820,-452,9578
(284.761)[I]: [5],109,19,16,0,-174,-528,5529(284.762)[I]: [6],5,56,63,8,-812,-452,9579
(284.771)[I]: [5],77,14,8,0,-204,-600,5834(284.772)[I]: [6],4,58,59,9,-804,-452,9579
(284.781)[I]: [5],45,8,16,0,-242,-656,6125(284.782)[I]: [6],3,53,56,9,-796,-451,9579
(284.791)[I]: [5],25,9,12,0,-293,-719,6404(284.792)[I]: [6],3,55,53,9,-788,-450,9580
(284.801)[I]: [5],12,7,12,0,-345,-836,6660(284.802)[I]: [6],3,51,51,9,-780,-448,9580
(284.811)[I]: [5],4,3,12,0,-392,-1007,6808(284.812)[I]: [6],3,57,48,9,-773,-448,9580
(284.821)[I]: [5],0,4,8,0,-457,-1111,6848(284.821)[I]: [6],4,53,45,8,-765,-450,9580
(284.831)[I]: [5],0,4,8,0,-539,-1204,6800(284.831)[I]: [6],4,56,44,8,-757,-450,9580
(284.841)[I]: [5],2,3,8,0,-632,-1244,6670(284.842)[I]: [6],4,56,43,8,-750,-451,9580
(284.851)[I]: [5],4,3,8,0,-742,-1240,6490(284.852)[I]: [6],4,59,43,9,-742,-452,9580
(284.861)[I]: [5],2,3,8,0,-858,-1227,6302(284.862)[I]: [6],5,59,43,9,-735,-452,9580
(284.871)[I]: [5],1,2,4,0,-968,-1217,6117(284.872)[I]: [6],5,61,45,9,-728,-452,9581
(284.881)[I]: [5],1,2,4,0,-1064,-1225,5939(284.882)[I]: [6],4,59,46,9,-720,-452,9581
(284.891)[I]: [5],2,2,4,0,-1141,-1247,5770(284.892)[I]: [6],3,58,47,9,-713,-452,9581
(284.901)[I]: [5],2,3,4,0,-1197,-1272,5617(284.902)[I]: [6],4,61,47,8,-706,-452,9581
(284.911)[I]: [5],2,2,4,0,-1236,-1293,5480(284.912)[I]: [6],4,60,47,8,-699,-452,9581
(284.921)[I]: [5],1,2,4,0,-1260,-1304,5351(284.922)[I]: [6],4,63,49,8,-692,-452,9581
(284.931)[I]: [5],1,2,4,0,-1274,-1281,5223(284.932)[I]: [6],5,63,49,7,-685,-452,9581
(284.941)[I]: [5],1,2,4,0,-1279,-1233,5090(284.942)[I]: [6],5,67,50,7,-679,-453,9581
(284.951)[I]: [5],1,3,4,0,-1282,-1166,4950(284.952)[I]: [6],6,69,52,7,-672,-452,9582
(284.961)[I]: [5],0,3,0,0,-1283,-1087,4804(284.961)[I]: [6],5,68,54,7,-665,-452,9582
(284.971)[I]: [5],0,3,4,0,-1284,-1007,4659(284.972)[I]: [6],6,63,55,7,-658,-452,9582
(284.981)[I]: [5],0,3,0,0,-1282,-929,4521(284.981)[I]: [6],5,67,56,8,-652,-451,9582
(284.991)[I]: [5],0,3,4,0,-1277,-861,4396(284.991)[I]: [6],6,72,58,9,-645,-451,9582
(284.999)[I]: [5],0,3,4,0,-1265,-807,4285(284.999)[I]: [6],7,73,58,9,-639,-451,9582
(284.999)[I]: [5],0,2,4,0,-1246,-768,4189(284.999)[I]: [6],6,69,59,9,-633,-451,9582
(284.999)[I]: [5],0,3,4,0,-1218,-745,4105(284.999)[I]: [6],5,76,59,8,-626,-451,9582
(285.007)[I]: [5],0,3,0,0,-1181,-735,4036(285.007)[I]: [6],6,75,60,8,-620,-451,9582
(285.017)[I]: [5],0,3,0,0,-1131,-727,3980(285.017)[I]: [6],6,79,60,7,-614,-451,9582
(285.027)[I]: [5],0,3,0,0,-1074,-711,3930(285.027)[I]: [6],6,78,63,7,-608,-451,9583
(285.037)[I]: [5],0,3,0,0,-1014,-681,3879(285.037)[I]: [6],6,76,62,7,-602,-451,9583
(285.047)[I]: [5],0,3,0,0,-954,-636,3821(285.047)[I]: [6],5,73,66,8,-596,-451,9583
(285.057)[I]: [5],0,3,0,0,-894,-580,3757(285.057)[I]: [6],6,77,67,9,-590,-451,9583
(285.067)[I]: [5],0,3,0,0,-835,-517,3691(285.067)[I]: [6],6,77,67,8,-584,-451,9583
(285.077)[I]: [5],0,3,0,0,-775,-454,3624(285.077)[I]: [6],6,76,69,8,-578,-450,9583
(285.087)[I]: [5],0,3,0,0,-711,-395,3560(285.087)[I]: [6],6,78,69,7,-572,-450,9583
(285.097)[I]: [5],0,3,0,0,-641,-340,3497(285.097)[I]: [6],6,78,71,7,-567,-451,9583
(285.107)[I]: [5],0,3,0,0,-563,-289,3433(285.107)[I]: [6],6,79,71,7,-561,-451,9583
(285.117)[I]: [5],0,3,0,0,-476,-239,3366(285.117)[I]: [6],6,79,73,7,-555,-451,9583
(285.127)[I]: [5],0,3,0,0,-379,-192,3303(285.127)[I]: [6],6,76,72,7,-550,-451,9583
(285.137)[I]: [5],0,3,0,0,-277,-150,3240(285.137)[I]: [6],5,74,73,7,-544,-451,9583
(285.147)[I]: [5],0,3,0,0,-174,-111,3176(285.147)[I]: [6],5,72,73,7,-539,-451,9583
(285.157)[I]: [5],0,3,0,0,-75,-77,3111(285.157)[I]: [6],5,71,73,8,-534,-451,9583
(285.167)[I]: [5],0,2,0,0,14,-43,3048(285.167)[I]: [6],4,69,74,8,-528,-450,9583
(285.177)[I]: [5],0,3,0,0,94,-10,2991(285.177)[I]: [6],5,70,75,9,-523,-450,9583
(285.187)[I]: [5],0,2,0,0,163,28,2939(285.187)[I]: [6],4,68,75,9,-518,-450,9583
(285.197)[I]: [5],0,2,4,0,213,66,2896(285.197)[I]: [6],3,67,76,9,-513,-449,9583
(285.207)[I]: [5],0,6,8,0,238,68,2836(285.207)[I]: [6],3,63,76,9,-508,-449,9583
(285.217)[I]: [5],0,7,4,0,230,86,2679(285.217)[I]: [6],3,63,76,9,-503,-449,9583
(285.227)[I]: [5],0,7,20,0,216,81,2553(285.227)[I]: [6],3,59,75,10,-498,-449,9583
(285.237)[I]: [5],0,7,24,0,207,-11,2512(285.237)[I]: [6],3,56,75,11,-493,-449,9583
(285.247)[I]: [5],0,7,32,3,199,-61,2497(285.247)[I]: [6],3,55,74,11,-488,-449,9583
(285.257)[I]: [5],0,9,32,9,192,-118,2508(285.258)[I]: [6],3,52,71,12,-483,-449,9583
(285.267)[I]: [5],1,9,28,10,187,-156,2528(285.268)[I]: [6],3,49,63,11,-478,-448,9583
(285.277)[I]: [5],1,10,32,10,184,-168,2534(285.278)[I]: [6],1,45,61,11,-473,-447,9583
(285.287)[I]: [5],1,12,32,10,182,-170,2535(285.288)[I]: [6],1,45,57,10,-468,-447,9583
(285.297)[I]: [5],1,13,36,10,180,-163,2538(285.298)[I]: [6],0,44,52,10,-464,-446,9583
(285.307)[I]: [5],1,13,36,10,180,-156,2541(285.308)[I]: [6],0,44,51,9,-459,-446,9583
(285.317)[I]: [5],1,13,40,10,179,-146,2545(285.318)[I]: [6],0,42,48,9,-455,-445,9583
(285.327)[I]: [5],0,13,40,10,178,-132,2549(285.328)[I]: [6],0,43,47,9,-450,-445,9583
(285.337)[I]: [5],0,13,44,9,178,-114,2552(285.338)[I]: [6],0,39,47,8,-446,-445,9583
(285.347)[I]: [5],0,12,48,10,177,-98,2555(285.348)[I]: [6],0,40,46,7,-441,-444,9583
(285.357)[I]: [5],0,12,44,10,176,-86,2558(285.358)[I]: [6],0,39,46,7,-437,-444,9584
(285.367)[I]: [5],0,13,56,10,174,-81,2561(285.368)[I]: [6],0,40,44,8,-432,-444,9584
(285.377)[I]: [5],0,16,60,10,173,-78,2561(285.378)[I]: [6],0,41,44,7,-428,-443,9584
(285.387)[I]: [5],0,15,68,10,171,-79,2563(285.388)[I]: [6],0,41,44,7,-424,-442,9584
(285.397)[I]: [5],0,18,72,10,168,-84,2569(285.398)[I]: [6],0,42,45,7,-420,-442,9584
(285.407)[I]: [5],1,21,80,10,166,-95,2575(285.408)[I]: [6],0,41,46,7,-415,-442,9584
(285.417)[I]: [5],1,22,76,10,164,-105,2580(285.418)[I]: [6],0,42,45,7,-411,-441,9584
(285.427)[I]: [5],3,22,76,10,161,-116,2584(285.428)[I]: [6],0,42,45,7,-407,-441,9584
(285.437)[I]: [5],5,25,76,10,159,-124,2588(285.438)[I]: [6],0,43,44,7,-403,-440,9584
(285.447)[I]: [5],5,27,76,10,157,-130,2592(285.448)[I]: [6],0,44,44,7,-399,-440,9584
(285.457)[I]: [5],5,27,76,10,156,-135,2598(285.458)[I]: [6],0,44,42,7,-395,-440,9584
(285.467)[I]: [5],5,30,84,10,154,-137,2598(285.468)[I]: [6],0,44,38,7,-391,-440,9584
(285.477)[I]: [5],5,29,88,10,153,-137,2598(285.478)[I]: [6],0,44,39,7,-387,-440,9583
(285.487)[I]: [5],5,27,88,9,151,-138,2598(285.488)[I]: [6],0,44,38,8,-383,-440,9583
(285.497)[I]: [5],4,29,88,9,150,-138,2598(285.498)[I]: [6],0,44,39,8,-380,-440,9583
(285.507)[I]: [5],5,30,96,8,149,-135,2599(285.508)[I]: [6],0,43,39,7,-376,-440,9583
(285.517)[I]: [5],6,30,92,9,147,-134,2599(285.518)[I]: [6],0,42,38,7,-372,-439,9583
(285.527)[I]: [5],7,30,96,8,146,-132,2599(285.528)[I]: [6],0,43,39,7,-368,-439,9583
(285.537)[I]: [5],6,31,100,9,144,-131,2598(285.538)[I]: [6],0,42,39,7,-365,-439,9583
(285.547)[I]: [5],6,34,100,8,143,-130,2598(285.548)[I]: [6],0,43,39,7,-361,-439,9583
(285.557)[I]: [5],6,33,100,8,141,-130,2598(285.558)[I]: [6],0,42,38,7,-357,-438,9583
(285.567)[I]: [5],6,36,100,9,140,-130,2598(285.568)[I]: [6],0,42,38,7,-354,-438,9583
(285.577)[I]: [5],6,36,100,9,139,-130,2598(285.578)[I]: [6],0,42,38,8,-350,-437,9583
(285.587)[I]: [5],6,35,104,10,137,-131,2599(285.588)[I]: [6],0,43,36,8,-347,-437,9583
(285.597)[I]: [5],6,37,104,9,136,-131,2599(285.598)[I]: [6],0,43,37,8,-343,-437,9583
(285.607)[I]: [5],7,34,108,8,135,-131,2599(285.608)[I]: [6],0,42,36,8,-340,-437,9583
(285.617)[I]: [5],7,37,112,9,133,-131,2599(285.618)[I]: [6],0,43,36,7,-336,-437,9583
(285.627)[I]: [5],7,34,108,8,132,-131,2599(285.628)[I]: [6],0,42,35,7,-333,-437,9583
(285.637)[I]: [5],7,35,112,7,131,-131,2599(285.638)[I]: [6],0,42,35,7,-330,-437,9583
(285.647)[I]: [5],7,34,116,7,129,-131,2599(285.648)[I]: [6],0,42,35,7,-326,-437,9583
(285.657)[I]: [5],6,35,120,6,128,-130,2599(285.658)[I]: [6],0,41,36,7,-323,-437,9583
(285.667)[I]: [5],6,35,116,6,127,-130,2599(285.668)[I]: [6],0,41,35,7,-320,-436,9583
(285.677)[I]: [5],5,35,116,6,125,-130,2599(285.678)[I]: [6],0,39,35,7,-317,-437,9583
(285.687)[I]: [5],6,35,116,6,124,-130,2599(285.688)[I]: [6],0,40,35,7,-314,-436,9583
(285.697)[I]: [5],6,35,120,6,123,-130,2599(285.698)[I]: [6],0,39,35,7,-310,-436,9583
(285.707)[I]: [5],6,36,116,6,122,-130,2599(285.708)[I]: [6],0,39,35,7,-307,-436,9583
(285.717)[I]: [5],6,35,116,6,120,-130,2599(285.718)[I]: [6],0,38,35,7,-304,-436,9583
(285.727)[I]: [5],6,35,116,6,119,-130,2599(285.728)[I]: [6],0,38,34,7,-301,-436,9583
(285.737)[I]: [5],5,35,116,6,118,-130,2599(285.738)[I]: [6],0,38,34,7,-298,-436,9583
(285.747)[I]: [5],6,31,120,7,117,-129,2599(285.748)[I]: [6],0,37,34,7,-295,-435,9583
(285.757)[I]: [5],5,34,120,7,116,-129,2599(285.758)[I]: [6],0,37,34,7,-292,-435,9583
(285.767)[I]: [5],4,35,120,7,115,-129,2599(285.768)[I]: [6],0,37,34,7,-289,-435,9582
(285.777)[I]: [5],3,35,120,8,113,-129,2599(285.778)[I]: [6],0,37,35,7,-286,-435,9582
(285.787)[I]: [5],4,35,120,8,112,-128,2599(285.788)[I]: [6],0,37,34,7,-284,-435,9582
(285.797)[I]: [5],4,35,120,7,111,-128,2599(285.798)[I]: [6],0,37,34,7,-281,-435,9582
(285.807)[I]: [5],4,36,120,7,110,-128,2599(285.808)[I]: [6],0,38,34,7,-278,-435,9582
(285.817)[I]: [5],4,37,120,7,109,-128,2599(285.818)[I]: [6],0,38,35,7,-275,-434,9582
(285.827)[I]: [5],4,35,120,8,108,-128,2599(285.828)[I]: [6],0,38,35,7,-272,-434,9582
(285.837)[I]: [5],4,35,120,8,107,-128,2599(285.838)[I]: [6],0,38,35,8,-270,-434,9582
(285.847)[I]: [5],3,35,120,7,106,-128,2599(285.848)[I]: [6],0,38,35,8,-267,-434,9582
(285.857)[I]: [5],3,36,120,7,105,-128,2599(285.858)[I]: [6],0,38,34,8,-264,-434,9582
(285.867)[I]: [5],4,39,120,7,104,-131,2599(285.868)[I]: [6],0,38,35,8,-262,-434,9582
(285.877)[I]: [5],3,41,124,8,103,-131,2599(285.878)[I]: [6],0,37,35,8,-259,-433,9582
(285.887)[I]: [5],3,39,120,8,102,-130,2599(285.888)[I]: [6],0,38,35,8,-256,-433,9582
(285.897)[I]: [5],3,39,120,8,100,-130,2599(285.898)[I]: [6],0,37,35,8,-254,-433,9582
(285.907)[I]: [5],3,39,120,8,99,-130,2599(285.908)[I]: [6],0,37,35,8,-251,-433,9582
(285.917)[I]: [5],2,38,120,9,98,-130,2599(285.918)[I]: [6],0,37,35,8,-249,-433,9582
(285.927)[I]: [5],2,36,120,9,98,-130,2599(285.928)[I]: [6],0,36,35,8,-246,-433,9582
(285.937)[I]: [5],1,35,120,9,97,-129,2599(285.938)[I]: [6],0,37,36,8,-244,-433,9582
(285.947)[I]: [5],2,34,124,10,96,-129,2599(285.948)[I]: [6],0,37,35,8,-241,-433,9582
(285.957)[I]: [5],1,34,124,9,95,-129,2599(285.958)[I]: [6],0,36,36,8,-239,-432,9582
(285.967)[I]: [5],1,31,120,9,94,-129,2599(285.968)[I]: [6],0,36,36,8,-237,-432,9582
(285.977)[I]: [5],1,33,120,10,93,-129,2599(285.978)[I]: [6],0,35,36,8,-234,-432,9582
(285.987)[I]: [5],1,34,120,10,92,-129,2599(285.988)[I]: [6],0,36,36,8,-232,-432,9582
(285.997)[I]: [5],2,34,120,10,91,-129,2599(285.998)[I]: [6],0,36,37,8,-230,-431,9582
(285.999)[I]: [5],3,34,116,10,90,-128,2599(285.999)[I]: [6],0,36,37,8,-227,-431,9582
(285.999)[I]: [5],1,31,116,10,89,-128,2599(285.999)[I]: [6],0,37,37,8,-225,-431,9581
(286.003)[I]: [5],1,31,116,10,88,-127,2599(286.004)[I]: [6],0,37,37,8,-223,-431,9581
(286.013)[I]: [5],1,31,116,10,87,-127,2599(286.014)[I]: [6],0,37,36,8,-221,-431,9581
(286.023)[I]: [5],1,31,116,10,86,-127,2599(286.024)[I]: [6],0,37,37,8,-218,-430,9581
(286.033)[I]: [5],1,31,116,10,86,-127,2599(286.034)[I]: [6],0,37,36,8,-216,-430,9581
(286.043)[I]: [5],0,29,116,10,85,-127,2599(286.044)[I]: [6],0,37,36,8,-214,-430,9581
(286.053)[I]: [5],0,28,116,10,84,-127,2599(286.054)[I]: [6],0,36,37,8,-212,-430,9581
(286.063)[I]: [5],0,28,112,10,83,-128,2599(286.064)[I]: [6],0,37,37,8,-210,-430,9581
(286.073)[I]: [5],0,27,112,10,82,-128,2599(286.074)[I]: [6],0,37,37,8,-208,-430,9581
(286.083)[I]: [5],0,27,112,10,81,-128,2599(286.084)[I]: [6],0,37,37,8,-206,-430,9581
(286.093)[I]: [5],0,27,112,10,81,-128,2599(286.094)[I]: [6],0,37,37,9,-204,-429,9581
(286.103)[I]: [5],0,28,108,10,80,-127,2599(286.104)[I]: [6],0,38,37,9,-201,-429,9581
(286.113)[I]: [5],0,26,108,10,79,-127,2599(286.114)[I]: [6],0,37,37,9,-199,-429,9581
(286.123)[I]: [5],0,26,108,12,78,-127,2599(286.124)[I]: [6],0,37,37,9,-197,-429,9581
(286.133)[I]: [5],0,26,108,12,77,-128,2599(286.134)[I]: [6],0,37,37,9,-196,-429,9581
(286.143)[I]: [5],0,26,108,12,77,-127,2599(286.144)[I]: [6],0,38,37,9,-194,-429,9581
(286.153)[I]: [5],0,26,108,13,76,-127,2599(286.154)[I]: [6],0,37,37,9,-192,-429,9581
(286.163)[I]: [5],0,25,108,13,75,-128,2599(286.164)[I]: [6],0,38,37,9,-190,-429,9581
(286.173)[I]: [5],0,25,104,13,74,-128,2599(286.174)[I]: [6],0,38,37,9,-188,-428,9581
(286.183)[I]: [5],0,26,104,13,74,-128,2599(286.184)[I]: [6],0,38,37,9,-186,-428,9581
(286.193)[I]: [5],0,26,104,13,73,-127,2599(286.194)[I]: [6],0,38,37,9,-184,-428,9581
(286.203)[I]: [5],0,26,104,13,72,-127,2599(286.204)[I]: [6],0,38,37,9,-182,-428,9581
(286.213)[I]: [5],0,26,100,13,71,-127,2599(286.214)[I]: [6],0,37,37,9,-180,-428,9580
(286.223)[I]: [5],0,25,104,13,71,-127,2599(286.224)[I]: [6],0,37,38,9,-179,-428,9580
(286.233)[I]: [5],0,24,104,13,70,-127,2599(286.234)[I]: [6],0,36,38,9,-177,-428,9580
(286.243)[I]: [5],0,25,104,13,69,-127,2599(286.244)[I]: [6],0,35,37,9,-175,-427,9580