(358.597)[I]: [5],0,8,60,19,-31,-209,3332(358.597)[I]: [6],0,17,31,15,-34,-333,9497
(358.607)[I]: [5],0,8,60,20,-31,-208,3332(358.608)[I]: [6],0,17,31,15,-33,-333,9497
(358.617)[I]: [5],0,8,60,19,-31,-208,3332(358.618)[I]: [6],0,17,31,15,-33,-333,9497
(358.627)[I]: [5],0,8,64,19,-30,-209,3332(358.628)[I]: [6],0,17,34,15,-33,-333,9497
(358.637)[I]: [5],0,8,60,19,-30,-208,3332(358.637)[I]: [6],0,17,34,15,-32,-333,9497
(358.647)[I]: [5],0,8,64,19,-30,-208,3332(358.648)[I]: [6],0,17,34,15,-32,-333,9497
(358.657)[I]: [5],0,8,60,19,-29,-208,3332(358.657)[I]: [6],0,18,34,15,-32,-333,9497
(358.667)[I]: [5],0,8,64,19,-29,-208,3332(358.668)[I]: [6],0,17,35,15,-31,-333,9497
(358.677)[I]: [5],0,8,64,19,-29,-209,3332(358.677)[I]: [6],0,17,35,15,-31,-333,9497
(358.687)[I]: [5],0,8,64,19,-29,-209,3332(358.688)[I]: [6],0,18,35,14,-31,-334,9496
(358.697)[I]: [5],0,8,60,19,-28,-209,3332(358.697)[I]: [6],0,18,35,14,-30,-333,9496
(358.707)[I]: [5],0,8,64,19,-28,-209,3332(358.707)[I]: [6],0,17,35,15,-30,-334,9496
(358.717)[I]: [5],0,8,64,19,-28,-209,3332(358.717)[I]: [6],0,18,35,15,-30,-334,9496
(358.727)[I]: [5],0,8,64,19,-27,-208,3332(358.727)[I]: [6],0,17,35,14,-30,-334,9496
(358.737)[I]: [5],0,8,64,19,-27,-208,3332(358.737)[I]: [6],0,17,35,14,-29,-334,9496
(358.747)[I]: [5],0,8,64,19,-27,-208,3332(358.748)[I]: [6],0,18,35,14,-29,-334,9496
(358.757)[I]: [5],0,8,64,19,-27,-208,3332(358.757)[I]: [6],0,18,35,14,-29,-334,9496
(358.767)[I]: [5],0,8,64,19,-26,-208,3332(358.767)[I]: [6],0,17,35,14,-28,-334,9496
(358.777)[I]: [5],0,8,64,19,-26,-209,3332(358.777)[I]: [6],0,17,35,14,-28,-334,9496
(358.787)[I]: [5],0,8,64,19,-26,-209,3332(358.788)[I]: [6],0,18,35,14,-28,-334,9496
(358.797)[I]: [5],0,8,64,19,-26,-209,3332(358.797)[I]: [6],0,18,35,14,-27,-333,9496
(358.807)[I]: [5],0,8,64,18,-25,-209,3332(358.808)[I]: [6],0,18,35,13,-27,-334,9496
(358.817)[I]: [5],0,8,64,18,-25,-209,3332(358.817)[I]: [6],0,18,35,13,-27,-334,9496
(358.827)[I]: [5],0,8,64,18,-25,-209,3332(358.828)[I]: [6],0,18,35,13,-27,-334,9496
(358.837)[I]: [5],0,8,64,19,-25,-209,3332(358.837)[I]: [6],0,19,35,13,-26,-334,9496
(358.847)[I]: [5],0,8,64,18,-24,-209,3332(358.847)[I]: [6],0,19,35,13,-26,-334,9496
(358.857)[I]: [5],0,8,64,18,-24,-209,3332(358.857)[I]: [6],0,19,36,12,-26,-334,9496
(358.867)[I]: [5],0,8,64,18,-24,-210,3332(358.868)[I]: [6],0,19,37,12,-26,-334,9496
(358.877)[I]: [5],0,8,64,17,-24,-210,3332(358.878)[I]: [6],0,19,36,12,-25,-334,9496
(358.887)[I]: [5],0,8,64,17,-23,-209,3332(358.888)[I]: [6],0,19,37,12,-25,-334,9496
(358.897)[I]: [5],0,8,64,17,-23,-210,3332(358.898)[I]: [6],0,20,37,12,-25,-334,9496
(358.907)[I]: [5],0,8,64,17,-23,-210,3332(358.908)[I]: [6],0,20,37,12,-25,-334,9496
(358.917)[I]: [5],0,9,64,17,-23,-210,3332(358.917)[I]: [6],0,20,37,12,-24,-334,9496
(358.927)[I]: [5],0,9,64,17,-22,-210,3332(358.928)[I]: [6],0,20,37,12,-24,-334,9496
(358.937)[I]: [5],0,8,64,17,-22,-210,3332(358.938)[I]: [6],0,20,38,12,-24,-334,9496
(358.947)[I]: [5],0,9,64,17,-22,-210,3332(358.948)[I]: [6],0,20,39,12,-24,-334,9496
(358.957)[I]: [5],0,9,64,17,-22,-210,3332(358.958)[I]: [6],0,20,39,11,-23,-334,9496
(358.967)[I]: [5],0,9,64,17,-21,-210,3332(358.968)[I]: [6],0,21,39,12,-23,-334,9496
(358.977)[I]: [5],0,9,64,17,-21,-210,3332(358.977)[I]: [6],0,21,39,12,-23,-334,9496
(358.987)[I]: [5],0,8,64,17,-21,-210,3332(358.988)[I]: [6],0,21,40,11,-23,-334,9496
(358.997)[I]: [5],0,9,64,17,-21,-210,3332(358.997)[I]: [6],0,21,40,12,-22,-334,9496
(358.999)[I]: [5],0,9,64,17,-21,-210,3332(358.999)[I]: [6],0,21,40,11,-22,-334,9496
(358.999)[I]: [5],0,9,64,17,-20,-209,3332(358.999)[I]: [6],0,21,41,11,-22,-334,9496
(359.003)[I]: [5],0,9,64,17,-20,-210,3332(359.003)[I]: [6],0,21,40,11,-22,-334,9496
(359.013)[I]: [5],0,9,64,17,-20,-210,3332(359.013)[I]: [6],0,21,40,11,-22,-334,9496
(359.023)[I]: [5],0,9,64,17,-20,-210,3332(359.023)[I]: [6],0,21,40,11,-21,-334,9496
(359.033)[I]: [5],0,9,64,17,-20,-210,3332(359.033)[I]: [6],0,21,41,11,-21,-334,9496
(359.043)[I]: [5],0,9,64,17,-19,-210,3332(359.043)[I]: [6],0,21,41,11,-21,-334,9496
(359.053)[I]: [5],0,9,64,17,-19,-210,3332(359.053)[I]: [6],0,21,40,11,-21,-334,9496
(359.063)[I]: [5],0,9,64,17,-19,-210,3332(359.063)[I]: [6],0,22,40,11,-20,-334,9496
(359.073)[I]: [5],0,9,64,17,-19,-210,3332(359.073)[I]: [6],0,22,40,11,-20,-335,9496
(359.083)[I]: [5],0,9,64,17,-19,-210,3332(359.083)[I]: [6],0,22,41,11,-20,-335,9496
(359.093)[I]: [5],0,9,64,17,-18,-210,3332(359.093)[I]: [6],0,22,41,11,-20,-335,9496
(359.103)[I]: [5],0,9,64,17,-18,-210,3332(359.103)[I]: [6],0,22,40,11,-20,-335,9496
(359.113)[I]: [5],0,9,64,17,-18,-210,3332(359.113)[I]: [6],0,22,40,11,-19,-335,9496
(359.123)[I]: [5],0,9,64,17,-18,-210,3332(359.123)[I]: [6],0,22,41,10,-19,-336,9496
(359.133)[I]: [5],0,9,64,17,-18,-210,3332(359.133)[I]: [6],0,23,41,10,-19,-335,9496
(359.143)[I]: [5],0,9,64,17,-17,-210,3332(359.143)[I]: [6],0,23,41,10,-19,-336,9496
(359.153)[I]: [5],0,9,64,17,-17,-211,3332(359.154)[I]: [6],0,23,41,11,-19,-336,9496
(359.163)[I]: [5],0,9,64,17,-17,-211,3332(359.164)[I]: [6],0,23,41,11,-18,-336,9496
(359.173)[I]: [5],0,9,64,17,-17,-211,3332(359.174)[I]: [6],0,23,41,11,-18,-336,9496
(359.183)[I]: [5],0,9,68,17,-17,-211,3332(359.184)[I]: [6],0,23,41,11,-18,-336,9496
(359.193)[I]: [5],0,9,64,17,-17,-211,3332(359.194)[I]: [6],0,23,40,11,-18,-336,9496
(359.203)[I]: [5],0,9,68,18,-16,-211,3332(359.203)[I]: [6],0,23,41,11,-18,-336,9496
(359.213)[I]: [5],0,9,68,17,-16,-211,3332(359.213)[I]: [6],0,23,40,11,-18,-336,9496
(359.223)[I]: [5],0,9,64,19,-16,-211,3332(359.223)[I]: [6],0,23,40,11,-17,-336,9496
(359.233)[I]: [5],0,9,68,19,-16,-211,3332(359.233)[I]: [6],0,23,39,11,-17,-336,9496
(359.243)[I]: [5],0,9,68,20,-16,-211,3332(359.243)[I]: [6],0,23,39,11,-17,-336,9496
(359.253)[I]: [5],0,9,64,20,-16,-211,3332(359.253)[I]: [6],0,22,37,11,-17,-336,9496
(359.263)[I]: [5],0,9,64,20,-15,-212,3332(359.263)[I]: [6],0,20,37,11,-17,-336,9496
(359.273)[I]: [5],0,9,64,21,-15,-211,3332(359.273)[I]: [6],0,20,36,11,-16,-336,9496
(359.283)[I]: [5],0,9,64,21,-15,-211,3332(359.283)[I]: [6],0,19,35,11,-16,-336,9496
(359.293)[I]: [5],0,9,68,21,-15,-211,3332(359.293)[I]: [6],0,19,34,11,-16,-336,9496
(359.303)[I]: [5],0,9,68,21,-15,-211,3332(359.303)[I]: [6],0,18,31,11,-16,-336,9496
(359.313)[I]: [5],0,8,68,22,-15,-211,3332(359.313)[I]: [6],0,18,31,11,-16,-336,9496
(359.323)[I]: [5],0,8,68,22,-15,-211,3332(359.323)[I]: [6],0,17,31,11,-16,-336,9496
(359.333)[I]: [5],0,8,72,22,-14,-210,3332(359.333)[I]: [6],0,17,30,11,-15,-336,9496
(359.343)[I]: [5],0,8,72,23,-14,-210,3332(359.343)[I]: [6],0,17,29,11,-15,-336,9496
(359.353)[I]: [5],0,8,72,23,-14,-210,3332(359.353)[I]: [6],0,17,27,11,-15,-336,9496
(359.363)[I]: [5],0,8,72,26,-14,-209,3332(359.363)[I]: [6],0,17,26,11,-15,-336,9496
(359.373)[I]: [5],0,8,72,28,-14,-209,3332(359.373)[I]: [6],0,15,23,11,-15,-336,9496
(359.383)[I]: [5],0,8,72,28,-14,-209,3332(359.383)[I]: [6],0,15,23,10,-15,-336,9496
(359.393)[I]: [5],0,8,72,28,-13,-209,3332(359.393)[I]: [6],0,15,25,10,-15,-336,9496
(359.403)[I]: [5],0,8,72,31,-13,-209,3332(359.403)[I]: [6],0,15,21,9,-14,-336,9496
(359.413)[I]: [5],0,8,76,33,-13,-210,3332(359.413)[I]: [6],0,15,18,9,-14,-336,9496
(359.423)[I]: [5],0,8,76,35,-13,-210,3332(359.423)[I]: [6],0,15,17,9,-14,-336,9496
(359.433)[I]: [5],0,8,76,37,-13,-211,3332(359.433)[I]: [6],0,14,14,9,-14,-336,9496
(359.443)[I]: [5],0,8,80,37,-13,-210,3332(359.444)[I]: [6],0,14,13,8,-14,-337,9496
(359.453)[I]: [5],0,8,84,40,-13,-210,3332(359.454)[I]: [6],0,14,12,8,-14,-337,9496
(359.463)[I]: [5],0,9,84,40,-13,-209,3332(359.463)[I]: [6],0,13,14,8,-14,-337,9496
(359.473)[I]: [5],0,9,84,41,-12,-208,3332(359.473)[I]: [6],0,12,12,8,-13,-337,9496
(359.483)[I]: [5],0,10,88,42,-12,-208,3332(359.484)[I]: [6],0,11,12,8,-13,-338,9496
(359.493)[I]: [5],0,10,88,42,-12,-208,3332(359.494)[I]: [6],0,11,11,8,-13,-338,9496
(359.503)[I]: [5],0,10,88,42,-12,-208,3332(359.504)[I]: [6],0,11,11,8,-13,-337,9496
(359.513)[I]: [5],0,12,92,41,-12,-208,3332(359.514)[I]: [6],0,10,9,8,-13,-337,9496
(359.523)[I]: [5],0,13,92,39,-12,-208,3332(359.524)[I]: [6],0,10,10,8,-13,-337,9496
(359.533)[I]: [5],0,15,96,28,-12,-208,3335(359.534)[I]: [6],0,11,9,9,-13,-338,9496
(359.543)[I]: [5],0,15,100,21,-11,-207,3345(359.544)[I]: [6],0,10,11,9,-12,-337,9496
(359.553)[I]: [5],0,19,108,19,-11,-207,3355(359.554)[I]: [6],0,11,13,10,-12,-337,9496
(359.563)[I]: [5],0,22,112,13,-12,-209,3367(359.564)[I]: [6],0,11,14,11,-12,-338,9496
(359.573)[I]: [5],2,25,116,11,-13,-213,3381(359.574)[I]: [6],0,11,14,11,-12,-338,9496
(359.583)[I]: [5],3,29,120,9,-15,-216,3399(359.584)[I]: [6],0,11,14,12,-12,-338,9496
(359.593)[I]: [5],3,31,120,5,-15,-220,3422(359.594)[I]: [6],0,11,17,12,-12,-338,9496
(359.603)[I]: [5],7,34,120,2,-16,-222,3459(359.604)[I]: [6],0,11,18,15,-12,-338,9496
(359.613)[I]: [5],9,36,120,0,-18,-224,3498(359.614)[I]: [6],0,12,19,18,-12,-339,9496
(359.623)[I]: [5],12,38,116,0,-19,-233,3538(359.624)[I]: [6],0,12,22,21,-11,-339,9496
(359.633)[I]: [5],15,42,92,0,-25,-253,3611(359.634)[I]: [6],0,13,24,23,-11,-338,9496
(359.643)[I]: [5],17,38,60,0,-28,-275,3727(359.644)[I]: [6],0,14,29,26,-11,-337,9493
(359.653)[I]: [5],17,36,48,0,-30,-297,3871(359.654)[I]: [6],0,15,31,27,-10,-337,9493
(359.663)[I]: [5],17,31,24,0,-34,-302,4042(359.664)[I]: [6],0,15,31,28,-10,-336,9493
(359.673)[I]: [5],17,18,8,0,-34,-282,4231(359.673)[I]: [6],0,17,39,29,-10,-336,9493
(359.683)[I]: [5],13,13,8,0,-42,-243,4438(359.683)[I]: [6],0,18,43,31,-10,-335,9493
(359.693)[I]: [5],9,7,8,0,-57,-202,4648(359.693)[I]: [6],0,18,47,31,-10,-335,9493
(359.703)[I]: [5],11,9,4,0,-77,-164,4872(359.703)[I]: [6],0,18,54,34,-10,-335,9493
(359.713)[I]: [5],8,6,8,0,-101,-148,5090(359.713)[I]: [6],0,21,59,34,-10,-335,9493
(359.723)[I]: [5],6,6,8,0,-130,-162,5289(359.723)[I]: [6],0,23,61,31,-10,-334,9493
(359.733)[I]: [5],3,5,8,0,-164,-195,5467(359.733)[I]: [6],0,24,61,31,-10,-333,9493
(359.743)[I]: [5],2,3,8,0,-204,-235,5595(359.743)[I]: [6],0,23,59,31,-9,-333,9493
(359.753)[I]: [5],0,3,4,0,-247,-284,5657(359.753)[I]: [6],0,26,61,31,-9,-333,9493
(359.763)[I]: [5],0,3,4,0,-294,-312,5673(359.763)[I]: [6],0,27,67,31,-9,-333,9493
(359.773)[I]: [5],0,3,4,0,-344,-328,5654(359.773)[I]: [6],0,29,70,31,-9,-333,9493
(359.783)[I]: [5],0,3,4,0,-396,-328,5589(359.783)[I]: [6],0,31,67,28,-9,-332,9493
(359.793)[I]: [5],0,3,8,0,-454,-314,5494(359.793)[I]: [6],0,34,67,26,-9,-333,9493
(359.803)[I]: [5],0,3,4,0,-515,-292,5383(359.803)[I]: [6],0,35,69,24,-9,-333,9493
(359.813)[I]: [5],0,3,4,0,-580,-262,5266(359.813)[I]: [6],0,31,71,24,-9,-333,9493
(359.823)[I]: [5],0,3,4,0,-646,-230,5149(359.823)[I]: [6],0,34,73,22,-9,-333,9493
(359.833)[I]: [5],0,3,4,0,-712,-197,5035(359.833)[I]: [6],0,35,75,21,-9,-333,9493
(359.843)[I]: [5],0,3,4,0,-772,-166,4929(359.843)[I]: [6],0,35,78,19,-9,-333,9493
(359.853)[I]: [5],0,3,4,0,-822,-135,4828(359.853)[I]: [6],0,35,77,19,-8,-333,9493
(359.863)[I]: [5],0,3,4,0,-861,-105,4731(359.863)[I]: [6],0,36,79,19,-8,-333,9493
(359.873)[I]: [5],0,3,0,0,-885,-76,4636(359.873)[I]: [6],0,35,78,19,-8,-333,9493
(359.883)[I]: [5],0,3,0,0,-895,-44,4546(359.883)[I]: [6],0,35,76,18,-8,-333,9493
(359.893)[I]: [5],0,3,0,0,-891,-13,4459(359.893)[I]: [6],0,38,75,15,-8,-333,9493
(359.903)[I]: [5],0,4,4,0,-876,19,4377(359.903)[I]: [6],0,42,76,15,-8,-333,9493
(359.913)[I]: [5],0,3,4,0,-854,56,4297(359.913)[I]: [6],0,45,75,14,-8,-332,9493
(359.923)[I]: [5],0,3,4,0,-830,98,4218(359.923)[I]: [6],0,52,74,14,-8,-332,9493
(359.933)[I]: [5],0,3,4,0,-807,141,4139(359.933)[I]: [6],0,54,73,13,-8,-332,9493
(359.943)[I]: [5],0,3,4,0,-788,185,4061(359.943)[I]: [6],0,56,74,13,-8,-332,9493
(359.953)[I]: [5],0,3,4,0,-772,223,3987(359.953)[I]: [6],0,60,71,13,-8,-333,9493
(359.963)[I]: [5],0,3,4,0,-760,253,3925(359.963)[I]: [6],0,63,70,12,-8,-333,9493
(359.973)[I]: [5],0,3,4,0,-752,276,3878(359.973)[I]: [6],0,66,70,12,-7,-333,9493
(359.983)[I]: [5],0,3,4,0,-748,293,3845(359.983)[I]: [6],0,67,67,13,-7,-333,9493
(359.993)[I]: [5],0,3,4,0,-749,298,3820(359.993)[I]: [6],0,67,63,13,-7,-333,9493
(359.999)[I]: [5],0,3,4,0,-753,291,3798(359.999)[I]: [6],0,69,63,13,-7,-333,9493
(359.999)[I]: [5],0,3,4,0,-759,277,3769(359.999)[I]: [6],0,69,60,12,-7,-333,9493
(359.999)[I]: [5],0,3,4,0,-764,259,3731(359.999)[I]: [6],0,72,61,10,-7,-334,9493
(360.009)[I]: [5],0,3,4,0,-768,243,3686(360.009)[I]: [6],0,75,59,10,-7,-334,9493
(360.019)[I]: [5],0,4,4,0,-767,230,3640(360.019)[I]: [6],0,73,57,10,-7,-334,9493
(360.029)[I]: [5],0,3,4,0,-759,225,3597(360.029)[I]: [6],0,76,55,10,-7,-334,9493
(360.039)[I]: [5],0,3,4,0,-744,232,3558(360.039)[I]: [6],0,77,48,10,-7,-334,9493
(360.049)[I]: [5],0,3,4,0,-721,251,3528(360.049)[I]: [6],0,79,45,11,-7,-335,9493
(360.059)[I]: [5],0,3,4,0,-692,284,3507(360.059)[I]: [6],0,79,47,11,-7,-335,9493
(360.069)[I]: [5],0,3,4,0,-658,323,3498(360.069)[I]: [6],0,79,48,11,-7,-335,9493
(360.079)[I]: [5],0,3,0,0,-622,368,3500(360.079)[I]: [6],0,80,46,10,-6,-335,9493
(360.089)[I]: [5],0,3,4,0,-583,414,3513(360.089)[I]: [6],0,81,46,10,-6,-336,9493
(360.099)[I]: [5],0,3,4,0,-544,457,3531(360.099)[I]: [6],0,79,42,9,-6,-336,9493
(360.109)[I]: [5],0,3,4,0,-505,493,3556(360.109)[I]: [6],0,81,46,9,-6,-336,9493
(360.119)[I]: [5],0,4,4,0,-466,520,3585(360.119)[I]: [6],0,81,45,9,-6,-336,9493
(360.129)[I]: [5],0,4,4,0,-429,535,3620(360.129)[I]: [6],0,83,46,9,-6,-336,9493
(360.139)[I]: [5],0,4,4,0,-394,537,3657(360.139)[I]: [6],2,91,46,9,-6,-337,9493
(360.149)[I]: [5],0,4,4,0,-361,523,3695(360.149)[I]: [6],1,92,47,8,-6,-337,9493
(360.159)[I]: [5],0,3,4,0,-331,497,3731(360.159)[I]: [6],2,101,53,7,-6,-337,9493
(360.169)[I]: [5],0,3,0,0,-303,463,3768(360.169)[I]: [6],2,110,53,7,-6,-338,9490
(360.179)[I]: [5],0,3,4,0,-276,426,3807(360.179)[I]: [6],2,115,51,6,-4,-340,9482
(360.189)[I]: [5],0,3,4,0,-248,391,3850(360.189)[I]: [6],2,121,55,5,-3,-343,9473
(360.199)[I]: [5],0,4,0,0,-220,359,3899(360.199)[I]: [6],4,124,58,4,-2,-346,9464
(360.209)[I]: [5],0,4,0,0,-190,334,3955(360.209)[I]: [6],5,127,61,3,-2,-350,9455
(360.219)[I]: [5],0,5,0,0,-161,317,4015(360.219)[I]: [6],4,134,59,3,0,-353,9445
(360.229)[I]: [5],0,5,0,0,-132,311,4078(360.229)[I]: [6],5,137,62,3,0,-357,9438
(360.239)[I]: [5],0,4,0,0,-105,317,4143(360.239)[I]: [6],5,143,59,3,0,-358,9435
(360.249)[I]: [5],0,3,0,0,-82,331,4213(360.249)[I]: [6],8,150,63,3,0,-359,9435
(360.259)[I]: [5],0,3,0,0,-65,350,4285(360.259)[I]: [6],7,155,63,3,0,-360,9435
(360.269)[I]: [5],0,3,0,0,-54,370,4359(360.269)[I]: [6],8,165,62,3,0,-360,9435
(360.279)[I]: [5],0,3,0,0,-48,385,4434(360.279)[I]: [6],10,174,67,3,0,-363,9428
(360.289)[I]: [5],0,3,0,0,-47,392,4510(360.289)[I]: [6],11,184,68,3,2,-367,9418
(360.299)[I]: [5],0,3,0,0,-48,393,4588(360.299)[I]: [6],10,194,72,3,2,-376,9404
(360.309)[I]: [5],0,3,0,0,-49,392,4669(360.309)[I]: [6],9,204,76,3,3,-391,9387
(360.319)[I]: [5],0,4,8,0,-57,388,4752(360.319)[I]: [6],13,216,79,2,5,-415,9367
(360.329)[I]: [5],3,2,12,0,-54,290,4694(360.329)[I]: [6],18,225,76,2,8,-451,9342
(360.339)[I]: [5],3,5,8,0,-10,180,4494(360.339)[I]: [6],18,232,74,2,12,-494,9307
(360.349)[I]: [5],6,7,8,0,25,145,4336(360.349)[I]: [6],18,244,73,2,16,-551,9259
(360.359)[I]: [5],6,8,16,0,41,153,4172(360.359)[I]: [6],20,252,62,2,21,-608,9205
(360.369)[I]: [5],4,15,36,0,30,180,3963(360.369)[I]: [6],21,254,54,2,32,-627,9129
(360.379)[I]: [5],3,22,56,0,10,161,3813(360.379)[I]: [6],21,253,41,2,44,-643,9024
(360.389)[I]: [5],5,31,76,0,10,102,3710(360.390)[I]: [6],24,245,17,2,60,-642,8881
(360.399)[I]: [5],11,44,104,0,13,68,3644(360.400)[I]: [6],23,206,9,2,83,-638,8698
(360.409)[I]: [5],13,47,124,0,12,19,3577(360.410)[I]: [6],24,173,2,2,107,-639,8478
(360.419)[I]: [5],15,54,124,0,13,-30,3488(360.420)[I]: [6],28,130,3,2,135,-630,8208
(360.429)[I]: [5],17,52,136,1,11,-89,3418(360.430)[I]: [6],31,86,2,2,186,-633,7897
(360.439)[I]: [5],20,55,164,6,9,-135,3384(360.440)[I]: [6],34,59,5,2,254,-660,7568
(360.449)[I]: [5],22,55,172,9,9,-157,3349(360.450)[I]: [6],43,39,4,2,317,-723,7226
(360.459)[I]: [5],23,61,156,14,9,-155,3339(360.460)[I]: [6],48,28,2,2,376,-793,6885
(360.469)[I]: [5],24,63,152,16,9,-158,3336(360.470)[I]: [6],46,21,3,2,442,-844,6531
(360.479)[I]: [5],22,63,160,17,10,-155,3329(360.480)[I]: [6],37,14,3,2,517,-908,6187
(360.489)[I]: [5],18,62,152,20,10,-149,3321(360.490)[I]: [6],19,9,4,3,610,-968,5828
(360.499)[I]: [5],17,63,156,21,10,-143,3316(360.500)[I]: [6],1,9,3,3,697,-1130,5570
(360.509)[I]: [5],18,63,152,22,11,-140,3313(360.510)[I]: [6],0,9,3,3,752,-1299,5516
(360.519)[I]: [5],17,62,144,26,10,-138,3313(360.520)[I]: [6],0,8,4,3,811,-1324,5552
(360.529)[I]: [5],14,60,144,26,10,-137,3313(360.530)[I]: [6],0,10,4,3,852,-1346,5622
(360.539)[I]: [5],11,62,140,25,10,-136,3313(360.540)[I]: [6],0,11,3,3,910,-1283,5723
(360.549)[I]: [5],12,61,136,21,10,-136,3313(360.550)[I]: [6],0,12,3,3,982,-1201,5825
(360.559)[I]: [5],13,61,124,20,9,-141,3312(360.560)[I]: [6],0,12,3,3,1056,-1127,5933
(360.569)[I]: [5],13,59,124,20,8,-144,3311(360.570)[I]: [6],0,12,3,3,1117,-1078,6064
(360.579)[I]: [5],13,61,124,19,8,-145,3311(360.580)[I]: [6],0,12,3,3,1153,-1058,6218
(360.589)[I]: [5],12,61,116,17,8,-148,3311(360.590)[I]: [6],0,12,3,3,1161,-1060,6384
(360.599)[I]: [5],12,61,116,16,7,-156,3311(360.600)[I]: [6],0,11,4,3,1149,-1066,6558
(360.609)[I]: [5],11,60,108,15,6,-164,3310(360.610)[I]: [6],0,11,4,3,1125,-1057,6734
(360.619)[I]: [5],10,63,108,16,6,-164,3310(360.620)[I]: [6],0,11,4,3,1087,-1029,6911
(360.629)[I]: [5],11,63,108,16,5,-166,3309(360.630)[I]: [6],0,9,4,3,1036,-979,7083
(360.639)[I]: [5],10,66,100,16,5,-167,3309(360.640)[I]: [6],0,9,3,3,972,-913,7245
(360.649)[I]: [5],10,69,100,16,3,-173,3309(360.650)[I]: [6],0,10,4,2,896,-840,7395
(360.659)[I]: [5],11,71,88,15,3,-173,3309(360.660)[I]: [6],0,10,3,2,818,-764,7524
(360.669)[I]: [5],13,77,96,14,3,-177,3308(360.670)[I]: [6],0,10,2,2,750,-694,7630
(360.679)[I]: [5],14,80,88,14,2,-180,3309(360.680)[I]: [6],0,9,1,2,704,-627,7708
(360.689)[I]: [5],15,85,92,14,1,-181,3309(360.690)[I]: [6],0,8,2,2,694,-560,7761
(360.699)[I]: [5],15,89,92,14,1,-181,3309(360.700)[I]: [6],0,9,2,2,726,-495,7788
(360.709)[I]: [5],15,94,92,15,1,-182,3309(360.710)[I]: [6],0,10,2,2,803,-430,7790
(360.719)[I]: [5],15,97,88,13,1,-182,3309(360.720)[I]: [6],0,9,2,2,917,-364,7768
(360.729)[I]: [5],15,101,88,13,1,-182,3309(360.730)[I]: [6],0,9,2,2,1051,-290,7726
(360.739)[I]: [5],15,105,76,13,1,-185,3308(360.740)[I]: [6],0,8,2,2,1185,-199,7666
(360.749)[I]: [5],14,108,60,14,1,-186,3308(360.750)[I]: [6],0,7,2,2,1305,-89,7598
(360.759)[I]: [5],15,110,48,13,1,-188,3308(360.760)[I]: [6],0,7,1,2,1393,38,7533
(360.769)[I]: [5],14,114,56,14,0,-189,3308(360.770)[I]: [6],0,7,1,2,1437,176,7480
(360.779)[I]: [5],14,117,48,12,0,-190,3308(360.780)[I]: [6],0,8,0,2,1435,314,7446
(360.789)[I]: [5],13,117,44,12,0,-192,3308(360.790)[I]: [6],0,7,0,2,1387,439,7433
(360.799)[I]: [5],13,118,44,11,0,-192,3308(360.800)[I]: [6],0,7,1,2,1301,542,7443
(360.809)[I]: [5],13,118,48,11,0,-193,3308(360.810)[I]: [6],0,7,0,2,1189,619,7475
(360.819)[I]: [5],13,118,44,12,0,-194,3308(360.820)[I]: [6],0,7,1,2,1062,666,7527
(360.829)[I]: [5],12,119,48,12,0,-194,3308(360.830)[I]: [6],0,7,1,2,941,683,7593
(360.839)[I]: [5],12,121,48,12,0,-194,3308(360.840)[I]: [6],0,8,1,2,836,683,7665
(360.849)[I]: [5],13,123,48,13,0,-195,3308(360.850)[I]: [6],0,8,1,2,757,673,7736
(360.859)[I]: [5],14,125,48,13,0,-196,3308(360.860)[I]: [6],0,7,2,2,708,657,7801
(360.869)[I]: [5],17,125,48,13,0,-197,3308(360.870)[I]: [6],0,7,2,2,685,638,7854
(360.879)[I]: [5],20,124,52,13,0,-197,3308(360.880)[I]: [6],0,6,3,2,683,620,7897
(360.889)[I]: [5],19,125,56,13,0,-198,3308(360.890)[I]: [6],0,7,3,2,696,600,7933
(360.899)[I]: [5],21,123,56,13,0,-199,3308(360.900)[I]: [6],0,6,3,2,715,577,7962
(360.909)[I]: [5],23,121,60,13,0,-201,3308(360.910)[I]: [6],0,6,3,2,732,554,7987
(360.919)[I]: [5],26,118,68,13,0,-201,3308(360.920)[I]: [6],0,6,3,2,738,532,8010
(360.929)[I]: [5],28,116,76,13,2,-196,3310(360.930)[I]: [6],0,7,3,2,729,514,8034
(360.939)[I]: [5],29,115,88,13,2,-190,3314(360.940)[I]: [6],0,7,2,2,696,496,8060
(360.949)[I]: [5],35,117,92,12,2,-187,3320(360.950)[I]: [6],0,7,3,2,641,473,8090
(360.959)[I]: [5],38,125,100,10,3,-187,3326(360.960)[I]: [6],0,7,3,2,562,441,8120
(360.969)[I]: [5],42,127,104,11,2,-190,3332(360.970)[I]: [6],0,7,3,2,464,405,8148
(360.979)[I]: [5],50,135,108,10,2,-191,3332(360.980)[I]: [6],0,8,2,2,360,367,8170
(360.989)[I]: [5],56,137,112,10,2,-193,3332(360.990)[I]: [6],0,8,2,2,259,329,8176
(360.999)[I]: [5],59,141,116,10,2,-193,3332(360.999)[I]: [6],0,9,2,2,173,294,8163
(360.999)[I]: [5],62,143,116,7,2,-193,3332(360.999)[I]: [6],0,8,3,3,108,265,8129
(360.999)[I]: [5],63,150,120,8,2,-194,3336(360.999)[I]: [6],0,8,2,2,68,242,8078
(361.005)[I]: [5],70,154,124,7,0,-196,3345(361.005)[I]: [6],0,8,2,2,53,228,8015
(361.015)[I]: [5],79,162,124,7,0,-200,3359(361.016)[I]: [6],0,8,3,2,59,229,7945
(361.025)[I]: [5],85,174,124,6,-2,-205,3379(361.026)[I]: [6],0,7,1,2,81,240,7873
(361.035)[I]: [5],95,186,124,6,-4,-214,3406(361.036)[I]: [6],0,13,3,2,116,232,7889
(361.045)[I]: [5],102,207,124,5,-8,-231,3435(361.046)[I]: [6],0,12,3,2,91,181,8124
(361.055)[I]: [5],111,216,120,2,-11,-259,3475(361.056)[I]: [6],0,23,4,2,59,153,8293
(361.065)[I]: [5],122,234,120,1,-16,-306,3526(361.066)[I]: [6],0,25,6,2,49,125,8489
(361.075)[I]: [5],127,251,116,0,-21,-386,3601(361.076)[I]: [6],0,31,14,2,60,131,8679
(361.085)[I]: [5],134,262,88,0,-26,-450,3696(361.086)[I]: [6],0,36,20,2,61,124,8834
(361.095)[I]: [5],139,262,60,0,-33,-485,3833(361.096)[I]: [6],0,46,42,2,54,102,8959
(361.105)[I]: [5],135,253,36,0,-35,-507,4016(361.106)[I]: [6],0,50,60,2,56,66,9038
(361.115)[I]: [5],127,213,12,0,-37,-509,4252(361.116)[I]: [6],0,52,68,2,56,11,9096
(361.125)[I]: [5],123,152,12,0,-38,-511,4534(361.126)[I]: [6],1,58,76,2,54,-47,9161
(361.135)[I]: [5],114,95,12,0,-39,-530,4861(361.136)[I]: [6],0,61,90,2,55,-89,9246
(361.145)[I]: [5],94,54,12,0,-50,-568,5221(361.146)[I]: [6],0,63,96,3,39,-248,9305
(361.155)[I]: [5],86,29,12,0,-75,-627,5601(361.156)[I]: [6],0,63,101,4,63,-302,9338
(361.165)[I]: [5],54,19,8,0,-114,-709,5970(361.166)[I]: [6],1,63,106,5,73,-303,9350
(361.175)[I]: [5],35,13,8,0,-154,-801,6317(361.176)[I]: [6],1,63,106,6,70,-302,9374
(361.185)[I]: [5],20,5,8,0,-200,-890,6650(361.185)[I]: [6],1,62,106,7,69,-305,9388
(361.195)[I]: [5],11,8,12,0,-238,-1032,6938(361.196)[I]: [6],1,65,103,9,69,-307,9398
(361.205)[I]: [5],2,5,4,0,-259,-1212,7138(361.205)[I]: [6],1,62,109,9,68,-307,9401
(361.215)[I]: [5],0,5,4,0,-284,-1328,7226(361.215)[I]: [6],0,56,109,9,68,-307,9401
(361.225)[I]: [5],0,5,0,0,-319,-1425,7241(361.225)[I]: [6],0,60,110,9,67,-307,9401
(361.235)[I]: [5],1,3,0,0,-352,-1458,7183(361.235)[I]: [6],0,58,108,9,66,-307,9401
(361.245)[I]: [5],3,3,0,0,-402,-1414,7073(361.245)[I]: [6],0,55,107,9,66,-306,9401
(361.255)[I]: [5],1,3,0,0,-465,-1342,6945(361.255)[I]: [6],0,55,105,9,65,-305,9401
(361.265)[I]: [5],1,3,0,0,-530,-1273,6808(361.265)[I]: [6],0,56,103,8,64,-305,9401
(361.275)[I]: [5],0,3,0,0,-590,-1229,6662(361.275)[I]: [6],0,58,100,8,64,-306,9401
(361.285)[I]: [5],0,2,0,0,-640,-1211,6507(361.285)[I]: [6],0,57,98,8,63,-306,9401
(361.295)[I]: [5],0,2,0,0,-678,-1211,6345(361.295)[I]: [6],0,57,96,7,62,-315,9402
(361.305)[I]: [5],0,3,0,0,-708,-1216,6181(361.305)[I]: [6],0,59,95,7,62,-314,9402
(361.315)[I]: [5],0,3,0,0,-734,-1213,6018(361.315)[I]: [6],0,56,95,7,61,-314,9402
(361.325)[I]: [5],0,3,0,0,-758,-1192,5856(361.325)[I]: [6],0,56,93,7,61,-314,9402
(361.335)[I]: [5],0,2,0,0,-782,-1149,5695(361.335)[I]: [6],0,56,92,7,60,-314,9402
(361.345)[I]: [5],0,3,0,0,-808,-1096,5537(361.345)[I]: [6],0,56,91,7,59,-314,9402
(361.355)[I]: [5],0,3,0,0,-835,-1038,5383(361.355)[I]: [6],0,58,91,6,59,-314,9402
(361.365)[I]: [5],0,3,0,0,-863,-984,5226(361.365)[I]: [6],0,59,91,6,58,-315,9402
(361.375)[I]: [5],0,3,0,0,-896,-929,5064(361.375)[I]: [6],0,61,92,6,58,-315,9402
(361.385)[I]: [5],0,3,0,0,-938,-870,4901(361.385)[I]: [6],0,60,93,6,57,-316,9402
(361.395)[I]: [5],0,3,0,0,-990,-808,4748(361.395)[I]: [6],0,61,94,6,56,-316,9402
(361.405)[I]: [5],0,3,0,0,-1054,-743,4618(361.405)[I]: [6],0,61,94,6,56,-316,9402
(361.415)[I]: [5],0,3,0,0,-1129,-672,4502(361.415)[I]: [6],0,59,95,6,55,-316,9402
(361.425)[I]: [5],0,3,0,0,-1216,-587,4378(361.425)[I]: [6],0,59,95,6,55,-315,9402
(361.435)[I]: [5],0,3,0,0,-1314,-484,4232(361.435)[I]: [6],0,59,95,6,54,-315,9402
(361.445)[I]: [5],0,3,0,0,-1417,-364,4068(361.445)[I]: [6],1,56,95,6,54,-316,9402
(361.455)[I]: [5],0,3,0,0,-1517,-234,3909(361.455)[I]: [6],0,56,95,6,53,-316,9402
(361.465)[I]: [5],0,3,0,0,-1610,-93,3776(361.465)[I]: [6],0,55,95,6,53,-316,9402
(361.475)[I]: [5],0,3,0,0,-1685,52,3680(361.475)[I]: [6],0,54,95,6,52,-316,9402
(361.485)[I]: [5],0,3,0,0,-1733,182,3622(361.485)[I]: [6],0,55,96,6,52,-317,9402
(361.495)[I]: [5],0,4,0,0,-1748,285,3596(361.495)[I]: [6],0,53,95,6,51,-317,9402
(361.505)[I]: [5],0,4,0,0,-1731,362,3593(361.505)[I]: [6],0,53,97,6,50,-317,9402
(361.515)[I]: [5],0,4,0,0,-1683,423,3604(361.515)[I]: [6],0,54,101,4,50,-316,9396
(361.525)[I]: [5],0,4,0,0,-1613,476,3618(361.525)[I]: [6],0,55,103,4,50,-316,9390
(361.535)[I]: [5],0,4,0,0,-1527,529,3629(361.535)[I]: [6],0,55,104,3,50,-316,9390
(361.545)[I]: [5],0,4,0,0,-1431,578,3630(361.545)[I]: [6],0,57,105,3,49,-315,9387
(361.555)[I]: [5],0,4,0,0,-1331,624,3622(361.555)[I]: [6],1,58,108,3,48,-316,9387
(361.565)[I]: [5],0,4,0,0,-1228,662,3607(361.565)[I]: [6],1,57,109,3,48,-315,9387
(361.575)[I]: [5],0,3,0,0,-1125,701,3592(361.575)[I]: [6],0,57,110,3,47,-315,9387
(361.585)[I]: [5],0,3,0,0,-1023,734,3575(361.585)[I]: [6],0,53,108,3,47,-312,9387
(361.595)[I]: [5],0,3,0,0,-921,761,3555(361.595)[I]: [6],0,50,107,3,47,-310,9387
(361.605)[I]: [5],0,3,0,0,-820,782,3533(361.605)[I]: [6],0,46,105,3,46,-306,9387
(361.615)[I]: [5],0,3,0,0,-719,799,3516(361.615)[I]: [6],0,44,104,4,45,-306,9393
(361.625)[I]: [5],0,3,0,0,-618,816,3507(361.625)[I]: [6],0,45,104,4,44,-307,9393
(361.635)[I]: [5],0,4,0,0,-518,839,3509(361.635)[I]: [6],0,46,105,5,44,-307,9393
(361.645)[I]: [5],0,3,0,0,-423,871,3525(361.645)[I]: [6],0,49,108,5,44,-308,9393
(361.655)[I]: [5],0,4,0,0,-335,908,3554(361.655)[I]: [6],0,50,113,3,42,-307,9387
(361.665)[I]: [5],0,3,0,0,-255,945,3594(361.665)[I]: [6],0,51,117,3,42,-305,9380
(361.675)[I]: [5],0,3,0,0,-185,975,3644(361.675)[I]: [6],0,55,124,3,42,-302,9373
(361.685)[I]: [5],0,3,0,0,-124,995,3699(361.685)[I]: [6],1,57,132,3,42,-302,9373
(361.695)[I]: [5],0,3,0,0,-71,1006,3756(361.695)[I]: [6],1,57,135,3,41,-302,9373
(361.705)[I]: [5],0,3,0,0,-25,1008,3812(361.705)[I]: [6],1,58,140,3,41,-302,9373
(361.715)[I]: [5],0,3,0,0,13,999,3867(361.715)[I]: [6],1,57,143,3,41,-302,9373
(361.725)[I]: [5],0,3,0,0,46,983,3916(361.725)[I]: [6],1,61,142,3,40,-301,9373
(361.735)[I]: [5],0,3,0,0,72,960,3961(361.735)[I]: [6],1,67,143,3,40,-301,9373
(361.745)[I]: [5],0,3,0,0,93,929,4003(361.745)[I]: [6],1,69,143,3,39,-301,9373
(361.755)[I]: [5],0,3,0,0,107,893,4045(361.755)[I]: [6],1,70,144,3,39,-301,9373
(361.765)[I]: [5],0,3,0,0,114,853,4091(361.765)[I]: [6],1,72,147,3,41,-303,9368
(361.775)[I]: [5],0,3,0,0,113,813,4147(361.775)[I]: [6],2,74,147,3,41,-302,9368
(361.785)[I]: [5],0,3,0,0,107,777,4218(361.785)[I]: [6],2,77,147,3,40,-302,9368
(361.795)[I]: [5],0,3,4,0,99,744,4308(361.795)[I]: [6],2,79,147,3,40,-302,9369
(361.805)[I]: [5],0,3,16,0,83,656,4329(361.805)[I]: [6],3,79,147,3,39,-302,9369
(361.815)[I]: [5],1,4,12,0,136,381,4153(361.815)[I]: [6],3,79,146,3,41,-304,9366
(361.825)[I]: [5],2,3,24,0,223,180,3943(361.825)[I]: [6],6,82,142,3,43,-310,9357
(361.835)[I]: [5],1,12,24,0,262,153,3712(361.836)[I]: [6],6,87,139,2,47,-320,9340
(361.845)[I]: [5],0,17,44,0,243,182,3543(361.845)[I]: [6],7,93,134,2,53,-333,9311
(361.855)[I]: [5],0,26,60,0,217,68,3350(361.855)[I]: [6],7,102,121,2,63,-369,9256
(361.865)[I]: [5],0,27,80,2,218,-113,3427(361.865)[I]: [6],7,111,97,2,68,-424,9168
(361.875)[I]: [5],3,31,100,8,213,-159,3427(361.876)[I]: [6],10,122,75,2,77,-436,9028
(361.885)[I]: [5],4,34,96,14,207,-195,3409(361.886)[I]: [6],11,127,49,2,88,-443,8852
(361.895)[I]: [5],4,34,100,17,205,-200,3400(361.896)[I]: [6],17,123,25,2,103,-427,8650
(361.905)[I]: [5],4,31,100,17,206,-187,3403(361.906)[I]: [6],19,98,12,2,117,-400,8425
(361.915)[I]: [5],4,31,100,18,205,-176,3408(361.916)[I]: [6],25,81,6,2,134,-361,8174
(361.925)[I]: [5],3,31,100,20,205,-168,3410(361.926)[I]: [6],27,58,9,2,153,-335,7884
(361.935)[I]: [5],5,26,100,25,204,-160,3408(361.936)[I]: [6],35,50,10,2,179,-320,7574
(361.945)[I]: [5],3,25,92,40,204,-153,3403(361.946)[I]: [6],50,31,11,2,213,-334,7265
(361.955)[I]: [5],3,24,92,62,204,-151,3397(361.956)[I]: [6],59,23,7,2,228,-392,6953
(361.965)[I]: [5],2,20,92,70,203,-153,3394(361.966)[I]: [6],66,15,7,2,242,-455,6631
(361.975)[I]: [5],3,19,88,81,201,-153,3391(361.976)[I]: [6],43,13,6,2,280,-518,6307
(361.985)[I]: [5],3,19,84,98,199,-153,3391(361.986)[I]: [6],21,9,6,2,320,-630,5997
(361.995)[I]: [5],2,17,88,102,197,-153,3392(361.996)[I]: [6],1,9,7,3,356,-821,5810
(361.999)[I]: [5],2,15,88,101,195,-153,3392(361.999)[I]: [6],0,12,7,2,409,-922,5784
(361.999)[I]: [5],1,15,84,102,193,-153,3392(361.999)[I]: [6],0,15,8,2,492,-927,5810
(362.001)[I]: [5],0,15,84,99,191,-154,3392(362.001)[I]: [6],0,14,7,2,598,-919,5865
(362.011)[I]: [5],0,13,84,97,189,-154,3392(362.012)[I]: [6],0,13,7,2,713,-866,5965
(362.021)[I]: [5],0,13,84,91,188,-154,3392(362.022)[I]: [6],0,11,6,2,819,-819,6078
(362.031)[I]: [5],0,12,84,87,186,-154,3392(362.032)[I]: [6],0,10,5,2,899,-789,6201
(362.041)[I]: [5],0,11,84,79,184,-154,3392(362.042)[I]: [6],0,10,3,2,955,-784,6330
(362.051)[I]: [5],0,12,84,74,182,-154,3392(362.052)[I]: [6],0,9,5,2,975,-794,6465
(362.061)[I]: [5],0,11,80,68,180,-153,3392(362.062)[I]: [6],0,10,5,2,966,-807,6606
(362.071)[I]: [5],0,12,76,64,178,-153,3392(362.072)[I]: [6],0,9,5,2,936,-806,6752
(362.081)[I]: [5],0,12,68,61,177,-153,3392(362.082)[I]: [6],0,10,5,2,891,-786,6900
(362.091)[I]: [5],0,13,68,59,175,-153,3392(362.092)[I]: [6],0,9,4,2,838,-742,7044
(362.101)[I]: [5],0,13,68,55,173,-155,3392(362.102)[I]: [6],0,9,4,2,777,-681,7182
(362.111)[I]: [5],0,14,68,54,171,-156,3392(362.112)[I]: [6],0,9,4,2,714,-606,7313
(362.121)[I]: [5],0,15,72,54,170,-157,3392(362.122)[I]: [6],0,10,3,2,651,-521,7428
(362.131)[I]: [5],0,16,72,54,168,-157,3392(362.132)[I]: [6],0,9,4,2,594,-434,7517
(362.141)[I]: [5],0,16,72,53,166,-157,3392(362.142)[I]: [6],0,9,3,2,550,-354,7570
(362.151)[I]: [5],0,17,76,53,165,-157,3392(362.152)[I]: [6],0,9,3,2,524,-283,7583
(362.161)[I]: [5],0,17,76,53,163,-157,3392(362.162)[I]: [6],0,9,3,2,520,-221,7554
(362.171)[I]: [5],0,17,84,52,161,-157,3392(362.172)[I]: [6],0,8,3,2,537,-165,7499
(362.181)[I]: [5],0,17,84,51,160,-157,3392(362.182)[I]: [6],0,8,3,2,567,-109,7434
(362.191)[I]: [5],0,19,84,52,158,-158,3392(362.192)[I]: [6],0,8,2,2,602,-48,7373
(362.201)[I]: [5],0,21,88,50,157,-158,3392(362.202)[I]: [6],0,9,2,2,634,18,7327
(362.211)[I]: [5],0,21,88,50,155,-158,3392(362.212)[I]: [6],0,9,1,2,657,87,7301
(362.221)[I]: [5],0,22,92,49,153,-158,3392(362.222)[I]: [6],0,9,1,2,664,151,7298
(362.231)[I]: [5],2,23,92,46,152,-159,3392(362.232)[I]: [6],0,10,1,2,652,206,7318
(362.241)[I]: [5],2,24,92,45,150,-159,3392(362.242)[I]: [6],0,10,0,2,619,249,7363
(362.251)[I]: [5],2,24,92,40,149,-159,3392(362.252)[I]: [6],0,11,1,2,567,276,7434
(362.261)[I]: [5],3,26,88,38,147,-160,3392(362.262)[I]: [6],0,12,1,2,494,289,7528
(362.271)[I]: [5],4,27,88,30,146,-161,3392(362.272)[I]: [6],0,12,1,2,405,291,7636
(362.281)[I]: [5],4,27,80,28,144,-163,3392(362.282)[I]: [6],0,10,1,2,303,284,7745
(362.291)[I]: [5],4,28,84,28,143,-164,3392(362.292)[I]: [6],0,13,2,2,195,275,7840
(362.301)[I]: [5],4,28,80,26,142,-164,3392(362.302)[I]: [6],0,13,2,2,94,267,7914
(362.311)[I]: [5],3,27,80,22,140,-164,3392(362.312)[I]: [6],0,13,2,2,8,253,7969
(362.321)[I]: [5],3,27,84,22,139,-164,3392(362.322)[I]: [6],0,13,2,2,-59,228,8011
(362.331)[I]: [5],3,31,88,20,137,-165,3392(362.332)[I]: [6],0,13,2,2,-111,192,8054
(362.341)[I]: [5],6,36,96,20,136,-165,3392(362.342)[I]: [6],0,12,1,2,-152,154,8103
(362.351)[I]: [5],7,37,96,21,135,-166,3393(362.352)[I]: [6],0,11,1,2,-187,123,8160
(362.361)[I]: [5],8,42,100,22,133,-168,3393(362.362)[I]: [6],0,12,2,2,-214,108,8221
(362.371)[I]: [5],8,41,104,22,132,-170,3393(362.372)[I]: [6],0,12,3,2,-231,112,8282
(362.381)[I]: [5],8,45,112,21,131,-168,3394(362.382)[I]: [6],0,13,2,2,-236,128,8339
(362.391)[I]: [5],9,44,112,20,130,-166,3396(362.392)[I]: [6],0,13,2,2,-226,149,8383
(362.401)[I]: [5],10,46,116,20,129,-165,3396(362.402)[I]: [6],0,13,3,2,-205,175,8412
(362.411)[I]: [5],10,48,120,18,127,-165,3396(362.412)[I]: [6],0,13,2,2,-178,210,8422
(362.421)[I]: [5],11,51,124,19,126,-166,3400(362.422)[I]: [6],0,12,2,2,-146,252,8419
(362.431)[I]: [5],15,54,132,18,125,-165,3406(362.432)[I]: [6],0,12,2,2,-112,304,8407
(362.441)[I]: [5],18,57,148,17,124,-165,3413(362.442)[I]: [6],0,12,2,2,-72,362,8393
(362.451)[I]: [5],21,63,152,15,123,-165,3420(362.452)[I]: [6],0,12,2,2,-27,420,8381
(362.461)[I]: [5],23,67,152,13,122,-166,3423(362.462)[I]: [6],0,12,2,2,24,473,8369
(362.471)[I]: [5],25,69,156,12,121,-166,3430(362.472)[I]: [6],0,12,3,2,80,518,8356
(362.481)[I]: [5],27,71,172,13,120,-166,3439(362.482)[I]: [6],0,12,2,2,139,551,8338
(362.491)[I]: [5],31,73,176,8,119,-167,3451(362.492)[I]: [6],0,13,2,2,195,571,8312
(362.501)[I]: [5],31,75,184,8,118,-169,3463(362.502)[I]: [6],0,12,2,2,245,572,8277
(362.511)[I]: [5],35,80,184,7,116,-173,3474(362.512)[I]: [6],0,12,3,2,284,557,8230
(362.521)[I]: [5],37,86,188,7,114,-178,3488(362.522)[I]: [6],0,10,2,2,314,533,8171
(362.531)[I]: [5],41,94,200,7,112,-184,3506(362.532)[I]: [6],0,9,2,2,334,504,8103
(362.541)[I]: [5],46,103,208,6,109,-191,3530(362.542)[I]: [6],0,12,4,2,340,365,8186
(362.551)[I]: [5],59,117,212,3,107,-196,3568(362.552)[I]: [6],0,13,7,2,245,143,8423
(362.561)[I]: [5],63,127,204,0,103,-202,3627(362.562)[I]: [6],0,19,4,2,165,33,8628
(362.571)[I]: [5],63,142,196,0,98,-224,3700(362.572)[I]: [6],0,20,8,2,129,-23,8826
(362.581)[I]: [5],68,154,172,0,88,-234,3844(362.582)[I]: [6],0,28,15,2,125,-47,8992
(362.591)[I]: [5],70,157,124,0,78,-240,4043(362.592)[I]: [6],0,31,28,2,135,-91,9169
(362.601)[I]: [5],75,139,72,0,78,-237,4300(362.602)[I]: [6],0,37,38,2,128,-172,9304
(362.611)[I]: [5],83,120,56,0,87,-226,4627(362.612)[I]: [6],0,47,51,2,111,-417,9313
(362.621)[I]: [5],90,82,32,0,95,-205,4990(362.622)[I]: [6],2,52,55,5,107,-369,9323
(362.631)[I]: [5],98,50,32,0,93,-216,5388(362.632)[I]: [6],2,55,63,11,131,-389,9328
(362.641)[I]: [5],87,29,24,0,88,-266,5812(362.642)[I]: [6],3,55,71,20,142,-390,9329
(362.651)[I]: [5],79,24,20,0,78,-339,6232(362.652)[I]: [6],3,58,72,25,144,-396,9329
(362.661)[I]: [5],57,17,12,0,64,-417,6634(362.662)[I]: [6],3,55,74,27,143,-396,9330
(362.671)[I]: [5],43,13,12,0,40,-482,7023(362.672)[I]: [6],3,51,70,29,141,-390,9333
(362.681)[I]: [5],23,8,4,0,1,-542,7408(362.681)[I]: [6],1,49,63,28,138,-384,9337
(362.691)[I]: [5],11,6,8,0,-44,-639,7778(362.691)[I]: [6],1,47,57,28,137,-381,9340
(362.701)[I]: [5],1,3,4,3,-87,-845,8033(362.701)[I]: [6],1,45,51,26,136,-380,9340
(362.711)[I]: [5],0,4,0,2,-124,-1045,8095(362.711)[I]: [6],1,49,50,21,134,-379,9340
(362.721)[I]: [5],0,3,0,2,-170,-1166,8068(362.721)[I]: [6],2,53,48,18,136,-384,9334
(362.731)[I]: [5],0,3,0,0,-211,-1238,7908(362.731)[I]: [6],2,56,45,13,136,-390,9327
(362.741)[I]: [5],0,3,0,1,-272,-1228,7681(362.741)[I]: [6],2,63,43,11,137,-397,9321
(362.751)[I]: [5],1,3,0,0,-360,-1193,7448(362.751)[I]: [6],3,63,43,11,135,-399,9322
(362.761)[I]: [5],0,2,0,1,-461,-1165,7237(362.761)[I]: [6],3,66,44,10,134,-400,9322
(362.771)[I]: [5],0,2,0,1,-563,-1158,7046(362.771)[I]: [6],3,66,43,9,133,-400,9322
(362.781)[I]: [5],1,3,0,1,-653,-1170,6873(362.781)[I]: [6],3,67,43,9,131,-400,9322
(362.791)[I]: [5],2,3,0,0,-718,-1189,6726(362.791)[I]: [6],3,66,43,9,130,-401,9322
(362.801)[I]: [5],0,2,4,0,-755,-1197,6612(362.801)[I]: [6],3,69,43,9,129,-401,9322
(362.811)[I]: [5],0,3,0,0,-765,-1189,6515(362.811)[I]: [6],3,69,41,9,127,-401,9322
(362.821)[I]: [5],0,2,0,0,-754,-1159,6421(362.821)[I]: [6],4,71,43,8,126,-401,9322
(362.831)[I]: [5],0,2,0,0,-725,-1110,6317(362.831)[I]: [6],4,75,45,7,125,-402,9322
(362.841)[I]: [5],0,2,0,0,-690,-1045,6191(362.841)[I]: [6],4,76,46,7,124,-402,9322
(362.851)[I]: [5],0,2,0,0,-658,-973,6028(362.851)[I]: [6],4,77,46,7,122,-404,9322
(362.861)[I]: [5],0,2,0,0,-643,-901,5828(362.861)[I]: [6],4,79,47,7,121,-406,9322
(362.871)[I]: [5],0,2,0,0,-652,-829,5600(362.871)[I]: [6],4,80,48,7,120,-406,9322
(362.881)[I]: [5],0,2,0,0,-688,-755,5365(362.881)[I]: [6],4,80,49,7,119,-407,9323
(362.891)[I]: [5],0,3,4,0,-748,-674,5148(362.891)[I]: [6],4,79,49,7,118,-407,9323
(362.901)[I]: [5],0,2,0,0,-828,-586,4969(362.901)[I]: [6],3,81,49,6,116,-407,9323
(362.911)[I]: [5],0,3,0,0,-920,-493,4834(362.911)[I]: [6],3,83,49,7,115,-407,9323
(362.921)[I]: [5],0,3,4,0,-1015,-402,4744(362.921)[I]: [6],4,83,50,7,114,-407,9323
(362.931)[I]: [5],0,3,0,0,-1100,-321,4686(362.931)[I]: [6],5,83,51,7,113,-408,9323
(362.941)[I]: [5],0,3,0,0,-1166,-252,4647(362.941)[I]: [6],4,84,51,7,112,-410,9323
(362.951)[I]: [5],0,4,0,0,-1207,-184,4616(362.951)[I]: [6],5,83,52,7,111,-411,9323
(362.961)[I]: [5],0,4,0,0,-1223,-110,4585(362.961)[I]: [6],5,81,53,7,110,-411,9323
(362.971)[I]: [5],0,4,0,0,-1209,-32,4542(362.971)[I]: [6],5,78,54,7,108,-412,9323
(362.981)[I]: [5],0,4,0,0,-1168,47,4488(362.981)[I]: [6],5,74,56,7,107,-413,9323
(362.991)[I]: [5],0,4,0,0,-1103,134,4426(362.991)[I]: [6],4,66,56,7,106,-413,9323
(362.999)[I]: [5],0,4,0,0,-1019,220,4362(362.999)[I]: [6],4,60,56,7,105,-413,9323
(362.999)[I]: [5],0,3,0,0,-924,291,4294(362.999)[I]: [6],3,59,57,6,104,-414,9323
(362.999)[I]: [5],0,3,0,0,-830,338,4219(362.999)[I]: [6],3,58,58,5,103,-414,9323
(363.007)[I]: [5],0,3,0,0,-742,361,4140(363.007)[I]: [6],4,58,59,5,102,-414,9317
(363.017)[I]: [5],0,3,0,0,-666,375,4061(363.017)[I]: [6],4,59,60,5,102,-415,9310
(363.027)[I]: [5],0,3,0,0,-607,393,3990(363.027)[I]: [6],5,60,61,4,101,-416,9310
(363.037)[I]: [5],0,3,0,0,-563,416,3930(363.037)[I]: [6],5,61,62,4,100,-418,9310
(363.047)[I]: [5],0,3,0,0,-535,440,3881(363.047)[I]: [6],6,62,62,4,99,-419,9310
(363.057)[I]: [5],0,3,0,0,-520,463,3845(363.057)[I]: [6],5,62,61,5,98,-419,9310
(363.067)[I]: [5],0,3,0,0,-517,488,3817(363.067)[I]: [6],4,60,61,5,97,-417,9316
(363.077)[I]: [5],0,3,0,0,-524,519,3797(363.077)[I]: [6],3,60,58,6,96,-417,9319
(363.087)[I]: [5],0,3,0,0,-537,548,3786(363.087)[I]: [6],3,59,56,7,95,-417,9319
(363.097)[I]: [5],0,4,0,0,-552,576,3786(363.097)[I]: [6],4,58,55,8,94,-417,9319
(363.107)[I]: [5],0,3,0,0,-565,605,3797(363.107)[I]: [6],4,58,55,9,93,-417,9319
(363.117)[I]: [5],0,3,0,0,-573,637,3820(363.117)[I]: [6],3,59,55,9,92,-417,9319
(363.127)[I]: [5],0,3,0,0,-571,666,3857(363.127)[I]: [6],4,62,56,9,91,-417,9319
(363.137)[I]: [5],0,3,0,0,-559,704,3908(363.137)[I]: [6],5,67,59,8,91,-418,9316
(363.147)[I]: [5],0,3,0,0,-538,741,3977(363.147)[I]: [6],7,73,62,7,92,-420,9309
(363.157)[I]: [5],0,4,0,0,-507,775,4067(363.157)[I]: [6],7,76,67,6,92,-421,9306
(363.167)[I]: [5],0,3,0,0,-467,805,4176(363.167)[I]: [6],9,83,71,5,92,-422,9304
(363.177)[I]: [5],0,3,0,0,-418,830,4299(363.177)[I]: [6],9,91,73,5,93,-423,9302
(363.187)[I]: [5],0,3,0,0,-364,854,4429(363.187)[I]: [6],11,94,78,4,96,-425,9297
(363.197)[I]: [5],0,4,8,0,-312,874,4559(363.197)[I]: [6],13,104,87,4,97,-428,9287
(363.207)[I]: [5],1,4,20,0,-287,761,4547(363.207)[I]: [6],15,110,88,3,100,-434,9274
(363.217)[I]: [5],1,3,12,0,-211,488,4307(363.217)[I]: [6],18,118,87,3,102,-443,9260
(363.227)[I]: [5],3,8,28,0,-151,417,4033(363.227)[I]: [6],17,127,85,3,105,-456,9241
(363.237)[I]: [5],0,14,64,0,-146,430,3786(363.237)[I]: [6],18,142,86,2,108,-475,9216
(363.247)[I]: [5],0,23,96,0,-178,436,3572(363.247)[I]: [6],18,155,79,2,117,-541,9167
(363.257)[I]: [5],0,28,108,0,-188,234,3454(363.258)[I]: [6],18,166,61,2,121,-629,9070
(363.267)[I]: [5],0,31,96,2,-184,128,3498(363.268)[I]: [6],17,175,41,2,141,-634,8921
(363.277)[I]: [5],0,31,120,7,-200,-31,3449(363.278)[I]: [6],21,166,18,2,162,-631,8716
(363.287)[I]: [5],2,31,108,15,-206,-90,3422(363.288)[I]: [6],23,146,6,2,191,-619,8464
(363.297)[I]: [5],4,41,112,22,-209,-118,3410(363.298)[I]: [6],27,117,3,2,210,-599,8178
(363.307)[I]: [5],4,41,120,27,-207,-129,3409(363.308)[I]: [6],29,83,3,2,243,-574,7839
(363.317)[I]: [5],6,40,124,28,-205,-123,3413(363.318)[I]: [6],34,52,8,2,298,-567,7488
(363.327)[I]: [5],5,42,120,30,-202,-111,3417(363.328)[I]: [6],45,31,3,2,337,-611,7138
(363.337)[I]: [5],5,41,120,28,-199,-93,3420(363.338)[I]: [6],59,19,5,2,353,-710,6783
(363.347)[I]: [5],4,37,124,31,-196,-78,3420(363.348)[I]: [6],48,20,3,2,377,-818,6443
(363.357)[I]: [5],3,36,124,39,-194,-72,3420(363.358)[I]: [6],25,13,4,2,415,-948,6108
(363.367)[I]: [5],4,35,124,42,-193,-70,3420(363.368)[I]: [6],7,11,5,2,456,-1160,5804
(363.377)[I]: [5],3,31,136,42,-191,-69,3420(363.378)[I]: [6],0,13,6,2,464,-1451,5678
(363.387)[I]: [5],3,31,136,42,-189,-68,3420(363.388)[I]: [6],0,13,6,3,495,-1531,5691
(363.397)[I]: [5],3,31,136,41,-187,-69,3420(363.398)[I]: [6],0,13,6,3,534,-1572,5751
(363.407)[I]: [5],4,30,136,40,-185,-70,3420(363.408)[I]: [6],0,13,6,3,610,-1515,5867
(363.417)[I]: [5],3,28,136,36,-183,-71,3420(363.418)[I]: [6],0,12,6,3,711,-1411,6004
(363.427)[I]: [5],3,27,140,28,-181,-72,3420(363.428)[I]: [6],0,12,3,3,809,-1316,6143
(363.437)[I]: [5],3,24,140,21,-179,-73,3420(363.438)[I]: [6],0,11,4,3,892,-1248,6293
(363.447)[I]: [5],3,22,140,19,-178,-73,3420(363.448)[I]: [6],0,11,4,3,947,-1217,6454
(363.457)[I]: [5],2,22,144,18,-176,-71,3421(363.458)[I]: [6],0,11,3,2,965,-1217,6624
(363.467)[I]: [5],0,22,144,15,-174,-70,3421(363.468)[I]: [6],0,10,3,2,961,-1228,6796
(363.477)[I]: [5],0,21,148,15,-173,-68,3421(363.478)[I]: [6],0,10,3,2,930,-1232,6969
(363.487)[I]: [5],0,19,148,13,-171,-67,3421(363.488)[I]: [6],0,10,3,2,880,-1216,7132
(363.497)[I]: [5],0,20,152,13,-169,-67,3421(363.498)[I]: [6],0,11,3,2,814,-1176,7283
(363.507)[I]: [5],0,20,160,13,-168,-67,3421(363.508)[I]: [6],0,11,3,2,736,-1110,7413
(363.517)[I]: [5],0,20,160,13,-166,-67,3421(363.518)[I]: [6],0,11,3,2,649,-1029,7515
(363.527)[I]: [5],0,20,164,13,-164,-67,3421(363.528)[I]: [6],0,11,3,2,560,-938,7586
(363.537)[I]: [5],0,21,164,13,-163,-67,3421(363.538)[I]: [6],0,9,3,2,476,-842,7631
(363.547)[I]: [5],0,21,164,13,-161,-65,3421(363.548)[I]: [6],0,10,3,2,407,-746,7657
(363.557)[I]: [5],0,22,164,14,-159,-65,3421(363.558)[I]: [6],0,10,3,2,357,-652,7667
(363.567)[I]: [5],0,22,164,14,-158,-64,3422(363.568)[I]: [6],0,11,3,2,331,-563,7663
(363.577)[I]: [5],0,24,160,14,-158,-70,3421(363.578)[I]: [6],0,11,2,2,323,-478,7652
(363.587)[I]: [5],0,24,160,14,-158,-76,3419(363.588)[I]: [6],0,12,2,2,325,-398,7643
(363.597)[I]: [5],0,24,156,16,-156,-75,3419(363.598)[I]: [6],0,10,1,2,326,-317,7642
(363.607)[I]: [5],0,25,152,17,-156,-81,3416(363.608)[I]: [6],0,11,1,2,314,-236,7650
(363.617)[I]: [5],0,25,144,17,-156,-87,3412(363.618)[I]: [6],0,11,2,2,280,-150,7672
(363.627)[I]: [5],1,27,136,19,-157,-94,3409(363.628)[I]: [6],0,10,2,2,224,-60,7707
(363.637)[I]: [5],1,25,124,20,-158,-100,3404(363.638)[I]: [6],0,11,2,2,138,16,7752
(363.647)[I]: [5],1,26,124,21,-159,-107,3400(363.648)[I]: [6],0,10,2,2,31,92,7807
(363.657)[I]: [5],4,25,124,20,-158,-111,3399(363.658)[I]: [6],0,11,2,2,-93,155,7870
(363.667)[I]: [5],4,26,124,21,-157,-109,3399(363.668)[I]: [6],0,12,2,2,-222,203,7937
(363.677)[I]: [5],6,27,120,20,-155,-110,3399(363.678)[I]: [6],0,12,2,2,-344,236,8004
(363.687)[I]: [5],4,28,120,20,-154,-111,3399(363.688)[I]: [6],0,12,2,2,-445,255,8064
(363.697)[I]: [5],4,29,116,18,-152,-111,3399(363.698)[I]: [6],0,12,2,2,-520,259,8117
(363.707)[I]: [5],5,31,112,17,-151,-112,3399(363.708)[I]: [6],0,12,2,2,-570,244,8165
(363.717)[I]: [5],6,31,112,17,-149,-111,3399(363.718)[I]: [6],0,12,3,2,-596,220,8214
(363.727)[I]: [5],5,31,108,17,-148,-112,3399(363.728)[I]: [6],0,12,3,2,-608,180,8269
(363.737)[I]: [5],7,31,100,19,-146,-114,3399(363.738)[I]: [6],0,13,3,2,-615,134,8329
(363.747)[I]: [5],7,37,104,17,-145,-115,3399(363.748)[I]: [6],0,13,3,2,-622,96,8388
(363.757)[I]: [5],10,39,108,17,-143,-116,3399(363.758)[I]: [6],0,14,4,2,-631,84,8437
(363.767)[I]: [5],10,43,112,15,-142,-117,3399(363.768)[I]: [6],0,12,4,2,-639,109,8468
(363.777)[I]: [5],12,47,120,16,-140,-118,3399(363.778)[I]: [6],0,11,5,2,-644,167,8480
(363.787)[I]: [5],15,49,120,18,-139,-118,3399(363.788)[I]: [6],0,10,4,2,-643,244,8478
(363.797)[I]: [5],17,50,124,19,-138,-117,3401(363.798)[I]: [6],0,10,5,2,-632,322,8466
(363.807)[I]: [5],19,53,124,18,-137,-117,3401(363.808)[I]: [6],0,8,5,2,-610,384,8452
(363.817)[I]: [5],20,57,124,16,-135,-116,3401(363.818)[I]: [6],0,8,4,2,-577,429,8441
(363.827)[I]: [5],22,61,136,12,-137,-119,3406(363.828)[I]: [6],0,8,4,2,-534,462,8430
(363.837)[I]: [5],20,66,144,10,-136,-121,3409(363.838)[I]: [6],0,9,4,2,-483,491,8417
(363.847)[I]: [5],26,70,152,11,-136,-124,3415(363.848)[I]: [6],0,9,4,2,-425,524,8398
(363.857)[I]: [5],27,70,156,11,-136,-129,3423(363.858)[I]: [6],0,7,4,2,-362,560,8374
(363.867)[I]: [5],34,80,172,12,-137,-134,3430(363.868)[I]: [6],0,9,3,2,-295,593,8348
(363.877)[I]: [5],35,88,184,8,-137,-137,3438(363.878)[I]: [6],0,9,5,2,-229,622,8321
(363.887)[I]: [5],44,98,184,10,-137,-139,3449(363.888)[I]: [6],0,9,4,2,-166,647,8291
(363.897)[I]: [5],51,108,192,6,-138,-143,3461(363.898)[I]: [6],0,10,3,3,-108,663,8261
(363.907)[I]: [5],59,120,196,7,-139,-148,3477(363.908)[I]: [6],0,9,3,3,-58,675,8229
(363.917)[I]: [5],63,132,204,6,-140,-155,3501(363.918)[I]: [6],0,17,5,3,-46,599,8316
(363.927)[I]: [5],73,148,208,4,-143,-161,3538(363.928)[I]: [6],0,17,8,3,-66,495,8539
(363.937)[I]: [5],76,163,204,0,-146,-172,3595(363.938)[I]: [6],0,21,15,3,-92,433,8721
(363.947)[I]: [5],80,180,180,0,-150,-203,3675(363.948)[I]: [6],0,24,19,2,-83,402,8934
(363.957)[I]: [5],82,200,148,0,-159,-226,3802(363.958)[I]: [6],0,36,30,1,-58,357,9162
(363.967)[I]: [5],90,209,104,0,-166,-248,3969(363.968)[I]: [6],0,47,38,1,-52,272,9339
(363.977)[I]: [5],101,207,56,0,-165,-272,4173(363.978)[I]: [6],0,54,49,2,-8,138,9445
(363.987)[I]: [5],104,187,40,0,-164,-267,4435(363.988)[I]: [6],0,61,58,3,-20,-10,9410
(363.997)[I]: [5],109,162,28,0,-158,-262,4732(363.998)[I]: [6],0,63,62,5,-16,-21,9404
(363.999)[I]: [5],110,121,24,0,-152,-268,5065(363.999)[I]: [6],1,57,70,6,-9,-27,9422
(363.999)[I]: [5],107,79,20,0,-153,-288,5432(363.999)[I]: [6],1,66,73,8,-11,-21,9427
(364.003)[I]: [5],98,53,20,0,-167,-326,5820(364.003)[I]: [6],1,61,82,10,-8,-11,9427
(364.013)[I]: [5],88,31,24,0,-193,-384,6207(364.014)[I]: [6],2,57,81,11,-9,-3,9430
(364.023)[I]: [5],60,23,12,0,-221,-477,6579(364.024)[I]: [6],0,47,81,11,-11,6,9433
(364.033)[I]: [5],46,20,12,0,-251,-564,6924(364.034)[I]: [6],0,44,78,13,-11,12,9438
(364.043)[I]: [5],35,13,8,0,-285,-638,7259(364.043)[I]: [6],0,36,77,13,-11,13,9438
(364.053)[I]: [5],19,6,8,0,-328,-740,7560(364.053)[I]: [6],0,31,73,14,-10,11,9444
(364.063)[I]: [5],8,7,12,0,-365,-913,7854(364.063)[I]: [6],0,29,67,17,-9,7,9449
(364.073)[I]: [5],2,5,4,2,-388,-1168,8042(364.073)[I]: [6],0,29,63,18,-8,4,9452
(364.083)[I]: [5],0,4,4,0,-407,-1387,8083(364.083)[I]: [6],0,30,63,18,-8,2,9452
(364.093)[I]: [5],0,4,4,0,-435,-1521,8056(364.093)[I]: [6],0,29,63,18,-8,0,9452
(364.103)[I]: [5],0,3,4,0,-456,-1585,7935(364.103)[I]: [6],0,27,63,18,-8,-4,9452
(364.113)[I]: [5],0,3,4,0,-488,-1555,7762(364.113)[I]: [6],0,24,63,18,-8,-7,9452
(364.123)[I]: [5],0,3,4,0,-531,-1479,7574(364.123)[I]: [6],0,24,63,18,-8,-9,9452
(364.133)[I]: [5],0,3,0,0,-578,-1380,7388(364.133)[I]: [6],0,23,63,19,-8,-10,9452
(364.143)[I]: [5],0,3,4,0,-625,-1285,7214(364.143)[I]: [6],0,20,63,19,-8,-10,9452
(364.153)[I]: [5],0,4,4,0,-664,-1209,7053(364.153)[I]: [6],0,19,63,20,-8,-11,9452
(364.163)[I]: [5],0,3,4,0,-693,-1153,6914(364.163)[I]: [6],0,20,67,21,-8,-12,9452
(364.173)[I]: [5],0,3,4,0,-709,-1116,6799(364.173)[I]: [6],0,18,67,24,-8,-13,9452
(364.183)[I]: [5],0,3,4,0,-715,-1092,6701(364.183)[I]: [6],0,16,63,25,-5,-15,9454
(364.193)[I]: [5],0,3,0,0,-712,-1075,6603(364.193)[I]: [6],0,15,63,27,-5,-16,9457
(364.203)[I]: [5],0,1,0,0,-707,-1065,6487(364.203)[I]: [6],0,14,58,30,-4,-14,9463
(364.213)[I]: [5],0,2,0,0,-706,-1043,6345(364.213)[I]: [6],0,14,57,34,-4,-16,9463
(364.223)[I]: [5],0,3,0,0,-712,-1000,6172(364.223)[I]: [6],0,13,60,35,-4,-17,9463
(364.233)[I]: [5],0,3,0,0,-733,-935,5973(364.233)[I]: [6],0,13,60,34,-4,-18,9463
(364.243)[I]: [5],0,3,0,0,-772,-851,5758(364.243)[I]: [6],0,13,61,31,-4,-19,9463
(364.253)[I]: [5],0,3,4,0,-830,-749,5543(364.253)[I]: [6],0,12,61,31,-4,-19,9463
(364.263)[I]: [5],0,3,4,0,-897,-638,5344(364.263)[I]: [6],0,12,63,31,-4,-20,9463
(364.273)[I]: [5],0,3,4,0,-967,-537,5171(364.273)[I]: [6],0,12,62,31,-4,-20,9463
(364.283)[I]: [5],0,3,4,0,-1033,-458,5030(364.283)[I]: [6],0,13,62,31,-4,-20,9463
(364.293)[I]: [5],0,5,4,0,-1096,-403,4920(364.293)[I]: [6],0,12,63,31,-4,-21,9463
(364.303)[I]: [5],0,5,4,0,-1155,-365,4839(364.303)[I]: [6],0,13,62,31,-4,-22,9463
(364.313)[I]: [5],0,5,4,0,-1203,-327,4784(364.313)[I]: [6],0,13,60,31,-4,-23,9463
(364.323)[I]: [5],0,6,4,0,-1237,-274,4746(364.323)[I]: [6],0,13,59,31,-3,-24,9463
(364.333)[I]: [5],0,6,0,0,-1251,-211,4709(364.333)[I]: [6],0,14,59,31,-3,-25,9463
(364.343)[I]: [5],0,5,0,0,-1244,-144,4656(364.343)[I]: [6],0,13,59,31,-3,-26,9463
(364.353)[I]: [5],0,5,0,0,-1210,-88,4578(364.353)[I]: [6],0,14,57,30,-3,-26,9463
(364.363)[I]: [5],0,5,0,0,-1151,-42,4475(364.363)[I]: [6],0,15,57,29,-3,-27,9463
(364.373)[I]: [5],0,5,0,0,-1067,-4,4359(364.373)[I]: [6],0,18,55,29,-3,-27,9463
(364.383)[I]: [5],0,7,0,0,-964,20,4242(364.383)[I]: [6],0,17,54,29,-3,-27,9463
(364.393)[I]: [5],0,7,0,0,-848,25,4135(364.393)[I]: [6],0,18,52,31,-3,-28,9463
(364.403)[I]: [5],0,7,0,0,-721,15,4048(364.403)[I]: [6],0,18,51,31,-3,-28,9463
(364.413)[I]: [5],0,6,0,0,-598,-69,4182(364.413)[I]: [6],0,18,47,31,-3,-29,9463
(364.423)[I]: [5],0,5,0,1,-462,-184,4269(364.423)[I]: [6],0,20,45,31,-3,-30,9463
(364.433)[I]: [5],0,6,4,2,-331,-286,4390(364.433)[I]: [6],0,20,44,34,-3,-30,9463
(364.443)[I]: [5],0,6,4,3,-201,-372,4486(364.443)[I]: [6],0,20,44,31,-3,-33,9463
(364.453)[I]: [5],0,6,4,3,-72,-357,4558(364.453)[I]: [6],0,19,44,31,-3,-34,9463
(364.463)[I]: [5],0,7,0,0,55,-260,4545(364.463)[I]: [6],0,20,45,29,-3,-35,9463
(364.473)[I]: [5],0,6,0,0,164,-90,4509(364.473)[I]: [6],0,22,46,27,-3,-36,9459
(364.483)[I]: [5],0,6,0,0,256,77,4420(364.483)[I]: [6],0,23,48,23,-3,-38,9454
(364.493)[I]: [5],0,6,0,0,313,248,4338(364.493)[I]: [6],0,26,50,19,-5,-39,9451
(364.503)[I]: [5],0,6,0,0,333,387,4291(364.503)[I]: [6],0,28,54,17,-5,-40,9451
(364.513)[I]: [5],0,7,0,0,324,473,4296(364.513)[I]: [6],0,31,57,15,-5,-41,9451
(364.523)[I]: [5],0,6,0,0,296,518,4339(364.523)[I]: [6],0,35,58,15,-5,-40,9451
(364.533)[I]: [5],0,5,0,0,255,524,4391(364.533)[I]: [6],0,40,61,17,-5,-40,9451
(364.543)[I]: [5],0,5,0,0,202,499,4418(364.543)[I]: [6],0,47,63,21,-5,-41,9451
(364.553)[I]: [5],0,5,0,0,140,441,4400(364.553)[I]: [6],0,51,70,22,0,-41,9450
(364.563)[I]: [5],0,6,0,0,71,391,4344(364.563)[I]: [6],0,57,73,20,-1,-44,9447
(364.573)[I]: [5],0,6,0,0,-3,357,4278(364.573)[I]: [6],0,62,76,14,1,-49,9439
(364.583)[I]: [5],0,6,0,0,-75,346,4237(364.583)[I]: [6],0,75,80,12,3,-56,9430
(364.593)[I]: [5],0,6,4,0,-153,355,4244(364.593)[I]: [6],2,78,89,10,5,-64,9420
(364.603)[I]: [5],0,6,4,0,-235,379,4302(364.603)[I]: [6],3,86,83,8,5,-70,9410
(364.613)[I]: [5],0,5,0,0,-315,414,4397(364.613)[I]: [6],5,92,87,6,7,-77,9400
(364.623)[I]: [5],0,5,0,0,-385,461,4502(364.623)[I]: [6],7,99,89,6,9,-83,9388
(364.633)[I]: [5],0,3,4,0,-450,516,4589(364.633)[I]: [6],9,106,96,6,11,-92,9375
(364.643)[I]: [5],2,6,8,0,-470,467,4513(364.643)[I]: [6],8,113,93,4,12,-101,9360
(364.653)[I]: [5],5,7,8,0,-472,447,4380(364.653)[I]: [6],10,119,94,3,14,-111,9341
(364.663)[I]: [5],4,10,20,0,-456,426,4241(364.664)[I]: [6],14,127,87,3,16,-129,9317
(364.673)[I]: [5],3,15,32,0,-449,437,4016(364.674)[I]: [6],14,143,77,3,18,-160,9292
(364.683)[I]: [5],0,22,56,0,-464,462,3816(364.683)[I]: [6],15,143,67,3,21,-217,9260
(364.693)[I]: [5],0,21,84,0,-472,459,3653(364.693)[I]: [6],15,158,63,3,27,-298,9194
(364.703)[I]: [5],0,28,108,0,-468,381,3565(364.704)[I]: [6],16,165,49,3,30,-377,9106
(364.713)[I]: [5],0,27,104,0,-470,251,3590(364.714)[I]: [6],17,177,27,3,44,-393,8960
(364.723)[I]: [5],3,34,96,2,-482,122,3512(364.724)[I]: [6],17,159,12,3,63,-405,8764
(364.733)[I]: [5],6,39,120,8,-494,-37,3455(364.734)[I]: [6],19,138,6,3,85,-412,8519
(364.743)[I]: [5],8,46,100,14,-497,-89,3443(364.744)[I]: [6],19,99,3,3,99,-419,8228
(364.753)[I]: [5],13,47,112,17,-496,-107,3436(364.754)[I]: [6],21,82,5,3,126,-420,7888
(364.763)[I]: [5],15,53,112,19,-492,-114,3438(364.764)[I]: [6],25,49,8,3,175,-441,7525
(364.773)[I]: [5],19,55,112,20,-488,-104,3442(364.774)[I]: [6],31,30,3,3,217,-490,7147
(364.783)[I]: [5],19,58,124,20,-483,-90,3447(364.784)[I]: [6],27,22,3,3,252,-553,6766
(364.793)[I]: [5],23,57,140,19,-480,-78,3449(364.794)[I]: [6],11,15,2,3,300,-627,6400
(364.803)[I]: [5],23,59,140,20,-475,-72,3450(364.804)[I]: [6],1,9,2,3,355,-745,6008
(364.813)[I]: [5],21,59,136,20,-471,-70,3451(364.814)[I]: [6],0,11,4,3,390,-995,5682
(364.823)[I]: [5],17,58,136,22,-467,-70,3448(364.824)[I]: [6],0,8,3,3,403,-1232,5591
(364.833)[I]: [5],16,55,132,24,-465,-73,3445(364.834)[I]: [6],0,9,4,3,428,-1338,5620
(364.843)[I]: [5],15,55,124,24,-464,-79,3442(364.844)[I]: [6],0,9,5,3,427,-1427,5751
(364.853)[I]: [5],15,55,124,24,-459,-81,3442(364.854)[I]: [6],0,9,5,3,475,-1396,5928
(364.863)[I]: [5],15,56,124,22,-455,-82,3442(364.864)[I]: [6],0,10,4,3,547,-1336,6089
(364.873)[I]: [5],16,55,124,21,-450,-82,3442(364.874)[I]: [6],0,10,4,3,629,-1271,6232
(364.883)[I]: [5],15,56,116,19,-446,-84,3442(364.884)[I]: [6],0,9,4,3,701,-1230,6373
(364.893)[I]: [5],15,55,108,18,-441,-85,3442(364.894)[I]: [6],0,9,3,3,746,-1212,6522
(364.903)[I]: [5],13,54,112,17,-437,-86,3442(364.904)[I]: [6],0,10,3,3,763,-1210,6675
(364.913)[I]: [5],10,55,112,18,-433,-87,3442(364.914)[I]: [6],0,10,4,3,753,-1209,6821
(364.923)[I]: [5],13,54,108,17,-428,-87,3442(364.924)[I]: [6],0,11,4,3,721,-1196,6948
(364.933)[I]: [5],11,51,100,17,-424,-88,3442(364.934)[I]: [6],0,9,4,3,670,-1164,7045
(364.943)[I]: [5],10,51,100,16,-420,-89,3442(364.944)[I]: [6],0,10,3,3,611,-1107,7108
(364.953)[I]: [5],12,52,100,16,-416,-90,3442(364.954)[I]: [6],0,10,3,3,547,-1025,7143
(364.963)[I]: [5],12,52,96,15,-414,-93,3443(364.964)[I]: [6],0,10,3,3,485,-923,7156
(364.973)[I]: [5],12,54,104,13,-409,-94,3443(364.974)[I]: [6],0,9,3,3,430,-810,7160
(364.983)[I]: [5],14,55,104,13,-405,-95,3442(364.984)[I]: [6],0,8,2,3,389,-691,7166
(364.993)[I]: [5],14,55,104,15,-401,-97,3442(364.994)[I]: [6],0,8,1,3,362,-571,7189
(364.999)[I]: [5],16,57,104,15,-397,-99,3442(364.999)[I]: [6],0,9,0,3,350,-458,7230
(364.999)[I]: [5],17,57,104,15,-393,-100,3442(364.999)[I]: [6],0,10,0,3,352,-358,7288
(364.999)[I]: [5],17,59,104,13,-389,-101,3442(365.000)[I]: [6],0,9,0,3,360,-267,7353
(365.009)[I]: [5],19,61,104,13,-386,-102,3442(365.010)[I]: [6],0,8,0,3,369,-193,7422
(365.019)[I]: [5],18,62,104,11,-382,-104,3442(365.020)[I]: [6],0,8,0,3,363,-129,7484
(365.029)[I]: [5],17,63,104,12,-378,-105,3442(365.030)[I]: [6],0,7,0,3,339,-67,7539
(365.039)[I]: [5],15,62,100,12,-374,-107,3442(365.040)[I]: [6],0,8,0,3,292,-7,7585
(365.049)[I]: [5],13,61,88,12,-370,-108,3442(365.050)[I]: [6],0,8,0,3,230,54,7626
(365.059)[I]: [5],13,59,92,12,-367,-110,3442(365.060)[I]: [6],0,8,1,3,144,90,7669
(365.069)[I]: [5],11,57,88,12,-363,-111,3442(365.070)[I]: [6],0,9,1,3,47,126,7716
(365.079)[I]: [5],12,59,84,12,-359,-112,3442(365.080)[I]: [6],0,8,1,3,-55,151,7770
(365.089)[I]: [5],14,63,84,12,-358,-116,3448(365.090)[I]: [6],0,8,1,3,-149,171,7831
(365.099)[I]: [5],16,71,88,12,-356,-118,3456(365.100)[I]: [6],0,9,1,3,-230,191,7899
(365.109)[I]: [5],16,77,88,11,-353,-121,3460(365.110)[I]: [6],0,10,1,3,-292,205,7972
(365.119)[I]: [5],19,83,92,11,-349,-123,3460(365.120)[I]: [6],0,10,1,3,-335,206,8050
(365.129)[I]: [5],19,82,96,13,-346,-126,3460(365.130)[I]: [6],0,12,1,3,-363,186,8133
(365.139)[I]: [5],18,81,92,13,-343,-126,3457(365.140)[I]: [6],0,12,1,3,-384,155,8217
(365.149)[I]: [5],17,76,88,13,-340,-126,3454(365.150)[I]: [6],0,11,1,3,-400,127,8298
(365.159)[I]: [5],19,73,88,14,-337,-126,3455(365.160)[I]: [6],0,11,2,3,-415,116,8370
(365.169)[I]: [5],19,78,96,13,-333,-126,3455(365.170)[I]: [6],0,11,1,3,-429,131,8425
(365.179)[I]: [5],26,83,100,13,-332,-127,3461(365.180)[I]: [6],0,10,2,3,-438,169,8463
(365.189)[I]: [5],34,89,112,12,-331,-131,3468(365.190)[I]: [6],0,10,2,3,-441,218,8485
(365.199)[I]: [5],35,101,112,11,-329,-134,3474(365.200)[I]: [6],0,9,2,3,-435,269,8497
(365.209)[I]: [5],35,111,112,10,-326,-136,3474(365.210)[I]: [6],0,10,2,3,-422,316,8505
(365.219)[I]: [5],38,115,124,10,-323,-138,3474(365.220)[I]: [6],0,10,2,3,-405,358,8512
(365.229)[I]: [5],43,120,124,11,-320,-138,3477(365.230)[I]: [6],0,11,2,3,-387,392,8517
(365.239)[I]: [5],50,131,140,11,-318,-136,3486(365.240)[I]: [6],0,11,3,3,-370,421,8515
(365.249)[I]: [5],58,145,148,9,-317,-138,3495(365.250)[I]: [6],0,12,3,3,-354,445,8506
(365.259)[I]: [5],66,158,160,8,-316,-140,3504(365.260)[I]: [6],0,11,3,3,-341,463,8489
(365.269)[I]: [5],74,175,160,6,-316,-144,3516(365.270)[I]: [6],0,11,2,3,-333,476,8461
(365.279)[I]: [5],88,193,164,6,-316,-148,3530(365.280)[I]: [6],0,10,1,3,-334,485,8424
(365.289)[I]: [5],99,210,156,6,-317,-153,3547(365.290)[I]: [6],0,11,1,3,-343,491,8380
(365.299)[I]: [5],114,232,164,6,-317,-159,3565(365.300)[I]: [6],0,12,1,3,-362,488,8331
(365.309)[I]: [5],125,249,172,5,-318,-165,3588(365.310)[I]: [6],0,12,1,3,-389,479,8278
(365.319)[I]: [5],132,266,176,2,-318,-176,3619(365.320)[I]: [6],0,12,1,3,-424,462,8220
(365.329)[I]: [5],143,277,172,1,-319,-195,3662(365.330)[I]: [6],0,12,1,3,-467,437,8155
(365.339)[I]: [5],155,295,164,0,-321,-238,3719(365.340)[I]: [6],0,14,6,3,-495,399,8102
(365.349)[I]: [5],167,317,144,0,-323,-300,3791(365.350)[I]: [6],0,20,7,3,-569,192,8252
(365.359)[I]: [5],176,331,100,0,-328,-336,3883(365.360)[I]: [6],0,24,10,3,-647,86,8472
(365.369)[I]: [5],176,344,80,0,-328,-360,4004(365.370)[I]: [6],0,24,19,3,-686,72,8647
(365.379)[I]: [5],186,335,52,0,-325,-374,4163(365.380)[I]: [6],0,29,28,3,-686,72,8831
(365.389)[I]: [5],188,318,28,0,-320,-375,4362(365.390)[I]: [6],0,29,41,2,-671,48,8995
(365.399)[I]: [5],188,269,20,0,-315,-373,4596(365.400)[I]: [6],0,37,57,2,-678,-1,9113
(365.409)[I]: [5],183,219,12,0,-309,-375,4855(365.410)[I]: [6],0,45,68,2,-667,-198,9108
(365.419)[I]: [5],166,145,16,0,-304,-395,5146(365.420)[I]: [6],1,47,76,3,-647,-318,9143
(365.429)[I]: [5],167,95,8,0,-309,-427,5464(365.430)[I]: [6],2,55,81,6,-612,-374,9181
(365.439)[I]: [5],146,56,12,0,-323,-477,5796(365.440)[I]: [6],3,57,79,6,-620,-357,9194
(365.449)[I]: [5],131,40,8,0,-344,-546,6135(365.450)[I]: [6],6,58,81,10,-619,-351,9203
(365.459)[I]: [5],108,21,4,0,-375,-628,6466(365.460)[I]: [6],6,59,75,11,-617,-359,9204
(365.469)[I]: [5],73,18,8,0,-404,-703,6782(365.470)[I]: [6],7,53,74,14,-611,-364,9203
(365.479)[I]: [5],44,10,8,0,-453,-752,7097(365.480)[I]: [6],4,54,71,15,-605,-364,9203
(365.489)[I]: [5],20,7,8,0,-505,-831,7384(365.489)[I]: [6],4,53,68,17,-599,-364,9204
(365.499)[I]: [5],9,8,0,0,-554,-964,7671(365.499)[I]: [6],3,53,69,16,-593,-363,9204
(365.509)[I]: [5],2,6,4,0,-582,-1174,7869(365.509)[I]: [6],3,51,63,15,-587,-362,9204
(365.519)[I]: [5],0,3,4,0,-615,-1343,7944(365.519)[I]: [6],3,51,61,14,-581,-362,9204
(365.529)[I]: [5],0,3,4,0,-655,-1489,7903(365.529)[I]: [6],3,51,60,12,-575,-362,9204
(365.539)[I]: [5],0,3,4,0,-697,-1567,7754(365.539)[I]: [6],3,54,60,10,-570,-363,9204
(365.549)[I]: [5],3,3,0,0,-758,-1562,7534(365.549)[I]: [6],3,54,57,10,-564,-365,9204
(365.559)[I]: [5],3,3,4,0,-839,-1517,7308(365.559)[I]: [6],2,55,56,9,-558,-367,9204
(365.569)[I]: [5],3,4,4,0,-928,-1462,7103(365.569)[I]: [6],3,55,55,9,-553,-369,9204
(365.579)[I]: [5],3,3,4,0,-1016,-1424,6928(365.580)[I]: [6],3,56,54,9,-547,-370,9204
(365.589)[I]: [5],3,3,4,0,-1092,-1407,6775(365.590)[I]: [6],4,57,55,9,-542,-370,9204
(365.599)[I]: [5],2,3,4,0,-1146,-1406,6645(365.600)[I]: [6],4,56,56,9,-536,-370,9204
(365.609)[I]: [5],2,3,4,0,-1174,-1418,6532(365.610)[I]: [6],5,54,57,10,-531,-370,9204
(365.619)[I]: [5],0,3,0,0,-1175,-1434,6429(365.619)[I]: [6],5,54,59,9,-526,-371,9204
(365.629)[I]: [5],0,3,0,0,-1155,-1444,6324(365.629)[I]: [6],4,56,60,10,-521,-371,9204
(365.639)[I]: [5],0,3,0,0,-1125,-1427,6214(365.639)[I]: [6],4,57,60,9,-515,-372,9204
(365.649)[I]: [5],0,3,0,0,-1088,-1373,6092(365.649)[I]: [6],5,56,60,9,-510,-373,9204
(365.659)[I]: [5],0,3,0,0,-1053,-1291,5958(365.659)[I]: [6],5,55,60,10,-505,-374,9204
(365.669)[I]: [5],0,3,0,0,-1025,-1195,5817(365.669)[I]: [6],6,56,61,10,-500,-375,9204
(365.679)[I]: [5],0,3,4,0,-1004,-1103,5674(365.679)[I]: [6],6,55,61,11,-495,-375,9204
(365.689)[I]: [5],0,3,4,0,-988,-1019,5535(365.689)[I]: [6],7,52,61,10,-490,-375,9204
(365.699)[I]: [5],0,3,0,0,-973,-946,5400(365.699)[I]: [6],6,56,62,9,-485,-375,9204
(365.709)[I]: [5],0,3,0,0,-956,-884,5274(365.709)[I]: [6],6,56,62,9,-480,-376,9204
(365.719)[I]: [5],0,3,0,0,-934,-836,5159(365.719)[I]: [6],6,56,63,9,-476,-377,9204
(365.729)[I]: [5],0,2,0,0,-906,-798,5059(365.729)[I]: [6],6,60,63,10,-471,-379,9204
(365.739)[I]: [5],0,2,0,0,-873,-766,4973(365.739)[I]: [6],7,62,63,9,-466,-380,9204
(365.749)[I]: [5],0,3,0,0,-836,-734,4900(365.749)[I]: [6],7,63,63,9,-462,-380,9204
(365.759)[I]: [5],0,3,0,0,-795,-699,4840(365.759)[I]: [6],6,67,66,9,-457,-380,9204
(365.769)[I]: [5],0,3,0,0,-750,-661,4790(365.769)[I]: [6],5,60,69,10,-452,-381,9204
(365.779)[I]: [5],0,3,0,0,-702,-618,4746(365.779)[I]: [6],6,62,71,10,-448,-382,9204
(365.789)[I]: [5],0,3,0,0,-652,-568,4702(365.789)[I]: [6],5,62,71,10,-443,-382,9204
(365.799)[I]: [5],0,3,0,0,-601,-509,4658(365.799)[I]: [6],5,60,71,11,-439,-383,9204
(365.809)[I]: [5],0,2,0,0,-550,-439,4616(365.809)[I]: [6],3,61,71,10,-435,-384,9204
(365.819)[I]: [5],0,2,0,0,-499,-360,4580(365.819)[I]: [6],4,62,73,9,-430,-384,9204
(365.829)[I]: [5],0,2,0,0,-451,-274,4546(365.829)[I]: [6],3,61,74,9,-426,-385,9204
(365.839)[I]: [5],0,2,0,0,-407,-193,4518(365.839)[I]: [6],4,63,76,10,-422,-386,9204
(365.849)[I]: [5],0,3,0,0,-366,-123,4503(365.849)[I]: [6],3,63,77,8,-418,-386,9204
(365.859)[I]: [5],0,2,0,0,-328,-65,4503(365.859)[I]: [6],3,63,78,11,-413,-387,9203
(365.869)[I]: [5],0,2,0,0,-291,-18,4522(365.869)[I]: [6],3,61,78,11,-409,-387,9203
(365.879)[I]: [5],0,2,0,0,-251,18,4555(365.879)[I]: [6],3,59,79,13,-405,-388,9203
(365.889)[I]: [5],0,3,0,0,-208,45,4599(365.889)[I]: [6],2,58,79,13,-401,-388,9203
(365.899)[I]: [5],0,2,0,0,-160,58,4648(365.899)[I]: [6],3,57,79,13,-397,-388,9203
(365.909)[I]: [5],0,3,0,0,-110,62,4702(365.909)[I]: [6],3,56,79,14,-393,-389,9203
(365.919)[I]: [5],3,3,4,0,-75,36,4691(365.919)[I]: [6],3,55,80,15,-389,-389,9203
(365.929)[I]: [5],4,5,4,0,-50,20,4470(365.929)[I]: [6],3,53,81,17,-385,-390,9203
(365.939)[I]: [5],3,6,0,0,-32,43,4294(365.939)[I]: [6],3,53,80,17,-382,-390,9203
(365.949)[I]: [5],3,10,4,0,-23,85,4130(365.949)[I]: [6],3,52,81,17,-378,-391,9203
(365.959)[I]: [5],3,13,4,0,-31,138,3959(365.959)[I]: [6],2,52,82,17,-374,-391,9203
(365.969)[I]: [5],2,12,12,0,-42,160,3828(365.969)[I]: [6],1,51,79,17,-370,-391,9203
(365.979)[I]: [5],1,11,28,0,-47,140,3719(365.979)[I]: [6],2,49,77,16,-367,-391,9203
(365.989)[I]: [5],0,19,28,0,-47,111,3625(365.989)[I]: [6],1,48,75,17,-363,-392,9203
(365.999)[I]: [5],0,23,44,0,-58,22,3563(365.999)[I]: [6],1,47,74,16,-359,-392,9203
(365.999)[I]: [5],1,22,52,1,-64,-52,3565(365.999)[I]: [6],1,44,74,15,-356,-392,9203
(365.999)[I]: [5],3,20,44,5,-68,-90,3560(365.999)[I]: [6],1,44,69,15,-352,-393,9203
(366.005)[I]: [5],3,23,44,6,-72,-122,3551(366.005)[I]: [6],1,42,66,10,-349,-393,9203
(366.015)[I]: [5],3,25,44,8,-73,-134,3546(366.015)[I]: [6],0,41,63,9,-345,-393,9203
(366.025)[I]: [5],3,22,44,7,-72,-139,3546(366.025)[I]: [6],0,35,60,7,-342,-393,9203
(366.035)[I]: [5],1,20,48,7,-72,-136,3545(366.035)[I]: [6],0,35,58,7,-338,-393,9203
(366.045)[I]: [5],0,21,48,7,-72,-127,3542(366.045)[I]: [6],0,35,55,7,-335,-394,9203
(366.055)[I]: [5],0,19,48,7,-71,-116,3541(366.055)[I]: [6],0,34,51,6,-332,-394,9203
(366.065)[I]: [5],0,17,48,7,-70,-104,3538(366.065)[I]: [6],0,34,52,7,-328,-394,9203
(366.075)[I]: [5],0,15,52,7,-70,-94,3537(366.075)[I]: [6],0,34,49,7,-325,-394,9203
(366.085)[I]: [5],0,15,52,7,-70,-84,3536(366.085)[I]: [6],0,34,49,7,-322,-395,9203
(366.095)[I]: [5],0,15,60,7,-70,-76,3536(366.095)[I]: [6],0,34,48,7,-318,-395,9203
(366.105)[I]: [5],0,15,60,8,-69,-75,3536(366.105)[I]: [6],0,33,47,7,-315,-395,9203
(366.115)[I]: [5],0,15,72,8,-68,-74,3536(366.115)[I]: [6],0,34,47,7,-312,-395,9203
(366.125)[I]: [5],0,15,80,11,-67,-73,3536(366.125)[I]: [6],0,33,48,7,-309,-395,9203
(366.135)[I]: [5],0,17,88,12,-67,-71,3536(366.135)[I]: [6],0,31,46,7,-306,-395,9203
(366.145)[I]: [5],0,20,88,13,-67,-73,3537(366.145)[I]: [6],0,30,45,7,-303,-396,9202
(366.155)[I]: [5],0,20,92,13,-67,-79,3540(366.155)[I]: [6],0,31,43,8,-300,-396,9202
(366.165)[I]: [5],0,21,92,13,-67,-86,3543(366.165)[I]: [6],0,31,38,7,-297,-396,9202
(366.175)[I]: [5],0,25,96,13,-68,-94,3547(366.175)[I]: [6],0,29,39,7,-294,-396,9202
(366.185)[I]: [5],1,23,96,13,-68,-101,3550(366.186)[I]: [6],0,30,31,8,-291,-396,9202
(366.195)[I]: [5],2,23,84,13,-68,-104,3551(366.196)[I]: [6],0,29,31,8,-288,-396,9202
(366.205)[I]: [5],3,27,88,12,-67,-105,3551(366.206)[I]: [6],0,30,29,7,-285,-396,9202
(366.215)[I]: [5],3,24,88,11,-67,-106,3551(366.216)[I]: [6],0,30,31,7,-282,-397,9202
(366.225)[I]: [5],3,25,88,12,-66,-106,3551(366.226)[I]: [6],0,28,31,7,-279,-397,9202
(366.235)[I]: [5],3,25,92,11,-65,-106,3551(366.236)[I]: [6],0,29,30,7,-277,-397,9202
(366.245)[I]: [5],3,25,96,12,-65,-106,3551(366.246)[I]: [6],0,29,31,7,-274,-398,9202
(366.255)[I]: [5],3,25,100,11,-64,-105,3551(366.256)[I]: [6],0,27,30,7,-271,-397,9202
(366.265)[I]: [5],3,25,96,11,-63,-104,3551(366.266)[I]: [6],0,26,29,7,-268,-398,9202
(366.275)[I]: [5],3,26,100,11,-63,-104,3551(366.276)[I]: [6],0,26,31,7,-266,-398,9202
(366.285)[I]: [5],2,25,104,11,-62,-103,3551(366.286)[I]: [6],0,25,31,7,-263,-398,9202
(366.295)[I]: [5],2,25,104,11,-61,-102,3551(366.296)[I]: [6],0,26,30,7,-261,-398,9202
(366.305)[I]: [5],2,27,104,12,-61,-102,3551(366.306)[I]: [6],0,27,30,8,-258,-398,9202
(366.315)[I]: [5],1,27,108,12,-60,-100,3551(366.316)[I]: [6],0,26,31,8,-255,-398,9202
(366.325)[I]: [5],2,27,104,12,-60,-100,3551(366.326)[I]: [6],0,27,31,8,-253,-399,9202
(366.335)[I]: [5],1,26,104,13,-59,-100,3551(366.336)[I]: [6],0,26,31,8,-250,-399,9202
(366.345)[I]: [5],0,26,104,13,-58,-100,3551(366.346)[I]: [6],0,28,34,8,-248,-400,9202
(366.355)[I]: [5],0,27,104,13,-58,-100,3551(366.356)[I]: [6],0,27,31,8,-245,-400,9202
(366.365)[I]: [5],0,27,108,13,-57,-99,3551(366.366)[I]: [6],0,27,31,8,-243,-400,9202
(366.375)[I]: [5],0,27,108,13,-57,-99,3551(366.376)[I]: [6],0,28,31,7,-240,-400,9201
(366.385)[I]: [5],1,26,108,13,-56,-99,3551(366.386)[I]: [6],0,27,34,7,-238,-401,9201
(366.395)[I]: [5],0,27,108,13,-55,-99,3551(366.396)[I]: [6],0,27,31,7,-236,-401,9201
(366.405)[I]: [5],0,26,108,12,-55,-99,3551(366.406)[I]: [6],0,27,31,7,-233,-401,9201
(366.415)[I]: [5],1,26,108,12,-54,-98,3551(366.416)[I]: [6],0,26,31,7,-231,-401,9201
(366.425)[I]: [5],1,27,108,13,-54,-98,3551(366.426)[I]: [6],0,27,31,7,-229,-402,9201
(366.435)[I]: [5],0,26,104,12,-53,-97,3551(366.436)[I]: [6],0,26,31,7,-226,-402,9201
(366.445)[I]: [5],0,26,104,13,-53,-97,3551(366.446)[I]: [6],0,27,31,7,-224,-402,9201
(366.455)[I]: [5],1,26,104,12,-52,-96,3551(366.456)[I]: [6],0,27,31,7,-222,-402,9201
(366.465)[I]: [5],0,26,104,12,-52,-95,3551(366.466)[I]: [6],0,26,31,7,-220,-402,9201
(366.475)[I]: [5],1,27,108,13,-51,-96,3551(366.476)[I]: [6],0,26,31,7,-217,-402,9201
(366.485)[I]: [5],0,28,108,12,-51,-95,3551(366.486)[I]: [6],0,27,31,7,-215,-403,9201
(366.495)[I]: [5],1,27,108,13,-50,-95,3551(366.496)[I]: [6],0,27,31,7,-213,-403,9201
(366.505)[I]: [5],1,27,108,13,-50,-94,3551(366.506)[I]: [6],0,26,31,7,-211,-403,9201
(366.515)[I]: [5],1,26,108,12,-49,-94,3551(366.516)[I]: [6],0,26,31,7,-209,-403,9201
(366.525)[I]: [5],1,27,112,12,-49,-93,3551(366.526)[I]: [6],0,26,34,7,-207,-404,9201
(366.535)[I]: [5],1,28,112,12,-48,-93,3551(366.536)[I]: [6],0,26,31,7,-205,-404,9201
(366.545)[I]: [5],2,31,112,12,-48,-93,3551(366.546)[I]: [6],0,26,31,7,-203,-404,9201
(366.555)[I]: [5],3,31,116,11,-47,-93,3551(366.556)[I]: [6],0,26,31,7,-201,-404,9201
(366.565)[I]: [5],3,31,120,11,-47,-92,3551(366.566)[I]: [6],0,26,31,7,-199,-404,9201
(366.575)[I]: [5],3,30,116,11,-46,-92,3551(366.576)[I]: [6],0,26,31,7,-197,-404,9201
(366.585)[I]: [5],3,29,116,11,-46,-91,3551(366.586)[I]: [6],0,26,31,6,-195,-405,9201
(366.595)[I]: [5],3,29,116,11,-45,-91,3551(366.596)[I]: [6],0,27,31,6,-193,-405,9200