(412.055)[I]: [5],0,7,48,24,-6,-202,4213(412.055)[I]: [6],0,17,31,13,-6,-370,7539
(412.065)[I]: [5],0,7,48,24,-6,-203,4213(412.065)[I]: [6],0,18,30,14,-6,-370,7539
(412.075)[I]: [5],0,7,48,24,-6,-203,4213(412.075)[I]: [6],0,17,30,13,-6,-370,7539
(412.085)[I]: [5],0,7,48,24,-6,-203,4213(412.085)[I]: [6],0,17,30,14,-6,-370,7539
(412.095)[I]: [5],0,7,48,24,-6,-203,4213(412.095)[I]: [6],0,18,30,13,-6,-370,7539
(412.105)[I]: [5],0,7,48,24,-6,-203,4213(412.105)[I]: [6],0,17,30,14,-6,-370,7539
(412.115)[I]: [5],0,7,48,24,-6,-203,4213(412.115)[I]: [6],0,17,30,13,-6,-370,7539
(412.125)[I]: [5],0,7,48,24,-6,-203,4213(412.125)[I]: [6],0,17,30,14,-6,-370,7539
(412.135)[I]: [5],0,7,48,24,-6,-203,4213(412.135)[I]: [6],0,17,30,14,-5,-370,7539
(412.145)[I]: [5],0,7,48,24,-6,-203,4213(412.145)[I]: [6],0,17,30,14,-5,-370,7539
(412.155)[I]: [5],0,7,48,24,-6,-203,4213(412.155)[I]: [6],0,17,30,14,-5,-370,7539
(412.165)[I]: [5],0,7,48,24,-6,-203,4213(412.165)[I]: [6],0,17,30,13,-5,-370,7539
(412.175)[I]: [5],0,7,48,24,-6,-203,4213(412.175)[I]: [6],0,18,30,14,-5,-370,7539
(412.185)[I]: [5],0,7,48,24,-6,-203,4213(412.185)[I]: [6],0,18,30,14,-5,-370,7539
(412.195)[I]: [5],0,7,48,24,-5,-203,4213(412.195)[I]: [6],0,17,30,13,-5,-370,7539
(412.205)[I]: [5],0,7,48,24,-5,-204,4213(412.205)[I]: [6],0,17,30,13,-5,-370,7539
(412.215)[I]: [5],0,7,48,24,-5,-204,4213(412.215)[I]: [6],0,17,30,14,-5,-370,7539
(412.225)[I]: [5],0,7,48,24,-5,-204,4213(412.225)[I]: [6],0,17,30,14,-5,-370,7539
(412.235)[I]: [5],0,7,48,24,-5,-204,4213(412.235)[I]: [6],0,18,30,14,-5,-370,7539
(412.245)[I]: [5],0,7,48,24,-5,-204,4213(412.245)[I]: [6],0,18,30,14,-5,-370,7539
(412.255)[I]: [5],0,7,48,24,-5,-204,4213(412.255)[I]: [6],0,18,30,14,-5,-370,7539
(412.265)[I]: [5],0,7,48,24,-5,-204,4213(412.265)[I]: [6],0,17,30,14,-5,-370,7539
(412.275)[I]: [5],0,7,48,24,-5,-204,4213(412.275)[I]: [6],0,17,30,13,-5,-370,7539
(412.285)[I]: [5],0,7,48,24,-5,-204,4213(412.285)[I]: [6],0,17,30,14,-5,-370,7539
(412.295)[I]: [5],0,7,48,24,-5,-204,4213(412.295)[I]: [6],0,17,30,14,-5,-370,7539
(412.305)[I]: [5],0,7,48,24,-5,-205,4213(412.305)[I]: [6],0,17,30,14,-5,-370,7539
(412.315)[I]: [5],0,7,48,24,-5,-205,4213(412.315)[I]: [6],0,18,30,14,-4,-370,7539
(412.325)[I]: [5],0,7,48,24,-5,-205,4213(412.325)[I]: [6],0,17,30,14,-4,-370,7539
(412.335)[I]: [5],0,7,48,24,-5,-205,4213(412.335)[I]: [6],0,18,30,14,-4,-370,7539
(412.345)[I]: [5],0,7,48,24,-5,-205,4213(412.345)[I]: [6],0,17,30,14,-4,-371,7539
(412.355)[I]: [5],0,7,48,24,-5,-205,4213(412.355)[I]: [6],0,17,30,14,-4,-371,7539
(412.365)[I]: [5],0,7,48,24,-5,-205,4213(412.365)[I]: [6],0,17,30,14,-4,-371,7539
(412.375)[I]: [5],0,7,48,24,-4,-205,4213(412.375)[I]: [6],0,18,30,14,-4,-371,7539
(412.385)[I]: [5],0,7,48,24,-4,-204,4213(412.385)[I]: [6],0,17,30,14,-4,-371,7539
(412.395)[I]: [5],0,7,48,24,-4,-204,4213(412.395)[I]: [6],0,18,30,14,-4,-370,7539
(412.405)[I]: [5],0,7,48,24,-4,-204,4213(412.405)[I]: [6],0,18,30,14,-4,-370,7539
(412.415)[I]: [5],0,7,44,24,-4,-204,4213(412.415)[I]: [6],0,18,30,14,-4,-370,7539
(412.425)[I]: [5],0,7,44,24,-4,-204,4213(412.425)[I]: [6],0,17,30,14,-4,-371,7539
(412.435)[I]: [5],0,7,44,24,-4,-204,4213(412.435)[I]: [6],0,17,30,14,-4,-371,7539
(412.445)[I]: [5],0,7,48,24,-4,-204,4213(412.445)[I]: [6],0,18,29,14,-4,-371,7539
(412.455)[I]: [5],0,7,48,24,-4,-204,4213(412.455)[I]: [6],0,17,30,14,-4,-371,7539
(412.465)[I]: [5],0,7,48,25,-4,-205,4213(412.465)[I]: [6],0,17,29,14,-4,-371,7539
(412.475)[I]: [5],0,7,48,24,-4,-205,4213(412.475)[I]: [6],0,17,30,14,-4,-371,7539
(412.485)[I]: [5],0,7,48,24,-4,-205,4213(412.485)[I]: [6],0,17,30,14,-4,-371,7539
(412.495)[I]: [5],0,7,48,25,-4,-205,4213(412.495)[I]: [6],0,18,29,14,-4,-371,7539
(412.505)[I]: [5],0,7,48,24,-4,-205,4213(412.505)[I]: [6],0,17,30,14,-4,-371,7539
(412.515)[I]: [5],0,7,48,25,-4,-205,4213(412.515)[I]: [6],0,17,29,14,-4,-371,7539
(412.525)[I]: [5],0,7,48,24,-4,-205,4213(412.525)[I]: [6],0,17,30,14,-4,-371,7539
(412.535)[I]: [5],0,7,48,24,-4,-205,4213(412.535)[I]: [6],0,17,30,14,-3,-371,7539
(412.545)[I]: [5],0,7,48,25,-4,-204,4213(412.545)[I]: [6],0,17,29,14,-3,-371,7539
(412.555)[I]: [5],0,7,48,25,-4,-204,4213(412.555)[I]: [6],0,17,29,14,-3,-371,7539
(412.565)[I]: [5],0,7,48,25,-4,-205,4213(412.565)[I]: [6],0,17,29,14,-3,-371,7539
(412.575)[I]: [5],0,7,48,25,-4,-204,4213(412.575)[I]: [6],0,17,29,14,-3,-371,7539
(412.585)[I]: [5],0,7,48,25,-4,-205,4213(412.585)[I]: [6],0,17,29,15,-3,-371,7539
(412.595)[I]: [5],0,7,48,25,-3,-205,4213(412.595)[I]: [6],0,17,29,15,-3,-371,7539
(412.605)[I]: [5],0,7,48,25,-3,-205,4213(412.605)[I]: [6],0,17,29,15,-3,-371,7539
(412.615)[I]: [5],0,7,48,25,-3,-205,4213(412.615)[I]: [6],0,17,29,15,-3,-371,7539
(412.625)[I]: [5],0,7,48,25,-3,-205,4213(412.625)[I]: [6],0,17,29,15,-3,-371,7539
(412.635)[I]: [5],0,7,48,25,-3,-205,4213(412.635)[I]: [6],0,17,29,15,-3,-372,7539
(412.645)[I]: [5],0,7,48,25,-3,-205,4213(412.645)[I]: [6],0,17,29,15,-3,-372,7539
(412.655)[I]: [5],0,7,48,25,-3,-206,4213(412.655)[I]: [6],0,17,29,15,-3,-372,7539
(412.665)[I]: [5],0,6,48,25,-3,-206,4213(412.665)[I]: [6],0,17,29,15,-3,-372,7539
(412.675)[I]: [5],0,6,48,25,-3,-206,4213(412.675)[I]: [6],0,16,29,15,-3,-371,7539
(412.685)[I]: [5],0,6,48,26,-3,-206,4213(412.685)[I]: [6],0,17,29,15,-3,-371,7539
(412.695)[I]: [5],0,6,44,27,-3,-206,4213(412.695)[I]: [6],0,16,29,15,-3,-372,7539
(412.705)[I]: [5],0,6,44,28,-3,-206,4213(412.705)[I]: [6],0,16,28,15,-3,-372,7539
(412.715)[I]: [5],0,5,44,28,-3,-206,4213(412.715)[I]: [6],0,15,28,15,-3,-372,7539
(412.725)[I]: [5],0,4,44,28,-3,-206,4213(412.725)[I]: [6],0,15,28,15,-3,-372,7539
(412.735)[I]: [5],0,4,44,32,-3,-206,4213(412.735)[I]: [6],0,15,28,15,-3,-372,7539
(412.745)[I]: [5],0,3,44,34,-3,-206,4213(412.745)[I]: [6],0,15,27,15,-3,-372,7539
(412.755)[I]: [5],0,3,44,36,-3,-206,4213(412.755)[I]: [6],0,15,27,15,-3,-372,7539
(412.765)[I]: [5],0,3,44,36,-3,-206,4213(412.765)[I]: [6],0,15,26,15,-3,-372,7539
(412.775)[I]: [5],0,3,44,40,-3,-205,4213(412.775)[I]: [6],0,15,26,15,-3,-372,7539
(412.785)[I]: [5],0,3,44,43,-3,-205,4213(412.785)[I]: [6],0,13,26,15,-3,-372,7539
(412.795)[I]: [5],0,3,44,47,-3,-205,4213(412.795)[I]: [6],0,13,25,15,-3,-372,7539
(412.805)[I]: [5],0,3,44,49,-3,-205,4213(412.805)[I]: [6],0,13,24,15,-3,-372,7539
(412.815)[I]: [5],0,2,44,51,-3,-204,4213(412.815)[I]: [6],0,13,24,15,-3,-372,7539
(412.825)[I]: [5],0,1,44,54,-3,-204,4213(412.825)[I]: [6],0,12,23,14,-2,-372,7539
(412.835)[I]: [5],0,2,44,54,-3,-204,4213(412.835)[I]: [6],0,13,21,14,-2,-372,7539
(412.845)[I]: [5],0,1,44,54,-3,-204,4213(412.845)[I]: [6],0,12,20,14,-2,-372,7539
(412.855)[I]: [5],0,2,44,55,-3,-203,4213(412.855)[I]: [6],0,12,19,14,-2,-372,7539
(412.865)[I]: [5],0,2,44,55,-3,-203,4213(412.865)[I]: [6],0,13,19,13,-2,-372,7539
(412.875)[I]: [5],0,2,44,54,-3,-202,4213(412.875)[I]: [6],0,12,16,13,-2,-372,7539
(412.885)[I]: [5],0,3,48,55,-2,-203,4213(412.885)[I]: [6],0,12,15,12,-2,-372,7539
(412.895)[I]: [5],0,3,48,57,-2,-202,4213(412.895)[I]: [6],0,12,15,12,-2,-372,7539
(412.905)[I]: [5],0,4,52,57,-2,-201,4213(412.905)[I]: [6],0,12,14,12,-2,-372,7539
(412.915)[I]: [5],0,5,56,60,-2,-201,4213(412.915)[I]: [6],0,12,13,12,-2,-372,7539
(412.925)[I]: [5],0,5,56,60,-2,-200,4213(412.925)[I]: [6],0,11,15,12,-2,-372,7539
(412.935)[I]: [5],0,4,60,60,-2,-200,4213(412.935)[I]: [6],0,11,14,12,-2,-372,7539
(412.945)[I]: [5],0,5,60,61,-2,-199,4213(412.945)[I]: [6],0,11,12,12,-2,-372,7539
(412.955)[I]: [5],0,5,60,57,-2,-199,4213(412.955)[I]: [6],0,11,12,12,-2,-372,7539
(412.965)[I]: [5],0,5,60,57,-2,-199,4213(412.965)[I]: [6],0,10,9,11,-2,-372,7539
(412.975)[I]: [5],0,5,60,57,-2,-199,4213(412.975)[I]: [6],0,9,9,12,-2,-372,7539
(412.985)[I]: [5],0,6,60,57,-2,-198,4213(412.985)[I]: [6],0,10,9,11,-2,-372,7539
(412.995)[I]: [5],0,6,60,57,-2,-198,4213(412.995)[I]: [6],0,9,8,11,-2,-372,7539
(412.999)[I]: [5],0,7,60,57,-2,-197,4213(412.999)[I]: [6],0,9,9,11,-2,-372,7539
(412.999)[I]: [5],0,7,64,52,-2,-197,4213(412.999)[I]: [6],0,10,9,11,-2,-372,7539
(413.001)[I]: [5],0,8,68,51,-2,-198,4215(413.001)[I]: [6],0,9,9,11,-2,-372,7539
(413.011)[I]: [5],0,9,68,48,-3,-198,4219(413.011)[I]: [6],0,9,8,12,-2,-372,7539
(413.021)[I]: [5],0,11,80,38,-4,-198,4226(413.021)[I]: [6],0,9,9,12,-2,-373,7539
(413.031)[I]: [5],0,11,76,27,-5,-200,4234(413.031)[I]: [6],0,9,8,12,-2,-373,7539
(413.041)[I]: [5],0,13,80,23,-7,-202,4245(413.041)[I]: [6],0,9,9,12,-2,-373,7539
(413.051)[I]: [5],0,15,84,19,-7,-203,4260(413.051)[I]: [6],0,9,9,12,-2,-373,7539
(413.061)[I]: [5],0,19,84,13,-9,-208,4274(413.061)[I]: [6],0,9,10,12,-2,-373,7539
(413.071)[I]: [5],0,25,88,12,-11,-213,4289(413.071)[I]: [6],0,9,11,13,-2,-373,7539
(413.081)[I]: [5],0,26,92,10,-12,-220,4304(413.081)[I]: [6],0,9,11,14,-2,-373,7539
(413.091)[I]: [5],0,30,92,9,-14,-227,4322(413.091)[I]: [6],0,10,12,15,-2,-373,7539
(413.101)[I]: [5],0,35,92,7,-16,-234,4349(413.101)[I]: [6],0,10,13,17,-2,-373,7539
(413.111)[I]: [5],5,38,88,5,-18,-245,4385(413.111)[I]: [6],0,10,13,20,-2,-373,7539
(413.121)[I]: [5],5,39,80,2,-22,-271,4428(413.122)[I]: [6],0,12,15,23,-2,-373,7539
(413.131)[I]: [5],7,38,68,2,-25,-318,4480(413.132)[I]: [6],0,12,19,24,-2,-372,7539
(413.141)[I]: [5],7,39,60,1,-31,-351,4567(413.142)[I]: [6],0,12,17,27,-2,-372,7539
(413.151)[I]: [5],9,41,48,1,-39,-383,4693(413.152)[I]: [6],0,13,21,31,-2,-372,7539
(413.161)[I]: [5],10,35,24,2,-47,-419,4851(413.162)[I]: [6],0,13,24,35,-2,-372,7539
(413.171)[I]: [5],13,27,8,2,-58,-430,5034(413.172)[I]: [6],0,14,26,38,-2,-371,7539
(413.181)[I]: [5],13,18,8,2,-81,-404,5230(413.182)[I]: [6],0,15,27,43,-2,-371,7539
(413.191)[I]: [5],13,12,8,2,-118,-361,5445(413.192)[I]: [6],0,15,30,46,-2,-371,7539
(413.201)[I]: [5],15,11,4,2,-159,-326,5672(413.202)[I]: [6],0,15,31,49,-1,-371,7539
(413.211)[I]: [5],15,8,0,2,-202,-316,5905(413.211)[I]: [6],0,15,29,51,-1,-371,7539
(413.221)[I]: [5],14,6,4,2,-251,-327,6127(413.222)[I]: [6],0,15,29,55,-1,-371,7539
(413.231)[I]: [5],9,4,0,2,-302,-362,6354(413.231)[I]: [6],0,18,31,60,-1,-371,7539
(413.241)[I]: [5],7,4,0,2,-359,-408,6569(413.241)[I]: [6],0,19,31,63,-1,-370,7539
(413.251)[I]: [5],3,3,0,3,-425,-474,6745(413.251)[I]: [6],0,18,31,63,-1,-370,7539
(413.261)[I]: [5],0,3,0,3,-500,-556,6853(413.261)[I]: [6],0,18,31,63,-1,-370,7539
(413.271)[I]: [5],0,2,0,3,-587,-625,6906(413.271)[I]: [6],0,19,31,63,-1,-370,7539
(413.281)[I]: [5],0,2,0,2,-680,-672,6922(413.281)[I]: [6],0,19,31,63,-1,-370,7539
(413.291)[I]: [5],0,1,4,3,-768,-681,6886(413.291)[I]: [6],0,19,31,62,-1,-370,7539
(413.301)[I]: [5],0,2,4,4,-854,-654,6820(413.301)[I]: [6],0,21,29,60,-1,-370,7539
(413.311)[I]: [5],0,3,0,3,-933,-609,6736(413.311)[I]: [6],0,21,29,58,-1,-370,7539
(413.321)[I]: [5],0,3,0,2,-998,-558,6645(413.321)[I]: [6],0,22,28,57,-1,-370,7539
(413.331)[I]: [5],0,3,0,2,-1047,-510,6547(413.331)[I]: [6],0,22,29,55,-1,-370,7539
(413.341)[I]: [5],0,3,0,3,-1073,-478,6442(413.341)[I]: [6],0,22,30,55,-1,-370,7539
(413.351)[I]: [5],0,3,0,2,-1079,-459,6325(413.351)[I]: [6],0,23,30,53,-1,-370,7539
(413.361)[I]: [5],0,3,0,3,-1064,-451,6201(413.361)[I]: [6],0,23,30,52,-1,-370,7539
(413.371)[I]: [5],0,3,0,3,-1033,-446,6070(413.371)[I]: [6],0,24,30,51,-1,-370,7539
(413.381)[I]: [5],0,3,0,2,-990,-439,5934(413.381)[I]: [6],0,25,27,51,-1,-370,7539
(413.391)[I]: [5],0,3,0,2,-940,-423,5795(413.391)[I]: [6],0,26,28,48,-1,-370,7539
(413.401)[I]: [5],0,3,4,2,-890,-398,5653(413.401)[I]: [6],0,27,28,47,-1,-370,7539
(413.411)[I]: [5],0,3,4,2,-845,-363,5512(413.411)[I]: [6],0,31,30,46,-1,-370,7539
(413.421)[I]: [5],0,3,4,1,-810,-320,5377(413.421)[I]: [6],0,31,30,45,-1,-370,7539
(413.431)[I]: [5],0,3,4,1,-788,-269,5252(413.431)[I]: [6],0,34,30,42,-1,-370,7539
(413.441)[I]: [5],0,3,4,1,-780,-214,5139(413.441)[I]: [6],0,38,28,40,-1,-369,7539
(413.451)[I]: [5],0,3,4,1,-783,-157,5041(413.451)[I]: [6],0,41,31,37,-1,-369,7539
(413.461)[I]: [5],0,3,4,0,-794,-102,4958(413.461)[I]: [6],0,44,31,35,-1,-370,7539
(413.471)[I]: [5],0,3,0,0,-809,-50,4892(413.471)[I]: [6],0,43,31,31,-1,-370,7539
(413.481)[I]: [5],0,3,4,0,-822,-6,4840(413.481)[I]: [6],0,47,31,31,-1,-370,7539
(413.491)[I]: [5],0,3,4,1,-833,31,4806(413.491)[I]: [6],0,50,31,30,-1,-370,7539
(413.501)[I]: [5],0,3,4,0,-838,65,4787(413.501)[I]: [6],0,54,31,29,-1,-370,7539
(413.511)[I]: [5],0,3,4,1,-836,96,4774(413.511)[I]: [6],0,55,34,25,-1,-370,7539
(413.521)[I]: [5],0,3,4,1,-827,129,4762(413.521)[I]: [6],0,59,34,23,-1,-370,7539
(413.531)[I]: [5],0,3,8,1,-811,167,4746(413.531)[I]: [6],0,61,31,20,-1,-370,7539
(413.541)[I]: [5],0,3,8,1,-786,209,4725(413.541)[I]: [6],0,63,31,19,-1,-370,7539
(413.551)[I]: [5],0,3,4,0,-750,252,4703(413.551)[I]: [6],0,63,35,16,-1,-371,7539
(413.561)[I]: [5],0,3,0,1,-702,288,4682(413.561)[I]: [6],0,68,35,15,-1,-371,7539
(413.571)[I]: [5],0,3,4,1,-643,311,4663(413.571)[I]: [6],0,70,35,14,-1,-371,7539
(413.581)[I]: [5],0,3,4,0,-574,319,4649(413.581)[I]: [6],0,71,36,14,-1,-371,7539
(413.591)[I]: [5],0,3,4,1,-497,310,4639(413.591)[I]: [6],0,74,42,13,-1,-371,7539
(413.601)[I]: [5],0,3,4,1,-413,291,4634(413.601)[I]: [6],0,74,41,12,-1,-371,7539
(413.611)[I]: [5],0,2,4,1,-323,270,4632(413.611)[I]: [6],0,74,42,12,-1,-371,7539
(413.621)[I]: [5],0,2,0,1,-232,255,4633(413.621)[I]: [6],0,75,48,9,-1,-371,7539
(413.631)[I]: [5],0,2,8,1,-144,248,4639(413.631)[I]: [6],1,79,50,7,0,-372,7537
(413.641)[I]: [5],0,2,8,1,-66,248,4651(413.641)[I]: [6],2,83,50,6,0,-373,7529
(413.651)[I]: [5],0,2,8,1,0,247,4669(413.651)[I]: [6],2,86,51,5,0,-373,7521
(413.661)[I]: [5],0,2,4,0,53,237,4693(413.661)[I]: [6],4,88,53,4,0,-375,7511
(413.671)[I]: [5],0,2,4,1,94,219,4722(413.671)[I]: [6],3,87,53,5,1,-376,7502
(413.681)[I]: [5],0,2,0,1,126,194,4753(413.681)[I]: [6],5,89,55,5,2,-378,7492
(413.691)[I]: [5],0,2,4,1,153,164,4783(413.691)[I]: [6],5,91,57,5,3,-379,7484
(413.701)[I]: [5],0,2,0,1,179,137,4811(413.701)[I]: [6],5,95,57,5,3,-380,7476
(413.711)[I]: [5],0,2,0,1,205,114,4836(413.711)[I]: [6],5,98,60,5,4,-382,7468
(413.721)[I]: [5],0,2,0,1,233,95,4858(413.721)[I]: [6],6,101,61,5,4,-384,7461
(413.731)[I]: [5],0,2,0,1,263,79,4878(413.731)[I]: [6],7,103,62,5,4,-385,7458
(413.741)[I]: [5],0,2,0,1,293,69,4895(413.741)[I]: [6],7,109,66,5,4,-386,7458
(413.751)[I]: [5],0,2,0,1,322,62,4913(413.751)[I]: [6],6,109,68,5,4,-387,7458
(413.761)[I]: [5],0,2,0,1,347,54,4937(413.761)[I]: [6],6,110,67,6,4,-388,7458
(413.771)[I]: [5],0,1,0,1,369,44,4968(413.771)[I]: [6],7,113,70,6,4,-388,7458
(413.781)[I]: [5],0,2,4,1,389,31,5010(413.781)[I]: [6],7,114,72,5,4,-388,7458
(413.791)[I]: [5],0,1,4,1,408,19,5063(413.791)[I]: [6],9,116,74,4,4,-388,7451
(413.801)[I]: [5],0,1,4,1,427,9,5125(413.801)[I]: [6],8,119,76,4,4,-391,7440
(413.811)[I]: [5],0,1,0,1,445,3,5190(413.811)[I]: [6],11,123,76,5,4,-395,7429
(413.821)[I]: [5],0,1,0,0,464,4,5254(413.821)[I]: [6],13,127,78,5,6,-399,7419
(413.831)[I]: [5],0,1,0,0,483,11,5319(413.831)[I]: [6],14,133,83,4,7,-403,7410
(413.841)[I]: [5],0,1,0,1,502,20,5386(413.841)[I]: [6],12,136,86,5,7,-404,7410
(413.851)[I]: [5],0,1,0,0,521,33,5457(413.851)[I]: [6],12,139,88,4,7,-405,7410
(413.861)[I]: [5],0,2,0,0,538,46,5537(413.861)[I]: [6],12,146,91,4,7,-405,7410
(413.871)[I]: [5],0,3,8,0,549,58,5628(413.871)[I]: [6],13,152,93,4,7,-405,7410
(413.881)[I]: [5],2,2,12,1,547,24,5646(413.881)[I]: [6],13,157,92,4,8,-408,7402
(413.891)[I]: [5],3,8,4,0,580,-52,5436(413.891)[I]: [6],15,162,90,4,11,-416,7385
(413.901)[I]: [5],5,8,8,1,598,-62,5261(413.901)[I]: [6],16,167,86,4,14,-449,7354
(413.911)[I]: [5],6,8,8,0,608,-64,5105(413.911)[I]: [6],19,177,77,3,17,-517,7286
(413.921)[I]: [5],5,14,32,0,594,-38,4916(413.922)[I]: [6],25,185,67,3,28,-558,7198
(413.931)[I]: [5],5,24,60,0,573,-57,4773(413.931)[I]: [6],27,190,51,3,39,-596,7094
(413.941)[I]: [5],7,34,68,0,565,-113,4682(413.942)[I]: [6],31,192,35,3,52,-620,6976
(413.951)[I]: [5],19,43,88,0,562,-167,4631(413.952)[I]: [6],37,181,19,3,67,-632,6850
(413.961)[I]: [5],22,44,108,0,555,-237,4588(413.962)[I]: [6],35,173,8,3,87,-641,6710
(413.971)[I]: [5],25,47,108,0,546,-303,4532(413.972)[I]: [6],37,143,4,2,106,-645,6555
(413.981)[I]: [5],27,50,100,0,537,-352,4469(413.982)[I]: [6],37,122,2,2,120,-638,6377
(413.991)[I]: [5],29,55,96,0,531,-362,4387(413.992)[I]: [6],36,104,3,2,147,-616,6166
(413.999)[I]: [5],31,51,104,4,530,-295,4330(413.999)[I]: [6],35,71,1,2,183,-604,5931
(413.999)[I]: [5],30,51,104,8,529,-277,4268(413.999)[I]: [6],47,47,5,2,224,-612,5663
(413.999)[I]: [5],30,48,100,10,528,-259,4233(413.999)[I]: [6],63,39,5,2,262,-646,5372
(414.007)[I]: [5],33,51,108,17,526,-255,4226(414.008)[I]: [6],69,31,4,2,297,-712,5068
(414.017)[I]: [5],37,51,116,17,520,-254,4227(414.018)[I]: [6],63,28,4,2,329,-791,4748
(414.027)[I]: [5],43,59,112,17,515,-254,4227(414.028)[I]: [6],53,22,5,2,369,-843,4410
(414.037)[I]: [5],49,63,116,17,512,-253,4229(414.038)[I]: [6],40,18,2,2,412,-882,4084
(414.047)[I]: [5],54,67,120,17,507,-252,4229(414.048)[I]: [6],29,10,2,2,477,-917,3744
(414.057)[I]: [5],57,68,120,17,504,-248,4230(414.058)[I]: [6],19,8,2,2,541,-1035,3449
(414.067)[I]: [5],58,71,120,18,499,-247,4230(414.068)[I]: [6],1,10,2,3,589,-1250,3332
(414.077)[I]: [5],58,76,120,18,494,-246,4230(414.078)[I]: [6],0,9,1,3,620,-1360,3320
(414.087)[I]: [5],54,76,116,17,489,-246,4230(414.088)[I]: [6],0,10,3,3,640,-1456,3408
(414.097)[I]: [5],53,82,112,17,484,-246,4230(414.098)[I]: [6],0,9,3,3,696,-1455,3507
(414.107)[I]: [5],51,88,108,16,479,-246,4230(414.108)[I]: [6],0,9,4,3,774,-1403,3645
(414.117)[I]: [5],45,90,104,17,474,-246,4230(414.118)[I]: [6],0,8,3,3,885,-1336,3779
(414.127)[I]: [5],36,92,96,16,470,-246,4231(414.128)[I]: [6],0,9,4,3,987,-1278,3925
(414.137)[I]: [5],34,94,88,15,465,-247,4231(414.138)[I]: [6],0,9,3,3,1074,-1248,4081
(414.147)[I]: [5],31,95,84,16,460,-246,4231(414.148)[I]: [6],0,9,3,3,1133,-1241,4251
(414.157)[I]: [5],31,98,76,16,456,-246,4231(414.158)[I]: [6],0,9,3,3,1163,-1244,4424
(414.167)[I]: [5],31,97,72,15,451,-246,4231(414.168)[I]: [6],0,10,3,3,1174,-1244,4595
(414.177)[I]: [5],31,100,60,15,447,-251,4228(414.178)[I]: [6],0,9,3,3,1167,-1233,4760
(414.187)[I]: [5],27,101,64,15,443,-254,4227(414.188)[I]: [6],0,8,3,3,1149,-1192,4912
(414.197)[I]: [5],27,103,60,15,439,-256,4225(414.198)[I]: [6],0,8,3,3,1121,-1129,5049
(414.207)[I]: [5],23,104,60,16,435,-259,4223(414.208)[I]: [6],0,9,3,3,1084,-1049,5169
(414.217)[I]: [5],24,105,56,15,431,-260,4223(414.218)[I]: [6],0,9,3,3,1041,-958,5270
(414.227)[I]: [5],22,106,52,16,426,-260,4224(414.228)[I]: [6],0,8,3,3,1002,-861,5344
(414.237)[I]: [5],22,108,52,16,422,-261,4224(414.238)[I]: [6],0,8,3,3,976,-765,5384
(414.247)[I]: [5],23,112,52,14,418,-262,4224(414.248)[I]: [6],0,7,3,3,976,-670,5386
(414.257)[I]: [5],24,115,56,14,414,-263,4224(414.258)[I]: [6],0,6,2,3,1004,-578,5355
(414.267)[I]: [5],24,120,56,13,410,-263,4224(414.268)[I]: [6],0,6,2,3,1065,-492,5298
(414.277)[I]: [5],24,124,52,12,405,-264,4225(414.278)[I]: [6],0,6,2,3,1153,-409,5229
(414.287)[I]: [5],23,125,56,14,401,-264,4225(414.288)[I]: [6],0,6,2,3,1260,-314,5159
(414.297)[I]: [5],24,131,48,13,397,-265,4225(414.298)[I]: [6],0,6,1,3,1375,-204,5098
(414.307)[I]: [5],25,132,48,13,394,-265,4225(414.308)[I]: [6],0,6,1,3,1484,-72,5054
(414.317)[I]: [5],25,134,48,13,390,-267,4225(414.318)[I]: [6],0,6,1,3,1572,76,5035
(414.327)[I]: [5],24,134,44,13,386,-268,4225(414.328)[I]: [6],0,6,2,3,1620,221,5041
(414.337)[I]: [5],21,134,44,13,382,-268,4225(414.338)[I]: [6],0,6,1,3,1622,350,5070
(414.347)[I]: [5],20,134,44,12,378,-269,4226(414.348)[I]: [6],0,6,2,3,1574,451,5119
(414.357)[I]: [5],20,132,44,11,374,-270,4226(414.358)[I]: [6],0,7,2,3,1481,530,5181
(414.367)[I]: [5],18,131,32,10,371,-271,4226(414.368)[I]: [6],0,6,2,3,1357,594,5248
(414.377)[I]: [5],18,127,28,12,367,-272,4226(414.378)[I]: [6],0,6,2,3,1221,640,5311
(414.387)[I]: [5],17,123,28,13,363,-272,4226(414.388)[I]: [6],0,6,2,3,1092,667,5366
(414.397)[I]: [5],15,113,32,15,360,-273,4226(414.398)[I]: [6],0,6,2,3,987,675,5415
(414.407)[I]: [5],16,111,36,16,356,-273,4227(414.408)[I]: [6],0,7,3,3,916,674,5459
(414.417)[I]: [5],21,111,36,16,352,-273,4227(414.418)[I]: [6],0,5,2,3,876,666,5509
(414.427)[I]: [5],25,113,36,15,349,-273,4227(414.428)[I]: [6],0,5,1,3,860,645,5575
(414.437)[I]: [5],29,118,40,15,345,-272,4227(414.438)[I]: [6],0,5,1,3,859,610,5662
(414.447)[I]: [5],31,122,44,15,342,-274,4227(414.448)[I]: [6],0,5,2,3,862,562,5768
(414.457)[I]: [5],31,123,48,16,339,-276,4227(414.458)[I]: [6],0,5,2,3,862,504,5882
(414.467)[I]: [5],36,121,52,17,337,-275,4225(414.468)[I]: [6],0,5,2,3,852,454,5992
(414.477)[I]: [5],38,116,56,17,334,-276,4226(414.478)[I]: [6],0,7,2,3,827,429,6084
(414.487)[I]: [5],40,111,60,17,331,-273,4226(414.488)[I]: [6],0,8,1,3,785,426,6153
(414.497)[I]: [5],40,104,64,18,329,-270,4227(414.498)[I]: [6],0,8,1,3,725,431,6196
(414.507)[I]: [5],41,102,68,16,326,-268,4227(414.508)[I]: [6],0,8,1,3,647,431,6215
(414.517)[I]: [5],47,104,72,15,323,-267,4227(414.518)[I]: [6],0,7,1,3,558,428,6218
(414.527)[I]: [5],52,109,72,13,320,-271,4233(414.528)[I]: [6],0,7,1,3,467,425,6217
(414.537)[I]: [5],58,117,76,10,317,-274,4242(414.538)[I]: [6],0,7,1,3,384,425,6216
(414.547)[I]: [5],61,127,84,10,315,-278,4248(414.548)[I]: [6],0,7,1,3,314,421,6213
(414.557)[I]: [5],73,138,92,10,312,-282,4254(414.558)[I]: [6],0,7,2,3,262,414,6203
(414.567)[I]: [5],81,144,92,9,309,-285,4257(414.568)[I]: [6],0,6,2,3,230,405,6181
(414.577)[I]: [5],91,154,96,8,307,-285,4263(414.578)[I]: [6],0,7,2,4,219,395,6144
(414.587)[I]: [5],96,159,104,7,305,-286,4273(414.588)[I]: [6],0,5,2,3,226,391,6091
(414.597)[I]: [5],103,165,108,6,302,-288,4291(414.598)[I]: [6],0,5,2,3,245,398,6024
(414.607)[I]: [5],110,176,112,6,300,-292,4320(414.608)[I]: [6],0,8,6,3,269,387,5974
(414.617)[I]: [5],119,189,112,2,295,-309,4359(414.618)[I]: [6],0,17,7,3,221,273,6173
(414.627)[I]: [5],127,210,112,2,289,-346,4406(414.628)[I]: [6],0,19,5,3,202,219,6404
(414.637)[I]: [5],143,226,112,0,281,-408,4464(414.638)[I]: [6],0,22,15,3,175,169,6598
(414.647)[I]: [5],150,247,96,0,273,-506,4548(414.648)[I]: [6],0,31,17,3,178,139,6804
(414.657)[I]: [5],154,258,60,0,264,-580,4652(414.658)[I]: [6],0,43,39,3,192,114,6996
(414.667)[I]: [5],167,260,40,0,253,-624,4796(414.668)[I]: [6],0,51,51,3,188,51,7136
(414.677)[I]: [5],167,251,12,0,245,-652,4985(414.678)[I]: [6],0,56,61,3,190,-26,7216
(414.687)[I]: [5],165,213,8,0,233,-664,5226(414.688)[I]: [6],0,60,63,3,191,-119,7268
(414.697)[I]: [5],153,143,4,0,219,-681,5513(414.698)[I]: [6],1,55,72,3,190,-223,7342
(414.707)[I]: [5],140,93,4,0,205,-709,5848(414.708)[I]: [6],1,63,81,3,208,-274,7476
(414.717)[I]: [5],117,55,4,0,180,-751,6216(414.718)[I]: [6],2,70,87,4,179,-295,7454
(414.727)[I]: [5],101,22,4,0,140,-800,6605(414.728)[I]: [6],1,74,90,6,190,-283,7472
(414.737)[I]: [5],78,15,4,0,79,-865,7000(414.737)[I]: [6],1,74,106,8,190,-288,7481
(414.747)[I]: [5],50,11,0,0,20,-958,7370(414.747)[I]: [6],1,67,102,8,187,-284,7485
(414.757)[I]: [5],36,5,0,0,-33,-1041,7736(414.757)[I]: [6],1,68,109,8,185,-278,7487
(414.767)[I]: [5],22,5,0,0,-95,-1154,8068(414.767)[I]: [6],1,66,114,8,183,-271,7488
(414.777)[I]: [5],5,2,0,0,-141,-1348,8301(414.777)[I]: [6],0,62,112,8,180,-267,7488
(414.787)[I]: [5],1,5,0,0,-164,-1509,8404(414.787)[I]: [6],0,60,109,7,178,-266,7488
(414.797)[I]: [5],0,4,0,0,-191,-1603,8439(414.797)[I]: [6],0,56,109,7,177,-265,7488
(414.807)[I]: [5],0,5,0,0,-207,-1672,8412(414.807)[I]: [6],0,52,106,8,175,-265,7488
(414.817)[I]: [5],2,5,0,0,-225,-1642,8320(414.817)[I]: [6],0,53,103,8,173,-265,7488
(414.827)[I]: [5],1,3,0,0,-259,-1565,8191(414.827)[I]: [6],0,54,100,8,171,-266,7488
(414.837)[I]: [5],1,3,0,0,-303,-1467,8052(414.837)[I]: [6],0,53,100,8,170,-267,7488
(414.847)[I]: [5],0,2,0,0,-351,-1380,7911(414.847)[I]: [6],0,50,99,8,168,-268,7488
(414.857)[I]: [5],1,2,0,0,-397,-1323,7766(414.857)[I]: [6],0,49,100,7,166,-270,7488
(414.867)[I]: [5],0,2,0,0,-436,-1291,7619(414.867)[I]: [6],0,47,100,7,165,-270,7488
(414.877)[I]: [5],0,2,0,0,-465,-1278,7470(414.877)[I]: [6],0,45,103,7,163,-270,7488
(414.887)[I]: [5],0,2,0,0,-485,-1268,7317(414.887)[I]: [6],0,43,104,7,161,-269,7488
(414.897)[I]: [5],0,2,0,0,-501,-1251,7162(414.897)[I]: [6],0,43,106,6,160,-269,7488
(414.907)[I]: [5],0,2,0,0,-518,-1218,7003(414.907)[I]: [6],0,43,105,6,158,-269,7488
(414.917)[I]: [5],0,2,0,0,-537,-1164,6840(414.917)[I]: [6],0,44,107,6,157,-269,7488
(414.927)[I]: [5],0,2,0,0,-560,-1093,6673(414.927)[I]: [6],0,45,110,6,155,-269,7489
(414.937)[I]: [5],0,2,0,0,-588,-1010,6505(414.937)[I]: [6],0,46,110,6,154,-269,7489
(414.947)[I]: [5],0,2,0,0,-625,-927,6341(414.947)[I]: [6],0,47,112,6,152,-270,7489
(414.957)[I]: [5],0,3,0,0,-675,-848,6185(414.957)[I]: [6],0,49,114,7,150,-270,7489
(414.967)[I]: [5],0,3,0,0,-737,-779,6041(414.967)[I]: [6],0,54,118,6,149,-270,7489
(414.977)[I]: [5],0,3,0,0,-809,-721,5911(414.977)[I]: [6],0,56,120,6,147,-270,7489
(414.987)[I]: [5],0,3,0,0,-889,-676,5797(414.987)[I]: [6],0,58,123,5,146,-269,7489
(414.997)[I]: [5],0,3,0,0,-984,-634,5699(414.997)[I]: [6],0,60,126,5,145,-268,7489
(414.999)[I]: [5],0,3,0,0,-1100,-591,5614(414.999)[I]: [6],0,63,127,5,143,-269,7489
(414.999)[I]: [5],0,3,0,0,-1243,-533,5537(414.999)[I]: [6],0,62,133,5,142,-269,7489
(415.003)[I]: [5],0,3,0,0,-1410,-454,5461(415.003)[I]: [6],0,63,136,5,140,-269,7489
(415.013)[I]: [5],0,4,0,0,-1592,-359,5370(415.013)[I]: [6],0,63,138,5,139,-270,7489
(415.023)[I]: [5],0,3,0,0,-1777,-265,5256(415.023)[I]: [6],0,67,141,5,137,-270,7489
(415.033)[I]: [5],0,5,0,0,-1950,-184,5120(415.033)[I]: [6],0,67,139,6,136,-270,7489
(415.043)[I]: [5],0,4,0,0,-2093,-117,4978(415.043)[I]: [6],0,66,133,6,135,-270,7489
(415.053)[I]: [5],0,5,0,0,-2191,-53,4850(415.053)[I]: [6],0,62,127,6,134,-271,7497
(415.063)[I]: [5],0,5,0,0,-2233,17,4749(415.063)[I]: [6],0,63,124,6,134,-271,7504
(415.073)[I]: [5],0,5,0,0,-2218,107,4678(415.073)[I]: [6],0,63,121,7,133,-272,7504
(415.083)[I]: [5],0,5,0,0,-2153,215,4633(415.083)[I]: [6],0,63,115,7,132,-272,7504
(415.093)[I]: [5],0,5,0,0,-2043,332,4608(415.093)[I]: [6],0,67,111,7,130,-272,7504
(415.103)[I]: [5],0,5,0,0,-1894,450,4594(415.103)[I]: [6],0,70,109,7,129,-273,7504
(415.113)[I]: [5],0,5,0,0,-1714,549,4580(415.113)[I]: [6],0,72,104,7,128,-272,7504
(415.123)[I]: [5],0,5,0,0,-1514,613,4554(415.123)[I]: [6],0,73,101,7,126,-272,7504
(415.133)[I]: [5],0,5,0,0,-1303,642,4514(415.133)[I]: [6],0,74,99,6,125,-272,7504
(415.143)[I]: [5],0,5,0,0,-1091,638,4462(415.143)[I]: [6],0,73,93,7,124,-272,7504
(415.153)[I]: [5],0,5,0,0,-883,612,4406(415.153)[I]: [6],0,72,90,7,123,-273,7504
(415.163)[I]: [5],0,5,0,0,-683,570,4352(415.163)[I]: [6],0,71,81,7,121,-273,7504
(415.173)[I]: [5],0,5,0,0,-492,519,4311(415.173)[I]: [6],1,71,75,7,120,-273,7504
(415.183)[I]: [5],0,5,0,0,-316,470,4285(415.183)[I]: [6],1,71,77,7,119,-273,7504
(415.193)[I]: [5],0,5,0,0,-157,434,4276(415.193)[I]: [6],0,73,77,7,118,-273,7504
(415.203)[I]: [5],0,5,0,0,-22,412,4282(415.203)[I]: [6],1,74,70,7,117,-274,7504
(415.213)[I]: [5],0,5,0,0,88,404,4301(415.213)[I]: [6],1,73,68,7,115,-274,7504
(415.223)[I]: [5],0,5,0,0,172,410,4331(415.223)[I]: [6],1,73,63,7,114,-275,7504
(415.233)[I]: [5],0,5,0,0,232,427,4369(415.233)[I]: [6],1,73,63,9,113,-276,7507
(415.243)[I]: [5],0,5,0,0,269,452,4414(415.243)[I]: [6],1,74,60,10,111,-278,7510
(415.253)[I]: [5],0,5,0,0,287,484,4465(415.253)[I]: [6],1,74,60,10,110,-279,7513
(415.263)[I]: [5],0,5,0,0,288,519,4519(415.263)[I]: [6],1,74,57,12,109,-280,7513
(415.273)[I]: [5],0,5,0,0,277,555,4578(415.273)[I]: [6],1,73,55,12,108,-280,7513
(415.283)[I]: [5],0,5,0,0,261,590,4640(415.283)[I]: [6],2,75,53,12,107,-279,7513
(415.293)[I]: [5],0,5,0,0,244,623,4702(415.293)[I]: [6],2,78,52,12,106,-279,7513
(415.303)[I]: [5],0,5,0,0,225,649,4765(415.303)[I]: [6],2,79,55,11,105,-280,7513
(415.313)[I]: [5],0,5,0,0,208,669,4830(415.313)[I]: [6],3,84,58,10,104,-280,7513
(415.323)[I]: [5],0,5,0,0,193,679,4899(415.323)[I]: [6],6,89,62,9,103,-281,7513
(415.333)[I]: [5],0,5,0,0,181,681,4970(415.333)[I]: [6],7,91,63,9,102,-284,7513
(415.343)[I]: [5],0,5,0,0,169,673,5043(415.343)[I]: [6],7,101,63,9,104,-283,7512
(415.353)[I]: [5],0,5,0,0,159,659,5116(415.353)[I]: [6],6,106,67,7,103,-285,7509
(415.363)[I]: [5],0,5,0,0,152,640,5185(415.363)[I]: [6],8,115,71,5,104,-285,7499
(415.373)[I]: [5],0,5,0,0,149,618,5251(415.373)[I]: [6],8,120,74,5,105,-287,7488
(415.383)[I]: [5],0,5,0,0,153,593,5313(415.383)[I]: [6],9,127,77,5,106,-292,7474
(415.393)[I]: [5],0,5,8,0,157,554,5345(415.393)[I]: [6],11,138,83,3,108,-300,7459
(415.403)[I]: [5],0,4,4,0,196,393,5209(415.403)[I]: [6],14,156,76,3,110,-309,7444
(415.413)[I]: [5],0,4,8,0,270,249,4986(415.413)[I]: [6],15,167,79,3,113,-319,7428
(415.423)[I]: [5],0,6,20,0,318,187,4771(415.423)[I]: [6],16,178,79,3,114,-334,7414
(415.433)[I]: [5],0,18,48,0,316,162,4595(415.433)[I]: [6],15,188,79,3,118,-364,7395
(415.443)[I]: [5],0,17,56,0,291,137,4446(415.443)[I]: [6],14,199,75,2,122,-415,7363
(415.453)[I]: [5],2,26,60,0,289,-97,4471(415.454)[I]: [6],15,215,63,2,128,-477,7311
(415.463)[I]: [5],7,39,96,1,274,-183,4467(415.464)[I]: [6],15,228,51,2,128,-544,7240
(415.473)[I]: [5],14,46,104,6,265,-272,4468(415.474)[I]: [6],17,236,46,2,141,-553,7122
(415.483)[I]: [5],15,50,108,6,261,-293,4459(415.484)[I]: [6],17,220,22,2,156,-557,6956
(415.493)[I]: [5],19,52,100,9,258,-304,4459(415.494)[I]: [6],19,193,6,2,177,-555,6743
(415.503)[I]: [5],17,49,96,10,256,-307,4461(415.504)[I]: [6],24,162,2,2,191,-559,6497
(415.513)[I]: [5],17,47,100,10,257,-293,4464(415.514)[I]: [6],30,106,1,2,210,-555,6205
(415.523)[I]: [5],19,45,104,11,258,-270,4465(415.524)[I]: [6],31,86,3,2,247,-573,5892
(415.533)[I]: [5],19,48,108,13,259,-248,4464(415.534)[I]: [6],47,53,4,2,300,-615,5575
(415.543)[I]: [5],23,45,108,16,258,-236,4461(415.544)[I]: [6],47,35,4,2,338,-715,5252
(415.553)[I]: [5],23,47,104,17,256,-233,4461(415.554)[I]: [6],58,33,3,2,372,-835,4930
(415.563)[I]: [5],23,51,104,19,254,-236,4456(415.564)[I]: [6],51,25,5,2,429,-940,4611
(415.573)[I]: [5],25,54,104,20,253,-240,4449(415.574)[I]: [6],39,13,3,2,496,-1066,4281
(415.583)[I]: [5],27,53,100,21,251,-243,4443(415.584)[I]: [6],19,15,2,2,575,-1233,4005
(415.593)[I]: [5],27,58,96,23,249,-244,4443(415.594)[I]: [6],6,11,5,2,638,-1461,3896
(415.603)[I]: [5],27,60,100,25,246,-245,4444(415.604)[I]: [6],0,10,5,3,701,-1550,3886
(415.613)[I]: [5],25,61,100,24,244,-245,4444(415.614)[I]: [6],0,11,5,3,784,-1580,3929
(415.623)[I]: [5],27,60,96,24,241,-246,4444(415.624)[I]: [6],0,9,5,3,910,-1561,3993
(415.633)[I]: [5],24,60,92,24,239,-246,4444(415.634)[I]: [6],0,12,5,3,1026,-1516,4099
(415.643)[I]: [5],23,59,92,23,236,-247,4444(415.644)[I]: [6],0,11,5,3,1134,-1464,4245
(415.653)[I]: [5],19,61,84,23,234,-246,4444(415.654)[I]: [6],0,11,3,3,1212,-1424,4410
(415.663)[I]: [5],17,61,76,23,232,-246,4444(415.664)[I]: [6],0,11,4,3,1258,-1385,4579
(415.673)[I]: [5],17,63,68,22,229,-245,4444(415.674)[I]: [6],0,10,5,2,1264,-1352,4746
(415.683)[I]: [5],17,63,68,22,227,-245,4444(415.684)[I]: [6],0,10,5,2,1239,-1307,4909
(415.693)[I]: [5],16,67,60,22,225,-246,4444(415.694)[I]: [6],0,9,4,3,1190,-1246,5064
(415.703)[I]: [5],15,70,64,23,223,-246,4444(415.704)[I]: [6],0,9,3,2,1121,-1164,5206
(415.713)[I]: [5],17,73,64,20,220,-247,4444(415.714)[I]: [6],0,9,2,2,1040,-1065,5336
(415.723)[I]: [5],18,76,64,20,218,-249,4444(415.724)[I]: [6],0,10,3,2,954,-954,5448
(415.733)[I]: [5],19,78,68,20,216,-249,4444(415.734)[I]: [6],0,10,2,2,870,-834,5529
(415.743)[I]: [5],19,79,68,20,214,-250,4444(415.744)[I]: [6],0,10,1,2,800,-714,5572
(415.753)[I]: [5],20,81,68,20,212,-250,4444(415.754)[I]: [6],0,10,1,2,755,-602,5575
(415.763)[I]: [5],19,83,68,20,210,-250,4444(415.764)[I]: [6],0,9,1,2,740,-501,5539
(415.773)[I]: [5],21,86,68,20,207,-250,4444(415.774)[I]: [6],0,8,2,2,757,-410,5476
(415.783)[I]: [5],21,86,68,20,205,-251,4445(415.784)[I]: [6],0,8,1,2,796,-326,5400
(415.793)[I]: [5],21,86,68,20,203,-251,4445(415.794)[I]: [6],0,7,1,2,846,-241,5327
(415.803)[I]: [5],25,86,68,20,201,-251,4445(415.804)[I]: [6],0,7,1,2,887,-152,5268
(415.813)[I]: [5],24,88,72,20,199,-252,4445(415.814)[I]: [6],0,7,0,2,908,-49,5236
(415.823)[I]: [5],25,89,68,20,197,-252,4445(415.824)[I]: [6],0,7,0,2,903,54,5232
(415.833)[I]: [5],24,89,68,20,195,-253,4445(415.834)[I]: [6],0,7,0,2,868,156,5260
(415.843)[I]: [5],25,89,68,20,193,-253,4445(415.844)[I]: [6],0,7,1,2,806,249,5320
(415.853)[I]: [5],24,89,72,20,191,-254,4445(415.854)[I]: [6],0,7,1,2,722,325,5410
(415.863)[I]: [5],22,88,68,19,190,-255,4445(415.864)[I]: [6],0,7,1,2,627,377,5522
(415.873)[I]: [5],20,86,68,19,188,-256,4445(415.874)[I]: [6],0,7,1,2,530,404,5645
(415.883)[I]: [5],19,85,68,19,186,-258,4445(415.884)[I]: [6],0,7,2,2,440,414,5767
(415.893)[I]: [5],19,84,60,18,184,-258,4445(415.894)[I]: [6],0,7,3,2,362,413,5873
(415.903)[I]: [5],19,84,60,17,182,-258,4445(415.904)[I]: [6],0,7,3,2,300,409,5954
(415.913)[I]: [5],21,84,60,13,181,-261,4452(415.914)[I]: [6],0,7,3,2,255,404,6012
(415.923)[I]: [5],26,85,60,10,180,-263,4459(415.924)[I]: [6],0,7,3,2,223,386,6060
(415.933)[I]: [5],29,88,68,10,180,-265,4469(415.934)[I]: [6],0,9,3,2,199,351,6110
(415.943)[I]: [5],31,89,72,10,179,-265,4479(415.944)[I]: [6],0,8,3,2,171,304,6170
(415.953)[I]: [5],35,89,88,10,178,-263,4487(415.954)[I]: [6],0,9,3,2,136,259,6240
(415.963)[I]: [5],40,90,96,7,177,-261,4494(415.964)[I]: [6],0,9,3,2,92,232,6311
(415.973)[I]: [5],44,91,100,7,176,-258,4499(415.974)[I]: [6],0,9,3,2,37,230,6373
(415.983)[I]: [5],47,93,104,8,175,-255,4506(415.984)[I]: [6],0,10,3,2,-22,248,6419
(415.993)[I]: [5],49,96,112,8,174,-252,4512(415.994)[I]: [6],0,9,3,2,-82,274,6450
(415.999)[I]: [5],56,101,112,8,173,-253,4518(415.999)[I]: [6],0,9,3,2,-136,294,6469
(415.999)[I]: [5],60,108,120,6,171,-254,4518(415.999)[I]: [6],0,9,3,2,-181,299,6482
(415.999)[I]: [5],63,112,124,6,170,-256,4518(416.000)[I]: [6],0,9,2,2,-215,292,6493
(416.009)[I]: [5],63,115,124,6,169,-256,4526(416.010)[I]: [6],0,9,2,2,-238,279,6504
(416.019)[I]: [5],72,117,124,5,167,-257,4536(416.020)[I]: [6],0,9,2,2,-249,266,6514
(416.029)[I]: [5],73,119,136,6,166,-257,4545(416.030)[I]: [6],0,9,2,2,-250,259,6522
(416.039)[I]: [5],78,122,140,5,164,-256,4555(416.040)[I]: [6],0,8,2,2,-242,258,6526
(416.049)[I]: [5],78,122,148,4,163,-255,4567(416.050)[I]: [6],0,9,2,2,-226,262,6527
(416.059)[I]: [5],80,122,148,4,161,-254,4580(416.060)[I]: [6],0,8,2,2,-204,271,6522
(416.069)[I]: [5],83,122,152,3,158,-257,4590(416.070)[I]: [6],0,8,2,2,-178,288,6505
(416.079)[I]: [5],81,123,152,4,157,-260,4591(416.080)[I]: [6],0,8,2,2,-153,314,6476
(416.089)[I]: [5],79,125,156,4,155,-264,4585(416.090)[I]: [6],0,9,2,2,-130,345,6437
(416.099)[I]: [5],82,126,160,5,153,-267,4582(416.100)[I]: [6],0,8,1,2,-113,378,6389
(416.109)[I]: [5],88,127,156,5,152,-267,4582(416.110)[I]: [6],0,9,2,2,-100,410,6336
(416.119)[I]: [5],95,134,156,4,150,-267,4586(416.120)[I]: [6],0,8,2,2,-89,436,6282
(416.129)[I]: [5],95,142,160,2,148,-271,4599(416.130)[I]: [6],0,9,1,2,-81,456,6228
(416.139)[I]: [5],98,152,160,2,145,-278,4616(416.140)[I]: [6],0,9,1,2,-76,465,6171
(416.149)[I]: [5],106,162,164,2,142,-288,4639(416.150)[I]: [6],0,4,1,2,-73,459,6110
(416.159)[I]: [5],112,171,164,0,138,-301,4673(416.160)[I]: [6],0,11,5,2,-81,401,6125
(416.169)[I]: [5],118,184,156,0,134,-329,4722(416.170)[I]: [6],0,15,6,2,-168,202,6327
(416.179)[I]: [5],125,201,148,0,128,-362,4794(416.180)[I]: [6],0,17,3,2,-221,140,6533
(416.189)[I]: [5],139,213,136,0,119,-386,4896(416.190)[I]: [6],0,24,10,2,-259,125,6720
(416.199)[I]: [5],148,222,108,0,111,-411,5020(416.200)[I]: [6],0,23,20,2,-261,140,6901
(416.209)[I]: [5],153,226,60,0,108,-429,5175(416.210)[I]: [6],0,28,35,1,-250,133,7083
(416.219)[I]: [5],151,215,52,0,104,-426,5378(416.220)[I]: [6],0,34,53,1,-251,85,7228
(416.229)[I]: [5],149,191,24,0,98,-400,5626(416.230)[I]: [6],0,43,63,1,-231,0,7344
(416.239)[I]: [5],147,135,32,0,92,-377,5916(416.240)[I]: [6],0,51,75,3,-246,-172,7299
(416.249)[I]: [5],145,90,28,0,89,-383,6252(416.250)[I]: [6],0,55,84,3,-246,-290,7360
(416.259)[I]: [5],134,50,20,0,81,-414,6632(416.260)[I]: [6],0,61,89,6,-253,-280,7374
(416.269)[I]: [5],125,29,12,0,63,-464,7024(416.270)[I]: [6],0,59,91,9,-238,-280,7393
(416.279)[I]: [5],101,19,12,0,39,-529,7415(416.280)[I]: [6],0,61,94,13,-230,-276,7404
(416.289)[I]: [5],61,11,8,0,12,-598,7782(416.289)[I]: [6],0,57,87,16,-227,-274,7408
(416.299)[I]: [5],49,8,8,0,-8,-654,8120(416.299)[I]: [6],0,49,90,17,-227,-266,7411
(416.309)[I]: [5],28,8,8,0,-47,-704,8457(416.309)[I]: [6],0,44,88,18,-227,-260,7415
(416.319)[I]: [5],13,8,4,0,-87,-834,8752(416.319)[I]: [6],0,44,94,17,-225,-259,7415
(416.329)[I]: [5],1,5,4,0,-113,-1029,8880(416.329)[I]: [6],0,42,94,15,-223,-258,7415
(416.339)[I]: [5],0,5,4,0,-149,-1129,8897(416.339)[I]: [6],0,44,91,14,-221,-257,7415
(416.349)[I]: [5],0,5,4,0,-187,-1215,8857(416.349)[I]: [6],0,44,92,14,-218,-257,7415
(416.359)[I]: [5],2,4,4,0,-226,-1226,8739(416.359)[I]: [6],0,44,92,13,-216,-259,7415
(416.369)[I]: [5],2,3,4,0,-275,-1186,8580(416.369)[I]: [6],0,44,94,12,-214,-260,7415
(416.379)[I]: [5],2,3,0,0,-328,-1131,8410(416.379)[I]: [6],0,46,93,10,-212,-261,7415
(416.389)[I]: [5],3,3,4,0,-377,-1085,8243(416.389)[I]: [6],0,46,93,9,-210,-262,7415
(416.399)[I]: [5],2,2,0,0,-420,-1064,8079(416.399)[I]: [6],0,45,93,9,-208,-263,7415
(416.409)[I]: [5],3,3,0,0,-454,-1062,7928(416.409)[I]: [6],0,42,95,9,-206,-263,7415
(416.419)[I]: [5],3,3,0,0,-482,-1064,7800(416.419)[I]: [6],0,42,95,8,-204,-263,7415
(416.429)[I]: [5],2,2,4,0,-508,-1059,7689(416.429)[I]: [6],0,42,97,7,-201,-263,7415
(416.439)[I]: [5],2,2,0,0,-536,-1041,7577(416.439)[I]: [6],0,41,97,7,-199,-260,7415
(416.449)[I]: [5],1,2,0,0,-563,-1005,7461(416.449)[I]: [6],0,42,97,7,-197,-260,7415
(416.459)[I]: [5],0,2,4,0,-589,-956,7335(416.459)[I]: [6],0,42,97,6,-195,-261,7415
(416.469)[I]: [5],0,2,4,0,-616,-901,7199(416.469)[I]: [6],0,43,98,6,-194,-261,7415
(416.479)[I]: [5],0,2,0,0,-644,-842,7050(416.479)[I]: [6],0,43,99,6,-192,-262,7415
(416.489)[I]: [5],0,2,0,0,-674,-783,6890(416.489)[I]: [6],0,44,98,6,-190,-263,7415
(416.499)[I]: [5],0,2,0,0,-708,-726,6720(416.499)[I]: [6],0,44,98,6,-188,-264,7415
(416.509)[I]: [5],0,3,0,0,-750,-673,6545(416.509)[I]: [6],0,44,98,6,-186,-265,7415
(416.519)[I]: [5],0,3,0,0,-802,-627,6370(416.519)[I]: [6],0,43,98,7,-184,-266,7415
(416.529)[I]: [5],0,3,0,0,-858,-584,6205(416.529)[I]: [6],0,43,100,9,-182,-266,7415
(416.539)[I]: [5],0,4,0,0,-914,-541,6055(416.539)[I]: [6],0,44,99,9,-180,-267,7415
(416.549)[I]: [5],0,5,0,0,-961,-497,5926(416.549)[I]: [6],0,45,103,8,-179,-268,7415
(416.559)[I]: [5],0,5,0,0,-993,-447,5822(416.559)[I]: [6],0,45,106,7,-177,-268,7415
(416.569)[I]: [5],0,5,0,0,-1006,-391,5737(416.569)[I]: [6],0,47,107,8,-175,-269,7415
(416.579)[I]: [5],0,5,0,0,-996,-327,5664(416.579)[I]: [6],0,47,109,7,-173,-269,7415
(416.589)[I]: [5],0,5,0,0,-968,-265,5596(416.589)[I]: [6],0,47,109,8,-172,-269,7415
(416.599)[I]: [5],0,5,0,0,-925,-205,5524(416.599)[I]: [6],0,48,109,8,-170,-270,7415
(416.609)[I]: [5],0,5,0,0,-873,-142,5452(416.609)[I]: [6],0,48,108,8,-168,-271,7415
(416.619)[I]: [5],0,5,0,0,-817,-70,5382(416.619)[I]: [6],0,47,107,8,-166,-272,7415
(416.629)[I]: [5],0,5,0,0,-760,8,5316(416.629)[I]: [6],0,46,108,8,-165,-273,7415
(416.639)[I]: [5],0,5,0,0,-702,82,5257(416.639)[I]: [6],0,48,107,8,-163,-272,7415
(416.649)[I]: [5],0,5,0,0,-643,141,5206(416.649)[I]: [6],0,50,108,6,-162,-272,7415
(416.659)[I]: [5],0,5,0,0,-584,179,5159(416.659)[I]: [6],0,54,109,5,-162,-272,7408
(416.669)[I]: [5],0,5,0,0,-525,196,5114(416.669)[I]: [6],0,58,112,5,-161,-272,7405
(416.679)[I]: [5],0,5,0,0,-466,199,5069(416.679)[I]: [6],0,59,112,4,-159,-273,7405
(416.689)[I]: [5],0,5,0,0,-402,198,5028(416.689)[I]: [6],0,63,114,5,-158,-273,7405
(416.699)[I]: [5],0,5,0,0,-330,199,4989(416.699)[I]: [6],0,63,114,5,-156,-274,7405
(416.709)[I]: [5],0,5,0,0,-247,203,4953(416.709)[I]: [6],0,66,112,5,-155,-274,7405
(416.719)[I]: [5],0,5,0,0,-152,211,4921(416.719)[I]: [6],0,66,111,5,-153,-274,7405
(416.729)[I]: [5],0,5,0,0,-47,220,4890(416.729)[I]: [6],0,63,110,5,-151,-275,7405
(416.739)[I]: [5],0,5,0,0,62,233,4861(416.739)[I]: [6],0,66,109,5,-150,-275,7405
(416.749)[I]: [5],0,5,0,0,172,260,4836(416.749)[I]: [6],0,69,109,5,-148,-275,7405
(416.759)[I]: [5],0,4,0,0,272,293,4815(416.759)[I]: [6],0,69,109,5,-147,-275,7405
(416.769)[I]: [5],0,5,0,0,359,324,4799(416.769)[I]: [6],0,71,110,5,-145,-276,7405
(416.779)[I]: [5],0,4,0,0,427,347,4790(416.779)[I]: [6],0,73,111,5,-144,-277,7405
(416.789)[I]: [5],0,4,0,0,476,366,4793(416.789)[I]: [6],0,73,113,5,-143,-278,7405
(416.799)[I]: [5],0,5,0,0,506,381,4807(416.799)[I]: [6],0,74,112,5,-141,-279,7405
(416.809)[I]: [5],0,5,0,0,517,399,4832(416.809)[I]: [6],0,75,113,5,-140,-279,7405
(416.819)[I]: [5],0,5,0,0,511,421,4868(416.819)[I]: [6],0,75,113,5,-138,-278,7405
(416.829)[I]: [5],0,5,0,0,490,455,4911(416.829)[I]: [6],0,75,114,4,-137,-278,7405
(416.839)[I]: [5],0,5,0,0,454,501,4960(416.839)[I]: [6],0,75,116,5,-135,-283,7401
(416.849)[I]: [5],0,5,0,0,405,561,5014(416.849)[I]: [6],1,77,117,5,-136,-283,7400
(416.859)[I]: [5],0,5,0,0,347,632,5070(416.859)[I]: [6],1,79,118,5,-134,-287,7401
(416.869)[I]: [5],0,5,0,0,281,709,5128(416.869)[I]: [6],1,81,121,5,-132,-289,7401
(416.879)[I]: [5],0,5,0,0,211,785,5184(416.879)[I]: [6],3,83,124,4,-131,-289,7401
(416.889)[I]: [5],0,5,0,0,139,854,5244(416.889)[I]: [6],3,88,126,4,-130,-289,7401
(416.899)[I]: [5],0,5,0,0,76,913,5312(416.899)[I]: [6],3,91,133,4,-128,-288,7401
(416.909)[I]: [5],0,5,0,0,22,957,5392(416.909)[I]: [6],4,95,138,3,-127,-290,7394
(416.919)[I]: [5],0,5,0,0,-16,983,5488(416.919)[I]: [6],4,97,142,3,-125,-295,7384
(416.929)[I]: [5],0,4,4,0,-40,989,5597(416.929)[I]: [6],5,102,143,3,-121,-301,7374
(416.939)[I]: [5],1,3,16,0,-35,919,5620(416.939)[I]: [6],6,107,150,3,-119,-309,7362
(416.949)[I]: [5],3,4,12,0,41,653,5439(416.949)[I]: [6],9,113,149,3,-116,-317,7351
(416.959)[I]: [5],4,6,8,0,146,427,5206(416.959)[I]: [6],10,120,148,3,-114,-325,7340
(416.969)[I]: [5],2,7,12,0,213,328,4963(416.969)[I]: [6],10,127,148,3,-111,-334,7327
(416.979)[I]: [5],0,11,36,0,211,348,4732(416.979)[I]: [6],9,127,143,2,-109,-350,7313
(416.989)[I]: [5],0,13,64,0,171,372,4553(416.989)[I]: [6],10,135,137,2,-105,-386,7286
(416.999)[I]: [5],0,24,88,0,156,226,4401(416.999)[I]: [6],10,140,114,3,-102,-437,7234
(416.999)[I]: [5],0,27,104,0,165,66,4487(416.999)[I]: [6],10,147,100,3,-95,-464,7158
(416.999)[I]: [5],4,36,124,2,154,-8,4464(416.999)[I]: [6],10,149,72,3,-88,-460,7027
(417.005)[I]: [5],4,37,124,7,146,-91,4436(417.005)[I]: [6],12,142,56,2,-80,-437,6839
(417.015)[I]: [5],6,43,120,11,143,-110,4422(417.016)[I]: [6],12,119,16,2,-67,-391,6606
(417.025)[I]: [5],7,44,120,15,142,-112,4419(417.026)[I]: [6],15,92,12,2,-57,-335,6343
(417.035)[I]: [5],7,47,124,16,141,-110,4420(417.036)[I]: [6],17,57,8,2,-46,-302,6039
(417.045)[I]: [5],8,53,124,17,142,-102,4423(417.046)[I]: [6],24,45,7,2,-31,-301,5722
(417.055)[I]: [5],10,53,116,17,145,-87,4426(417.056)[I]: [6],34,26,9,2,-13,-335,5405
(417.065)[I]: [5],12,55,136,17,146,-74,4428(417.066)[I]: [6],50,27,6,2,-2,-414,5083
(417.075)[I]: [5],12,45,132,18,144,-72,4428(417.076)[I]: [6],54,20,6,2,6,-507,4758
(417.085)[I]: [5],11,43,124,20,143,-70,4428(417.086)[I]: [6],49,17,5,2,27,-606,4426
(417.095)[I]: [5],9,44,124,24,140,-73,4422(417.096)[I]: [6],31,12,6,3,41,-744,4113
(417.105)[I]: [5],10,43,124,28,139,-76,4420(417.106)[I]: [6],11,8,6,3,59,-948,3867
(417.115)[I]: [5],9,44,124,28,137,-79,4418(417.116)[I]: [6],0,10,6,3,55,-1169,3778
(417.125)[I]: [5],9,44,124,28,136,-81,4418(417.126)[I]: [6],0,7,6,3,66,-1232,3788
(417.135)[I]: [5],9,45,124,28,135,-82,4418(417.136)[I]: [6],0,7,5,3,105,-1274,3843
(417.145)[I]: [5],9,44,124,24,133,-84,4418(417.146)[I]: [6],0,9,5,3,177,-1263,3933
(417.155)[I]: [5],9,44,124,22,132,-85,4418(417.156)[I]: [6],0,9,5,3,259,-1215,4062
(417.165)[I]: [5],9,43,124,20,131,-85,4418(417.166)[I]: [6],0,9,5,3,346,-1172,4206
(417.175)[I]: [5],8,43,124,17,129,-84,4418(417.176)[I]: [6],0,9,3,3,417,-1138,4365
(417.185)[I]: [5],7,44,124,17,128,-83,4418(417.186)[I]: [6],0,10,3,3,470,-1125,4531
(417.195)[I]: [5],8,46,124,16,127,-82,4418(417.196)[I]: [6],0,9,4,2,504,-1123,4700
(417.205)[I]: [5],9,47,124,17,124,-88,4416(417.206)[I]: [6],0,9,3,2,518,-1132,4865
(417.215)[I]: [5],8,48,124,17,123,-95,4413(417.216)[I]: [6],0,9,3,2,514,-1133,5023
(417.225)[I]: [5],7,50,124,17,122,-102,4409(417.226)[I]: [6],0,9,3,2,496,-1120,5174
(417.235)[I]: [5],9,52,124,18,120,-108,4407(417.236)[I]: [6],0,9,3,2,468,-1087,5316
(417.245)[I]: [5],9,53,124,19,119,-109,4407(417.246)[I]: [6],0,9,3,2,432,-1036,5447
(417.255)[I]: [5],8,54,120,18,117,-111,4408(417.256)[I]: [6],0,9,3,2,395,-973,5568
(417.265)[I]: [5],9,56,116,19,116,-112,4408(417.266)[I]: [6],0,9,3,2,361,-903,5675
(417.275)[I]: [5],9,55,116,19,115,-113,4408(417.276)[I]: [6],0,9,3,2,337,-830,5754
(417.285)[I]: [5],9,56,116,19,114,-114,4408(417.286)[I]: [6],0,9,2,2,331,-759,5800
(417.295)[I]: [5],11,57,112,20,113,-114,4408(417.296)[I]: [6],0,9,2,2,347,-688,5818
(417.305)[I]: [5],10,57,104,20,112,-118,4407(417.306)[I]: [6],0,9,2,2,384,-617,5822
(417.315)[I]: [5],10,59,104,20,109,-123,4404(417.316)[I]: [6],0,7,0,2,429,-542,5821
(417.325)[I]: [5],11,58,104,20,108,-130,4401(417.326)[I]: [6],0,7,1,2,468,-468,5819
(417.335)[I]: [5],8,59,88,20,107,-136,4398(417.336)[I]: [6],0,7,1,2,485,-385,5821
(417.345)[I]: [5],8,59,84,20,105,-143,4396(417.346)[I]: [6],0,8,1,2,475,-300,5831
(417.355)[I]: [5],5,60,76,20,103,-148,4393(417.356)[I]: [6],0,8,1,2,436,-222,5851
(417.365)[I]: [5],6,61,68,20,102,-150,4393(417.366)[I]: [6],0,9,1,2,371,-149,5879
(417.375)[I]: [5],7,63,64,20,101,-151,4393(417.376)[I]: [6],0,9,0,2,284,-80,5911
(417.385)[I]: [5],8,66,60,18,100,-153,4393(417.386)[I]: [6],0,9,0,2,195,-20,5950
(417.395)[I]: [5],10,69,60,17,99,-155,4393(417.396)[I]: [6],0,9,1,2,100,12,5993
(417.405)[I]: [5],12,72,56,16,98,-157,4393(417.406)[I]: [6],0,10,0,2,14,55,6039
(417.415)[I]: [5],13,71,52,13,97,-158,4393(417.416)[I]: [6],0,11,1,2,-54,84,6087
(417.425)[I]: [5],12,74,52,16,96,-158,4393(417.426)[I]: [6],0,10,1,2,-103,96,6136
(417.435)[I]: [5],13,76,52,16,95,-158,4393(417.436)[I]: [6],0,10,3,2,-133,83,6185
(417.445)[I]: [5],14,78,48,17,94,-159,4393(417.446)[I]: [6],0,9,3,2,-146,48,6236
(417.455)[I]: [5],14,79,48,18,94,-160,4393(417.456)[I]: [6],0,8,2,2,-147,1,6291
(417.465)[I]: [5],15,81,48,18,93,-161,4393(417.466)[I]: [6],0,8,2,2,-144,-41,6341
(417.475)[I]: [5],14,84,52,19,92,-162,4393(417.476)[I]: [6],0,9,3,2,-142,-62,6385
(417.485)[I]: [5],14,86,48,20,91,-162,4393(417.486)[I]: [6],0,9,3,2,-141,-50,6418
(417.495)[I]: [5],14,90,52,18,90,-164,4393(417.496)[I]: [6],0,9,3,2,-141,-7,6437
(417.505)[I]: [5],15,97,56,17,89,-165,4393(417.506)[I]: [6],0,9,3,2,-139,61,6444
(417.515)[I]: [5],15,105,60,18,88,-165,4393(417.516)[I]: [6],0,9,3,2,-130,141,6440
(417.525)[I]: [5],19,108,60,17,87,-166,4393(417.526)[I]: [6],0,10,3,2,-112,221,6427
(417.535)[I]: [5],22,110,64,16,86,-167,4393(417.536)[I]: [6],0,10,3,2,-87,289,6408
(417.545)[I]: [5],23,115,68,14,85,-168,4393(417.546)[I]: [6],0,10,3,2,-55,340,6383
(417.555)[I]: [5],29,120,68,13,85,-168,4393(417.556)[I]: [6],0,10,3,2,-20,374,6354
(417.565)[I]: [5],33,127,72,14,84,-168,4393(417.566)[I]: [6],0,11,3,2,16,397,6324
(417.575)[I]: [5],39,137,84,14,83,-170,4393(417.576)[I]: [6],0,11,3,2,52,412,6295
(417.585)[I]: [5],39,142,92,15,82,-173,4393(417.586)[I]: [6],0,11,3,2,86,426,6266
(417.595)[I]: [5],45,152,104,12,82,-172,4400(417.596)[I]: [6],0,11,3,2,119,439,6239
(417.605)[I]: [5],52,161,116,13,80,-171,4409(417.606)[I]: [6],0,12,3,2,148,447,6212
(417.615)[I]: [5],56,168,124,11,79,-170,4418(417.616)[I]: [6],0,11,3,2,174,448,6183
(417.625)[I]: [5],58,180,124,10,79,-173,4428(417.626)[I]: [6],0,10,3,2,191,439,6153
(417.635)[I]: [5],63,193,136,7,78,-176,4439(417.636)[I]: [6],0,9,1,2,202,417,6120
(417.645)[I]: [5],70,207,136,8,76,-179,4452(417.646)[I]: [6],0,13,2,2,185,360,6155
(417.655)[I]: [5],81,223,140,6,73,-186,4472(417.656)[I]: [6],0,15,2,2,141,265,6376
(417.665)[I]: [5],90,239,136,5,71,-199,4501(417.666)[I]: [6],0,14,2,2,109,227,6558
(417.675)[I]: [5],97,257,140,4,68,-219,4538(417.676)[I]: [6],0,15,6,2,91,214,6748
(417.685)[I]: [5],105,275,140,1,63,-249,4587(417.686)[I]: [6],0,21,7,2,96,220,6971
(417.695)[I]: [5],104,293,112,0,58,-302,4649(417.696)[I]: [6],0,27,18,2,99,212,7162
(417.705)[I]: [5],110,306,100,0,55,-360,4726(417.706)[I]: [6],0,35,21,1,96,173,7338
(417.715)[I]: [5],113,313,72,0,46,-377,4828(417.716)[I]: [6],0,41,35,2,100,126,7428
(417.725)[I]: [5],116,314,44,0,43,-394,4967(417.726)[I]: [6],0,49,35,2,103,56,7461
(417.735)[I]: [5],114,296,32,0,43,-399,5151(417.736)[I]: [6],0,51,38,2,100,-38,7478
(417.745)[I]: [5],118,266,20,0,39,-385,5382(417.746)[I]: [6],1,51,40,2,107,-161,7534
(417.755)[I]: [5],121,200,8,0,38,-396,5645(417.756)[I]: [6],1,53,46,3,113,-188,7571
(417.765)[I]: [5],121,145,0,0,39,-429,5951(417.766)[I]: [6],2,51,49,6,109,-198,7587
(417.775)[I]: [5],127,111,8,0,35,-473,6290(417.776)[I]: [6],3,58,55,7,110,-202,7598
(417.785)[I]: [5],123,70,8,0,18,-523,6649(417.786)[I]: [6],2,58,60,9,111,-204,7601
(417.795)[I]: [5],111,40,8,0,-9,-577,7018(417.795)[I]: [6],2,51,55,11,110,-205,7601
(417.805)[I]: [5],97,34,8,0,-48,-643,7390(417.805)[I]: [6],3,54,58,11,109,-204,7601
(417.815)[I]: [5],73,26,8,0,-91,-698,7752(417.815)[I]: [6],3,57,57,12,108,-204,7601
(417.825)[I]: [5],57,19,8,0,-148,-736,8114(417.826)[I]: [6],3,56,57,12,107,-203,7601
(417.835)[I]: [5],38,11,8,0,-213,-768,8467(417.836)[I]: [6],3,52,55,12,106,-203,7601
(417.845)[I]: [5],21,9,4,0,-279,-811,8804(417.845)[I]: [6],3,58,55,12,105,-202,7601
(417.855)[I]: [5],8,8,0,0,-345,-892,9142(417.855)[I]: [6],3,58,51,12,104,-203,7601
(417.865)[I]: [5],2,7,0,0,-388,-1064,9364(417.865)[I]: [6],3,58,49,14,103,-209,7601
(417.875)[I]: [5],0,5,4,0,-412,-1184,9434(417.875)[I]: [6],2,56,49,14,102,-211,7601
(417.885)[I]: [5],0,4,0,0,-414,-1269,9400(417.885)[I]: [6],2,57,46,14,101,-213,7601
(417.895)[I]: [5],0,5,0,0,-389,-1314,9262(417.895)[I]: [6],3,59,46,15,100,-214,7601
(417.905)[I]: [5],2,5,0,0,-366,-1298,9066(417.905)[I]: [6],2,57,47,17,99,-215,7601
(417.915)[I]: [5],1,5,4,0,-358,-1249,8863(417.915)[I]: [6],2,55,45,18,98,-216,7601
(417.925)[I]: [5],0,5,4,0,-362,-1186,8670(417.925)[I]: [6],2,52,42,18,97,-216,7601
(417.935)[I]: [5],0,4,4,0,-377,-1124,8488(417.935)[I]: [6],2,52,43,19,96,-217,7601
(417.945)[I]: [5],0,4,0,0,-402,-1072,8306(417.945)[I]: [6],2,51,39,18,95,-217,7601
(417.955)[I]: [5],0,4,0,0,-433,-1032,8126(417.955)[I]: [6],2,51,38,18,94,-217,7601
(417.965)[I]: [5],0,4,0,0,-467,-1000,7957(417.965)[I]: [6],1,51,36,20,93,-218,7601
(417.975)[I]: [5],0,4,0,0,-502,-973,7798(417.975)[I]: [6],1,50,34,21,92,-219,7601
(417.985)[I]: [5],0,4,0,0,-539,-943,7635(417.985)[I]: [6],1,49,31,22,91,-220,7601
(417.995)[I]: [5],0,4,0,0,-576,-910,7458(417.995)[I]: [6],1,46,31,25,90,-221,7601
(417.999)[I]: [5],0,4,0,0,-614,-868,7268(417.999)[I]: [6],1,45,31,26,89,-221,7601
(417.999)[I]: [5],0,3,0,0,-653,-820,7070(417.999)[I]: [6],1,48,28,28,88,-222,7601
(418.001)[I]: [5],0,3,4,0,-699,-766,6869(418.001)[I]: [6],1,47,26,31,87,-223,7601
(418.011)[I]: [5],0,3,0,0,-751,-706,6670(418.011)[I]: [6],1,47,26,34,86,-224,7601
(418.021)[I]: [5],0,3,4,0,-810,-645,6484(418.021)[I]: [6],1,47,27,34,86,-224,7601
(418.031)[I]: [5],0,4,4,0,-872,-581,6319(418.031)[I]: [6],1,46,25,34,85,-224,7601
(418.041)[I]: [5],0,5,4,0,-934,-515,6178(418.041)[I]: [6],1,47,25,31,84,-224,7601
(418.051)[I]: [5],0,5,4,0,-992,-440,6058(418.051)[I]: [6],1,47,24,31,83,-225,7602
(418.061)[I]: [5],0,6,0,0,-1044,-353,5958(418.061)[I]: [6],1,47,25,31,82,-226,7602
(418.071)[I]: [5],0,5,0,0,-1083,-252,5876(418.071)[I]: [6],1,47,25,31,81,-227,7602
(418.081)[I]: [5],0,5,0,0,-1104,-140,5808(418.081)[I]: [6],1,48,25,31,81,-229,7602
(418.091)[I]: [5],0,5,0,0,-1100,-21,5746(418.091)[I]: [6],1,49,25,31,80,-229,7602
(418.101)[I]: [5],0,5,0,0,-1067,93,5684(418.101)[I]: [6],1,50,24,30,79,-231,7602
(418.111)[I]: [5],0,6,0,0,-1009,195,5616(418.111)[I]: [6],1,51,23,30,78,-231,7602
(418.121)[I]: [5],0,5,0,0,-930,278,5542(418.121)[I]: [6],1,51,22,29,77,-232,7602
(418.131)[I]: [5],0,5,0,0,-836,343,5470(418.131)[I]: [6],1,52,22,28,77,-232,7602
(418.141)[I]: [5],0,5,0,0,-732,391,5404(418.141)[I]: [6],1,53,22,25,76,-232,7602
(418.151)[I]: [5],0,5,0,0,-624,427,5342(418.151)[I]: [6],1,54,22,24,75,-232,7602
(418.161)[I]: [5],0,6,0,0,-515,455,5284(418.161)[I]: [6],2,55,22,21,74,-233,7602
(418.171)[I]: [5],0,5,0,0,-406,487,5231(418.171)[I]: [6],2,58,23,17,74,-233,7602
(418.181)[I]: [5],0,5,0,0,-297,525,5182(418.181)[I]: [6],2,61,23,15,73,-234,7602
(418.191)[I]: [5],0,5,0,0,-191,575,5140(418.191)[I]: [6],3,63,25,15,72,-234,7602
(418.201)[I]: [5],0,5,0,0,-92,640,5108(418.201)[I]: [6],3,66,27,15,71,-234,7602
(418.211)[I]: [5],0,5,0,0,-7,713,5086(418.211)[I]: [6],3,69,29,13,71,-234,7602
(418.221)[I]: [5],0,5,0,0,59,781,5072(418.221)[I]: [6],3,73,31,14,70,-235,7602
(418.231)[I]: [5],0,6,0,0,109,836,5069(418.231)[I]: [6],4,74,35,10,69,-236,7602
(418.241)[I]: [5],0,5,0,0,143,877,5073(418.241)[I]: [6],3,74,35,9,69,-236,7602
(418.251)[I]: [5],0,5,0,0,162,903,5086(418.251)[I]: [6],3,77,36,10,68,-236,7602
(418.261)[I]: [5],0,6,0,0,166,914,5109(418.261)[I]: [6],4,79,37,9,67,-236,7602
(418.271)[I]: [5],0,5,0,0,161,915,5141(418.271)[I]: [6],3,86,38,7,67,-236,7602
(418.281)[I]: [5],0,5,0,0,147,908,5178(418.281)[I]: [6],6,92,39,7,66,-237,7599
(418.291)[I]: [5],0,5,0,0,128,894,5222(418.291)[I]: [6],6,97,41,6,66,-240,7594
(418.301)[I]: [5],0,5,0,0,107,878,5270(418.301)[I]: [6],9,101,43,4,66,-244,7588
(418.311)[I]: [5],0,5,0,0,88,862,5319(418.311)[I]: [6],8,105,42,5,66,-244,7588
(418.321)[I]: [5],0,5,0,0,72,847,5373(418.321)[I]: [6],10,110,44,5,70,-251,7587
(418.331)[I]: [5],0,5,0,0,61,830,5431(418.331)[I]: [6],11,114,44,3,69,-252,7587
(418.341)[I]: [5],0,5,0,0,54,811,5496(418.341)[I]: [6],12,118,45,5,70,-255,7581
(418.351)[I]: [5],0,5,0,0,52,792,5565(418.351)[I]: [6],11,124,48,4,72,-258,7579
(418.361)[I]: [5],0,5,0,0,53,773,5641(418.361)[I]: [6],13,131,51,4,72,-261,7577
(418.371)[I]: [5],0,5,0,0,56,757,5722(418.371)[I]: [6],13,141,53,4,73,-265,7573
(418.381)[I]: [5],0,5,0,0,63,745,5809(418.381)[I]: [6],15,145,54,3,75,-268,7568
(418.391)[I]: [5],0,4,8,0,72,738,5903(418.391)[I]: [6],16,154,51,4,76,-273,7563
(418.401)[I]: [5],2,3,12,0,79,624,5872(418.401)[I]: [6],15,163,56,4,78,-278,7558
(418.411)[I]: [5],5,5,12,0,154,388,5697(418.411)[I]: [6],15,178,59,4,80,-283,7548
(418.421)[I]: [5],4,7,8,0,231,273,5472(418.421)[I]: [6],17,192,60,3,83,-294,7533
(418.431)[I]: [5],3,11,32,0,277,268,5258(418.432)[I]: [6],18,205,57,4,87,-311,7513
(418.441)[I]: [5],2,15,52,0,254,328,5018(418.442)[I]: [6],17,219,59,3,92,-370,7477
(418.451)[I]: [5],0,21,92,0,227,363,4828(418.451)[I]: [6],16,234,35,4,99,-453,7405
(418.461)[I]: [5],0,21,116,0,232,336,4657(418.462)[I]: [6],15,247,31,4,111,-516,7308
(418.471)[I]: [5],0,22,124,0,224,254,4544(418.472)[I]: [6],17,247,15,3,136,-534,7152
(418.481)[I]: [5],0,30,140,0,232,113,4590(418.482)[I]: [6],19,223,7,3,164,-550,6950
(418.491)[I]: [5],2,29,148,6,217,-1,4508(418.492)[I]: [6],22,180,2,3,196,-565,6704
(418.501)[I]: [5],3,31,144,15,212,-90,4479(418.502)[I]: [6],25,143,3,3,225,-568,6414
(418.511)[I]: [5],3,37,124,23,207,-137,4466(418.512)[I]: [6],29,96,3,3,272,-579,6091
(418.521)[I]: [5],5,40,124,35,206,-146,4460(418.522)[I]: [6],35,59,1,3,326,-607,5754
(418.531)[I]: [5],5,39,136,38,206,-140,4460(418.532)[I]: [6],48,34,3,3,374,-665,5406
(418.541)[I]: [5],4,34,124,45,206,-131,4460(418.542)[I]: [6],51,28,3,3,405,-747,5066
(418.551)[I]: [5],5,31,124,49,207,-122,4461(418.552)[I]: [6],44,22,4,3,448,-823,4730
(418.561)[I]: [5],4,31,124,50,207,-114,4462(418.562)[I]: [6],19,16,2,3,480,-937,4399
(418.571)[I]: [5],4,29,124,54,205,-112,4462(418.572)[I]: [6],11,17,3,4,517,-1085,4088
(418.581)[I]: [5],4,29,124,52,203,-110,4462(418.582)[I]: [6],1,12,2,3,545,-1322,3896
(418.591)[I]: [5],4,29,120,55,201,-109,4462(418.592)[I]: [6],0,15,4,4,557,-1462,3866
(418.601)[I]: [5],4,30,120,56,199,-109,4462(418.602)[I]: [6],0,11,4,4,579,-1536,3887
(418.611)[I]: [5],6,28,116,55,197,-113,4462(418.612)[I]: [6],0,12,4,3,614,-1565,3937
(418.621)[I]: [5],6,28,116,52,195,-120,4462(418.622)[I]: [6],0,13,5,3,671,-1502,4034
(418.631)[I]: [5],5,29,108,49,193,-127,4461(418.632)[I]: [6],0,12,4,3,735,-1415,4143
(418.641)[I]: [5],5,29,108,48,191,-135,4460(418.642)[I]: [6],0,12,4,3,786,-1322,4269
(418.651)[I]: [5],5,30,104,44,189,-136,4460(418.652)[I]: [6],0,11,3,3,813,-1241,4406
(418.661)[I]: [5],5,31,100,40,187,-138,4460(418.662)[I]: [6],0,10,4,3,810,-1180,4554
(418.671)[I]: [5],6,31,100,33,185,-140,4460(418.672)[I]: [6],0,10,3,3,771,-1142,4710
(418.681)[I]: [5],5,31,104,26,183,-141,4460(418.682)[I]: [6],0,10,5,3,710,-1116,4866
(418.691)[I]: [5],5,31,108,23,181,-141,4460(418.692)[I]: [6],0,10,4,3,634,-1090,5014
(418.701)[I]: [5],5,31,108,23,179,-142,4460(418.702)[I]: [6],0,9,4,3,554,-1046,5147
(418.711)[I]: [5],5,33,108,19,178,-142,4460(418.712)[I]: [6],0,10,3,3,478,-990,5264
(418.721)[I]: [5],7,34,112,16,176,-142,4460(418.722)[I]: [6],0,9,3,3,415,-917,5355
(418.731)[I]: [5],8,35,112,17,174,-142,4460(418.732)[I]: [6],0,9,1,3,374,-829,5411
(418.741)[I]: [5],8,38,112,19,172,-142,4460(418.742)[I]: [6],0,9,2,3,359,-731,5432
(418.751)[I]: [5],10,39,116,17,171,-144,4460(418.752)[I]: [6],0,9,1,3,366,-630,5424
(418.761)[I]: [5],9,41,120,17,169,-145,4460(418.762)[I]: [6],0,9,0,3,387,-530,5396
(418.771)[I]: [5],10,41,120,16,167,-146,4460(418.772)[I]: [6],0,9,0,3,416,-433,5362
(418.781)[I]: [5],11,43,124,14,166,-147,4460(418.782)[I]: [6],0,7,0,3,447,-340,5332
(418.791)[I]: [5],11,44,124,15,164,-148,4460(418.792)[I]: [6],0,7,1,3,466,-252,5314
(418.801)[I]: [5],12,45,124,13,162,-148,4461(418.802)[I]: [6],0,7,0,3,462,-168,5310
(418.811)[I]: [5],13,47,132,12,161,-148,4461(418.812)[I]: [6],0,7,0,3,433,-89,5323
(418.821)[I]: [5],15,48,136,10,159,-149,4461(418.822)[I]: [6],0,7,0,3,376,-15,5349
(418.831)[I]: [5],17,51,136,10,157,-150,4461(418.832)[I]: [6],0,8,0,3,297,51,5388
(418.841)[I]: [5],16,51,136,10,156,-150,4461(418.842)[I]: [6],0,8,0,3,197,108,5436
(418.851)[I]: [5],17,53,124,11,154,-152,4461(418.852)[I]: [6],0,7,1,3,84,148,5490
(418.861)[I]: [5],15,52,124,10,153,-154,4461(418.862)[I]: [6],0,9,0,3,-34,173,5550
(418.871)[I]: [5],16,51,124,10,151,-155,4461(418.872)[I]: [6],0,7,2,3,-147,184,5617
(418.881)[I]: [5],15,50,124,11,150,-156,4461(418.882)[I]: [6],0,9,1,3,-249,184,5688
(418.891)[I]: [5],17,52,132,10,148,-157,4461(418.892)[I]: [6],0,9,1,3,-334,179,5764
(418.901)[I]: [5],20,56,136,8,148,-159,4468(418.902)[I]: [6],0,9,2,3,-402,173,5844
(418.911)[I]: [5],22,57,140,9,147,-162,4476(418.912)[I]: [6],0,8,3,3,-450,173,5929
(418.921)[I]: [5],23,59,140,8,146,-166,4483(418.922)[I]: [6],0,7,3,3,-477,169,6020
(418.931)[I]: [5],26,63,140,8,145,-167,4483(418.932)[I]: [6],0,7,3,3,-488,155,6119
(418.941)[I]: [5],28,67,144,8,143,-167,4483(418.942)[I]: [6],0,7,3,3,-486,131,6222
(418.951)[I]: [5],28,70,140,8,142,-167,4483(418.952)[I]: [6],0,8,3,2,-478,103,6328
(418.961)[I]: [5],29,68,144,9,141,-169,4478(418.962)[I]: [6],0,7,3,2,-468,79,6429
(418.971)[I]: [5],25,63,144,9,140,-171,4478(418.972)[I]: [6],0,8,3,2,-465,72,6520
(418.981)[I]: [5],24,62,140,10,138,-172,4478(418.982)[I]: [6],0,8,3,2,-468,86,6598
(418.991)[I]: [5],25,60,140,10,137,-171,4478(418.992)[I]: [6],0,8,3,2,-475,111,6665
(418.999)[I]: [5],24,62,140,10,136,-171,4478(418.999)[I]: [6],0,9,3,2,-484,140,6723
(418.999)[I]: [5],24,63,144,9,135,-176,4483(418.999)[I]: [6],0,9,3,2,-491,163,6770
(418.999)[I]: [5],29,70,148,9,134,-179,4491(418.999)[I]: [6],0,9,3,2,-492,180,6805
(419.007)[I]: [5],34,74,152,8,132,-184,4499(419.008)[I]: [6],0,8,3,2,-490,192,6828
(419.017)[I]: [5],38,79,152,10,129,-189,4506(419.018)[I]: [6],0,9,3,2,-483,204,6842
(419.027)[I]: [5],44,82,160,7,128,-194,4513(419.028)[I]: [6],0,9,3,2,-474,216,6851
(419.037)[I]: [5],49,92,168,7,127,-198,4520(419.038)[I]: [6],0,9,3,2,-462,229,6857
(419.047)[I]: [5],54,105,172,5,125,-203,4530(419.048)[I]: [6],0,9,3,2,-449,240,6857
(419.057)[I]: [5],63,110,180,7,123,-207,4540(419.058)[I]: [6],0,10,3,2,-438,248,6849
(419.067)[I]: [5],73,121,188,6,121,-212,4553(419.068)[I]: [6],0,9,3,3,-432,248,6831
(419.077)[I]: [5],79,134,196,6,119,-215,4571(419.078)[I]: [6],0,9,3,2,-433,243,6803
(419.087)[I]: [5],84,148,196,3,117,-223,4591(419.088)[I]: [6],0,9,3,2,-442,235,6769
(419.097)[I]: [5],96,159,204,2,114,-231,4616(419.098)[I]: [6],0,10,3,2,-459,224,6731
(419.107)[I]: [5],107,174,212,0,111,-245,4647(419.108)[I]: [6],0,11,2,3,-480,208,6691
(419.117)[I]: [5],118,189,212,1,106,-271,4680(419.118)[I]: [6],0,10,1,3,-506,186,6648
(419.127)[I]: [5],130,206,212,0,101,-304,4717(419.128)[I]: [6],0,9,1,2,-535,157,6597
(419.137)[I]: [5],141,220,212,0,97,-344,4761(419.138)[I]: [6],0,9,1,2,-568,124,6534
(419.147)[I]: [5],156,235,192,0,92,-381,4814(419.148)[I]: [6],0,9,0,2,-607,90,6454
(419.157)[I]: [5],164,244,196,0,85,-399,4883(419.158)[I]: [6],0,12,3,3,-647,56,6359
(419.167)[I]: [5],168,252,172,0,78,-409,4974(419.168)[I]: [6],0,17,5,2,-713,-88,6428
(419.177)[I]: [5],173,263,144,0,75,-416,5092(419.178)[I]: [6],0,23,3,2,-737,-127,6645
(419.187)[I]: [5],174,261,96,0,73,-419,5240(419.188)[I]: [6],0,27,9,2,-755,-138,6754
(419.197)[I]: [5],177,257,60,0,71,-417,5417(419.198)[I]: [6],0,29,12,2,-755,-146,6918
(419.207)[I]: [5],184,237,44,0,68,-410,5612(419.208)[I]: [6],0,46,20,2,-750,-166,7054
(419.217)[I]: [5],177,199,36,0,67,-403,5823(419.218)[I]: [6],1,56,36,2,-752,-219,7164
(419.227)[I]: [5],172,171,32,0,62,-400,6053(419.228)[I]: [6],2,63,42,2,-747,-292,7231
(419.237)[I]: [5],159,122,28,0,54,-406,6305(419.238)[I]: [6],3,77,48,2,-742,-389,7283
(419.247)[I]: [5],155,97,28,0,40,-422,6574(419.248)[I]: [6],5,82,49,3,-748,-472,7363
(419.257)[I]: [5],142,57,28,0,20,-448,6862(419.258)[I]: [6],8,88,57,4,-759,-511,7346
(419.267)[I]: [5],151,39,32,0,-7,-478,7162(419.268)[I]: [6],12,87,60,6,-731,-506,7359
(419.277)[I]: [5],131,29,20,0,-38,-519,7467(419.278)[I]: [6],14,89,63,6,-718,-512,7362
(419.287)[I]: [5],111,17,20,0,-72,-575,7766(419.288)[I]: [6],15,83,70,6,-716,-501,7365
(419.297)[I]: [5],78,14,12,0,-109,-623,8053(419.298)[I]: [6],13,84,66,6,-718,-495,7365
(419.307)[I]: [5],61,11,12,0,-145,-671,8344(419.308)[I]: [6],13,86,63,6,-712,-490,7365
(419.317)[I]: [5],41,7,4,0,-187,-714,8615(419.317)[I]: [6],14,82,58,6,-704,-488,7366
(419.327)[I]: [5],25,7,4,0,-230,-783,8865(419.327)[I]: [6],12,83,56,6,-697,-485,7366
(419.337)[I]: [5],13,6,4,0,-275,-894,9102(419.337)[I]: [6],12,83,53,6,-691,-488,7366
(419.347)[I]: [5],2,4,4,0,-320,-1058,9239(419.347)[I]: [6],13,87,50,6,-686,-494,7366
(419.357)[I]: [5],0,4,8,0,-388,-1141,9278(419.357)[I]: [6],13,90,46,6,-680,-499,7367
(419.367)[I]: [5],0,3,4,0,-493,-1194,9262(419.367)[I]: [6],13,87,45,5,-673,-498,7367
(419.377)[I]: [5],1,3,4,0,-613,-1212,9172(419.377)[I]: [6],12,88,45,6,-666,-499,7367
(419.387)[I]: [5],1,2,4,0,-744,-1190,9022(419.387)[I]: [6],10,92,44,6,-660,-500,7367
(419.397)[I]: [5],2,2,4,0,-877,-1165,8845(419.397)[I]: [6],10,91,44,6,-657,-498,7373
(419.407)[I]: [5],3,2,4,0,-1001,-1147,8661(419.408)[I]: [6],9,90,43,6,-652,-496,7376
(419.417)[I]: [5],3,2,4,0,-1112,-1144,8484(419.418)[I]: [6],7,90,43,6,-648,-493,7379
(419.427)[I]: [5],2,2,4,0,-1209,-1161,8316(419.428)[I]: [6],7,91,42,6,-641,-493,7379
(419.437)[I]: [5],3,2,4,0,-1290,-1193,8159(419.438)[I]: [6],7,89,41,6,-635,-492,7379
(419.447)[I]: [5],2,2,0,0,-1355,-1230,8011(419.447)[I]: [6],7,87,40,6,-630,-490,7383
(419.457)[I]: [5],3,2,0,0,-1409,-1266,7868(419.457)[I]: [6],5,87,39,7,-625,-489,7386
(419.467)[I]: [5],2,2,0,0,-1453,-1298,7729(419.467)[I]: [6],6,86,40,7,-619,-489,7386
(419.477)[I]: [5],1,3,0,0,-1488,-1311,7592(419.477)[I]: [6],6,86,40,8,-613,-488,7386
(419.487)[I]: [5],0,2,4,0,-1516,-1299,7454(419.487)[I]: [6],6,88,39,8,-607,-488,7386
(419.497)[I]: [5],0,2,0,0,-1539,-1257,7319(419.497)[I]: [6],6,87,39,9,-601,-487,7386
(419.507)[I]: [5],0,2,0,0,-1559,-1197,7185(419.507)[I]: [6],7,87,39,9,-595,-487,7387
(419.517)[I]: [5],0,2,0,0,-1575,-1129,7047(419.517)[I]: [6],8,86,39,9,-589,-486,7387
(419.527)[I]: [5],0,2,0,0,-1583,-1060,6904(419.527)[I]: [6],7,85,39,10,-583,-485,7387
(419.537)[I]: [5],0,2,0,0,-1582,-995,6758(419.537)[I]: [6],7,84,40,10,-577,-485,7387
(419.547)[I]: [5],0,2,0,0,-1569,-939,6617(419.547)[I]: [6],7,83,41,10,-571,-484,7387
(419.557)[I]: [5],0,2,0,0,-1548,-889,6486(419.557)[I]: [6],8,83,42,11,-566,-484,7387
(419.567)[I]: [5],0,2,0,0,-1518,-835,6373(419.567)[I]: [6],8,82,41,11,-560,-483,7388
(419.577)[I]: [5],0,3,0,0,-1480,-775,6279(419.577)[I]: [6],7,81,42,11,-555,-483,7388
(419.587)[I]: [5],0,3,0,0,-1436,-713,6202(419.587)[I]: [6],8,81,42,11,-549,-482,7388
(419.597)[I]: [5],0,3,0,0,-1383,-651,6140(419.597)[I]: [6],7,80,44,12,-544,-481,7388
(419.607)[I]: [5],0,3,0,0,-1323,-592,6086(419.607)[I]: [6],7,80,44,12,-538,-481,7388
(419.617)[I]: [5],0,3,0,0,-1256,-536,6033(419.617)[I]: [6],6,79,45,12,-533,-480,7388
(419.627)[I]: [5],0,3,0,0,-1181,-486,5974(419.627)[I]: [6],6,79,46,13,-528,-479,7388
(419.637)[I]: [5],0,3,0,0,-1101,-441,5900(419.637)[I]: [6],5,79,47,13,-522,-479,7389
(419.647)[I]: [5],0,3,0,0,-1021,-399,5809(419.647)[I]: [6],5,79,47,14,-517,-478,7389
(419.657)[I]: [5],0,3,0,0,-943,-361,5702(419.657)[I]: [6],5,78,49,13,-512,-478,7389
(419.667)[I]: [5],0,3,0,0,-867,-322,5580(419.667)[I]: [6],5,77,51,13,-507,-477,7389
(419.677)[I]: [5],0,3,0,0,-794,-277,5447(419.677)[I]: [6],5,75,53,13,-502,-477,7389
(419.687)[I]: [5],0,3,0,0,-720,-229,5315(419.687)[I]: [6],5,73,54,13,-497,-476,7389
(419.697)[I]: [5],0,3,0,0,-643,-176,5189(419.697)[I]: [6],5,73,54,12,-492,-475,7389
(419.707)[I]: [5],0,3,4,0,-569,-109,5054(419.707)[I]: [6],4,71,54,13,-487,-474,7389
(419.717)[I]: [5],0,9,4,0,-513,-26,4877(419.717)[I]: [6],4,72,55,13,-482,-473,7390
(419.727)[I]: [5],0,9,12,0,-481,24,4710(419.727)[I]: [6],4,69,54,14,-477,-473,7390
(419.737)[I]: [5],0,8,16,0,-473,32,4535(419.737)[I]: [6],3,66,52,14,-473,-472,7390
(419.747)[I]: [5],0,7,20,3,-464,-122,4553(419.747)[I]: [6],3,63,50,14,-468,-471,7390
(419.757)[I]: [5],0,10,28,8,-465,-146,4540(419.758)[I]: [6],3,61,49,14,-463,-471,7390
(419.767)[I]: [5],0,10,28,13,-471,-203,4551(419.768)[I]: [6],3,56,48,14,-459,-471,7390
(419.777)[I]: [5],0,15,36,14,-474,-228,4566(419.778)[I]: [6],2,52,47,11,-454,-470,7390
(419.787)[I]: [5],0,13,40,14,-472,-226,4577(419.788)[I]: [6],2,46,43,10,-449,-469,7390
(419.797)[I]: [5],0,15,36,13,-471,-213,4588(419.798)[I]: [6],3,45,41,9,-445,-468,7390
(419.807)[I]: [5],0,17,48,11,-470,-197,4598(419.808)[I]: [6],1,45,34,8,-441,-467,7390
(419.817)[I]: [5],0,17,56,10,-469,-181,4603(419.818)[I]: [6],1,43,31,8,-436,-466,7391
(419.827)[I]: [5],0,16,52,10,-466,-163,4608(419.828)[I]: [6],0,41,30,7,-432,-466,7391
(419.837)[I]: [5],0,15,60,10,-463,-144,4613(419.838)[I]: [6],0,38,30,7,-428,-465,7391
(419.847)[I]: [5],0,14,56,10,-460,-129,4615(419.848)[I]: [6],0,38,29,6,-423,-464,7391
(419.857)[I]: [5],0,15,68,10,-458,-118,4617(419.858)[I]: [6],0,35,29,6,-419,-463,7391
(419.867)[I]: [5],0,15,68,10,-456,-111,4620(419.868)[I]: [6],0,31,28,6,-415,-462,7391
(419.877)[I]: [5],0,16,76,11,-451,-109,4620(419.878)[I]: [6],0,33,28,6,-411,-462,7391
(419.887)[I]: [5],0,18,84,12,-447,-107,4620(419.888)[I]: [6],0,35,27,6,-407,-462,7391
(419.897)[I]: [5],0,17,96,12,-443,-106,4621(419.898)[I]: [6],0,34,27,6,-403,-461,7391
(419.907)[I]: [5],0,17,100,13,-438,-105,4621(419.908)[I]: [6],0,34,25,6,-399,-461,7391
(419.917)[I]: [5],0,23,100,13,-436,-107,4621(419.918)[I]: [6],0,34,25,6,-395,-460,7391
(419.927)[I]: [5],0,23,100,13,-435,-113,4621(419.928)[I]: [6],0,31,23,6,-391,-460,7391
(419.937)[I]: [5],0,21,104,15,-434,-119,4622(419.938)[I]: [6],0,31,24,7,-387,-460,7391
(419.947)[I]: [5],0,23,108,15,-431,-122,4622(419.948)[I]: [6],0,30,24,6,-383,-459,7391
(419.957)[I]: [5],0,26,116,15,-427,-122,4622(419.958)[I]: [6],0,30,23,6,-379,-459,7391
(419.967)[I]: [5],0,28,116,16,-423,-123,4622(419.968)[I]: [6],0,27,22,6,-375,-458,7391
(419.977)[I]: [5],1,28,124,16,-418,-123,4622(419.978)[I]: [6],0,27,22,7,-372,-457,7391
(419.987)[I]: [5],1,27,120,15,-414,-124,4622(419.988)[I]: [6],0,27,22,6,-368,-456,7392
(419.997)[I]: [5],2,28,124,15,-410,-124,4622(419.998)[I]: [6],0,26,19,6,-364,-456,7392
(419.999)[I]: [5],2,31,116,15,-406,-124,4622(419.999)[I]: [6],0,27,18,6,-361,-455,7392
(419.999)[I]: [5],3,30,120,15,-402,-123,4622(419.999)[I]: [6],0,25,16,6,-357,-455,7392
(420.003)[I]: [5],3,29,120,14,-398,-122,4623(420.004)[I]: [6],0,23,15,6,-353,-454,7392
(420.013)[I]: [5],2,28,124,13,-394,-121,4623(420.014)[I]: [6],0,22,15,6,-350,-453,7392
(420.023)[I]: [5],3,29,124,13,-390,-120,4623(420.024)[I]: [6],0,22,15,6,-346,-453,7392
(420.033)[I]: [5],3,29,124,14,-386,-119,4623(420.034)[I]: [6],0,22,14,6,-343,-452,7392
(420.043)[I]: [5],3,27,124,14,-382,-119,4623(420.044)[I]: [6],0,20,15,6,-339,-451,7392
(420.053)[I]: [5],3,29,124,14,-378,-118,4623(420.054)[I]: [6],0,19,15,6,-336,-451,7392
(420.063)[I]: [5],2,28,124,14,-375,-118,4623(420.064)[I]: [6],0,17,15,6,-333,-450,7392
(420.073)[I]: [5],2,29,124,14,-371,-118,4623(420.074)[I]: [6],0,18,17,6,-329,-449,7392
(420.083)[I]: [5],2,28,124,14,-367,-118,4623(420.084)[I]: [6],0,18,17,6,-326,-449,7392
(420.093)[I]: [5],2,28,124,14,-364,-118,4624(420.094)[I]: [6],0,19,17,7,-323,-448,7392
(420.103)[I]: [5],2,27,124,14,-360,-117,4624(420.104)[I]: [6],0,18,15,6,-320,-448,7392
(420.113)[I]: [5],2,28,124,15,-356,-117,4624(420.114)[I]: [6],0,18,14,6,-316,-447,7392
(420.123)[I]: [5],2,26,124,15,-353,-117,4624(420.124)[I]: [6],0,18,14,6,-313,-447,7392
(420.133)[I]: [5],1,26,124,15,-349,-117,4624(420.134)[I]: [6],0,17,14,7,-310,-446,7392
(420.143)[I]: [5],1,25,124,15,-346,-116,4624(420.144)[I]: [6],0,17,14,6,-307,-445,7392
(420.153)[I]: [5],0,25,124,15,-342,-116,4624(420.154)[I]: [6],0,17,14,6,-304,-444,7392
(420.163)[I]: [5],1,25,124,15,-339,-115,4624(420.164)[I]: [6],0,17,15,6,-301,-444,7392
(420.173)[I]: [5],1,25,124,15,-336,-114,4624(420.174)[I]: [6],0,18,16,7,-298,-443,7392
(420.183)[I]: [5],2,26,124,15,-332,-114,4624(420.184)[I]: [6],0,18,18,7,-295,-443,7392
(420.193)[I]: [5],0,27,124,14,-329,-113,4624(420.194)[I]: [6],0,19,19,6,-292,-442,7392
(420.203)[I]: [5],0,26,124,14,-326,-113,4625(420.204)[I]: [6],0,19,19,6,-289,-441,7392
(420.213)[I]: [5],0,26,124,15,-322,-112,4625(420.214)[I]: [6],0,19,20,7,-286,-440,7392
(420.223)[I]: [5],0,27,124,15,-319,-112,4625(420.224)[I]: [6],0,19,19,6,-283,-440,7392
(420.233)[I]: [5],0,25,124,15,-316,-112,4625(420.234)[I]: [6],0,19,19,7,-281,-439,7392
(420.243)[I]: [5],0,24,124,15,-313,-112,4625(420.244)[I]: [6],0,19,19,6,-278,-439,7392
(420.253)[I]: [5],0,25,124,15,-310,-112,4625(420.254)[I]: [6],0,18,19,7,-275,-438,7392
(420.263)[I]: [5],0,24,124,16,-307,-112,4625(420.264)[I]: [6],0,19,20,7,-272,-438,7392
(420.273)[I]: [5],0,23,124,16,-304,-112,4625(420.274)[I]: [6],0,19,21,6,-269,-437,7392
(420.283)[I]: [5],0,24,124,15,-301,-112,4625(420.284)[I]: [6],0,19,21,7,-267,-437,7392
(420.293)[I]: [5],0,24,124,15,-298,-112,4625(420.294)[I]: [6],0,20,22,7,-264,-437,7392
(420.303)[I]: [5],0,24,124,15,-295,-112,4625(420.304)[I]: [6],0,19,21,7,-261,-437,7392
(420.313)[I]: [5],0,23,124,15,-292,-112,4625(420.314)[I]: [6],0,19,21,7,-259,-436,7392
(420.323)[I]: [5],0,23,124,15,-289,-112,4625(420.324)[I]: [6],0,19,21,7,-256,-435,7393
(420.333)[I]: [5],0,23,124,15,-286,-112,4625(420.334)[I]: [6],0,20,22,7,-254,-435,7393
(420.343)[I]: [5],0,23,124,15,-283,-111,4625(420.344)[I]: [6],0,20,22,7,-251,-434,7393
(420.353)[I]: [5],0,22,120,15,-280,-111,4625(420.354)[I]: [6],0,20,22,6,-249,-434,7393
(420.363)[I]: [5],0,23,120,15,-277,-112,4625(420.364)[I]: [6],0,21,23,6,-246,-433,7393
(420.373)[I]: [5],0,23,120,16,-275,-112,4625(420.374)[I]: [6],0,21,23,6,-244,-433,7393
(420.383)[I]: [5],0,24,120,16,-272,-112,4625(420.384)[I]: [6],0,20,22,7,-241,-432,7393
(420.393)[I]: [5],0,23,120,16,-269,-112,4626(420.394)[I]: [6],0,20,23,7,-239,-432,7393
(420.403)[I]: [5],0,24,120,16,-267,-111,4626(420.404)[I]: [6],0,20,23,6,-236,-432,7393
(420.413)[I]: [5],0,24,120,16,-264,-111,4626(420.414)[I]: [6],0,20,23,6,-234,-431,7393
(420.423)[I]: [5],0,25,120,16,-261,-111,4626(420.424)[I]: [6],0,21,23,6,-232,-431,7393
(420.433)[I]: [5],0,25,116,16,-259,-111,4626(420.434)[I]: [6],0,21,23,6,-229,-430,7393
(420.443)[I]: [5],0,26,120,16,-256,-110,4626(420.444)[I]: [6],0,22,24,7,-227,-430,7393
(420.453)[I]: [5],0,26,120,16,-253,-110,4626(420.454)[I]: [6],0,21,23,7,-225,-429,7393
(420.463)[I]: [5],0,27,120,16,-251,-110,4626(420.464)[I]: [6],0,21,23,7,-223,-429,7393
(420.473)[I]: [5],0,28,120,15,-248,-110,4626(420.474)[I]: [6],0,21,24,7,-220,-429,7393
(420.483)[I]: [5],0,29,120,15,-246,-110,4626(420.484)[I]: [6],0,22,24,7,-218,-428,7393
(420.493)[I]: [5],0,29,120,15,-243,-110,4626(420.494)[I]: [6],0,21,23,7,-216,-428,7393
(420.503)[I]: [5],0,28,120,15,-241,-109,4626(420.504)[I]: [6],0,21,24,6,-214,-427,7393
(420.513)[I]: [5],0,28,120,15,-239,-109,4626(420.514)[I]: [6],0,21,24,7,-212,-427,7393
(420.523)[I]: [5],0,27,120,15,-236,-109,4626(420.524)[I]: [6],0,22,24,7,-210,-427,7393
(420.533)[I]: [5],0,27,120,15,-234,-109,4626(420.534)[I]: [6],0,22,24,6,-208,-426,7392
(420.543)[I]: [5],0,28,120,15,-232,-109,4626(420.544)[I]: [6],0,21,24,7,-205,-426,7392
(420.553)[I]: [5],0,28,120,15,-229,-109,4626(420.554)[I]: [6],0,21,24,6,-203,-426,7392
(420.563)[I]: [5],0,28,120,15,-227,-109,4626(420.564)[I]: [6],0,22,25,6,-201,-425,7392
(420.573)[I]: [5],0,28,120,15,-225,-109,4626(420.574)[I]: [6],0,22,25,7,-199,-425,7392
(420.583)[I]: [5],0,29,120,15,-222,-109,4626(420.584)[I]: [6],0,22,25,7,-197,-425,7392
(420.593)[I]: [5],0,29,120,14,-220,-109,4626(420.594)[I]: [6],0,22,26,7,-195,-424,7392
(420.603)[I]: [5],0,30,120,14,-218,-109,4626(420.604)[I]: [6],0,23,27,7,-193,-424,7392
(420.613)[I]: [5],0,29,120,13,-216,-109,4626(420.614)[I]: [6],0,23,28,6,-191,-423,7392
(420.623)[I]: [5],0,29,120,13,-214,-109,4626(420.624)[I]: [6],0,23,29,6,-190,-423,7392
(420.633)[I]: [5],0,29,120,13,-212,-109,4626(420.634)[I]: [6],0,23,29,6,-188,-423,7392
(420.643)[I]: [5],0,29,120,13,-209,-109,4626(420.644)[I]: [6],0,23,29,7,-186,-423,7392
(420.653)[I]: [5],0,30,124,13,-207,-109,4626(420.654)[I]: [6],0,23,29,6,-184,-422,7392
(420.663)[I]: [5],0,30,120,13,-205,-109,4626(420.664)[I]: [6],0,24,30,7,-182,-422,7392
(420.673)[I]: [5],0,29,120,13,-203,-109,4626(420.674)[I]: [6],0,23,30,6,-180,-422,7392
(420.683)[I]: [5],0,30,124,13,-201,-109,4626(420.684)[I]: [6],0,24,30,7,-178,-422,7392
(420.693)[I]: [5],0,29,120,13,-199,-109,4626(420.694)[I]: [6],0,24,30,7,-177,-422,7392
(420.703)[I]: [5],0,31,124,13,-197,-109,4626(420.704)[I]: [6],0,23,31,7,-175,-421,7392
(420.713)[I]: [5],0,30,120,13,-195,-109,4626(420.714)[I]: [6],0,24,30,7,-173,-421,7392
(420.723)[I]: [5],0,30,124,13,-193,-109,4627(420.724)[I]: [6],0,25,30,7,-171,-421,7392
(420.733)[I]: [5],0,31,124,13,-191,-109,4627(420.734)[I]: [6],0,24,30,7,-170,-421,7392
(420.743)[I]: [5],0,30,120,13,-189,-110,4627(420.744)[I]: [6],0,25,30,7,-168,-420,7392
(420.753)[I]: [5],0,31,124,13,-188,-110,4627(420.754)[I]: [6],0,25,30,6,-166,-421,7392
(420.763)[I]: [5],0,31,120,13,-186,-109,4627(420.764)[I]: [6],0,25,30,6,-165,-420,7392
(420.773)[I]: [5],0,31,120,13,-184,-110,4627(420.774)[I]: [6],0,25,31,7,-163,-420,7392
(420.783)[I]: [5],0,31,124,13,-182,-109,4627(420.784)[I]: [6],0,25,31,6,-161,-420,7392
(420.793)[I]: [5],0,31,120,13,-180,-109,4627(420.794)[I]: [6],0,26,31,7,-160,-420,7392
(420.803)[I]: [5],0,30,120,13,-178,-110,4627(420.804)[I]: [6],0,25,31,6,-158,-420,7392
(420.813)[I]: [5],0,31,124,13,-177,-109,4627(420.814)[I]: [6],0,26,31,6,-157,-420,7392
(420.823)[I]: [5],0,31,124,13,-175,-110,4627(420.824)[I]: [6],0,25,31,7,-155,-419,7392
(420.833)[I]: [5],0,31,120,13,-173,-109,4627(420.834)[I]: [6],0,25,31,7,-153,-419,7392
(420.843)[I]: [5],0,31,124,13,-171,-110,4627(420.844)[I]: [6],0,25,31,7,-152,-419,7392
(420.853)[I]: [5],0,30,120,13,-170,-110,4627(420.854)[I]: [6],0,26,31,7,-150,-419,7392
(420.863)[I]: [5],0,30,124,13,-168,-110,4627(420.864)[I]: [6],0,26,31,7,-149,-419,7392
(420.873)[I]: [5],0,30,124,13,-166,-110,4627(420.874)[I]: [6],0,25,31,7,-147,-418,7392
(420.883)[I]: [5],0,29,124,13,-165,-109,4627(420.884)[I]: [6],0,25,31,7,-146,-418,7392
(420.893)[I]: [5],0,29,124,13,-163,-109,4627(420.894)[I]: [6],0,25,31,7,-144,-418,7392
(420.903)[I]: [5],0,30,120,13,-161,-109,4627(420.904)[I]: [6],0,25,31,7,-143,-418,7392
(420.913)[I]: [5],0,29,120,13,-160,-109,4627(420.914)[I]: [6],0,25,31,7,-142,-418,7392
(420.923)[I]: [5],0,29,124,13,-158,-109,4627(420.924)[I]: [6],0,25,31,7,-140,-417,7392
(420.933)[I]: [5],0,29,120,13,-157,-110,4627(420.934)[I]: [6],0,25,31,7,-139,-417,7392
(420.943)[I]: [5],0,30,120,13,-155,-110,4627(420.944)[I]: [6],0,25,31,7,-137,-416,7392
(420.953)[I]: [5],0,30,124,13,-153,-110,4627(420.954)[I]: [6],0,26,31,7,-136,-416,7392
(420.963)[I]: [5],0,30,120,13,-152,-110,4627(420.964)[I]: [6],0,25,31,7,-135,-416,7392
(420.973)[I]: [5],0,30,120,13,-150,-110,4627(420.974)[I]: [6],0,26,31,7,-133,-416,7392
(420.983)[I]: [5],0,30,120,13,-149,-110,4627(420.984)[I]: [6],0,26,31,7,-132,-415,7392
(420.993)[I]: [5],0,30,120,13,-147,-110,4627(420.994)[I]: [6],0,26,31,7,-131,-415,7392
(420.999)[I]: [5],0,30,120,13,-146,-110,4627(420.999)[I]: [6],0,26,35,7,-129,-415,7392
(420.999)[I]: [5],0,30,120,13,-144,-110,4627(420.999)[I]: [6],0,27,34,7,-128,-415,7392
(420.999)[I]: [5],0,30,120,13,-143,-110,4627(421.000)[I]: [6],0,27,35,7,-127,-415,7392
(421.009)[I]: [5],0,28,120,13,-142,-110,4627(421.010)[I]: [6],0,27,35,7,-125,-415,7392
(421.019)[I]: [5],0,29,120,13,-140,-110,4627(421.020)[I]: [6],0,28,35,7,-124,-415,7392
(421.029)[I]: [5],0,28,116,13,-139,-110,4627(421.030)[I]: [6],0,27,36,7,-123,-414,7392
(421.039)[I]: [5],0,28,116,13,-137,-110,4627(421.040)[I]: [6],0,28,36,7,-122,-414,7392
(421.049)[I]: [5],0,29,116,13,-136,-109,4627(421.050)[I]: [6],0,28,38,6,-121,-414,7392
(421.059)[I]: [5],0,29,116,13,-135,-109,4627(421.060)[I]: [6],0,31,39,6,-119,-414,7392
(421.069)[I]: [5],0,28,116,13,-133,-109,4627(421.070)[I]: [6],0,30,40,6,-118,-414,7392
(421.079)[I]: [5],0,28,116,13,-132,-109,4627(421.080)[I]: [6],0,31,41,6,-117,-414,7392
(421.089)[I]: [5],0,26,112,13,-131,-109,4627(421.090)[I]: [6],0,31,42,6,-116,-414,7392
(421.099)[I]: [5],0,28,112,13,-129,-109,4627(421.100)[I]: [6],0,34,43,6,-115,-414,7392
(421.109)[I]: [5],0,29,112,13,-128,-109,4627(421.110)[I]: [6],0,34,43,6,-113,-414,7392
(421.119)[I]: [5],0,29,112,13,-127,-109,4627(421.120)[I]: [6],0,35,44,6,-112,-414,7392
(421.129)[I]: [5],0,28,112,13,-125,-108,4627(421.130)[I]: [6],0,36,44,6,-111,-414,7392
(421.139)[I]: [5],0,29,112,13,-124,-108,4627(421.140)[I]: [6],0,38,45,6,-110,-414,7392
(421.149)[I]: [5],0,29,108,13,-123,-108,4627(421.150)[I]: [6],0,37,45,6,-109,-414,7392
(421.159)[I]: [5],0,29,108,13,-122,-108,4627(421.160)[I]: [6],0,37,45,6,-108,-414,7392
(421.169)[I]: [5],0,29,108,13,-121,-108,4627(421.170)[I]: [6],0,38,46,6,-107,-414,7392
(421.179)[I]: [5],0,29,108,13,-119,-108,4627(421.180)[I]: [6],0,39,46,6,-106,-414,7392
(421.189)[I]: [5],0,28,108,13,-118,-108,4627(421.190)[I]: [6],0,37,47,6,-105,-413,7391
(421.199)[I]: [5],0,28,108,13,-117,-107,4627(421.200)[I]: [6],0,38,48,6,-104,-413,7391
(421.209)[I]: [5],0,28,108,13,-116,-107,4627(421.210)[I]: [6],0,38,50,6,-103,-413,7391
(421.219)[I]: [5],0,27,104,13,-115,-107,4627(421.220)[I]: [6],0,38,50,6,-102,-413,7391
(421.229)[I]: [5],0,27,100,13,-113,-107,4627(421.230)[I]: [6],0,38,50,6,-101,-413,7391
(421.239)[I]: [5],0,27,96,13,-112,-108,4627(421.240)[I]: [6],0,38,51,6,-100,-412,7391
(421.249)[I]: [5],0,27,100,14,-111,-108,4627(421.250)[I]: [6],0,38,51,6,-99,-412,7391
(421.259)[I]: [5],0,27,100,13,-110,-108,4627(421.260)[I]: [6],0,39,51,6,-98,-412,7391
(421.269)[I]: [5],0,27,96,13,-109,-108,4627(421.270)[I]: [6],0,38,51,6,-97,-412,7391
(421.279)[I]: [5],0,26,96,13,-108,-109,4627(421.280)[I]: [6],0,38,52,7,-96,-412,7391