(472.739)[I]: [5],0,15,84,17,0,-203,4495(472.739)[I]: [6],0,29,37,8,0,-356,9588
(472.749)[I]: [5],0,15,84,17,0,-202,4495(472.750)[I]: [6],0,30,37,8,0,-355,9588
(472.759)[I]: [5],0,15,84,17,0,-202,4495(472.760)[I]: [6],0,29,36,8,0,-355,9588
(472.769)[I]: [5],0,15,84,17,0,-202,4495(472.770)[I]: [6],0,29,37,8,0,-356,9588
(472.779)[I]: [5],0,15,84,17,0,-202,4495(472.780)[I]: [6],0,29,36,8,0,-356,9588
(472.789)[I]: [5],0,15,88,17,0,-202,4495(472.790)[I]: [6],0,29,37,8,0,-356,9588
(472.799)[I]: [5],0,15,84,17,0,-202,4495(472.800)[I]: [6],0,29,37,8,0,-355,9588
(472.809)[I]: [5],0,15,88,17,0,-202,4495(472.810)[I]: [6],0,29,37,8,0,-355,9588
(472.819)[I]: [5],0,15,84,17,0,-202,4495(472.820)[I]: [6],0,29,36,8,0,-355,9588
(472.829)[I]: [5],0,15,84,17,0,-202,4495(472.830)[I]: [6],0,30,37,8,0,-355,9588
(472.839)[I]: [5],0,15,88,17,0,-202,4495(472.839)[I]: [6],0,30,37,8,0,-356,9588
(472.849)[I]: [5],0,15,84,17,0,-202,4495(472.850)[I]: [6],0,29,37,8,0,-356,9588
(472.859)[I]: [5],0,15,88,17,0,-202,4495(472.859)[I]: [6],0,30,37,8,0,-356,9588
(472.869)[I]: [5],0,15,84,17,0,-202,4495(472.870)[I]: [6],0,30,37,8,0,-356,9588
(472.879)[I]: [5],0,15,88,17,0,-202,4495(472.880)[I]: [6],0,30,36,8,0,-356,9588
(472.889)[I]: [5],0,15,84,17,0,-201,4495(472.890)[I]: [6],0,29,37,8,0,-356,9588
(472.899)[I]: [5],0,15,84,17,0,-201,4495(472.899)[I]: [6],0,29,37,8,0,-356,9588
(472.909)[I]: [5],0,15,88,17,0,-201,4495(472.909)[I]: [6],0,29,36,8,0,-356,9588
(472.919)[I]: [5],0,15,88,17,0,-201,4495(472.919)[I]: [6],0,29,36,8,0,-356,9588
(472.929)[I]: [5],0,15,88,17,0,-201,4495(472.929)[I]: [6],0,30,37,8,0,-356,9588
(472.939)[I]: [5],0,15,88,17,0,-201,4495(472.939)[I]: [6],0,29,36,8,0,-356,9588
(472.949)[I]: [5],0,15,88,17,0,-201,4495(472.949)[I]: [6],0,29,36,8,0,-356,9588
(472.959)[I]: [5],0,15,88,17,0,-202,4495(472.960)[I]: [6],0,29,36,8,0,-356,9588
(472.969)[I]: [5],0,15,88,17,0,-202,4495(472.970)[I]: [6],0,29,36,9,0,-356,9588
(472.979)[I]: [5],0,15,88,17,0,-202,4495(472.980)[I]: [6],0,29,37,8,0,-356,9588
(472.989)[I]: [5],0,15,88,17,0,-202,4495(472.990)[I]: [6],0,29,36,8,0,-356,9588
(472.999)[I]: [5],0,15,88,17,0,-202,4495(472.999)[I]: [6],0,30,37,8,0,-356,9588
(472.999)[I]: [5],0,15,88,17,0,-202,4495(472.999)[I]: [6],0,29,36,8,0,-356,9588
(472.999)[I]: [5],0,15,88,17,0,-202,4495(472.999)[I]: [6],0,29,36,8,0,-356,9588
(473.005)[I]: [5],0,15,88,17,0,-202,4495(473.005)[I]: [6],0,29,36,8,0,-356,9588
(473.015)[I]: [5],0,15,88,17,0,-202,4495(473.015)[I]: [6],0,29,36,8,0,-356,9588
(473.025)[I]: [5],0,15,88,17,0,-202,4495(473.025)[I]: [6],0,29,35,8,0,-356,9588
(473.035)[I]: [5],0,15,88,17,0,-202,4495(473.035)[I]: [6],0,29,36,8,0,-356,9588
(473.045)[I]: [5],0,15,88,17,0,-202,4495(473.045)[I]: [6],0,29,35,8,0,-356,9588
(473.055)[I]: [5],0,15,92,17,0,-202,4495(473.055)[I]: [6],0,29,35,8,0,-356,9588
(473.065)[I]: [5],0,15,92,17,0,-203,4495(473.065)[I]: [6],0,30,36,9,0,-356,9588
(473.075)[I]: [5],0,15,88,17,0,-202,4495(473.075)[I]: [6],0,29,35,9,0,-356,9588
(473.085)[I]: [5],0,15,88,17,0,-203,4495(473.085)[I]: [6],0,29,35,8,0,-356,9588
(473.095)[I]: [5],0,15,92,17,0,-203,4495(473.095)[I]: [6],0,29,36,8,0,-356,9588
(473.105)[I]: [5],0,15,88,17,0,-202,4495(473.106)[I]: [6],0,29,35,8,0,-356,9588
(473.115)[I]: [5],0,15,88,17,0,-202,4495(473.116)[I]: [6],0,29,35,8,0,-356,9588
(473.125)[I]: [5],0,15,88,17,0,-203,4495(473.125)[I]: [6],0,29,35,8,0,-356,9588
(473.135)[I]: [5],0,15,92,17,0,-203,4495(473.135)[I]: [6],0,29,35,8,0,-357,9588
(473.145)[I]: [5],0,15,92,17,0,-203,4495(473.146)[I]: [6],0,29,35,8,0,-357,9588
(473.155)[I]: [5],0,15,88,17,0,-203,4495(473.155)[I]: [6],0,29,35,8,0,-357,9588
(473.165)[I]: [5],0,15,88,17,0,-203,4495(473.165)[I]: [6],0,29,35,8,0,-357,9588
(473.175)[I]: [5],0,15,92,17,0,-203,4495(473.175)[I]: [6],0,29,35,8,0,-357,9588
(473.185)[I]: [5],0,15,88,17,0,-203,4495(473.185)[I]: [6],0,29,35,8,0,-357,9588
(473.195)[I]: [5],0,15,88,17,0,-203,4495(473.195)[I]: [6],0,29,35,8,0,-357,9588
(473.205)[I]: [5],0,15,88,17,0,-203,4495(473.205)[I]: [6],0,29,35,8,0,-357,9588
(473.215)[I]: [5],0,15,88,17,0,-202,4495(473.215)[I]: [6],0,29,35,8,0,-357,9588
(473.225)[I]: [5],0,15,92,17,0,-203,4495(473.225)[I]: [6],0,30,35,8,0,-357,9588
(473.235)[I]: [5],0,15,92,17,0,-203,4495(473.235)[I]: [6],0,30,35,8,0,-357,9588
(473.245)[I]: [5],0,15,92,17,0,-203,4495(473.245)[I]: [6],0,30,35,8,0,-357,9588
(473.255)[I]: [5],0,15,92,17,0,-203,4495(473.255)[I]: [6],0,30,35,8,0,-357,9588
(473.265)[I]: [5],0,15,88,17,0,-203,4495(473.265)[I]: [6],0,29,35,8,0,-357,9588
(473.275)[I]: [5],0,15,88,17,0,-203,4495(473.275)[I]: [6],0,29,35,8,0,-357,9588
(473.285)[I]: [5],0,15,88,17,0,-203,4495(473.285)[I]: [6],0,29,35,8,0,-357,9588
(473.295)[I]: [5],0,15,92,17,0,-203,4495(473.295)[I]: [6],0,29,35,8,0,-357,9588
(473.305)[I]: [5],0,15,92,17,0,-203,4495(473.305)[I]: [6],0,29,35,8,0,-357,9588
(473.315)[I]: [5],0,15,92,17,0,-203,4495(473.315)[I]: [6],0,30,35,8,0,-357,9588
(473.325)[I]: [5],0,15,92,17,0,-203,4495(473.325)[I]: [6],0,30,35,8,0,-357,9588
(473.335)[I]: [5],0,15,92,17,0,-203,4495(473.335)[I]: [6],0,29,35,8,0,-357,9588
(473.345)[I]: [5],0,15,92,17,0,-203,4495(473.345)[I]: [6],0,29,35,8,0,-357,9588
(473.355)[I]: [5],0,15,92,17,0,-203,4495(473.355)[I]: [6],0,30,35,9,0,-357,9588
(473.365)[I]: [5],0,15,92,17,0,-203,4495(473.365)[I]: [6],0,29,35,8,0,-357,9588
(473.375)[I]: [5],0,15,88,17,0,-203,4495(473.375)[I]: [6],0,29,35,8,0,-357,9588
(473.385)[I]: [5],0,15,92,17,0,-203,4495(473.385)[I]: [6],0,30,35,8,0,-357,9588
(473.395)[I]: [5],0,15,92,17,0,-203,4495(473.395)[I]: [6],0,30,35,8,0,-357,9588
(473.405)[I]: [5],0,15,92,17,0,-203,4495(473.405)[I]: [6],0,29,35,8,0,-357,9588
(473.415)[I]: [5],0,15,88,17,0,-203,4495(473.415)[I]: [6],0,30,36,8,0,-357,9588
(473.425)[I]: [5],0,15,92,17,0,-203,4495(473.425)[I]: [6],0,29,35,8,0,-357,9588
(473.435)[I]: [5],0,15,92,17,0,-203,4495(473.435)[I]: [6],0,29,35,8,0,-357,9588
(473.445)[I]: [5],0,15,88,17,0,-203,4495(473.445)[I]: [6],0,29,35,8,0,-357,9588
(473.455)[I]: [5],0,15,88,17,0,-203,4495(473.455)[I]: [6],0,29,35,9,0,-357,9588
(473.465)[I]: [5],0,15,88,17,0,-203,4495(473.465)[I]: [6],0,28,35,9,0,-357,9588
(473.475)[I]: [5],0,15,88,17,0,-203,4495(473.475)[I]: [6],0,26,35,8,0,-357,9588
(473.485)[I]: [5],0,15,88,18,0,-203,4495(473.485)[I]: [6],0,25,35,9,0,-357,9588
(473.495)[I]: [5],0,14,88,18,0,-203,4495(473.495)[I]: [6],0,24,35,9,0,-357,9588
(473.505)[I]: [5],0,14,92,18,0,-203,4495(473.505)[I]: [6],0,24,34,9,0,-356,9588
(473.515)[I]: [5],0,14,92,19,0,-204,4495(473.515)[I]: [6],0,23,31,10,0,-356,9588
(473.525)[I]: [5],0,13,92,20,0,-204,4495(473.525)[I]: [6],0,20,31,9,0,-356,9588
(473.535)[I]: [5],0,12,92,20,0,-204,4495(473.535)[I]: [6],0,21,29,10,0,-356,9588
(473.545)[I]: [5],0,9,92,20,0,-204,4495(473.545)[I]: [6],0,19,28,10,0,-356,9588
(473.555)[I]: [5],0,10,92,20,0,-203,4495(473.555)[I]: [6],0,18,27,10,0,-356,9588
(473.565)[I]: [5],0,10,92,21,0,-203,4495(473.565)[I]: [6],0,16,27,10,0,-355,9588
(473.575)[I]: [5],0,8,92,20,0,-203,4495(473.575)[I]: [6],0,15,25,10,0,-355,9588
(473.585)[I]: [5],0,6,92,22,0,-203,4495(473.585)[I]: [6],0,16,26,10,0,-355,9588
(473.595)[I]: [5],0,6,92,24,0,-202,4495(473.595)[I]: [6],0,15,23,11,0,-355,9588
(473.605)[I]: [5],0,6,92,26,0,-201,4495(473.605)[I]: [6],0,15,22,11,0,-355,9588
(473.615)[I]: [5],0,7,92,28,0,-201,4495(473.615)[I]: [6],0,15,22,10,0,-355,9588
(473.625)[I]: [5],0,6,92,28,0,-200,4495(473.625)[I]: [6],0,15,19,10,0,-355,9588
(473.635)[I]: [5],0,6,92,30,0,-201,4495(473.635)[I]: [6],0,15,15,9,0,-355,9588
(473.645)[I]: [5],0,7,96,32,0,-201,4495(473.645)[I]: [6],0,15,15,9,0,-355,9588
(473.655)[I]: [5],0,6,96,32,0,-200,4495(473.655)[I]: [6],0,15,14,8,0,-354,9588
(473.665)[I]: [5],0,5,96,33,0,-199,4495(473.665)[I]: [6],0,15,12,7,0,-354,9588
(473.675)[I]: [5],0,6,96,39,0,-199,4495(473.675)[I]: [6],0,15,12,7,0,-354,9588
(473.685)[I]: [5],0,5,100,41,0,-199,4495(473.685)[I]: [6],0,15,12,7,0,-355,9588
(473.695)[I]: [5],0,5,100,46,0,-199,4495(473.695)[I]: [6],0,15,11,7,0,-355,9588
(473.705)[I]: [5],0,5,100,48,0,-198,4495(473.705)[I]: [6],0,15,11,7,0,-355,9588
(473.715)[I]: [5],0,6,104,49,0,-198,4495(473.715)[I]: [6],0,15,11,7,0,-355,9588
(473.725)[I]: [5],0,6,108,50,0,-197,4495(473.725)[I]: [6],0,15,12,7,0,-355,9588
(473.735)[I]: [5],0,6,108,50,0,-196,4495(473.735)[I]: [6],0,15,13,7,0,-355,9588
(473.745)[I]: [5],0,6,112,49,0,-196,4495(473.745)[I]: [6],0,15,13,7,0,-355,9588
(473.755)[I]: [5],0,7,112,47,0,-196,4495(473.755)[I]: [6],0,15,12,7,0,-356,9588
(473.765)[I]: [5],0,8,116,49,0,-195,4495(473.765)[I]: [6],0,15,12,7,0,-356,9588
(473.775)[I]: [5],0,9,120,47,0,-195,4495(473.775)[I]: [6],0,15,13,7,0,-356,9588
(473.785)[I]: [5],0,10,120,38,0,-194,4495(473.786)[I]: [6],0,15,13,7,0,-356,9588
(473.795)[I]: [5],0,10,124,33,0,-194,4495(473.796)[I]: [6],0,15,14,7,0,-356,9588
(473.805)[I]: [5],0,11,124,30,0,-193,4495(473.806)[I]: [6],0,15,14,7,0,-356,9588
(473.815)[I]: [5],0,15,124,24,0,-193,4498(473.816)[I]: [6],0,15,15,7,0,-356,9588
(473.825)[I]: [5],0,15,124,20,0,-195,4505(473.826)[I]: [6],0,15,15,7,0,-356,9588
(473.835)[I]: [5],0,22,124,16,-1,-199,4516(473.836)[I]: [6],0,15,16,7,0,-356,9588
(473.845)[I]: [5],0,25,124,10,-2,-205,4532(473.846)[I]: [6],0,17,15,7,0,-355,9588
(473.855)[I]: [5],3,31,124,10,-3,-213,4552(473.856)[I]: [6],0,18,17,7,0,-356,9588
(473.865)[I]: [5],4,34,136,8,-5,-223,4580(473.866)[I]: [6],0,17,19,7,0,-356,9588
(473.875)[I]: [5],9,43,136,4,-8,-230,4620(473.876)[I]: [6],0,19,21,9,0,-356,9588
(473.885)[I]: [5],12,46,136,4,-11,-232,4662(473.886)[I]: [6],0,21,25,9,0,-356,9585
(473.895)[I]: [5],13,50,124,2,-12,-241,4704(473.896)[I]: [6],0,24,28,10,0,-356,9581
(473.905)[I]: [5],17,53,112,1,-17,-256,4771(473.906)[I]: [6],0,26,31,10,0,-356,9581
(473.915)[I]: [5],18,47,84,1,-21,-284,4887(473.916)[I]: [6],0,27,31,10,0,-356,9581
(473.925)[I]: [5],20,43,52,2,-24,-314,5031(473.926)[I]: [6],0,29,31,12,0,-356,9581
(473.935)[I]: [5],23,31,24,2,-27,-329,5203(473.936)[I]: [6],0,28,31,13,0,-355,9581
(473.945)[I]: [5],22,31,16,2,-30,-326,5399(473.946)[I]: [6],0,31,36,13,0,-355,9581
(473.955)[I]: [5],23,15,4,1,-39,-311,5620(473.956)[I]: [6],0,31,38,14,0,-355,9581
(473.965)[I]: [5],26,12,12,2,-48,-303,5859(473.966)[I]: [6],0,35,42,15,0,-355,9581
(473.975)[I]: [5],24,10,12,2,-62,-301,6104(473.976)[I]: [6],0,36,45,15,0,-355,9581
(473.985)[I]: [5],24,8,8,1,-83,-301,6349(473.986)[I]: [6],0,40,51,15,0,-355,9581
(473.995)[I]: [5],19,6,8,1,-117,-308,6594(473.996)[I]: [6],0,43,56,15,0,-354,9581
(473.999)[I]: [5],9,5,8,1,-151,-339,6845(473.999)[I]: [6],0,46,59,16,0,-354,9581
(473.999)[I]: [5],8,4,4,2,-190,-374,7061(473.999)[I]: [6],0,49,63,15,0,-353,9581
(474.001)[I]: [5],4,2,4,2,-231,-440,7213(474.001)[I]: [6],0,52,68,15,0,-353,9581
(474.011)[I]: [5],1,2,4,2,-263,-526,7318(474.011)[I]: [6],0,55,71,15,0,-353,9581
(474.021)[I]: [5],0,1,4,2,-295,-595,7401(474.021)[I]: [6],0,56,71,14,0,-352,9581
(474.031)[I]: [5],0,2,4,3,-328,-668,7423(474.031)[I]: [6],0,57,71,14,0,-352,9581
(474.041)[I]: [5],0,2,4,2,-351,-680,7364(474.041)[I]: [6],0,58,74,13,0,-353,9581
(474.051)[I]: [5],0,3,4,2,-376,-659,7273(474.051)[I]: [6],0,59,72,12,0,-353,9581
(474.061)[I]: [5],0,3,4,2,-408,-630,7169(474.061)[I]: [6],0,62,69,11,0,-352,9581
(474.071)[I]: [5],0,3,4,2,-448,-590,7065(474.071)[I]: [6],0,62,66,10,0,-353,9581
(474.081)[I]: [5],0,3,4,1,-493,-550,6962(474.081)[I]: [6],0,62,67,10,0,-353,9581
(474.091)[I]: [5],0,3,4,1,-543,-509,6857(474.091)[I]: [6],0,61,63,10,0,-353,9581
(474.101)[I]: [5],0,3,4,1,-592,-473,6747(474.101)[I]: [6],0,68,60,10,0,-353,9581
(474.111)[I]: [5],0,3,4,1,-637,-442,6629(474.112)[I]: [6],0,73,57,10,0,-353,9581
(474.121)[I]: [5],0,3,0,1,-677,-418,6504(474.121)[I]: [6],0,72,55,10,0,-353,9581
(474.131)[I]: [5],0,3,0,1,-709,-400,6371(474.131)[I]: [6],0,76,57,10,0,-353,9581
(474.141)[I]: [5],0,3,0,1,-731,-390,6235(474.141)[I]: [6],0,78,56,10,0,-354,9581
(474.151)[I]: [5],0,3,0,1,-743,-380,6100(474.151)[I]: [6],0,79,52,10,0,-354,9581
(474.161)[I]: [5],0,3,0,1,-747,-368,5968(474.161)[I]: [6],0,83,47,10,0,-354,9581
(474.171)[I]: [5],0,3,0,1,-746,-348,5844(474.171)[I]: [6],0,85,43,10,0,-354,9581
(474.181)[I]: [5],0,3,0,1,-740,-317,5735(474.181)[I]: [6],0,88,41,10,0,-354,9581
(474.191)[I]: [5],0,3,0,1,-734,-273,5645(474.191)[I]: [6],0,92,39,9,0,-354,9581
(474.201)[I]: [5],0,3,0,1,-730,-218,5573(474.201)[I]: [6],0,98,38,9,0,-354,9581
(474.211)[I]: [5],0,3,0,1,-729,-158,5521(474.211)[I]: [6],0,98,39,9,0,-354,9581
(474.221)[I]: [5],0,3,0,1,-734,-99,5481(474.221)[I]: [6],0,102,39,9,0,-355,9581
(474.231)[I]: [5],0,3,0,1,-747,-43,5450(474.231)[I]: [6],1,106,39,9,0,-355,9581
(474.241)[I]: [5],0,4,0,1,-770,7,5420(474.241)[I]: [6],1,110,41,9,0,-355,9581
(474.251)[I]: [5],0,5,0,1,-802,56,5388(474.251)[I]: [6],1,113,40,9,0,-356,9581
(474.261)[I]: [5],0,5,0,1,-843,104,5353(474.261)[I]: [6],1,115,40,9,0,-356,9581
(474.271)[I]: [5],0,3,0,1,-892,149,5312(474.271)[I]: [6],1,117,41,8,0,-356,9581
(474.281)[I]: [5],0,3,0,1,-946,192,5264(474.281)[I]: [6],1,121,38,7,0,-356,9581
(474.291)[I]: [5],0,3,0,1,-1002,237,5210(474.291)[I]: [6],1,125,35,7,0,-356,9581
(474.301)[I]: [5],0,3,0,1,-1055,281,5152(474.302)[I]: [6],1,126,35,7,0,-356,9581
(474.311)[I]: [5],0,3,0,1,-1099,326,5096(474.311)[I]: [6],1,127,35,7,0,-357,9581
(474.321)[I]: [5],0,3,0,1,-1127,372,5048(474.321)[I]: [6],2,126,34,7,0,-358,9581
(474.331)[I]: [5],0,3,0,1,-1139,417,5012(474.331)[I]: [6],1,127,31,7,0,-358,9581
(474.341)[I]: [5],0,3,0,1,-1129,463,4988(474.341)[I]: [6],2,127,35,7,0,-358,9581
(474.351)[I]: [5],0,3,0,1,-1098,511,4973(474.351)[I]: [6],2,127,34,7,0,-358,9581
(474.361)[I]: [5],0,4,0,1,-1044,557,4965(474.361)[I]: [6],2,126,34,8,0,-358,9581
(474.371)[I]: [5],0,3,0,1,-970,595,4956(474.371)[I]: [6],1,125,31,7,0,-359,9581
(474.381)[I]: [5],0,3,0,0,-880,619,4942(474.381)[I]: [6],1,124,29,7,0,-359,9581
(474.391)[I]: [5],0,4,0,1,-777,629,4924(474.391)[I]: [6],2,123,28,6,0,-358,9581
(474.401)[I]: [5],0,3,0,1,-663,628,4902(474.401)[I]: [6],2,123,30,6,0,-358,9581
(474.411)[I]: [5],0,3,0,0,-542,621,4881(474.411)[I]: [6],2,123,30,6,0,-359,9581
(474.421)[I]: [5],0,3,0,1,-419,601,4861(474.421)[I]: [6],3,122,31,7,0,-359,9581
(474.431)[I]: [5],0,3,0,1,-295,565,4848(474.431)[I]: [6],3,123,31,7,0,-359,9581
(474.441)[I]: [5],0,3,0,1,-173,519,4841(474.441)[I]: [6],2,123,36,7,0,-361,9581
(474.451)[I]: [5],0,3,0,1,-57,467,4842(474.451)[I]: [6],2,123,39,6,0,-361,9581
(474.461)[I]: [5],0,3,0,1,52,419,4850(474.461)[I]: [6],3,122,42,6,0,-361,9581
(474.471)[I]: [5],0,3,0,1,156,377,4866(474.471)[I]: [6],3,123,42,5,0,-361,9581
(474.481)[I]: [5],0,3,0,1,254,346,4888(474.481)[I]: [6],3,124,42,5,1,-360,9575
(474.491)[I]: [5],0,3,0,1,347,325,4915(474.491)[I]: [6],3,127,44,4,2,-361,9568
(474.501)[I]: [5],0,3,0,1,434,316,4945(474.501)[I]: [6],5,131,48,4,3,-360,9564
(474.511)[I]: [5],0,3,0,1,514,312,4981(474.511)[I]: [6],5,134,50,5,2,-360,9564
(474.521)[I]: [5],0,3,0,1,587,310,5022(474.521)[I]: [6],5,137,53,5,2,-361,9564
(474.531)[I]: [5],0,3,0,1,651,310,5069(474.531)[I]: [6],6,143,56,3,2,-362,9564
(474.541)[I]: [5],0,3,0,0,704,311,5121(474.541)[I]: [6],7,147,60,3,2,-361,9564
(474.551)[I]: [5],0,3,0,0,746,311,5183(474.551)[I]: [6],7,150,61,3,2,-361,9564
(474.561)[I]: [5],0,3,0,0,773,312,5254(474.561)[I]: [6],7,153,62,3,2,-361,9564
(474.571)[I]: [5],0,2,0,0,786,314,5331(474.571)[I]: [6],7,157,62,3,2,-361,9565
(474.581)[I]: [5],0,3,0,0,787,317,5415(474.581)[I]: [6],9,156,63,3,2,-362,9565
(474.591)[I]: [5],0,3,0,0,776,323,5501(474.591)[I]: [6],9,158,67,3,2,-362,9565
(474.601)[I]: [5],0,3,0,0,756,330,5585(474.601)[I]: [6],8,157,63,3,2,-362,9565
(474.611)[I]: [5],0,3,0,0,727,337,5667(474.611)[I]: [6],9,157,63,3,2,-362,9565
(474.621)[I]: [5],0,3,0,0,689,341,5749(474.621)[I]: [6],9,157,62,4,2,-362,9565
(474.631)[I]: [5],0,3,4,0,649,329,5801(474.631)[I]: [6],10,159,62,3,2,-362,9565
(474.641)[I]: [5],0,4,4,0,657,214,5671(474.641)[I]: [6],10,166,63,3,2,-363,9561
(474.651)[I]: [5],2,5,8,0,708,95,5495(474.651)[I]: [6],12,173,63,3,5,-369,9551
(474.661)[I]: [5],4,8,12,0,753,29,5345(474.661)[I]: [6],13,179,63,3,5,-379,9535
(474.671)[I]: [5],5,9,24,0,757,33,5160(474.671)[I]: [6],17,190,61,3,7,-392,9512
(474.681)[I]: [5],1,13,36,0,729,42,4989(474.682)[I]: [6],18,202,56,2,9,-413,9486
(474.691)[I]: [5],0,23,64,0,714,-11,4834(474.691)[I]: [6],17,212,55,3,12,-485,9436
(474.701)[I]: [5],0,29,88,0,713,-58,4701(474.701)[I]: [6],19,222,38,2,14,-579,9358
(474.711)[I]: [5],0,31,112,0,709,-81,4603(474.712)[I]: [6],20,226,27,2,33,-611,9249
(474.721)[I]: [5],0,31,120,5,704,-183,4541(474.722)[I]: [6],23,221,18,2,53,-640,9102
(474.731)[I]: [5],3,29,124,9,699,-213,4478(474.732)[I]: [6],25,199,6,2,75,-662,8917
(474.741)[I]: [5],3,31,120,16,694,-226,4457(474.742)[I]: [6],27,157,3,2,99,-680,8699
(474.751)[I]: [5],4,31,124,22,691,-215,4446(474.752)[I]: [6],31,127,3,2,122,-681,8447
(474.761)[I]: [5],4,27,136,26,690,-205,4447(474.762)[I]: [6],29,89,3,2,166,-685,8157
(474.771)[I]: [5],3,27,140,24,688,-194,4450(474.772)[I]: [6],31,56,3,2,226,-712,7854
(474.781)[I]: [5],3,28,164,24,687,-181,4452(474.782)[I]: [6],42,39,2,2,265,-786,7524
(474.791)[I]: [5],3,28,148,28,685,-169,4453(474.792)[I]: [6],43,28,3,2,303,-883,7191
(474.801)[I]: [5],3,26,160,31,683,-159,4451(474.802)[I]: [6],38,18,3,2,334,-990,6879
(474.811)[I]: [5],3,26,140,36,677,-156,4451(474.812)[I]: [6],28,11,3,2,401,-1090,6532
(474.821)[I]: [5],6,25,140,48,670,-155,4451(474.822)[I]: [6],9,12,2,2,473,-1259,6219
(474.831)[I]: [5],5,24,140,55,665,-157,4449(474.832)[I]: [6],0,9,1,2,516,-1511,6067
(474.841)[I]: [5],4,25,140,55,658,-157,4450(474.842)[I]: [6],0,12,3,2,553,-1638,5978
(474.851)[I]: [5],4,27,144,51,652,-157,4450(474.852)[I]: [6],0,12,3,3,609,-1746,5941
(474.861)[I]: [5],3,27,136,46,645,-158,4450(474.862)[I]: [6],0,12,4,2,682,-1726,6020
(474.871)[I]: [5],3,26,140,46,639,-158,4451(474.872)[I]: [6],0,11,5,2,779,-1621,6136
(474.881)[I]: [5],3,25,140,31,633,-158,4451(474.882)[I]: [6],0,11,5,2,892,-1497,6242
(474.891)[I]: [5],7,26,144,28,626,-158,4451(474.892)[I]: [6],0,11,5,2,996,-1399,6338
(474.901)[I]: [5],4,27,140,24,620,-158,4452(474.902)[I]: [6],0,12,4,2,1076,-1348,6439
(474.911)[I]: [5],4,26,148,21,614,-157,4452(474.912)[I]: [6],0,10,6,2,1112,-1343,6551
(474.921)[I]: [5],4,25,144,19,608,-156,4452(474.922)[I]: [6],0,10,5,2,1118,-1352,6673
(474.931)[I]: [5],4,27,144,20,602,-155,4452(474.932)[I]: [6],0,10,5,2,1102,-1346,6800
(474.941)[I]: [5],3,27,140,17,596,-155,4452(474.942)[I]: [6],0,10,3,2,1074,-1303,6927
(474.951)[I]: [5],3,28,140,16,590,-156,4453(474.952)[I]: [6],0,10,3,2,1045,-1224,7054
(474.961)[I]: [5],3,31,140,16,585,-159,4453(474.962)[I]: [6],0,11,4,2,1001,-1121,7182
(474.971)[I]: [5],4,34,124,17,581,-165,4453(474.972)[I]: [6],0,11,5,2,950,-1009,7308
(474.981)[I]: [5],4,37,124,17,577,-173,4454(474.982)[I]: [6],0,10,3,2,887,-901,7427
(474.991)[I]: [5],4,39,116,18,573,-180,4452(474.992)[I]: [6],0,11,3,2,814,-807,7538
(474.999)[I]: [5],5,43,108,18,568,-189,4450(474.999)[I]: [6],0,11,4,2,739,-730,7638
(474.999)[I]: [5],6,47,108,19,564,-197,4448(474.999)[I]: [6],0,11,1,2,668,-667,7720
(474.999)[I]: [5],9,47,92,19,559,-206,4446(474.999)[I]: [6],0,11,0,2,609,-616,7778
(475.007)[I]: [5],7,50,84,19,556,-216,4443(475.008)[I]: [6],0,11,0,2,568,-576,7806
(475.017)[I]: [5],8,53,80,21,552,-224,4439(475.018)[I]: [6],0,10,0,2,551,-544,7803
(475.027)[I]: [5],9,53,76,20,548,-232,4437(475.028)[I]: [6],0,9,1,2,564,-513,7772
(475.037)[I]: [5],10,58,56,21,544,-239,4437(475.038)[I]: [6],0,10,1,2,611,-473,7721
(475.047)[I]: [5],9,61,56,18,541,-247,4438(475.048)[I]: [6],0,10,1,2,686,-415,7657
(475.057)[I]: [5],11,67,48,17,538,-254,4439(475.058)[I]: [6],0,10,1,2,774,-337,7595
(475.067)[I]: [5],11,67,60,16,535,-259,4441(475.068)[I]: [6],0,11,1,2,855,-238,7543
(475.077)[I]: [5],13,68,60,17,530,-259,4442(475.078)[I]: [6],0,9,1,2,908,-135,7517
(475.087)[I]: [5],13,74,48,17,525,-259,4442(475.088)[I]: [6],0,9,1,2,919,-46,7525
(475.097)[I]: [5],13,79,44,16,519,-259,4442(475.098)[I]: [6],0,10,1,2,882,7,7574
(475.107)[I]: [5],14,81,32,16,514,-260,4442(475.108)[I]: [6],0,9,0,2,791,19,7661
(475.117)[I]: [5],15,82,28,13,509,-261,4443(475.118)[I]: [6],0,9,1,2,654,-2,7776
(475.127)[I]: [5],17,87,32,13,504,-262,4443(475.128)[I]: [6],0,9,0,2,484,-47,7905
(475.137)[I]: [5],18,94,32,13,499,-263,4443(475.138)[I]: [6],0,9,0,2,294,-104,8032
(475.147)[I]: [5],19,101,40,13,494,-264,4443(475.148)[I]: [6],0,10,0,2,101,-153,8135
(475.157)[I]: [5],23,109,40,13,489,-263,4444(475.158)[I]: [6],0,10,1,2,-80,-180,8203
(475.167)[I]: [5],27,113,44,13,484,-263,4444(475.168)[I]: [6],0,10,2,2,-232,-178,8235
(475.177)[I]: [5],27,118,48,16,479,-263,4444(475.178)[I]: [6],0,10,2,2,-347,-156,8240
(475.187)[I]: [5],29,116,48,14,475,-264,4444(475.188)[I]: [6],0,10,2,3,-417,-131,8236
(475.197)[I]: [5],34,114,60,13,470,-266,4444(475.198)[I]: [6],0,11,1,3,-448,-112,8237
(475.207)[I]: [5],35,110,64,12,465,-267,4445(475.208)[I]: [6],0,10,2,3,-448,-98,8255
(475.217)[I]: [5],36,105,68,12,461,-267,4445(475.218)[I]: [6],0,10,2,2,-432,-87,8295
(475.227)[I]: [5],38,100,80,11,457,-265,4447(475.228)[I]: [6],0,10,2,2,-407,-67,8352
(475.237)[I]: [5],41,96,96,10,456,-260,4452(475.238)[I]: [6],0,10,3,2,-380,-32,8414
(475.247)[I]: [5],44,96,96,9,454,-256,4461(475.248)[I]: [6],0,12,2,2,-354,18,8463
(475.257)[I]: [5],47,95,100,9,451,-253,4471(475.258)[I]: [6],0,12,2,2,-330,79,8490
(475.267)[I]: [5],50,96,116,8,449,-251,4481(475.268)[I]: [6],0,12,2,2,-306,143,8496
(475.277)[I]: [5],56,102,124,8,446,-249,4491(475.278)[I]: [6],0,13,2,2,-279,200,8490
(475.287)[I]: [5],61,106,144,7,444,-249,4502(475.288)[I]: [6],0,12,3,2,-251,248,8476
(475.297)[I]: [5],66,109,148,6,440,-251,4513(475.298)[I]: [6],0,12,2,2,-223,287,8460
(475.307)[I]: [5],73,113,156,5,436,-255,4525(475.308)[I]: [6],0,11,2,2,-193,315,8448
(475.317)[I]: [5],78,117,156,6,433,-256,4535(475.318)[I]: [6],0,11,2,2,-163,333,8436
(475.327)[I]: [5],79,121,160,5,431,-258,4545(475.328)[I]: [6],0,11,2,2,-132,342,8422
(475.337)[I]: [5],83,124,172,4,428,-260,4552(475.338)[I]: [6],0,12,2,2,-103,346,8403
(475.347)[I]: [5],82,131,176,3,424,-263,4558(475.348)[I]: [6],0,11,2,2,-77,347,8376
(475.357)[I]: [5],90,141,180,4,421,-267,4565(475.358)[I]: [6],0,11,1,2,-54,348,8340
(475.367)[I]: [5],96,149,180,3,416,-274,4571(475.368)[I]: [6],0,10,2,2,-47,345,8297
(475.377)[I]: [5],102,157,180,3,412,-282,4581(475.378)[I]: [6],0,14,1,2,-59,253,8420
(475.387)[I]: [5],109,170,184,3,407,-290,4599(475.388)[I]: [6],0,17,1,2,-94,152,8681
(475.397)[I]: [5],118,177,188,2,401,-306,4633(475.398)[I]: [6],0,20,3,2,-134,95,8862
(475.407)[I]: [5],124,190,176,0,394,-340,4684(475.408)[I]: [6],0,27,11,2,-145,90,9101
(475.417)[I]: [5],133,206,172,0,387,-405,4763(475.418)[I]: [6],0,29,19,2,-142,74,9324
(475.427)[I]: [5],139,218,152,0,377,-444,4876(475.428)[I]: [6],0,40,24,1,-137,17,9541
(475.437)[I]: [5],143,220,104,0,366,-469,5035(475.438)[I]: [6],0,51,30,1,-94,-142,9698
(475.447)[I]: [5],146,215,56,0,361,-495,5246(475.448)[I]: [6],0,60,40,3,-128,-276,9625
(475.457)[I]: [5],151,184,40,0,353,-494,5517(475.458)[I]: [6],0,63,45,7,-107,-268,9636
(475.467)[I]: [5],147,143,32,0,344,-492,5819(475.468)[I]: [6],0,66,45,9,-117,-291,9652
(475.477)[I]: [5],137,98,20,0,333,-521,6161(475.478)[I]: [6],1,61,49,13,-117,-288,9654
(475.487)[I]: [5],124,55,20,0,313,-565,6531(475.488)[I]: [6],1,60,50,19,-117,-288,9655
(475.497)[I]: [5],112,30,16,0,281,-625,6915(475.498)[I]: [6],0,48,51,19,-118,-280,9658
(475.507)[I]: [5],99,22,12,0,236,-698,7304(475.508)[I]: [6],0,42,50,22,-118,-271,9661
(475.517)[I]: [5],67,15,12,0,192,-787,7674(475.518)[I]: [6],0,38,47,25,-119,-268,9662
(475.527)[I]: [5],40,9,8,0,142,-855,8038(475.528)[I]: [6],0,35,39,29,-118,-266,9662
(475.537)[I]: [5],31,9,12,0,89,-919,8390(475.538)[I]: [6],0,33,39,31,-116,-264,9662
(475.547)[I]: [5],13,7,12,0,34,-1017,8724(475.548)[I]: [6],0,30,38,31,-115,-263,9662
(475.557)[I]: [5],2,5,8,0,-4,-1215,8954(475.557)[I]: [6],0,31,37,36,-114,-263,9662
(475.567)[I]: [5],0,3,4,0,-35,-1340,9013(475.567)[I]: [6],0,30,37,39,-112,-265,9668
(475.577)[I]: [5],0,3,8,0,-72,-1410,8994(475.577)[I]: [6],0,28,31,43,-111,-267,9670
(475.587)[I]: [5],0,3,4,0,-98,-1436,8869(475.587)[I]: [6],0,26,27,46,-111,-269,9676
(475.597)[I]: [5],2,3,4,0,-141,-1379,8686(475.598)[I]: [6],0,23,26,49,-111,-268,9683
(475.607)[I]: [5],3,3,0,0,-201,-1306,8497(475.607)[I]: [6],0,19,25,49,-111,-269,9685
(475.617)[I]: [5],3,3,4,0,-267,-1240,8318(475.618)[I]: [6],0,17,23,51,-110,-269,9685
(475.627)[I]: [5],2,3,0,0,-331,-1197,8149(475.628)[I]: [6],0,19,19,51,-109,-269,9685
(475.637)[I]: [5],2,3,0,0,-386,-1181,7985(475.638)[I]: [6],0,19,19,51,-107,-269,9685
(475.647)[I]: [5],3,3,0,0,-425,-1176,7837(475.647)[I]: [6],0,18,17,52,-106,-269,9685
(475.657)[I]: [5],2,3,0,0,-450,-1174,7713(475.658)[I]: [6],0,19,19,52,-105,-268,9685
(475.667)[I]: [5],0,3,0,0,-465,-1165,7601(475.667)[I]: [6],0,21,18,51,-104,-268,9685
(475.677)[I]: [5],0,3,0,0,-472,-1142,7488(475.677)[I]: [6],0,19,17,53,-103,-268,9685
(475.687)[I]: [5],0,3,0,0,-478,-1105,7373(475.687)[I]: [6],0,20,17,55,-102,-268,9685
(475.697)[I]: [5],0,3,0,0,-484,-1057,7251(475.697)[I]: [6],0,21,15,54,-101,-268,9685
(475.707)[I]: [5],0,3,0,0,-495,-1001,7118(475.707)[I]: [6],0,21,15,53,-100,-268,9685
(475.717)[I]: [5],0,3,0,0,-516,-942,6970(475.717)[I]: [6],0,22,15,54,-99,-269,9685
(475.727)[I]: [5],0,3,0,0,-554,-884,6806(475.727)[I]: [6],0,23,16,54,-98,-270,9685
(475.737)[I]: [5],0,3,0,0,-611,-827,6627(475.737)[I]: [6],0,24,17,55,-97,-270,9685
(475.747)[I]: [5],0,3,0,0,-684,-774,6443(475.747)[I]: [6],0,24,16,55,-96,-270,9685
(475.757)[I]: [5],0,3,4,0,-769,-723,6268(475.757)[I]: [6],0,26,16,56,-95,-270,9685
(475.767)[I]: [5],0,3,0,0,-857,-667,6114(475.767)[I]: [6],0,26,15,56,-94,-270,9685
(475.777)[I]: [5],0,3,0,0,-943,-600,5995(475.777)[I]: [6],0,28,16,55,-93,-271,9685
(475.787)[I]: [5],0,3,0,0,-1021,-524,5908(475.787)[I]: [6],0,29,17,54,-92,-271,9685
(475.797)[I]: [5],0,3,0,0,-1085,-439,5846(475.797)[I]: [6],0,30,18,54,-91,-272,9685
(475.807)[I]: [5],0,3,0,0,-1128,-355,5795(475.807)[I]: [6],0,31,17,50,-91,-272,9685
(475.817)[I]: [5],0,3,0,0,-1143,-270,5750(475.817)[I]: [6],0,35,17,48,-90,-273,9685
(475.827)[I]: [5],0,4,0,0,-1128,-187,5704(475.827)[I]: [6],0,39,15,47,-89,-273,9685
(475.837)[I]: [5],0,3,0,0,-1083,-113,5657(475.837)[I]: [6],0,44,16,43,-88,-272,9685
(475.847)[I]: [5],0,3,0,0,-1013,-53,5607(475.847)[I]: [6],0,49,15,42,-87,-272,9685
(475.857)[I]: [5],0,3,0,0,-925,-9,5557(475.857)[I]: [6],0,54,15,40,-86,-273,9685
(475.867)[I]: [5],0,4,4,0,-826,19,5509(475.867)[I]: [6],0,57,16,39,-85,-273,9685
(475.877)[I]: [5],0,4,4,0,-722,39,5465(475.877)[I]: [6],0,59,15,35,-84,-274,9685
(475.887)[I]: [5],0,4,4,0,-615,60,5427(475.887)[I]: [6],0,60,15,30,-84,-274,9685
(475.897)[I]: [5],0,3,0,0,-510,84,5399(475.897)[I]: [6],0,62,17,28,-83,-274,9685
(475.907)[I]: [5],0,3,4,0,-402,116,5378(475.907)[I]: [6],0,63,19,25,-82,-274,9685
(475.917)[I]: [5],0,3,4,0,-287,151,5364(475.917)[I]: [6],0,66,20,22,-81,-276,9679
(475.927)[I]: [5],0,4,0,0,-162,189,5352(475.927)[I]: [6],0,69,20,19,-80,-278,9671
(475.937)[I]: [5],0,4,0,0,-26,221,5341(475.937)[I]: [6],0,73,22,18,-79,-281,9665
(475.947)[I]: [5],0,4,0,0,118,239,5325(475.947)[I]: [6],1,79,25,13,-79,-282,9659
(475.957)[I]: [5],0,4,0,0,268,252,5306(475.957)[I]: [6],1,82,27,15,-78,-283,9656
(475.967)[I]: [5],0,4,0,0,414,264,5288(475.967)[I]: [6],1,87,29,12,-77,-283,9656
(475.977)[I]: [5],0,3,0,0,548,290,5279(475.977)[I]: [6],1,91,31,10,-76,-284,9656
(475.987)[I]: [5],0,4,0,0,651,325,5286(475.987)[I]: [6],1,96,35,6,-75,-285,9656
(475.997)[I]: [5],0,3,0,0,715,358,5307(475.997)[I]: [6],3,101,36,6,-75,-285,9656
(475.999)[I]: [5],0,3,0,0,739,384,5341(475.999)[I]: [6],3,102,39,6,-74,-286,9653
(475.999)[I]: [5],0,3,0,0,728,404,5381(475.999)[I]: [6],4,106,40,6,-73,-286,9653
(476.003)[I]: [5],0,3,0,0,691,421,5423(476.003)[I]: [6],5,108,43,5,-72,-288,9647
(476.013)[I]: [5],0,3,0,0,635,439,5464(476.013)[I]: [6],5,112,45,4,-71,-289,9641
(476.023)[I]: [5],0,3,0,0,567,459,5500(476.023)[I]: [6],7,113,47,3,-70,-289,9641
(476.033)[I]: [5],0,3,0,0,495,482,5535(476.033)[I]: [6],7,113,51,3,-69,-289,9641
(476.043)[I]: [5],0,3,0,0,426,508,5571(476.043)[I]: [6],9,118,58,3,-68,-289,9641
(476.053)[I]: [5],0,3,0,0,362,532,5613(476.053)[I]: [6],9,123,61,3,-67,-292,9636
(476.063)[I]: [5],0,3,0,0,306,555,5664(476.063)[I]: [6],10,131,63,3,-66,-293,9629
(476.073)[I]: [5],0,3,0,0,257,571,5727(476.073)[I]: [6],12,141,63,3,-63,-297,9619
(476.083)[I]: [5],0,3,4,0,217,588,5800(476.083)[I]: [6],14,149,68,3,-60,-303,9611
(476.093)[I]: [5],0,4,12,0,195,546,5804(476.093)[I]: [6],15,164,71,3,-57,-308,9600
(476.103)[I]: [5],2,4,12,0,236,340,5628(476.104)[I]: [6],17,171,63,3,-55,-315,9591
(476.113)[I]: [5],5,7,12,0,288,203,5405(476.114)[I]: [6],17,177,60,3,-53,-322,9583
(476.123)[I]: [5],4,10,28,0,309,163,5198(476.124)[I]: [6],19,191,63,2,-51,-331,9573
(476.133)[I]: [5],0,17,44,0,272,175,4968(476.134)[I]: [6],20,204,67,2,-49,-347,9560
(476.143)[I]: [5],0,21,60,0,244,138,4781(476.144)[I]: [6],20,214,70,2,-45,-384,9536
(476.153)[I]: [5],0,26,80,0,244,77,4613(476.153)[I]: [6],19,230,67,2,-41,-448,9487
(476.163)[I]: [5],0,28,84,0,241,-80,4661(476.163)[I]: [6],20,252,55,2,-39,-526,9415
(476.173)[I]: [5],0,28,96,6,231,-138,4615(476.174)[I]: [6],23,260,44,2,-24,-552,9307
(476.183)[I]: [5],2,28,92,10,225,-230,4604(476.184)[I]: [6],26,255,27,2,-13,-578,9156
(476.193)[I]: [5],3,30,96,15,222,-256,4594(476.194)[I]: [6],31,249,12,2,7,-596,8968
(476.203)[I]: [5],4,30,96,18,220,-264,4594(476.204)[I]: [6],31,190,3,2,34,-616,8742
(476.213)[I]: [5],4,30,92,19,219,-257,4597(476.214)[I]: [6],35,154,1,2,52,-634,8483
(476.223)[I]: [5],6,31,100,19,218,-249,4601(476.224)[I]: [6],36,120,1,2,89,-638,8178
(476.233)[I]: [5],7,31,104,19,218,-240,4605(476.234)[I]: [6],43,70,2,2,151,-653,7858
(476.243)[I]: [5],9,29,108,21,218,-231,4608(476.244)[I]: [6],63,41,3,2,205,-705,7521
(476.253)[I]: [5],14,31,100,24,216,-228,4608(476.254)[I]: [6],70,31,2,2,248,-793,7175
(476.263)[I]: [5],10,35,96,31,214,-228,4605(476.264)[I]: [6],63,19,3,2,290,-879,6826
(476.273)[I]: [5],10,40,96,40,211,-233,4599(476.274)[I]: [6],45,15,3,2,350,-975,6481
(476.283)[I]: [5],12,37,100,48,210,-239,4595(476.284)[I]: [6],19,16,3,2,411,-1111,6146
(476.293)[I]: [5],12,38,104,52,208,-240,4595(476.294)[I]: [6],0,11,2,3,466,-1356,5891
(476.303)[I]: [5],15,38,96,56,205,-241,4596(476.304)[I]: [6],0,10,2,2,496,-1547,5830
(476.313)[I]: [5],15,41,92,54,203,-241,4596(476.314)[I]: [6],0,9,4,3,549,-1602,5871
(476.323)[I]: [5],17,44,96,51,201,-240,4596(476.324)[I]: [6],0,13,3,3,601,-1653,5973
(476.333)[I]: [5],14,46,96,50,199,-241,4596(476.334)[I]: [6],0,11,3,2,677,-1595,6132
(476.343)[I]: [5],14,48,96,41,197,-241,4596(476.344)[I]: [6],0,9,3,3,764,-1516,6299
(476.353)[I]: [5],15,48,100,36,195,-241,4596(476.354)[I]: [6],0,9,4,2,842,-1439,6475
(476.363)[I]: [5],15,47,100,28,193,-241,4596(476.364)[I]: [6],0,9,2,3,898,-1390,6659
(476.373)[I]: [5],15,48,96,26,192,-239,4596(476.374)[I]: [6],0,8,3,3,923,-1367,6845
(476.383)[I]: [5],15,51,100,24,190,-238,4596(476.384)[I]: [6],0,9,3,3,917,-1348,7015
(476.393)[I]: [5],15,53,96,21,188,-241,4596(476.394)[I]: [6],0,9,3,3,877,-1328,7159
(476.403)[I]: [5],15,55,96,21,186,-248,4597(476.404)[I]: [6],0,9,3,3,813,-1291,7279
(476.413)[I]: [5],15,57,96,20,184,-255,4599(476.414)[I]: [6],0,9,3,3,734,-1228,7389
(476.423)[I]: [5],17,58,92,19,182,-261,4599(476.424)[I]: [6],0,7,3,3,647,-1139,7491
(476.433)[I]: [5],18,61,92,17,180,-262,4599(476.434)[I]: [6],0,7,2,3,564,-1038,7571
(476.443)[I]: [5],17,63,100,17,178,-262,4600(476.444)[I]: [6],0,8,2,3,496,-934,7618
(476.453)[I]: [5],19,63,100,17,176,-262,4600(476.454)[I]: [6],0,9,1,3,452,-834,7629
(476.463)[I]: [5],20,63,100,13,175,-261,4600(476.464)[I]: [6],0,9,0,3,436,-745,7610
(476.473)[I]: [5],22,69,104,12,173,-259,4600(476.474)[I]: [6],0,10,0,3,443,-666,7571
(476.483)[I]: [5],22,71,104,11,171,-264,4604(476.484)[I]: [6],0,9,0,2,464,-586,7524
(476.493)[I]: [5],21,72,104,11,169,-269,4609(476.494)[I]: [6],0,9,0,2,481,-500,7479
(476.503)[I]: [5],21,72,108,10,168,-273,4611(476.504)[I]: [6],0,9,0,2,475,-403,7446
(476.513)[I]: [5],21,74,108,10,166,-277,4616(476.514)[I]: [6],0,10,0,2,440,-300,7433
(476.523)[I]: [5],22,76,108,8,165,-278,4616(476.524)[I]: [6],0,11,0,2,367,-214,7445
(476.533)[I]: [5],22,77,108,8,163,-279,4616(476.534)[I]: [6],0,10,0,2,256,-162,7476
(476.543)[I]: [5],21,79,112,9,161,-280,4616(476.544)[I]: [6],0,11,0,2,113,-141,7523
(476.553)[I]: [5],23,81,120,9,160,-281,4616(476.554)[I]: [6],0,10,0,2,-50,-157,7580
(476.563)[I]: [5],28,84,124,8,158,-281,4616(476.564)[I]: [6],0,11,0,2,-218,-201,7643
(476.573)[I]: [5],30,85,124,8,157,-282,4620(476.574)[I]: [6],0,12,0,2,-374,-262,7706
(476.583)[I]: [5],31,87,136,7,156,-283,4623(476.584)[I]: [6],0,12,1,2,-502,-320,7764
(476.593)[I]: [5],35,89,136,8,156,-281,4625(476.594)[I]: [6],0,12,1,3,-595,-359,7815
(476.603)[I]: [5],35,88,140,8,154,-281,4625(476.604)[I]: [6],0,13,1,3,-647,-376,7864
(476.613)[I]: [5],35,88,144,8,153,-280,4625(476.614)[I]: [6],0,13,2,2,-666,-372,7923
(476.623)[I]: [5],35,87,148,9,151,-280,4625(476.624)[I]: [6],0,14,1,2,-664,-356,8000
(476.633)[I]: [5],34,86,152,8,150,-282,4625(476.634)[I]: [6],0,13,1,2,-648,-328,8097
(476.643)[I]: [5],34,87,152,8,148,-281,4625(476.644)[I]: [6],0,13,2,2,-626,-283,8206
(476.653)[I]: [5],36,88,160,8,147,-281,4625(476.654)[I]: [6],0,13,2,2,-598,-217,8317
(476.663)[I]: [5],37,89,168,8,145,-282,4625(476.664)[I]: [6],0,13,1,2,-570,-130,8413
(476.673)[I]: [5],38,91,172,8,144,-281,4629(476.674)[I]: [6],0,13,1,2,-544,-28,8486
(476.683)[I]: [5],39,93,180,8,143,-279,4634(476.684)[I]: [6],0,14,1,2,-519,71,8536
(476.693)[I]: [5],39,93,180,8,142,-278,4637(476.694)[I]: [6],0,13,1,2,-496,151,8569
(476.703)[I]: [5],41,94,184,8,142,-275,4642(476.704)[I]: [6],0,13,1,2,-474,207,8592
(476.713)[I]: [5],40,95,184,7,141,-273,4642(476.714)[I]: [6],0,12,1,2,-447,245,8608
(476.723)[I]: [5],40,95,188,8,139,-272,4642(476.724)[I]: [6],0,12,1,2,-411,273,8618
(476.733)[I]: [5],41,96,196,8,138,-273,4642(476.734)[I]: [6],0,12,1,2,-364,299,8621
(476.743)[I]: [5],41,99,200,8,137,-274,4642(476.744)[I]: [6],0,13,1,2,-307,324,8614
(476.753)[I]: [5],45,106,208,8,135,-275,4645(476.754)[I]: [6],0,13,1,2,-241,347,8594
(476.763)[I]: [5],49,113,212,8,134,-276,4653(476.764)[I]: [6],0,13,1,2,-172,369,8560
(476.773)[I]: [5],56,121,208,7,132,-277,4665(476.774)[I]: [6],0,12,1,2,-104,391,8513
(476.783)[I]: [5],61,134,212,5,129,-281,4679(476.784)[I]: [6],0,12,1,2,-47,410,8452
(476.793)[I]: [5],67,143,220,6,128,-284,4696(476.794)[I]: [6],0,12,1,2,-2,423,8381
(476.803)[I]: [5],75,159,228,4,125,-286,4721(476.804)[I]: [6],0,11,1,2,26,427,8303
(476.813)[I]: [5],86,170,244,2,122,-290,4754(476.814)[I]: [6],0,12,2,2,44,423,8232
(476.823)[I]: [5],97,183,236,0,119,-297,4797(476.824)[I]: [6],0,16,3,2,1,282,8398
(476.833)[I]: [5],110,197,240,0,115,-317,4849(476.834)[I]: [6],0,18,2,2,-9,195,8660
(476.843)[I]: [5],124,210,228,0,109,-338,4922(476.844)[I]: [6],0,30,4,2,-38,155,8821
(476.853)[I]: [5],136,220,192,0,102,-351,5017(476.854)[I]: [6],0,28,12,2,-32,118,9030
(476.863)[I]: [5],147,227,148,0,95,-357,5139(476.864)[I]: [6],0,31,19,2,-22,66,9204
(476.873)[I]: [5],154,230,124,0,92,-361,5286(476.874)[I]: [6],0,40,31,2,-23,-2,9362
(476.883)[I]: [5],152,226,84,0,90,-354,5475(476.884)[I]: [6],0,50,31,2,-22,-74,9459
(476.893)[I]: [5],152,188,64,0,88,-333,5704(476.894)[I]: [6],0,59,36,2,-25,-147,9534
(476.903)[I]: [5],149,145,44,0,92,-317,5976(476.904)[I]: [6],0,60,45,3,-25,-192,9530
(476.913)[I]: [5],148,102,44,0,91,-307,6294(476.914)[I]: [6],0,58,49,5,-6,-179,9550
(476.923)[I]: [5],134,67,40,0,82,-311,6646(476.924)[I]: [6],0,57,56,7,0,-194,9557
(476.933)[I]: [5],117,40,28,0,63,-338,7022(476.934)[I]: [6],0,59,52,8,-5,-197,9559
(476.943)[I]: [5],87,25,20,0,40,-393,7402(476.944)[I]: [6],1,59,63,7,-5,-194,9557
(476.953)[I]: [5],69,17,16,0,17,-471,7782(476.954)[I]: [6],0,53,69,7,-4,-189,9557
(476.963)[I]: [5],43,11,12,0,-11,-536,8163(476.964)[I]: [6],1,46,69,8,-5,-182,9558
(476.973)[I]: [5],28,10,8,0,-50,-584,8534(476.974)[I]: [6],1,49,71,9,-5,-183,9558
(476.983)[I]: [5],11,9,8,0,-105,-642,8910(476.984)[I]: [6],0,43,70,9,-5,-182,9558
(476.993)[I]: [5],1,4,4,2,-151,-808,9193(476.994)[I]: [6],0,44,68,9,-5,-182,9558
(476.999)[I]: [5],0,3,0,2,-189,-968,9298(476.999)[I]: [6],0,41,63,12,-5,-183,9558
(476.999)[I]: [5],0,3,0,2,-234,-1056,9309(476.999)[I]: [6],0,44,63,14,-5,-184,9558
(476.999)[I]: [5],0,4,0,1,-265,-1119,9190(476.999)[I]: [6],0,47,63,15,-5,-188,9558
(477.009)[I]: [5],2,3,0,1,-303,-1111,8990(477.009)[I]: [6],0,47,63,14,-5,-192,9558
(477.019)[I]: [5],2,3,0,1,-356,-1082,8769(477.019)[I]: [6],0,46,63,14,-4,-193,9558
(477.029)[I]: [5],3,3,4,0,-415,-1050,8562(477.029)[I]: [6],0,46,67,15,-4,-195,9558
(477.039)[I]: [5],3,3,0,0,-476,-1029,8379(477.039)[I]: [6],0,44,66,14,-4,-196,9558
(477.049)[I]: [5],4,2,0,0,-534,-1024,8210(477.049)[I]: [6],0,43,67,13,-4,-197,9558
(477.059)[I]: [5],4,2,0,0,-581,-1032,8051(477.059)[I]: [6],0,41,67,14,-4,-198,9558
(477.069)[I]: [5],3,3,0,0,-616,-1037,7905(477.069)[I]: [6],0,38,67,14,-4,-199,9558
(477.079)[I]: [5],3,3,0,0,-638,-1036,7771(477.079)[I]: [6],0,39,67,14,-4,-200,9558
(477.089)[I]: [5],3,2,0,0,-652,-1020,7643(477.089)[I]: [6],0,38,67,12,-4,-201,9558
(477.099)[I]: [5],1,2,0,0,-660,-997,7519(477.099)[I]: [6],0,37,67,12,-4,-204,9558
(477.109)[I]: [5],0,2,0,0,-668,-962,7387(477.109)[I]: [6],0,37,69,10,-4,-206,9558
(477.119)[I]: [5],0,2,0,0,-680,-913,7237(477.119)[I]: [6],0,38,70,11,-4,-209,9558
(477.129)[I]: [5],0,3,0,0,-697,-860,7063(477.129)[I]: [6],0,39,70,10,-4,-210,9558
(477.139)[I]: [5],0,3,0,0,-721,-803,6870(477.139)[I]: [6],0,40,73,9,-4,-211,9558
(477.149)[I]: [5],0,3,0,0,-751,-749,6670(477.149)[I]: [6],0,39,75,8,-4,-212,9558
(477.159)[I]: [5],0,3,0,0,-786,-697,6473(477.159)[I]: [6],0,41,78,8,-4,-213,9558
(477.169)[I]: [5],0,3,0,0,-826,-651,6290(477.169)[I]: [6],0,40,79,7,-4,-214,9558
(477.179)[I]: [5],0,3,0,0,-867,-611,6128(477.179)[I]: [6],0,44,78,7,-4,-215,9558
(477.189)[I]: [5],0,3,0,0,-908,-571,5994(477.189)[I]: [6],0,45,79,7,-4,-216,9558
(477.199)[I]: [5],0,4,0,0,-947,-526,5889(477.199)[I]: [6],0,46,79,7,-4,-218,9558
(477.209)[I]: [5],0,4,0,0,-980,-467,5814(477.209)[I]: [6],0,47,79,7,-4,-219,9558
(477.219)[I]: [5],0,3,0,0,-1003,-386,5761(477.219)[I]: [6],0,47,78,6,-4,-221,9558
(477.229)[I]: [5],0,3,0,0,-1016,-292,5717(477.229)[I]: [6],0,47,77,6,-4,-222,9558
(477.239)[I]: [5],0,3,0,0,-1018,-194,5672(477.239)[I]: [6],0,49,75,6,-3,-223,9558
(477.249)[I]: [5],0,3,0,0,-1008,-100,5620(477.249)[I]: [6],0,49,76,6,-3,-224,9558
(477.259)[I]: [5],0,3,0,0,-988,-4,5560(477.259)[I]: [6],0,49,74,6,-3,-225,9558
(477.269)[I]: [5],0,3,0,0,-957,93,5495(477.269)[I]: [6],0,50,74,6,-3,-227,9558
(477.279)[I]: [5],0,4,0,0,-915,187,5431(477.279)[I]: [6],0,51,73,7,-3,-229,9558
(477.289)[I]: [5],0,4,0,0,-864,273,5372(477.289)[I]: [6],0,51,74,7,-3,-230,9558
(477.299)[I]: [5],0,4,0,0,-806,348,5322(477.299)[I]: [6],0,51,74,6,-3,-230,9558
(477.309)[I]: [5],0,4,4,0,-746,415,5285(477.309)[I]: [6],0,52,72,5,-3,-231,9558
(477.319)[I]: [5],0,4,0,0,-685,482,5268(477.319)[I]: [6],0,53,71,5,-3,-232,9558
(477.329)[I]: [5],0,4,0,0,-624,557,5268(477.329)[I]: [6],0,54,71,5,-3,-232,9558
(477.339)[I]: [5],0,4,0,0,-566,645,5284(477.339)[I]: [6],0,55,73,5,-3,-233,9555
(477.349)[I]: [5],0,5,0,0,-508,752,5312(477.349)[I]: [6],1,58,73,5,-3,-235,9555
(477.359)[I]: [5],0,5,0,0,-452,862,5349(477.359)[I]: [6],1,61,76,6,-3,-236,9555
(477.369)[I]: [5],0,5,0,0,-403,952,5389(477.369)[I]: [6],2,63,78,7,-3,-237,9555
(477.379)[I]: [5],0,5,0,0,-362,1008,5434(477.379)[I]: [6],2,63,79,7,-3,-238,9555
(477.389)[I]: [5],0,5,0,0,-328,1021,5483(477.389)[I]: [6],2,66,80,7,-3,-239,9555
(477.399)[I]: [5],0,5,0,0,-295,997,5535(477.399)[I]: [6],2,67,81,7,-3,-240,9555
(477.409)[I]: [5],0,5,0,0,-258,946,5588(477.409)[I]: [6],2,70,81,6,-3,-242,9555
(477.419)[I]: [5],0,5,0,0,-212,881,5641(477.419)[I]: [6],2,71,79,6,-3,-243,9555
(477.429)[I]: [5],0,4,0,0,-152,810,5694(477.429)[I]: [6],2,73,79,7,-3,-243,9555
(477.439)[I]: [5],0,4,0,0,-79,737,5747(477.439)[I]: [6],3,76,76,7,-3,-244,9555
(477.449)[I]: [5],0,4,0,0,5,669,5801(477.449)[I]: [6],2,78,75,7,-3,-245,9555
(477.459)[I]: [5],0,4,0,0,93,607,5863(477.459)[I]: [6],2,79,75,7,-3,-246,9555
(477.469)[I]: [5],0,4,0,0,181,553,5930(477.469)[I]: [6],2,82,78,7,-3,-246,9555
(477.479)[I]: [5],0,4,0,0,261,509,6003(477.479)[I]: [6],3,86,83,7,-3,-247,9555
(477.489)[I]: [5],0,4,0,0,329,479,6079(477.489)[I]: [6],3,91,84,6,-3,-246,9555
(477.499)[I]: [5],0,3,4,0,380,460,6157(477.499)[I]: [6],3,94,90,6,0,-248,9548
(477.509)[I]: [5],2,3,16,0,387,354,6121(477.510)[I]: [6],6,100,91,6,2,-252,9537
(477.519)[I]: [5],2,5,16,0,438,156,5923(477.520)[I]: [6],8,106,90,4,4,-258,9523
(477.529)[I]: [5],6,7,12,0,470,112,5702(477.530)[I]: [6],9,110,89,3,7,-267,9506
(477.539)[I]: [5],7,12,20,0,486,112,5489(477.540)[I]: [6],12,116,90,3,10,-280,9484
(477.549)[I]: [5],6,17,48,0,462,159,5209(477.550)[I]: [6],12,127,88,3,14,-297,9459
(477.559)[I]: [5],3,21,60,0,436,181,4981(477.560)[I]: [6],12,135,81,3,18,-361,9411
(477.569)[I]: [5],2,25,76,0,435,160,4810(477.570)[I]: [6],12,144,67,3,19,-436,9335
(477.579)[I]: [5],3,31,108,0,439,139,4688(477.580)[I]: [6],13,147,55,3,36,-446,9215
(477.589)[I]: [5],4,29,124,0,433,23,4658(477.590)[I]: [6],12,147,34,3,45,-454,9046
(477.599)[I]: [5],6,39,136,2,430,-84,4634(477.600)[I]: [6],14,120,12,3,63,-440,8830
(477.609)[I]: [5],9,43,120,9,425,-184,4596(477.610)[I]: [6],15,110,5,3,81,-427,8580
(477.619)[I]: [5],13,51,124,15,418,-210,4573(477.620)[I]: [6],18,87,2,3,98,-413,8280
(477.629)[I]: [5],17,50,140,18,412,-230,4568(477.630)[I]: [6],19,61,3,3,125,-407,7949
(477.639)[I]: [5],19,55,124,21,409,-240,4567(477.640)[I]: [6],21,37,3,3,164,-416,7604
(477.649)[I]: [5],22,58,124,22,406,-239,4568(477.650)[I]: [6],21,28,4,3,197,-473,7248
(477.659)[I]: [5],27,63,140,22,405,-230,4570(477.660)[I]: [6],13,19,4,3,225,-546,6890
(477.669)[I]: [5],28,55,124,22,402,-225,4572(477.670)[I]: [6],5,14,2,3,271,-629,6535
(477.679)[I]: [5],28,53,124,26,398,-224,4572(477.680)[I]: [6],1,15,4,3,312,-797,6176
(477.689)[I]: [5],29,54,116,30,395,-223,4569(477.690)[I]: [6],0,14,5,3,336,-1081,5966
(477.699)[I]: [5],27,49,100,37,393,-226,4564(477.700)[I]: [6],0,13,5,3,356,-1241,5944
(477.709)[I]: [5],21,49,88,49,390,-233,4556(477.710)[I]: [6],0,11,6,3,364,-1348,6023
(477.719)[I]: [5],15,48,84,49,387,-240,4551(477.720)[I]: [6],0,12,6,3,408,-1327,6180
(477.729)[I]: [5],15,47,76,48,385,-246,4548(477.730)[I]: [6],0,13,4,3,472,-1233,6328
(477.739)[I]: [5],15,46,72,46,382,-249,4547(477.740)[I]: [6],0,13,3,3,538,-1125,6470
(477.749)[I]: [5],17,44,68,41,378,-250,4547(477.750)[I]: [6],0,11,3,3,593,-1020,6630
(477.759)[I]: [5],14,43,68,33,374,-250,4547(477.760)[I]: [6],0,10,3,3,621,-930,6813
(477.769)[I]: [5],15,42,68,31,370,-250,4547(477.770)[I]: [6],0,10,3,3,618,-867,7009
(477.779)[I]: [5],13,41,60,28,367,-249,4547(477.780)[I]: [6],0,10,3,3,587,-829,7203
(477.789)[I]: [5],12,43,60,27,363,-248,4547(477.790)[I]: [6],0,10,3,3,541,-800,7380
(477.799)[I]: [5],11,46,60,26,359,-246,4547(477.800)[I]: [6],0,10,3,3,491,-773,7532
(477.809)[I]: [5],12,47,60,25,356,-245,4547(477.810)[I]: [6],0,11,3,3,447,-742,7654
(477.819)[I]: [5],13,50,56,25,352,-245,4547(477.820)[I]: [6],0,10,3,3,420,-704,7735
(477.829)[I]: [5],11,52,56,24,349,-249,4547(477.830)[I]: [6],0,10,3,3,414,-657,7767
(477.839)[I]: [5],11,54,56,22,345,-249,4547(477.840)[I]: [6],0,10,2,3,432,-596,7757
(477.849)[I]: [5],12,54,56,23,342,-250,4547(477.850)[I]: [6],0,11,2,3,470,-519,7719
(477.859)[I]: [5],12,55,60,23,338,-251,4547(477.860)[I]: [6],0,12,2,3,523,-424,7670
(477.869)[I]: [5],14,56,56,20,335,-250,4548(477.870)[I]: [6],0,11,1,3,580,-313,7627
(477.879)[I]: [5],14,56,60,19,332,-250,4548(477.880)[I]: [6],0,11,2,3,634,-186,7598
(477.889)[I]: [5],14,58,56,20,328,-250,4548(477.890)[I]: [6],0,10,0,3,680,-43,7583
(477.899)[I]: [5],15,59,48,20,325,-250,4548(477.900)[I]: [6],0,9,0,3,713,103,7582
(477.909)[I]: [5],13,61,52,20,322,-251,4548(477.910)[I]: [6],0,9,0,3,738,246,7589
(477.919)[I]: [5],15,63,48,20,319,-252,4548(477.920)[I]: [6],0,10,1,3,760,375,7601
(477.929)[I]: [5],16,67,48,20,315,-252,4548(477.930)[I]: [6],0,9,1,3,788,490,7616
(477.939)[I]: [5],18,71,48,19,312,-253,4548(477.940)[I]: [6],0,9,2,3,825,595,7639
(477.949)[I]: [5],19,76,52,17,309,-253,4548(477.950)[I]: [6],0,11,3,3,869,692,7678
(477.959)[I]: [5],18,78,48,16,306,-254,4548(477.960)[I]: [6],0,12,1,3,919,775,7734
(477.969)[I]: [5],17,81,48,15,303,-255,4549(477.970)[I]: [6],0,12,2,3,966,831,7800
(477.979)[I]: [5],18,79,48,13,300,-254,4549(477.980)[I]: [6],0,11,2,3,1009,864,7864
(477.989)[I]: [5],21,79,48,13,297,-254,4549(477.990)[I]: [6],0,12,2,3,1040,876,7918
(477.999)[I]: [5],22,79,52,12,294,-254,4549(477.999)[I]: [6],0,13,3,3,1056,881,7956
(477.999)[I]: [5],23,79,52,13,291,-255,4549(477.999)[I]: [6],0,13,2,3,1052,893,7981
(477.999)[I]: [5],24,79,56,13,288,-256,4549(477.999)[I]: [6],0,12,3,3,1025,908,8000
(478.005)[I]: [5],27,83,56,15,285,-257,4549(478.006)[I]: [6],0,12,3,3,977,919,8017
(478.015)[I]: [5],28,85,60,15,283,-257,4549(478.016)[I]: [6],0,11,2,3,909,914,8040
(478.025)[I]: [5],30,87,60,15,280,-258,4549(478.026)[I]: [6],0,12,3,3,822,887,8070
(478.035)[I]: [5],30,91,68,14,277,-257,4549(478.036)[I]: [6],0,11,2,3,722,839,8107
(478.045)[I]: [5],31,95,76,14,275,-257,4552(478.046)[I]: [6],0,12,2,3,610,775,8150
(478.055)[I]: [5],38,99,76,11,274,-256,4559(478.056)[I]: [6],0,13,2,3,491,702,8196
(478.065)[I]: [5],43,105,84,12,272,-257,4567(478.066)[I]: [6],0,12,1,3,369,622,8240
(478.075)[I]: [5],48,110,88,11,270,-258,4570(478.076)[I]: [6],0,12,2,3,249,541,8279
(478.085)[I]: [5],54,118,92,10,267,-260,4576(478.086)[I]: [6],0,12,2,3,137,464,8310
(478.095)[I]: [5],55,127,100,10,265,-260,4576(478.096)[I]: [6],0,12,2,3,38,394,8331
(478.105)[I]: [5],60,141,104,9,262,-260,4576(478.106)[I]: [6],0,13,1,3,-47,335,8342
(478.115)[I]: [5],68,148,120,6,260,-260,4576(478.116)[I]: [6],0,13,1,3,-121,286,8342
(478.125)[I]: [5],71,158,124,7,257,-260,4576(478.126)[I]: [6],0,12,1,3,-189,245,8334
(478.135)[I]: [5],75,161,124,7,255,-262,4582(478.136)[I]: [6],0,15,2,3,-253,208,8314
(478.145)[I]: [5],87,176,136,8,252,-262,4592(478.146)[I]: [6],0,15,1,3,-314,171,8276
(478.155)[I]: [5],89,184,136,8,249,-265,4607(478.156)[I]: [6],0,17,1,3,-376,137,8219
(478.165)[I]: [5],101,194,140,6,245,-273,4633(478.166)[I]: [6],0,12,1,3,-417,104,8152
(478.175)[I]: [5],106,207,132,2,239,-288,4670(478.176)[I]: [6],1,12,1,3,-487,27,8286
(478.185)[I]: [5],117,224,124,1,232,-318,4728(478.186)[I]: [6],0,15,2,3,-517,33,8511
(478.195)[I]: [5],124,241,124,0,224,-378,4804(478.196)[I]: [6],0,23,3,3,-572,52,8680
(478.205)[I]: [5],140,261,136,0,215,-432,4893(478.206)[I]: [6],0,26,9,3,-589,108,8908
(478.215)[I]: [5],143,280,84,0,203,-464,5001(478.216)[I]: [6],0,30,27,3,-573,179,9120
(478.225)[I]: [5],153,295,68,0,196,-502,5137(478.226)[I]: [6],0,36,35,2,-571,209,9318
(478.235)[I]: [5],157,283,44,0,186,-514,5313(478.236)[I]: [6],0,45,55,3,-580,188,9426
(478.245)[I]: [5],155,266,28,0,170,-502,5533(478.246)[I]: [6],0,50,69,3,-555,126,9496
(478.255)[I]: [5],143,194,20,0,154,-507,5792(478.256)[I]: [6],1,48,79,3,-575,-13,9459
(478.265)[I]: [5],133,149,4,0,142,-542,6105(478.266)[I]: [6],1,49,79,3,-568,-105,9511
(478.275)[I]: [5],120,98,8,0,125,-592,6457(478.276)[I]: [6],1,53,90,5,-565,-232,9590
(478.285)[I]: [5],102,56,12,0,97,-654,6827(478.286)[I]: [6],3,54,90,7,-536,-224,9585
(478.295)[I]: [5],81,35,8,0,61,-728,7204(478.296)[I]: [6],3,55,94,8,-538,-237,9588
(478.305)[I]: [5],63,24,8,0,23,-805,7574(478.306)[I]: [6],2,55,98,8,-543,-254,9590
(478.315)[I]: [5],41,17,4,0,-27,-853,7934(478.316)[I]: [6],2,49,95,10,-538,-254,9590
(478.325)[I]: [5],19,12,4,0,-85,-908,8286(478.326)[I]: [6],1,50,97,11,-536,-249,9593
(478.335)[I]: [5],9,10,0,0,-144,-981,8642(478.335)[I]: [6],2,47,97,10,-533,-245,9594
(478.345)[I]: [5],2,6,4,1,-196,-1117,8943(478.346)[I]: [6],1,44,96,11,-527,-242,9595
(478.355)[I]: [5],0,4,0,1,-236,-1271,9082(478.355)[I]: [6],2,42,96,10,-522,-240,9595
(478.365)[I]: [5],0,4,4,1,-277,-1370,9118(478.366)[I]: [6],1,37,96,10,-517,-239,9595
(478.375)[I]: [5],0,5,4,1,-291,-1461,9048(478.376)[I]: [6],1,37,95,11,-512,-239,9595
(478.385)[I]: [5],1,5,0,0,-310,-1464,8903(478.385)[I]: [6],1,34,93,10,-507,-239,9595
(478.395)[I]: [5],2,5,4,0,-340,-1425,8727(478.395)[I]: [6],0,34,92,9,-502,-240,9595
(478.405)[I]: [5],2,6,4,0,-379,-1358,8551(478.406)[I]: [6],0,29,93,8,-497,-240,9595
(478.415)[I]: [5],2,5,4,0,-427,-1288,8391(478.416)[I]: [6],0,29,93,8,-492,-241,9595
(478.425)[I]: [5],2,4,4,0,-479,-1233,8247(478.426)[I]: [6],0,29,94,8,-487,-240,9596
(478.435)[I]: [5],2,5,4,0,-532,-1190,8125(478.436)[I]: [6],0,27,94,8,-482,-240,9596
(478.445)[I]: [5],2,4,0,0,-583,-1152,8027(478.446)[I]: [6],0,26,92,7,-477,-239,9596
(478.455)[I]: [5],2,3,4,0,-628,-1116,7944(478.456)[I]: [6],0,25,92,8,-472,-238,9596
(478.465)[I]: [5],0,3,4,0,-666,-1076,7861(478.465)[I]: [6],0,24,90,8,-468,-238,9596
(478.475)[I]: [5],0,4,0,0,-694,-1034,7774(478.475)[I]: [6],0,25,89,7,-463,-238,9596
(478.485)[I]: [5],0,3,0,0,-714,-991,7676(478.485)[I]: [6],0,22,87,8,-458,-238,9596
(478.495)[I]: [5],0,3,0,0,-731,-942,7565(478.495)[I]: [6],0,21,86,12,-454,-238,9596
(478.505)[I]: [5],0,2,0,0,-748,-891,7436(478.505)[I]: [6],0,21,85,14,-449,-238,9596
(478.515)[I]: [5],0,3,0,0,-768,-838,7288(478.515)[I]: [6],0,21,81,17,-445,-238,9596
(478.525)[I]: [5],0,3,0,0,-792,-785,7127(478.525)[I]: [6],0,20,79,18,-440,-238,9597
(478.535)[I]: [5],0,3,0,0,-823,-734,6960(478.535)[I]: [6],0,19,76,22,-436,-238,9597
(478.545)[I]: [5],0,3,0,0,-860,-680,6797(478.545)[I]: [6],0,18,74,24,-432,-237,9597
(478.555)[I]: [5],0,3,0,0,-907,-617,6648(478.555)[I]: [6],0,17,72,23,-427,-236,9597
(478.565)[I]: [5],0,3,0,0,-966,-540,6520(478.565)[I]: [6],0,18,73,23,-423,-236,9597
(478.575)[I]: [5],0,4,0,0,-1036,-442,6417(478.575)[I]: [6],0,19,71,24,-419,-236,9597
(478.585)[I]: [5],0,3,0,0,-1111,-327,6340(478.585)[I]: [6],0,18,69,26,-415,-235,9597
(478.595)[I]: [5],0,3,0,0,-1186,-201,6282(478.595)[I]: [6],0,19,67,27,-411,-235,9597
(478.605)[I]: [5],0,4,0,0,-1252,-77,6235(478.605)[I]: [6],0,20,63,27,-407,-234,9597
(478.615)[I]: [5],0,4,0,0,-1304,34,6184(478.615)[I]: [6],0,20,62,27,-403,-234,9597
(478.625)[I]: [5],0,4,0,0,-1337,127,6121(478.625)[I]: [6],0,19,61,27,-399,-234,9597
(478.635)[I]: [5],0,3,0,0,-1351,208,6040(478.635)[I]: [6],0,19,61,27,-395,-233,9598
(478.645)[I]: [5],0,3,0,0,-1343,288,5945(478.645)[I]: [6],0,21,61,26,-391,-234,9598
(478.655)[I]: [5],0,3,0,0,-1314,365,5842(478.655)[I]: [6],0,22,61,25,-387,-234,9598
(478.665)[I]: [5],0,4,0,0,-1262,439,5740(478.665)[I]: [6],0,24,61,23,-383,-234,9598
(478.675)[I]: [5],0,4,0,0,-1186,501,5648(478.675)[I]: [6],0,25,62,21,-379,-234,9598
(478.685)[I]: [5],0,5,0,0,-1089,547,5577(478.685)[I]: [6],0,24,63,19,-375,-235,9598
(478.695)[I]: [5],0,4,0,0,-972,573,5528(478.695)[I]: [6],0,26,63,17,-372,-234,9598
(478.705)[I]: [5],0,4,0,0,-839,591,5505(478.705)[I]: [6],0,28,63,14,-368,-234,9598
(478.715)[I]: [5],0,4,0,0,-696,609,5505(478.715)[I]: [6],0,28,69,13,-364,-233,9598
(478.725)[I]: [5],0,5,0,0,-551,633,5522(478.725)[I]: [6],0,31,71,13,-361,-232,9598
(478.735)[I]: [5],0,5,0,0,-411,663,5548(478.735)[I]: [6],0,31,72,13,-357,-232,9598
(478.745)[I]: [5],0,5,0,0,-282,692,5581(478.745)[I]: [6],0,34,75,13,-353,-232,9598
(478.755)[I]: [5],0,5,0,0,-166,714,5615(478.755)[I]: [6],0,35,78,13,-350,-231,9598
(478.765)[I]: [5],0,4,0,0,-67,726,5647(478.765)[I]: [6],0,39,80,10,-346,-232,9598
(478.775)[I]: [5],0,5,0,0,10,729,5676(478.775)[I]: [6],0,41,83,7,-343,-232,9598
(478.785)[I]: [5],0,4,0,0,65,728,5699(478.785)[I]: [6],0,47,85,6,-341,-235,9592
(478.795)[I]: [5],0,4,0,0,94,718,5716(478.795)[I]: [6],1,51,87,5,-338,-237,9589
(478.805)[I]: [5],0,4,0,0,100,700,5725(478.805)[I]: [6],1,56,90,3,-336,-239,9583
(478.815)[I]: [5],0,4,0,0,87,680,5731(478.815)[I]: [6],2,58,93,4,-333,-240,9575
(478.825)[I]: [5],0,4,0,0,61,659,5740(478.825)[I]: [6],0,62,97,4,-331,-242,9567
(478.835)[I]: [5],0,4,0,0,29,643,5754(478.835)[I]: [6],1,63,99,4,-328,-244,9558
(478.845)[I]: [5],0,4,0,0,-6,638,5778(478.845)[I]: [6],2,70,103,3,-325,-248,9551
(478.855)[I]: [5],0,4,0,0,-44,647,5822(478.855)[I]: [6],3,73,109,3,-321,-253,9545
(478.865)[I]: [5],0,4,0,0,-83,673,5886(478.865)[I]: [6],4,79,111,3,-318,-257,9539
(478.875)[I]: [5],0,5,0,0,-125,715,5970(478.875)[I]: [6],5,86,122,3,-314,-260,9533
(478.885)[I]: [5],0,4,0,0,-168,767,6073(478.885)[I]: [6],6,89,127,3,-310,-265,9527
(478.895)[I]: [5],0,3,0,0,-214,819,6186(478.895)[I]: [6],6,93,131,3,-306,-269,9521
(478.905)[I]: [5],2,3,8,0,-252,857,6293(478.905)[I]: [6],5,102,135,2,-301,-278,9510
(478.915)[I]: [5],1,3,8,0,-267,748,6219(478.915)[I]: [6],7,109,139,2,-297,-288,9491
(478.925)[I]: [5],4,5,8,0,-214,510,6022(478.925)[I]: [6],10,117,139,2,-292,-305,9465
(478.935)[I]: [5],5,7,12,0,-157,347,5807(478.935)[I]: [6],10,127,137,2,-285,-324,9429
(478.945)[I]: [5],5,10,28,0,-133,277,5583(478.946)[I]: [6],14,134,130,2,-282,-379,9381
(478.955)[I]: [5],4,21,64,0,-172,296,5333(478.956)[I]: [6],15,143,120,2,-273,-414,9319
(478.965)[I]: [5],2,33,92,0,-194,263,5132(478.966)[I]: [6],21,150,97,2,-264,-448,9239
(478.975)[I]: [5],3,36,112,0,-191,186,4990(478.976)[I]: [6],23,159,88,2,-257,-469,9140
(478.985)[I]: [5],5,50,124,0,-195,118,4922(478.986)[I]: [6],23,155,62,2,-246,-466,9014
(478.995)[I]: [5],8,53,148,0,-198,40,4880(478.996)[I]: [6],23,154,43,2,-236,-445,8848
(478.999)[I]: [5],10,59,164,0,-202,-28,4828(478.999)[I]: [6],25,115,17,2,-222,-410,8651
(478.999)[I]: [5],10,58,144,0,-202,-101,4800(478.999)[I]: [6],26,98,13,2,-203,-357,8412
(479.001)[I]: [5],11,59,152,0,-200,-141,4790(479.002)[I]: [6],28,70,11,2,-183,-325,8122
(479.011)[I]: [5],10,62,168,3,-198,-155,4760(479.012)[I]: [6],31,55,10,2,-156,-305,7802
(479.021)[I]: [5],10,61,168,6,-196,-168,4727(479.022)[I]: [6],36,41,10,2,-121,-318,7467
(479.031)[I]: [5],10,62,160,8,-194,-171,4710(479.032)[I]: [6],57,27,9,2,-95,-380,7110
(479.041)[I]: [5],12,62,160,13,-193,-175,4700(479.042)[I]: [6],59,26,6,2,-81,-461,6757
(479.051)[I]: [5],13,67,168,16,-193,-184,4697(479.052)[I]: [6],43,19,5,2,-45,-528,6424
(479.061)[I]: [5],17,67,168,17,-193,-194,4696(479.062)[I]: [6],26,13,7,2,-12,-625,6071
(479.071)[I]: [5],19,74,172,17,-192,-200,4697(479.072)[I]: [6],13,13,6,3,37,-715,5709
(479.081)[I]: [5],23,75,168,18,-190,-200,4697(479.082)[I]: [6],0,13,6,3,81,-913,5452
(479.091)[I]: [5],20,80,164,19,-188,-200,4697(479.092)[I]: [6],0,14,6,3,139,-1083,5380
(479.101)[I]: [5],19,82,164,18,-186,-200,4697(479.102)[I]: [6],0,12,6,3,230,-1149,5402
(479.111)[I]: [5],23,88,164,17,-186,-203,4697(479.112)[I]: [6],0,13,3,3,329,-1229,5506
(479.121)[I]: [5],23,89,156,16,-186,-209,4697(479.122)[I]: [6],0,13,3,3,448,-1240,5680
(479.131)[I]: [5],23,91,152,14,-186,-215,4698(479.132)[I]: [6],0,11,5,3,574,-1246,5869
(479.141)[I]: [5],23,92,148,12,-185,-219,4698(479.142)[I]: [6],0,11,5,3,691,-1244,6054
(479.151)[I]: [5],21,95,140,10,-185,-225,4700(479.152)[I]: [6],0,11,4,3,790,-1246,6229
(479.161)[I]: [5],22,99,140,9,-185,-231,4701(479.162)[I]: [6],0,11,4,3,857,-1245,6401
(479.171)[I]: [5],24,100,136,9,-185,-237,4703(479.172)[I]: [6],0,11,5,3,888,-1248,6577
(479.181)[I]: [5],22,102,124,9,-185,-243,4705(479.182)[I]: [6],0,11,3,3,876,-1244,6751
(479.191)[I]: [5],25,106,124,9,-185,-246,4706(479.192)[I]: [6],0,10,3,2,822,-1229,6918
(479.201)[I]: [5],25,111,124,9,-183,-247,4706(479.202)[I]: [6],0,10,3,3,738,-1195,7075
(479.211)[I]: [5],25,115,124,8,-181,-247,4706(479.212)[I]: [6],0,10,3,3,633,-1137,7219
(479.221)[I]: [5],27,118,124,8,-179,-248,4706(479.222)[I]: [6],0,10,4,2,520,-1057,7339
(479.231)[I]: [5],27,122,124,9,-177,-249,4706(479.232)[I]: [6],0,11,3,2,412,-965,7417
(479.241)[I]: [5],26,127,124,9,-176,-250,4706(479.242)[I]: [6],0,12,3,2,320,-873,7447
(479.251)[I]: [5],28,127,124,9,-174,-251,4706(479.252)[I]: [6],0,11,4,2,255,-790,7430
(479.261)[I]: [5],29,132,124,10,-172,-252,4706(479.262)[I]: [6],0,14,3,2,223,-717,7380
(479.271)[I]: [5],29,134,124,9,-170,-252,4706(479.272)[I]: [6],0,11,3,2,224,-651,7310
(479.281)[I]: [5],29,133,124,8,-169,-252,4706(479.282)[I]: [6],0,11,2,2,251,-581,7236
(479.291)[I]: [5],31,134,124,7,-168,-253,4709(479.292)[I]: [6],0,12,2,2,297,-496,7173
(479.301)[I]: [5],34,136,124,7,-167,-254,4713(479.302)[I]: [6],0,9,2,2,348,-386,7132
(479.311)[I]: [5],35,137,124,6,-167,-257,4721(479.312)[I]: [6],0,12,1,2,384,-269,7119
(479.321)[I]: [5],39,137,124,5,-167,-259,4731(479.322)[I]: [6],0,12,2,2,394,-144,7137
(479.331)[I]: [5],39,137,132,3,-167,-259,4740(479.332)[I]: [6],0,12,1,2,386,-18,7186
(479.341)[I]: [5],42,137,140,4,-166,-257,4747(479.342)[I]: [6],0,11,1,2,341,62,7267
(479.351)[I]: [5],44,134,140,3,-165,-252,4753(479.352)[I]: [6],0,14,1,2,275,125,7372
(479.361)[I]: [5],44,127,140,4,-164,-243,4757(479.362)[I]: [6],0,15,2,2,191,147,7495
(479.371)[I]: [5],44,125,144,4,-163,-235,4763(479.372)[I]: [6],0,15,3,2,101,142,7623
(479.381)[I]: [5],45,122,148,4,-162,-227,4770(479.382)[I]: [6],0,16,2,2,14,126,7743
(479.391)[I]: [5],46,115,148,0,-161,-218,4779(479.392)[I]: [6],0,15,3,2,-63,111,7844
(479.401)[I]: [5],49,115,148,0,-160,-211,4791(479.402)[I]: [6],0,15,3,2,-125,110,7924
(479.411)[I]: [5],56,117,152,0,-160,-206,4806(479.412)[I]: [6],0,15,2,2,-171,120,7989
(479.421)[I]: [5],60,120,156,0,-159,-200,4822(479.422)[I]: [6],0,15,3,2,-205,122,8048
(479.431)[I]: [5],63,122,160,0,-157,-198,4840(479.432)[I]: [6],0,14,2,2,-236,111,8106
(479.441)[I]: [5],69,127,160,0,-155,-197,4857(479.442)[I]: [6],0,13,2,2,-270,86,8171
(479.451)[I]: [5],74,127,164,0,-155,-198,4867(479.452)[I]: [6],0,14,3,2,-306,61,8238
(479.461)[I]: [5],76,127,164,0,-155,-204,4862(479.462)[I]: [6],0,13,3,2,-345,53,8302
(479.471)[I]: [5],76,127,172,0,-154,-201,4847(479.472)[I]: [6],0,12,3,2,-383,68,8362
(479.481)[I]: [5],72,123,184,0,-154,-202,4830(479.482)[I]: [6],0,13,3,2,-418,100,8419
(479.491)[I]: [5],72,117,196,0,-153,-202,4819(479.492)[I]: [6],0,13,3,2,-447,141,8470
(479.501)[I]: [5],73,116,200,0,-152,-201,4822(479.502)[I]: [6],0,10,2,3,-471,180,8506
(479.511)[I]: [5],78,118,204,0,-152,-198,4836(479.512)[I]: [6],0,12,2,3,-493,211,8524
(479.521)[I]: [5],85,126,208,0,-151,-200,4854(479.522)[I]: [6],0,13,2,3,-514,232,8521
(479.531)[I]: [5],90,131,212,0,-152,-207,4873(479.532)[I]: [6],0,12,3,3,-543,246,8499
(479.541)[I]: [5],97,135,220,0,-153,-218,4886(479.542)[I]: [6],0,11,2,3,-578,254,8464
(479.551)[I]: [5],101,139,228,0,-154,-229,4891(479.552)[I]: [6],0,11,2,3,-622,257,8425
(479.561)[I]: [5],102,143,232,0,-153,-233,4890(479.562)[I]: [6],0,10,2,3,-672,260,8387
(479.571)[I]: [5],103,148,240,0,-152,-236,4888(479.572)[I]: [6],0,9,2,3,-722,260,8355
(479.581)[I]: [5],104,151,240,0,-151,-236,4888(479.582)[I]: [6],0,9,3,3,-768,254,8332
(479.591)[I]: [5],107,156,248,0,-152,-241,4895(479.592)[I]: [6],0,10,3,3,-805,245,8319
(479.601)[I]: [5],111,163,252,0,-153,-248,4907(479.602)[I]: [6],0,9,2,3,-828,232,8318
(479.611)[I]: [5],122,169,252,0,-154,-262,4921(479.612)[I]: [6],0,10,2,3,-835,218,8326
(479.621)[I]: [5],126,176,252,0,-157,-280,4932(479.622)[I]: [6],0,11,2,3,-829,206,8338
(479.631)[I]: [5],132,182,252,0,-160,-299,4943(479.632)[I]: [6],0,9,2,3,-816,195,8345
(479.641)[I]: [5],139,189,252,0,-162,-319,4959(479.642)[I]: [6],0,9,2,2,-802,180,8337
(479.651)[I]: [5],141,198,252,0,-166,-346,4984(479.652)[I]: [6],0,11,2,2,-795,161,8309
(479.661)[I]: [5],143,210,252,0,-170,-378,5016(479.662)[I]: [6],0,11,2,2,-798,140,8255
(479.671)[I]: [5],151,218,236,0,-176,-403,5061(479.672)[I]: [6],0,13,3,2,-811,117,8175
(479.681)[I]: [5],163,223,228,0,-182,-418,5130(479.682)[I]: [6],0,15,6,2,-844,10,8243
(479.691)[I]: [5],161,232,184,0,-188,-422,5231(479.692)[I]: [6],0,19,12,2,-921,-64,8455
(479.701)[I]: [5],164,231,168,0,-191,-416,5370(479.702)[I]: [6],0,24,15,3,-979,-40,8607
(479.711)[I]: [5],173,227,88,0,-189,-397,5560(479.712)[I]: [6],0,21,29,2,-987,8,8785
(479.721)[I]: [5],174,197,48,0,-190,-360,5794(479.722)[I]: [6],0,28,56,2,-978,42,8978
(479.731)[I]: [5],179,157,48,0,-191,-320,6062(479.732)[I]: [6],0,31,79,2,-985,45,9123
(479.741)[I]: [5],178,127,40,0,-189,-309,6364(479.742)[I]: [6],0,35,95,2,-946,-24,9244
(479.751)[I]: [5],173,96,36,0,-192,-314,6688(479.752)[I]: [6],0,46,106,3,-978,-195,9198
(479.761)[I]: [5],165,57,36,0,-205,-332,7020(479.762)[I]: [6],1,50,112,3,-968,-359,9255
(479.771)[I]: [5],168,30,36,0,-228,-355,7356(479.772)[I]: [6],2,53,107,7,-938,-430,9305
(479.781)[I]: [5],143,24,32,0,-263,-379,7688(479.782)[I]: [6],5,50,107,9,-951,-443,9305
(479.791)[I]: [5],113,20,28,0,-306,-412,8010(479.792)[I]: [6],5,50,100,10,-936,-461,9311
(479.801)[I]: [5],87,15,12,0,-344,-447,8314(479.802)[I]: [6],5,55,97,17,-926,-470,9312
(479.811)[I]: [5],73,14,12,0,-373,-497,8620(479.812)[I]: [6],4,44,92,22,-919,-471,9315
(479.821)[I]: [5],61,7,12,0,-417,-541,8899(479.822)[I]: [6],3,43,91,21,-916,-463,9320
(479.831)[I]: [5],45,6,16,0,-458,-627,9152(479.832)[I]: [6],2,43,92,21,-913,-455,9325
(479.841)[I]: [5],15,3,8,0,-498,-764,9340(479.842)[I]: [6],2,41,89,15,-911,-449,9329
(479.851)[I]: [5],5,3,8,0,-532,-912,9401(479.851)[I]: [6],1,38,83,15,-902,-446,9330
(479.861)[I]: [5],0,1,4,0,-584,-970,9380(479.861)[I]: [6],1,37,78,12,-893,-443,9331
(479.871)[I]: [5],0,2,4,0,-661,-1001,9316(479.871)[I]: [6],1,37,75,11,-884,-442,9332
(479.881)[I]: [5],2,2,4,0,-750,-983,9204(479.881)[I]: [6],1,36,71,11,-875,-442,9332
(479.891)[I]: [5],3,2,8,0,-845,-931,9049(479.891)[I]: [6],1,31,70,11,-867,-441,9332
(479.901)[I]: [5],3,3,8,0,-937,-882,8880(479.901)[I]: [6],1,35,70,11,-858,-441,9332
(479.911)[I]: [5],4,4,8,0,-1021,-843,8722(479.912)[I]: [6],0,31,69,13,-850,-441,9333
(479.921)[I]: [5],3,4,4,0,-1092,-826,8581(479.922)[I]: [6],0,34,68,15,-841,-441,9333
(479.931)[I]: [5],3,4,4,0,-1148,-839,8452(479.932)[I]: [6],0,35,68,19,-833,-440,9333
(479.941)[I]: [5],3,2,4,0,-1188,-875,8327(479.942)[I]: [6],0,34,67,22,-825,-439,9334
(479.951)[I]: [5],1,2,4,0,-1217,-922,8203(479.952)[I]: [6],0,30,66,24,-817,-439,9334
(479.961)[I]: [5],1,2,4,0,-1237,-969,8079(479.962)[I]: [6],0,30,63,26,-808,-438,9335
(479.971)[I]: [5],1,2,8,0,-1254,-1007,7955(479.972)[I]: [6],0,31,66,30,-800,-437,9335
(479.981)[I]: [5],1,3,4,0,-1274,-1027,7828(479.982)[I]: [6],0,30,63,31,-793,-437,9335
(479.991)[I]: [5],1,2,4,0,-1295,-1019,7696(479.992)[I]: [6],0,31,63,34,-785,-436,9336
(479.999)[I]: [5],2,2,4,0,-1317,-984,7561(479.999)[I]: [6],0,31,61,34,-777,-436,9336
(479.999)[I]: [5],4,2,4,0,-1343,-934,7427(479.999)[I]: [6],0,31,58,31,-769,-436,9336
(479.999)[I]: [5],3,2,0,0,-1375,-881,7294(479.999)[I]: [6],0,29,58,35,-762,-435,9336
(480.007)[I]: [5],2,2,4,0,-1414,-832,7163(480.007)[I]: [6],0,28,57,38,-754,-434,9337
(480.017)[I]: [5],1,2,4,0,-1456,-792,7035(480.017)[I]: [6],0,28,59,39,-746,-434,9337
(480.027)[I]: [5],1,3,4,0,-1494,-760,6916(480.027)[I]: [6],0,28,58,39,-739,-435,9337
(480.037)[I]: [5],1,3,4,0,-1522,-734,6809(480.037)[I]: [6],0,27,59,40,-732,-437,9337
(480.047)[I]: [5],0,2,4,0,-1535,-710,6719(480.047)[I]: [6],0,28,59,39,-724,-437,9337
(480.057)[I]: [5],0,2,0,0,-1532,-686,6635(480.057)[I]: [6],0,28,61,39,-717,-437,9337
(480.067)[I]: [5],0,1,0,0,-1512,-664,6548(480.067)[I]: [6],0,26,62,39,-710,-437,9337
(480.077)[I]: [5],0,1,0,0,-1474,-644,6454(480.077)[I]: [6],0,26,63,37,-703,-436,9338
(480.087)[I]: [5],0,2,4,0,-1420,-626,6359(480.087)[I]: [6],0,26,63,35,-696,-436,9338
(480.097)[I]: [5],0,2,4,0,-1350,-601,6271(480.097)[I]: [6],0,27,63,31,-689,-435,9338
(480.107)[I]: [5],0,2,4,0,-1270,-567,6191(480.107)[I]: [6],0,26,66,34,-682,-435,9338
(480.117)[I]: [5],0,3,4,0,-1187,-517,6111(480.118)[I]: [6],0,26,67,35,-676,-434,9338
(480.127)[I]: [5],0,2,0,0,-1104,-457,6022(480.127)[I]: [6],0,26,68,31,-669,-434,9339
(480.137)[I]: [5],0,2,0,0,-1027,-394,5925(480.137)[I]: [6],0,26,71,31,-662,-433,9339
(480.147)[I]: [5],0,2,0,0,-957,-333,5824(480.147)[I]: [6],0,26,72,30,-656,-432,9339
(480.157)[I]: [5],0,2,0,0,-895,-272,5728(480.157)[I]: [6],0,26,76,29,-649,-432,9339
(480.167)[I]: [5],0,2,0,0,-842,-212,5638(480.167)[I]: [6],0,25,78,27,-643,-432,9339
(480.177)[I]: [5],0,2,0,0,-803,-153,5556(480.177)[I]: [6],0,26,81,27,-636,-432,9339
(480.187)[I]: [5],0,2,0,0,-774,-103,5480(480.187)[I]: [6],0,27,83,25,-630,-432,9339
(480.197)[I]: [5],0,2,0,0,-749,-59,5412(480.197)[I]: [6],0,26,87,24,-624,-431,9340
(480.207)[I]: [5],0,2,0,0,-722,-21,5356(480.207)[I]: [6],0,27,89,24,-617,-431,9340
(480.217)[I]: [5],0,2,0,0,-688,9,5310(480.217)[I]: [6],0,29,95,23,-611,-430,9340
(480.227)[I]: [5],0,2,0,0,-645,36,5271(480.227)[I]: [6],0,29,95,23,-605,-430,9340
(480.237)[I]: [5],0,2,0,0,-590,63,5235(480.237)[I]: [6],0,30,95,21,-599,-429,9340
(480.247)[I]: [5],0,2,0,0,-525,93,5201(480.247)[I]: [6],0,31,97,18,-593,-429,9340
(480.257)[I]: [5],0,2,0,0,-449,133,5173(480.257)[I]: [6],0,31,98,18,-587,-428,9340
(480.267)[I]: [5],0,2,0,0,-365,187,5151(480.267)[I]: [6],0,31,99,18,-581,-428,9340
(480.277)[I]: [5],0,3,4,0,-280,248,5129(480.277)[I]: [6],0,34,99,18,-576,-428,9341
(480.287)[I]: [5],0,3,16,0,-204,264,5075(480.287)[I]: [6],0,34,100,19,-570,-427,9341
(480.297)[I]: [5],0,3,16,0,-143,191,4942(480.298)[I]: [6],0,35,100,19,-564,-426,9341
(480.307)[I]: [5],0,3,20,0,-95,143,4790(480.307)[I]: [6],0,35,100,17,-559,-425,9341
(480.317)[I]: [5],0,2,28,0,-87,53,4701(480.317)[I]: [6],0,37,99,15,-553,-425,9341
(480.327)[I]: [5],0,5,28,3,-88,-16,4684(480.327)[I]: [6],0,39,99,15,-548,-424,9341
(480.337)[I]: [5],0,5,28,8,-95,-99,4684(480.337)[I]: [6],0,40,98,15,-542,-424,9341
(480.347)[I]: [5],0,7,32,10,-104,-154,4700(480.348)[I]: [6],0,40,96,13,-537,-423,9341
(480.357)[I]: [5],0,7,28,10,-111,-190,4721(480.358)[I]: [6],0,39,95,12,-531,-422,9341
(480.367)[I]: [5],0,8,28,10,-113,-205,4735(480.368)[I]: [6],0,39,91,9,-526,-422,9342
(480.377)[I]: [5],1,9,32,9,-115,-215,4743(480.378)[I]: [6],0,38,87,9,-521,-421,9342
(480.387)[I]: [5],1,10,32,9,-116,-225,4748(480.388)[I]: [6],0,39,84,9,-516,-421,9342
(480.397)[I]: [5],1,12,36,8,-117,-233,4751(480.398)[I]: [6],0,37,83,7,-511,-420,9342
(480.407)[I]: [5],1,12,36,9,-116,-237,4751(480.408)[I]: [6],0,37,81,6,-505,-420,9342
(480.417)[I]: [5],1,12,44,8,-115,-229,4753(480.418)[I]: [6],0,38,79,6,-500,-419,9342
(480.427)[I]: [5],1,13,44,9,-115,-218,4755(480.428)[I]: [6],0,38,77,6,-495,-419,9342
(480.437)[I]: [5],0,12,48,9,-114,-207,4755(480.438)[I]: [6],0,38,76,6,-490,-419,9342
(480.447)[I]: [5],0,12,48,9,-113,-196,4756(480.448)[I]: [6],0,38,75,6,-486,-419,9342
(480.457)[I]: [5],0,12,52,10,-113,-191,4756(480.458)[I]: [6],0,39,74,6,-481,-418,9342
(480.467)[I]: [5],0,14,52,10,-112,-189,4756(480.468)[I]: [6],0,38,72,6,-476,-418,9342
(480.477)[I]: [5],0,13,52,9,-110,-188,4756(480.478)[I]: [6],0,38,72,6,-471,-417,9342
(480.487)[I]: [5],1,15,52,10,-109,-187,4756(480.488)[I]: [6],0,38,72,6,-466,-417,9342
(480.497)[I]: [5],0,15,60,9,-108,-186,4756(480.498)[I]: [6],0,38,72,6,-462,-416,9342
(480.507)[I]: [5],0,15,56,10,-107,-184,4756(480.508)[I]: [6],0,38,71,6,-457,-416,9342
(480.517)[I]: [5],1,15,60,10,-106,-183,4756(480.518)[I]: [6],0,37,71,6,-453,-416,9342
(480.527)[I]: [5],1,17,60,10,-105,-182,4756(480.528)[I]: [6],0,37,70,6,-448,-416,9342
(480.537)[I]: [5],1,16,60,10,-104,-182,4756(480.538)[I]: [6],0,37,70,6,-444,-415,9342
(480.547)[I]: [5],1,18,60,10,-103,-182,4756(480.548)[I]: [6],0,38,69,6,-439,-415,9342
(480.557)[I]: [5],2,19,64,10,-102,-183,4756(480.558)[I]: [6],0,37,69,6,-435,-415,9342
(480.567)[I]: [5],1,18,76,10,-101,-183,4756(480.568)[I]: [6],0,36,70,6,-431,-414,9342
(480.577)[I]: [5],1,20,88,10,-100,-182,4756(480.578)[I]: [6],0,37,69,6,-426,-414,9342
(480.587)[I]: [5],1,22,96,10,-99,-182,4756(480.588)[I]: [6],0,37,67,6,-422,-414,9342
(480.597)[I]: [5],2,20,100,10,-98,-182,4756(480.598)[I]: [6],0,37,63,6,-418,-413,9343
(480.607)[I]: [5],2,20,104,10,-97,-182,4756(480.608)[I]: [6],0,37,63,6,-414,-413,9343
(480.617)[I]: [5],2,19,104,10,-96,-181,4759(480.618)[I]: [6],0,37,63,6,-409,-413,9343
(480.627)[I]: [5],2,21,108,10,-95,-180,4759(480.628)[I]: [6],0,37,63,6,-405,-413,9343
(480.637)[I]: [5],2,23,116,10,-95,-179,4759(480.638)[I]: [6],0,37,62,6,-401,-412,9343
(480.647)[I]: [5],2,21,116,9,-94,-178,4759(480.648)[I]: [6],0,36,63,6,-397,-412,9343
(480.657)[I]: [5],2,20,116,9,-93,-177,4759(480.658)[I]: [6],0,36,63,6,-393,-412,9343
(480.667)[I]: [5],2,22,116,9,-92,-176,4759(480.668)[I]: [6],0,36,61,6,-389,-411,9343
(480.677)[I]: [5],2,22,120,9,-91,-176,4759(480.678)[I]: [6],0,35,59,6,-386,-411,9343
(480.687)[I]: [5],2,25,120,9,-90,-176,4759(480.688)[I]: [6],0,36,63,6,-382,-411,9343
(480.697)[I]: [5],2,24,124,9,-89,-176,4759(480.698)[I]: [6],0,35,61,6,-378,-411,9343
(480.707)[I]: [5],2,25,124,9,-88,-176,4759(480.708)[I]: [6],0,35,60,6,-374,-411,9343
(480.717)[I]: [5],4,27,124,9,-87,-175,4759(480.718)[I]: [6],0,35,60,6,-370,-410,9343
(480.727)[I]: [5],4,29,132,9,-86,-175,4759(480.728)[I]: [6],0,35,60,6,-367,-410,9343
(480.737)[I]: [5],4,28,132,9,-85,-174,4759(480.738)[I]: [6],0,35,59,6,-363,-411,9342
(480.747)[I]: [5],4,28,124,9,-85,-174,4759(480.748)[I]: [6],0,35,58,6,-359,-411,9342
(480.757)[I]: [5],3,29,132,9,-84,-174,4759(480.758)[I]: [6],0,35,59,6,-356,-411,9342
(480.767)[I]: [5],3,29,132,9,-83,-174,4759(480.768)[I]: [6],0,34,58,6,-352,-411,9342
(480.777)[I]: [5],4,31,136,9,-82,-174,4759(480.778)[I]: [6],0,34,58,6,-349,-411,9342
(480.787)[I]: [5],3,31,140,9,-81,-174,4759(480.788)[I]: [6],0,31,56,6,-345,-411,9342
(480.797)[I]: [5],3,31,136,9,-80,-174,4759(480.798)[I]: [6],0,31,56,6,-342,-411,9342
(480.807)[I]: [5],3,31,140,9,-80,-173,4759(480.808)[I]: [6],0,31,56,6,-338,-411,9342
(480.817)[I]: [5],2,30,144,9,-79,-174,4759(480.818)[I]: [6],0,31,56,6,-335,-410,9342
(480.827)[I]: [5],2,30,140,9,-78,-173,4759(480.828)[I]: [6],0,31,54,6,-332,-410,9342
(480.837)[I]: [5],2,29,140,9,-77,-173,4759(480.838)[I]: [6],0,31,55,6,-328,-410,9342
(480.847)[I]: [5],2,30,140,9,-77,-173,4759(480.848)[I]: [6],0,31,55,6,-325,-410,9342
(480.857)[I]: [5],3,30,140,9,-76,-173,4759(480.858)[I]: [6],0,31,55,6,-322,-410,9342
(480.867)[I]: [5],3,30,140,9,-75,-172,4759(480.868)[I]: [6],0,31,55,6,-319,-410,9342
(480.877)[I]: [5],3,29,140,9,-74,-171,4759(480.878)[I]: [6],0,31,56,6,-315,-411,9342
(480.887)[I]: [5],3,31,140,9,-73,-171,4759(480.888)[I]: [6],0,31,56,6,-312,-410,9342
(480.897)[I]: [5],3,31,140,9,-73,-171,4759(480.898)[I]: [6],0,31,56,6,-309,-410,9342
(480.907)[I]: [5],3,30,140,9,-72,-171,4760(480.908)[I]: [6],0,31,57,6,-306,-410,9342
(480.917)[I]: [5],3,31,140,9,-71,-170,4760(480.918)[I]: [6],0,31,57,6,-303,-410,9342
(480.927)[I]: [5],3,31,140,9,-71,-170,4760(480.928)[I]: [6],0,31,58,6,-300,-410,9342
(480.937)[I]: [5],3,31,140,9,-70,-170,4760(480.938)[I]: [6],0,31,56,6,-297,-410,9342