(553.672)[I]: [5],0,14,80,22,0,-194,5014(553.672)[I]: [6],0,25,30,9,0,-370,8195
(553.682)[I]: [5],0,14,84,22,0,-194,5014(553.682)[I]: [6],0,25,30,9,0,-370,8195
(553.692)[I]: [5],0,14,80,22,0,-194,5014(553.692)[I]: [6],0,24,30,9,0,-370,8195
(553.702)[I]: [5],0,14,84,22,0,-194,5014(553.702)[I]: [6],0,24,30,9,0,-370,8195
(553.712)[I]: [5],0,14,84,22,0,-193,5014(553.712)[I]: [6],0,25,30,9,0,-370,8195
(553.722)[I]: [5],0,14,80,22,0,-193,5014(553.722)[I]: [6],0,24,30,9,0,-370,8195
(553.732)[I]: [5],0,14,80,22,0,-193,5014(553.732)[I]: [6],0,24,30,9,0,-370,8195
(553.742)[I]: [5],0,14,80,22,0,-193,5014(553.742)[I]: [6],0,24,30,10,0,-370,8195
(553.752)[I]: [5],0,14,84,22,0,-193,5014(553.752)[I]: [6],0,23,30,10,0,-369,8195
(553.762)[I]: [5],0,14,84,22,0,-193,5014(553.762)[I]: [6],0,23,30,10,0,-370,8195
(553.772)[I]: [5],0,14,80,22,0,-193,5014(553.772)[I]: [6],0,23,30,10,0,-369,8195
(553.782)[I]: [5],0,14,84,22,0,-193,5014(553.782)[I]: [6],0,24,30,10,0,-369,8195
(553.792)[I]: [5],0,14,80,22,0,-193,5014(553.792)[I]: [6],0,24,30,10,0,-369,8195
(553.802)[I]: [5],0,14,80,22,0,-193,5014(553.802)[I]: [6],0,23,30,10,0,-369,8195
(553.812)[I]: [5],0,14,84,22,0,-194,5014(553.812)[I]: [6],0,23,30,10,0,-369,8195
(553.822)[I]: [5],0,14,80,22,0,-194,5014(553.822)[I]: [6],0,23,30,10,0,-369,8195
(553.832)[I]: [5],0,14,80,22,0,-194,5014(553.832)[I]: [6],0,23,30,10,0,-369,8195
(553.842)[I]: [5],0,14,80,22,0,-194,5014(553.842)[I]: [6],0,23,30,10,0,-369,8195
(553.852)[I]: [5],0,14,80,22,0,-194,5014(553.852)[I]: [6],0,23,30,10,0,-369,8195
(553.862)[I]: [5],0,14,80,22,0,-195,5014(553.862)[I]: [6],0,23,30,10,0,-369,8195
(553.872)[I]: [5],0,14,80,22,0,-195,5014(553.872)[I]: [6],0,23,30,10,0,-369,8195
(553.882)[I]: [5],0,14,80,22,0,-195,5014(553.882)[I]: [6],0,23,30,10,0,-369,8195
(553.892)[I]: [5],0,14,80,22,0,-195,5014(553.892)[I]: [6],0,23,30,10,0,-369,8195
(553.902)[I]: [5],0,14,80,22,0,-195,5014(553.902)[I]: [6],0,23,30,10,0,-369,8195
(553.912)[I]: [5],0,14,84,22,0,-195,5014(553.912)[I]: [6],0,23,30,10,0,-369,8195
(553.922)[I]: [5],0,14,80,22,0,-195,5014(553.922)[I]: [6],0,23,31,10,0,-369,8195
(553.932)[I]: [5],0,14,80,22,0,-195,5014(553.932)[I]: [6],0,23,31,10,0,-369,8195
(553.942)[I]: [5],0,14,80,22,0,-195,5014(553.942)[I]: [6],0,23,30,10,0,-369,8195
(553.952)[I]: [5],0,14,80,22,0,-194,5014(553.952)[I]: [6],0,23,30,10,0,-369,8195
(553.962)[I]: [5],0,14,84,22,0,-194,5014(553.962)[I]: [6],0,23,29,10,0,-369,8195
(553.972)[I]: [5],0,14,84,22,0,-194,5014(553.972)[I]: [6],0,23,30,10,0,-369,8195
(553.982)[I]: [5],0,14,80,22,0,-194,5014(553.982)[I]: [6],0,23,30,10,0,-369,8195
(553.992)[I]: [5],0,14,84,22,0,-194,5014(553.992)[I]: [6],0,24,29,10,0,-369,8195
(553.999)[I]: [5],0,14,80,22,0,-194,5014(553.999)[I]: [6],0,23,29,10,0,-370,8195
(553.999)[I]: [5],0,14,84,22,0,-194,5014(553.999)[I]: [6],0,23,29,10,0,-369,8195
(553.999)[I]: [5],0,14,84,22,0,-194,5014(553.999)[I]: [6],0,23,30,10,0,-370,8195
(554.008)[I]: [5],0,14,84,22,0,-194,5014(554.008)[I]: [6],0,23,30,10,0,-370,8195
(554.018)[I]: [5],0,14,84,22,0,-194,5014(554.018)[I]: [6],0,23,30,10,0,-370,8195
(554.028)[I]: [5],0,14,84,22,0,-194,5014(554.028)[I]: [6],0,23,30,10,0,-369,8195
(554.038)[I]: [5],0,14,84,22,0,-193,5014(554.038)[I]: [6],0,23,30,10,0,-369,8195
(554.048)[I]: [5],0,14,84,22,0,-193,5014(554.048)[I]: [6],0,23,30,10,0,-369,8195
(554.058)[I]: [5],0,14,80,22,0,-193,5014(554.058)[I]: [6],0,23,30,10,0,-369,8195
(554.068)[I]: [5],0,14,80,22,0,-193,5014(554.068)[I]: [6],0,23,30,9,0,-369,8195
(554.078)[I]: [5],0,14,80,22,0,-193,5014(554.078)[I]: [6],0,23,30,9,0,-369,8195
(554.088)[I]: [5],0,14,80,22,0,-193,5014(554.088)[I]: [6],0,23,30,9,0,-369,8195
(554.098)[I]: [5],0,14,84,22,0,-193,5014(554.098)[I]: [6],0,23,31,9,0,-369,8195
(554.108)[I]: [5],0,14,84,22,0,-193,5014(554.108)[I]: [6],0,23,30,9,0,-369,8195
(554.118)[I]: [5],0,14,80,22,0,-193,5014(554.118)[I]: [6],0,23,30,9,0,-369,8195
(554.128)[I]: [5],0,14,80,22,0,-192,5014(554.128)[I]: [6],0,23,31,9,0,-369,8195
(554.138)[I]: [5],0,14,84,22,0,-192,5014(554.138)[I]: [6],0,23,30,9,0,-369,8195
(554.148)[I]: [5],0,14,80,22,0,-192,5014(554.148)[I]: [6],0,23,31,9,0,-369,8195
(554.158)[I]: [5],0,14,80,22,0,-192,5014(554.158)[I]: [6],0,23,30,9,0,-369,8195
(554.168)[I]: [5],0,14,84,22,0,-192,5014(554.168)[I]: [6],0,24,30,9,0,-369,8195
(554.178)[I]: [5],0,14,84,22,0,-192,5014(554.178)[I]: [6],0,23,30,9,0,-369,8195
(554.188)[I]: [5],0,14,84,22,0,-192,5014(554.188)[I]: [6],0,23,30,9,0,-369,8195
(554.198)[I]: [5],0,14,84,22,0,-192,5014(554.198)[I]: [6],0,24,31,9,0,-369,8195
(554.208)[I]: [5],0,14,84,22,0,-192,5014(554.208)[I]: [6],0,23,30,9,0,-369,8195
(554.218)[I]: [5],0,14,84,22,0,-192,5014(554.218)[I]: [6],0,23,30,9,0,-369,8195
(554.228)[I]: [5],0,14,84,22,0,-192,5014(554.228)[I]: [6],0,23,30,9,0,-369,8195
(554.238)[I]: [5],0,14,84,22,0,-192,5014(554.238)[I]: [6],0,23,30,9,0,-369,8195
(554.248)[I]: [5],0,14,84,22,0,-191,5014(554.248)[I]: [6],0,23,31,9,0,-369,8195
(554.258)[I]: [5],0,14,84,22,0,-191,5014(554.258)[I]: [6],0,23,31,9,0,-369,8195
(554.268)[I]: [5],0,14,84,22,0,-192,5014(554.268)[I]: [6],0,23,30,9,0,-369,8195
(554.278)[I]: [5],0,14,84,22,0,-191,5014(554.278)[I]: [6],0,23,30,9,0,-369,8195
(554.288)[I]: [5],0,14,84,22,0,-191,5014(554.288)[I]: [6],0,23,30,9,0,-369,8195
(554.298)[I]: [5],0,14,84,22,0,-191,5014(554.298)[I]: [6],0,23,30,9,0,-369,8195
(554.308)[I]: [5],0,14,84,22,0,-191,5014(554.308)[I]: [6],0,23,30,9,0,-369,8195
(554.318)[I]: [5],0,14,84,22,0,-192,5014(554.318)[I]: [6],0,22,29,9,0,-368,8195
(554.328)[I]: [5],0,14,84,23,0,-192,5014(554.328)[I]: [6],0,21,29,9,0,-369,8195
(554.338)[I]: [5],0,14,84,24,0,-192,5014(554.338)[I]: [6],0,21,28,9,0,-368,8195
(554.348)[I]: [5],0,14,84,24,0,-192,5014(554.348)[I]: [6],0,20,28,9,0,-368,8195
(554.358)[I]: [5],0,13,84,26,0,-193,5014(554.358)[I]: [6],0,20,28,9,0,-369,8195
(554.368)[I]: [5],0,13,88,25,0,-193,5014(554.368)[I]: [6],0,19,27,9,0,-369,8195
(554.378)[I]: [5],0,13,88,26,0,-192,5014(554.378)[I]: [6],0,19,26,9,0,-369,8195
(554.388)[I]: [5],0,13,84,28,0,-193,5014(554.388)[I]: [6],0,19,25,9,0,-369,8195
(554.398)[I]: [5],0,13,84,28,0,-192,5014(554.398)[I]: [6],0,19,25,9,0,-369,8195
(554.408)[I]: [5],0,12,84,31,0,-192,5014(554.408)[I]: [6],0,19,24,9,0,-369,8195
(554.418)[I]: [5],0,12,88,32,0,-192,5014(554.418)[I]: [6],0,19,23,9,0,-369,8195
(554.428)[I]: [5],0,12,88,31,0,-192,5014(554.428)[I]: [6],0,19,23,8,0,-369,8195
(554.438)[I]: [5],0,12,88,33,0,-192,5014(554.438)[I]: [6],0,18,23,8,0,-369,8195
(554.448)[I]: [5],0,11,88,33,0,-191,5014(554.448)[I]: [6],0,17,23,8,0,-369,8195
(554.458)[I]: [5],0,11,88,34,0,-191,5014(554.458)[I]: [6],0,16,23,8,0,-369,8195
(554.468)[I]: [5],0,10,88,34,0,-191,5014(554.468)[I]: [6],0,16,22,8,0,-369,8195
(554.478)[I]: [5],0,10,88,37,0,-191,5014(554.478)[I]: [6],0,16,22,7,0,-369,8195
(554.488)[I]: [5],0,10,88,35,0,-191,5014(554.488)[I]: [6],0,15,21,7,0,-369,8195
(554.498)[I]: [5],0,9,88,38,0,-191,5014(554.498)[I]: [6],0,15,21,7,0,-369,8195
(554.508)[I]: [5],0,10,88,43,0,-191,5014(554.508)[I]: [6],0,15,21,7,0,-369,8195
(554.518)[I]: [5],0,10,88,43,0,-190,5014(554.518)[I]: [6],0,15,19,7,0,-369,8195
(554.528)[I]: [5],0,10,88,44,0,-190,5014(554.528)[I]: [6],0,15,19,7,0,-369,8195
(554.538)[I]: [5],0,10,88,46,0,-190,5014(554.538)[I]: [6],0,15,18,6,0,-369,8195
(554.548)[I]: [5],0,10,88,48,0,-190,5014(554.548)[I]: [6],0,15,19,7,0,-369,8195
(554.558)[I]: [5],0,10,88,49,0,-189,5014(554.558)[I]: [6],0,15,17,6,0,-369,8195
(554.568)[I]: [5],0,10,88,52,0,-189,5014(554.568)[I]: [6],0,15,17,7,0,-369,8195
(554.578)[I]: [5],0,10,88,54,0,-189,5014(554.578)[I]: [6],0,15,15,6,0,-369,8195
(554.588)[I]: [5],0,10,88,54,0,-189,5014(554.588)[I]: [6],0,15,14,6,0,-369,8195
(554.598)[I]: [5],0,11,92,54,0,-188,5014(554.598)[I]: [6],0,15,13,7,0,-369,8195
(554.608)[I]: [5],0,11,96,52,0,-188,5014(554.608)[I]: [6],0,16,14,6,0,-369,8195
(554.618)[I]: [5],0,14,100,51,0,-188,5014(554.618)[I]: [6],0,15,12,6,0,-369,8195
(554.628)[I]: [5],0,14,100,50,0,-187,5014(554.628)[I]: [6],0,15,13,6,0,-370,8195
(554.638)[I]: [5],0,15,104,48,0,-186,5014(554.638)[I]: [6],0,15,12,6,0,-370,8195
(554.648)[I]: [5],0,15,104,44,0,-186,5014(554.648)[I]: [6],0,15,13,6,0,-370,8195
(554.658)[I]: [5],0,19,104,34,0,-186,5014(554.658)[I]: [6],0,15,13,6,0,-370,8195
(554.668)[I]: [5],0,22,112,30,0,-187,5019(554.669)[I]: [6],0,15,15,6,0,-370,8195
(554.678)[I]: [5],0,21,112,25,0,-189,5026(554.678)[I]: [6],0,15,15,7,0,-370,8195
(554.688)[I]: [5],0,24,120,21,0,-191,5034(554.688)[I]: [6],0,16,15,7,0,-370,8195
(554.698)[I]: [5],0,27,120,19,-1,-195,5044(554.699)[I]: [6],0,16,17,7,0,-370,8195
(554.708)[I]: [5],0,35,124,12,-3,-201,5059(554.709)[I]: [6],0,16,18,7,0,-370,8195
(554.718)[I]: [5],3,42,124,10,-5,-210,5078(554.719)[I]: [6],0,15,18,7,0,-370,8195
(554.728)[I]: [5],4,51,124,9,-7,-219,5105(554.729)[I]: [6],0,17,19,7,0,-370,8195
(554.738)[I]: [5],7,56,124,4,-9,-228,5144(554.739)[I]: [6],0,17,22,9,0,-370,8195
(554.748)[I]: [5],12,68,120,3,-11,-242,5188(554.749)[I]: [6],0,18,22,10,0,-369,8195
(554.758)[I]: [5],16,77,112,1,-11,-281,5236(554.759)[I]: [6],0,19,21,10,0,-369,8195
(554.768)[I]: [5],18,80,92,1,-15,-309,5316(554.769)[I]: [6],0,19,24,11,0,-369,8195
(554.778)[I]: [5],20,79,60,1,-17,-342,5435(554.779)[I]: [6],0,20,25,14,0,-369,8195
(554.788)[I]: [5],26,80,32,1,-19,-377,5574(554.789)[I]: [6],0,20,27,15,0,-369,8195
(554.798)[I]: [5],26,71,4,1,-23,-409,5737(554.798)[I]: [6],0,22,27,17,0,-369,8195
(554.808)[I]: [5],27,55,8,1,-24,-449,5922(554.809)[I]: [6],0,23,27,19,0,-369,8195
(554.818)[I]: [5],31,44,4,1,-27,-488,6127(554.819)[I]: [6],0,23,27,22,0,-369,8195
(554.828)[I]: [5],28,31,8,2,-38,-522,6347(554.829)[I]: [6],0,24,30,25,0,-368,8195
(554.838)[I]: [5],37,18,4,3,-59,-556,6574(554.839)[I]: [6],0,26,34,26,0,-368,8195
(554.848)[I]: [5],38,15,4,2,-92,-590,6800(554.849)[I]: [6],0,26,39,29,0,-368,8195
(554.858)[I]: [5],17,10,8,2,-134,-636,7020(554.859)[I]: [6],0,29,43,31,0,-368,8195
(554.868)[I]: [5],14,9,4,3,-183,-685,7233(554.869)[I]: [6],0,29,47,31,0,-368,8195
(554.878)[I]: [5],8,6,4,3,-241,-745,7432(554.878)[I]: [6],0,31,47,35,0,-367,8195
(554.888)[I]: [5],5,3,4,3,-304,-856,7589(554.888)[I]: [6],0,31,52,31,0,-367,8195
(554.898)[I]: [5],3,4,4,3,-356,-1018,7704(554.899)[I]: [6],0,35,55,31,0,-367,8195
(554.908)[I]: [5],0,5,0,4,-402,-1159,7786(554.908)[I]: [6],0,37,59,28,0,-367,8195
(554.918)[I]: [5],0,5,0,4,-436,-1270,7816(554.918)[I]: [6],0,38,61,24,0,-367,8195
(554.928)[I]: [5],0,5,0,3,-452,-1332,7764(554.928)[I]: [6],0,40,63,23,0,-367,8195
(554.938)[I]: [5],0,4,0,3,-449,-1294,7649(554.938)[I]: [6],0,41,63,22,0,-367,8195
(554.948)[I]: [5],0,5,0,3,-438,-1237,7512(554.948)[I]: [6],0,42,63,19,0,-367,8195
(554.958)[I]: [5],0,4,0,3,-427,-1172,7380(554.958)[I]: [6],0,43,66,17,0,-367,8195
(554.968)[I]: [5],0,4,0,3,-417,-1113,7258(554.968)[I]: [6],0,44,66,15,0,-367,8195
(554.978)[I]: [5],0,5,4,3,-407,-1069,7146(554.978)[I]: [6],0,45,68,15,0,-367,8195
(554.988)[I]: [5],0,4,4,3,-394,-1039,7041(554.989)[I]: [6],0,47,68,12,0,-367,8195
(554.998)[I]: [5],0,4,4,3,-377,-1016,6940(554.999)[I]: [6],0,51,70,11,0,-367,8195
(554.999)[I]: [5],0,4,4,3,-353,-992,6834(554.999)[I]: [6],1,53,71,10,0,-367,8195
(554.999)[I]: [5],0,4,4,3,-319,-965,6718(554.999)[I]: [6],0,55,71,9,0,-367,8195
(555.004)[I]: [5],0,4,4,2,-275,-929,6587(555.004)[I]: [6],0,56,73,9,0,-367,8195
(555.014)[I]: [5],0,4,4,2,-223,-886,6443(555.014)[I]: [6],0,57,71,9,0,-367,8195
(555.024)[I]: [5],0,4,4,2,-165,-841,6289(555.024)[I]: [6],0,59,73,8,0,-368,8195
(555.034)[I]: [5],0,4,4,1,-107,-795,6132(555.034)[I]: [6],1,59,72,8,0,-368,8195
(555.044)[I]: [5],0,5,0,1,-53,-751,5983(555.044)[I]: [6],1,61,74,8,0,-368,8195
(555.054)[I]: [5],0,4,0,1,-4,-706,5849(555.054)[I]: [6],1,63,74,7,0,-368,8195
(555.064)[I]: [5],0,4,0,1,35,-656,5736(555.064)[I]: [6],1,66,75,6,0,-368,8195
(555.074)[I]: [5],0,5,0,0,65,-602,5642(555.074)[I]: [6],1,69,76,5,0,-368,8195
(555.084)[I]: [5],0,5,0,0,86,-539,5563(555.084)[I]: [6],1,70,77,5,0,-369,8195
(555.094)[I]: [5],0,5,0,0,98,-479,5492(555.094)[I]: [6],2,72,77,5,0,-369,8195
(555.104)[I]: [5],0,5,4,0,104,-427,5426(555.104)[I]: [6],2,73,76,5,0,-369,8195
(555.114)[I]: [5],0,5,4,0,104,-384,5366(555.114)[I]: [6],2,73,79,5,0,-368,8195
(555.124)[I]: [5],0,5,4,0,99,-348,5315(555.124)[I]: [6],3,73,78,5,0,-369,8195
(555.134)[I]: [5],0,5,4,0,91,-311,5270(555.134)[I]: [6],2,73,79,5,0,-369,8195
(555.144)[I]: [5],0,5,4,0,80,-278,5225(555.144)[I]: [6],3,73,79,5,0,-369,8195
(555.154)[I]: [5],0,5,4,0,64,-250,5179(555.154)[I]: [6],4,73,79,6,0,-369,8195
(555.164)[I]: [5],0,5,4,0,44,-224,5134(555.164)[I]: [6],4,73,79,4,0,-369,8195
(555.174)[I]: [5],0,5,4,0,19,-195,5094(555.174)[I]: [6],5,71,81,4,0,-369,8195
(555.184)[I]: [5],0,5,4,0,-7,-157,5063(555.184)[I]: [6],4,71,83,4,0,-369,8195
(555.194)[I]: [5],0,5,4,0,-34,-109,5043(555.194)[I]: [6],5,71,85,4,0,-370,8195
(555.204)[I]: [5],0,5,4,0,-56,-52,5036(555.204)[I]: [6],6,68,88,4,0,-370,8195
(555.214)[I]: [5],0,5,4,0,-66,15,5039(555.214)[I]: [6],5,66,90,4,0,-370,8195
(555.224)[I]: [5],0,5,4,0,-62,86,5048(555.224)[I]: [6],5,63,89,4,0,-370,8195
(555.234)[I]: [5],0,5,4,0,-43,155,5057(555.234)[I]: [6],5,63,89,4,0,-370,8195
(555.244)[I]: [5],0,5,4,0,-8,214,5061(555.244)[I]: [6],5,61,91,3,0,-369,8195
(555.254)[I]: [5],0,5,4,0,36,259,5060(555.254)[I]: [6],5,59,94,4,0,-370,8195
(555.264)[I]: [5],0,5,4,0,92,291,5059(555.264)[I]: [6],5,59,97,4,0,-370,8195
(555.274)[I]: [5],0,5,4,0,154,313,5063(555.274)[I]: [6],5,57,100,4,0,-370,8195
(555.284)[I]: [5],0,5,4,0,221,322,5077(555.284)[I]: [6],4,54,103,3,0,-371,8195
(555.294)[I]: [5],0,5,4,0,294,311,5098(555.294)[I]: [6],4,52,107,3,0,-371,8195
(555.304)[I]: [5],0,4,4,0,370,281,5124(555.304)[I]: [6],3,50,110,3,0,-371,8195
(555.314)[I]: [5],0,5,4,0,449,235,5151(555.314)[I]: [6],3,47,115,3,0,-370,8195
(555.324)[I]: [5],0,4,4,0,530,185,5182(555.324)[I]: [6],4,47,120,3,0,-368,8193
(555.334)[I]: [5],0,5,4,0,611,138,5216(555.334)[I]: [6],5,47,124,3,0,-368,8193
(555.344)[I]: [5],0,5,4,0,690,98,5255(555.344)[I]: [6],5,47,125,3,0,-368,8193
(555.354)[I]: [5],0,5,4,0,766,67,5299(555.354)[I]: [6],5,47,127,3,0,-368,8193
(555.364)[I]: [5],0,5,4,0,837,44,5346(555.364)[I]: [6],5,47,134,3,0,-368,8193
(555.374)[I]: [5],0,6,4,0,903,28,5391(555.374)[I]: [6],5,48,139,3,0,-369,8193
(555.384)[I]: [5],0,6,4,0,962,16,5434(555.384)[I]: [6],5,48,141,3,0,-369,8193
(555.394)[I]: [5],0,6,4,0,1015,5,5474(555.394)[I]: [6],4,48,145,3,0,-369,8193
(555.404)[I]: [5],0,6,0,0,1061,-4,5513(555.404)[I]: [6],4,47,147,3,0,-369,8193
(555.414)[I]: [5],0,6,0,0,1098,-16,5554(555.414)[I]: [6],3,49,148,3,0,-368,8193
(555.424)[I]: [5],0,5,0,0,1127,-29,5601(555.424)[I]: [6],3,48,149,3,0,-367,8193
(555.434)[I]: [5],0,4,0,0,1148,-42,5654(555.434)[I]: [6],3,48,152,3,0,-366,8193
(555.444)[I]: [5],0,5,0,0,1162,-54,5710(555.444)[I]: [6],3,50,154,3,0,-366,8193
(555.454)[I]: [5],0,5,0,0,1167,-66,5768(555.454)[I]: [6],3,52,154,3,0,-366,8193
(555.464)[I]: [5],0,5,0,0,1164,-74,5826(555.464)[I]: [6],4,53,153,3,0,-366,8193
(555.474)[I]: [5],0,5,0,0,1153,-79,5881(555.474)[I]: [6],4,56,159,3,0,-367,8193
(555.484)[I]: [5],0,5,0,0,1135,-83,5933(555.484)[I]: [6],4,59,162,3,0,-366,8193
(555.494)[I]: [5],0,4,0,0,1111,-88,5982(555.494)[I]: [6],4,59,165,3,0,-366,8193
(555.504)[I]: [5],0,4,0,0,1083,-99,6032(555.504)[I]: [6],5,60,167,3,3,-371,8191
(555.514)[I]: [5],0,3,0,0,1050,-113,6083(555.514)[I]: [6],6,62,168,3,3,-370,8191
(555.524)[I]: [5],0,4,0,0,1013,-127,6139(555.524)[I]: [6],6,63,170,3,3,-369,8191
(555.534)[I]: [5],0,4,0,0,975,-137,6206(555.534)[I]: [6],6,63,168,3,3,-369,8191
(555.544)[I]: [5],0,4,0,0,935,-140,6284(555.544)[I]: [6],7,63,165,3,3,-369,8191
(555.554)[I]: [5],0,3,4,0,891,-141,6373(555.554)[I]: [6],6,67,159,3,3,-368,8191
(555.564)[I]: [5],2,3,8,0,885,-184,6343(555.564)[I]: [6],6,66,154,2,4,-371,8191
(555.574)[I]: [5],3,4,8,0,912,-171,6133(555.574)[I]: [6],6,67,149,3,5,-373,8189
(555.584)[I]: [5],3,4,4,0,941,-164,5979(555.584)[I]: [6],7,68,140,3,8,-380,8180
(555.594)[I]: [5],7,7,8,0,964,-130,5830(555.594)[I]: [6],7,71,137,3,11,-390,8161
(555.604)[I]: [5],5,11,20,0,967,-41,5660(555.604)[I]: [6],8,78,125,2,17,-399,8126
(555.614)[I]: [5],3,16,36,0,962,26,5505(555.614)[I]: [6],9,83,108,2,21,-431,8075
(555.624)[I]: [5],4,23,68,0,958,45,5388(555.625)[I]: [6],10,88,101,2,34,-452,7965
(555.634)[I]: [5],5,25,92,0,956,46,5289(555.634)[I]: [6],13,89,82,2,46,-465,7815
(555.644)[I]: [5],5,28,120,0,953,31,5189(555.645)[I]: [6],18,85,50,2,60,-466,7652
(555.654)[I]: [5],6,31,132,0,947,4,5081(555.654)[I]: [6],18,85,23,2,80,-446,7478
(555.664)[I]: [5],6,34,140,2,940,-134,5050(555.665)[I]: [6],22,79,19,2,102,-409,7288
(555.674)[I]: [5],6,34,148,8,933,-173,4987(555.675)[I]: [6],23,58,8,2,131,-359,7072
(555.684)[I]: [5],7,31,148,17,928,-206,4956(555.685)[I]: [6],26,44,5,2,157,-327,6826
(555.694)[I]: [5],7,30,152,25,923,-208,4941(555.695)[I]: [6],28,36,3,1,189,-299,6546
(555.704)[I]: [5],7,30,156,30,917,-209,4938(555.705)[I]: [6],31,28,5,2,225,-292,6241
(555.714)[I]: [5],7,31,176,31,914,-203,4941(555.715)[I]: [6],50,24,11,2,247,-311,5924
(555.724)[I]: [5],7,30,184,27,911,-193,4947(555.725)[I]: [6],37,15,7,2,264,-360,5616
(555.734)[I]: [5],8,31,188,28,907,-183,4953(555.735)[I]: [6],23,10,6,3,295,-402,5290
(555.744)[I]: [5],7,31,188,22,903,-174,4957(555.745)[I]: [6],9,8,4,3,344,-446,4956
(555.754)[I]: [5],7,30,204,20,896,-168,4958(555.755)[I]: [6],2,9,5,3,397,-567,4687
(555.764)[I]: [5],7,26,204,22,887,-166,4958(555.765)[I]: [6],0,8,6,3,473,-697,4614
(555.774)[I]: [5],7,23,204,20,879,-165,4959(555.775)[I]: [6],0,8,5,3,578,-732,4648
(555.784)[I]: [5],6,19,212,20,870,-166,4960(555.785)[I]: [6],0,9,3,3,692,-774,4703
(555.794)[I]: [5],4,22,216,18,862,-167,4960(555.795)[I]: [6],0,9,4,3,815,-788,4796
(555.804)[I]: [5],3,21,220,17,853,-168,4961(555.805)[I]: [6],0,10,4,3,933,-803,4894
(555.814)[I]: [5],3,19,220,13,849,-161,4962(555.815)[I]: [6],0,9,5,3,1033,-819,4998
(555.824)[I]: [5],2,17,224,12,845,-154,4963(555.825)[I]: [6],0,10,5,3,1112,-841,5107
(555.834)[I]: [5],0,16,228,13,841,-147,4965(555.835)[I]: [6],0,9,5,3,1172,-861,5224
(555.844)[I]: [5],0,15,228,12,833,-145,4965(555.845)[I]: [6],0,9,4,3,1211,-875,5342
(555.854)[I]: [5],0,15,232,12,824,-143,4965(555.855)[I]: [6],0,8,3,3,1237,-874,5463
(555.864)[I]: [5],0,13,236,12,816,-142,4966(555.865)[I]: [6],0,8,3,3,1252,-863,5586
(555.874)[I]: [5],0,14,236,13,808,-141,4966(555.875)[I]: [6],0,8,3,3,1251,-843,5709
(555.884)[I]: [5],0,13,236,12,800,-139,4966(555.885)[I]: [6],0,9,3,3,1239,-818,5828
(555.894)[I]: [5],0,13,236,12,792,-138,4966(555.895)[I]: [6],0,8,4,3,1219,-788,5944
(555.904)[I]: [5],0,13,240,12,784,-137,4967(555.905)[I]: [6],0,9,3,3,1192,-755,6061
(555.914)[I]: [5],0,14,240,12,780,-142,4968(555.915)[I]: [6],0,9,4,3,1157,-714,6183
(555.924)[I]: [5],0,15,236,13,776,-151,4968(555.925)[I]: [6],0,8,3,3,1118,-662,6308
(555.934)[I]: [5],1,17,236,13,771,-161,4968(555.935)[I]: [6],0,9,4,3,1084,-595,6424
(555.944)[I]: [5],3,19,224,13,765,-174,4967(555.945)[I]: [6],0,9,3,3,1060,-515,6517
(555.954)[I]: [5],6,22,208,14,760,-187,4965(555.955)[I]: [6],0,9,3,3,1055,-425,6579
(555.964)[I]: [5],6,25,196,15,756,-200,4963(555.965)[I]: [6],0,8,3,3,1067,-331,6607
(555.974)[I]: [5],9,26,188,15,750,-214,4961(555.975)[I]: [6],0,8,2,3,1092,-231,6608
(555.984)[I]: [5],9,31,180,15,745,-225,4958(555.985)[I]: [6],0,8,2,3,1123,-129,6595
(555.994)[I]: [5],11,31,176,17,740,-234,4956(555.995)[I]: [6],0,8,2,3,1152,-26,6578
(555.999)[I]: [5],12,37,156,17,736,-242,4952(555.999)[I]: [6],0,8,2,3,1171,70,6567
(555.999)[I]: [5],13,41,148,18,731,-249,4950(555.999)[I]: [6],0,8,2,3,1174,157,6562
(556.000)[I]: [5],13,46,140,18,726,-253,4950(556.001)[I]: [6],0,8,2,3,1162,234,6565
(556.010)[I]: [5],12,47,136,17,723,-258,4951(556.011)[I]: [6],0,8,1,3,1135,298,6575
(556.020)[I]: [5],15,50,124,17,719,-264,4953(556.021)[I]: [6],0,8,1,3,1094,345,6591
(556.030)[I]: [5],15,55,112,17,715,-270,4952(556.031)[I]: [6],0,8,1,3,1037,369,6612
(556.040)[I]: [5],17,58,104,17,708,-270,4953(556.041)[I]: [6],0,8,1,3,969,371,6639
(556.050)[I]: [5],17,59,88,17,701,-269,4953(556.051)[I]: [6],0,8,1,3,889,359,6670
(556.060)[I]: [5],18,63,92,17,694,-269,4953(556.061)[I]: [6],0,7,1,3,802,347,6704
(556.070)[I]: [5],18,66,92,17,687,-269,4954(556.071)[I]: [6],0,7,1,3,711,338,6743
(556.080)[I]: [5],20,71,92,15,681,-270,4954(556.081)[I]: [6],0,7,1,3,631,343,6780
(556.090)[I]: [5],20,75,84,15,674,-270,4954(556.091)[I]: [6],0,7,1,3,566,359,6813
(556.100)[I]: [5],22,77,88,13,667,-270,4955(556.101)[I]: [6],0,7,1,3,525,386,6843
(556.110)[I]: [5],23,81,88,13,661,-270,4955(556.111)[I]: [6],0,7,1,3,508,418,6868
(556.120)[I]: [5],25,84,88,15,654,-270,4955(556.121)[I]: [6],0,7,1,3,514,451,6894
(556.130)[I]: [5],26,84,96,13,649,-270,4959(556.131)[I]: [6],0,7,1,3,539,476,6921
(556.140)[I]: [5],28,85,100,11,646,-270,4966(556.141)[I]: [6],0,7,2,3,573,495,6951
(556.150)[I]: [5],34,87,112,9,643,-269,4977(556.151)[I]: [6],0,7,2,3,608,510,6984
(556.160)[I]: [5],36,88,120,7,640,-269,4989(556.161)[I]: [6],0,7,2,3,638,521,7016
(556.170)[I]: [5],39,90,124,7,637,-268,5005(556.171)[I]: [6],0,8,2,3,656,535,7042
(556.180)[I]: [5],47,95,140,6,633,-268,5019(556.181)[I]: [6],0,8,2,3,658,553,7058
(556.190)[I]: [5],51,101,148,6,629,-269,5030(556.191)[I]: [6],0,9,1,3,645,569,7063
(556.200)[I]: [5],53,103,148,7,626,-270,5039(556.201)[I]: [6],0,8,2,3,617,582,7058
(556.210)[I]: [5],55,106,156,7,622,-270,5046(556.211)[I]: [6],0,8,2,3,580,596,7044
(556.220)[I]: [5],57,110,160,6,617,-272,5049(556.221)[I]: [6],0,8,2,3,541,609,7027
(556.230)[I]: [5],58,115,164,6,611,-271,5049(556.231)[I]: [6],0,7,2,3,508,618,7013
(556.240)[I]: [5],63,118,176,6,605,-271,5049(556.241)[I]: [6],0,7,1,3,485,622,7002
(556.250)[I]: [5],67,124,184,5,600,-273,5056(556.251)[I]: [6],0,8,0,3,474,622,6993
(556.260)[I]: [5],78,135,188,5,596,-276,5068(556.261)[I]: [6],0,8,0,3,475,621,6982
(556.270)[I]: [5],92,143,196,4,591,-285,5084(556.271)[I]: [6],0,8,0,3,483,623,6965
(556.280)[I]: [5],103,154,200,3,584,-296,5103(556.281)[I]: [6],0,9,0,3,494,628,6937
(556.290)[I]: [5],112,164,212,1,578,-309,5125(556.291)[I]: [6],0,6,1,3,501,639,6897
(556.300)[I]: [5],125,176,212,0,572,-327,5153(556.301)[I]: [6],0,7,4,3,526,570,6978
(556.310)[I]: [5],131,188,216,0,565,-355,5184(556.311)[I]: [6],0,12,5,3,476,362,7193
(556.320)[I]: [5],148,199,220,0,557,-397,5223(556.321)[I]: [6],0,17,8,3,425,228,7413
(556.330)[I]: [5],155,214,208,0,549,-452,5276(556.331)[I]: [6],0,24,11,3,382,156,7657
(556.340)[I]: [5],165,226,192,0,539,-503,5334(556.341)[I]: [6],0,25,17,3,370,112,7888
(556.350)[I]: [5],169,233,152,0,530,-535,5408(556.351)[I]: [6],0,29,26,2,381,60,8125
(556.360)[I]: [5],171,237,148,0,522,-558,5502(556.361)[I]: [6],0,31,31,2,400,8,8307
(556.370)[I]: [5],174,234,108,0,517,-570,5624(556.371)[I]: [6],0,37,35,2,407,-174,8253
(556.380)[I]: [5],173,230,56,0,513,-570,5787(556.381)[I]: [6],0,48,41,3,392,-247,8250
(556.390)[I]: [5],171,210,44,0,509,-566,5996(556.391)[I]: [6],0,51,44,3,389,-273,8231
(556.400)[I]: [5],163,159,28,0,505,-561,6242(556.401)[I]: [6],0,51,50,3,403,-255,8253
(556.410)[I]: [5],149,111,28,0,499,-575,6533(556.411)[I]: [6],0,56,58,4,398,-256,8256
(556.420)[I]: [5],140,75,32,0,484,-603,6855(556.421)[I]: [6],0,53,67,4,394,-252,8251
(556.430)[I]: [5],127,39,24,0,458,-657,7203(556.431)[I]: [6],1,53,67,5,390,-245,8247
(556.440)[I]: [5],118,28,24,0,425,-741,7567(556.441)[I]: [6],1,53,69,5,385,-237,8243
(556.450)[I]: [5],87,21,20,0,380,-842,7933(556.451)[I]: [6],0,54,70,5,382,-233,8243
(556.460)[I]: [5],62,22,24,0,333,-948,8287(556.461)[I]: [6],0,56,71,5,378,-232,8243
(556.470)[I]: [5],52,10,12,0,289,-1038,8644(556.471)[I]: [6],0,53,72,7,376,-233,8252
(556.480)[I]: [5],31,6,8,0,231,-1110,8978(556.481)[I]: [6],0,52,70,9,377,-238,8263
(556.490)[I]: [5],15,5,12,0,182,-1249,9268(556.491)[I]: [6],0,50,61,12,377,-244,8273
(556.500)[I]: [5],5,5,8,0,154,-1435,9453(556.500)[I]: [6],0,51,59,19,375,-249,8281
(556.510)[I]: [5],0,3,8,0,136,-1546,9519(556.510)[I]: [6],0,49,58,23,373,-252,8284
(556.520)[I]: [5],0,2,4,0,103,-1618,9527(556.520)[I]: [6],0,49,57,25,369,-253,8285
(556.530)[I]: [5],3,3,4,0,75,-1656,9461(556.530)[I]: [6],0,47,57,26,365,-254,8285
(556.540)[I]: [5],4,3,4,0,38,-1632,9333(556.540)[I]: [6],0,46,55,25,362,-254,8285
(556.550)[I]: [5],3,3,4,0,-5,-1594,9180(556.550)[I]: [6],0,46,56,24,358,-254,8285
(556.560)[I]: [5],2,4,4,0,-51,-1560,9018(556.560)[I]: [6],0,45,55,22,354,-253,8285
(556.570)[I]: [5],2,3,4,0,-90,-1546,8849(556.570)[I]: [6],0,46,55,21,351,-253,8286
(556.580)[I]: [5],2,3,4,0,-122,-1547,8675(556.580)[I]: [6],0,44,55,19,347,-253,8286
(556.590)[I]: [5],1,3,4,0,-144,-1553,8499(556.590)[I]: [6],0,43,55,17,344,-254,8286
(556.600)[I]: [5],0,3,4,0,-160,-1555,8322(556.600)[I]: [6],0,42,57,17,341,-254,8286
(556.610)[I]: [5],0,3,4,0,-172,-1545,8141(556.610)[I]: [6],0,42,57,15,337,-255,8286
(556.620)[I]: [5],0,3,4,0,-189,-1517,7959(556.620)[I]: [6],0,40,58,15,334,-256,8287
(556.630)[I]: [5],0,3,4,0,-209,-1473,7776(556.630)[I]: [6],0,41,59,15,330,-256,8287
(556.640)[I]: [5],0,3,4,0,-237,-1413,7596(556.640)[I]: [6],0,40,62,14,327,-257,8287
(556.650)[I]: [5],0,3,0,0,-275,-1349,7417(556.650)[I]: [6],0,38,63,13,324,-255,8287
(556.660)[I]: [5],0,3,4,0,-325,-1283,7248(556.660)[I]: [6],0,37,63,12,321,-254,8287
(556.670)[I]: [5],0,3,4,0,-386,-1216,7090(556.670)[I]: [6],0,38,67,11,317,-254,8287
(556.680)[I]: [5],0,3,4,0,-455,-1150,6947(556.680)[I]: [6],0,39,69,10,314,-255,8287
(556.690)[I]: [5],0,3,4,0,-523,-1084,6818(556.690)[I]: [6],0,42,71,9,311,-256,8288
(556.700)[I]: [5],0,3,0,0,-587,-1021,6704(556.700)[I]: [6],0,42,72,8,308,-256,8288
(556.710)[I]: [5],0,3,0,0,-639,-964,6601(556.710)[I]: [6],0,43,73,8,305,-257,8288
(556.720)[I]: [5],0,3,4,0,-679,-910,6504(556.720)[I]: [6],0,44,75,8,302,-257,8288
(556.730)[I]: [5],0,4,0,0,-703,-855,6409(556.730)[I]: [6],0,45,76,8,299,-257,8288
(556.740)[I]: [5],0,4,0,0,-710,-796,6312(556.740)[I]: [6],0,44,76,8,296,-258,8288
(556.750)[I]: [5],0,3,0,0,-701,-732,6211(556.750)[I]: [6],0,46,74,9,293,-258,8289
(556.760)[I]: [5],0,4,0,0,-681,-654,6107(556.760)[I]: [6],0,48,73,9,290,-258,8289
(556.770)[I]: [5],0,4,0,0,-653,-553,6011(556.770)[I]: [6],0,47,72,10,287,-259,8289
(556.780)[I]: [5],0,4,0,0,-619,-426,5928(556.780)[I]: [6],0,49,69,13,284,-260,8289
(556.790)[I]: [5],0,4,0,0,-581,-293,5860(556.790)[I]: [6],0,50,67,14,281,-260,8289
(556.800)[I]: [5],0,4,0,0,-542,-179,5796(556.800)[I]: [6],0,51,63,15,279,-260,8289
(556.810)[I]: [5],0,4,0,0,-504,-99,5732(556.810)[I]: [6],0,51,61,17,276,-260,8289
(556.820)[I]: [5],0,3,0,0,-466,-55,5668(556.820)[I]: [6],0,51,59,17,273,-260,8290
(556.830)[I]: [5],0,3,0,0,-422,-34,5613(556.830)[I]: [6],0,51,58,15,270,-260,8290
(556.840)[I]: [5],0,3,0,0,-363,-17,5572(556.840)[I]: [6],0,53,58,15,268,-261,8290
(556.850)[I]: [5],0,3,0,0,-284,10,5549(556.850)[I]: [6],0,55,56,15,265,-261,8290
(556.860)[I]: [5],0,4,0,0,-184,51,5541(556.860)[I]: [6],0,57,56,14,262,-262,8290
(556.870)[I]: [5],0,3,0,0,-66,99,5541(556.870)[I]: [6],0,59,56,11,260,-262,8290
(556.880)[I]: [5],0,3,0,0,62,144,5545(556.880)[I]: [6],0,60,55,11,257,-262,8290
(556.890)[I]: [5],0,4,4,0,197,186,5549(556.890)[I]: [6],0,63,53,9,255,-263,8291
(556.900)[I]: [5],0,3,4,0,325,224,5552(556.900)[I]: [6],1,62,52,9,252,-263,8291
(556.910)[I]: [5],0,4,0,0,438,241,5552(556.910)[I]: [6],1,63,50,9,250,-263,8291
(556.920)[I]: [5],0,4,0,0,528,239,5554(556.920)[I]: [6],1,63,49,8,247,-263,8291
(556.930)[I]: [5],0,3,4,0,590,223,5560(556.930)[I]: [6],1,63,49,8,245,-263,8291
(556.940)[I]: [5],0,3,4,0,624,206,5572(556.940)[I]: [6],1,63,47,8,242,-264,8291
(556.950)[I]: [5],0,3,4,0,629,199,5593(556.950)[I]: [6],2,66,44,7,240,-264,8291
(556.960)[I]: [5],0,3,4,0,609,210,5624(556.960)[I]: [6],2,67,44,6,237,-265,8291
(556.970)[I]: [5],0,4,4,0,574,241,5665(556.970)[I]: [6],3,70,44,4,235,-265,8291
(556.980)[I]: [5],0,3,4,0,529,290,5715(556.980)[I]: [6],3,78,48,4,234,-267,8285
(556.990)[I]: [5],0,3,0,0,482,354,5772(556.990)[I]: [6],3,82,50,5,234,-270,8279
(556.999)[I]: [5],0,3,4,0,440,432,5834(556.999)[I]: [6],3,90,51,5,234,-273,8273
(556.999)[I]: [5],0,3,4,0,405,517,5902(556.999)[I]: [6],3,93,51,4,234,-276,8267
(556.999)[I]: [5],0,3,4,0,377,603,5977(556.999)[I]: [6],4,98,52,5,233,-277,8264
(557.006)[I]: [5],0,3,0,0,353,678,6061(557.006)[I]: [6],7,102,56,5,232,-280,8258
(557.016)[I]: [5],0,3,4,0,335,734,6156(557.016)[I]: [6],5,104,59,4,233,-285,8250
(557.026)[I]: [5],0,3,4,0,326,770,6258(557.026)[I]: [6],6,113,63,4,231,-289,8244
(557.036)[I]: [5],0,4,4,0,334,787,6368(557.036)[I]: [6],7,120,69,3,231,-293,8238
(557.046)[I]: [5],0,3,12,0,360,783,6480(557.046)[I]: [6],8,127,63,3,232,-296,8231
(557.056)[I]: [5],2,3,20,0,407,617,6409(557.056)[I]: [6],12,141,76,3,231,-302,8221
(557.066)[I]: [5],2,3,24,0,517,314,6204(557.066)[I]: [6],13,148,73,3,231,-310,8211
(557.076)[I]: [5],3,9,24,0,644,126,5951(557.076)[I]: [6],13,152,76,3,230,-318,8203
(557.086)[I]: [5],3,15,36,0,692,88,5674(557.086)[I]: [6],15,173,76,3,230,-327,8193
(557.096)[I]: [5],0,24,72,0,645,100,5497(557.096)[I]: [6],18,183,71,2,231,-353,8176
(557.106)[I]: [5],0,27,100,0,619,55,5326(557.106)[I]: [6],17,198,66,2,233,-417,8131
(557.116)[I]: [5],3,30,140,0,622,-44,5221(557.117)[I]: [6],15,220,53,2,233,-503,8051
(557.126)[I]: [5],4,37,148,0,615,-182,5250(557.127)[I]: [6],17,228,34,2,245,-531,7942
(557.136)[I]: [5],8,40,152,1,606,-232,5229(557.137)[I]: [6],20,227,18,2,260,-542,7776
(557.146)[I]: [5],7,36,140,4,602,-313,5209(557.147)[I]: [6],20,198,6,2,279,-559,7565
(557.156)[I]: [5],7,38,152,8,601,-321,5196(557.157)[I]: [6],23,168,1,2,296,-578,7315
(557.166)[I]: [5],6,39,160,9,600,-313,5188(557.167)[I]: [6],21,119,1,2,313,-585,7018
(557.176)[I]: [5],7,37,152,9,599,-298,5184(557.177)[I]: [6],27,87,1,2,354,-597,6688
(557.186)[I]: [5],7,40,156,13,598,-282,5181(557.187)[I]: [6],35,60,3,2,415,-638,6349
(557.196)[I]: [5],8,44,152,17,597,-272,5175(557.197)[I]: [6],50,39,2,2,459,-728,5996
(557.206)[I]: [5],6,39,140,18,595,-267,5165(557.207)[I]: [6],50,31,4,2,497,-822,5629
(557.216)[I]: [5],7,39,140,25,592,-270,5156(557.217)[I]: [6],51,24,2,2,552,-908,5284
(557.226)[I]: [5],7,41,136,30,588,-275,5147(557.227)[I]: [6],37,15,3,2,619,-1007,4925
(557.236)[I]: [5],6,39,124,40,584,-283,5139(557.237)[I]: [6],14,13,3,2,696,-1152,4604
(557.246)[I]: [5],6,39,124,53,580,-289,5132(557.247)[I]: [6],1,11,1,2,749,-1374,4462
(557.256)[I]: [5],6,38,124,60,577,-293,5128(557.257)[I]: [6],0,11,1,2,793,-1447,4446
(557.266)[I]: [5],7,39,116,57,573,-299,5125(557.267)[I]: [6],0,13,3,3,833,-1500,4478
(557.276)[I]: [5],8,38,108,57,568,-299,5126(557.277)[I]: [6],0,10,2,3,883,-1507,4537
(557.286)[I]: [5],9,37,100,52,562,-298,5126(557.287)[I]: [6],0,10,2,2,931,-1445,4649
(557.296)[I]: [5],9,35,100,55,557,-297,5126(557.297)[I]: [6],0,10,2,2,971,-1364,4786
(557.306)[I]: [5],11,34,100,50,551,-297,5126(557.307)[I]: [6],0,10,2,2,991,-1276,4950
(557.316)[I]: [5],12,36,100,45,546,-297,5126(557.317)[I]: [6],0,10,2,2,991,-1202,5125
(557.326)[I]: [5],12,40,96,38,540,-297,5127(557.327)[I]: [6],0,10,2,2,973,-1136,5302
(557.336)[I]: [5],11,40,96,33,535,-297,5127(557.337)[I]: [6],0,11,2,2,935,-1078,5471
(557.346)[I]: [5],12,40,96,28,529,-297,5127(557.347)[I]: [6],0,11,2,2,882,-1021,5634
(557.356)[I]: [5],12,42,100,24,524,-297,5127(557.357)[I]: [6],0,11,3,2,820,-959,5785
(557.366)[I]: [5],13,43,104,22,519,-298,5128(557.367)[I]: [6],0,11,2,2,758,-886,5923
(557.376)[I]: [5],13,44,108,20,514,-298,5128(557.377)[I]: [6],0,11,1,2,704,-803,6038
(557.386)[I]: [5],13,47,112,19,509,-298,5128(557.387)[I]: [6],0,11,0,2,669,-710,6120
(557.396)[I]: [5],15,48,112,19,504,-296,5128(557.397)[I]: [6],0,10,0,2,658,-618,6164
(557.406)[I]: [5],14,49,112,16,499,-295,5128(557.407)[I]: [6],0,9,1,2,669,-533,6175
(557.416)[I]: [5],17,52,108,16,495,-300,5130(557.417)[I]: [6],0,9,0,2,700,-457,6163
(557.426)[I]: [5],15,56,108,15,491,-308,5132(557.427)[I]: [6],0,10,0,2,739,-388,6143
(557.436)[I]: [5],16,59,108,14,487,-315,5132(557.437)[I]: [6],0,10,0,2,775,-320,6127
(557.446)[I]: [5],17,63,104,13,483,-322,5134(557.447)[I]: [6],0,9,1,2,796,-246,6121
(557.456)[I]: [5],19,68,96,13,480,-329,5136(557.457)[I]: [6],0,9,1,2,793,-168,6129
(557.466)[I]: [5],20,69,100,12,475,-333,5137(557.467)[I]: [6],0,8,1,2,766,-77,6153
(557.476)[I]: [5],25,71,96,12,471,-335,5137(557.477)[I]: [6],0,8,0,2,721,15,6194
(557.486)[I]: [5],24,76,92,13,466,-335,5137(557.487)[I]: [6],0,9,0,2,654,101,6247
(557.496)[I]: [5],26,79,100,10,461,-335,5138(557.497)[I]: [6],0,9,0,2,573,176,6309
(557.506)[I]: [5],28,79,100,11,457,-335,5138(557.507)[I]: [6],0,9,0,2,482,228,6378
(557.516)[I]: [5],30,78,100,10,452,-336,5138(557.517)[I]: [6],0,9,0,2,386,246,6454
(557.526)[I]: [5],30,80,100,10,449,-336,5141(557.527)[I]: [6],0,10,0,2,289,236,6536
(557.536)[I]: [5],29,81,100,9,444,-336,5142(557.537)[I]: [6],0,9,1,2,200,203,6623
(557.546)[I]: [5],28,81,100,7,440,-336,5142(557.547)[I]: [6],0,9,2,2,123,161,6708
(557.556)[I]: [5],30,82,96,8,436,-336,5142(557.557)[I]: [6],0,11,1,2,65,124,6781
(557.566)[I]: [5],29,79,92,7,431,-336,5142(557.567)[I]: [6],0,10,2,2,28,104,6845
(557.576)[I]: [5],30,80,92,8,427,-335,5142(557.577)[I]: [6],0,11,2,2,11,96,6902
(557.586)[I]: [5],31,80,96,8,423,-335,5142(557.587)[I]: [6],0,11,2,2,8,91,6958
(557.596)[I]: [5],31,82,96,8,419,-335,5143(557.597)[I]: [6],0,11,1,2,13,84,7012
(557.606)[I]: [5],31,81,96,8,416,-337,5140(557.607)[I]: [6],0,11,2,2,19,83,7065
(557.616)[I]: [5],31,79,96,10,414,-331,5131(557.617)[I]: [6],0,12,2,2,19,98,7115
(557.626)[I]: [5],30,78,100,11,413,-328,5122(557.627)[I]: [6],0,12,1,2,13,133,7157
(557.636)[I]: [5],30,79,108,13,411,-327,5119(557.637)[I]: [6],0,12,1,2,0,184,7188
(557.646)[I]: [5],31,80,112,14,406,-327,5119(557.647)[I]: [6],0,12,2,2,-19,241,7211
(557.656)[I]: [5],31,81,124,13,404,-325,5123(557.657)[I]: [6],0,11,2,2,-37,293,7232
(557.666)[I]: [5],31,84,124,13,402,-323,5129(557.667)[I]: [6],0,11,2,2,-50,330,7257
(557.676)[I]: [5],34,88,124,13,400,-319,5133(557.677)[I]: [6],0,12,2,2,-53,355,7290
(557.686)[I]: [5],38,90,140,13,398,-316,5139(557.687)[I]: [6],0,11,2,2,-45,369,7328
(557.696)[I]: [5],41,94,152,11,397,-316,5146(557.697)[I]: [6],0,11,1,2,-26,377,7364
(557.706)[I]: [5],47,101,156,10,395,-316,5153(557.707)[I]: [6],0,11,1,2,1,381,7390
(557.716)[I]: [5],50,109,164,8,392,-318,5159(557.717)[I]: [6],0,11,1,2,34,386,7401
(557.726)[I]: [5],56,114,172,7,389,-319,5162(557.727)[I]: [6],0,11,1,2,73,393,7393
(557.736)[I]: [5],57,125,176,8,386,-318,5169(557.737)[I]: [6],0,11,1,2,112,404,7367
(557.746)[I]: [5],60,132,188,9,383,-316,5178(557.747)[I]: [6],0,11,1,2,149,421,7330
(557.756)[I]: [5],65,139,192,7,380,-315,5192(557.757)[I]: [6],0,10,1,2,182,442,7287
(557.766)[I]: [5],70,148,196,6,377,-313,5208(557.767)[I]: [6],0,10,1,2,206,462,7243
(557.776)[I]: [5],82,155,204,5,373,-314,5226(557.777)[I]: [6],0,9,2,2,220,477,7206
(557.786)[I]: [5],90,165,208,4,370,-316,5250(557.787)[I]: [6],0,9,2,2,223,490,7182
(557.796)[I]: [5],98,176,216,3,367,-321,5281(557.797)[I]: [6],0,6,2,2,213,488,7173
(557.806)[I]: [5],107,188,220,0,363,-330,5322(557.807)[I]: [6],0,6,2,1,167,337,7360
(557.816)[I]: [5],117,201,212,0,359,-347,5366(557.817)[I]: [6],0,12,4,2,94,161,7568
(557.826)[I]: [5],127,213,212,0,354,-368,5419(557.827)[I]: [6],0,18,9,2,24,51,7767
(557.836)[I]: [5],141,220,212,0,348,-378,5490(557.837)[I]: [6],0,21,13,2,-17,-3,7949
(557.846)[I]: [5],147,227,196,0,340,-381,5585(557.847)[I]: [6],0,28,24,1,-12,-29,8124
(557.856)[I]: [5],152,228,140,0,333,-378,5711(557.857)[I]: [6],0,27,29,1,7,-81,8273
(557.866)[I]: [5],152,228,92,0,331,-376,5871(557.867)[I]: [6],0,34,31,2,4,-299,8234
(557.876)[I]: [5],151,214,60,0,328,-370,6072(557.877)[I]: [6],0,41,38,2,4,-291,8200
(557.886)[I]: [5],157,170,44,0,328,-362,6312(557.887)[I]: [6],0,40,40,4,10,-318,8187
(557.896)[I]: [5],158,124,44,0,329,-361,6582(557.897)[I]: [6],0,44,43,6,20,-308,8210
(557.906)[I]: [5],152,110,32,0,321,-375,6887(557.907)[I]: [6],0,44,39,8,19,-310,8217
(557.916)[I]: [5],145,63,40,0,305,-415,7223(557.917)[I]: [6],0,44,42,10,19,-312,8217
(557.926)[I]: [5],127,45,36,0,282,-488,7578(557.927)[I]: [6],0,45,39,11,19,-312,8217
(557.936)[I]: [5],106,28,32,0,258,-582,7953(557.937)[I]: [6],0,42,39,15,20,-310,8219
(557.946)[I]: [5],71,21,16,0,224,-665,8337(557.947)[I]: [6],0,43,41,17,19,-309,8219
(557.956)[I]: [5],49,20,8,0,171,-730,8728(557.957)[I]: [6],0,40,36,20,19,-307,8219
(557.966)[I]: [5],29,10,8,0,111,-803,9118(557.967)[I]: [6],0,39,36,26,19,-306,8219
(557.976)[I]: [5],8,7,8,0,39,-879,9514(557.976)[I]: [6],0,44,35,28,19,-309,8219
(557.986)[I]: [5],1,5,12,2,-26,-1060,9790(557.987)[I]: [6],0,47,30,28,19,-308,8219
(557.996)[I]: [5],0,3,8,2,-96,-1195,9868(557.996)[I]: [6],0,48,31,28,18,-308,8219
(557.999)[I]: [5],0,3,8,1,-166,-1304,9849(557.999)[I]: [6],1,55,31,26,18,-309,8219
(557.999)[I]: [5],0,3,4,2,-220,-1390,9711(557.999)[I]: [6],1,57,29,24,18,-310,8219
(558.002)[I]: [5],0,3,4,0,-281,-1403,9485(558.002)[I]: [6],1,62,28,22,18,-311,8219
(558.012)[I]: [5],3,3,4,0,-361,-1379,9237(558.012)[I]: [6],1,67,26,20,18,-311,8219
(558.022)[I]: [5],1,2,4,0,-449,-1347,9009(558.022)[I]: [6],2,67,25,19,18,-312,8219
(558.032)[I]: [5],0,3,4,0,-536,-1331,8811(558.032)[I]: [6],2,73,26,16,18,-313,8217
(558.042)[I]: [5],0,2,4,0,-612,-1323,8633(558.042)[I]: [6],1,81,26,12,19,-317,8211
(558.052)[I]: [5],0,3,4,0,-672,-1324,8466(558.052)[I]: [6],1,84,24,9,18,-320,8208
(558.062)[I]: [5],0,3,4,0,-715,-1320,8312(558.062)[I]: [6],1,95,25,8,18,-321,8204
(558.072)[I]: [5],0,2,4,0,-742,-1315,8163(558.072)[I]: [6],2,96,25,8,23,-324,8199
(558.082)[I]: [5],0,2,4,0,-757,-1296,8012(558.082)[I]: [6],2,92,23,7,23,-326,8196
(558.092)[I]: [5],0,3,8,0,-761,-1269,7856(558.092)[I]: [6],3,101,27,6,24,-327,8190
(558.102)[I]: [5],0,2,4,0,-768,-1224,7696(558.102)[I]: [6],3,107,25,5,24,-330,8184
(558.112)[I]: [5],0,2,4,0,-781,-1169,7530(558.112)[I]: [6],4,112,24,5,24,-333,8179
(558.122)[I]: [5],0,2,0,0,-805,-1103,7359(558.122)[I]: [6],6,116,23,5,25,-334,8176
(558.132)[I]: [5],0,2,0,0,-841,-1029,7191(558.132)[I]: [6],6,117,25,5,24,-335,8176
(558.142)[I]: [5],0,2,0,0,-883,-944,7037(558.142)[I]: [6],6,118,26,4,24,-336,8176
(558.152)[I]: [5],0,3,4,0,-929,-852,6905(558.152)[I]: [6],6,123,27,4,24,-336,8176
(558.162)[I]: [5],0,3,4,0,-979,-755,6797(558.162)[I]: [6],7,127,28,4,24,-337,8176
(558.172)[I]: [5],0,3,0,0,-1034,-659,6712(558.172)[I]: [6],7,131,28,4,23,-338,8176
(558.182)[I]: [5],0,3,0,0,-1091,-566,6643(558.182)[I]: [6],7,133,27,4,23,-339,8176
(558.192)[I]: [5],0,3,0,0,-1143,-474,6590(558.192)[I]: [6],7,135,27,4,23,-339,8176
(558.202)[I]: [5],0,3,0,0,-1184,-369,6558(558.202)[I]: [6],7,134,27,5,23,-337,8176
(558.212)[I]: [5],0,3,0,0,-1210,-249,6541(558.212)[I]: [6],7,132,27,4,22,-336,8176
(558.222)[I]: [5],0,3,0,0,-1220,-126,6531(558.222)[I]: [6],7,134,28,5,22,-337,8176
(558.232)[I]: [5],0,3,0,0,-1211,-14,6518(558.232)[I]: [6],7,136,26,5,22,-337,8176
(558.242)[I]: [5],0,4,4,0,-1178,84,6499(558.242)[I]: [6],6,139,27,5,22,-337,8176
(558.252)[I]: [5],0,5,4,0,-1120,181,6476(558.252)[I]: [6],7,142,30,4,22,-338,8176
(558.262)[I]: [5],0,6,4,0,-1034,271,6451(558.262)[I]: [6],7,145,31,4,21,-339,8176
(558.272)[I]: [5],0,6,4,0,-916,341,6434(558.272)[I]: [6],7,148,31,4,21,-340,8176
(558.282)[I]: [5],0,6,4,0,-768,387,6433(558.282)[I]: [6],7,147,35,3,21,-340,8176
(558.292)[I]: [5],0,5,4,0,-589,411,6449(558.292)[I]: [6],7,149,34,3,21,-340,8176
(558.302)[I]: [5],0,5,4,0,-386,412,6479(558.302)[I]: [6],7,147,34,4,20,-339,8176
(558.312)[I]: [5],0,5,0,0,-168,394,6513(558.312)[I]: [6],7,147,34,4,20,-340,8176
(558.322)[I]: [5],0,4,0,0,53,361,6541(558.322)[I]: [6],6,141,34,4,20,-341,8176
(558.332)[I]: [5],0,4,0,0,265,319,6558(558.332)[I]: [6],7,137,35,5,20,-341,8176
(558.342)[I]: [5],0,4,0,0,453,272,6568(558.342)[I]: [6],6,136,31,4,20,-341,8176
(558.352)[I]: [5],0,4,0,0,605,233,6576(558.352)[I]: [6],7,142,31,5,19,-340,8176
(558.362)[I]: [5],0,4,0,0,709,205,6583(558.362)[I]: [6],7,147,35,5,17,-345,8174
(558.372)[I]: [5],0,3,0,0,761,187,6589(558.372)[I]: [6],7,156,34,5,21,-348,8174
(558.382)[I]: [5],0,3,0,0,762,177,6597(558.382)[I]: [6],9,167,37,4,21,-352,8171
(558.392)[I]: [5],0,3,0,0,722,177,6609(558.392)[I]: [6],9,177,40,4,22,-355,8163
(558.402)[I]: [5],0,3,0,0,653,187,6625(558.402)[I]: [6],13,185,44,3,22,-356,8161
(558.412)[I]: [5],0,3,0,0,568,209,6647(558.412)[I]: [6],17,194,48,3,22,-356,8157
(558.422)[I]: [5],0,3,0,0,478,241,6679(558.422)[I]: [6],16,205,53,3,23,-357,8151
(558.432)[I]: [5],0,3,0,0,393,284,6725(558.432)[I]: [6],16,214,55,3,23,-362,8142
(558.442)[I]: [5],0,3,0,0,319,334,6784(558.442)[I]: [6],15,231,51,3,25,-369,8132
(558.452)[I]: [5],0,3,0,0,258,387,6855(558.452)[I]: [6],18,245,51,3,27,-384,8122
(558.462)[I]: [5],0,4,4,0,211,435,6934(558.462)[I]: [6],18,256,58,3,31,-413,8108
(558.472)[I]: [5],2,3,8,0,164,385,6912(558.472)[I]: [6],21,270,62,3,34,-445,8094
(558.482)[I]: [5],3,4,8,0,185,225,6670(558.482)[I]: [6],24,284,59,3,37,-476,8079
(558.492)[I]: [5],5,7,8,0,202,167,6405(558.492)[I]: [6],26,293,61,3,41,-508,8062
(558.502)[I]: [5],9,12,8,0,212,134,6186(558.502)[I]: [6],26,298,58,3,44,-547,8036
(558.512)[I]: [5],8,20,16,0,195,131,5924(558.513)[I]: [6],29,310,56,2,49,-592,7995
(558.522)[I]: [5],4,25,52,0,168,138,5686(558.523)[I]: [6],27,321,51,2,51,-642,7941
(558.532)[I]: [5],6,35,60,0,158,111,5546(558.533)[I]: [6],27,323,39,2,61,-650,7860
(558.542)[I]: [5],12,45,72,0,160,52,5453(558.543)[I]: [6],27,316,31,2,72,-656,7740
(558.552)[I]: [5],14,56,100,0,159,2,5401(558.553)[I]: [6],27,304,15,2,88,-656,7577
(558.562)[I]: [5],17,61,96,0,158,-55,5348(558.563)[I]: [6],30,258,8,2,112,-658,7368
(558.572)[I]: [5],19,67,108,0,156,-115,5278(558.573)[I]: [6],31,190,1,2,126,-678,7124
(558.582)[I]: [5],22,62,120,0,153,-157,5234(558.583)[I]: [6],31,147,2,2,154,-685,6828
(558.592)[I]: [5],29,70,116,4,151,-191,5226(558.593)[I]: [6],38,92,2,2,206,-708,6509
(558.602)[I]: [5],35,67,112,7,150,-196,5207(558.603)[I]: [6],49,58,3,2,274,-751,6183
(558.612)[I]: [5],35,75,120,8,149,-193,5199(558.613)[I]: [6],58,36,4,2,329,-830,5848
(558.622)[I]: [5],44,79,120,10,148,-197,5196(558.623)[I]: [6],59,26,3,2,375,-929,5504
(558.632)[I]: [5],47,86,124,14,147,-198,5196(558.633)[I]: [6],47,17,1,2,432,-1039,5188
(558.642)[I]: [5],49,85,136,17,145,-198,5196(558.643)[I]: [6],20,17,3,2,475,-1171,4867
(558.652)[I]: [5],51,82,124,17,144,-197,5196(558.653)[I]: [6],7,15,1,3,534,-1314,4535
(558.662)[I]: [5],57,85,124,17,142,-197,5196(558.663)[I]: [6],0,13,2,2,568,-1556,4328
(558.672)[I]: [5],54,90,124,16,141,-195,5196(558.673)[I]: [6],0,12,5,3,598,-1653,4316
(558.682)[I]: [5],51,90,120,16,139,-194,5196(558.683)[I]: [6],0,14,5,3,630,-1687,4367
(558.692)[I]: [5],49,93,112,17,138,-198,5192(558.693)[I]: [6],0,12,3,3,667,-1638,4475
(558.702)[I]: [5],44,95,112,16,137,-200,5190(558.703)[I]: [6],0,12,3,2,733,-1507,4611
(558.712)[I]: [5],40,94,104,16,135,-203,5189(558.713)[I]: [6],0,11,3,3,796,-1366,4749
(558.722)[I]: [5],37,93,88,15,134,-204,5189(558.723)[I]: [6],0,12,3,3,846,-1232,4909
(558.732)[I]: [5],35,94,84,13,133,-204,5189(558.733)[I]: [6],0,10,3,2,874,-1127,5102
(558.742)[I]: [5],30,94,80,13,131,-205,5189(558.743)[I]: [6],0,10,2,2,861,-1054,5321
(558.752)[I]: [5],30,95,76,12,130,-205,5189(558.753)[I]: [6],0,10,3,2,827,-1001,5553
(558.762)[I]: [5],27,98,68,11,129,-205,5189(558.763)[I]: [6],0,10,3,2,778,-958,5779
(558.772)[I]: [5],25,101,64,11,128,-205,5189(558.773)[I]: [6],0,10,3,2,728,-912,5985
(558.782)[I]: [5],25,104,60,10,126,-208,5188(558.783)[I]: [6],0,10,4,2,686,-855,6158
(558.792)[I]: [5],27,107,56,11,124,-215,5187(558.793)[I]: [6],0,10,3,2,659,-784,6293
(558.802)[I]: [5],25,111,60,10,122,-220,5185(558.803)[I]: [6],0,10,2,2,653,-699,6382
(558.812)[I]: [5],28,114,60,10,121,-222,5186(558.813)[I]: [6],0,10,2,2,671,-605,6421
(558.822)[I]: [5],28,120,60,11,120,-223,5186(558.823)[I]: [6],0,11,1,2,711,-506,6417
(558.832)[I]: [5],29,124,56,10,118,-223,5186(558.833)[I]: [6],0,10,2,2,763,-404,6385
(558.842)[I]: [5],29,126,56,10,117,-223,5186(558.843)[I]: [6],0,11,1,2,812,-300,6347
(558.852)[I]: [5],30,127,60,10,116,-223,5186(558.853)[I]: [6],0,10,1,2,848,-193,6314
(558.862)[I]: [5],28,130,56,9,115,-224,5186(558.863)[I]: [6],0,9,1,2,861,-80,6289
(558.872)[I]: [5],29,131,52,9,114,-224,5186(558.873)[I]: [6],0,11,1,2,847,36,6275
(558.882)[I]: [5],31,132,48,9,113,-224,5186(558.883)[I]: [6],0,10,0,2,807,153,6274
(558.892)[I]: [5],31,134,44,9,111,-227,5186(558.893)[I]: [6],0,10,0,2,739,255,6288
(558.902)[I]: [5],30,134,44,8,110,-228,5186(558.903)[I]: [6],0,10,0,2,642,334,6322
(558.912)[I]: [5],31,132,44,9,109,-230,5186(558.913)[I]: [6],0,10,0,2,523,386,6374
(558.922)[I]: [5],30,132,44,9,108,-232,5186(558.923)[I]: [6],0,10,0,2,388,414,6438
(558.932)[I]: [5],30,132,48,10,107,-233,5186(558.933)[I]: [6],0,10,0,2,252,424,6501
(558.942)[I]: [5],30,133,44,9,106,-234,5186(558.943)[I]: [6],0,11,0,2,132,419,6552
(558.952)[I]: [5],30,135,44,10,105,-235,5186(558.953)[I]: [6],0,10,0,2,37,397,6583
(558.962)[I]: [5],31,136,48,10,104,-233,5186(558.963)[I]: [6],0,10,1,2,-21,371,6598
(558.972)[I]: [5],37,137,56,9,103,-234,5186(558.973)[I]: [6],0,10,1,2,-48,347,6607
(558.982)[I]: [5],40,143,60,9,102,-234,5186(558.983)[I]: [6],0,10,1,2,-47,323,6625
(558.992)[I]: [5],43,147,60,9,100,-236,5189(558.993)[I]: [6],0,13,1,2,-32,300,6659
(558.999)[I]: [5],47,151,60,8,99,-236,5193(558.999)[I]: [6],0,13,1,2,-13,281,6707
(558.999)[I]: [5],53,158,64,8,98,-237,5193(558.999)[I]: [6],0,12,2,2,3,272,6759
(558.999)[I]: [5],61,165,68,9,97,-238,5193(558.999)[I]: [6],0,13,2,2,14,279,6803
(559.008)[I]: [5],63,172,68,9,96,-239,5193(559.009)[I]: [6],0,14,1,2,16,305,6829
(559.018)[I]: [5],63,178,72,9,95,-239,5193(559.019)[I]: [6],0,14,1,2,13,346,6827
(559.028)[I]: [5],63,182,76,10,94,-239,5193(559.029)[I]: [6],0,13,1,2,8,395,6804
(559.038)[I]: [5],66,185,76,8,93,-240,5193(559.039)[I]: [6],0,12,1,2,8,444,6764
(559.048)[I]: [5],70,192,88,7,93,-238,5198(559.049)[I]: [6],0,12,1,2,15,484,6717
(559.058)[I]: [5],74,199,88,8,91,-241,5207(559.059)[I]: [6],0,12,1,2,31,511,6668
(559.068)[I]: [5],83,208,92,6,89,-249,5223(559.069)[I]: [6],0,11,1,2,59,530,6616
(559.078)[I]: [5],91,215,96,5,87,-257,5238(559.079)[I]: [6],0,12,1,2,99,546,6564
(559.088)[I]: [5],94,225,104,5,84,-268,5251(559.089)[I]: [6],0,12,1,2,146,560,6513
(559.098)[I]: [5],103,235,108,5,82,-278,5260(559.099)[I]: [6],0,11,1,2,194,572,6463
(559.108)[I]: [5],111,245,104,4,80,-286,5272(559.109)[I]: [6],0,12,0,2,217,569,6416
(559.118)[I]: [5],105,259,108,4,77,-299,5290(559.119)[I]: [6],1,12,1,2,214,552,6445
(559.128)[I]: [5],112,271,116,2,73,-324,5316(559.129)[I]: [6],3,13,1,2,165,469,6656
(559.138)[I]: [5],121,290,112,1,66,-365,5355(559.139)[I]: [6],2,17,2,2,103,375,6879
(559.148)[I]: [5],127,310,100,1,59,-431,5412(559.149)[I]: [6],0,25,3,2,58,334,7115
(559.158)[I]: [5],133,330,80,0,53,-502,5481(559.159)[I]: [6],1,31,7,2,43,343,7376
(559.168)[I]: [5],138,343,60,0,46,-548,5567(559.169)[I]: [6],0,38,25,2,39,358,7635
(559.178)[I]: [5],145,355,36,0,38,-584,5683(559.179)[I]: [6],0,43,48,1,63,371,7890
(559.188)[I]: [5],146,347,16,0,33,-608,5838(559.189)[I]: [6],0,52,60,1,56,330,8047
(559.198)[I]: [5],145,312,12,0,23,-615,6038(559.199)[I]: [6],0,50,71,1,53,261,8123
(559.208)[I]: [5],138,243,8,0,8,-635,6277(559.209)[I]: [6],0,61,74,2,54,191,8176
(559.218)[I]: [5],127,188,4,0,-5,-675,6557(559.219)[I]: [6],1,63,85,2,52,10,8191
(559.228)[I]: [5],115,124,8,0,-26,-732,6872(559.229)[I]: [6],1,72,90,3,68,-78,8245
(559.238)[I]: [5],107,85,12,0,-52,-811,7211(559.239)[I]: [6],2,78,101,6,69,-92,8249
(559.248)[I]: [5],79,58,12,0,-79,-891,7555(559.249)[I]: [6],2,86,103,7,66,-97,8261
(559.258)[I]: [5],50,37,8,0,-116,-967,7911(559.259)[I]: [6],1,82,105,7,65,-103,8261
(559.268)[I]: [5],34,25,4,0,-161,-1035,8264(559.269)[I]: [6],0,70,102,7,64,-97,8267
(559.278)[I]: [5],17,12,4,0,-216,-1092,8612(559.279)[I]: [6],0,63,103,8,61,-87,8273
(559.288)[I]: [5],7,9,8,0,-278,-1178,8961(559.288)[I]: [6],0,59,97,8,60,-81,8281
(559.298)[I]: [5],1,7,8,1,-319,-1314,9189(559.299)[I]: [6],0,55,92,8,60,-77,8284
(559.308)[I]: [5],0,5,0,0,-356,-1412,9262(559.308)[I]: [6],0,55,91,9,59,-76,8284
(559.318)[I]: [5],0,5,0,1,-377,-1544,9253(559.318)[I]: [6],0,55,88,10,59,-76,8284
(559.328)[I]: [5],0,5,0,0,-387,-1633,9168(559.328)[I]: [6],0,52,91,10,58,-78,8284
(559.338)[I]: [5],2,5,0,1,-419,-1634,9039(559.338)[I]: [6],0,54,93,10,60,-82,8284
(559.348)[I]: [5],1,6,0,1,-465,-1590,8897(559.348)[I]: [6],0,53,94,9,59,-87,8284
(559.358)[I]: [5],1,5,0,0,-519,-1522,8755(559.358)[I]: [6],0,52,96,10,58,-87,8284
(559.368)[I]: [5],0,4,0,0,-574,-1460,8604(559.368)[I]: [6],0,49,98,9,58,-89,8284
(559.378)[I]: [5],0,4,0,0,-623,-1415,8446(559.378)[I]: [6],0,47,99,10,57,-89,8284
(559.388)[I]: [5],0,5,0,0,-665,-1385,8286(559.388)[I]: [6],0,47,100,7,57,-89,8284
(559.398)[I]: [5],0,6,0,0,-699,-1361,8130(559.398)[I]: [6],0,44,101,7,56,-89,8284
(559.408)[I]: [5],0,6,0,0,-729,-1333,7979(559.408)[I]: [6],0,43,102,6,56,-89,8284
(559.418)[I]: [5],0,6,0,0,-760,-1289,7829(559.418)[I]: [6],0,43,103,6,55,-90,8284
(559.428)[I]: [5],0,4,0,0,-795,-1232,7682(559.428)[I]: [6],0,42,103,6,54,-90,8284
(559.438)[I]: [5],0,3,0,0,-835,-1163,7534(559.438)[I]: [6],0,41,103,6,54,-91,8284
(559.448)[I]: [5],0,4,0,0,-880,-1083,7390(559.448)[I]: [6],0,41,102,6,53,-92,8284
(559.458)[I]: [5],0,3,0,0,-927,-996,7252(559.458)[I]: [6],0,41,102,6,53,-93,8284
(559.468)[I]: [5],0,3,0,0,-975,-903,7124(559.468)[I]: [6],0,42,102,6,52,-93,8284
(559.478)[I]: [5],0,3,0,0,-1020,-808,7011(559.478)[I]: [6],0,43,103,6,52,-94,8284
(559.488)[I]: [5],0,5,0,0,-1062,-715,6914(559.488)[I]: [6],0,47,105,6,51,-94,8284
(559.498)[I]: [5],0,3,0,0,-1095,-627,6835(559.498)[I]: [6],0,47,107,6,51,-95,8284
(559.508)[I]: [5],0,4,0,0,-1115,-542,6769(559.508)[I]: [6],0,48,105,6,50,-96,8284
(559.518)[I]: [5],0,3,4,0,-1120,-456,6720(559.518)[I]: [6],0,49,107,6,50,-97,8284
(559.528)[I]: [5],0,3,4,0,-1100,-355,6697(559.528)[I]: [6],0,48,107,5,49,-99,8284
(559.538)[I]: [5],0,3,4,0,-1050,-232,6705(559.538)[I]: [6],0,50,107,5,49,-99,8284
(559.548)[I]: [5],0,3,4,0,-964,-89,6740(559.548)[I]: [6],0,50,105,5,48,-101,8284
(559.558)[I]: [5],0,3,0,0,-843,72,6790(559.558)[I]: [6],0,51,103,5,48,-101,8284
(559.568)[I]: [5],0,2,0,0,-693,244,6829(559.568)[I]: [6],0,51,101,5,47,-102,8284
(559.578)[I]: [5],0,3,0,0,-524,402,6841(559.578)[I]: [6],0,53,99,5,47,-103,8284
(559.588)[I]: [5],0,3,4,0,-347,523,6815(559.588)[I]: [6],0,55,98,5,46,-103,8284
(559.598)[I]: [5],0,3,4,0,-178,588,6755(559.598)[I]: [6],0,60,99,5,48,-107,8279
(559.608)[I]: [5],0,3,0,0,-27,597,6674(559.608)[I]: [6],0,63,100,4,47,-108,8276
(559.618)[I]: [5],0,3,0,0,96,559,6587(559.618)[I]: [6],0,66,102,3,47,-110,8276
(559.628)[I]: [5],0,3,0,0,192,494,6503(559.628)[I]: [6],0,69,104,3,46,-111,8276
(559.638)[I]: [5],0,3,0,0,260,424,6430(559.638)[I]: [6],0,71,104,3,46,-112,8276
(559.648)[I]: [5],0,3,0,0,305,369,6370(559.648)[I]: [6],0,72,106,3,45,-113,8276
(559.658)[I]: [5],0,3,0,0,332,340,6322(559.658)[I]: [6],0,73,107,3,45,-114,8276
(559.668)[I]: [5],0,3,0,0,344,340,6280(559.668)[I]: [6],0,68,105,3,44,-114,8276
(559.678)[I]: [5],0,3,0,0,344,371,6241(559.678)[I]: [6],0,63,103,3,44,-115,8276
(559.688)[I]: [5],0,3,0,0,331,431,6201(559.688)[I]: [6],0,62,102,4,44,-113,8283
(559.698)[I]: [5],0,3,0,0,304,513,6157(559.698)[I]: [6],0,60,99,5,44,-113,8289
(559.708)[I]: [5],0,3,0,0,260,607,6107(559.708)[I]: [6],0,56,97,5,43,-112,8292
(559.718)[I]: [5],0,3,0,0,199,706,6060(559.718)[I]: [6],0,58,97,6,43,-112,8292
(559.728)[I]: [5],0,3,0,0,121,801,6025(559.728)[I]: [6],0,60,97,5,42,-113,8292
(559.738)[I]: [5],0,3,0,0,33,890,6007(559.738)[I]: [6],0,60,98,6,42,-113,8292
(559.748)[I]: [5],0,3,0,0,-63,968,6011(559.748)[I]: [6],0,63,101,7,42,-114,8292
(559.758)[I]: [5],0,3,0,0,-160,1033,6034(559.758)[I]: [6],0,63,103,8,41,-117,8292
(559.768)[I]: [5],0,3,4,0,-256,1087,6071(559.768)[I]: [6],0,63,103,8,41,-118,8292
(559.778)[I]: [5],0,3,0,0,-345,1131,6116(559.778)[I]: [6],0,62,107,7,40,-119,8292
(559.788)[I]: [5],0,3,0,0,-426,1166,6167(559.788)[I]: [6],0,62,106,6,40,-120,8292
(559.798)[I]: [5],0,3,0,0,-497,1190,6221(559.798)[I]: [6],0,63,106,6,40,-120,8292
(559.808)[I]: [5],0,3,0,0,-559,1206,6281(559.808)[I]: [6],0,63,104,6,39,-120,8292
(559.818)[I]: [5],0,3,0,0,-611,1214,6352(559.818)[I]: [6],0,63,103,6,39,-120,8292
(559.828)[I]: [5],0,4,0,0,-653,1218,6438(559.828)[I]: [6],0,67,102,7,38,-121,8292
(559.838)[I]: [5],0,4,0,0,-682,1219,6540(559.838)[I]: [6],0,69,106,7,38,-123,8292
(559.848)[I]: [5],0,3,0,0,-694,1214,6656(559.848)[I]: [6],0,74,111,6,38,-124,8292
(559.858)[I]: [5],0,3,8,0,-679,1192,6775(559.858)[I]: [6],2,78,114,5,38,-124,8289
(559.868)[I]: [5],1,3,4,0,-633,1007,6700(559.868)[I]: [6],3,82,122,5,39,-126,8281
(559.878)[I]: [5],4,2,8,0,-539,722,6517(559.878)[I]: [6],4,89,127,3,42,-129,8272
(559.888)[I]: [5],6,5,8,0,-460,579,6403(559.888)[I]: [6],5,97,133,3,44,-133,8260
(559.898)[I]: [5],5,8,28,0,-456,607,6342(559.898)[I]: [6],4,106,127,3,48,-142,8239
(559.908)[I]: [5],9,15,48,2,-491,591,6241(559.909)[I]: [6],4,124,119,2,55,-167,8197
(559.918)[I]: [5],8,31,76,2,-525,502,6123(559.919)[I]: [6],5,138,101,2,61,-210,8141
(559.928)[I]: [5],9,41,96,2,-566,409,5981(559.929)[I]: [6],7,150,95,2,66,-255,8059
(559.938)[I]: [5],10,48,124,2,-586,322,5872(559.939)[I]: [6],9,155,79,2,71,-279,7942
(559.948)[I]: [5],10,53,124,3,-598,227,5795(559.949)[I]: [6],12,159,53,3,76,-288,7790
(559.958)[I]: [5],11,46,140,3,-616,119,5671(559.959)[I]: [6],15,155,27,2,87,-270,7594
(559.968)[I]: [5],8,44,140,5,-635,42,5508(559.969)[I]: [6],21,124,12,2,94,-246,7361
(559.978)[I]: [5],9,44,140,10,-638,-82,5425(559.979)[I]: [6],22,100,7,2,107,-211,7084
(559.988)[I]: [5],8,45,124,20,-640,-118,5357(559.989)[I]: [6],25,74,7,2,116,-218,6763
(559.998)[I]: [5],10,49,124,21,-636,-128,5342(559.999)[I]: [6],34,53,6,2,138,-236,6417
(559.999)[I]: [5],12,52,140,21,-629,-130,5342(559.999)[I]: [6],56,39,10,2,170,-289,6052
(559.999)[I]: [5],13,52,148,20,-625,-124,5346(559.999)[I]: [6],79,30,7,2,183,-383,5685
(560.004)[I]: [5],14,61,176,20,-622,-119,5347(560.005)[I]: [6],76,25,3,2,197,-481,5316
(560.014)[I]: [5],14,63,168,20,-618,-108,5349(560.015)[I]: [6],57,19,3,2,234,-571,4979
(560.024)[I]: [5],15,58,168,20,-615,-100,5347(560.025)[I]: [6],47,11,3,2,267,-696,4632
(560.034)[I]: [5],13,55,176,20,-609,-98,5348(560.035)[I]: [6],24,11,3,3,314,-847,4294
(560.044)[I]: [5],10,49,188,20,-603,-98,5348(560.045)[I]: [6],5,10,4,3,338,-1113,4071
(560.054)[I]: [5],9,46,188,20,-597,-98,5348(560.055)[I]: [6],0,10,6,3,351,-1287,4035
(560.064)[I]: [5],8,45,188,21,-591,-99,5349(560.065)[I]: [6],0,9,5,3,355,-1352,4086
(560.074)[I]: [5],7,42,188,22,-585,-99,5349(560.075)[I]: [6],0,9,4,3,374,-1366,4185
(560.084)[I]: [5],6,35,184,22,-579,-100,5349(560.085)[I]: [6],0,9,3,3,420,-1300,4332
(560.094)[I]: [5],5,31,176,22,-573,-99,5349(560.095)[I]: [6],0,9,3,3,484,-1231,4487
(560.104)[I]: [5],5,25,164,23,-571,-100,5345(560.105)[I]: [6],0,11,4,3,553,-1180,4649
(560.114)[I]: [5],4,23,160,22,-565,-101,5345(560.115)[I]: [6],0,10,4,3,614,-1155,4815
(560.124)[I]: [5],3,24,160,20,-559,-103,5345(560.125)[I]: [6],0,9,3,3,659,-1161,4986
(560.134)[I]: [5],3,22,164,18,-554,-103,5345(560.135)[I]: [6],0,8,3,3,677,-1179,5161
(560.144)[I]: [5],3,22,164,20,-548,-103,5345(560.145)[I]: [6],0,9,2,3,675,-1199,5339
(560.154)[I]: [5],3,22,160,19,-543,-103,5345(560.155)[I]: [6],0,8,3,3,651,-1205,5515
(560.164)[I]: [5],3,23,164,18,-537,-104,5345(560.165)[I]: [6],0,9,4,3,611,-1186,5677
(560.174)[I]: [5],3,24,164,18,-532,-104,5346(560.175)[I]: [6],0,9,3,3,556,-1140,5819
(560.184)[I]: [5],4,27,164,18,-527,-104,5346(560.185)[I]: [6],0,9,3,2,490,-1072,5932
(560.194)[I]: [5],5,29,168,19,-523,-108,5347(560.195)[I]: [6],0,9,3,2,419,-991,6015
(560.204)[I]: [5],5,31,164,19,-517,-108,5347(560.205)[I]: [6],0,9,3,2,349,-907,6067
(560.214)[I]: [5],6,31,168,20,-512,-108,5347(560.215)[I]: [6],0,9,2,2,287,-828,6091
(560.224)[I]: [5],6,31,172,19,-507,-108,5347(560.225)[I]: [6],0,10,2,2,239,-757,6091
(560.234)[I]: [5],8,34,176,19,-502,-109,5347(560.235)[I]: [6],0,9,2,2,209,-694,6073
(560.244)[I]: [5],9,37,176,17,-497,-109,5347(560.245)[I]: [6],0,9,1,2,196,-632,6045
(560.254)[I]: [5],8,37,176,14,-492,-110,5347(560.255)[I]: [6],0,9,1,2,202,-565,6019
(560.264)[I]: [5],11,39,176,14,-487,-111,5348(560.265)[I]: [6],0,8,1,2,220,-490,6008
(560.274)[I]: [5],11,39,176,15,-483,-112,5348(560.275)[I]: [6],0,7,0,2,243,-406,6014
(560.284)[I]: [5],12,42,172,14,-478,-113,5348(560.285)[I]: [6],0,7,1,2,261,-314,6033
(560.294)[I]: [5],11,42,172,14,-473,-113,5348(560.295)[I]: [6],0,7,0,2,265,-221,6066
(560.304)[I]: [5],11,44,168,12,-468,-115,5348(560.305)[I]: [6],0,8,0,2,250,-131,6110
(560.314)[I]: [5],12,43,164,13,-464,-116,5348(560.315)[I]: [6],0,7,0,2,216,-45,6165
(560.324)[I]: [5],12,45,152,12,-459,-118,5348(560.325)[I]: [6],0,8,0,2,165,32,6234
(560.334)[I]: [5],13,49,148,11,-454,-119,5348(560.335)[I]: [6],0,9,0,2,99,92,6313
(560.344)[I]: [5],14,53,148,9,-450,-120,5348(560.345)[I]: [6],0,8,1,2,29,142,6403
(560.354)[I]: [5],16,55,144,7,-445,-121,5348(560.355)[I]: [6],0,8,1,2,-36,181,6499
(560.364)[I]: [5],19,57,148,7,-442,-124,5350(560.365)[I]: [6],0,9,2,2,-97,209,6589
(560.374)[I]: [5],23,60,140,6,-441,-128,5355(560.375)[I]: [6],0,9,1,2,-149,232,6672
(560.384)[I]: [5],23,61,136,6,-436,-130,5355(560.385)[I]: [6],0,9,2,2,-192,248,6744
(560.394)[I]: [5],26,63,124,7,-432,-132,5355(560.395)[I]: [6],0,10,2,2,-229,255,6808
(560.404)[I]: [5],27,63,132,8,-428,-134,5355(560.405)[I]: [6],0,9,2,2,-258,256,6864
(560.414)[I]: [5],27,63,124,11,-424,-134,5352(560.415)[I]: [6],0,9,2,2,-285,256,6915
(560.424)[I]: [5],25,62,124,12,-421,-133,5345(560.425)[I]: [6],0,9,2,2,-311,262,6963
(560.434)[I]: [5],25,60,124,13,-418,-132,5342(560.435)[I]: [6],0,9,2,2,-338,280,7011
(560.444)[I]: [5],26,59,124,13,-413,-132,5342(560.445)[I]: [6],0,8,2,2,-367,309,7057
(560.454)[I]: [5],29,63,124,12,-409,-132,5342(560.455)[I]: [6],0,10,2,2,-398,344,7102
(560.464)[I]: [5],34,67,136,11,-406,-134,5345(560.465)[I]: [6],0,10,2,2,-428,380,7143
(560.474)[I]: [5],39,78,140,9,-403,-136,5348(560.475)[I]: [6],0,9,2,2,-454,407,7180
(560.484)[I]: [5],45,82,140,8,-402,-141,5353(560.485)[I]: [6],0,8,1,2,-475,423,7213
(560.494)[I]: [5],49,88,148,8,-399,-145,5356(560.495)[I]: [6],0,9,1,2,-491,429,7239
(560.504)[I]: [5],56,91,152,8,-395,-147,5356(560.505)[I]: [6],0,8,2,2,-506,427,7260
(560.514)[I]: [5],60,99,156,7,-392,-148,5356(560.515)[I]: [6],0,9,1,2,-519,423,7276
(560.524)[I]: [5],63,105,164,5,-390,-151,5361(560.525)[I]: [6],0,9,2,2,-532,420,7286
(560.534)[I]: [5],70,112,164,4,-388,-153,5369(560.535)[I]: [6],0,10,1,2,-544,421,7290
(560.544)[I]: [5],77,122,164,4,-388,-156,5379(560.545)[I]: [6],0,10,1,2,-555,429,7288
(560.554)[I]: [5],84,136,164,4,-387,-159,5391(560.555)[I]: [6],0,9,1,2,-562,441,7283
(560.564)[I]: [5],97,149,164,1,-388,-165,5404(560.565)[I]: [6],0,9,1,2,-564,458,7276
(560.574)[I]: [5],106,159,176,0,-388,-176,5414(560.575)[I]: [6],0,9,1,2,-564,477,7263
(560.584)[I]: [5],114,172,172,0,-388,-188,5420(560.585)[I]: [6],0,9,1,2,-564,494,7243
(560.594)[I]: [5],120,181,180,1,-388,-196,5424(560.595)[I]: [6],0,8,1,2,-567,509,7212
(560.604)[I]: [5],127,187,184,1,-388,-204,5427(560.605)[I]: [6],0,7,1,2,-576,520,7168
(560.614)[I]: [5],134,198,188,0,-388,-211,5434(560.615)[I]: [6],0,9,1,2,-592,519,7111
(560.624)[I]: [5],143,207,200,0,-389,-221,5456(560.625)[I]: [6],0,7,1,2,-615,509,7039
(560.634)[I]: [5],149,219,188,0,-392,-248,5499(560.635)[I]: [6],0,14,2,2,-655,479,6965
(560.644)[I]: [5],157,240,172,0,-395,-297,5565(560.645)[I]: [6],0,14,5,2,-725,301,7092
(560.654)[I]: [5],164,256,148,0,-399,-349,5646(560.655)[I]: [6],0,21,8,2,-820,102,7262
(560.664)[I]: [5],175,269,148,0,-404,-400,5749(560.665)[I]: [6],0,27,16,2,-889,58,7464
(560.674)[I]: [5],183,290,104,0,-409,-457,5848(560.675)[I]: [6],0,28,28,2,-907,66,7641
(560.684)[I]: [5],184,295,84,0,-416,-490,5951(560.685)[I]: [6],0,39,42,2,-901,76,7827
(560.694)[I]: [5],178,300,76,0,-426,-496,6070(560.695)[I]: [6],0,49,53,2,-895,20,7953
(560.704)[I]: [5],175,284,56,0,-435,-476,6213(560.705)[I]: [6],0,55,68,2,-893,-55,8039
(560.714)[I]: [5],171,248,32,0,-446,-436,6389(560.715)[I]: [6],1,63,77,2,-889,-213,8018
(560.724)[I]: [5],157,195,20,0,-453,-393,6604(560.725)[I]: [6],3,60,79,2,-877,-310,8056
(560.734)[I]: [5],147,152,20,0,-458,-360,6863(560.735)[I]: [6],2,63,77,3,-853,-354,8087
(560.744)[I]: [5],137,99,20,0,-462,-351,7162(560.745)[I]: [6],1,52,81,6,-861,-375,8100
(560.754)[I]: [5],119,50,20,0,-472,-364,7484(560.755)[I]: [6],3,55,82,8,-866,-368,8107
(560.764)[I]: [5],105,30,16,0,-493,-394,7815(560.765)[I]: [6],3,51,79,8,-858,-372,8110
(560.774)[I]: [5],83,23,20,0,-529,-447,8142(560.775)[I]: [6],2,49,82,9,-851,-370,8112
(560.784)[I]: [5],50,17,12,0,-551,-520,8446(560.785)[I]: [6],2,50,85,9,-843,-368,8113
(560.794)[I]: [5],39,10,12,0,-581,-577,8754(560.795)[I]: [6],2,51,85,8,-835,-367,8113
(560.804)[I]: [5],27,6,12,0,-627,-654,9022(560.805)[I]: [6],2,48,88,8,-826,-366,8114
(560.814)[I]: [5],11,5,12,0,-673,-776,9266(560.815)[I]: [6],2,49,92,8,-818,-365,8114
(560.824)[I]: [5],4,5,12,0,-718,-933,9441(560.824)[I]: [6],2,51,91,8,-810,-364,8115
(560.834)[I]: [5],0,5,8,0,-788,-1071,9519(560.834)[I]: [6],2,58,92,7,-802,-365,8115
(560.844)[I]: [5],0,3,8,0,-898,-1138,9532(560.844)[I]: [6],3,59,92,7,-794,-365,8115
(560.854)[I]: [5],3,3,8,0,-1026,-1174,9484(560.855)[I]: [6],3,56,90,7,-786,-366,8116
(560.864)[I]: [5],3,3,8,0,-1159,-1184,9385(560.865)[I]: [6],3,59,89,7,-779,-366,8116
(560.874)[I]: [5],3,3,4,0,-1278,-1183,9268(560.875)[I]: [6],3,60,88,7,-771,-366,8116
(560.884)[I]: [5],3,4,4,0,-1371,-1192,9156(560.885)[I]: [6],3,61,89,6,-763,-367,8116
(560.894)[I]: [5],3,3,8,0,-1435,-1217,9053(560.895)[I]: [6],3,60,88,6,-756,-366,8117
(560.904)[I]: [5],3,3,8,0,-1468,-1262,8960(560.905)[I]: [6],4,59,90,6,-748,-366,8117
(560.914)[I]: [5],3,3,8,0,-1477,-1319,8870(560.914)[I]: [6],5,60,90,6,-741,-365,8117
(560.924)[I]: [5],2,2,8,0,-1474,-1374,8778(560.925)[I]: [6],4,58,89,6,-733,-366,8118
(560.934)[I]: [5],1,4,8,0,-1468,-1412,8684(560.935)[I]: [6],5,58,87,6,-726,-366,8118
(560.944)[I]: [5],2,3,4,0,-1462,-1424,8585(560.945)[I]: [6],4,57,84,6,-719,-366,8118
(560.954)[I]: [5],1,2,4,0,-1461,-1414,8484(560.955)[I]: [6],5,57,82,6,-712,-367,8118
(560.964)[I]: [5],1,1,4,0,-1459,-1392,8376(560.965)[I]: [6],5,55,81,5,-705,-367,8118
(560.974)[I]: [5],1,2,4,0,-1454,-1369,8256(560.975)[I]: [6],5,55,83,6,-698,-368,8119
(560.984)[I]: [5],1,2,4,0,-1453,-1349,8126(560.985)[I]: [6],5,58,84,6,-691,-369,8119
(560.994)[I]: [5],1,3,4,0,-1455,-1332,7992(560.995)[I]: [6],5,60,85,5,-684,-369,8119
(560.999)[I]: [5],1,2,4,0,-1462,-1316,7865(560.999)[I]: [6],5,63,87,5,-677,-370,8119
(560.999)[I]: [5],1,2,4,0,-1472,-1299,7754(560.999)[I]: [6],5,63,89,6,-670,-370,8119
(561.000)[I]: [5],2,2,4,0,-1484,-1281,7655(561.000)[I]: [6],5,61,92,5,-664,-371,8119
(561.010)[I]: [5],0,2,0,0,-1496,-1266,7566(561.010)[I]: [6],6,63,96,5,-657,-371,8119
(561.020)[I]: [5],0,2,4,0,-1509,-1251,7476(561.020)[I]: [6],5,67,99,5,-651,-371,8120
(561.030)[I]: [5],0,2,0,0,-1522,-1234,7384(561.030)[I]: [6],5,67,99,4,-644,-370,8120
(561.040)[I]: [5],0,2,0,0,-1531,-1213,7297(561.040)[I]: [6],5,68,99,5,-638,-371,8120
(561.050)[I]: [5],0,3,0,0,-1532,-1185,7222(561.050)[I]: [6],4,67,100,5,-631,-371,8120
(561.060)[I]: [5],0,3,0,0,-1523,-1150,7164(561.060)[I]: [6],5,63,102,5,-625,-371,8120
(561.070)[I]: [5],0,3,0,0,-1504,-1108,7118(561.070)[I]: [6],5,63,102,4,-619,-371,8121
(561.080)[I]: [5],0,3,0,0,-1469,-1070,7075(561.080)[I]: [6],5,66,102,4,-613,-371,8121
(561.090)[I]: [5],0,3,4,0,-1420,-1039,7035(561.090)[I]: [6],6,63,103,4,-607,-372,8121
(561.100)[I]: [5],0,3,4,0,-1359,-1009,6998(561.100)[I]: [6],5,68,103,4,-601,-372,8121
(561.110)[I]: [5],0,3,4,0,-1291,-967,6969(561.110)[I]: [6],5,70,105,4,-595,-372,8121
(561.120)[I]: [5],0,3,4,0,-1218,-910,6948(561.120)[I]: [6],6,72,106,4,-589,-373,8121
(561.130)[I]: [5],0,3,4,0,-1140,-839,6936(561.130)[I]: [6],6,76,107,4,-583,-373,8121
(561.140)[I]: [5],0,4,0,0,-1056,-760,6931(561.140)[I]: [6],6,79,106,4,-577,-373,8121
(561.150)[I]: [5],0,3,4,0,-966,-678,6926(561.150)[I]: [6],7,79,108,4,-571,-373,8121
(561.160)[I]: [5],0,4,4,0,-872,-597,6919(561.160)[I]: [6],9,79,109,4,-566,-374,8122
(561.170)[I]: [5],0,3,4,0,-776,-521,6908(561.170)[I]: [6],9,79,110,4,-560,-374,8122
(561.180)[I]: [5],0,3,4,0,-679,-453,6892(561.180)[I]: [6],8,76,111,4,-554,-374,8122
(561.190)[I]: [5],0,3,0,0,-581,-398,6867(561.190)[I]: [6],8,77,113,4,-549,-375,8122
(561.200)[I]: [5],0,3,4,0,-485,-355,6830(561.200)[I]: [6],9,74,114,5,-544,-375,8122
(561.210)[I]: [5],0,3,4,0,-394,-318,6780(561.210)[I]: [6],8,71,115,4,-538,-375,8122
(561.220)[I]: [5],0,3,4,0,-307,-287,6717(561.220)[I]: [6],8,69,118,5,-533,-376,8122
(561.230)[I]: [5],0,3,4,0,-227,-261,6642(561.230)[I]: [6],7,67,118,5,-527,-376,8122
(561.240)[I]: [5],0,3,0,0,-154,-239,6566(561.240)[I]: [6],7,63,118,5,-522,-377,8122
(561.250)[I]: [5],0,3,0,0,-90,-216,6499(561.250)[I]: [6],7,63,118,5,-517,-377,8122
(561.260)[I]: [5],0,2,0,0,-41,-192,6459(561.260)[I]: [6],7,61,118,6,-512,-377,8122
(561.270)[I]: [5],2,5,4,0,-20,-134,6382(561.270)[I]: [6],6,60,117,5,-507,-377,8122
(561.280)[I]: [5],3,5,4,0,-46,-52,6202(561.280)[I]: [6],7,60,118,6,-502,-377,8122
(561.290)[I]: [5],2,6,4,0,-71,7,6040(561.290)[I]: [6],6,60,116,6,-497,-377,8122
(561.300)[I]: [5],1,9,12,0,-89,71,5846(561.300)[I]: [6],6,59,114,6,-492,-378,8122
(561.310)[I]: [5],0,10,16,0,-100,91,5652(561.310)[I]: [6],5,56,113,6,-487,-378,8123
(561.320)[I]: [5],0,9,28,0,-106,81,5512(561.320)[I]: [6],5,55,112,7,-482,-378,8123
(561.330)[I]: [5],0,9,40,0,-101,60,5388(561.330)[I]: [6],5,55,112,7,-477,-378,8123
(561.340)[I]: [5],0,11,44,0,-106,-21,5366(561.340)[I]: [6],4,53,110,7,-472,-378,8123
(561.350)[I]: [5],0,16,52,0,-111,-59,5354(561.350)[I]: [6],4,50,108,7,-468,-378,8123
(561.360)[I]: [5],0,16,48,4,-110,-113,5355(561.361)[I]: [6],3,48,103,8,-463,-378,8123
(561.370)[I]: [5],0,14,48,6,-113,-152,5345(561.371)[I]: [6],2,46,97,8,-458,-378,8123
(561.380)[I]: [5],0,15,48,6,-113,-173,5338(561.381)[I]: [6],1,45,89,8,-454,-378,8123
(561.390)[I]: [5],0,15,48,7,-113,-179,5336(561.391)[I]: [6],0,46,85,7,-449,-377,8123
(561.400)[I]: [5],0,14,48,8,-112,-177,5335(561.401)[I]: [6],1,45,81,7,-445,-377,8123
(561.410)[I]: [5],0,14,48,7,-111,-169,5333(561.411)[I]: [6],1,44,74,7,-440,-378,8123
(561.420)[I]: [5],0,12,40,6,-109,-158,5332(561.421)[I]: [6],0,42,71,7,-436,-378,8123
(561.430)[I]: [5],0,9,44,7,-107,-144,5331(561.430)[I]: [6],0,41,70,7,-432,-378,8123
(561.440)[I]: [5],0,9,48,7,-106,-130,5330(561.440)[I]: [6],0,40,67,7,-427,-378,8123
(561.450)[I]: [5],0,8,48,7,-105,-118,5329(561.450)[I]: [6],0,38,63,7,-423,-378,8123
(561.460)[I]: [5],0,8,48,7,-104,-109,5331(561.460)[I]: [6],0,36,61,7,-419,-378,8123
(561.470)[I]: [5],0,8,44,7,-104,-104,5332(561.470)[I]: [6],0,35,61,7,-415,-378,8123
(561.480)[I]: [5],0,10,48,7,-102,-102,5332(561.481)[I]: [6],0,36,60,7,-411,-378,8123
(561.490)[I]: [5],0,11,48,8,-101,-100,5332(561.491)[I]: [6],0,35,58,8,-407,-378,8123
(561.500)[I]: [5],0,15,52,10,-100,-98,5332(561.501)[I]: [6],0,35,56,8,-402,-378,8123
(561.510)[I]: [5],0,15,52,11,-101,-104,5333(561.511)[I]: [6],0,35,55,9,-398,-378,8123
(561.520)[I]: [5],0,14,48,12,-102,-111,5334(561.521)[I]: [6],0,37,55,9,-394,-378,8123
(561.530)[I]: [5],0,16,48,12,-103,-118,5337(561.531)[I]: [6],0,36,55,9,-391,-377,8124
(561.540)[I]: [5],0,17,48,13,-104,-125,5340(561.541)[I]: [6],0,36,56,9,-387,-378,8124
(561.550)[I]: [5],0,18,48,13,-105,-132,5343(561.551)[I]: [6],0,35,55,9,-383,-378,8124
(561.560)[I]: [5],0,17,52,13,-105,-136,5348(561.561)[I]: [6],0,36,55,8,-379,-378,8124
(561.570)[I]: [5],0,19,52,13,-104,-136,5348(561.571)[I]: [6],0,36,55,8,-375,-378,8124
(561.580)[I]: [5],0,19,56,13,-103,-137,5348(561.581)[I]: [6],0,36,54,7,-371,-378,8124
(561.590)[I]: [5],0,20,56,11,-102,-136,5348(561.591)[I]: [6],0,36,53,7,-368,-378,8124
(561.600)[I]: [5],0,19,60,10,-101,-136,5348(561.601)[I]: [6],0,35,51,6,-364,-378,8124
(561.610)[I]: [5],0,19,60,11,-100,-136,5348(561.611)[I]: [6],0,36,49,6,-360,-378,8124
(561.620)[I]: [5],0,18,64,10,-99,-136,5348(561.621)[I]: [6],0,35,48,6,-357,-378,8124
(561.630)[I]: [5],0,17,68,10,-98,-135,5348(561.630)[I]: [6],0,34,48,6,-353,-378,8124
(561.640)[I]: [5],0,19,68,10,-97,-134,5348(561.641)[I]: [6],0,34,47,6,-350,-378,8124
(561.650)[I]: [5],0,20,68,8,-96,-134,5348(561.650)[I]: [6],0,34,46,6,-346,-378,8124
(561.660)[I]: [5],0,21,72,9,-95,-133,5348(561.660)[I]: [6],0,31,47,7,-343,-378,8124
(561.670)[I]: [5],0,20,68,10,-94,-132,5348(561.671)[I]: [6],0,31,47,7,-339,-378,8124
(561.680)[I]: [5],0,22,68,10,-93,-131,5348(561.681)[I]: [6],0,31,47,7,-336,-378,8124
(561.690)[I]: [5],0,22,72,11,-93,-132,5348(561.691)[I]: [6],0,31,45,7,-333,-378,8124
(561.700)[I]: [5],0,20,76,11,-92,-132,5348(561.701)[I]: [6],0,31,43,7,-329,-379,8124
(561.710)[I]: [5],0,19,80,11,-91,-131,5348(561.711)[I]: [6],0,30,42,7,-326,-379,8124
(561.720)[I]: [5],0,19,88,11,-90,-131,5348(561.721)[I]: [6],0,30,40,7,-323,-379,8124
(561.730)[I]: [5],0,21,92,11,-89,-131,5348(561.731)[I]: [6],0,29,38,7,-320,-379,8124
(561.740)[I]: [5],0,20,88,11,-88,-130,5348(561.741)[I]: [6],0,28,37,7,-316,-379,8124
(561.750)[I]: [5],0,25,88,11,-87,-130,5348(561.751)[I]: [6],0,29,38,7,-313,-379,8124
(561.760)[I]: [5],0,27,88,11,-86,-130,5348(561.761)[I]: [6],0,29,39,7,-310,-379,8124
(561.770)[I]: [5],0,27,92,10,-85,-130,5348(561.771)[I]: [6],0,27,35,7,-307,-379,8124
(561.780)[I]: [5],0,26,92,8,-84,-129,5348(561.780)[I]: [6],0,26,31,7,-304,-379,8124
(561.790)[I]: [5],0,25,96,8,-84,-129,5348(561.790)[I]: [6],0,27,31,7,-301,-379,8124
(561.800)[I]: [5],0,25,100,8,-83,-128,5348(561.801)[I]: [6],0,26,31,7,-298,-379,8124
(561.810)[I]: [5],0,24,104,8,-82,-127,5348(561.811)[I]: [6],0,27,31,7,-295,-380,8124
(561.820)[I]: [5],0,26,104,7,-81,-127,5348(561.821)[I]: [6],0,26,30,7,-292,-379,8124
(561.830)[I]: [5],0,26,108,7,-80,-127,5348(561.831)[I]: [6],0,27,29,7,-289,-379,8124
(561.840)[I]: [5],0,27,104,7,-80,-127,5348(561.841)[I]: [6],0,26,29,7,-286,-380,8124
(561.850)[I]: [5],0,28,108,7,-79,-126,5348(561.851)[I]: [6],0,27,31,7,-283,-379,8124
(561.860)[I]: [5],0,31,108,7,-78,-126,5348(561.861)[I]: [6],0,26,28,7,-280,-379,8123
(561.870)[I]: [5],0,31,108,7,-77,-126,5348(561.871)[I]: [6],0,27,29,7,-278,-379,8123
(561.880)[I]: [5],0,31,108,7,-76,-126,5348(561.881)[I]: [6],0,27,29,7,-275,-379,8123
(561.890)[I]: [5],0,31,108,8,-76,-125,5348(561.891)[I]: [6],0,27,28,6,-272,-380,8123
(561.900)[I]: [5],0,29,112,7,-75,-125,5348(561.901)[I]: [6],0,27,30,6,-269,-380,8123