(875.864)[I]: [5],0,18,76,17,0,-217,-1930(875.864)[I]: [6],0,36,30,7,0,-357,17586
(875.874)[I]: [5],0,19,76,17,0,-217,-1930(875.874)[I]: [6],0,36,30,7,0,-357,17586
(875.884)[I]: [5],0,19,76,17,0,-217,-1930(875.884)[I]: [6],0,36,30,7,0,-357,17586
(875.894)[I]: [5],0,18,76,17,0,-217,-1930(875.894)[I]: [6],0,36,30,7,0,-357,17586
(875.904)[I]: [5],0,18,76,17,0,-217,-1930(875.904)[I]: [6],0,36,29,7,0,-357,17586
(875.914)[I]: [5],0,18,76,17,0,-217,-1930(875.914)[I]: [6],0,36,29,7,0,-357,17586
(875.924)[I]: [5],0,18,76,16,0,-217,-1930(875.924)[I]: [6],0,36,30,7,0,-357,17586
(875.934)[I]: [5],0,19,72,17,0,-217,-1930(875.934)[I]: [6],0,36,30,7,0,-357,17586
(875.944)[I]: [5],0,18,76,17,0,-217,-1930(875.944)[I]: [6],0,36,30,7,0,-357,17586
(875.954)[I]: [5],0,19,76,17,0,-217,-1930(875.954)[I]: [6],0,36,30,7,0,-357,17586
(875.964)[I]: [5],0,18,76,17,0,-217,-1930(875.964)[I]: [6],0,36,30,7,0,-357,17586
(875.974)[I]: [5],0,18,76,17,0,-217,-1930(875.974)[I]: [6],0,36,30,7,0,-357,17586
(875.984)[I]: [5],0,19,76,17,0,-217,-1930(875.984)[I]: [6],0,36,30,7,0,-357,17586
(875.994)[I]: [5],0,18,76,17,0,-217,-1930(875.994)[I]: [6],0,36,30,7,0,-357,17586
(875.999)[I]: [5],0,18,76,17,0,-217,-1930(875.999)[I]: [6],0,37,30,7,0,-357,17586
(875.999)[I]: [5],0,19,76,17,0,-217,-1930(875.999)[I]: [6],0,36,30,7,0,-357,17586
(876.000)[I]: [5],0,18,76,17,0,-217,-1930(876.000)[I]: [6],0,37,31,7,0,-357,17586
(876.010)[I]: [5],0,18,76,17,0,-218,-1930(876.010)[I]: [6],0,37,31,7,0,-357,17586
(876.020)[I]: [5],0,18,76,17,0,-218,-1930(876.020)[I]: [6],0,37,31,7,0,-358,17586
(876.030)[I]: [5],0,19,76,17,0,-218,-1930(876.030)[I]: [6],0,37,31,7,0,-358,17586
(876.040)[I]: [5],0,18,76,17,0,-218,-1930(876.040)[I]: [6],0,37,31,7,0,-358,17586
(876.050)[I]: [5],0,19,76,17,0,-218,-1930(876.050)[I]: [6],0,37,31,7,0,-358,17586
(876.060)[I]: [5],0,19,76,17,0,-218,-1930(876.060)[I]: [6],0,37,31,7,0,-358,17586
(876.070)[I]: [5],0,19,76,17,0,-218,-1930(876.070)[I]: [6],0,37,31,7,0,-358,17586
(876.080)[I]: [5],0,18,76,17,0,-218,-1930(876.080)[I]: [6],0,37,31,7,0,-358,17586
(876.090)[I]: [5],0,19,76,17,0,-218,-1930(876.090)[I]: [6],0,37,31,7,0,-358,17586
(876.100)[I]: [5],0,19,76,17,0,-218,-1930(876.100)[I]: [6],0,37,31,7,0,-358,17586
(876.110)[I]: [5],0,19,76,17,0,-218,-1930(876.110)[I]: [6],0,37,31,7,0,-358,17586
(876.120)[I]: [5],0,19,76,17,0,-218,-1930(876.120)[I]: [6],0,37,31,7,0,-358,17586
(876.130)[I]: [5],0,19,76,17,0,-218,-1930(876.130)[I]: [6],0,37,31,7,0,-358,17586
(876.140)[I]: [5],0,19,76,17,0,-218,-1930(876.140)[I]: [6],0,37,31,7,0,-358,17586
(876.150)[I]: [5],0,19,76,17,0,-218,-1930(876.150)[I]: [6],0,37,31,7,0,-358,17586
(876.160)[I]: [5],0,19,76,17,0,-218,-1930(876.160)[I]: [6],0,37,31,7,0,-358,17586
(876.170)[I]: [5],0,19,76,17,0,-218,-1930(876.170)[I]: [6],0,37,31,7,0,-358,17586
(876.180)[I]: [5],0,19,76,17,0,-218,-1930(876.180)[I]: [6],0,37,31,7,0,-358,17586
(876.190)[I]: [5],0,18,76,17,0,-218,-1930(876.190)[I]: [6],0,37,31,7,0,-358,17586
(876.200)[I]: [5],0,19,76,17,0,-218,-1930(876.200)[I]: [6],0,36,31,7,0,-359,17586
(876.210)[I]: [5],0,18,76,17,0,-218,-1930(876.210)[I]: [6],0,36,31,7,0,-359,17586
(876.220)[I]: [5],0,19,76,17,0,-218,-1930(876.220)[I]: [6],0,36,31,7,0,-359,17586
(876.230)[I]: [5],0,18,76,17,0,-218,-1930(876.230)[I]: [6],0,36,31,7,0,-359,17586
(876.240)[I]: [5],0,18,76,17,0,-217,-1930(876.240)[I]: [6],0,36,31,7,0,-359,17586
(876.250)[I]: [5],0,19,76,17,0,-218,-1930(876.250)[I]: [6],0,36,31,7,0,-359,17586
(876.260)[I]: [5],0,18,76,17,0,-217,-1930(876.260)[I]: [6],0,36,31,7,0,-359,17586
(876.270)[I]: [5],0,19,76,17,0,-218,-1930(876.270)[I]: [6],0,36,31,7,0,-359,17586
(876.280)[I]: [5],0,18,76,18,0,-218,-1930(876.280)[I]: [6],0,36,31,7,0,-359,17586
(876.290)[I]: [5],0,18,76,17,0,-218,-1930(876.290)[I]: [6],0,36,31,7,0,-359,17586
(876.300)[I]: [5],0,19,76,17,0,-218,-1930(876.300)[I]: [6],0,36,31,7,0,-359,17586
(876.310)[I]: [5],0,18,76,18,0,-217,-1930(876.310)[I]: [6],0,35,31,7,0,-359,17586
(876.320)[I]: [5],0,18,76,17,0,-217,-1930(876.320)[I]: [6],0,35,31,7,0,-359,17586
(876.330)[I]: [5],0,19,76,17,0,-217,-1930(876.330)[I]: [6],0,36,31,7,0,-358,17586
(876.340)[I]: [5],0,19,76,17,0,-217,-1930(876.340)[I]: [6],0,36,31,7,0,-358,17586
(876.350)[I]: [5],0,19,76,17,0,-218,-1930(876.350)[I]: [6],0,35,31,7,0,-358,17586
(876.360)[I]: [5],0,19,76,17,0,-218,-1930(876.360)[I]: [6],0,35,31,7,0,-359,17586
(876.370)[I]: [5],0,19,76,18,0,-218,-1930(876.370)[I]: [6],0,35,31,7,0,-359,17586
(876.380)[I]: [5],0,19,76,17,0,-218,-1930(876.380)[I]: [6],0,35,31,7,0,-359,17586
(876.390)[I]: [5],0,19,76,18,0,-217,-1930(876.390)[I]: [6],0,35,31,7,0,-358,17586
(876.400)[I]: [5],0,18,76,17,0,-218,-1930(876.400)[I]: [6],0,35,31,7,0,-358,17586
(876.410)[I]: [5],0,18,76,18,0,-218,-1930(876.410)[I]: [6],0,35,31,7,0,-358,17586
(876.420)[I]: [5],0,18,76,18,0,-218,-1930(876.420)[I]: [6],0,34,31,7,0,-358,17586
(876.430)[I]: [5],0,18,76,18,0,-217,-1930(876.430)[I]: [6],0,34,30,7,0,-358,17586
(876.440)[I]: [5],0,18,76,17,0,-218,-1930(876.440)[I]: [6],0,31,30,7,0,-358,17586
(876.450)[I]: [5],0,18,76,18,0,-217,-1930(876.450)[I]: [6],0,31,30,7,0,-358,17586
(876.460)[I]: [5],0,18,76,18,0,-217,-1930(876.460)[I]: [6],0,31,30,7,0,-358,17586
(876.470)[I]: [5],0,18,76,17,0,-217,-1930(876.470)[I]: [6],0,31,30,7,0,-358,17586
(876.480)[I]: [5],0,18,76,18,0,-217,-1930(876.480)[I]: [6],0,31,30,7,0,-358,17586
(876.490)[I]: [5],0,18,76,18,0,-217,-1930(876.490)[I]: [6],0,31,29,7,0,-358,17586
(876.500)[I]: [5],0,18,76,18,0,-217,-1930(876.500)[I]: [6],0,31,29,7,0,-358,17586
(876.510)[I]: [5],0,18,76,18,0,-217,-1930(876.510)[I]: [6],0,31,29,7,0,-358,17586
(876.520)[I]: [5],0,18,76,19,0,-218,-1930(876.520)[I]: [6],0,31,28,7,0,-358,17586
(876.530)[I]: [5],0,18,76,18,0,-218,-1930(876.530)[I]: [6],0,31,29,7,0,-358,17586
(876.540)[I]: [5],0,18,76,19,0,-218,-1930(876.540)[I]: [6],0,31,29,7,0,-358,17586
(876.550)[I]: [5],0,18,76,18,0,-217,-1930(876.550)[I]: [6],0,31,29,7,0,-358,17586
(876.560)[I]: [5],0,18,76,18,0,-218,-1930(876.560)[I]: [6],0,31,29,7,0,-358,17586
(876.570)[I]: [5],0,18,76,18,0,-217,-1930(876.570)[I]: [6],0,31,29,7,0,-358,17586
(876.580)[I]: [5],0,18,76,18,0,-217,-1930(876.580)[I]: [6],0,31,29,7,0,-358,17586
(876.590)[I]: [5],0,18,76,18,0,-217,-1930(876.590)[I]: [6],0,31,29,7,0,-358,17586
(876.600)[I]: [5],0,18,76,18,0,-217,-1930(876.600)[I]: [6],0,31,29,7,0,-358,17586
(876.610)[I]: [5],0,18,76,18,0,-218,-1930(876.610)[I]: [6],0,31,29,7,0,-358,17586
(876.620)[I]: [5],0,18,76,18,0,-218,-1930(876.620)[I]: [6],0,31,29,7,0,-358,17586
(876.630)[I]: [5],0,18,76,18,0,-218,-1930(876.630)[I]: [6],0,33,29,7,0,-358,17586
(876.640)[I]: [5],0,18,76,18,0,-219,-1930(876.640)[I]: [6],0,31,29,7,0,-358,17586
(876.650)[I]: [5],0,18,76,18,0,-219,-1930(876.650)[I]: [6],0,34,30,7,0,-358,17586
(876.660)[I]: [5],0,18,76,18,0,-218,-1930(876.660)[I]: [6],0,34,29,7,0,-358,17586
(876.670)[I]: [5],0,17,76,18,0,-219,-1930(876.670)[I]: [6],0,34,30,7,0,-358,17586
(876.680)[I]: [5],0,17,76,18,0,-219,-1930(876.680)[I]: [6],0,34,30,7,0,-358,17586
(876.690)[I]: [5],0,17,76,18,0,-218,-1930(876.690)[I]: [6],0,34,30,7,0,-358,17586
(876.700)[I]: [5],0,17,76,18,0,-219,-1930(876.700)[I]: [6],0,34,30,7,0,-358,17586
(876.710)[I]: [5],0,17,76,18,0,-218,-1930(876.710)[I]: [6],0,34,30,7,0,-358,17586
(876.720)[I]: [5],0,17,76,18,0,-218,-1930(876.720)[I]: [6],0,34,30,7,0,-358,17586
(876.730)[I]: [5],0,17,76,18,0,-218,-1930(876.730)[I]: [6],0,34,29,7,0,-358,17586
(876.740)[I]: [5],0,17,76,18,0,-218,-1930(876.740)[I]: [6],0,34,29,7,0,-358,17586
(876.750)[I]: [5],0,17,76,18,0,-218,-1930(876.750)[I]: [6],0,34,30,7,0,-358,17586
(876.760)[I]: [5],0,18,76,18,0,-218,-1930(876.760)[I]: [6],0,34,30,7,0,-358,17586
(876.770)[I]: [5],0,18,76,18,0,-218,-1930(876.770)[I]: [6],0,31,30,7,0,-358,17586
(876.780)[I]: [5],0,18,76,19,0,-218,-1930(876.780)[I]: [6],0,34,30,7,0,-358,17586
(876.790)[I]: [5],0,17,76,18,0,-218,-1930(876.790)[I]: [6],0,34,29,7,0,-358,17586
(876.800)[I]: [5],0,17,76,18,0,-218,-1930(876.800)[I]: [6],0,34,29,7,0,-358,17586
(876.810)[I]: [5],0,17,76,19,0,-218,-1930(876.810)[I]: [6],0,34,30,7,0,-358,17586
(876.820)[I]: [5],0,17,76,18,0,-218,-1930(876.820)[I]: [6],0,31,30,7,0,-358,17586
(876.830)[I]: [5],0,17,76,18,0,-218,-1930(876.830)[I]: [6],0,31,30,7,0,-358,17586
(876.840)[I]: [5],0,17,76,18,0,-218,-1930(876.840)[I]: [6],0,31,29,7,0,-358,17586
(876.850)[I]: [5],0,17,76,18,0,-218,-1930(876.850)[I]: [6],0,31,29,7,0,-358,17586
(876.860)[I]: [5],0,17,72,19,0,-218,-1930(876.860)[I]: [6],0,31,29,7,0,-358,17586
(876.870)[I]: [5],0,17,76,18,0,-218,-1930(876.870)[I]: [6],0,31,29,7,0,-358,17586
(876.880)[I]: [5],0,17,76,18,0,-218,-1930(876.880)[I]: [6],0,31,29,7,0,-358,17586
(876.890)[I]: [5],0,17,76,19,0,-218,-1930(876.890)[I]: [6],0,31,29,7,0,-358,17586
(876.900)[I]: [5],0,17,76,19,0,-218,-1930(876.900)[I]: [6],0,31,29,7,0,-358,17586
(876.910)[I]: [5],0,17,76,19,0,-219,-1930(876.910)[I]: [6],0,31,28,7,0,-359,17586
(876.920)[I]: [5],0,17,76,19,0,-218,-1930(876.920)[I]: [6],0,31,28,7,0,-359,17586
(876.930)[I]: [5],0,17,76,19,0,-218,-1930(876.930)[I]: [6],0,31,29,7,0,-359,17586
(876.940)[I]: [5],0,18,76,19,0,-218,-1930(876.940)[I]: [6],0,31,29,7,0,-358,17586
(876.950)[I]: [5],0,17,76,19,0,-218,-1930(876.950)[I]: [6],0,31,28,7,0,-358,17586
(876.960)[I]: [5],0,17,76,20,0,-218,-1930(876.960)[I]: [6],0,31,26,7,0,-358,17586
(876.970)[I]: [5],0,17,76,20,0,-218,-1930(876.970)[I]: [6],0,29,27,7,0,-358,17586
(876.980)[I]: [5],0,17,76,20,0,-218,-1930(876.980)[I]: [6],0,28,26,7,0,-358,17586
(876.990)[I]: [5],0,17,76,20,0,-218,-1930(876.990)[I]: [6],0,28,25,7,0,-358,17586
(876.999)[I]: [5],0,17,76,20,0,-217,-1930(876.999)[I]: [6],0,28,24,7,0,-358,17586
(876.999)[I]: [5],0,18,76,20,0,-218,-1930(876.999)[I]: [6],0,28,22,7,0,-358,17586
(876.999)[I]: [5],0,18,76,21,0,-218,-1930(876.999)[I]: [6],0,28,20,7,0,-358,17586
(877.006)[I]: [5],0,18,76,21,0,-217,-1930(877.006)[I]: [6],0,27,19,7,0,-358,17586
(877.016)[I]: [5],0,18,80,22,0,-217,-1930(877.016)[I]: [6],0,27,19,7,0,-358,17586
(877.026)[I]: [5],0,18,80,23,0,-217,-1930(877.026)[I]: [6],0,27,19,6,0,-358,17586
(877.036)[I]: [5],0,18,80,23,0,-216,-1930(877.036)[I]: [6],0,26,18,6,0,-358,17586
(877.046)[I]: [5],0,18,80,23,0,-216,-1930(877.046)[I]: [6],0,24,15,6,0,-358,17586
(877.056)[I]: [5],0,19,84,24,0,-216,-1930(877.056)[I]: [6],0,24,15,5,0,-358,17586
(877.066)[I]: [5],0,19,84,23,0,-215,-1930(877.066)[I]: [6],0,23,16,5,0,-358,17586
(877.076)[I]: [5],0,19,84,25,0,-215,-1930(877.076)[I]: [6],0,23,15,4,0,-358,17586
(877.086)[I]: [5],0,19,92,25,0,-215,-1930(877.086)[I]: [6],0,22,11,5,0,-357,17586
(877.096)[I]: [5],0,19,92,25,0,-214,-1930(877.096)[I]: [6],0,21,10,4,0,-358,17586
(877.106)[I]: [5],0,18,96,26,0,-214,-1930(877.106)[I]: [6],0,21,9,5,0,-358,17586
(877.116)[I]: [5],0,19,96,26,0,-214,-1930(877.116)[I]: [6],0,21,9,5,0,-358,17586
(877.126)[I]: [5],0,20,100,26,0,-213,-1930(877.126)[I]: [6],0,21,9,5,0,-358,17586
(877.136)[I]: [5],0,21,100,28,0,-213,-1930(877.136)[I]: [6],0,20,9,5,0,-358,17586
(877.146)[I]: [5],0,22,100,28,0,-213,-1930(877.146)[I]: [6],0,19,7,5,0,-358,17586
(877.156)[I]: [5],0,22,104,28,0,-213,-1930(877.156)[I]: [6],0,18,6,4,0,-358,17586
(877.166)[I]: [5],0,23,108,28,0,-213,-1930(877.166)[I]: [6],0,18,8,4,0,-359,17586
(877.176)[I]: [5],0,23,108,28,0,-212,-1930(877.176)[I]: [6],0,17,7,4,0,-359,17586
(877.186)[I]: [5],0,24,112,28,0,-212,-1930(877.187)[I]: [6],0,18,5,4,0,-359,17586
(877.196)[I]: [5],0,24,112,27,0,-211,-1930(877.196)[I]: [6],0,17,6,4,0,-359,17586
(877.206)[I]: [5],0,24,116,28,0,-211,-1930(877.206)[I]: [6],0,16,7,5,0,-358,17586
(877.216)[I]: [5],0,25,116,26,0,-210,-1930(877.216)[I]: [6],0,15,7,6,0,-358,17586
(877.226)[I]: [5],0,26,116,26,0,-211,-1930(877.226)[I]: [6],0,16,7,6,0,-359,17586
(877.236)[I]: [5],0,27,116,24,0,-211,-1930(877.236)[I]: [6],0,17,8,6,0,-358,17586
(877.246)[I]: [5],0,29,116,21,0,-210,-1930(877.246)[I]: [6],0,17,8,6,0,-358,17586
(877.256)[I]: [5],0,30,120,19,0,-209,-1930(877.256)[I]: [6],0,17,9,7,0,-358,17586
(877.266)[I]: [5],0,31,120,18,0,-210,-1928(877.267)[I]: [6],0,18,10,7,0,-358,17586
(877.276)[I]: [5],3,31,120,14,0,-212,-1920(877.277)[I]: [6],0,18,10,7,0,-358,17586
(877.286)[I]: [5],4,34,120,12,0,-214,-1910(877.287)[I]: [6],0,17,10,8,0,-358,17586
(877.296)[I]: [5],4,35,124,10,0,-216,-1897(877.297)[I]: [6],0,19,11,9,0,-358,17586
(877.306)[I]: [5],5,37,120,8,0,-218,-1882(877.306)[I]: [6],0,19,13,9,0,-357,17583
(877.316)[I]: [5],5,37,116,5,-2,-218,-1857(877.317)[I]: [6],0,20,15,10,0,-356,17578
(877.326)[I]: [5],6,39,112,4,-3,-217,-1828(877.327)[I]: [6],0,20,18,11,0,-354,17571
(877.336)[I]: [5],7,39,104,1,-4,-218,-1793(877.337)[I]: [6],0,23,19,12,0,-352,17564
(877.346)[I]: [5],7,38,88,1,-8,-228,-1752(877.346)[I]: [6],0,26,19,15,0,-351,17562
(877.356)[I]: [5],7,37,72,0,-12,-240,-1658(877.356)[I]: [6],0,29,26,17,0,-352,17562
(877.366)[I]: [5],7,33,56,1,-16,-254,-1535(877.367)[I]: [6],0,29,29,19,0,-352,17562
(877.376)[I]: [5],6,22,48,1,-19,-259,-1391(877.377)[I]: [6],0,28,34,19,0,-351,17562
(877.386)[I]: [5],6,11,40,1,-23,-231,-1231(877.387)[I]: [6],0,29,39,21,0,-350,17562
(877.396)[I]: [5],7,10,28,0,-28,-185,-1052(877.396)[I]: [6],0,31,40,23,0,-349,17562
(877.406)[I]: [5],7,7,20,0,-38,-144,-870(877.406)[I]: [6],0,31,43,25,0,-349,17562
(877.416)[I]: [5],4,7,12,0,-50,-104,-678(877.416)[I]: [6],0,36,47,25,0,-348,17562
(877.426)[I]: [5],7,6,12,0,-64,-66,-480(877.426)[I]: [6],0,40,43,27,0,-348,17562
(877.436)[I]: [5],6,5,12,0,-82,-47,-285(877.436)[I]: [6],0,44,47,27,0,-348,17562
(877.446)[I]: [5],2,5,12,0,-103,-54,-120(877.446)[I]: [6],0,46,49,26,0,-348,17562
(877.456)[I]: [5],1,4,12,1,-128,-80,0(877.456)[I]: [6],0,49,51,26,0,-347,17562
(877.466)[I]: [5],0,3,8,0,-156,-126,64(877.466)[I]: [6],0,54,51,25,0,-347,17562
(877.476)[I]: [5],0,3,12,0,-180,-182,81(877.476)[I]: [6],0,57,49,24,0,-347,17562
(877.486)[I]: [5],0,3,12,1,-200,-226,41(877.486)[I]: [6],0,58,48,23,0,-347,17562
(877.496)[I]: [5],0,4,16,1,-224,-256,-29(877.496)[I]: [6],0,60,49,20,0,-347,17562
(877.506)[I]: [5],0,3,16,0,-251,-271,-115(877.506)[I]: [6],0,62,48,18,0,-347,17562
(877.516)[I]: [5],0,3,12,0,-283,-276,-210(877.516)[I]: [6],0,66,46,17,0,-347,17562
(877.526)[I]: [5],0,3,12,0,-321,-274,-311(877.526)[I]: [6],0,70,46,17,0,-347,17562
(877.536)[I]: [5],0,3,12,0,-360,-270,-419(877.536)[I]: [6],0,70,47,15,0,-347,17562
(877.546)[I]: [5],0,3,8,0,-401,-263,-534(877.546)[I]: [6],0,75,45,14,0,-348,17562
(877.556)[I]: [5],0,3,8,0,-439,-257,-655(877.556)[I]: [6],0,75,48,12,0,-348,17562
(877.566)[I]: [5],0,4,8,0,-475,-253,-783(877.566)[I]: [6],0,75,51,11,0,-349,17562
(877.576)[I]: [5],0,4,8,0,-505,-248,-915(877.576)[I]: [6],0,74,52,11,0,-349,17562
(877.586)[I]: [5],0,4,8,0,-530,-242,-1049(877.586)[I]: [6],0,74,55,11,0,-349,17562
(877.596)[I]: [5],0,4,12,0,-548,-233,-1184(877.596)[I]: [6],0,69,58,10,0,-350,17562
(877.606)[I]: [5],0,4,8,0,-560,-219,-1314(877.606)[I]: [6],0,63,62,7,0,-350,17562
(877.616)[I]: [5],0,4,8,0,-568,-199,-1436(877.616)[I]: [6],0,61,63,6,0,-350,17562
(877.626)[I]: [5],0,4,8,0,-571,-168,-1546(877.626)[I]: [6],0,61,63,6,0,-349,17562
(877.636)[I]: [5],0,4,8,0,-569,-125,-1647(877.636)[I]: [6],0,58,68,6,0,-349,17562
(877.646)[I]: [5],0,4,8,0,-564,-72,-1738(877.646)[I]: [6],0,58,74,7,0,-349,17562
(877.656)[I]: [5],0,3,8,0,-557,-11,-1822(877.656)[I]: [6],0,56,77,7,0,-349,17562
(877.666)[I]: [5],0,3,8,0,-548,51,-1900(877.666)[I]: [6],0,55,81,7,0,-349,17562
(877.676)[I]: [5],0,3,8,0,-537,111,-1971(877.676)[I]: [6],0,55,81,7,0,-349,17562
(877.686)[I]: [5],0,4,4,0,-526,162,-2033(877.686)[I]: [6],0,55,81,7,0,-349,17562
(877.696)[I]: [5],0,3,4,0,-515,197,-2089(877.696)[I]: [6],0,54,82,6,0,-349,17562
(877.706)[I]: [5],0,3,4,0,-505,215,-2140(877.706)[I]: [6],0,54,84,5,0,-349,17562
(877.716)[I]: [5],0,3,4,0,-499,210,-2186(877.716)[I]: [6],0,54,85,5,0,-349,17562
(877.726)[I]: [5],0,4,4,0,-498,185,-2230(877.726)[I]: [6],0,54,89,5,0,-349,17562
(877.736)[I]: [5],0,4,4,0,-502,151,-2275(877.736)[I]: [6],0,52,92,5,0,-349,17562
(877.746)[I]: [5],0,3,4,0,-512,115,-2322(877.746)[I]: [6],0,53,94,5,0,-349,17562
(877.756)[I]: [5],0,3,4,0,-527,80,-2375(877.756)[I]: [6],0,52,95,5,0,-349,17562
(877.766)[I]: [5],0,3,4,0,-544,50,-2433(877.766)[I]: [6],0,52,100,4,0,-349,17562
(877.776)[I]: [5],0,3,4,0,-563,30,-2497(877.776)[I]: [6],0,51,103,4,0,-349,17562
(877.786)[I]: [5],0,3,4,0,-583,21,-2562(877.786)[I]: [6],0,51,107,4,0,-349,17562
(877.796)[I]: [5],0,3,4,0,-603,26,-2624(877.796)[I]: [6],0,49,110,4,0,-349,17562
(877.806)[I]: [5],0,3,4,0,-623,41,-2681(877.806)[I]: [6],0,47,114,4,0,-349,17562
(877.816)[I]: [5],0,3,4,0,-641,70,-2728(877.816)[I]: [6],0,47,117,4,0,-349,17562
(877.826)[I]: [5],0,3,4,0,-655,113,-2767(877.826)[I]: [6],0,46,122,4,0,-350,17562
(877.836)[I]: [5],0,3,4,0,-664,168,-2797(877.836)[I]: [6],0,45,123,3,0,-349,17562
(877.846)[I]: [5],0,3,4,0,-667,223,-2820(877.846)[I]: [6],0,46,127,4,0,-349,17562
(877.856)[I]: [5],0,3,4,0,-661,266,-2839(877.856)[I]: [6],0,45,131,3,0,-349,17562
(877.866)[I]: [5],0,5,4,0,-645,292,-2857(877.866)[I]: [6],0,44,133,3,0,-349,17562
(877.876)[I]: [5],0,4,4,0,-618,299,-2872(877.876)[I]: [6],0,45,137,3,0,-349,17562
(877.886)[I]: [5],0,5,4,0,-581,285,-2885(877.886)[I]: [6],0,44,138,3,0,-350,17562
(877.896)[I]: [5],0,5,4,0,-533,255,-2895(877.896)[I]: [6],0,44,140,3,0,-349,17562
(877.906)[I]: [5],0,5,4,0,-476,216,-2902(877.906)[I]: [6],0,43,140,3,0,-349,17562
(877.916)[I]: [5],0,5,4,0,-414,174,-2906(877.916)[I]: [6],0,43,142,3,0,-349,17562
(877.926)[I]: [5],0,5,4,0,-348,134,-2906(877.926)[I]: [6],0,42,143,3,0,-349,17562
(877.936)[I]: [5],0,5,4,0,-281,98,-2902(877.936)[I]: [6],0,43,146,3,0,-349,17562
(877.946)[I]: [5],0,4,4,0,-218,67,-2895(877.946)[I]: [6],0,43,147,3,0,-349,17562
(877.956)[I]: [5],0,3,4,0,-157,44,-2883(877.956)[I]: [6],0,46,147,3,0,-349,17562
(877.966)[I]: [5],0,3,4,0,-103,28,-2869(877.966)[I]: [6],0,47,149,3,0,-349,17562
(877.976)[I]: [5],0,4,4,0,-55,18,-2852(877.976)[I]: [6],0,44,150,3,0,-349,17562
(877.986)[I]: [5],0,3,4,0,-15,15,-2836(877.986)[I]: [6],0,43,157,3,0,-349,17562
(877.996)[I]: [5],0,4,4,0,16,17,-2822(877.996)[I]: [6],0,43,159,3,0,-349,17562
(877.999)[I]: [5],0,4,4,0,41,23,-2809(877.999)[I]: [6],0,44,163,3,0,-348,17562
(877.999)[I]: [5],0,4,4,0,58,32,-2795(877.999)[I]: [6],0,46,164,3,0,-348,17562
(878.002)[I]: [5],0,4,4,0,69,40,-2779(878.002)[I]: [6],0,44,167,3,0,-347,17562
(878.012)[I]: [5],0,5,4,0,74,44,-2763(878.012)[I]: [6],0,46,167,3,0,-346,17562
(878.022)[I]: [5],0,4,4,0,75,44,-2745(878.022)[I]: [6],0,45,164,3,0,-347,17562
(878.032)[I]: [5],0,4,4,0,72,41,-2728(878.032)[I]: [6],0,46,163,3,0,-347,17562
(878.042)[I]: [5],0,4,4,1,66,36,-2710(878.042)[I]: [6],0,48,158,3,0,-347,17562
(878.052)[I]: [5],0,4,4,1,60,31,-2692(878.052)[I]: [6],0,46,156,3,0,-346,17562
(878.062)[I]: [5],0,4,0,1,52,25,-2674(878.062)[I]: [6],0,46,155,3,0,-345,17562
(878.072)[I]: [5],0,4,0,1,44,16,-2657(878.072)[I]: [6],0,47,155,3,0,-345,17562
(878.082)[I]: [5],0,4,4,1,33,5,-2645(878.082)[I]: [6],0,47,155,3,0,-345,17562
(878.092)[I]: [5],0,4,0,1,22,-4,-2636(878.092)[I]: [6],0,49,156,4,0,-345,17562
(878.102)[I]: [5],0,4,0,1,10,-12,-2629(878.102)[I]: [6],0,49,155,3,0,-345,17562
(878.112)[I]: [5],0,4,0,1,-2,-15,-2624(878.112)[I]: [6],0,49,153,3,0,-345,17562
(878.122)[I]: [5],0,4,0,1,-17,-14,-2620(878.122)[I]: [6],0,49,151,3,0,-344,17562
(878.132)[I]: [5],0,4,0,1,-32,-10,-2616(878.132)[I]: [6],0,48,149,3,0,-344,17562
(878.142)[I]: [5],0,4,0,1,-47,-2,-2613(878.142)[I]: [6],0,46,146,3,0,-344,17562
(878.152)[I]: [5],0,3,0,1,-61,7,-2608(878.152)[I]: [6],0,46,143,3,0,-343,17562
(878.162)[I]: [5],0,3,0,1,-72,20,-2602(878.162)[I]: [6],0,45,140,3,0,-343,17562
(878.172)[I]: [5],0,3,0,1,-81,35,-2596(878.172)[I]: [6],0,46,136,3,0,-342,17562
(878.182)[I]: [5],0,3,0,0,-86,50,-2587(878.182)[I]: [6],0,45,131,3,0,-342,17565
(878.192)[I]: [5],0,3,0,1,-89,66,-2576(878.192)[I]: [6],0,45,124,4,0,-345,17570
(878.202)[I]: [5],0,3,0,1,-88,80,-2564(878.202)[I]: [6],0,46,119,5,1,-347,17576
(878.212)[I]: [5],0,3,0,1,-85,93,-2552(878.212)[I]: [6],0,46,118,5,3,-350,17578
(878.222)[I]: [5],0,3,0,1,-80,103,-2540(878.222)[I]: [6],0,47,118,5,3,-351,17578
(878.232)[I]: [5],0,3,0,1,-72,108,-2529(878.232)[I]: [6],0,47,117,5,3,-351,17578
(878.242)[I]: [5],0,3,0,0,-60,106,-2519(878.242)[I]: [6],0,48,115,4,3,-351,17578
(878.252)[I]: [5],0,3,0,0,-43,96,-2514(878.252)[I]: [6],0,49,114,4,3,-351,17578
(878.262)[I]: [5],0,3,0,0,-21,80,-2518(878.262)[I]: [6],0,49,114,3,3,-350,17578
(878.272)[I]: [5],0,3,0,0,5,61,-2535(878.272)[I]: [6],0,51,115,3,3,-349,17578
(878.282)[I]: [5],0,3,0,0,36,45,-2563(878.282)[I]: [6],0,52,115,3,3,-349,17578
(878.292)[I]: [5],0,3,0,0,70,37,-2594(878.292)[I]: [6],0,53,115,3,3,-349,17578
(878.302)[I]: [5],0,3,0,0,106,37,-2621(878.302)[I]: [6],0,53,116,3,2,-349,17578
(878.312)[I]: [5],0,3,0,0,144,46,-2642(878.312)[I]: [6],1,55,116,3,2,-349,17578
(878.322)[I]: [5],0,3,0,0,183,65,-2653(878.322)[I]: [6],2,57,115,3,2,-349,17578
(878.332)[I]: [5],0,3,0,0,213,102,-2659(878.332)[I]: [6],2,63,117,3,3,-350,17575
(878.342)[I]: [5],0,3,0,1,231,148,-2680(878.342)[I]: [6],3,70,118,2,4,-352,17565
(878.352)[I]: [5],0,3,0,0,247,193,-2713(878.352)[I]: [6],2,74,118,2,4,-355,17554
(878.362)[I]: [5],0,3,0,2,272,224,-2686(878.362)[I]: [6],5,79,119,2,7,-360,17542
(878.372)[I]: [5],0,3,0,6,312,114,-2545(878.372)[I]: [6],6,84,120,2,9,-366,17531
(878.382)[I]: [5],0,3,0,11,315,0,-2382(878.382)[I]: [6],5,86,120,2,12,-375,17519
(878.392)[I]: [5],0,2,4,13,298,-131,-2251(878.392)[I]: [6],6,94,115,2,14,-385,17503
(878.402)[I]: [5],0,3,12,18,291,-208,-2172(878.403)[I]: [6],6,98,115,0,17,-394,17478
(878.412)[I]: [5],0,6,24,24,291,-208,-2129(878.413)[I]: [6],5,101,108,0,21,-408,17432
(878.422)[I]: [5],0,4,40,31,283,-209,-2120(878.423)[I]: [6],7,101,93,0,24,-438,17365
(878.432)[I]: [5],0,6,44,32,280,-207,-2114(878.433)[I]: [6],8,101,73,0,31,-436,17245
(878.442)[I]: [5],0,7,44,30,280,-205,-2103(878.443)[I]: [6],12,93,51,0,40,-420,17085
(878.452)[I]: [5],0,9,48,28,278,-204,-2093(878.453)[I]: [6],12,79,24,0,54,-382,16883
(878.462)[I]: [5],0,9,48,28,277,-198,-2081(878.463)[I]: [6],17,63,14,0,64,-338,16663
(878.472)[I]: [5],0,11,52,28,275,-193,-2069(878.473)[I]: [6],20,56,5,0,81,-307,16423
(878.482)[I]: [5],0,11,68,31,273,-189,-2060(878.483)[I]: [6],20,43,4,0,100,-301,16165
(878.492)[I]: [5],0,14,64,40,270,-189,-2060(878.493)[I]: [6],27,31,7,0,126,-303,15894
(878.502)[I]: [5],0,16,68,50,268,-188,-2060(878.503)[I]: [6],38,23,5,0,163,-317,15607
(878.512)[I]: [5],1,19,68,57,265,-187,-2060(878.513)[I]: [6],48,20,6,0,200,-359,15305
(878.522)[I]: [5],3,20,72,62,262,-188,-2060(878.523)[I]: [6],58,17,6,0,226,-417,14993
(878.532)[I]: [5],3,22,68,70,260,-187,-2060(878.533)[I]: [6],43,13,5,0,249,-466,14667
(878.542)[I]: [5],4,25,68,71,257,-187,-2060(878.543)[I]: [6],27,11,4,0,298,-512,14347
(878.552)[I]: [5],5,23,72,78,255,-186,-2060(878.553)[I]: [6],5,10,5,1,346,-606,14064
(878.562)[I]: [5],5,23,72,80,252,-186,-2060(878.563)[I]: [6],0,11,3,1,398,-775,13916
(878.572)[I]: [5],4,30,68,78,250,-185,-2060(878.573)[I]: [6],0,13,5,1,443,-916,13872
(878.582)[I]: [5],3,27,60,76,247,-184,-2060(878.583)[I]: [6],0,12,4,1,499,-1036,13834
(878.592)[I]: [5],3,30,56,75,245,-184,-2060(878.593)[I]: [6],0,13,6,1,561,-1133,13897
(878.602)[I]: [5],3,31,48,75,242,-183,-2060(878.603)[I]: [6],0,13,6,1,647,-1148,13990
(878.612)[I]: [5],3,31,48,76,240,-182,-2060(878.613)[I]: [6],0,12,6,0,744,-1142,14067
(878.622)[I]: [5],2,34,44,78,237,-181,-2060(878.623)[I]: [6],0,13,6,1,836,-1139,14132
(878.632)[I]: [5],3,35,36,77,235,-181,-2060(878.633)[I]: [6],0,13,5,1,914,-1158,14204
(878.642)[I]: [5],3,35,40,75,232,-186,-2063(878.643)[I]: [6],0,12,5,1,963,-1201,14297
(878.652)[I]: [5],3,39,36,72,230,-188,-2063(878.653)[I]: [6],0,12,5,1,990,-1253,14413
(878.662)[I]: [5],3,40,40,68,227,-187,-2063(878.663)[I]: [6],0,12,5,1,993,-1304,14544
(878.672)[I]: [5],2,46,44,60,225,-188,-2061(878.673)[I]: [6],0,12,4,1,985,-1335,14687
(878.682)[I]: [5],1,49,44,56,223,-186,-2061(878.683)[I]: [6],0,12,4,1,964,-1338,14841
(878.692)[I]: [5],3,53,40,48,220,-190,-2057(878.693)[I]: [6],0,12,3,1,945,-1301,15000
(878.702)[I]: [5],5,56,40,46,217,-196,-2055(878.703)[I]: [6],0,12,3,1,913,-1243,15163
(878.712)[I]: [5],5,59,48,40,215,-202,-2052(878.713)[I]: [6],0,12,3,1,865,-1176,15324
(878.722)[I]: [5],5,61,44,35,212,-209,-2048(878.723)[I]: [6],0,12,3,0,803,-1112,15475
(878.732)[I]: [5],5,63,44,32,209,-215,-2046(878.733)[I]: [6],0,12,2,0,732,-1057,15603
(878.742)[I]: [5],6,69,36,30,208,-222,-2044(878.743)[I]: [6],0,13,3,0,662,-1011,15699
(878.752)[I]: [5],8,73,40,24,206,-228,-2042(878.753)[I]: [6],0,14,3,0,607,-975,15756
(878.762)[I]: [5],8,76,40,20,204,-234,-2038(878.763)[I]: [6],0,13,2,0,578,-943,15770
(878.772)[I]: [5],7,82,36,17,202,-240,-2034(878.773)[I]: [6],0,13,3,0,581,-905,15742
(878.782)[I]: [5],6,85,36,19,200,-246,-2030(878.783)[I]: [6],0,12,3,0,619,-845,15682
(878.792)[I]: [5],6,87,28,16,198,-251,-2025(878.793)[I]: [6],0,12,3,0,680,-761,15608
(878.802)[I]: [5],7,91,28,17,197,-257,-2019(878.803)[I]: [6],0,12,2,0,759,-655,15550
(878.812)[I]: [5],9,94,28,14,195,-261,-2015(878.813)[I]: [6],0,11,1,0,843,-532,15538
(878.822)[I]: [5],10,98,28,15,193,-262,-2015(878.823)[I]: [6],0,12,1,0,919,-404,15584
(878.832)[I]: [5],11,100,32,13,192,-263,-2015(878.833)[I]: [6],0,13,1,0,984,-291,15688
(878.842)[I]: [5],12,105,28,12,190,-263,-2015(878.843)[I]: [6],0,13,1,0,1019,-217,15824
(878.852)[I]: [5],11,108,24,12,188,-262,-2015(878.853)[I]: [6],0,14,1,0,1035,-158,15962
(878.862)[I]: [5],12,111,24,10,186,-262,-2015(878.863)[I]: [6],0,15,1,0,1030,-113,16076
(878.872)[I]: [5],12,115,28,11,184,-265,-2010(878.873)[I]: [6],0,14,1,0,1008,-59,16146
(878.882)[I]: [5],13,121,28,10,182,-265,-2010(878.883)[I]: [6],0,14,1,0,974,4,16169
(878.892)[I]: [5],15,123,28,11,180,-267,-2010(878.893)[I]: [6],0,14,2,0,925,78,16160
(878.902)[I]: [5],15,126,28,12,179,-269,-2010(878.903)[I]: [6],0,12,2,0,886,155,16137
(878.912)[I]: [5],16,127,36,14,177,-270,-2010(878.913)[I]: [6],0,12,2,0,852,201,16122
(878.922)[I]: [5],18,126,40,13,175,-271,-2010(878.923)[I]: [6],0,12,2,0,838,247,16124
(878.932)[I]: [5],19,127,48,13,173,-270,-2010(878.933)[I]: [6],0,11,2,0,838,272,16153
(878.942)[I]: [5],22,127,48,13,172,-269,-2004(878.943)[I]: [6],0,11,2,0,843,285,16204
(878.952)[I]: [5],27,130,52,11,170,-268,-2004(878.953)[I]: [6],0,11,2,0,847,293,16272
(878.962)[I]: [5],31,136,56,12,168,-269,-2004(878.963)[I]: [6],0,12,2,0,844,302,16348
(878.972)[I]: [5],35,144,56,11,166,-270,-2004(878.973)[I]: [6],0,11,2,0,835,311,16421
(878.982)[I]: [5],37,151,60,11,165,-270,-2004(878.983)[I]: [6],0,11,2,0,812,327,16484
(878.992)[I]: [5],44,157,60,10,163,-271,-2004(878.993)[I]: [6],0,11,2,0,778,349,16536
(878.999)[I]: [5],49,161,72,10,163,-270,-1998(878.999)[I]: [6],0,10,2,0,730,367,16574
(878.999)[I]: [5],55,162,80,10,162,-267,-1991(878.999)[I]: [6],0,10,2,0,675,370,16600
(878.999)[I]: [5],62,163,92,10,162,-263,-1982(878.999)[I]: [6],0,10,2,0,615,358,16612
(879.008)[I]: [5],71,165,108,9,161,-259,-1974(879.009)[I]: [6],0,10,2,0,558,334,16611
(879.018)[I]: [5],79,165,112,8,160,-256,-1968(879.019)[I]: [6],0,10,2,0,506,309,16598
(879.028)[I]: [5],87,171,120,8,159,-253,-1958(879.029)[I]: [6],0,10,3,0,463,288,16580
(879.038)[I]: [5],101,181,124,9,157,-255,-1944(879.039)[I]: [6],0,9,3,0,434,274,16565
(879.048)[I]: [5],106,189,116,6,154,-260,-1925(879.049)[I]: [6],0,10,2,0,421,267,16559
(879.058)[I]: [5],116,198,120,2,151,-269,-1904(879.059)[I]: [6],0,10,2,0,426,263,16563
(879.068)[I]: [5],127,204,120,3,147,-279,-1883(879.069)[I]: [6],0,10,2,0,443,267,16567
(879.078)[I]: [5],127,210,124,2,144,-293,-1861(879.079)[I]: [6],0,10,1,0,468,276,16560
(879.088)[I]: [5],139,216,124,2,142,-303,-1843(879.089)[I]: [6],0,10,3,0,498,289,16533
(879.098)[I]: [5],143,219,136,1,139,-312,-1825(879.099)[I]: [6],0,10,2,0,531,306,16483
(879.108)[I]: [5],145,218,140,1,136,-322,-1803(879.109)[I]: [6],0,14,2,0,577,311,16430
(879.118)[I]: [5],148,219,140,0,135,-336,-1776(879.119)[I]: [6],0,17,5,0,559,202,16695
(879.128)[I]: [5],152,224,140,0,131,-368,-1738(879.129)[I]: [6],0,19,8,0,529,132,16912
(879.138)[I]: [5],153,229,116,0,128,-430,-1680(879.139)[I]: [6],0,21,13,0,507,65,17119
(879.148)[I]: [5],155,241,116,0,124,-499,-1606(879.149)[I]: [6],0,19,18,0,512,1,17327
(879.158)[I]: [5],165,251,100,0,117,-543,-1509(879.159)[I]: [6],0,29,31,0,521,-51,17505
(879.168)[I]: [5],169,258,64,0,113,-592,-1396(879.169)[I]: [6],0,31,30,2,512,-322,17500
(879.178)[I]: [5],174,259,44,0,107,-626,-1266(879.179)[I]: [6],0,44,38,4,506,-263,17476
(879.188)[I]: [5],179,247,28,0,100,-641,-1119(879.189)[I]: [6],0,58,38,5,534,-291,17461
(879.198)[I]: [5],172,218,24,0,92,-628,-947(879.199)[I]: [6],0,58,45,6,522,-308,17465
(879.208)[I]: [5],155,165,12,0,88,-610,-746(879.209)[I]: [6],0,58,42,5,516,-308,17461
(879.218)[I]: [5],132,113,8,0,91,-595,-506(879.219)[I]: [6],0,51,46,5,512,-301,17457
(879.228)[I]: [5],100,69,0,0,90,-577,-223(879.228)[I]: [6],0,51,51,6,506,-291,17456
(879.238)[I]: [5],87,31,4,0,79,-565,85(879.238)[I]: [6],0,45,49,6,500,-278,17456
(879.248)[I]: [5],77,25,4,0,61,-585,411(879.248)[I]: [6],0,39,48,7,495,-270,17463
(879.258)[I]: [5],57,15,4,0,33,-622,740(879.258)[I]: [6],0,39,47,7,493,-268,17471
(879.268)[I]: [5],48,10,0,0,-7,-678,1045(879.268)[I]: [6],0,37,47,12,488,-266,17471
(879.278)[I]: [5],25,5,0,0,-44,-764,1359(879.278)[I]: [6],0,45,51,11,487,-271,17468
(879.288)[I]: [5],10,6,0,0,-90,-882,1617(879.288)[I]: [6],0,41,53,12,482,-273,17468
(879.298)[I]: [5],5,6,8,0,-126,-1029,1758(879.298)[I]: [6],0,53,58,12,477,-274,17469
(879.308)[I]: [5],3,6,8,0,-184,-1102,1820(879.308)[I]: [6],1,56,55,12,473,-274,17469
(879.318)[I]: [5],4,5,4,0,-276,-1125,1837(879.318)[I]: [6],0,58,58,13,468,-274,17469
(879.328)[I]: [5],3,6,4,0,-377,-1115,1814(879.328)[I]: [6],0,59,59,11,463,-274,17469
(879.338)[I]: [5],3,5,4,0,-479,-1073,1738(879.338)[I]: [6],0,59,57,11,459,-273,17470
(879.348)[I]: [5],0,5,4,0,-575,-1038,1632(879.348)[I]: [6],0,59,57,11,454,-273,17470
(879.358)[I]: [5],3,5,4,0,-655,-1028,1517(879.358)[I]: [6],0,62,56,11,449,-274,17470
(879.368)[I]: [5],4,5,8,0,-720,-1051,1395(879.368)[I]: [6],0,63,54,12,445,-273,17470
(879.378)[I]: [5],5,5,8,0,-773,-1095,1268(879.379)[I]: [6],0,62,52,10,441,-273,17470
(879.388)[I]: [5],4,5,4,0,-815,-1140,1137(879.388)[I]: [6],0,61,50,8,436,-274,17471
(879.398)[I]: [5],3,5,4,0,-853,-1170,1001(879.398)[I]: [6],0,62,48,7,432,-274,17471
(879.408)[I]: [5],3,5,4,0,-890,-1172,859(879.408)[I]: [6],0,63,49,7,427,-274,17471
(879.418)[I]: [5],2,5,4,0,-926,-1144,709(879.418)[I]: [6],0,63,43,8,423,-274,17471
(879.428)[I]: [5],2,5,4,0,-960,-1095,551(879.428)[I]: [6],0,62,39,9,419,-275,17472
(879.438)[I]: [5],1,5,4,0,-985,-1039,388(879.438)[I]: [6],0,62,37,10,415,-275,17472
(879.448)[I]: [5],2,4,4,0,-1001,-983,229(879.448)[I]: [6],0,61,37,10,411,-276,17472
(879.458)[I]: [5],2,4,4,0,-1009,-931,81(879.458)[I]: [6],0,61,31,13,407,-276,17472
(879.468)[I]: [5],2,5,4,0,-1012,-884,-55(879.468)[I]: [6],0,61,30,14,402,-276,17473
(879.478)[I]: [5],3,5,4,0,-1014,-844,-189(879.478)[I]: [6],0,60,26,14,398,-275,17473
(879.488)[I]: [5],3,5,4,0,-1019,-811,-327(879.488)[I]: [6],0,60,22,15,394,-276,17473
(879.498)[I]: [5],3,5,4,0,-1031,-779,-460(879.498)[I]: [6],0,61,23,18,391,-276,17473
(879.508)[I]: [5],2,5,4,0,-1048,-751,-578(879.508)[I]: [6],0,60,21,20,387,-276,17473
(879.518)[I]: [5],3,5,4,0,-1069,-729,-675(879.518)[I]: [6],0,61,18,21,383,-277,17474
(879.528)[I]: [5],2,5,4,0,-1093,-719,-764(879.528)[I]: [6],0,59,15,25,379,-278,17474
(879.538)[I]: [5],2,5,4,0,-1121,-723,-860(879.538)[I]: [6],0,59,14,27,375,-279,17474
(879.548)[I]: [5],1,5,4,0,-1153,-726,-965(879.548)[I]: [6],0,60,14,29,371,-279,17474
(879.558)[I]: [5],1,5,4,0,-1191,-709,-1080(879.558)[I]: [6],0,63,12,28,368,-279,17475
(879.568)[I]: [5],1,5,4,0,-1232,-662,-1198(879.568)[I]: [6],0,66,14,28,364,-279,17475
(879.578)[I]: [5],1,4,4,0,-1272,-575,-1311(879.578)[I]: [6],0,67,13,27,360,-280,17475
(879.588)[I]: [5],1,4,4,0,-1302,-453,-1400(879.588)[I]: [6],0,67,13,25,357,-280,17475
(879.598)[I]: [5],0,4,4,0,-1317,-322,-1465(879.598)[I]: [6],0,68,14,25,353,-280,17475
(879.608)[I]: [5],0,3,4,0,-1309,-213,-1518(879.608)[I]: [6],0,69,14,23,350,-280,17476
(879.618)[I]: [5],0,3,0,0,-1279,-148,-1577(879.618)[I]: [6],1,74,13,23,346,-280,17476
(879.628)[I]: [5],0,3,4,0,-1228,-121,-1650(879.628)[I]: [6],1,76,14,23,343,-280,17476
(879.638)[I]: [5],0,3,8,0,-1162,-115,-1736(879.638)[I]: [6],3,79,14,21,339,-281,17476
(879.648)[I]: [5],0,4,8,0,-1088,-108,-1819(879.648)[I]: [6],3,84,15,19,336,-282,17476
(879.658)[I]: [5],0,3,8,0,-1010,-83,-1889(879.658)[I]: [6],3,90,19,19,333,-283,17477
(879.668)[I]: [5],0,4,8,0,-930,-31,-1942(879.668)[I]: [6],3,89,20,15,329,-284,17477
(879.678)[I]: [5],0,4,8,0,-853,31,-1989(879.678)[I]: [6],3,86,22,14,326,-283,17477
(879.688)[I]: [5],0,4,4,0,-783,92,-2047(879.688)[I]: [6],3,86,21,14,323,-283,17477
(879.698)[I]: [5],0,3,4,0,-719,136,-2124(879.698)[I]: [6],3,85,21,13,319,-282,17477
(879.708)[I]: [5],0,3,4,0,-660,170,-2216(879.708)[I]: [6],4,85,23,12,316,-282,17477
(879.718)[I]: [5],0,3,4,0,-608,199,-2321(879.718)[I]: [6],4,85,22,13,313,-282,17478
(879.728)[I]: [5],0,4,0,0,-563,215,-2439(879.728)[I]: [6],4,86,23,15,310,-283,17478
(879.738)[I]: [5],0,4,0,0,-526,215,-2569(879.738)[I]: [6],5,87,22,13,307,-282,17478
(879.748)[I]: [5],0,4,0,0,-495,197,-2701(879.748)[I]: [6],5,87,22,10,304,-282,17478
(879.758)[I]: [5],0,4,0,0,-468,166,-2824(879.758)[I]: [6],4,90,25,9,301,-283,17478
(879.768)[I]: [5],0,4,0,0,-442,131,-2925(879.768)[I]: [6],7,90,26,8,298,-284,17478
(879.778)[I]: [5],0,3,0,0,-418,97,-3002(879.778)[I]: [6],6,90,28,9,295,-284,17479
(879.788)[I]: [5],0,3,0,0,-396,71,-3053(879.788)[I]: [6],6,91,31,6,292,-284,17479
(879.798)[I]: [5],0,4,0,0,-375,55,-3084(879.798)[I]: [6],6,91,34,5,289,-284,17479
(879.808)[I]: [5],0,4,4,0,-357,51,-3098(879.808)[I]: [6],5,92,36,5,286,-284,17479
(879.818)[I]: [5],0,4,4,0,-341,54,-3096(879.818)[I]: [6],5,90,38,6,283,-285,17479
(879.828)[I]: [5],0,3,0,0,-324,61,-3079(879.828)[I]: [6],5,89,40,5,280,-285,17479
(879.838)[I]: [5],0,3,0,0,-306,70,-3048(879.838)[I]: [6],6,89,42,5,278,-284,17480
(879.848)[I]: [5],0,3,0,0,-284,79,-3009(879.848)[I]: [6],6,89,42,5,275,-283,17480
(879.858)[I]: [5],0,3,0,0,-259,88,-2969(879.858)[I]: [6],6,90,44,5,272,-283,17480
(879.868)[I]: [5],0,3,0,0,-233,97,-2930(879.868)[I]: [6],7,91,48,5,269,-283,17480
(879.878)[I]: [5],0,3,0,0,-210,106,-2897(879.878)[I]: [6],7,93,51,5,267,-284,17480
(879.888)[I]: [5],0,4,0,0,-190,114,-2869(879.888)[I]: [6],7,96,53,5,264,-285,17480
(879.898)[I]: [5],0,4,0,0,-172,121,-2846(879.898)[I]: [6],7,99,60,5,261,-285,17480
(879.908)[I]: [5],0,3,0,0,-156,124,-2826(879.908)[I]: [6],7,99,61,6,259,-285,17481
(879.918)[I]: [5],0,3,0,0,-141,117,-2809(879.918)[I]: [6],8,103,62,6,256,-285,17481
(879.928)[I]: [5],0,3,0,0,-122,100,-2791(879.928)[I]: [6],10,108,62,6,254,-285,17481
(879.938)[I]: [5],0,3,4,0,-115,103,-2712(879.938)[I]: [6],12,111,62,6,251,-286,17481
(879.948)[I]: [5],0,3,0,4,-94,-77,-2566(879.948)[I]: [6],13,112,60,5,248,-286,17481
(879.958)[I]: [5],0,3,0,10,-96,-182,-2392(879.958)[I]: [6],13,113,61,4,248,-289,17476
(879.968)[I]: [5],0,1,4,17,-92,-271,-2213(879.968)[I]: [6],15,121,63,5,249,-292,17468
(879.978)[I]: [5],0,5,8,19,-70,-329,-2116(879.978)[I]: [6],15,127,63,5,249,-296,17457
(879.988)[I]: [5],0,5,24,20,-74,-323,-2069(879.988)[I]: [6],16,133,61,5,248,-302,17444
(879.998)[I]: [5],0,8,28,21,-77,-303,-2065(879.998)[I]: [6],19,141,60,3,248,-309,17430
(879.999)[I]: [5],0,7,32,20,-77,-296,-2063(879.999)[I]: [6],19,147,56,3,247,-319,17414
(879.999)[I]: [5],0,7,32,17,-76,-297,-2054(879.999)[I]: [6],19,155,44,3,248,-346,17396
(880.004)[I]: [5],0,8,36,13,-77,-298,-2039(880.004)[I]: [6],17,163,42,1,250,-418,17337
(880.014)[I]: [5],0,10,36,15,-78,-293,-2025(880.015)[I]: [6],15,163,30,1,251,-479,17255
(880.024)[I]: [5],0,14,40,15,-78,-287,-2016(880.025)[I]: [6],15,161,22,1,256,-470,17134
(880.034)[I]: [5],0,15,44,17,-78,-281,-2013(880.034)[I]: [6],15,147,14,1,258,-480,16983
(880.044)[I]: [5],1,16,48,19,-77,-273,-2014(880.045)[I]: [6],15,121,4,1,264,-496,16799
(880.054)[I]: [5],2,20,52,21,-76,-272,-2014(880.055)[I]: [6],15,105,4,1,269,-515,16588
(880.064)[I]: [5],2,21,56,28,-77,-268,-2008(880.065)[I]: [6],15,81,3,1,284,-537,16346
(880.074)[I]: [5],4,25,52,34,-76,-269,-2008(880.075)[I]: [6],12,62,3,1,309,-569,16081
(880.084)[I]: [5],4,27,60,44,-77,-267,-2007(880.085)[I]: [6],9,44,2,2,341,-619,15793
(880.094)[I]: [5],5,27,52,51,-76,-264,-2007(880.095)[I]: [6],3,41,3,1,380,-684,15485
(880.104)[I]: [5],5,37,56,56,-76,-264,-2007(880.105)[I]: [6],0,27,0,1,429,-772,15143
(880.114)[I]: [5],4,31,60,60,-75,-264,-2007(880.115)[I]: [6],0,21,0,2,484,-906,14804
(880.124)[I]: [5],4,31,72,60,-74,-263,-2007(880.125)[I]: [6],0,17,0,3,523,-1099,14577
(880.134)[I]: [5],5,36,76,62,-73,-262,-2007(880.135)[I]: [6],0,14,0,2,554,-1244,14483
(880.144)[I]: [5],5,38,72,60,-73,-260,-2007(880.145)[I]: [6],0,14,0,2,570,-1406,14491
(880.154)[I]: [5],4,35,68,60,-72,-258,-2007(880.155)[I]: [6],0,17,0,2,590,-1487,14581
(880.164)[I]: [5],4,39,64,57,-71,-257,-2007(880.165)[I]: [6],0,14,1,1,640,-1485,14687
(880.174)[I]: [5],4,40,60,54,-70,-257,-2007(880.175)[I]: [6],0,13,0,1,705,-1430,14782
(880.184)[I]: [5],6,43,60,51,-70,-256,-2007(880.185)[I]: [6],0,13,0,1,764,-1356,14885
(880.194)[I]: [5],6,42,60,49,-70,-258,-2006(880.195)[I]: [6],0,14,1,1,803,-1277,15004
(880.204)[I]: [5],5,44,60,50,-69,-259,-2006(880.205)[I]: [6],0,13,1,1,798,-1211,15136
(880.214)[I]: [5],5,43,60,48,-69,-259,-2006(880.215)[I]: [6],0,14,1,1,752,-1159,15267
(880.224)[I]: [5],4,47,60,44,-68,-260,-2006(880.225)[I]: [6],0,13,0,1,679,-1119,15383
(880.234)[I]: [5],6,48,56,44,-67,-260,-2006(880.235)[I]: [6],0,13,0,1,587,-1077,15485
(880.244)[I]: [5],6,49,60,39,-67,-260,-2006(880.245)[I]: [6],0,13,1,1,485,-1018,15593
(880.254)[I]: [5],7,50,60,38,-66,-259,-2006(880.255)[I]: [6],0,12,1,1,386,-924,15715
(880.264)[I]: [5],6,51,60,38,-65,-258,-2006(880.265)[I]: [6],0,11,1,1,300,-813,15849
(880.274)[I]: [5],7,53,56,35,-65,-258,-2006(880.275)[I]: [6],0,11,1,1,238,-694,15975
(880.284)[I]: [5],7,56,56,30,-64,-258,-2006(880.285)[I]: [6],0,11,1,1,208,-580,16077
(880.294)[I]: [5],7,57,56,28,-63,-259,-2006(880.295)[I]: [6],0,11,1,1,214,-485,16143
(880.304)[I]: [5],7,59,56,30,-63,-256,-2006(880.305)[I]: [6],0,11,0,1,252,-412,16169
(880.314)[I]: [5],6,61,56,28,-62,-256,-2006(880.315)[I]: [6],0,11,1,1,315,-353,16161
(880.324)[I]: [5],7,62,52,25,-62,-257,-2006(880.325)[I]: [6],0,11,1,1,389,-299,16134
(880.334)[I]: [5],6,60,48,24,-61,-257,-2006(880.335)[I]: [6],0,11,1,1,460,-233,16100
(880.344)[I]: [5],6,62,48,23,-60,-257,-2006(880.345)[I]: [6],0,11,1,1,516,-150,16070
(880.354)[I]: [5],7,63,44,22,-60,-258,-2006(880.355)[I]: [6],0,11,1,1,547,-49,16050
(880.364)[I]: [5],7,67,44,23,-59,-258,-2006(880.365)[I]: [6],0,12,1,1,553,64,16040
(880.374)[I]: [5],7,67,44,22,-59,-260,-2006(880.375)[I]: [6],0,12,1,1,537,184,16036
(880.384)[I]: [5],8,68,44,23,-58,-261,-2006(880.385)[I]: [6],0,13,1,1,503,301,16039
(880.394)[I]: [5],7,66,48,23,-57,-263,-2006(880.395)[I]: [6],0,12,1,1,454,407,16050
(880.404)[I]: [5],8,63,48,24,-57,-264,-2006(880.405)[I]: [6],0,13,1,1,394,495,16071
(880.414)[I]: [5],8,66,48,24,-56,-264,-2006(880.415)[I]: [6],0,12,1,1,325,560,16107
(880.424)[I]: [5],8,67,48,25,-56,-263,-2006(880.425)[I]: [6],0,13,1,1,251,601,16155
(880.434)[I]: [5],8,66,48,24,-55,-264,-2006(880.435)[I]: [6],0,12,1,1,179,618,16216
(880.444)[I]: [5],8,66,44,25,-55,-264,-2006(880.445)[I]: [6],0,12,0,1,113,618,16281
(880.454)[I]: [5],8,67,40,25,-54,-264,-2006(880.455)[I]: [6],0,12,0,1,60,607,16345
(880.464)[I]: [5],8,67,40,25,-53,-264,-2006(880.465)[I]: [6],0,12,1,1,21,586,16407
(880.474)[I]: [5],8,67,44,26,-53,-265,-2006(880.475)[I]: [6],0,13,1,1,-1,556,16466
(880.484)[I]: [5],8,63,40,28,-52,-266,-2006(880.485)[I]: [6],0,12,1,1,-9,516,16523
(880.494)[I]: [5],8,63,40,28,-52,-266,-2006(880.495)[I]: [6],0,12,0,1,-7,474,16577
(880.504)[I]: [5],8,61,40,31,-51,-266,-2006(880.505)[I]: [6],0,11,0,1,-1,438,16625
(880.514)[I]: [5],9,60,44,40,-51,-267,-2006(880.515)[I]: [6],0,11,0,1,3,418,16665
(880.524)[I]: [5],9,59,40,43,-50,-267,-2009(880.525)[I]: [6],0,12,1,1,3,418,16697
(880.534)[I]: [5],8,59,40,50,-50,-267,-2009(880.535)[I]: [6],0,12,1,1,-1,428,16720
(880.544)[I]: [5],7,60,40,54,-49,-269,-2009(880.545)[I]: [6],0,11,1,1,-12,435,16736
(880.554)[I]: [5],8,60,40,51,-49,-269,-2009(880.555)[I]: [6],0,11,1,1,-25,433,16746
(880.564)[I]: [5],10,63,40,52,-48,-268,-2009(880.565)[I]: [6],0,11,1,1,-39,423,16749
(880.574)[I]: [5],12,63,44,54,-48,-269,-2009(880.575)[I]: [6],0,11,1,1,-55,408,16746
(880.584)[I]: [5],13,66,44,51,-48,-270,-2009(880.585)[I]: [6],0,11,1,1,-72,395,16741
(880.594)[I]: [5],15,67,48,50,-47,-271,-2009(880.595)[I]: [6],0,11,1,1,-86,385,16735
(880.604)[I]: [5],17,71,52,47,-47,-270,-2009(880.605)[I]: [6],0,11,1,1,-96,379,16726
(880.614)[I]: [5],19,71,56,48,-46,-270,-2009(880.615)[I]: [6],0,11,1,1,-102,369,16717
(880.624)[I]: [5],21,71,60,42,-46,-271,-2009(880.625)[I]: [6],0,11,2,1,-104,356,16705
(880.634)[I]: [5],23,73,64,39,-45,-271,-2006(880.635)[I]: [6],0,11,1,1,-105,344,16694
(880.644)[I]: [5],28,76,68,39,-45,-271,-2006(880.645)[I]: [6],0,11,1,1,-107,338,16681
(880.654)[I]: [5],29,79,72,28,-44,-271,-2003(880.655)[I]: [6],0,11,1,1,-108,339,16660
(880.664)[I]: [5],30,83,76,27,-45,-273,-1997(880.665)[I]: [6],0,11,1,1,-108,347,16631
(880.674)[I]: [5],31,89,80,24,-46,-276,-1990(880.675)[I]: [6],0,11,2,1,-105,360,16597
(880.684)[I]: [5],37,97,84,23,-46,-277,-1982(880.685)[I]: [6],0,10,1,1,-100,372,16566
(880.694)[I]: [5],37,107,100,18,-47,-278,-1973(880.695)[I]: [6],0,10,1,1,-92,375,16542
(880.704)[I]: [5],42,115,112,17,-48,-278,-1964(880.705)[I]: [6],0,10,1,1,-81,369,16524
(880.714)[I]: [5],44,119,120,14,-49,-280,-1955(880.715)[I]: [6],0,10,2,1,-67,350,16512
(880.724)[I]: [5],49,123,124,13,-49,-281,-1946(880.725)[I]: [6],0,10,2,1,-52,323,16498
(880.734)[I]: [5],55,127,124,9,-49,-282,-1934(880.735)[I]: [6],0,10,2,0,-55,238,16575
(880.744)[I]: [5],60,136,124,7,-50,-286,-1921(880.745)[I]: [6],0,12,3,0,-153,42,16784
(880.754)[I]: [5],68,147,124,8,-52,-293,-1903(880.755)[I]: [6],0,17,4,0,-245,-27,16996
(880.764)[I]: [5],74,159,124,6,-55,-304,-1880(880.765)[I]: [6],0,19,9,0,-315,-77,17176
(880.774)[I]: [5],83,171,124,3,-58,-316,-1845(880.775)[I]: [6],0,17,12,0,-358,-122,17369
(880.784)[I]: [5],86,180,124,2,-62,-342,-1795(880.785)[I]: [6],0,23,18,1,-347,-339,17447
(880.794)[I]: [5],94,192,112,0,-68,-394,-1732(880.795)[I]: [6],0,22,28,3,-302,-353,17393
(880.804)[I]: [5],99,200,92,0,-71,-490,-1648(880.805)[I]: [6],0,38,28,5,-315,-377,17337
(880.814)[I]: [5],104,200,60,0,-75,-541,-1537(880.815)[I]: [6],0,41,27,6,-326,-389,17324
(880.824)[I]: [5],102,197,36,0,-78,-559,-1379(880.825)[I]: [6],0,45,30,7,-328,-396,17334
(880.834)[I]: [5],97,174,16,0,-83,-549,-1172(880.835)[I]: [6],1,45,31,7,-327,-397,17331
(880.844)[I]: [5],92,139,12,0,-89,-532,-924(880.845)[I]: [6],1,40,37,7,-326,-394,17323
(880.854)[I]: [5],83,97,4,0,-86,-527,-643(880.854)[I]: [6],1,41,37,8,-327,-384,17318
(880.864)[I]: [5],69,55,0,0,-83,-534,-330(880.864)[I]: [6],1,44,42,8,-327,-376,17314
(880.874)[I]: [5],54,39,0,0,-84,-562,-1(880.874)[I]: [6],2,43,42,8,-325,-369,17312
(880.884)[I]: [5],43,20,0,0,-92,-603,341(880.884)[I]: [6],1,48,45,8,-322,-365,17312
(880.894)[I]: [5],31,16,0,0,-105,-661,687(880.894)[I]: [6],1,49,39,8,-319,-364,17312
(880.904)[I]: [5],14,15,0,0,-134,-740,1028(880.904)[I]: [6],1,57,41,9,-316,-370,17311
(880.914)[I]: [5],3,11,0,0,-159,-876,1314(880.914)[I]: [6],2,55,41,10,-313,-371,17311
(880.924)[I]: [5],3,9,0,0,-168,-1031,1471(880.924)[I]: [6],1,62,43,9,-310,-373,17310
(880.934)[I]: [5],1,6,0,0,-201,-1153,1514(880.934)[I]: [6],1,61,45,8,-307,-374,17310
(880.944)[I]: [5],0,7,0,0,-238,-1295,1467(880.944)[I]: [6],1,60,47,9,-304,-374,17310
(880.954)[I]: [5],5,7,0,0,-300,-1330,1345(880.954)[I]: [6],1,60,51,9,-301,-374,17310
(880.964)[I]: [5],5,7,4,0,-396,-1299,1188(880.964)[I]: [6],1,60,53,7,-298,-373,17310
(880.974)[I]: [5],4,6,0,0,-509,-1233,1032(880.974)[I]: [6],1,59,54,6,-295,-373,17310
(880.984)[I]: [5],4,5,0,0,-622,-1173,886(880.984)[I]: [6],1,59,54,6,-292,-372,17309
(880.994)[I]: [5],4,6,0,0,-719,-1144,746(880.994)[I]: [6],1,58,54,5,-289,-371,17309
(880.999)[I]: [5],5,6,0,0,-788,-1150,610(880.999)[I]: [6],1,62,56,5,-286,-370,17309
(880.999)[I]: [5],5,6,0,0,-825,-1184,484(880.999)[I]: [6],2,62,55,5,-283,-371,17309
(881.000)[I]: [5],5,6,0,0,-838,-1227,371(881.000)[I]: [6],1,63,55,4,-280,-371,17309
(881.010)[I]: [5],5,5,0,0,-839,-1255,263(881.010)[I]: [6],2,63,55,5,-277,-371,17309
(881.020)[I]: [5],4,5,0,0,-836,-1246,147(881.020)[I]: [6],2,66,56,5,-275,-371,17308
(881.030)[I]: [5],4,6,0,0,-835,-1198,15(881.030)[I]: [6],2,63,57,5,-272,-371,17308
(881.040)[I]: [5],4,6,0,0,-842,-1104,-135(881.040)[I]: [6],3,63,58,5,-269,-371,17308
(881.050)[I]: [5],5,6,0,0,-852,-985,-299(881.050)[I]: [6],3,67,58,5,-266,-371,17308
(881.060)[I]: [5],4,6,0,0,-869,-861,-467(881.060)[I]: [6],3,67,59,5,-264,-371,17308
(881.070)[I]: [5],4,5,0,0,-894,-741,-631(881.070)[I]: [6],2,66,59,5,-261,-371,17308
(881.080)[I]: [5],4,5,0,0,-924,-640,-783(881.080)[I]: [6],3,68,59,5,-259,-371,17307
(881.090)[I]: [5],3,5,0,0,-962,-566,-921(881.090)[I]: [6],3,67,58,5,-256,-371,17307
(881.100)[I]: [5],4,6,0,0,-1009,-520,-1047(881.100)[I]: [6],3,63,58,5,-253,-370,17307
(881.110)[I]: [5],3,5,0,0,-1068,-492,-1175(881.110)[I]: [6],3,63,58,5,-251,-370,17307
(881.120)[I]: [5],3,5,0,0,-1140,-467,-1324(881.120)[I]: [6],4,63,58,5,-248,-371,17307
(881.130)[I]: [5],3,5,0,0,-1228,-428,-1499(881.130)[I]: [6],4,63,56,6,-246,-371,17307
(881.140)[I]: [5],3,4,0,0,-1333,-370,-1691(881.140)[I]: [6],4,63,54,6,-243,-371,17306
(881.150)[I]: [5],3,4,0,0,-1452,-298,-1891(881.150)[I]: [6],4,63,53,6,-241,-372,17306
(881.160)[I]: [5],4,4,0,0,-1571,-209,-2089(881.160)[I]: [6],4,63,53,6,-239,-372,17306
(881.170)[I]: [5],3,5,0,0,-1684,-107,-2267(881.170)[I]: [6],5,63,54,7,-236,-372,17306
(881.180)[I]: [5],3,4,0,0,-1777,0,-2404(881.180)[I]: [6],3,63,51,7,-234,-372,17306
(881.190)[I]: [5],3,5,0,0,-1841,90,-2485(881.190)[I]: [6],3,63,51,8,-231,-373,17306
(881.200)[I]: [5],3,6,4,0,-1869,151,-2514(881.200)[I]: [6],3,63,49,8,-229,-372,17306
(881.210)[I]: [5],2,6,4,0,-1855,182,-2503(881.210)[I]: [6],3,63,48,7,-227,-372,17305
(881.220)[I]: [5],1,6,0,0,-1804,196,-2472(881.220)[I]: [6],4,67,47,7,-225,-373,17305
(881.230)[I]: [5],0,6,0,0,-1720,209,-2446(881.230)[I]: [6],4,66,47,9,-222,-373,17305
(881.240)[I]: [5],0,6,0,0,-1616,226,-2449(881.240)[I]: [6],3,63,48,9,-220,-373,17305
(881.250)[I]: [5],0,6,0,0,-1500,255,-2486(881.250)[I]: [6],3,62,44,9,-218,-374,17305
(881.260)[I]: [5],0,6,0,0,-1379,296,-2549(881.260)[I]: [6],3,59,42,9,-216,-373,17305
(881.270)[I]: [5],0,6,0,0,-1255,347,-2616(881.270)[I]: [6],3,58,39,10,-214,-373,17305
(881.280)[I]: [5],0,5,0,0,-1132,406,-2673(881.280)[I]: [6],3,58,37,10,-211,-373,17304
(881.290)[I]: [5],0,5,0,0,-1013,458,-2719(881.290)[I]: [6],3,58,35,10,-209,-373,17304
(881.300)[I]: [5],0,5,0,0,-904,498,-2756(881.300)[I]: [6],2,58,31,10,-207,-372,17304
(881.310)[I]: [5],0,6,0,0,-803,520,-2792(881.310)[I]: [6],2,60,30,10,-205,-372,17304
(881.320)[I]: [5],0,6,0,0,-715,529,-2828(881.320)[I]: [6],2,61,29,10,-203,-372,17304
(881.330)[I]: [5],0,6,4,0,-638,529,-2869(881.330)[I]: [6],3,62,29,10,-201,-373,17304
(881.340)[I]: [5],0,5,0,0,-571,517,-2913(881.340)[I]: [6],2,63,28,13,-199,-372,17304
(881.350)[I]: [5],0,6,0,0,-513,495,-2960(881.350)[I]: [6],3,63,26,14,-197,-373,17304
(881.360)[I]: [5],0,6,0,0,-462,465,-3008(881.360)[I]: [6],3,63,26,15,-195,-373,17303
(881.370)[I]: [5],0,5,0,0,-417,432,-3055(881.370)[I]: [6],3,63,26,15,-193,-372,17303
(881.380)[I]: [5],0,6,0,0,-377,398,-3100(881.380)[I]: [6],3,67,26,15,-191,-372,17303
(881.390)[I]: [5],0,5,0,0,-340,365,-3144(881.390)[I]: [6],3,70,25,16,-189,-372,17303
(881.400)[I]: [5],0,6,0,0,-307,333,-3185(881.400)[I]: [6],3,73,25,15,-187,-372,17303
(881.410)[I]: [5],0,6,0,0,-275,305,-3220(881.410)[I]: [6],3,76,25,15,-185,-372,17303
(881.420)[I]: [5],0,6,0,0,-244,285,-3247(881.420)[I]: [6],4,79,28,15,-184,-372,17303
(881.430)[I]: [5],0,5,0,0,-212,275,-3267(881.430)[I]: [6],3,82,30,15,-182,-372,17303
(881.440)[I]: [5],0,5,0,0,-176,277,-3278(881.440)[I]: [6],3,84,31,13,-180,-372,17302
(881.450)[I]: [5],0,5,0,0,-136,287,-3279(881.450)[I]: [6],4,86,31,11,-178,-367,17303
(881.460)[I]: [5],0,5,0,0,-94,302,-3274(881.460)[I]: [6],5,88,35,9,-182,-365,17299
(881.470)[I]: [5],0,5,0,0,-49,316,-3261(881.470)[I]: [6],7,94,31,8,-180,-364,17299
(881.480)[I]: [5],0,5,0,0,-1,329,-3238(881.480)[I]: [6],9,99,35,8,-178,-364,17299
(881.490)[I]: [5],0,5,0,0,46,340,-3207(881.490)[I]: [6],9,101,31,8,-177,-366,17298
(881.500)[I]: [5],0,5,0,0,96,346,-3172(881.500)[I]: [6],11,101,42,7,-175,-366,17298
(881.510)[I]: [5],0,5,0,0,147,343,-3138(881.510)[I]: [6],12,107,47,7,-173,-366,17298
(881.520)[I]: [5],0,5,0,0,196,329,-3107(881.520)[I]: [6],12,109,51,7,-171,-366,17298
(881.530)[I]: [5],0,5,0,0,245,306,-3083(881.530)[I]: [6],11,115,53,6,-171,-366,17293
(881.540)[I]: [5],0,5,0,0,294,280,-3067(881.540)[I]: [6],12,118,47,7,-170,-367,17287
(881.550)[I]: [5],0,6,4,1,341,220,-2912(881.550)[I]: [6],11,126,49,5,-169,-370,17279
(881.560)[I]: [5],0,4,0,10,384,48,-2760(881.560)[I]: [6],13,130,49,4,-167,-376,17269
(881.570)[I]: [5],0,3,0,16,396,-78,-2547(881.570)[I]: [6],14,135,54,3,-164,-383,17261
(881.580)[I]: [5],1,3,0,20,408,-172,-2341(881.580)[I]: [6],15,138,49,3,-161,-389,17255
(881.590)[I]: [5],0,4,12,23,433,-216,-2222(881.591)[I]: [6],15,140,50,3,-159,-394,17246
(881.600)[I]: [5],0,7,36,28,424,-197,-2178(881.601)[I]: [6],15,152,49,3,-159,-401,17234
(881.610)[I]: [5],0,6,36,35,415,-184,-2183(881.611)[I]: [6],14,159,48,3,-157,-414,17220
(881.620)[I]: [5],0,5,32,28,413,-184,-2178(881.621)[I]: [6],13,168,42,3,-153,-469,17191
(881.630)[I]: [5],0,7,36,20,411,-188,-2165(881.631)[I]: [6],13,178,30,1,-149,-568,17111
(881.640)[I]: [5],0,8,36,20,407,-188,-2149(881.641)[I]: [6],12,181,21,2,-141,-615,17004
(881.650)[I]: [5],0,8,48,20,405,-181,-2135(881.651)[I]: [6],11,171,10,1,-127,-627,16848
(881.660)[I]: [5],0,10,52,25,404,-174,-2129(881.661)[I]: [6],11,152,3,0,-113,-661,16656
(881.670)[I]: [5],0,10,52,31,403,-164,-2130(881.671)[I]: [6],12,112,6,0,-95,-696,16429
(881.680)[I]: [5],0,11,56,47,402,-156,-2133(881.681)[I]: [6],13,93,3,0,-68,-730,16160
(881.690)[I]: [5],0,12,52,55,398,-155,-2133(881.691)[I]: [6],15,58,3,0,-12,-777,15862
(881.700)[I]: [5],0,12,60,70,394,-156,-2133(881.701)[I]: [6],17,41,1,0,49,-856,15552
(881.710)[I]: [5],0,11,68,77,393,-150,-2136(881.711)[I]: [6],17,26,1,0,110,-954,15239
(881.720)[I]: [5],0,11,68,86,391,-143,-2137(881.721)[I]: [6],14,19,0,0,172,-1056,14942
(881.730)[I]: [5],0,9,68,97,389,-137,-2138(881.731)[I]: [6],3,14,0,0,237,-1177,14644
(881.740)[I]: [5],0,9,84,96,386,-131,-2139(881.741)[I]: [6],0,15,0,2,302,-1352,14361
(881.750)[I]: [5],0,9,92,96,385,-125,-2139(881.751)[I]: [6],0,14,0,1,347,-1550,14237
(881.760)[I]: [5],0,9,92,91,381,-124,-2139(881.761)[I]: [6],0,13,1,2,380,-1633,14227
(881.770)[I]: [5],0,9,100,88,377,-123,-2139(881.771)[I]: [6],0,12,1,2,396,-1686,14274
(881.780)[I]: [5],0,9,104,81,373,-122,-2140(881.781)[I]: [6],0,14,2,2,437,-1647,14360
(881.790)[I]: [5],0,8,112,69,370,-120,-2140(881.791)[I]: [6],0,13,1,2,498,-1564,14438
(881.800)[I]: [5],0,9,112,62,366,-119,-2140(881.801)[I]: [6],0,12,1,1,557,-1482,14520
(881.810)[I]: [5],0,9,112,57,362,-117,-2140(881.811)[I]: [6],0,11,0,1,599,-1416,14619
(881.820)[I]: [5],0,9,112,54,359,-117,-2140(881.821)[I]: [6],0,11,0,2,617,-1365,14731
(881.830)[I]: [5],0,10,116,50,355,-118,-2140(881.831)[I]: [6],0,12,0,1,602,-1328,14841
(881.840)[I]: [5],0,12,120,49,352,-119,-2140(881.841)[I]: [6],0,12,0,2,561,-1289,14940
(881.850)[I]: [5],0,11,120,45,348,-120,-2140(881.851)[I]: [6],0,13,0,2,499,-1240,15029
(881.860)[I]: [5],0,12,124,41,345,-121,-2140(881.861)[I]: [6],0,12,1,1,427,-1168,15115
(881.870)[I]: [5],0,11,124,38,341,-121,-2140(881.871)[I]: [6],0,12,1,1,350,-1075,15196
(881.880)[I]: [5],0,12,124,34,338,-119,-2140(881.881)[I]: [6],0,12,1,1,283,-970,15265
(881.890)[I]: [5],0,13,124,35,334,-118,-2140(881.891)[I]: [6],0,12,1,1,236,-863,15313
(881.900)[I]: [5],0,15,124,35,331,-117,-2140(881.901)[I]: [6],0,11,1,1,213,-759,15340
(881.910)[I]: [5],0,17,124,36,328,-119,-2140(881.911)[I]: [6],0,13,1,2,214,-665,15360
(881.920)[I]: [5],0,18,124,32,325,-128,-2138(881.921)[I]: [6],0,13,1,1,241,-581,15386
(881.930)[I]: [5],0,24,120,34,321,-137,-2138(881.931)[I]: [6],0,11,1,2,284,-510,15416
(881.940)[I]: [5],0,29,120,32,317,-148,-2137(881.941)[I]: [6],0,11,1,1,341,-445,15445
(881.950)[I]: [5],3,31,108,31,313,-160,-2136(881.951)[I]: [6],0,11,0,2,399,-380,15475
(881.960)[I]: [5],4,34,96,31,310,-170,-2135(881.961)[I]: [6],0,11,1,1,452,-312,15503
(881.970)[I]: [5],3,35,88,30,308,-177,-2134(881.971)[I]: [6],0,11,0,0,493,-235,15524
(881.980)[I]: [5],4,36,84,31,305,-178,-2134(881.981)[I]: [6],0,12,1,0,517,-147,15537
(881.990)[I]: [5],3,37,76,32,302,-178,-2134(881.991)[I]: [6],0,12,1,0,521,-54,15539
(881.999)[I]: [5],6,38,60,32,299,-179,-2134(881.999)[I]: [6],0,12,0,0,508,34,15532
(881.999)[I]: [5],6,39,60,32,296,-180,-2134(881.999)[I]: [6],0,12,1,0,477,120,15520
(881.999)[I]: [5],6,42,60,32,293,-180,-2134(881.999)[I]: [6],0,12,1,0,435,199,15509
(882.006)[I]: [5],5,46,60,26,290,-180,-2134(882.007)[I]: [6],0,13,0,0,381,263,15510
(882.016)[I]: [5],4,46,56,24,287,-180,-2134(882.017)[I]: [6],0,13,0,1,320,316,15532
(882.026)[I]: [5],4,47,60,24,284,-181,-2134(882.027)[I]: [6],0,13,1,1,259,357,15576
(882.036)[I]: [5],4,47,52,24,281,-181,-2134(882.037)[I]: [6],0,14,1,1,208,390,15643
(882.046)[I]: [5],4,48,48,24,278,-182,-2134(882.047)[I]: [6],0,15,1,1,173,416,15727
(882.056)[I]: [5],5,51,48,25,276,-183,-2134(882.057)[I]: [6],0,15,0,1,156,439,15825
(882.066)[I]: [5],5,50,52,26,273,-183,-2134(882.067)[I]: [6],0,14,0,1,155,457,15932
(882.076)[I]: [5],4,50,48,26,270,-182,-2134(882.077)[I]: [6],0,14,0,0,166,467,16044
(882.086)[I]: [5],5,49,48,26,267,-181,-2134(882.087)[I]: [6],0,14,0,0,180,468,16154
(882.096)[I]: [5],6,48,48,31,265,-181,-2134(882.097)[I]: [6],0,14,0,0,192,461,16258
(882.106)[I]: [5],6,54,48,35,262,-182,-2134(882.107)[I]: [6],0,14,0,0,194,450,16352
(882.116)[I]: [5],6,56,48,39,259,-183,-2134(882.117)[I]: [6],0,14,1,0,184,437,16436
(882.126)[I]: [5],7,61,52,40,257,-184,-2134(882.127)[I]: [6],0,14,1,0,161,425,16505
(882.136)[I]: [5],8,63,56,39,254,-184,-2134(882.137)[I]: [6],0,14,0,0,127,414,16556
(882.146)[I]: [5],9,66,60,37,252,-184,-2134(882.147)[I]: [6],0,14,0,0,85,409,16589
(882.156)[I]: [5],12,68,60,34,250,-184,-2131(882.157)[I]: [6],0,15,1,0,38,407,16605
(882.166)[I]: [5],14,74,64,33,248,-183,-2129(882.167)[I]: [6],0,14,1,0,-9,407,16610
(882.176)[I]: [5],15,75,68,25,246,-183,-2129(882.177)[I]: [6],0,14,1,0,-52,403,16608
(882.186)[I]: [5],15,76,80,24,244,-183,-2129(882.187)[I]: [6],0,14,1,0,-85,390,16606
(882.196)[I]: [5],17,75,76,23,241,-182,-2129(882.197)[I]: [6],0,14,1,0,-104,372,16605
(882.206)[I]: [5],17,76,76,28,239,-182,-2129(882.207)[I]: [6],0,13,1,0,-106,354,16605
(882.216)[I]: [5],17,80,84,32,236,-183,-2129(882.217)[I]: [6],0,13,2,0,-90,342,16603
(882.226)[I]: [5],19,83,92,33,234,-184,-2129(882.227)[I]: [6],0,12,1,0,-60,339,16597
(882.236)[I]: [5],22,87,96,23,232,-185,-2122(882.237)[I]: [6],0,12,1,0,-21,343,16585
(882.246)[I]: [5],24,92,108,24,230,-185,-2120(882.247)[I]: [6],0,12,1,0,22,354,16569
(882.256)[I]: [5],26,96,120,17,229,-185,-2113(882.257)[I]: [6],0,12,1,0,66,366,16554
(882.266)[I]: [5],29,100,124,16,227,-185,-2106(882.267)[I]: [6],0,12,1,0,105,376,16539
(882.276)[I]: [5],31,103,124,17,225,-184,-2098(882.277)[I]: [6],0,12,1,0,135,383,16521
(882.286)[I]: [5],31,107,124,14,224,-184,-2091(882.287)[I]: [6],0,12,1,0,157,385,16498
(882.296)[I]: [5],34,109,140,12,222,-185,-2084(882.297)[I]: [6],0,15,2,0,180,381,16473
(882.306)[I]: [5],36,114,144,10,219,-187,-2078(882.307)[I]: [6],0,17,1,0,158,305,16673
(882.316)[I]: [5],39,121,148,10,217,-191,-2071(882.317)[I]: [6],0,20,2,0,153,265,16901
(882.326)[I]: [5],44,127,152,10,215,-194,-2064(882.327)[I]: [6],0,19,5,0,136,204,17092
(882.336)[I]: [5],45,134,148,9,213,-198,-2055(882.337)[I]: [6],0,23,8,0,146,175,17324
(882.346)[I]: [5],43,136,156,7,211,-202,-2041(882.347)[I]: [6],0,20,10,1,122,-87,17464
(882.356)[I]: [5],46,138,156,5,209,-205,-2020(882.357)[I]: [6],0,22,10,4,177,-66,17457
(882.366)[I]: [5],48,141,156,5,206,-210,-1995(882.367)[I]: [6],0,29,12,7,142,-103,17397
(882.376)[I]: [5],52,148,156,2,203,-219,-1965(882.377)[I]: [6],0,34,14,7,161,-118,17350
(882.386)[I]: [5],53,154,152,1,199,-232,-1925(882.387)[I]: [6],0,36,15,9,166,-119,17350
(882.396)[I]: [5],57,162,148,0,193,-273,-1875(882.397)[I]: [6],0,31,15,8,165,-108,17361
(882.406)[I]: [5],63,170,140,0,188,-342,-1819(882.407)[I]: [6],0,30,16,7,163,-105,17362
(882.416)[I]: [5],69,173,104,0,184,-406,-1756(882.417)[I]: [6],0,28,15,7,162,-101,17356
(882.426)[I]: [5],76,171,88,0,177,-434,-1673(882.427)[I]: [6],0,29,18,6,161,-96,17351
(882.436)[I]: [5],76,165,68,0,175,-455,-1568(882.437)[I]: [6],0,28,20,7,159,-90,17348
(882.446)[I]: [5],73,155,36,0,174,-452,-1428(882.447)[I]: [6],0,30,19,7,157,-90,17348
(882.456)[I]: [5],75,133,16,0,173,-434,-1242(882.457)[I]: [6],0,30,23,8,155,-89,17348
(882.466)[I]: [5],70,96,12,0,169,-420,-1019(882.467)[I]: [6],0,31,20,8,154,-88,17348
(882.476)[I]: [5],66,69,8,0,165,-414,-750(882.476)[I]: [6],0,31,23,9,152,-88,17348
(882.486)[I]: [5],58,35,4,0,156,-421,-437(882.486)[I]: [6],0,35,26,11,151,-91,17348
(882.496)[I]: [5],48,18,4,0,146,-462,-103(882.496)[I]: [6],0,35,25,12,149,-93,17348
(882.506)[I]: [5],40,15,0,0,132,-513,237(882.506)[I]: [6],0,33,27,14,148,-96,17348
(882.516)[I]: [5],29,10,0,0,106,-548,564(882.516)[I]: [6],0,38,31,17,146,-97,17349
(882.526)[I]: [5],16,11,4,0,63,-585,898(882.526)[I]: [6],0,37,38,17,145,-99,17349
(882.536)[I]: [5],5,7,0,0,12,-652,1166(882.536)[I]: [6],0,36,40,16,143,-100,17349
(882.546)[I]: [5],3,4,0,0,-38,-731,1321(882.546)[I]: [6],0,39,41,16,142,-100,17349
(882.556)[I]: [5],3,5,0,0,-108,-791,1404(882.556)[I]: [6],1,37,47,15,141,-99,17349
(882.566)[I]: [5],3,5,0,0,-174,-865,1400(882.566)[I]: [6],2,33,47,14,139,-99,17349
(882.576)[I]: [5],3,5,4,0,-249,-884,1333(882.576)[I]: [6],1,31,50,12,138,-99,17349
(882.586)[I]: [5],4,3,4,0,-341,-879,1232(882.586)[I]: [6],1,34,54,13,136,-100,17349
(882.596)[I]: [5],3,3,4,0,-443,-866,1122(882.596)[I]: [6],2,35,59,14,135,-101,17349
(882.606)[I]: [5],3,3,0,0,-546,-863,1005(882.606)[I]: [6],1,41,57,12,134,-102,17349
(882.616)[I]: [5],3,3,0,0,-647,-876,884(882.616)[I]: [6],2,41,57,12,132,-103,17349
(882.626)[I]: [5],3,4,0,0,-739,-893,775(882.626)[I]: [6],2,39,58,11,131,-104,17349
(882.636)[I]: [5],3,3,4,0,-825,-906,689(882.636)[I]: [6],2,40,57,10,130,-106,17349
(882.646)[I]: [5],3,4,0,0,-905,-915,618(882.646)[I]: [6],2,40,58,10,128,-108,17349
(882.656)[I]: [5],3,4,0,0,-979,-915,538(882.656)[I]: [6],1,38,59,10,127,-109,17349
(882.666)[I]: [5],3,3,0,0,-1044,-905,429(882.666)[I]: [6],1,38,62,10,126,-109,17349
(882.676)[I]: [5],3,3,0,0,-1100,-878,281(882.676)[I]: [6],1,41,63,10,125,-110,17349
(882.686)[I]: [5],3,3,0,0,-1143,-829,105(882.686)[I]: [6],1,42,63,10,123,-111,17349
(882.696)[I]: [5],2,3,0,0,-1173,-762,-81(882.696)[I]: [6],2,40,66,9,122,-112,17349
(882.706)[I]: [5],3,3,0,0,-1194,-678,-258(882.706)[I]: [6],2,40,63,10,121,-112,17349
(882.716)[I]: [5],3,3,0,0,-1210,-585,-415(882.716)[I]: [6],1,39,67,10,120,-113,17349
(882.726)[I]: [5],3,3,0,0,-1223,-493,-542(882.726)[I]: [6],0,41,67,11,119,-114,17349
(882.736)[I]: [5],2,3,0,0,-1233,-413,-634(882.736)[I]: [6],0,42,67,10,117,-116,17350
(882.746)[I]: [5],3,3,0,0,-1238,-357,-688(882.746)[I]: [6],0,43,66,10,116,-117,17350
(882.756)[I]: [5],1,3,0,0,-1239,-328,-737(882.756)[I]: [6],0,42,66,9,115,-118,17350
(882.766)[I]: [5],1,3,0,0,-1240,-320,-828(882.766)[I]: [6],0,41,63,10,114,-119,17350
(882.776)[I]: [5],3,3,0,0,-1247,-310,-978(882.776)[I]: [6],0,41,62,10,113,-119,17350
(882.786)[I]: [5],3,3,0,0,-1257,-282,-1165(882.786)[I]: [6],0,40,60,11,112,-121,17350
(882.796)[I]: [5],3,3,0,0,-1271,-230,-1360(882.796)[I]: [6],0,40,61,10,110,-122,17350
(882.806)[I]: [5],3,3,0,0,-1288,-157,-1541(882.806)[I]: [6],0,42,61,9,109,-123,17350
(882.816)[I]: [5],3,3,0,0,-1305,-75,-1700(882.816)[I]: [6],1,47,61,10,108,-124,17350
(882.826)[I]: [5],3,3,0,0,-1322,2,-1834(882.826)[I]: [6],1,48,62,9,107,-125,17350
(882.836)[I]: [5],3,3,0,0,-1332,77,-1937(882.836)[I]: [6],1,49,62,7,106,-126,17350
(882.846)[I]: [5],3,3,0,0,-1330,147,-2009(882.846)[I]: [6],1,49,62,10,105,-126,17350
(882.856)[I]: [5],2,3,0,0,-1316,206,-2060(882.856)[I]: [6],1,49,62,10,104,-128,17350
(882.866)[I]: [5],2,3,0,0,-1289,248,-2104(882.866)[I]: [6],0,49,62,8,103,-129,17350
(882.876)[I]: [5],0,3,0,0,-1250,272,-2157(882.876)[I]: [6],0,49,63,7,102,-129,17350
(882.886)[I]: [5],0,3,0,0,-1202,281,-2232(882.886)[I]: [6],0,49,63,7,101,-130,17350
(882.896)[I]: [5],0,3,0,0,-1150,281,-2327(882.896)[I]: [6],1,49,63,7,100,-131,17350
(882.906)[I]: [5],0,3,0,0,-1095,285,-2441(882.906)[I]: [6],1,49,66,7,99,-133,17350
(882.916)[I]: [5],0,3,0,0,-1038,299,-2560(882.916)[I]: [6],1,48,67,8,98,-134,17350
(882.926)[I]: [5],0,3,0,0,-978,318,-2680(882.926)[I]: [6],1,48,70,8,97,-134,17350
(882.936)[I]: [5],0,3,0,0,-914,341,-2803(882.936)[I]: [6],1,48,70,8,96,-135,17350
(882.946)[I]: [5],0,3,0,0,-847,363,-2922(882.946)[I]: [6],1,48,69,8,95,-136,17350
(882.956)[I]: [5],0,3,0,0,-777,378,-3034(882.956)[I]: [6],0,46,68,11,94,-136,17350
(882.966)[I]: [5],0,3,0,0,-705,379,-3134(882.966)[I]: [6],0,45,68,11,93,-137,17350
(882.976)[I]: [5],0,3,0,0,-633,363,-3218(882.976)[I]: [6],0,44,67,12,92,-137,17350
(882.986)[I]: [5],0,3,0,0,-560,334,-3290(882.986)[I]: [6],0,43,63,14,91,-137,17351
(882.996)[I]: [5],0,3,0,0,-488,304,-3350(882.996)[I]: [6],0,43,69,14,90,-138,17351
(882.999)[I]: [5],0,3,0,0,-420,284,-3403(882.999)[I]: [6],0,45,71,13,89,-140,17351
(882.999)[I]: [5],0,3,0,0,-360,273,-3451(882.999)[I]: [6],0,46,73,11,89,-142,17351
(883.002)[I]: [5],0,3,0,0,-308,274,-3494(883.002)[I]: [6],0,47,74,11,88,-143,17351
(883.012)[I]: [5],0,3,0,0,-264,280,-3527(883.012)[I]: [6],0,47,78,10,87,-144,17351
(883.022)[I]: [5],0,3,0,0,-226,293,-3547(883.022)[I]: [6],0,47,85,13,86,-144,17351
(883.032)[I]: [5],0,3,0,0,-195,309,-3549(883.032)[I]: [6],1,48,89,9,85,-143,17351
(883.042)[I]: [5],0,3,0,0,-170,321,-3534(883.042)[I]: [6],1,48,90,10,84,-144,17351
(883.052)[I]: [5],0,3,0,0,-152,327,-3507(883.052)[I]: [6],1,49,94,8,83,-144,17351
(883.062)[I]: [5],0,3,0,0,-141,324,-3478(883.062)[I]: [6],2,48,95,8,82,-144,17351
(883.072)[I]: [5],0,3,0,0,-139,317,-3452(883.072)[I]: [6],2,48,97,8,82,-144,17351
(883.082)[I]: [5],0,3,0,0,-144,312,-3432(883.082)[I]: [6],2,48,97,9,86,-142,17351
(883.092)[I]: [5],0,3,0,0,-159,313,-3415(883.092)[I]: [6],2,49,97,8,85,-144,17351
(883.102)[I]: [5],0,3,0,0,-180,318,-3391(883.102)[I]: [6],3,51,101,8,85,-145,17351
(883.112)[I]: [5],0,3,0,0,-206,322,-3357(883.112)[I]: [6],3,51,99,12,84,-147,17351
(883.122)[I]: [5],0,3,0,0,-231,323,-3312(883.122)[I]: [6],3,51,99,9,83,-147,17351
(883.132)[I]: [5],0,3,0,0,-255,319,-3264(883.132)[I]: [6],4,51,98,8,82,-152,17351
(883.142)[I]: [5],0,3,0,0,-273,305,-3223(883.142)[I]: [6],3,54,98,6,81,-154,17351
(883.152)[I]: [5],0,3,0,0,-286,286,-3196(883.152)[I]: [6],4,56,102,5,80,-154,17351
(883.162)[I]: [5],0,3,0,0,-291,263,-3184(883.162)[I]: [6],4,60,104,5,80,-154,17351
(883.172)[I]: [5],0,3,0,0,-289,240,-3182(883.172)[I]: [6],3,63,108,5,79,-158,17351
(883.182)[I]: [5],0,3,0,0,-282,219,-3187(883.182)[I]: [6],5,63,111,5,78,-158,17351
(883.192)[I]: [5],0,3,0,0,-277,215,-3180(883.192)[I]: [6],5,70,112,5,77,-158,17351
(883.202)[I]: [5],0,3,0,5,-265,74,-3056(883.202)[I]: [6],5,71,114,5,78,-160,17346
(883.212)[I]: [5],0,2,4,10,-267,-43,-2908(883.212)[I]: [6],5,74,115,4,79,-162,17339
(883.222)[I]: [5],0,2,0,13,-284,-176,-2720(883.222)[I]: [6],5,75,113,4,80,-163,17332
(883.232)[I]: [5],1,2,4,16,-282,-259,-2535(883.233)[I]: [6],6,79,105,3,81,-166,17320
(883.242)[I]: [5],2,3,0,17,-248,-287,-2396(883.242)[I]: [6],6,89,98,3,83,-175,17299
(883.252)[I]: [5],0,3,16,21,-213,-253,-2328(883.253)[I]: [6],7,92,82,2,84,-183,17246
(883.262)[I]: [5],0,5,24,28,-221,-229,-2300(883.263)[I]: [6],6,93,73,1,86,-185,17182
(883.272)[I]: [5],0,5,36,34,-228,-222,-2286(883.273)[I]: [6],7,95,62,0,86,-190,17064
(883.282)[I]: [5],0,5,48,32,-225,-216,-2270(883.283)[I]: [6],8,93,45,0,84,-186,16904
(883.292)[I]: [5],0,4,44,39,-222,-215,-2252(883.293)[I]: [6],9,85,22,0,88,-176,16714
(883.302)[I]: [5],0,7,56,44,-220,-213,-2236(883.303)[I]: [6],10,78,11,0,91,-170,16496
(883.312)[I]: [5],0,8,44,56,-218,-203,-2226(883.313)[I]: [6],12,63,7,0,95,-174,16245
(883.322)[I]: [5],0,11,52,69,-216,-196,-2222(883.323)[I]: [6],14,54,6,0,105,-184,15967
(883.332)[I]: [5],0,11,60,84,-214,-195,-2222(883.333)[I]: [6],17,35,5,0,130,-214,15677
(883.342)[I]: [5],0,12,60,95,-211,-194,-2222(883.343)[I]: [6],17,24,3,0,155,-285,15386
(883.352)[I]: [5],0,11,60,102,-209,-193,-2222(883.353)[I]: [6],21,22,4,0,173,-383,15091
(883.362)[I]: [5],0,10,60,115,-207,-193,-2222(883.363)[I]: [6],12,17,2,1,213,-466,14788
(883.372)[I]: [5],0,10,60,115,-205,-193,-2222(883.373)[I]: [6],6,15,3,1,261,-592,14491
(883.382)[I]: [5],0,8,60,121,-203,-193,-2222(883.383)[I]: [6],0,14,3,2,309,-795,14248
(883.392)[I]: [5],0,7,60,119,-201,-193,-2222(883.393)[I]: [6],0,14,4,2,337,-991,14153
(883.402)[I]: [5],0,7,60,120,-199,-193,-2222(883.403)[I]: [6],0,13,5,2,364,-1082,14119
(883.412)[I]: [5],0,6,60,119,-197,-193,-2222(883.413)[I]: [6],0,13,3,2,377,-1161,14143
(883.422)[I]: [5],0,6,60,119,-195,-192,-2222(883.423)[I]: [6],0,13,3,2,404,-1135,14200
(883.432)[I]: [5],0,5,52,115,-193,-192,-2222(883.433)[I]: [6],0,13,3,1,431,-1071,14249
(883.442)[I]: [5],0,6,52,110,-191,-192,-2222(883.443)[I]: [6],0,12,3,1,462,-997,14293
(883.452)[I]: [5],0,6,52,107,-189,-191,-2222(883.453)[I]: [6],0,11,3,2,476,-928,14354
(883.462)[I]: [5],0,6,52,103,-187,-191,-2222(883.463)[I]: [6],0,11,2,2,462,-883,14461
(883.472)[I]: [5],0,6,52,100,-186,-191,-2222(883.473)[I]: [6],0,11,2,1,410,-853,14611
(883.482)[I]: [5],0,6,52,100,-184,-191,-2222(883.483)[I]: [6],0,11,2,1,334,-831,14784
(883.492)[I]: [5],0,5,52,99,-182,-190,-2222(883.493)[I]: [6],0,12,2,1,244,-809,14968
(883.502)[I]: [5],0,6,52,97,-180,-191,-2222(883.503)[I]: [6],0,12,3,1,151,-776,15153
(883.512)[I]: [5],0,5,52,99,-178,-191,-2222(883.513)[I]: [6],0,13,2,1,59,-729,15330
(883.522)[I]: [5],0,5,52,98,-176,-191,-2222(883.523)[I]: [6],0,11,2,1,-23,-669,15489
(883.532)[I]: [5],0,4,52,95,-175,-191,-2222(883.533)[I]: [6],0,11,2,1,-92,-604,15618
(883.542)[I]: [5],0,4,48,97,-173,-192,-2222(883.543)[I]: [6],0,10,2,1,-144,-541,15700
(883.552)[I]: [5],0,5,44,97,-171,-194,-2222(883.553)[I]: [6],0,10,2,1,-179,-486,15728
(883.562)[I]: [5],0,4,40,95,-170,-194,-2222(883.563)[I]: [6],0,11,2,1,-197,-439,15715
(883.572)[I]: [5],0,5,40,93,-168,-193,-2222(883.573)[I]: [6],0,11,1,1,-197,-398,15681
(883.582)[I]: [5],0,6,36,93,-166,-193,-2222(883.583)[I]: [6],0,10,1,1,-175,-362,15649
(883.592)[I]: [5],0,5,40,91,-165,-193,-2222(883.593)[I]: [6],0,10,1,1,-134,-328,15637
(883.602)[I]: [5],0,7,36,89,-163,-193,-2222(883.603)[I]: [6],0,10,0,1,-77,-294,15651
(883.612)[I]: [5],0,9,40,89,-163,-196,-2221(883.613)[I]: [6],0,11,1,1,-14,-255,15682
(883.622)[I]: [5],2,12,36,88,-161,-196,-2221(883.623)[I]: [6],0,12,1,1,51,-204,15719
(883.632)[I]: [5],4,12,36,90,-159,-197,-2221(883.633)[I]: [6],0,13,1,1,114,-139,15754
(883.642)[I]: [5],4,13,28,88,-158,-198,-2221(883.643)[I]: [6],0,12,0,0,172,-70,15772
(883.652)[I]: [5],5,15,36,82,-156,-199,-2221(883.653)[I]: [6],0,12,0,0,221,11,15771
(883.662)[I]: [5],5,20,36,77,-155,-199,-2221(883.663)[I]: [6],0,11,1,0,258,109,15748
(883.672)[I]: [5],4,19,32,73,-153,-199,-2221(883.673)[I]: [6],0,10,1,1,281,221,15705
(883.682)[I]: [5],4,24,32,69,-152,-199,-2221(883.683)[I]: [6],0,10,1,1,292,341,15654
(883.692)[I]: [5],4,22,32,60,-150,-200,-2221(883.693)[I]: [6],0,10,1,1,290,458,15612
(883.702)[I]: [5],4,26,32,57,-150,-204,-2215(883.703)[I]: [6],0,9,1,1,274,562,15592
(883.712)[I]: [5],3,27,40,51,-152,-207,-2206(883.713)[I]: [6],0,11,1,1,244,646,15604
(883.722)[I]: [5],2,31,32,51,-152,-209,-2199(883.723)[I]: [6],0,10,1,1,201,707,15652
(883.732)[I]: [5],3,39,36,51,-152,-212,-2193(883.733)[I]: [6],0,10,2,1,150,744,15733
(883.742)[I]: [5],3,41,32,51,-151,-212,-2193(883.743)[I]: [6],0,10,1,1,91,757,15838
(883.752)[I]: [5],3,44,36,50,-149,-213,-2193(883.753)[I]: [6],0,10,3,1,29,754,15955
(883.762)[I]: [5],3,45,32,43,-148,-214,-2193(883.763)[I]: [6],0,10,3,1,-31,742,16073
(883.772)[I]: [5],3,46,32,35,-146,-214,-2193(883.773)[I]: [6],0,10,3,1,-89,720,16178
(883.782)[I]: [5],3,49,32,34,-146,-216,-2187(883.783)[I]: [6],0,10,3,1,-146,688,16266
(883.792)[I]: [5],3,58,32,33,-146,-222,-2182(883.793)[I]: [6],0,11,3,1,-203,646,16334
(883.802)[I]: [5],4,67,36,28,-146,-226,-2175(883.803)[I]: [6],0,10,3,1,-262,592,16383
(883.812)[I]: [5],5,76,44,30,-147,-231,-2168(883.813)[I]: [6],0,12,3,1,-325,535,16421
(883.822)[I]: [5],5,88,52,30,-147,-233,-2161(883.823)[I]: [6],0,11,3,1,-389,486,16454
(883.832)[I]: [5],6,91,52,20,-145,-234,-2153(883.833)[I]: [6],0,11,3,1,-452,444,16490
(883.842)[I]: [5],10,95,52,19,-144,-233,-2143(883.843)[I]: [6],0,11,3,1,-511,409,16531
(883.852)[I]: [5],13,104,60,19,-144,-234,-2135(883.853)[I]: [6],0,13,2,1,-563,377,16576
(883.862)[I]: [5],15,111,60,20,-144,-236,-2126(883.863)[I]: [6],0,11,2,1,-605,345,16619
(883.872)[I]: [5],15,115,64,17,-144,-240,-2120(883.873)[I]: [6],0,10,2,1,-640,313,16656
(883.882)[I]: [5],21,127,68,19,-145,-244,-2113(883.883)[I]: [6],0,12,2,1,-666,284,16687
(883.892)[I]: [5],26,135,64,17,-145,-249,-2107(883.893)[I]: [6],0,13,1,1,-684,260,16717
(883.902)[I]: [5],29,143,72,15,-146,-254,-2102(883.903)[I]: [6],0,11,2,1,-694,244,16749
(883.912)[I]: [5],31,155,80,10,-146,-257,-2100(883.913)[I]: [6],0,11,1,1,-695,242,16779
(883.922)[I]: [5],40,166,92,12,-145,-259,-2096(883.923)[I]: [6],0,10,1,1,-688,251,16798
(883.932)[I]: [5],49,174,92,12,-145,-261,-2090(883.933)[I]: [6],0,10,1,0,-673,270,16797
(883.942)[I]: [5],57,184,100,10,-146,-263,-2081(883.943)[I]: [6],0,10,1,1,-654,292,16773
(883.952)[I]: [5],65,192,112,9,-146,-264,-2071(883.953)[I]: [6],0,10,0,1,-633,309,16731
(883.962)[I]: [5],77,202,112,7,-146,-265,-2058(883.963)[I]: [6],0,10,1,1,-613,321,16677
(883.972)[I]: [5],87,207,120,8,-146,-264,-2045(883.973)[I]: [6],0,10,1,1,-595,326,16621
(883.982)[I]: [5],92,215,120,7,-147,-266,-2033(883.983)[I]: [6],0,10,1,1,-577,326,16569
(883.992)[I]: [5],97,222,116,6,-147,-270,-2022(883.993)[I]: [6],0,10,1,1,-562,318,16526
(883.999)[I]: [5],103,229,112,6,-149,-275,-2010(883.999)[I]: [6],0,10,1,1,-548,301,16489
(883.999)[I]: [5],109,239,116,4,-150,-283,-1994(883.999)[I]: [6],0,11,1,1,-533,278,16454
(883.999)[I]: [5],113,244,116,3,-152,-295,-1972(883.999)[I]: [6],0,13,5,0,-553,179,16536
(884.008)[I]: [5],113,252,108,3,-154,-313,-1942(884.009)[I]: [6],0,14,9,0,-652,-1,16734
(884.018)[I]: [5],127,261,112,0,-158,-342,-1900(884.019)[I]: [6],0,21,14,0,-734,-71,16885
(884.028)[I]: [5],127,268,108,0,-163,-395,-1843(884.029)[I]: [6],0,24,16,0,-771,-126,17055
(884.038)[I]: [5],137,278,88,0,-164,-489,-1757(884.039)[I]: [6],0,29,24,0,-756,-159,17183
(884.048)[I]: [5],141,284,52,0,-167,-549,-1646(884.049)[I]: [6],0,30,25,1,-756,-397,17160
(884.058)[I]: [5],143,279,28,0,-172,-575,-1487(884.059)[I]: [6],0,36,26,3,-719,-423,17152
(884.068)[I]: [5],137,249,16,0,-177,-582,-1286(884.069)[I]: [6],0,49,31,6,-729,-491,17136
(884.078)[I]: [5],132,200,4,0,-185,-572,-1043(884.079)[I]: [6],2,53,30,9,-737,-512,17124
(884.088)[I]: [5],127,140,0,0,-187,-574,-765(884.088)[I]: [6],3,44,28,12,-734,-516,17120
(884.098)[I]: [5],111,91,4,0,-193,-586,-455(884.098)[I]: [6],3,48,31,15,-727,-516,17119
(884.108)[I]: [5],97,53,0,0,-208,-598,-120(884.108)[I]: [6],2,42,36,20,-722,-508,17119
(884.118)[I]: [5],87,30,4,0,-233,-615,225(884.118)[I]: [6],2,41,39,21,-719,-499,17119
(884.128)[I]: [5],66,23,0,0,-272,-649,578(884.128)[I]: [6],2,43,37,21,-714,-494,17119
(884.138)[I]: [5],49,14,0,0,-313,-710,918(884.138)[I]: [6],2,40,37,21,-707,-491,17119
(884.148)[I]: [5],31,13,0,0,-365,-784,1251(884.148)[I]: [6],2,42,37,21,-700,-488,17119
(884.158)[I]: [5],11,10,0,0,-406,-929,1521(884.159)[I]: [6],2,46,35,21,-693,-487,17119
(884.168)[I]: [5],5,8,0,0,-423,-1103,1688(884.168)[I]: [6],2,43,31,19,-686,-486,17118
(884.178)[I]: [5],3,6,0,0,-447,-1216,1759(884.178)[I]: [6],1,45,31,18,-679,-487,17118
(884.188)[I]: [5],3,5,0,0,-487,-1328,1735(884.188)[I]: [6],2,46,30,19,-673,-488,17117
(884.198)[I]: [5],3,6,0,0,-540,-1379,1650(884.198)[I]: [6],2,48,30,18,-666,-488,17116
(884.208)[I]: [5],3,5,4,0,-614,-1346,1507(884.208)[I]: [6],2,51,31,17,-659,-488,17116
(884.218)[I]: [5],3,5,0,0,-704,-1288,1346(884.218)[I]: [6],2,52,31,17,-653,-487,17115
(884.228)[I]: [5],3,5,0,0,-795,-1231,1192(884.228)[I]: [6],2,52,34,17,-646,-486,17115
(884.238)[I]: [5],3,5,0,0,-879,-1199,1053(884.238)[I]: [6],3,49,37,15,-640,-485,17115
(884.248)[I]: [5],3,5,0,0,-949,-1200,925(884.248)[I]: [6],2,49,36,14,-633,-484,17114
(884.258)[I]: [5],3,5,0,0,-1003,-1225,808(884.258)[I]: [6],3,49,39,15,-627,-482,17114
(884.268)[I]: [5],2,5,0,0,-1043,-1262,701(884.268)[I]: [6],3,45,41,14,-621,-482,17114
(884.278)[I]: [5],2,5,0,0,-1075,-1295,597(884.278)[I]: [6],3,46,43,12,-614,-481,17113
(884.288)[I]: [5],2,5,0,0,-1105,-1299,485(884.288)[I]: [6],3,46,45,11,-608,-480,17113
(884.298)[I]: [5],2,4,0,0,-1132,-1271,359(884.298)[I]: [6],4,49,49,9,-602,-480,17113
(884.308)[I]: [5],2,4,0,0,-1160,-1216,222(884.308)[I]: [6],4,56,49,9,-596,-479,17112
(884.318)[I]: [5],1,4,0,0,-1188,-1143,76(884.318)[I]: [6],4,51,57,7,-590,-478,17112
(884.328)[I]: [5],3,4,0,0,-1220,-1063,-75(884.328)[I]: [6],4,51,62,6,-584,-477,17111
(884.338)[I]: [5],3,4,0,0,-1253,-989,-221(884.338)[I]: [6],4,54,66,6,-578,-477,17111
(884.348)[I]: [5],3,4,0,0,-1288,-927,-356(884.348)[I]: [6],5,59,68,5,-573,-476,17111
(884.358)[I]: [5],3,4,0,0,-1322,-878,-476(884.358)[I]: [6],5,56,69,5,-567,-476,17110
(884.368)[I]: [5],3,4,0,0,-1353,-845,-578(884.368)[I]: [6],5,56,72,4,-561,-475,17110
(884.378)[I]: [5],3,4,0,0,-1374,-822,-671(884.378)[I]: [6],6,58,74,5,-556,-475,17110
(884.388)[I]: [5],3,4,0,0,-1382,-802,-762(884.388)[I]: [6],6,59,73,4,-550,-474,17109
(884.398)[I]: [5],3,5,0,0,-1373,-776,-852(884.398)[I]: [6],6,56,75,4,-545,-473,17109
(884.408)[I]: [5],3,5,0,0,-1350,-742,-932(884.408)[I]: [6],6,59,74,4,-539,-472,17109
(884.418)[I]: [5],2,5,0,0,-1313,-705,-1004(884.418)[I]: [6],6,59,74,4,-534,-471,17108
(884.428)[I]: [5],2,4,0,0,-1260,-668,-1073(884.428)[I]: [6],7,60,74,5,-528,-471,17108
(884.438)[I]: [5],3,4,0,0,-1196,-632,-1151(884.438)[I]: [6],7,59,76,4,-523,-470,17108
(884.448)[I]: [5],2,4,0,0,-1125,-586,-1249(884.448)[I]: [6],7,61,76,4,-518,-469,17107
(884.458)[I]: [5],2,4,0,0,-1050,-539,-1359(884.458)[I]: [6],7,60,76,5,-513,-468,17107
(884.468)[I]: [5],2,5,0,0,-980,-484,-1471(884.468)[I]: [6],7,58,77,5,-508,-468,17107
(884.478)[I]: [5],2,5,0,0,-919,-433,-1577(884.478)[I]: [6],6,56,79,4,-503,-468,17106
(884.488)[I]: [5],2,5,0,0,-873,-389,-1670(884.488)[I]: [6],6,57,81,5,-498,-467,17106
(884.498)[I]: [5],1,5,0,0,-837,-357,-1753(884.498)[I]: [6],6,58,83,5,-493,-466,17106
(884.508)[I]: [5],1,4,0,0,-808,-335,-1834(884.508)[I]: [6],5,58,83,4,-488,-465,17105
(884.518)[I]: [5],1,4,0,0,-781,-319,-1918(884.518)[I]: [6],6,57,85,4,-483,-465,17105
(884.528)[I]: [5],0,4,0,0,-751,-305,-2006(884.528)[I]: [6],6,56,85,5,-478,-464,17105
(884.538)[I]: [5],0,4,0,0,-713,-285,-2096(884.538)[I]: [6],6,56,84,5,-473,-463,17104
(884.548)[I]: [5],0,4,0,0,-664,-259,-2185(884.548)[I]: [6],6,55,83,5,-468,-463,17104
(884.558)[I]: [5],0,4,0,0,-602,-228,-2269(884.558)[I]: [6],5,55,84,5,-464,-463,17104
(884.568)[I]: [5],0,5,0,0,-529,-199,-2347(884.568)[I]: [6],5,56,84,5,-459,-462,17104
(884.578)[I]: [5],0,4,0,0,-447,-173,-2418(884.578)[I]: [6],5,55,84,5,-454,-461,17103
(884.588)[I]: [5],0,5,0,0,-361,-151,-2478(884.588)[I]: [6],4,54,85,5,-450,-460,17103
(884.598)[I]: [5],0,5,0,0,-275,-130,-2527(884.598)[I]: [6],5,54,83,5,-445,-460,17103
(884.608)[I]: [5],0,5,0,0,-191,-110,-2562(884.608)[I]: [6],5,55,83,6,-441,-459,17102
(884.618)[I]: [5],0,4,0,0,-112,-89,-2583(884.618)[I]: [6],2,53,81,6,-437,-458,17102
(884.628)[I]: [5],0,4,0,0,-39,-67,-2593(884.628)[I]: [6],2,54,80,7,-432,-458,17102
(884.638)[I]: [5],0,6,0,0,25,-76,-2508(884.638)[I]: [6],1,52,79,7,-428,-457,17102
(884.648)[I]: [5],0,4,0,5,98,-127,-2416(884.648)[I]: [6],2,51,79,7,-424,-457,17101
(884.658)[I]: [5],0,6,8,10,155,-157,-2317(884.658)[I]: [6],1,49,78,7,-419,-455,17101
(884.668)[I]: [5],0,7,20,13,192,-184,-2270(884.669)[I]: [6],1,49,75,7,-415,-454,17101
(884.678)[I]: [5],0,7,12,13,177,-211,-2244(884.679)[I]: [6],1,48,71,7,-411,-454,17101
(884.688)[I]: [5],0,7,20,12,165,-210,-2223(884.688)[I]: [6],1,48,66,7,-407,-452,17100
(884.698)[I]: [5],0,7,20,12,164,-198,-2218(884.699)[I]: [6],1,45,62,7,-403,-452,17100
(884.708)[I]: [5],0,7,24,13,164,-191,-2220(884.709)[I]: [6],0,43,60,7,-399,-451,17100
(884.718)[I]: [5],0,7,28,13,162,-191,-2220(884.719)[I]: [6],0,41,56,7,-395,-451,17100
(884.728)[I]: [5],0,6,28,12,160,-192,-2220(884.729)[I]: [6],0,41,50,6,-391,-450,17099
(884.738)[I]: [5],0,7,32,13,159,-190,-2219(884.739)[I]: [6],0,36,46,6,-387,-450,17099
(884.748)[I]: [5],0,6,28,12,158,-183,-2219(884.749)[I]: [6],0,31,45,6,-383,-449,17099
(884.758)[I]: [5],0,6,28,12,156,-176,-2220(884.759)[I]: [6],0,31,43,6,-379,-448,17099
(884.768)[I]: [5],0,6,28,12,155,-169,-2218(884.769)[I]: [6],0,31,42,6,-375,-448,17099
(884.778)[I]: [5],0,7,28,15,153,-166,-2216(884.779)[I]: [6],0,31,43,7,-372,-447,17098
(884.788)[I]: [5],0,7,36,16,151,-163,-2216(884.789)[I]: [6],0,31,41,7,-368,-446,17098
(884.798)[I]: [5],0,8,32,17,150,-162,-2216(884.799)[I]: [6],0,31,40,7,-364,-446,17098
(884.808)[I]: [5],0,9,36,20,148,-161,-2216(884.809)[I]: [6],0,31,40,7,-361,-445,17098
(884.818)[I]: [5],0,10,28,20,147,-160,-2216(884.819)[I]: [6],0,30,38,7,-357,-445,17097
(884.828)[I]: [5],0,11,36,17,145,-159,-2216(884.829)[I]: [6],0,29,35,7,-353,-444,17097
(884.838)[I]: [5],0,13,40,17,144,-158,-2216(884.839)[I]: [6],0,29,31,7,-350,-443,17097
(884.848)[I]: [5],0,13,40,17,142,-158,-2216(884.849)[I]: [6],0,30,31,8,-346,-443,17097
(884.858)[I]: [5],0,13,44,18,141,-158,-2216(884.859)[I]: [6],0,30,31,7,-343,-442,17097
(884.868)[I]: [5],0,12,48,18,140,-158,-2216(884.869)[I]: [6],0,29,31,7,-339,-442,17096
(884.878)[I]: [5],0,12,52,19,138,-158,-2216(884.879)[I]: [6],0,29,28,7,-336,-441,17096
(884.888)[I]: [5],0,12,52,19,137,-158,-2216(884.889)[I]: [6],0,29,29,7,-333,-440,17096
(884.898)[I]: [5],0,11,52,17,135,-158,-2216(884.899)[I]: [6],0,28,31,7,-329,-440,17096
(884.908)[I]: [5],0,11,56,18,134,-157,-2216(884.909)[I]: [6],0,29,29,7,-326,-439,17096
(884.918)[I]: [5],0,11,56,19,133,-157,-2216(884.919)[I]: [6],0,29,28,7,-323,-439,17095
(884.928)[I]: [5],0,13,56,19,131,-156,-2216(884.929)[I]: [6],0,29,28,7,-320,-438,17095
(884.938)[I]: [5],0,12,52,19,130,-156,-2216(884.939)[I]: [6],0,28,28,7,-316,-437,17095
(884.948)[I]: [5],0,12,52,19,129,-155,-2216(884.949)[I]: [6],0,29,28,7,-313,-437,17095
(884.958)[I]: [5],0,13,56,19,128,-155,-2216(884.959)[I]: [6],0,28,28,7,-310,-436,17095
(884.968)[I]: [5],0,13,56,17,126,-155,-2216(884.969)[I]: [6],0,29,29,7,-307,-436,17094
(884.978)[I]: [5],0,13,52,17,125,-154,-2216(884.979)[I]: [6],0,28,28,7,-304,-436,17094
(884.988)[I]: [5],0,14,56,18,124,-154,-2216(884.989)[I]: [6],0,29,29,7,-301,-435,17094
(884.998)[I]: [5],0,15,56,18,123,-153,-2216(884.999)[I]: [6],0,30,29,7,-298,-435,17094
(884.999)[I]: [5],0,12,56,18,121,-153,-2216(884.999)[I]: [6],0,30,28,7,-295,-435,17094
(884.999)[I]: [5],0,11,56,16,120,-152,-2216(884.999)[I]: [6],0,29,29,7,-292,-434,17093
(885.004)[I]: [5],0,12,60,17,119,-152,-2216(885.004)[I]: [6],0,29,28,7,-289,-434,17093
(885.014)[I]: [5],0,12,56,16,118,-151,-2216(885.015)[I]: [6],0,28,28,7,-286,-433,17093
(885.024)[I]: [5],0,11,60,16,117,-150,-2216(885.025)[I]: [6],0,28,27,7,-283,-433,17093
(885.034)[I]: [5],0,12,60,16,115,-150,-2216(885.035)[I]: [6],0,28,28,7,-280,-433,17093
(885.044)[I]: [5],0,14,60,16,114,-149,-2216(885.045)[I]: [6],0,28,29,7,-278,-432,17092
(885.054)[I]: [5],0,13,60,16,113,-148,-2216(885.055)[I]: [6],0,29,28,7,-275,-431,17092
(885.064)[I]: [5],0,14,60,15,112,-148,-2216(885.065)[I]: [6],0,30,29,7,-272,-431,17092
(885.074)[I]: [5],0,14,64,15,111,-148,-2216(885.075)[I]: [6],0,30,28,7,-269,-430,17092
(885.084)[I]: [5],0,15,68,14,110,-147,-2216(885.085)[I]: [6],0,31,28,6,-267,-430,17092
(885.094)[I]: [5],0,14,68,13,109,-147,-2216(885.095)[I]: [6],0,31,28,6,-264,-430,17092
(885.104)[I]: [5],0,15,72,16,107,-147,-2216(885.105)[I]: [6],0,30,28,6,-261,-429,17091
(885.114)[I]: [5],0,17,72,13,106,-146,-2216(885.115)[I]: [6],0,31,29,6,-259,-429,17091
(885.124)[I]: [5],0,17,76,13,105,-145,-2216(885.125)[I]: [6],0,30,30,5,-256,-429,17091
(885.134)[I]: [5],0,19,80,13,104,-145,-2216(885.135)[I]: [6],0,31,30,5,-254,-428,17091
(885.144)[I]: [5],0,21,84,13,103,-144,-2216(885.145)[I]: [6],0,31,30,5,-251,-428,17091
(885.154)[I]: [5],0,21,84,12,102,-144,-2216(885.155)[I]: [6],0,31,30,5,-248,-427,17091
(885.164)[I]: [5],0,22,88,12,101,-144,-2216(885.165)[I]: [6],0,31,30,5,-246,-427,17090
(885.174)[I]: [5],0,23,88,11,100,-146,-2216(885.175)[I]: [6],0,31,29,5,-244,-426,17090
(885.184)[I]: [5],0,25,88,12,99,-145,-2216(885.185)[I]: [6],0,31,29,5,-241,-426,17090
(885.194)[I]: [5],0,24,88,11,98,-145,-2216(885.195)[I]: [6],0,31,30,5,-239,-425,17090
(885.204)[I]: [5],0,25,88,11,97,-145,-2216(885.205)[I]: [6],0,30,29,5,-236,-425,17090
(885.214)[I]: [5],0,26,88,12,96,-145,-2216(885.215)[I]: [6],0,30,29,5,-234,-425,17090
(885.224)[I]: [5],0,30,88,11,95,-145,-2216(885.225)[I]: [6],0,30,29,5,-232,-425,17090
(885.234)[I]: [5],0,28,96,11,94,-145,-2216(885.235)[I]: [6],0,30,30,5,-229,-424,17089
(885.244)[I]: [5],0,30,96,11,93,-144,-2216(885.245)[I]: [6],0,30,30,5,-227,-424,17089
(885.254)[I]: [5],0,28,92,11,92,-144,-2216(885.255)[I]: [6],0,30,30,5,-225,-424,17089
(885.264)[I]: [5],0,28,92,11,91,-144,-2216(885.265)[I]: [6],0,31,30,5,-222,-423,17089
(885.274)[I]: [5],0,29,92,11,91,-143,-2216(885.275)[I]: [6],0,30,30,5,-220,-423,17089
(885.284)[I]: [5],0,29,96,12,90,-143,-2216(885.285)[I]: [6],0,30,30,5,-218,-423,17089
(885.294)[I]: [5],0,31,96,12,89,-143,-2216(885.295)[I]: [6],0,31,31,5,-216,-422,17089
(885.304)[I]: [5],0,31,96,11,88,-143,-2216(885.305)[I]: [6],0,30,31,5,-214,-422,17088
(885.314)[I]: [5],0,31,96,11,87,-142,-2216(885.315)[I]: [6],0,30,30,5,-212,-422,17088
(885.324)[I]: [5],0,31,100,11,86,-142,-2216(885.325)[I]: [6],0,30,30,5,-209,-421,17088
(885.334)[I]: [5],0,31,96,11,85,-141,-2216(885.335)[I]: [6],0,30,30,5,-207,-421,17088
(885.344)[I]: [5],0,30,96,11,84,-141,-2216(885.345)[I]: [6],0,29,30,5,-205,-421,17088
(885.354)[I]: [5],0,30,100,12,84,-140,-2216(885.355)[I]: [6],0,30,30,5,-203,-421,17088
(885.364)[I]: [5],0,30,100,12,83,-140,-2216(885.365)[I]: [6],0,29,30,5,-201,-420,17088
(885.374)[I]: [5],0,30,100,12,82,-139,-2216(885.375)[I]: [6],0,30,29,5,-199,-420,17087
(885.384)[I]: [5],0,30,100,13,81,-139,-2216(885.385)[I]: [6],0,30,29,5,-197,-420,17087
(885.394)[I]: [5],0,31,100,12,80,-138,-2216(885.395)[I]: [6],0,30,30,5,-195,-420,17087
(885.404)[I]: [5],0,30,100,12,79,-138,-2216(885.405)[I]: [6],0,29,30,5,-193,-420,17087
(885.414)[I]: [5],0,30,96,12,79,-138,-2216(885.415)[I]: [6],0,30,30,5,-191,-420,17087
(885.424)[I]: [5],0,31,100,11,78,-137,-2216(885.425)[I]: [6],0,29,29,5,-189,-419,17087
(885.434)[I]: [5],0,31,100,11,77,-137,-2216(885.435)[I]: [6],0,29,29,5,-187,-419,17087
(885.444)[I]: [5],0,35,100,11,76,-136,-2216(885.445)[I]: [6],0,29,30,5,-186,-418,17087
(885.454)[I]: [5],0,35,104,12,76,-136,-2216(885.455)[I]: [6],0,29,31,5,-184,-418,17086
(885.464)[I]: [5],0,34,104,12,75,-135,-2216(885.465)[I]: [6],0,29,30,5,-182,-418,17086
(885.474)[I]: [5],0,34,100,12,74,-135,-2216(885.475)[I]: [6],0,29,30,5,-180,-417,17086
(885.484)[I]: [5],0,34,104,12,73,-135,-2216(885.485)[I]: [6],0,29,31,5,-178,-417,17086