(608.854)[I]: [5],0,14,76,18,-1,-188,4763(608.854)[I]: [6],0,23,30,13,-1,-365,6419
(608.864)[I]: [5],0,14,76,17,-1,-188,4763(608.864)[I]: [6],0,23,30,13,0,-365,6419
(608.874)[I]: [5],0,14,76,18,-1,-188,4763(608.874)[I]: [6],0,23,30,13,0,-365,6419
(608.884)[I]: [5],0,14,76,18,-1,-188,4763(608.884)[I]: [6],0,22,30,13,0,-365,6419
(608.894)[I]: [5],0,14,76,18,-1,-188,4763(608.895)[I]: [6],0,23,30,13,0,-365,6419
(608.904)[I]: [5],0,14,76,18,-1,-187,4763(608.904)[I]: [6],0,23,31,13,0,-365,6419
(608.914)[I]: [5],0,14,76,18,0,-187,4763(608.914)[I]: [6],0,23,31,13,0,-365,6419
(608.924)[I]: [5],0,14,76,18,0,-187,4763(608.924)[I]: [6],0,23,30,13,0,-365,6419
(608.934)[I]: [5],0,15,76,18,0,-187,4763(608.934)[I]: [6],0,23,31,13,0,-365,6419
(608.944)[I]: [5],0,15,76,18,0,-186,4763(608.944)[I]: [6],0,22,31,13,0,-365,6419
(608.954)[I]: [5],0,15,72,18,0,-186,4763(608.954)[I]: [6],0,22,31,13,0,-365,6419
(608.964)[I]: [5],0,15,72,19,0,-186,4763(608.964)[I]: [6],0,22,31,13,0,-365,6419
(608.974)[I]: [5],0,15,72,17,0,-187,4763(608.974)[I]: [6],0,22,31,13,0,-365,6419
(608.984)[I]: [5],0,15,72,18,0,-187,4763(608.984)[I]: [6],0,22,31,13,0,-365,6419
(608.994)[I]: [5],0,15,72,18,0,-187,4763(608.994)[I]: [6],0,22,31,13,0,-365,6419
(608.999)[I]: [5],0,15,72,18,0,-187,4763(608.999)[I]: [6],0,22,31,13,0,-365,6419
(608.999)[I]: [5],0,14,72,18,0,-186,4763(608.999)[I]: [6],0,22,31,13,0,-365,6419
(609.000)[I]: [5],0,14,72,18,0,-186,4763(609.000)[I]: [6],0,22,31,12,0,-365,6419
(609.010)[I]: [5],0,15,72,17,0,-187,4763(609.010)[I]: [6],0,22,31,13,0,-365,6419
(609.020)[I]: [5],0,14,72,18,0,-186,4763(609.020)[I]: [6],0,22,31,12,0,-365,6419
(609.030)[I]: [5],0,14,72,18,0,-186,4763(609.030)[I]: [6],0,22,31,13,0,-365,6419
(609.040)[I]: [5],0,14,72,17,0,-186,4763(609.040)[I]: [6],0,22,31,13,0,-365,6419
(609.050)[I]: [5],0,14,72,18,0,-186,4763(609.050)[I]: [6],0,22,31,13,0,-365,6419
(609.060)[I]: [5],0,14,72,18,0,-186,4763(609.060)[I]: [6],0,22,31,12,0,-365,6419
(609.070)[I]: [5],0,15,72,18,0,-186,4763(609.070)[I]: [6],0,22,31,13,0,-365,6419
(609.080)[I]: [5],0,14,72,17,0,-186,4763(609.080)[I]: [6],0,22,31,13,0,-365,6419
(609.090)[I]: [5],0,14,72,18,0,-186,4763(609.090)[I]: [6],0,22,31,13,0,-365,6419
(609.100)[I]: [5],0,14,72,18,0,-186,4763(609.100)[I]: [6],0,22,31,13,0,-365,6419
(609.110)[I]: [5],0,14,72,18,0,-186,4763(609.110)[I]: [6],0,22,31,13,0,-365,6419
(609.120)[I]: [5],0,14,72,18,0,-186,4763(609.120)[I]: [6],0,22,31,13,0,-365,6419
(609.130)[I]: [5],0,14,72,18,0,-186,4763(609.130)[I]: [6],0,22,31,12,0,-365,6419
(609.140)[I]: [5],0,14,72,18,0,-186,4763(609.140)[I]: [6],0,22,31,12,0,-365,6419
(609.150)[I]: [5],0,14,72,18,0,-185,4763(609.150)[I]: [6],0,22,31,13,0,-365,6419
(609.160)[I]: [5],0,14,72,17,0,-185,4763(609.160)[I]: [6],0,22,31,13,0,-365,6419
(609.170)[I]: [5],0,14,72,18,0,-186,4763(609.170)[I]: [6],0,22,31,13,0,-365,6419
(609.180)[I]: [5],0,14,72,18,0,-186,4763(609.180)[I]: [6],0,22,31,13,0,-365,6419
(609.190)[I]: [5],0,14,72,18,0,-186,4763(609.190)[I]: [6],0,22,31,13,0,-365,6419
(609.200)[I]: [5],0,14,72,17,0,-186,4763(609.200)[I]: [6],0,22,31,13,0,-365,6419
(609.210)[I]: [5],0,14,72,18,0,-186,4763(609.210)[I]: [6],0,22,31,13,0,-365,6419
(609.220)[I]: [5],0,14,72,18,0,-186,4763(609.220)[I]: [6],0,22,31,13,0,-365,6419
(609.230)[I]: [5],0,14,72,18,0,-186,4763(609.230)[I]: [6],0,22,31,13,0,-365,6419
(609.240)[I]: [5],0,14,72,18,0,-186,4763(609.240)[I]: [6],0,22,31,13,0,-365,6419
(609.250)[I]: [5],0,14,68,18,0,-186,4763(609.250)[I]: [6],0,22,31,13,0,-365,6419
(609.260)[I]: [5],0,14,68,18,0,-186,4763(609.260)[I]: [6],0,22,30,13,0,-365,6419
(609.270)[I]: [5],0,14,68,18,0,-186,4763(609.270)[I]: [6],0,22,31,13,0,-365,6419
(609.280)[I]: [5],0,14,68,18,0,-186,4763(609.280)[I]: [6],0,22,30,13,0,-365,6419
(609.290)[I]: [5],0,14,68,18,0,-186,4763(609.290)[I]: [6],0,22,30,13,0,-365,6419
(609.300)[I]: [5],0,14,68,19,0,-186,4763(609.300)[I]: [6],0,22,30,13,0,-366,6419
(609.310)[I]: [5],0,14,68,18,0,-186,4763(609.310)[I]: [6],0,22,30,13,0,-365,6419
(609.320)[I]: [5],0,13,68,18,0,-186,4763(609.320)[I]: [6],0,22,30,13,0,-366,6419
(609.330)[I]: [5],0,14,68,19,0,-186,4763(609.330)[I]: [6],0,21,30,13,0,-365,6419
(609.340)[I]: [5],0,13,68,19,0,-186,4763(609.340)[I]: [6],0,21,29,13,0,-366,6419
(609.350)[I]: [5],0,13,68,19,0,-186,4763(609.350)[I]: [6],0,20,30,13,0,-365,6419
(609.360)[I]: [5],0,13,68,19,0,-186,4763(609.360)[I]: [6],0,20,30,13,0,-365,6419
(609.370)[I]: [5],0,12,68,20,0,-186,4763(609.370)[I]: [6],0,20,29,13,0,-365,6419
(609.380)[I]: [5],0,12,68,20,0,-186,4763(609.380)[I]: [6],0,20,30,14,0,-365,6419
(609.390)[I]: [5],0,12,68,20,0,-187,4763(609.390)[I]: [6],0,19,29,14,0,-365,6419
(609.400)[I]: [5],0,12,68,20,0,-187,4763(609.400)[I]: [6],0,19,29,14,0,-365,6419
(609.410)[I]: [5],0,9,68,20,0,-187,4763(609.410)[I]: [6],0,18,28,14,0,-365,6419
(609.420)[I]: [5],0,8,68,22,0,-187,4763(609.420)[I]: [6],0,17,27,14,0,-365,6419
(609.430)[I]: [5],0,8,68,21,0,-188,4763(609.430)[I]: [6],0,17,26,15,0,-365,6419
(609.440)[I]: [5],0,8,68,22,0,-187,4763(609.440)[I]: [6],0,17,25,15,0,-365,6419
(609.450)[I]: [5],0,9,68,23,0,-187,4763(609.450)[I]: [6],0,17,24,15,0,-365,6419
(609.460)[I]: [5],0,8,68,22,0,-187,4763(609.460)[I]: [6],0,17,24,15,0,-365,6419
(609.470)[I]: [5],0,8,68,23,0,-187,4763(609.470)[I]: [6],0,17,24,15,0,-365,6419
(609.480)[I]: [5],0,7,68,23,0,-187,4763(609.480)[I]: [6],0,17,21,15,0,-365,6419
(609.490)[I]: [5],0,7,68,23,0,-187,4763(609.490)[I]: [6],0,17,22,15,0,-365,6419
(609.500)[I]: [5],0,7,68,24,0,-187,4763(609.500)[I]: [6],0,17,21,15,0,-365,6419
(609.510)[I]: [5],0,7,68,25,0,-187,4763(609.510)[I]: [6],0,17,20,15,0,-365,6419
(609.520)[I]: [5],0,7,68,25,0,-187,4763(609.520)[I]: [6],0,17,21,14,0,-365,6419
(609.530)[I]: [5],0,7,68,26,0,-187,4763(609.530)[I]: [6],0,17,21,14,0,-365,6419
(609.540)[I]: [5],0,7,68,27,0,-186,4763(609.540)[I]: [6],0,17,19,14,0,-365,6419
(609.550)[I]: [5],0,7,68,28,0,-186,4763(609.550)[I]: [6],0,17,19,14,0,-365,6419
(609.560)[I]: [5],0,7,68,28,0,-186,4763(609.560)[I]: [6],0,17,19,14,0,-365,6419
(609.570)[I]: [5],0,7,68,28,0,-186,4763(609.570)[I]: [6],0,17,19,14,0,-364,6419
(609.580)[I]: [5],0,7,68,31,0,-186,4763(609.580)[I]: [6],0,17,17,13,0,-365,6419
(609.590)[I]: [5],0,6,68,32,0,-186,4763(609.590)[I]: [6],0,17,18,13,0,-364,6419
(609.600)[I]: [5],0,7,72,32,0,-185,4763(609.600)[I]: [6],0,17,14,13,0,-365,6419
(609.610)[I]: [5],0,6,72,35,0,-185,4763(609.610)[I]: [6],0,17,13,13,0,-364,6419
(609.620)[I]: [5],0,6,72,36,0,-185,4763(609.620)[I]: [6],0,15,15,13,0,-365,6419
(609.630)[I]: [5],0,6,76,39,0,-185,4763(609.630)[I]: [6],0,15,13,13,0,-364,6419
(609.640)[I]: [5],0,6,76,39,0,-185,4763(609.640)[I]: [6],0,15,9,12,0,-364,6419
(609.650)[I]: [5],0,6,80,40,0,-184,4763(609.650)[I]: [6],0,14,11,12,0,-364,6419
(609.660)[I]: [5],0,6,76,46,0,-185,4763(609.660)[I]: [6],0,14,12,12,0,-364,6419
(609.670)[I]: [5],0,6,76,48,0,-185,4763(609.670)[I]: [6],0,13,10,12,0,-364,6419
(609.680)[I]: [5],0,6,80,50,0,-184,4763(609.680)[I]: [6],0,12,11,12,0,-364,6419
(609.690)[I]: [5],0,6,80,51,0,-184,4763(609.690)[I]: [6],0,13,10,11,0,-364,6419
(609.700)[I]: [5],0,6,84,51,0,-184,4763(609.700)[I]: [6],0,12,9,11,0,-364,6419
(609.710)[I]: [5],0,7,84,52,0,-183,4763(609.710)[I]: [6],0,11,7,11,0,-364,6419
(609.720)[I]: [5],0,7,84,53,0,-183,4763(609.720)[I]: [6],0,10,8,11,0,-364,6419
(609.730)[I]: [5],0,8,88,53,0,-183,4763(609.730)[I]: [6],0,11,8,11,0,-364,6419
(609.740)[I]: [5],0,9,88,52,0,-183,4763(609.740)[I]: [6],0,11,9,11,0,-364,6419
(609.750)[I]: [5],0,9,88,50,0,-182,4763(609.750)[I]: [6],0,11,8,11,0,-364,6419
(609.760)[I]: [5],0,11,92,49,0,-182,4763(609.760)[I]: [6],0,11,7,11,0,-364,6419
(609.770)[I]: [5],0,13,92,46,0,-182,4763(609.770)[I]: [6],0,10,8,11,0,-364,6419
(609.780)[I]: [5],0,16,96,40,0,-182,4763(609.780)[I]: [6],0,11,9,12,0,-364,6419
(609.790)[I]: [5],0,20,96,32,0,-183,4766(609.790)[I]: [6],0,10,9,12,0,-364,6419
(609.800)[I]: [5],0,21,100,24,-1,-185,4773(609.801)[I]: [6],0,9,9,12,0,-364,6419
(609.810)[I]: [5],3,21,100,22,-1,-188,4782(609.811)[I]: [6],0,9,10,12,0,-364,6419
(609.820)[I]: [5],5,24,104,18,-2,-193,4791(609.821)[I]: [6],0,9,10,12,0,-363,6419
(609.830)[I]: [5],6,34,104,17,-3,-198,4803(609.831)[I]: [6],0,9,11,13,0,-363,6419
(609.840)[I]: [5],5,40,104,13,-5,-205,4819(609.841)[I]: [6],0,10,11,14,0,-363,6419
(609.850)[I]: [5],9,46,104,8,-7,-215,4839(609.850)[I]: [6],0,10,12,15,0,-363,6419
(609.860)[I]: [5],13,56,100,6,-9,-222,4874(609.861)[I]: [6],0,11,16,16,0,-363,6419
(609.870)[I]: [5],16,56,100,3,-11,-233,4914(609.871)[I]: [6],0,11,16,19,0,-364,6419
(609.880)[I]: [5],19,60,76,1,-12,-265,4961(609.881)[I]: [6],0,12,18,20,0,-364,6419
(609.890)[I]: [5],21,66,60,1,-13,-319,5023(609.891)[I]: [6],0,12,20,23,0,-363,6416
(609.900)[I]: [5],25,65,52,1,-17,-354,5129(609.901)[I]: [6],0,13,23,27,0,-363,6416
(609.910)[I]: [5],25,63,28,1,-21,-393,5263(609.911)[I]: [6],0,12,25,29,0,-363,6416
(609.920)[I]: [5],26,52,12,1,-26,-428,5419(609.921)[I]: [6],0,14,28,34,0,-363,6416
(609.930)[I]: [5],22,39,8,2,-37,-450,5597(609.931)[I]: [6],0,15,30,38,0,-363,6416
(609.940)[I]: [5],21,22,4,2,-57,-475,5799(609.941)[I]: [6],0,15,31,39,0,-362,6416
(609.950)[I]: [5],18,18,4,2,-82,-502,6013(609.951)[I]: [6],0,17,31,42,0,-362,6416
(609.960)[I]: [5],20,13,4,2,-115,-530,6233(609.961)[I]: [6],0,19,31,45,0,-361,6416
(609.970)[I]: [5],15,10,8,1,-157,-563,6449(609.971)[I]: [6],0,19,35,49,0,-361,6416
(609.980)[I]: [5],13,7,0,1,-210,-596,6666(609.980)[I]: [6],0,22,36,51,0,-360,6416
(609.990)[I]: [5],8,5,4,2,-269,-646,6860(609.990)[I]: [6],0,23,38,51,0,-360,6416
(609.999)[I]: [5],2,5,4,2,-333,-736,7010(609.999)[I]: [6],0,21,39,49,0,-360,6416
(609.999)[I]: [5],0,5,0,2,-390,-872,7116(609.999)[I]: [6],0,28,39,48,0,-360,6416
(609.999)[I]: [5],0,3,0,2,-437,-1004,7173(609.999)[I]: [6],0,34,41,47,0,-360,6416
(610.006)[I]: [5],0,3,4,2,-469,-1114,7187(610.006)[I]: [6],0,38,38,44,0,-360,6416
(610.016)[I]: [5],0,3,4,1,-484,-1174,7136(610.016)[I]: [6],0,41,39,42,0,-358,6416
(610.026)[I]: [5],0,3,4,2,-489,-1176,7049(610.026)[I]: [6],0,44,37,40,0,-358,6416
(610.036)[I]: [5],0,3,4,2,-487,-1141,6948(610.036)[I]: [6],0,46,40,37,0,-358,6416
(610.046)[I]: [5],0,3,4,1,-480,-1079,6844(610.046)[I]: [6],0,48,39,35,0,-358,6416
(610.056)[I]: [5],0,3,4,2,-470,-1005,6743(610.056)[I]: [6],0,49,38,31,0,-358,6416
(610.066)[I]: [5],0,3,4,2,-455,-934,6641(610.066)[I]: [6],0,52,35,31,0,-358,6416
(610.076)[I]: [5],0,3,4,2,-435,-870,6539(610.076)[I]: [6],0,56,35,29,0,-358,6416
(610.086)[I]: [5],0,3,4,2,-410,-816,6436(610.086)[I]: [6],0,59,35,27,0,-358,6416
(610.096)[I]: [5],0,3,4,1,-379,-768,6329(610.096)[I]: [6],0,58,35,26,0,-358,6416
(610.106)[I]: [5],0,3,4,1,-344,-725,6216(610.106)[I]: [6],0,61,35,26,0,-358,6416
(610.116)[I]: [5],0,3,4,1,-305,-682,6097(610.116)[I]: [6],0,67,34,26,0,-358,6416
(610.126)[I]: [5],0,3,4,2,-268,-635,5975(610.126)[I]: [6],0,68,36,25,0,-359,6416
(610.136)[I]: [5],0,3,4,1,-232,-581,5855(610.136)[I]: [6],0,69,35,26,0,-359,6416
(610.146)[I]: [5],0,3,4,1,-201,-519,5745(610.146)[I]: [6],0,67,35,25,0,-359,6416
(610.156)[I]: [5],0,3,4,2,-174,-449,5646(610.156)[I]: [6],0,68,37,25,0,-359,6416
(610.166)[I]: [5],0,3,4,1,-153,-375,5563(610.166)[I]: [6],0,68,35,25,0,-359,6416
(610.176)[I]: [5],0,2,4,1,-133,-298,5497(610.176)[I]: [6],0,68,35,24,0,-359,6416
(610.186)[I]: [5],0,2,4,1,-112,-219,5449(610.186)[I]: [6],0,69,31,25,0,-359,6416
(610.196)[I]: [5],0,3,4,1,-83,-142,5414(610.196)[I]: [6],0,71,34,24,0,-360,6416
(610.206)[I]: [5],0,3,4,0,-44,-71,5383(610.206)[I]: [6],0,71,34,24,0,-360,6416
(610.216)[I]: [5],0,3,4,2,11,-18,5341(610.216)[I]: [6],0,70,35,24,0,-360,6416
(610.226)[I]: [5],0,3,4,2,79,10,5283(610.226)[I]: [6],0,71,35,24,0,-360,6416
(610.236)[I]: [5],0,3,4,1,159,13,5207(610.236)[I]: [6],0,72,36,23,0,-360,6416
(610.246)[I]: [5],0,3,4,1,247,0,5118(610.246)[I]: [6],0,73,35,21,0,-360,6416
(610.256)[I]: [5],0,4,4,1,342,-17,5023(610.256)[I]: [6],0,78,35,20,0,-361,6416
(610.266)[I]: [5],0,4,4,0,439,-25,4935(610.266)[I]: [6],0,77,36,17,0,-361,6416
(610.276)[I]: [5],0,4,4,0,534,-13,4863(610.276)[I]: [6],0,79,36,17,0,-361,6416
(610.286)[I]: [5],0,4,4,0,621,12,4812(610.286)[I]: [6],1,79,34,14,0,-361,6416
(610.296)[I]: [5],0,3,4,0,697,47,4777(610.296)[I]: [6],1,83,31,13,0,-361,6416
(610.306)[I]: [5],0,3,4,1,760,83,4749(610.306)[I]: [6],1,86,31,12,0,-362,6416
(610.316)[I]: [5],0,3,4,1,809,110,4720(610.316)[I]: [6],1,87,31,11,0,-362,6416
(610.326)[I]: [5],0,3,4,0,846,130,4688(610.326)[I]: [6],1,89,34,9,0,-362,6416
(610.336)[I]: [5],0,4,0,0,875,144,4659(610.336)[I]: [6],2,92,38,8,0,-364,6409
(610.346)[I]: [5],0,4,0,0,896,164,4634(610.346)[I]: [6],3,92,43,7,0,-364,6400
(610.356)[I]: [5],0,4,0,0,912,187,4615(610.356)[I]: [6],1,94,47,7,0,-364,6391
(610.366)[I]: [5],0,4,4,0,925,213,4600(610.366)[I]: [6],2,97,51,6,0,-364,6382
(610.376)[I]: [5],0,4,4,0,932,237,4583(610.376)[I]: [6],3,97,56,6,0,-363,6375
(610.386)[I]: [5],0,4,4,0,935,257,4559(610.386)[I]: [6],3,99,59,6,0,-363,6372
(610.396)[I]: [5],0,4,4,0,932,273,4531(610.396)[I]: [6],3,97,60,6,0,-363,6372
(610.406)[I]: [5],0,3,4,0,923,289,4500(610.406)[I]: [6],3,98,63,6,0,-363,6372
(610.416)[I]: [5],0,3,4,0,908,306,4470(610.416)[I]: [6],4,98,63,6,0,-363,6372
(610.426)[I]: [5],0,3,4,0,889,325,4449(610.426)[I]: [6],5,98,63,6,0,-363,6372
(610.436)[I]: [5],0,3,4,0,867,343,4438(610.436)[I]: [6],4,99,63,6,0,-363,6372
(610.446)[I]: [5],0,3,4,0,841,365,4440(610.446)[I]: [6],4,99,63,6,0,-364,6372
(610.456)[I]: [5],0,3,0,0,814,387,4454(610.456)[I]: [6],4,100,63,7,0,-364,6372
(610.466)[I]: [5],0,3,0,1,786,410,4481(610.466)[I]: [6],5,100,63,7,0,-365,6372
(610.476)[I]: [5],0,4,0,1,758,432,4519(610.476)[I]: [6],4,100,63,7,0,-365,6372
(610.486)[I]: [5],0,3,0,1,731,456,4564(610.486)[I]: [6],5,99,63,7,0,-365,6372
(610.496)[I]: [5],0,3,0,1,707,479,4615(610.496)[I]: [6],3,98,66,7,0,-365,6372
(610.506)[I]: [5],0,3,4,1,688,499,4668(610.506)[I]: [6],3,96,67,7,0,-365,6372
(610.516)[I]: [5],0,3,4,1,673,516,4720(610.516)[I]: [6],3,97,68,8,0,-366,6372
(610.526)[I]: [5],0,3,4,1,664,529,4770(610.526)[I]: [6],3,97,68,8,0,-364,6372
(610.536)[I]: [5],0,3,4,1,660,536,4817(610.536)[I]: [6],4,98,69,7,0,-364,6372
(610.546)[I]: [5],0,3,0,1,662,541,4861(610.546)[I]: [6],3,98,70,8,0,-364,6372
(610.556)[I]: [5],0,3,0,0,668,540,4905(610.556)[I]: [6],3,99,70,8,0,-364,6372
(610.566)[I]: [5],0,3,0,0,678,534,4953(610.566)[I]: [6],3,101,71,8,0,-364,6372
(610.576)[I]: [5],0,3,0,0,693,525,5007(610.576)[I]: [6],5,104,70,8,0,-365,6372
(610.586)[I]: [5],0,3,0,0,712,509,5069(610.586)[I]: [6],5,106,70,7,0,-365,6372
(610.596)[I]: [5],0,3,0,0,735,486,5139(610.596)[I]: [6],5,109,73,7,0,-365,6372
(610.606)[I]: [5],0,3,4,0,763,459,5215(610.606)[I]: [6],4,115,75,5,0,-365,6369
(610.616)[I]: [5],0,3,4,0,796,428,5296(610.616)[I]: [6],6,122,76,5,0,-367,6363
(610.626)[I]: [5],0,3,4,0,836,394,5379(610.626)[I]: [6],10,127,78,3,2,-369,6356
(610.636)[I]: [5],0,3,4,0,881,355,5464(610.636)[I]: [6],7,135,79,3,2,-373,6348
(610.646)[I]: [5],0,3,4,0,933,309,5549(610.646)[I]: [6],10,141,78,3,3,-377,6342
(610.656)[I]: [5],0,3,4,0,990,254,5632(610.656)[I]: [6],10,147,77,3,3,-381,6338
(610.666)[I]: [5],0,3,4,0,1051,183,5714(610.666)[I]: [6],12,152,74,4,4,-384,6336
(610.676)[I]: [5],0,3,12,1,1101,89,5769(610.676)[I]: [6],12,157,78,3,4,-386,6332
(610.686)[I]: [5],0,3,8,0,1188,-116,5660(610.686)[I]: [6],14,163,80,3,5,-391,6322
(610.696)[I]: [5],0,5,8,0,1270,-190,5456(610.696)[I]: [6],15,170,77,3,5,-399,6306
(610.706)[I]: [5],1,8,12,0,1318,-195,5327(610.707)[I]: [6],16,174,76,3,6,-411,6282
(610.716)[I]: [5],0,8,28,0,1318,-127,5180(610.716)[I]: [6],18,180,75,3,7,-450,6239
(610.726)[I]: [5],0,19,36,0,1289,-79,5066(610.726)[I]: [6],18,187,63,2,7,-522,6165
(610.736)[I]: [5],0,24,52,0,1279,-120,4974(610.737)[I]: [6],21,192,54,3,20,-538,6065
(610.746)[I]: [5],0,30,76,0,1273,-154,4896(610.747)[I]: [6],23,193,38,3,28,-557,5941
(610.756)[I]: [5],0,31,92,0,1264,-170,4826(610.757)[I]: [6],25,186,25,3,42,-554,5788
(610.766)[I]: [5],1,31,96,2,1259,-140,4715(610.767)[I]: [6],26,165,12,2,58,-550,5613
(610.776)[I]: [5],2,27,124,6,1262,-192,4719(610.777)[I]: [6],30,149,6,2,69,-559,5426
(610.786)[I]: [5],3,30,124,13,1256,-180,4690(610.787)[I]: [6],36,125,1,2,87,-551,5220
(610.796)[I]: [5],3,35,112,15,1250,-185,4675(610.797)[I]: [6],35,90,2,2,120,-549,4991
(610.806)[I]: [5],4,34,108,17,1240,-188,4673(610.807)[I]: [6],39,66,5,2,160,-554,4752
(610.816)[I]: [5],5,31,104,17,1228,-190,4675(610.817)[I]: [6],47,44,3,2,214,-578,4491
(610.826)[I]: [5],5,31,100,20,1220,-189,4673(610.827)[I]: [6],59,34,3,2,256,-635,4206
(610.836)[I]: [5],7,33,92,23,1214,-184,4668(610.837)[I]: [6],73,29,4,2,295,-699,3901
(610.846)[I]: [5],8,35,92,27,1209,-178,4664(610.847)[I]: [6],59,23,3,2,339,-749,3578
(610.856)[I]: [5],8,31,92,32,1197,-177,4664(610.857)[I]: [6],41,18,3,2,396,-792,3263
(610.866)[I]: [5],10,31,84,44,1185,-175,4665(610.867)[I]: [6],37,15,3,2,450,-861,2932
(610.876)[I]: [5],10,34,84,51,1174,-174,4666(610.877)[I]: [6],19,9,2,2,521,-960,2619
(610.886)[I]: [5],13,37,80,51,1162,-175,4667(610.887)[I]: [6],2,11,3,2,578,-1174,2455
(610.896)[I]: [5],14,38,80,51,1151,-175,4668(610.897)[I]: [6],0,10,1,3,604,-1308,2395
(610.906)[I]: [5],14,41,80,51,1140,-175,4669(610.907)[I]: [6],0,13,0,3,616,-1420,2331
(610.916)[I]: [5],17,42,80,50,1129,-176,4670(610.917)[I]: [6],0,12,1,3,633,-1496,2380
(610.926)[I]: [5],15,44,76,49,1118,-176,4670(610.927)[I]: [6],0,12,3,3,665,-1444,2525
(610.936)[I]: [5],17,46,76,50,1107,-176,4671(610.937)[I]: [6],0,14,3,2,706,-1357,2686
(610.946)[I]: [5],17,46,72,47,1096,-176,4672(610.947)[I]: [6],0,12,3,3,768,-1266,2826
(610.956)[I]: [5],17,48,68,42,1085,-176,4673(610.957)[I]: [6],0,12,3,2,834,-1203,2947
(610.966)[I]: [5],17,49,60,40,1075,-176,4674(610.967)[I]: [6],0,11,3,3,886,-1177,3067
(610.976)[I]: [5],17,50,56,39,1069,-181,4672(610.977)[I]: [6],0,9,3,3,925,-1181,3201
(610.986)[I]: [5],16,51,48,36,1063,-187,4670(610.987)[I]: [6],0,10,2,3,944,-1197,3349
(610.996)[I]: [5],16,55,52,30,1056,-193,4668(610.997)[I]: [6],0,9,2,3,950,-1209,3503
(610.999)[I]: [5],17,57,52,28,1049,-198,4666(610.999)[I]: [6],0,9,2,3,948,-1201,3656
(610.999)[I]: [5],13,59,44,28,1043,-204,4664(610.999)[I]: [6],0,9,2,2,940,-1169,3805
(611.002)[I]: [5],12,59,36,28,1032,-204,4664(611.003)[I]: [6],0,10,2,3,929,-1117,3952
(611.012)[I]: [5],12,61,36,25,1024,-207,4664(611.013)[I]: [6],0,10,2,2,907,-1050,4095
(611.022)[I]: [5],12,63,32,25,1014,-208,4665(611.023)[I]: [6],0,9,2,2,873,-976,4229
(611.032)[I]: [5],11,67,32,25,1004,-208,4666(611.033)[I]: [6],0,9,1,2,830,-900,4348
(611.042)[I]: [5],11,69,32,21,994,-209,4667(611.043)[I]: [6],0,9,1,2,782,-827,4445
(611.052)[I]: [5],10,75,32,17,984,-210,4668(611.053)[I]: [6],0,10,0,2,740,-755,4516
(611.062)[I]: [5],14,79,36,18,975,-211,4668(611.063)[I]: [6],0,11,0,2,714,-680,4555
(611.072)[I]: [5],16,84,36,17,965,-211,4669(611.073)[I]: [6],0,11,0,2,712,-602,4556
(611.082)[I]: [5],17,87,36,17,956,-212,4670(611.083)[I]: [6],0,9,0,2,740,-517,4524
(611.092)[I]: [5],15,92,28,18,946,-213,4671(611.093)[I]: [6],0,10,1,3,798,-425,4468
(611.102)[I]: [5],15,96,28,20,937,-214,4671(611.103)[I]: [6],0,10,1,3,883,-320,4402
(611.112)[I]: [5],19,102,36,19,928,-215,4672(611.113)[I]: [6],0,9,0,3,989,-202,4338
(611.122)[I]: [5],18,111,32,15,919,-215,4673(611.123)[I]: [6],0,8,1,3,1103,-66,4291
(611.132)[I]: [5],18,121,28,16,910,-216,4673(611.133)[I]: [6],0,8,1,3,1209,83,4266
(611.142)[I]: [5],20,127,28,11,905,-220,4678(611.143)[I]: [6],0,9,1,3,1293,233,4268
(611.152)[I]: [5],22,137,28,12,898,-224,4681(611.153)[I]: [6],0,9,1,3,1347,372,4296
(611.162)[I]: [5],27,149,32,10,889,-225,4682(611.163)[I]: [6],0,9,1,3,1367,485,4348
(611.172)[I]: [5],26,154,32,8,880,-226,4683(611.173)[I]: [6],0,9,1,2,1349,565,4421
(611.182)[I]: [5],28,161,36,10,872,-226,4683(611.183)[I]: [6],0,8,1,2,1296,614,4508
(611.192)[I]: [5],29,167,40,10,863,-226,4684(611.193)[I]: [6],0,7,1,3,1209,634,4606
(611.202)[I]: [5],31,174,40,9,854,-227,4685(611.203)[I]: [6],0,7,1,3,1094,635,4709
(611.212)[I]: [5],31,177,40,10,846,-227,4685(611.213)[I]: [6],0,7,1,3,960,625,4808
(611.222)[I]: [5],31,178,44,9,838,-227,4686(611.223)[I]: [6],0,8,1,3,820,614,4894
(611.232)[I]: [5],31,174,44,10,829,-228,4686(611.233)[I]: [6],0,7,1,3,687,605,4959
(611.242)[I]: [5],28,171,40,9,821,-229,4687(611.243)[I]: [6],0,7,1,3,573,594,5003
(611.252)[I]: [5],30,172,56,10,813,-231,4688(611.253)[I]: [6],0,7,1,3,483,572,5034
(611.262)[I]: [5],30,171,56,11,805,-231,4688(611.263)[I]: [6],0,6,1,3,419,534,5061
(611.272)[I]: [5],30,171,52,10,797,-232,4689(611.273)[I]: [6],0,6,1,3,374,479,5096
(611.282)[I]: [5],29,169,52,12,789,-233,4689(611.283)[I]: [6],0,8,2,3,338,420,5143
(611.292)[I]: [5],31,163,52,12,786,-230,4684(611.293)[I]: [6],0,9,2,3,306,370,5194
(611.302)[I]: [5],30,152,56,15,782,-225,4677(611.303)[I]: [6],0,10,2,3,273,338,5238
(611.312)[I]: [5],31,140,60,16,779,-218,4671(611.313)[I]: [6],0,9,2,3,240,323,5265
(611.322)[I]: [5],31,127,60,18,774,-215,4669(611.323)[I]: [6],0,10,2,3,204,316,5270
(611.332)[I]: [5],31,123,60,16,766,-214,4669(611.333)[I]: [6],0,10,2,3,165,316,5257
(611.342)[I]: [5],31,124,60,16,761,-214,4672(611.343)[I]: [6],0,11,2,3,127,318,5231
(611.352)[I]: [5],36,127,60,16,756,-218,4680(611.353)[I]: [6],0,10,2,3,95,318,5199
(611.362)[I]: [5],43,139,60,14,752,-223,4688(611.363)[I]: [6],0,10,2,3,71,314,5166
(611.372)[I]: [5],49,144,60,13,747,-227,4696(611.373)[I]: [6],0,10,2,3,56,307,5139
(611.382)[I]: [5],56,148,68,11,744,-230,4702(611.383)[I]: [6],0,11,2,3,51,302,5119
(611.392)[I]: [5],62,148,72,10,740,-230,4709(611.393)[I]: [6],0,10,2,3,54,296,5105
(611.402)[I]: [5],69,148,88,9,737,-229,4717(611.403)[I]: [6],0,10,2,3,67,297,5092
(611.412)[I]: [5],75,145,92,9,733,-226,4723(611.413)[I]: [6],0,10,2,3,88,303,5077
(611.422)[I]: [5],79,146,104,7,730,-221,4731(611.423)[I]: [6],0,9,2,3,120,318,5058
(611.432)[I]: [5],88,150,108,6,726,-219,4741(611.433)[I]: [6],0,9,2,3,159,339,5032
(611.442)[I]: [5],98,161,112,6,720,-223,4759(611.443)[I]: [6],0,9,2,3,199,365,4995
(611.452)[I]: [5],108,178,116,6,715,-233,4783(611.453)[I]: [6],0,9,1,3,230,398,4951
(611.462)[I]: [5],115,192,116,4,709,-246,4813(611.463)[I]: [6],0,12,2,3,206,362,5038
(611.472)[I]: [5],125,206,116,3,703,-272,4854(611.473)[I]: [6],0,13,2,3,158,274,5240
(611.482)[I]: [5],127,221,120,0,695,-315,4908(611.483)[I]: [6],0,17,3,3,105,209,5397
(611.492)[I]: [5],133,233,108,0,689,-394,4988(611.493)[I]: [6],0,30,8,3,84,212,5585
(611.502)[I]: [5],139,241,104,0,679,-454,5092(611.503)[I]: [6],0,31,13,3,84,228,5772
(611.512)[I]: [5],147,239,68,0,668,-499,5231(611.513)[I]: [6],0,31,25,2,82,218,5961
(611.522)[I]: [5],156,234,44,0,661,-543,5405(611.523)[I]: [6],0,47,49,2,80,190,6100
(611.532)[I]: [5],158,221,20,0,652,-575,5617(611.533)[I]: [6],0,51,56,3,80,134,6177
(611.542)[I]: [5],158,189,20,0,638,-607,5866(611.543)[I]: [6],0,55,58,3,81,43,6221
(611.552)[I]: [5],156,132,12,0,623,-648,6152(611.553)[I]: [6],0,59,70,3,83,-45,6296
(611.562)[I]: [5],149,92,12,0,601,-709,6475(611.563)[I]: [6],1,66,79,2,90,-216,6342
(611.572)[I]: [5],139,53,8,0,566,-777,6827(611.573)[I]: [6],3,72,81,3,110,-234,6367
(611.582)[I]: [5],127,24,8,0,516,-856,7200(611.583)[I]: [6],3,83,81,6,107,-233,6378
(611.592)[I]: [5],107,19,8,0,457,-943,7580(611.593)[I]: [6],3,81,76,7,103,-239,6387
(611.602)[I]: [5],88,17,8,0,399,-1038,7951(611.603)[I]: [6],3,86,71,7,103,-241,6394
(611.612)[I]: [5],50,12,4,0,338,-1112,8319(611.613)[I]: [6],3,79,66,8,103,-241,6400
(611.622)[I]: [5],35,5,4,0,273,-1169,8680(611.623)[I]: [6],3,78,67,9,100,-240,6408
(611.632)[I]: [5],15,4,0,0,200,-1222,9043(611.632)[I]: [6],3,73,66,10,98,-238,6416
(611.642)[I]: [5],2,6,4,1,133,-1350,9371(611.643)[I]: [6],2,72,62,12,98,-238,6423
(611.652)[I]: [5],0,5,0,0,91,-1495,9524(611.652)[I]: [6],1,67,56,13,101,-241,6432
(611.662)[I]: [5],0,4,0,0,39,-1550,9551(611.662)[I]: [6],1,63,47,18,101,-246,6440
(611.672)[I]: [5],0,3,0,0,26,-1625,9461(611.672)[I]: [6],1,63,41,19,101,-249,6442
(611.682)[I]: [5],0,2,0,0,22,-1617,9283(611.682)[I]: [6],0,63,39,20,100,-251,6442
(611.692)[I]: [5],2,3,0,0,7,-1557,9053(611.692)[I]: [6],0,63,35,22,99,-252,6442
(611.702)[I]: [5],2,3,0,0,-28,-1472,8832(611.702)[I]: [6],0,60,31,23,98,-254,6442
(611.712)[I]: [5],3,3,0,0,-76,-1399,8637(611.712)[I]: [6],0,60,24,23,97,-255,6442
(611.722)[I]: [5],3,3,0,0,-132,-1347,8466(611.722)[I]: [6],0,58,25,23,96,-255,6442
(611.732)[I]: [5],2,3,0,0,-188,-1319,8316(611.732)[I]: [6],0,59,21,22,95,-256,6442
(611.742)[I]: [5],0,3,0,0,-240,-1304,8185(611.742)[I]: [6],0,60,20,22,94,-256,6443
(611.752)[I]: [5],0,3,0,0,-285,-1297,8066(611.752)[I]: [6],0,60,21,21,93,-257,6443
(611.762)[I]: [5],0,3,0,0,-321,-1283,7938(611.762)[I]: [6],0,60,20,20,92,-258,6443
(611.772)[I]: [5],0,2,0,0,-350,-1260,7789(611.772)[I]: [6],0,59,19,20,91,-259,6443
(611.782)[I]: [5],0,2,0,0,-375,-1217,7610(611.782)[I]: [6],0,59,22,19,90,-261,6443
(611.792)[I]: [5],0,2,0,0,-400,-1150,7399(611.792)[I]: [6],0,62,18,18,89,-262,6443
(611.802)[I]: [5],0,3,0,0,-434,-1067,7167(611.802)[I]: [6],1,63,17,19,89,-263,6443
(611.812)[I]: [5],0,3,0,0,-482,-981,6929(611.812)[I]: [6],1,66,18,18,88,-263,6443
(611.822)[I]: [5],0,3,0,0,-545,-893,6699(611.822)[I]: [6],1,69,15,18,87,-264,6443
(611.832)[I]: [5],0,3,0,0,-622,-813,6489(611.832)[I]: [6],1,72,18,18,86,-265,6443
(611.842)[I]: [5],0,3,0,0,-707,-741,6312(611.842)[I]: [6],1,76,18,18,85,-266,6443
(611.852)[I]: [5],0,3,0,0,-792,-670,6175(611.852)[I]: [6],1,78,17,18,84,-267,6443
(611.862)[I]: [5],0,4,0,0,-874,-604,6078(611.862)[I]: [6],1,78,18,19,83,-268,6443
(611.872)[I]: [5],0,3,0,0,-950,-542,6009(611.872)[I]: [6],1,81,18,18,83,-269,6443
(611.882)[I]: [5],0,3,0,0,-1018,-485,5952(611.882)[I]: [6],1,83,19,17,82,-270,6443
(611.892)[I]: [5],0,5,4,0,-1073,-436,5889(611.892)[I]: [6],2,88,19,15,81,-270,6443
(611.902)[I]: [5],0,5,4,0,-1114,-392,5815(611.902)[I]: [6],2,88,18,15,80,-272,6443
(611.912)[I]: [5],0,3,4,0,-1142,-346,5733(611.912)[I]: [6],2,90,18,13,79,-272,6443
(611.922)[I]: [5],0,4,4,0,-1162,-284,5652(611.922)[I]: [6],2,90,19,13,78,-273,6443
(611.932)[I]: [5],0,4,4,0,-1174,-206,5574(611.932)[I]: [6],2,91,21,11,78,-274,6443
(611.942)[I]: [5],0,4,4,0,-1182,-112,5507(611.942)[I]: [6],2,93,19,11,77,-275,6443
(611.952)[I]: [5],0,4,0,0,-1180,-8,5453(611.952)[I]: [6],2,92,17,10,76,-276,6443
(611.962)[I]: [5],0,4,0,0,-1167,100,5415(611.962)[I]: [6],2,93,18,9,75,-276,6443
(611.972)[I]: [5],0,5,0,0,-1135,215,5392(611.972)[I]: [6],2,94,18,9,75,-276,6443
(611.982)[I]: [5],0,4,0,0,-1083,325,5383(611.982)[I]: [6],2,97,17,8,74,-277,6443
(611.992)[I]: [5],0,4,0,0,-1009,426,5383(611.992)[I]: [6],3,99,21,7,73,-278,6440
(611.999)[I]: [5],0,4,0,0,-916,515,5389(611.999)[I]: [6],3,108,20,6,73,-280,6440
(611.999)[I]: [5],0,4,0,0,-810,593,5398(611.999)[I]: [6],3,111,21,6,72,-281,6440
(611.999)[I]: [5],0,5,0,0,-698,663,5410(611.999)[I]: [6],5,114,21,6,71,-282,6440
(612.008)[I]: [5],0,5,0,0,-586,731,5430(612.008)[I]: [6],7,116,21,6,71,-283,6440
(612.018)[I]: [5],0,5,0,0,-481,796,5455(612.018)[I]: [6],7,121,22,6,70,-283,6440
(612.028)[I]: [5],0,4,0,0,-386,844,5486(612.028)[I]: [6],7,122,22,5,69,-283,6441
(612.038)[I]: [5],0,4,0,0,-304,861,5521(612.038)[I]: [6],7,127,22,5,68,-284,6441
(612.048)[I]: [5],0,4,0,0,-232,849,5558(612.048)[I]: [6],8,127,22,5,68,-285,6441
(612.058)[I]: [5],0,4,0,0,-169,815,5599(612.058)[I]: [6],8,133,21,5,67,-285,6441
(612.068)[I]: [5],0,4,0,0,-113,773,5640(612.068)[I]: [6],10,146,23,5,66,-286,6441
(612.078)[I]: [5],0,4,0,0,-61,730,5682(612.078)[I]: [6],11,156,24,5,66,-288,6438
(612.088)[I]: [5],0,4,0,0,-13,694,5725(612.088)[I]: [6],13,166,26,5,66,-289,6431
(612.098)[I]: [5],0,4,0,0,32,667,5765(612.098)[I]: [6],13,180,25,5,69,-292,6425
(612.108)[I]: [5],0,4,0,0,76,648,5804(612.108)[I]: [6],15,193,25,5,69,-294,6418
(612.118)[I]: [5],0,4,0,0,116,634,5844(612.118)[I]: [6],15,205,26,3,69,-298,6413
(612.128)[I]: [5],0,4,0,0,151,626,5885(612.128)[I]: [6],19,216,27,3,68,-298,6413
(612.138)[I]: [5],0,3,4,0,182,624,5931(612.138)[I]: [6],20,226,31,3,68,-299,6413
(612.148)[I]: [5],0,3,0,0,211,634,5990(612.148)[I]: [6],23,238,35,3,67,-299,6413
(612.158)[I]: [5],0,3,4,0,242,658,6072(612.158)[I]: [6],23,251,36,3,66,-299,6413
(612.168)[I]: [5],0,4,12,0,261,687,6163(612.168)[I]: [6],24,264,37,3,67,-303,6408
(612.178)[I]: [5],0,4,8,0,322,511,6043(612.178)[I]: [6],24,277,41,2,69,-309,6398
(612.188)[I]: [5],2,5,8,0,421,294,5846(612.188)[I]: [6],25,288,42,2,71,-323,6380
(612.198)[I]: [5],3,6,36,0,510,197,5635(612.198)[I]: [6],24,298,44,3,74,-370,6351
(612.208)[I]: [5],0,13,64,0,529,206,5398(612.208)[I]: [6],22,310,40,2,76,-434,6296
(612.218)[I]: [5],0,21,100,0,491,243,5216(612.218)[I]: [6],24,319,31,2,76,-505,6224
(612.228)[I]: [5],0,27,136,0,487,162,5043(612.228)[I]: [6],25,326,20,2,91,-527,6110
(612.238)[I]: [5],0,33,124,0,479,-55,5065(612.239)[I]: [6],24,315,8,2,103,-561,5949
(612.248)[I]: [5],4,40,144,0,470,-136,5040(612.249)[I]: [6],27,272,3,2,123,-593,5742
(612.258)[I]: [5],4,43,140,6,464,-228,5014(612.259)[I]: [6],30,207,1,2,144,-632,5497
(612.268)[I]: [5],6,43,124,10,461,-248,4994(612.269)[I]: [6],31,158,1,2,165,-659,5209
(612.278)[I]: [5],6,46,124,17,458,-258,4983(612.279)[I]: [6],30,110,1,2,222,-686,4888
(612.288)[I]: [5],7,46,124,19,456,-257,4977(612.289)[I]: [6],42,67,3,2,287,-741,4558
(612.298)[I]: [5],6,50,144,20,455,-243,4974(612.299)[I]: [6],45,38,3,2,336,-834,4221
(612.308)[I]: [5],7,48,152,20,454,-230,4974(612.309)[I]: [6],46,27,2,2,383,-934,3879
(612.318)[I]: [5],8,46,156,21,453,-220,4973(612.319)[I]: [6],28,18,2,2,441,-1038,3564
(612.328)[I]: [5],9,44,160,22,450,-214,4972(612.329)[I]: [6],8,14,0,2,501,-1178,3240
(612.338)[I]: [5],9,43,152,27,446,-211,4972(612.339)[I]: [6],2,15,2,3,554,-1401,2973
(612.348)[I]: [5],7,40,140,30,443,-214,4965(612.349)[I]: [6],0,12,0,2,573,-1554,2902
(612.358)[I]: [5],7,41,132,38,440,-220,4959(612.359)[I]: [6],0,13,2,3,593,-1588,2917
(612.368)[I]: [5],6,38,124,48,438,-226,4952(612.369)[I]: [6],0,9,2,3,594,-1608,2984
(612.378)[I]: [5],5,34,124,55,435,-229,4945(612.379)[I]: [6],0,11,3,3,626,-1491,3104
(612.388)[I]: [5],4,31,116,56,433,-232,4939(612.389)[I]: [6],0,11,2,3,675,-1350,3227
(612.398)[I]: [5],3,29,112,56,429,-234,4936(612.399)[I]: [6],0,10,1,3,726,-1205,3365
(612.408)[I]: [5],2,23,104,54,425,-234,4936(612.409)[I]: [6],0,11,1,3,763,-1085,3525
(612.418)[I]: [5],1,23,104,53,421,-234,4936(612.419)[I]: [6],0,10,1,3,787,-985,3701
(612.428)[I]: [5],2,19,100,50,417,-234,4937(612.429)[I]: [6],0,11,1,3,779,-916,3878
(612.438)[I]: [5],2,19,100,49,412,-234,4937(612.439)[I]: [6],0,9,1,3,761,-860,4049
(612.448)[I]: [5],1,18,100,45,408,-233,4937(612.449)[I]: [6],0,10,0,2,728,-811,4206
(612.458)[I]: [5],1,17,104,40,404,-232,4937(612.459)[I]: [6],0,9,1,3,689,-755,4345
(612.468)[I]: [5],1,16,108,38,400,-232,4937(612.469)[I]: [6],0,8,1,3,649,-684,4460
(612.478)[I]: [5],2,15,108,35,396,-231,4937(612.479)[I]: [6],0,10,1,3,618,-600,4547
(612.488)[I]: [5],2,17,112,31,392,-230,4937(612.489)[I]: [6],0,10,1,3,598,-505,4609
(612.498)[I]: [5],3,15,120,30,388,-231,4937(612.499)[I]: [6],0,10,1,3,591,-402,4652
(612.508)[I]: [5],3,17,124,28,385,-231,4937(612.509)[I]: [6],0,10,1,3,596,-297,4676
(612.518)[I]: [5],3,16,124,25,381,-230,4937(612.519)[I]: [6],0,11,1,3,613,-194,4682
(612.528)[I]: [5],3,17,136,22,377,-230,4938(612.529)[I]: [6],0,12,1,3,641,-96,4675
(612.538)[I]: [5],3,18,140,21,373,-230,4938(612.539)[I]: [6],0,11,1,3,669,-4,4664
(612.548)[I]: [5],3,19,144,19,369,-230,4938(612.549)[I]: [6],0,11,1,3,688,86,4656
(612.558)[I]: [5],3,20,148,16,366,-230,4943(612.559)[I]: [6],0,10,1,2,691,175,4651
(612.568)[I]: [5],4,21,152,16,363,-231,4946(612.569)[I]: [6],0,10,1,2,671,259,4646
(612.578)[I]: [5],5,23,156,17,360,-232,4949(612.579)[I]: [6],0,9,1,2,626,339,4639
(612.588)[I]: [5],4,24,156,15,357,-230,4949(612.589)[I]: [6],0,7,1,2,553,398,4627
(612.598)[I]: [5],4,28,160,16,353,-230,4950(612.599)[I]: [6],0,7,0,2,459,440,4614
(612.608)[I]: [5],5,31,160,15,349,-230,4950(612.609)[I]: [6],0,7,0,2,345,460,4607
(612.618)[I]: [5],4,31,164,15,346,-231,4950(612.619)[I]: [6],0,7,0,2,220,456,4615
(612.628)[I]: [5],3,30,164,15,343,-232,4950(612.629)[I]: [6],0,7,0,2,97,432,4645
(612.638)[I]: [5],3,29,160,15,339,-232,4950(612.639)[I]: [6],0,9,0,2,-12,391,4699
(612.648)[I]: [5],3,29,160,13,336,-229,4950(612.649)[I]: [6],0,10,1,2,-93,347,4769
(612.658)[I]: [5],3,29,160,13,332,-230,4950(612.659)[I]: [6],0,11,1,2,-144,311,4849
(612.668)[I]: [5],4,31,164,13,330,-229,4954(612.669)[I]: [6],0,13,2,2,-159,292,4932
(612.678)[I]: [5],4,34,168,12,328,-228,4962(612.679)[I]: [6],0,15,2,2,-146,290,5014
(612.688)[I]: [5],5,36,168,12,327,-229,4969(612.689)[I]: [6],0,15,2,2,-114,299,5091
(612.698)[I]: [5],8,37,172,10,325,-229,4972(612.699)[I]: [6],0,13,2,2,-78,321,5158
(612.708)[I]: [5],10,39,172,10,321,-228,4972(612.709)[I]: [6],0,11,1,2,-46,354,5211
(612.718)[I]: [5],9,40,172,10,318,-227,4972(612.719)[I]: [6],0,11,1,2,-25,403,5248
(612.728)[I]: [5],8,38,172,10,315,-228,4972(612.729)[I]: [6],0,13,1,2,-16,460,5269
(612.738)[I]: [5],7,37,172,11,312,-228,4973(612.739)[I]: [6],0,12,2,2,-19,518,5276
(612.748)[I]: [5],7,38,176,11,309,-226,4973(612.749)[I]: [6],0,13,2,2,-30,570,5274
(612.758)[I]: [5],8,38,176,11,306,-225,4973(612.759)[I]: [6],0,14,2,2,-44,607,5265
(612.768)[I]: [5],9,39,180,12,303,-225,4973(612.769)[I]: [6],0,13,2,2,-59,628,5254
(612.778)[I]: [5],11,41,184,11,300,-226,4973(612.779)[I]: [6],0,13,2,2,-71,632,5245
(612.788)[I]: [5],10,43,188,11,297,-226,4976(612.789)[I]: [6],0,13,1,2,-81,617,5239
(612.798)[I]: [5],12,46,196,10,295,-226,4983(612.799)[I]: [6],0,13,2,2,-88,592,5240
(612.808)[I]: [5],13,48,204,10,294,-224,4990(612.809)[I]: [6],0,13,2,2,-95,563,5243
(612.818)[I]: [5],17,51,212,10,291,-224,4990(612.819)[I]: [6],0,13,2,2,-104,531,5248
(612.828)[I]: [5],19,55,216,10,288,-224,4990(612.829)[I]: [6],0,11,2,2,-116,502,5252
(612.838)[I]: [5],18,58,220,10,286,-223,4990(612.839)[I]: [6],0,11,1,2,-125,475,5257
(612.848)[I]: [5],19,60,224,10,283,-223,4990(612.849)[I]: [6],0,11,1,2,-134,449,5262
(612.858)[I]: [5],17,62,236,10,280,-224,4990(612.859)[I]: [6],0,12,1,2,-143,424,5263
(612.868)[I]: [5],16,65,240,10,277,-223,4990(612.869)[I]: [6],0,10,1,2,-150,406,5253
(612.878)[I]: [5],19,71,244,10,275,-225,4993(612.879)[I]: [6],0,11,1,2,-158,398,5223
(612.888)[I]: [5],20,74,252,8,272,-228,5001(612.889)[I]: [6],0,10,1,2,-169,402,5169
(612.898)[I]: [5],23,80,268,8,270,-233,5014(612.899)[I]: [6],0,10,0,2,-185,415,5096
(612.908)[I]: [5],27,88,272,9,267,-237,5028(612.909)[I]: [6],0,11,2,2,-174,423,5030
(612.918)[I]: [5],27,95,264,6,264,-242,5047(612.919)[I]: [6],0,13,3,2,-200,263,5194
(612.928)[I]: [5],28,103,264,4,260,-248,5074(612.929)[I]: [6],0,15,3,2,-241,123,5419
(612.938)[I]: [5],28,111,268,4,256,-250,5114(612.939)[I]: [6],0,23,7,2,-251,125,5591
(612.948)[I]: [5],30,119,252,0,250,-254,5170(612.949)[I]: [6],0,31,25,2,-249,124,5775
(612.958)[I]: [5],31,127,244,0,241,-261,5235(612.959)[I]: [6],0,34,31,2,-253,104,5936
(612.968)[I]: [5],31,127,200,0,230,-266,5355(612.969)[I]: [6],0,38,44,2,-257,83,6042
(612.978)[I]: [5],34,135,184,0,218,-266,5519(612.979)[I]: [6],0,43,54,2,-255,40,6098
(612.988)[I]: [5],37,119,148,0,210,-260,5726(612.989)[I]: [6],0,52,62,2,-257,-32,6144
(612.998)[I]: [5],41,105,76,0,209,-261,5998(612.999)[I]: [6],0,56,73,2,-260,-94,6228
(612.999)[I]: [5],45,73,56,0,215,-247,6307(612.999)[I]: [6],0,56,81,3,-247,-236,6308
(612.999)[I]: [5],50,55,36,0,206,-220,6644(612.999)[I]: [6],0,60,81,5,-213,-244,6341
(613.004)[I]: [5],48,27,32,0,195,-224,7005(613.005)[I]: [6],0,58,88,7,-228,-315,6359
(613.014)[I]: [5],40,25,28,0,185,-239,7372(613.015)[I]: [6],0,62,89,11,-231,-324,6368
(613.024)[I]: [5],28,15,24,0,165,-279,7744(613.025)[I]: [6],0,70,94,16,-229,-324,6368
(613.034)[I]: [5],17,12,16,0,130,-330,8102(613.035)[I]: [6],0,62,100,17,-226,-324,6368
(613.044)[I]: [5],10,7,12,0,89,-390,8460(613.044)[I]: [6],0,55,103,12,-226,-320,6365
(613.054)[I]: [5],4,6,12,0,51,-485,8819(613.054)[I]: [6],0,58,110,8,-226,-313,6362
(613.064)[I]: [5],0,4,8,2,20,-666,9046(613.064)[I]: [6],0,55,112,7,-227,-306,6357
(613.074)[I]: [5],0,4,12,0,-6,-780,9104(613.074)[I]: [6],0,52,108,6,-225,-302,6354
(613.084)[I]: [5],0,3,12,0,-23,-851,9050(613.084)[I]: [6],0,51,111,6,-223,-301,6354
(613.094)[I]: [5],0,3,12,0,-37,-869,8900(613.094)[I]: [6],0,51,115,5,-220,-302,6354
(613.104)[I]: [5],0,3,12,0,-72,-824,8712(613.104)[I]: [6],0,45,116,5,-218,-303,6354
(613.114)[I]: [5],0,3,12,0,-127,-769,8534(613.114)[I]: [6],0,44,117,5,-216,-304,6354
(613.124)[I]: [5],0,2,12,0,-192,-720,8373(613.124)[I]: [6],0,43,117,4,-214,-305,6354
(613.134)[I]: [5],0,2,8,0,-257,-691,8224(613.134)[I]: [6],0,43,118,4,-212,-306,6354
(613.144)[I]: [5],0,3,8,0,-318,-682,8082(613.144)[I]: [6],0,39,117,3,-208,-304,6356
(613.154)[I]: [5],1,3,8,0,-370,-681,7954(613.154)[I]: [6],0,38,117,3,-206,-311,6355
(613.164)[I]: [5],0,3,8,0,-415,-677,7851(613.164)[I]: [6],0,36,117,3,-204,-312,6355
(613.174)[I]: [5],0,3,8,0,-454,-669,7769(613.174)[I]: [6],0,34,117,3,-202,-311,6355
(613.184)[I]: [5],0,3,8,0,-487,-652,7693(613.184)[I]: [6],0,31,118,3,-200,-311,6355
(613.194)[I]: [5],0,3,8,0,-515,-630,7611(613.194)[I]: [6],0,30,118,3,-198,-312,6355
(613.204)[I]: [5],0,3,8,0,-539,-603,7512(613.204)[I]: [6],0,31,120,3,-196,-313,6355
(613.214)[I]: [5],0,3,12,0,-561,-568,7389(613.214)[I]: [6],0,31,120,3,-194,-314,6355
(613.224)[I]: [5],0,3,12,0,-588,-529,7243(613.224)[I]: [6],0,31,122,4,-192,-314,6355
(613.234)[I]: [5],0,3,12,0,-620,-485,7082(613.234)[I]: [6],0,31,123,4,-190,-314,6355
(613.244)[I]: [5],0,3,8,0,-660,-437,6914(613.244)[I]: [6],0,31,124,5,-188,-314,6355
(613.254)[I]: [5],0,3,8,0,-708,-392,6745(613.254)[I]: [6],0,33,124,4,-186,-315,6355
(613.264)[I]: [5],0,3,8,0,-765,-350,6580(613.264)[I]: [6],0,34,122,5,-184,-315,6355
(613.274)[I]: [5],0,4,8,0,-830,-310,6425(613.274)[I]: [6],0,36,122,5,-183,-315,6355
(613.284)[I]: [5],0,3,8,0,-900,-268,6287(613.284)[I]: [6],0,36,120,6,-181,-315,6355
(613.294)[I]: [5],0,3,4,0,-972,-221,6177(613.294)[I]: [6],0,36,117,7,-180,-316,6358
(613.304)[I]: [5],0,3,4,0,-1045,-162,6100(613.304)[I]: [6],0,37,112,7,-179,-316,6362
(613.314)[I]: [5],0,3,4,0,-1116,-88,6054(613.314)[I]: [6],0,38,110,11,-178,-316,6362
(613.324)[I]: [5],0,4,4,0,-1181,1,6030(613.324)[I]: [6],0,39,105,11,-176,-317,6362
(613.334)[I]: [5],0,4,4,0,-1236,107,6015(613.334)[I]: [6],0,38,100,12,-174,-317,6362
(613.344)[I]: [5],0,3,0,0,-1276,223,5997(613.344)[I]: [6],0,39,94,13,-172,-317,6362
(613.354)[I]: [5],0,3,4,0,-1292,329,5967(613.354)[I]: [6],0,40,90,14,-171,-317,6362
(613.364)[I]: [5],0,3,4,0,-1279,415,5919(613.364)[I]: [6],0,42,86,15,-169,-318,6361
(613.374)[I]: [5],0,4,4,0,-1235,476,5850(613.374)[I]: [6],0,43,85,12,-167,-318,6361
(613.384)[I]: [5],0,4,4,0,-1163,509,5765(613.384)[I]: [6],0,42,83,11,-166,-319,6361
(613.394)[I]: [5],0,4,0,0,-1064,521,5677(613.394)[I]: [6],0,44,82,10,-164,-319,6361
(613.404)[I]: [5],0,3,0,0,-947,526,5599(613.404)[I]: [6],0,45,82,7,-162,-319,6361
(613.414)[I]: [5],0,4,0,0,-815,535,5542(613.414)[I]: [6],0,46,83,7,-161,-319,6361
(613.424)[I]: [5],0,4,4,0,-678,566,5510(613.424)[I]: [6],0,48,83,7,-159,-319,6361
(613.434)[I]: [5],0,4,0,0,-544,617,5502(613.434)[I]: [6],0,49,85,8,-157,-320,6361
(613.444)[I]: [5],0,4,0,0,-418,671,5511(613.444)[I]: [6],0,51,85,7,-156,-320,6361
(613.454)[I]: [5],0,4,0,0,-306,712,5533(613.454)[I]: [6],0,55,86,8,-154,-318,6361
(613.464)[I]: [5],0,4,0,0,-210,736,5560(613.464)[I]: [6],0,57,86,8,-153,-320,6361
(613.474)[I]: [5],0,3,0,0,-132,747,5587(613.474)[I]: [6],0,63,89,8,-151,-322,6361
(613.484)[I]: [5],0,4,0,0,-75,747,5607(613.484)[I]: [6],0,68,91,8,-150,-323,6361
(613.494)[I]: [5],0,3,0,0,-38,737,5619(613.494)[I]: [6],0,69,93,8,-148,-324,6361
(613.504)[I]: [5],0,3,0,0,-16,721,5624(613.504)[I]: [6],0,70,96,7,-147,-325,6361
(613.514)[I]: [5],0,3,0,0,-7,699,5625(613.514)[I]: [6],0,71,98,7,-145,-325,6361
(613.524)[I]: [5],0,3,4,0,-7,674,5631(613.524)[I]: [6],0,74,99,6,-144,-326,6361
(613.534)[I]: [5],0,3,4,0,-13,648,5650(613.534)[I]: [6],0,76,103,6,-142,-328,6354
(613.544)[I]: [5],0,3,4,0,-23,626,5687(613.544)[I]: [6],0,79,110,5,-140,-331,6345
(613.554)[I]: [5],0,3,4,0,-36,613,5742(613.554)[I]: [6],1,79,114,5,-138,-334,6337
(613.564)[I]: [5],0,3,4,0,-52,610,5812(613.564)[I]: [6],3,86,117,5,-137,-339,6331
(613.574)[I]: [5],0,3,4,0,-70,613,5893(613.574)[I]: [6],3,96,121,5,-135,-340,6328
(613.584)[I]: [5],0,3,4,0,-87,618,5982(613.584)[I]: [6],3,101,127,4,-133,-343,6321
(613.594)[I]: [5],0,4,4,0,-101,618,6079(613.594)[I]: [6],3,108,133,3,-129,-346,6313
(613.604)[I]: [5],0,3,4,0,-111,608,6182(613.604)[I]: [6],3,112,141,3,-127,-349,6301
(613.614)[I]: [5],0,6,12,0,-117,582,6291(613.614)[I]: [6],3,119,142,3,-124,-354,6287
(613.624)[I]: [5],5,6,8,0,-100,413,6222(613.624)[I]: [6],4,127,142,2,-121,-363,6270
(613.634)[I]: [5],2,4,4,0,-20,188,5954(613.634)[I]: [6],6,138,139,2,-117,-375,6247
(613.644)[I]: [5],2,7,8,0,39,103,5717(613.644)[I]: [6],7,147,127,2,-112,-408,6205
(613.654)[I]: [5],6,13,32,0,44,106,5515(613.655)[I]: [6],10,150,112,2,-109,-467,6141
(613.664)[I]: [5],3,19,56,0,4,151,5285(613.664)[I]: [6],12,158,99,2,-97,-494,6055
(613.674)[I]: [5],1,28,72,0,3,132,5118(613.674)[I]: [6],12,161,81,2,-90,-518,5962
(613.684)[I]: [5],2,33,108,0,7,71,5001(613.684)[I]: [6],11,170,71,2,-80,-520,5854
(613.694)[I]: [5],6,29,112,0,4,-80,5048(613.694)[I]: [6],12,159,47,2,-70,-505,5716
(613.704)[I]: [5],8,39,116,6,-2,-129,4998(613.705)[I]: [6],15,155,27,2,-57,-480,5543
(613.714)[I]: [5],9,44,116,10,-7,-201,4976(613.715)[I]: [6],13,121,10,2,-46,-442,5338
(613.724)[I]: [5],8,43,108,19,-7,-213,4960(613.725)[I]: [6],17,96,6,2,-21,-388,5086
(613.734)[I]: [5],9,47,112,21,-6,-210,4953(613.735)[I]: [6],19,66,5,2,0,-372,4787
(613.744)[I]: [5],10,45,108,22,-5,-200,4953(613.745)[I]: [6],20,49,5,2,32,-359,4460
(613.754)[I]: [5],12,45,116,22,-3,-187,4956(613.755)[I]: [6],29,28,5,2,68,-388,4125
(613.764)[I]: [5],12,46,124,22,-3,-175,4959(613.765)[I]: [6],46,25,5,2,86,-466,3790
(613.774)[I]: [5],11,49,124,24,-1,-166,4958(613.775)[I]: [6],67,23,5,2,104,-542,3438
(613.784)[I]: [5],11,44,124,28,-1,-164,4958(613.785)[I]: [6],41,15,5,2,143,-625,3078
(613.794)[I]: [5],12,43,116,35,-1,-162,4958(613.795)[I]: [6],22,12,6,3,185,-763,2745
(613.804)[I]: [5],13,44,120,36,-1,-162,4958(613.805)[I]: [6],0,10,7,3,214,-997,2542
(613.814)[I]: [5],13,45,124,36,-1,-162,4958(613.815)[I]: [6],0,11,6,3,246,-1095,2530
(613.824)[I]: [5],12,44,124,37,-1,-162,4958(613.825)[I]: [6],0,10,7,3,313,-1091,2580
(613.834)[I]: [5],9,44,136,35,-1,-162,4958(613.835)[I]: [6],0,10,4,3,391,-1073,2664
(613.844)[I]: [5],9,43,136,34,-1,-162,4958(613.845)[I]: [6],0,11,5,3,489,-996,2804
(613.854)[I]: [5],9,44,136,33,-1,-162,4958(613.855)[I]: [6],0,12,4,3,585,-926,2966
(613.864)[I]: [5],7,45,136,28,-1,-162,4958(613.865)[I]: [6],0,11,4,3,666,-869,3152
(613.874)[I]: [5],7,45,124,24,-1,-162,4958(613.875)[I]: [6],0,12,4,3,723,-841,3344
(613.884)[I]: [5],7,43,124,24,-1,-161,4958(613.885)[I]: [6],0,11,4,3,752,-834,3536
(613.894)[I]: [5],6,45,124,22,-1,-159,4958(613.895)[I]: [6],0,10,4,3,751,-835,3715
(613.904)[I]: [5],7,45,124,21,-1,-158,4958(613.905)[I]: [6],0,10,4,3,722,-834,3880
(613.914)[I]: [5],7,46,120,21,-1,-158,4958(613.915)[I]: [6],0,10,3,2,674,-819,4029
(613.924)[I]: [5],8,46,116,20,-2,-163,4957(613.925)[I]: [6],0,10,3,3,611,-787,4161
(613.934)[I]: [5],8,49,120,20,-3,-169,4956(613.935)[I]: [6],0,10,3,3,541,-739,4269
(613.944)[I]: [5],7,48,116,20,-3,-173,4955(613.945)[I]: [6],0,13,3,3,471,-683,4341
(613.954)[I]: [5],9,50,108,20,-4,-179,4954(613.955)[I]: [6],0,13,2,2,409,-621,4376
(613.964)[I]: [5],11,53,96,21,-5,-182,4954(613.965)[I]: [6],0,13,2,2,365,-558,4378
(613.974)[I]: [5],13,53,96,20,-5,-183,4954(613.975)[I]: [6],0,12,2,2,345,-497,4353
(613.984)[I]: [5],15,54,96,21,-5,-183,4954(613.985)[I]: [6],0,10,2,3,348,-441,4311
(613.994)[I]: [5],16,55,92,20,-5,-183,4954(613.995)[I]: [6],0,11,1,2,367,-385,4267
(613.999)[I]: [5],15,57,96,20,-5,-183,4954(613.999)[I]: [6],0,9,1,3,393,-323,4234
(613.999)[I]: [5],14,60,92,20,-5,-187,4955(613.999)[I]: [6],0,10,2,2,414,-248,4219
(614.000)[I]: [5],13,61,92,19,-5,-190,4955(614.000)[I]: [6],0,10,1,2,421,-162,4227
(614.010)[I]: [5],14,63,88,20,-5,-190,4955(614.011)[I]: [6],0,10,1,2,403,-73,4258
(614.020)[I]: [5],13,63,76,19,-6,-193,4954(614.021)[I]: [6],0,11,1,2,360,9,4314
(614.030)[I]: [5],14,66,72,19,-6,-197,4953(614.031)[I]: [6],0,9,1,2,290,77,4392
(614.040)[I]: [5],13,67,72,20,-6,-198,4953(614.040)[I]: [6],0,9,0,2,199,124,4486
(614.050)[I]: [5],14,69,72,20,-6,-198,4953(614.051)[I]: [6],0,7,2,3,92,155,4589
(614.060)[I]: [5],15,75,72,19,-6,-200,4953(614.061)[I]: [6],0,8,2,2,-19,169,4690
(614.070)[I]: [5],18,76,76,17,-6,-201,4953(614.071)[I]: [6],0,8,1,2,-122,173,4780
(614.080)[I]: [5],21,77,76,16,-6,-203,4953(614.080)[I]: [6],0,8,1,2,-209,170,4848
(614.090)[I]: [5],23,79,80,15,-7,-201,4959(614.090)[I]: [6],0,8,2,2,-275,170,4893
(614.100)[I]: [5],24,82,84,13,-7,-201,4959(614.101)[I]: [6],0,9,1,2,-313,181,4919
(614.110)[I]: [5],25,83,88,13,-6,-201,4959(614.111)[I]: [6],0,9,2,2,-322,204,4936
(614.120)[I]: [5],24,83,92,13,-6,-203,4959(614.121)[I]: [6],0,10,2,2,-301,235,4957
(614.130)[I]: [5],24,79,96,13,-6,-201,4960(614.131)[I]: [6],0,11,2,2,-258,267,4987
(614.140)[I]: [5],23,75,100,12,-5,-194,4961(614.141)[I]: [6],0,11,2,2,-203,300,5032
(614.150)[I]: [5],24,74,108,13,-5,-190,4961(614.151)[I]: [6],0,11,2,2,-147,336,5089
(614.160)[I]: [5],25,74,112,13,-5,-190,4961(614.161)[I]: [6],0,11,3,2,-96,379,5151
(614.170)[I]: [5],26,76,124,13,-5,-190,4961(614.171)[I]: [6],0,11,2,2,-55,436,5209
(614.180)[I]: [5],29,78,124,10,-6,-189,4967(614.181)[I]: [6],0,11,2,2,-25,504,5250
(614.190)[I]: [5],29,79,136,10,-6,-186,4974(614.191)[I]: [6],0,11,3,2,-2,572,5272
(614.200)[I]: [5],29,79,144,10,-6,-182,4984(614.201)[I]: [6],0,11,3,2,18,627,5275
(614.210)[I]: [5],29,81,156,8,-6,-179,4993(614.211)[I]: [6],0,11,3,2,39,663,5263
(614.220)[I]: [5],31,81,164,9,-6,-176,5002(614.221)[I]: [6],0,11,2,2,60,683,5243
(614.230)[I]: [5],30,81,172,9,-6,-175,5009(614.231)[I]: [6],0,11,3,2,81,694,5221
(614.240)[I]: [5],31,81,180,9,-6,-174,5009(614.241)[I]: [6],0,10,3,3,100,700,5200
(614.250)[I]: [5],31,83,184,9,-6,-174,5009(614.251)[I]: [6],0,10,3,2,112,703,5182
(614.260)[I]: [5],31,85,188,9,-6,-174,5009(614.261)[I]: [6],0,10,2,2,114,705,5164
(614.270)[I]: [5],34,87,196,9,-6,-174,5009(614.271)[I]: [6],0,10,3,2,105,704,5143
(614.280)[I]: [5],38,92,196,9,-6,-175,5009(614.281)[I]: [6],0,10,3,2,82,694,5116
(614.290)[I]: [5],44,98,196,8,-7,-175,5012(614.291)[I]: [6],0,11,3,2,47,672,5086
(614.300)[I]: [5],46,104,192,7,-7,-177,5020(614.301)[I]: [6],0,10,3,2,-3,635,5053
(614.310)[I]: [5],52,111,200,6,-8,-179,5031(614.311)[I]: [6],0,10,3,2,-68,586,5016
(614.320)[I]: [5],55,120,204,5,-9,-181,5048(614.321)[I]: [6],0,8,2,2,-140,529,4971
(614.330)[I]: [5],63,127,224,5,-11,-181,5075(614.331)[I]: [6],0,12,4,2,-177,383,5056
(614.340)[I]: [5],73,143,216,3,-13,-186,5113(614.341)[I]: [6],0,12,2,2,-261,199,5284
(614.350)[I]: [5],77,154,212,0,-16,-199,5158(614.351)[I]: [6],0,15,3,2,-302,192,5482
(614.360)[I]: [5],84,163,220,0,-20,-228,5207(614.361)[I]: [6],0,20,9,2,-309,211,5675
(614.370)[I]: [5],91,173,208,0,-25,-260,5269(614.371)[I]: [6],0,26,15,2,-293,220,5884
(614.380)[I]: [5],106,184,184,0,-32,-279,5349(614.381)[I]: [6],0,37,27,2,-291,192,6052
(614.390)[I]: [5],117,192,160,0,-38,-293,5450(614.391)[I]: [6],0,38,37,2,-288,149,6169
(614.400)[I]: [5],125,195,140,0,-42,-302,5581(614.401)[I]: [6],0,44,45,2,-284,115,6227
(614.410)[I]: [5],124,184,76,0,-41,-302,5754(614.411)[I]: [6],0,51,53,2,-282,73,6254
(614.420)[I]: [5],126,162,56,0,-41,-276,5974(614.421)[I]: [6],0,53,63,2,-284,29,6284
(614.430)[I]: [5],124,130,36,0,-36,-249,6236(614.431)[I]: [6],0,55,73,3,-278,-14,6345
(614.440)[I]: [5],125,85,28,0,-28,-233,6536(614.441)[I]: [6],1,56,75,3,-281,-114,6349
(614.450)[I]: [5],120,63,24,0,-22,-235,6870(614.451)[I]: [6],1,57,74,3,-283,-171,6372
(614.460)[I]: [5],109,31,20,0,-23,-262,7223(614.461)[I]: [6],3,67,75,3,-275,-217,6387
(614.470)[I]: [5],108,17,24,0,-29,-317,7582(614.471)[I]: [6],3,71,83,5,-273,-225,6400
(614.480)[I]: [5],75,19,12,0,-29,-403,7931(614.481)[I]: [6],3,66,79,7,-273,-234,6412
(614.490)[I]: [5],56,15,12,0,-37,-468,8263(614.491)[I]: [6],3,67,85,9,-270,-241,6424
(614.500)[I]: [5],39,7,8,0,-50,-515,8594(614.500)[I]: [6],3,67,78,10,-269,-246,6432
(614.510)[I]: [5],27,5,12,0,-80,-549,8907(614.510)[I]: [6],3,66,77,12,-267,-248,6439
(614.520)[I]: [5],15,6,8,0,-112,-618,9228(614.520)[I]: [6],2,62,75,15,-264,-249,6439
(614.530)[I]: [5],9,4,8,2,-139,-767,9461(614.530)[I]: [6],3,61,73,15,-262,-249,6439
(614.540)[I]: [5],0,2,8,2,-172,-907,9534(614.540)[I]: [6],1,60,68,15,-259,-249,6439
(614.550)[I]: [5],0,2,4,1,-225,-976,9545(614.550)[I]: [6],2,59,67,15,-257,-248,6439
(614.560)[I]: [5],0,4,0,0,-275,-1028,9465(614.560)[I]: [6],1,55,63,15,-254,-247,6439
(614.570)[I]: [5],2,3,4,0,-337,-1017,9315(614.570)[I]: [6],1,55,61,17,-252,-246,6439
(614.580)[I]: [5],3,3,4,0,-411,-989,9132(614.580)[I]: [6],2,53,57,17,-249,-246,6439
(614.590)[I]: [5],3,3,4,0,-489,-954,8947(614.590)[I]: [6],1,52,55,15,-247,-245,6439
(614.600)[I]: [5],2,3,4,0,-570,-929,8773(614.600)[I]: [6],1,53,55,14,-244,-245,6439
(614.610)[I]: [5],2,3,4,0,-648,-919,8607(614.610)[I]: [6],1,52,56,13,-242,-246,6439
(614.620)[I]: [5],3,3,4,0,-718,-919,8448(614.620)[I]: [6],1,52,58,11,-239,-248,6439
(614.630)[I]: [5],1,3,8,0,-772,-927,8292(614.630)[I]: [6],1,51,59,12,-237,-248,6439
(614.640)[I]: [5],2,3,8,0,-809,-938,8136(614.640)[I]: [6],1,51,61,13,-234,-248,6439
(614.650)[I]: [5],1,3,8,0,-831,-942,7976(614.650)[I]: [6],1,49,62,12,-232,-248,6439
(614.660)[I]: [5],1,3,8,0,-844,-943,7816(614.660)[I]: [6],2,49,62,12,-230,-247,6439
(614.670)[I]: [5],0,2,8,0,-849,-934,7658(614.670)[I]: [6],1,49,63,12,-228,-247,6439
(614.680)[I]: [5],0,2,8,0,-854,-908,7503(614.680)[I]: [6],1,50,63,11,-225,-247,6439
(614.690)[I]: [5],0,3,8,0,-865,-872,7351(614.690)[I]: [6],1,49,67,12,-223,-247,6439
(614.700)[I]: [5],0,2,4,0,-888,-819,7209(614.700)[I]: [6],1,48,67,13,-221,-247,6439
(614.710)[I]: [5],0,2,8,0,-926,-755,7076(614.710)[I]: [6],1,50,68,13,-219,-247,6439
(614.720)[I]: [5],0,2,4,0,-978,-682,6954(614.720)[I]: [6],1,48,68,12,-216,-247,6439
(614.730)[I]: [5],0,2,4,0,-1043,-605,6843(614.730)[I]: [6],3,48,68,13,-214,-247,6439
(614.740)[I]: [5],0,3,4,0,-1115,-520,6747(614.740)[I]: [6],2,46,68,12,-212,-246,6439
(614.750)[I]: [5],0,3,4,0,-1197,-421,6669(614.750)[I]: [6],1,46,69,12,-210,-246,6439
(614.760)[I]: [5],0,3,4,0,-1289,-306,6605(614.760)[I]: [6],1,44,67,13,-208,-246,6439
(614.770)[I]: [5],0,3,4,0,-1392,-181,6548(614.770)[I]: [6],1,43,68,14,-206,-246,6439
(614.780)[I]: [5],0,3,0,0,-1504,-53,6487(614.780)[I]: [6],1,42,68,14,-204,-246,6439
(614.790)[I]: [5],0,3,0,0,-1616,79,6415(614.790)[I]: [6],1,41,69,15,-202,-245,6439
(614.800)[I]: [5],0,3,0,0,-1718,218,6334(614.800)[I]: [6],1,41,69,15,-200,-245,6439
(614.810)[I]: [5],0,3,0,0,-1803,368,6250(614.810)[I]: [6],1,42,70,15,-198,-245,6439
(614.820)[I]: [5],0,3,0,0,-1863,514,6169(614.820)[I]: [6],1,42,70,15,-196,-245,6439
(614.830)[I]: [5],0,5,4,0,-1890,637,6100(614.830)[I]: [6],1,42,70,14,-194,-245,6439
(614.840)[I]: [5],0,5,4,0,-1878,726,6047(614.840)[I]: [6],1,43,71,13,-192,-245,6439
(614.850)[I]: [5],0,5,4,0,-1826,785,6016(614.850)[I]: [6],0,43,71,10,-190,-244,6439
(614.860)[I]: [5],0,5,4,0,-1734,823,6004(614.860)[I]: [6],1,44,72,8,-188,-243,6439
(614.870)[I]: [5],0,3,4,0,-1606,853,6005(614.870)[I]: [6],1,45,74,7,-187,-243,6437
(614.880)[I]: [5],0,3,4,0,-1449,882,6012(614.880)[I]: [6],1,46,75,7,-185,-242,6437
(614.890)[I]: [5],0,3,4,0,-1272,908,6018(614.890)[I]: [6],1,47,79,7,-183,-243,6437
(614.900)[I]: [5],0,3,4,0,-1082,928,6021(614.900)[I]: [6],1,48,80,7,-181,-243,6437
(614.910)[I]: [5],0,3,4,0,-889,940,6018(614.910)[I]: [6],1,50,84,6,-179,-243,6437
(614.920)[I]: [5],0,3,4,0,-701,940,6006(614.920)[I]: [6],1,51,84,5,-178,-244,6437
(614.930)[I]: [5],0,3,4,0,-527,937,5987(614.930)[I]: [6],2,52,87,5,-176,-243,6437
(614.940)[I]: [5],0,3,4,0,-375,933,5964(614.940)[I]: [6],2,52,88,4,-174,-243,6437
(614.950)[I]: [5],0,3,4,0,-249,920,5938(614.950)[I]: [6],2,52,89,4,-173,-242,6431
(614.960)[I]: [5],0,3,4,0,-144,893,5914(614.960)[I]: [6],3,52,87,4,-171,-241,6431
(614.970)[I]: [5],0,3,0,0,-57,852,5892(614.970)[I]: [6],3,54,86,4,-169,-240,6431
(614.980)[I]: [5],0,2,4,0,15,802,5875(614.980)[I]: [6],3,57,87,4,-167,-240,6431
(614.990)[I]: [5],0,3,4,0,78,751,5866(614.990)[I]: [6],3,59,90,4,-166,-240,6431
(614.999)[I]: [5],0,3,4,0,132,708,5864(614.999)[I]: [6],3,61,93,5,-164,-240,6431
(614.999)[I]: [5],0,3,4,0,175,680,5876(614.999)[I]: [6],4,63,96,4,-162,-241,6431
(614.999)[I]: [5],0,3,4,0,204,675,5912(614.999)[I]: [6],4,67,102,4,-161,-241,6431
(615.006)[I]: [5],0,3,4,0,216,692,5973(615.006)[I]: [6],4,68,103,4,-159,-240,6431
(615.016)[I]: [5],0,3,0,0,208,731,6060(615.016)[I]: [6],5,71,103,4,-158,-240,6431
(615.026)[I]: [5],0,3,0,0,183,788,6163(615.026)[I]: [6],7,74,111,3,-156,-238,6431
(615.036)[I]: [5],0,4,0,0,148,855,6273(615.036)[I]: [6],5,80,114,3,-153,-242,6426
(615.046)[I]: [5],0,4,0,0,107,925,6379(615.046)[I]: [6],6,83,119,3,-153,-244,6424
(615.056)[I]: [5],0,4,0,0,64,991,6480(615.056)[I]: [6],8,88,121,3,-151,-244,6424
(615.066)[I]: [5],0,4,0,0,19,1042,6577(615.066)[I]: [6],9,92,127,3,-148,-247,6422
(615.076)[I]: [5],1,3,4,0,-25,1072,6675(615.076)[I]: [6],11,97,127,3,-145,-252,6415
(615.086)[I]: [5],3,3,8,0,-44,1000,6671(615.086)[I]: [6],13,102,132,3,-142,-259,6406
(615.096)[I]: [5],1,6,12,0,7,765,6477(615.096)[I]: [6],14,109,134,3,-138,-269,6395
(615.106)[I]: [5],5,4,20,0,86,520,6282(615.106)[I]: [6],15,113,131,3,-134,-281,6376
(615.116)[I]: [5],6,9,36,0,150,329,6068(615.116)[I]: [6],15,121,113,3,-128,-303,6342
(615.126)[I]: [5],4,13,56,0,120,312,5846(615.127)[I]: [6],15,127,99,2,-122,-354,6280
(615.136)[I]: [5],2,21,96,0,79,302,5680(615.136)[I]: [6],17,131,80,2,-112,-381,6174
(615.146)[I]: [5],3,33,116,0,79,206,5541(615.147)[I]: [6],17,140,63,2,-103,-396,6025
(615.156)[I]: [5],5,43,152,0,76,115,5417(615.157)[I]: [6],19,137,38,2,-92,-392,5837
(615.166)[I]: [5],4,45,164,0,68,49,5323(615.166)[I]: [6],23,116,17,2,-72,-368,5621
(615.176)[I]: [5],3,43,172,0,65,-12,5201(615.176)[I]: [6],25,79,11,2,-51,-332,5377
(615.186)[I]: [5],4,42,164,5,63,-142,5200(615.187)[I]: [6],26,70,5,2,-34,-317,5090
(615.196)[I]: [5],7,51,164,12,56,-180,5127(615.197)[I]: [6],29,51,8,2,-10,-307,4786
(615.206)[I]: [5],8,49,160,17,53,-209,5101(615.207)[I]: [6],40,34,7,2,29,-304,4472
(615.216)[I]: [5],9,52,172,24,53,-221,5097(615.217)[I]: [6],51,29,12,2,59,-341,4152
(615.226)[I]: [5],10,50,172,23,55,-209,5098(615.227)[I]: [6],66,25,7,2,76,-410,3821
(615.236)[I]: [5],11,48,168,24,57,-194,5100(615.237)[I]: [6],60,20,6,2,87,-483,3494
(615.246)[I]: [5],11,50,180,23,59,-183,5103(615.247)[I]: [6],26,14,6,2,113,-540,3190
(615.256)[I]: [5],12,49,184,22,60,-174,5104(615.257)[I]: [6],15,10,6,3,146,-623,2872
(615.266)[I]: [5],12,48,180,25,59,-171,5104(615.267)[I]: [6],2,9,6,3,183,-786,2592
(615.276)[I]: [5],9,45,168,26,59,-169,5104(615.277)[I]: [6],0,11,5,3,206,-980,2515
(615.286)[I]: [5],7,41,172,30,58,-171,5101(615.287)[I]: [6],0,10,7,3,259,-1032,2537
(615.296)[I]: [5],6,39,168,31,57,-174,5096(615.297)[I]: [6],0,12,6,3,295,-1113,2609
(615.306)[I]: [5],5,36,164,33,56,-176,5093(615.307)[I]: [6],0,12,6,3,366,-1114,2746
(615.316)[I]: [5],4,34,160,37,56,-177,5093(615.317)[I]: [6],0,11,5,3,448,-1093,2898
(615.326)[I]: [5],4,31,148,37,55,-177,5093(615.327)[I]: [6],0,9,5,3,535,-1062,3054
(615.336)[I]: [5],4,29,140,31,54,-177,5093(615.337)[I]: [6],0,8,5,3,613,-1034,3213
(615.346)[I]: [5],3,25,140,28,54,-177,5093(615.347)[I]: [6],0,7,5,3,668,-1019,3374
(615.356)[I]: [5],3,24,124,28,53,-178,5093(615.357)[I]: [6],0,8,5,3,694,-1007,3529
(615.366)[I]: [5],3,24,124,25,53,-178,5093(615.367)[I]: [6],0,7,5,3,688,-1007,3672
(615.376)[I]: [5],3,21,116,25,52,-179,5093(615.377)[I]: [6],0,7,3,3,654,-1003,3798
(615.386)[I]: [5],3,23,112,24,52,-180,5093(615.387)[I]: [6],0,8,4,3,597,-991,3915
(615.396)[I]: [5],3,25,108,24,51,-179,5093(615.397)[I]: [6],0,9,5,3,527,-963,4023
(615.406)[I]: [5],3,26,104,25,50,-184,5090(615.407)[I]: [6],0,9,6,3,451,-914,4126
(615.416)[I]: [5],3,28,104,26,48,-190,5086(615.417)[I]: [6],0,9,5,2,377,-850,4226
(615.426)[I]: [5],3,29,104,27,47,-195,5083(615.427)[I]: [6],0,9,5,3,309,-774,4326
(615.436)[I]: [5],3,30,88,28,46,-201,5079(615.437)[I]: [6],0,7,3,3,255,-693,4432
(615.446)[I]: [5],4,30,84,28,46,-201,5079(615.447)[I]: [6],0,10,3,3,217,-612,4548
(615.456)[I]: [5],5,30,84,35,45,-201,5079(615.457)[I]: [6],0,9,3,3,200,-537,4667
(615.466)[I]: [5],4,31,80,40,45,-202,5079(615.467)[I]: [6],0,9,3,3,201,-468,4785
(615.476)[I]: [5],4,30,84,42,44,-205,5077(615.477)[I]: [6],0,10,2,3,220,-400,4889
(615.486)[I]: [5],4,31,80,46,44,-207,5077(615.487)[I]: [6],0,10,3,3,252,-329,4975
(615.496)[I]: [5],4,31,84,50,43,-208,5077(615.497)[I]: [6],0,10,3,2,294,-247,5038
(615.506)[I]: [5],6,35,84,48,43,-209,5077(615.507)[I]: [6],0,10,3,2,338,-150,5083
(615.516)[I]: [5],6,35,88,43,42,-210,5077(615.517)[I]: [6],0,11,3,2,375,-50,5111
(615.526)[I]: [5],6,38,88,40,42,-210,5077(615.527)[I]: [6],0,11,3,2,403,58,5123
(615.536)[I]: [5],9,41,88,28,41,-210,5077(615.537)[I]: [6],0,11,3,2,413,168,5124
(615.546)[I]: [5],10,45,92,27,41,-211,5077(615.547)[I]: [6],0,10,2,2,401,265,5123
(615.556)[I]: [5],11,44,88,24,41,-212,5077(615.557)[I]: [6],0,11,2,2,369,343,5133
(615.566)[I]: [5],13,45,92,19,40,-212,5077(615.567)[I]: [6],0,10,2,3,319,400,5165
(615.576)[I]: [5],15,47,92,17,39,-213,5080(615.577)[I]: [6],0,10,3,3,255,443,5224
(615.586)[I]: [5],18,50,92,17,39,-215,5087(615.587)[I]: [6],0,12,3,3,180,481,5308
(615.596)[I]: [5],19,54,100,16,39,-218,5098(615.597)[I]: [6],0,13,2,3,101,515,5407
(615.606)[I]: [5],25,55,104,13,39,-221,5109(615.607)[I]: [6],0,11,2,2,31,541,5508
(615.616)[I]: [5],27,62,108,15,38,-225,5119(615.617)[I]: [6],0,10,2,2,-27,546,5597
(615.626)[I]: [5],31,62,108,13,38,-229,5126(615.627)[I]: [6],0,10,2,2,-71,532,5664
(615.636)[I]: [5],35,66,108,13,37,-230,5126(615.637)[I]: [6],0,9,2,2,-98,509,5708
(615.646)[I]: [5],35,67,116,12,37,-233,5126(615.647)[I]: [6],0,7,3,2,-110,490,5728
(615.656)[I]: [5],38,71,116,10,37,-233,5129(615.657)[I]: [6],0,8,3,2,-111,487,5732
(615.666)[I]: [5],42,73,120,9,36,-233,5136(615.667)[I]: [6],0,9,3,2,-102,501,5724
(615.676)[I]: [5],49,78,124,8,35,-231,5145(615.677)[I]: [6],0,10,3,2,-84,529,5714
(615.686)[I]: [5],56,81,124,8,35,-231,5154(615.687)[I]: [6],0,9,3,2,-62,570,5708
(615.696)[I]: [5],61,85,124,6,34,-231,5163(615.697)[I]: [6],0,9,2,2,-36,618,5707
(615.706)[I]: [5],67,89,136,6,33,-232,5175(615.707)[I]: [6],0,7,3,2,-7,666,5710
(615.716)[I]: [5],77,92,140,6,32,-231,5188(615.717)[I]: [6],0,10,2,2,24,707,5711
(615.726)[I]: [5],86,100,148,7,31,-231,5204(615.727)[I]: [6],0,10,3,2,57,738,5705
(615.736)[I]: [5],89,105,152,4,30,-234,5220(615.737)[I]: [6],0,10,3,2,88,761,5687
(615.746)[I]: [5],93,113,156,4,29,-238,5235(615.747)[I]: [6],0,9,3,2,116,779,5658
(615.756)[I]: [5],99,120,160,4,28,-243,5253(615.757)[I]: [6],0,9,3,2,138,795,5621
(615.766)[I]: [5],111,127,172,4,26,-249,5270(615.767)[I]: [6],0,10,3,2,152,808,5580
(615.776)[I]: [5],117,135,188,3,24,-260,5289(615.777)[I]: [6],0,10,3,2,158,817,5538
(615.786)[I]: [5],124,146,192,3,21,-273,5309(615.787)[I]: [6],0,9,3,2,157,822,5497
(615.796)[I]: [5],132,154,196,1,18,-290,5333(615.797)[I]: [6],0,8,3,2,148,822,5458
(615.806)[I]: [5],147,164,192,0,15,-312,5363(615.807)[I]: [6],0,7,3,2,130,821,5419
(615.816)[I]: [5],159,173,192,0,12,-340,5404(615.817)[I]: [6],0,7,3,2,105,818,5378
(615.826)[I]: [5],174,184,188,0,8,-363,5452(615.827)[I]: [6],0,8,3,2,73,808,5330
(615.836)[I]: [5],184,193,192,0,3,-377,5509(615.837)[I]: [6],0,9,2,2,34,791,5273
(615.846)[I]: [5],192,203,184,0,0,-389,5575(615.847)[I]: [6],0,9,3,2,-11,763,5202
(615.856)[I]: [5],196,216,184,0,-3,-397,5649(615.857)[I]: [6],0,9,2,2,-61,728,5115
(615.866)[I]: [5],201,218,156,0,-6,-404,5735(615.867)[I]: [6],0,11,5,2,-126,669,5021
(615.876)[I]: [5],207,227,124,0,-8,-408,5836(615.877)[I]: [6],0,10,7,2,-194,452,5095
(615.886)[I]: [5],206,226,108,0,-10,-408,5962(615.887)[I]: [6],0,19,10,2,-307,164,5220
(615.896)[I]: [5],206,220,76,0,-11,-396,6119(615.897)[I]: [6],0,24,14,2,-393,44,5384
(615.906)[I]: [5],197,191,48,0,-12,-377,6308(615.907)[I]: [6],2,35,15,2,-428,2,5509
(615.916)[I]: [5],181,157,40,0,-11,-358,6532(615.917)[I]: [6],5,55,31,2,-420,-20,5646
(615.926)[I]: [5],167,119,32,0,-9,-352,6793(615.927)[I]: [6],6,68,43,2,-413,-89,5768
(615.936)[I]: [5],159,85,32,0,-12,-355,7082(615.937)[I]: [6],7,84,50,2,-414,-183,5879
(615.946)[I]: [5],147,46,28,0,-22,-371,7395(615.947)[I]: [6],10,104,56,2,-407,-270,5968
(615.956)[I]: [5],147,35,24,0,-37,-404,7715(615.957)[I]: [6],10,112,63,2,-409,-345,6054
(615.966)[I]: [5],132,22,36,0,-56,-443,8035(615.967)[I]: [6],10,110,69,2,-406,-403,6146
(615.976)[I]: [5],106,23,24,0,-76,-484,8346(615.977)[I]: [6],10,111,78,2,-403,-438,6210
(615.986)[I]: [5],66,14,20,0,-105,-499,8641(615.987)[I]: [6],19,127,83,5,-393,-448,6216
(615.996)[I]: [5],43,12,20,0,-130,-508,8929(615.997)[I]: [6],18,124,90,5,-389,-448,6229
(615.999)[I]: [5],28,7,8,0,-168,-503,9201(615.999)[I]: [6],17,127,86,6,-391,-442,6237
(615.999)[I]: [5],20,5,4,0,-208,-534,9462(615.999)[I]: [6],16,119,90,6,-391,-437,6240
(616.002)[I]: [5],4,3,8,0,-252,-645,9640(616.002)[I]: [6],12,118,92,6,-390,-431,6245
(616.012)[I]: [5],0,2,8,0,-309,-744,9688(616.012)[I]: [6],11,116,92,6,-387,-426,6245
(616.022)[I]: [5],0,3,4,0,-380,-806,9681(616.022)[I]: [6],9,110,91,5,-383,-423,6245
(616.032)[I]: [5],0,2,4,0,-452,-847,9606(616.032)[I]: [6],7,107,91,5,-379,-423,6246
(616.042)[I]: [5],2,3,8,0,-522,-832,9470(616.042)[I]: [6],6,100,88,5,-375,-422,6246
(616.052)[I]: [5],2,3,8,0,-589,-793,9303(616.052)[I]: [6],4,101,83,5,-371,-422,6246
(616.062)[I]: [5],2,3,8,0,-647,-737,9137(616.062)[I]: [6],4,96,83,3,-368,-422,6246
(616.072)[I]: [5],1,3,4,0,-693,-682,8979(616.072)[I]: [6],4,93,79,3,-364,-427,6245
(616.082)[I]: [5],1,3,8,0,-728,-644,8832(616.082)[I]: [6],3,91,76,3,-358,-428,6247
(616.092)[I]: [5],0,3,8,0,-752,-633,8695(616.092)[I]: [6],3,88,75,3,-354,-430,6247
(616.102)[I]: [5],0,3,8,0,-766,-647,8568(616.102)[I]: [6],3,87,75,3,-352,-430,6254
(616.112)[I]: [5],0,3,4,0,-778,-679,8451(616.112)[I]: [6],3,86,76,4,-348,-428,6258
(616.122)[I]: [5],0,2,4,0,-793,-717,8341(616.122)[I]: [6],3,84,75,6,-346,-429,6265
(616.132)[I]: [5],0,2,4,0,-812,-752,8229(616.132)[I]: [6],3,86,76,6,-344,-431,6272
(616.142)[I]: [5],0,1,0,0,-841,-766,8108(616.142)[I]: [6],4,84,77,7,-343,-429,6279
(616.152)[I]: [5],0,2,0,0,-880,-763,7970(616.152)[I]: [6],3,85,78,7,-340,-429,6286
(616.162)[I]: [5],0,2,4,0,-929,-743,7815(616.162)[I]: [6],3,84,79,8,-338,-429,6293
(616.172)[I]: [5],0,2,4,0,-986,-709,7652(616.172)[I]: [6],3,85,79,9,-336,-427,6299
(616.182)[I]: [5],0,2,0,0,-1049,-666,7485(616.182)[I]: [6],3,81,79,9,-333,-427,6299
(616.192)[I]: [5],0,1,4,0,-1115,-618,7324(616.192)[I]: [6],3,80,79,8,-329,-426,6299
(616.202)[I]: [5],0,2,4,0,-1183,-569,7176(616.202)[I]: [6],3,76,79,9,-326,-426,6299
(616.212)[I]: [5],0,2,4,0,-1247,-523,7046(616.212)[I]: [6],4,74,79,10,-323,-426,6299
(616.222)[I]: [5],0,2,4,0,-1303,-486,6934(616.222)[I]: [6],3,74,80,10,-320,-426,6299
(616.232)[I]: [5],0,2,4,0,-1348,-456,6839(616.232)[I]: [6],4,75,81,10,-316,-426,6299
(616.242)[I]: [5],0,2,4,0,-1375,-429,6761(616.242)[I]: [6],4,75,81,10,-313,-426,6299
(616.252)[I]: [5],0,2,0,0,-1382,-400,6696(616.252)[I]: [6],3,74,82,11,-310,-426,6299
(616.262)[I]: [5],0,2,4,0,-1365,-370,6636(616.262)[I]: [6],3,75,83,10,-307,-425,6299
(616.272)[I]: [5],0,3,4,0,-1326,-338,6572(616.272)[I]: [6],4,75,84,10,-304,-425,6299
(616.282)[I]: [5],0,3,4,0,-1270,-299,6500(616.282)[I]: [6],3,75,83,10,-301,-424,6299
(616.292)[I]: [5],0,3,4,0,-1203,-254,6416(616.292)[I]: [6],3,75,83,10,-298,-424,6299
(616.302)[I]: [5],0,2,4,0,-1129,-204,6326(616.302)[I]: [6],4,76,83,10,-295,-424,6299
(616.312)[I]: [5],0,3,4,0,-1051,-153,6235(616.312)[I]: [6],3,76,84,9,-292,-424,6299
(616.322)[I]: [5],0,3,4,0,-971,-96,6150(616.322)[I]: [6],3,75,84,9,-289,-423,6299
(616.332)[I]: [5],0,3,4,0,-889,-43,6078(616.332)[I]: [6],3,75,85,10,-286,-423,6299
(616.342)[I]: [5],0,3,4,0,-806,3,6021(616.342)[I]: [6],4,75,84,10,-283,-423,6299
(616.352)[I]: [5],0,3,4,0,-723,40,5981(616.352)[I]: [6],3,74,83,10,-280,-423,6299
(616.362)[I]: [5],0,3,4,0,-641,67,5961(616.362)[I]: [6],5,73,85,10,-278,-422,6299
(616.372)[I]: [5],0,3,4,0,-564,86,5960(616.372)[I]: [6],4,73,85,10,-275,-422,6299
(616.382)[I]: [5],0,3,4,0,-491,99,5980(616.382)[I]: [6],4,70,85,10,-272,-421,6299
(616.392)[I]: [5],0,3,4,0,-422,111,6015(616.392)[I]: [6],3,69,85,10,-269,-421,6299
(616.402)[I]: [5],0,3,4,0,-368,120,6061(616.402)[I]: [6],3,67,86,10,-267,-421,6299
(616.412)[I]: [5],3,3,4,0,-352,109,5996(616.412)[I]: [6],3,63,85,11,-264,-421,6299
(616.422)[I]: [5],4,4,4,0,-350,113,5830(616.422)[I]: [6],3,62,84,10,-261,-421,6299
(616.432)[I]: [5],4,9,12,0,-364,135,5697(616.432)[I]: [6],3,61,83,11,-259,-420,6299
(616.442)[I]: [5],0,7,24,0,-378,151,5523(616.442)[I]: [6],2,56,82,12,-256,-420,6299
(616.452)[I]: [5],0,11,36,0,-393,139,5388(616.452)[I]: [6],2,55,77,12,-254,-420,6299
(616.462)[I]: [5],0,9,40,0,-397,101,5264(616.462)[I]: [6],2,53,74,12,-251,-419,6299
(616.472)[I]: [5],0,9,44,0,-407,5,5255(616.472)[I]: [6],1,51,68,12,-249,-419,6299
(616.482)[I]: [5],0,11,44,4,-413,-27,5242(616.482)[I]: [6],1,50,63,12,-246,-419,6299
(616.492)[I]: [5],3,18,56,8,-415,-73,5241(616.493)[I]: [6],1,47,63,12,-244,-419,6299
(616.502)[I]: [5],3,18,52,8,-416,-111,5234(616.503)[I]: [6],1,46,59,12,-241,-419,6299
(616.512)[I]: [5],3,19,48,10,-416,-121,5230(616.513)[I]: [6],1,43,54,11,-239,-419,6299
(616.522)[I]: [5],2,18,44,12,-411,-125,5230(616.523)[I]: [6],1,43,49,11,-236,-418,6299
(616.532)[I]: [5],3,18,44,12,-407,-127,5230(616.533)[I]: [6],1,42,44,11,-234,-418,6299
(616.542)[I]: [5],3,19,44,11,-405,-120,5232(616.543)[I]: [6],0,40,43,10,-232,-417,6299
(616.552)[I]: [5],1,15,44,11,-402,-109,5235(616.553)[I]: [6],0,38,38,9,-229,-417,6299
(616.562)[I]: [5],0,17,48,10,-400,-97,5234(616.563)[I]: [6],0,37,40,9,-227,-416,6299
(616.572)[I]: [5],0,17,52,10,-398,-86,5234(616.573)[I]: [6],0,37,37,9,-225,-416,6299
(616.582)[I]: [5],0,15,52,11,-396,-78,5234(616.583)[I]: [6],0,36,31,9,-223,-416,6299
(616.592)[I]: [5],0,15,56,11,-394,-71,5234(616.593)[I]: [6],0,34,31,9,-220,-416,6299
(616.602)[I]: [5],0,15,60,11,-390,-70,5235(616.603)[I]: [6],0,31,31,9,-218,-415,6299
(616.612)[I]: [5],0,17,60,12,-386,-70,5235(616.613)[I]: [6],0,31,31,10,-216,-415,6299
(616.622)[I]: [5],0,17,80,13,-382,-70,5235(616.623)[I]: [6],0,34,28,9,-214,-415,6299
(616.632)[I]: [5],0,19,88,13,-379,-69,5235(616.633)[I]: [6],0,31,30,10,-212,-414,6299
(616.642)[I]: [5],0,17,100,14,-375,-68,5235(616.643)[I]: [6],0,33,28,10,-210,-414,6299
(616.652)[I]: [5],0,15,96,14,-374,-72,5239(616.653)[I]: [6],0,31,26,10,-208,-414,6299
(616.662)[I]: [5],0,19,100,13,-373,-77,5245(616.663)[I]: [6],0,31,27,10,-205,-413,6299
(616.672)[I]: [5],1,22,104,13,-372,-82,5252(616.673)[I]: [6],0,31,27,10,-203,-412,6300
(616.682)[I]: [5],3,23,108,13,-371,-87,5257(616.683)[I]: [6],0,31,30,9,-201,-412,6300
(616.692)[I]: [5],3,23,112,13,-367,-88,5257(616.693)[I]: [6],0,30,28,9,-199,-412,6300
(616.702)[I]: [5],3,27,116,13,-366,-89,5264(616.703)[I]: [6],0,30,28,9,-197,-412,6300
(616.712)[I]: [5],4,28,116,10,-363,-89,5266(616.713)[I]: [6],0,31,28,7,-195,-411,6300
(616.722)[I]: [5],5,29,116,10,-360,-89,5270(616.723)[I]: [6],0,31,28,7,-193,-411,6300
(616.732)[I]: [5],5,28,124,8,-358,-89,5273(616.733)[I]: [6],0,31,26,6,-191,-411,6300
(616.742)[I]: [5],4,29,124,8,-354,-89,5273(616.743)[I]: [6],0,31,27,6,-190,-411,6300
(616.752)[I]: [5],4,29,136,8,-351,-89,5273(616.753)[I]: [6],0,31,28,6,-188,-410,6300
(616.762)[I]: [5],5,28,136,8,-347,-89,5273(616.763)[I]: [6],0,31,27,6,-186,-410,6300
(616.772)[I]: [5],5,31,136,8,-344,-89,5273(616.773)[I]: [6],0,31,27,7,-184,-410,6300
(616.782)[I]: [5],4,35,140,8,-340,-90,5273(616.783)[I]: [6],0,31,27,7,-182,-410,6300
(616.792)[I]: [5],4,35,144,8,-337,-89,5273(616.793)[I]: [6],0,30,29,7,-180,-409,6300
(616.802)[I]: [5],5,35,152,7,-334,-89,5273(616.803)[I]: [6],0,31,29,7,-178,-409,6299
(616.812)[I]: [5],5,31,148,7,-330,-89,5273(616.813)[I]: [6],0,31,30,7,-177,-409,6299
(616.822)[I]: [5],6,31,152,7,-327,-90,5273(616.823)[I]: [6],0,30,28,7,-175,-409,6299
(616.832)[I]: [5],8,30,152,7,-324,-90,5273(616.833)[I]: [6],0,30,29,7,-173,-408,6299
(616.842)[I]: [5],8,30,152,7,-320,-91,5273(616.843)[I]: [6],0,28,28,7,-171,-408,6299
(616.852)[I]: [5],9,30,156,7,-317,-91,5273(616.853)[I]: [6],0,29,26,7,-170,-408,6299
(616.862)[I]: [5],9,31,156,7,-314,-91,5273(616.863)[I]: [6],0,29,29,7,-168,-408,6299
(616.872)[I]: [5],9,30,156,7,-311,-92,5273(616.873)[I]: [6],0,29,28,7,-166,-408,6299
(616.882)[I]: [5],8,30,156,7,-308,-92,5273(616.883)[I]: [6],0,29,26,7,-165,-407,6299
(616.892)[I]: [5],8,31,156,7,-305,-92,5273(616.893)[I]: [6],0,29,26,7,-163,-407,6299
(616.902)[I]: [5],8,31,160,7,-302,-92,5273(616.903)[I]: [6],0,28,26,7,-161,-407,6299
(616.912)[I]: [5],8,31,156,7,-299,-92,5273(616.913)[I]: [6],0,28,28,7,-160,-407,6299
(616.922)[I]: [5],8,30,160,7,-296,-92,5274(616.923)[I]: [6],0,28,28,6,-158,-406,6299
(616.932)[I]: [5],8,30,160,7,-293,-93,5274(616.933)[I]: [6],0,28,27,6,-157,-406,6299
(616.942)[I]: [5],8,31,156,7,-290,-93,5274(616.943)[I]: [6],0,27,28,6,-155,-406,6299
(616.952)[I]: [5],8,31,156,7,-287,-93,5274(616.953)[I]: [6],0,27,29,6,-153,-406,6299
(616.962)[I]: [5],7,31,156,7,-284,-94,5274(616.963)[I]: [6],0,27,29,6,-152,-405,6299
(616.972)[I]: [5],7,31,160,7,-281,-94,5274(616.973)[I]: [6],0,27,28,6,-150,-405,6299
(616.982)[I]: [5],7,30,160,8,-278,-94,5274(616.983)[I]: [6],0,28,29,6,-149,-405,6299
(616.992)[I]: [5],5,31,156,8,-276,-94,5274(616.993)[I]: [6],0,28,30,6,-147,-405,6299
(616.999)[I]: [5],3,29,156,7,-273,-94,5274(616.999)[I]: [6],0,28,29,6,-146,-405,6299
(616.999)[I]: [5],3,29,156,7,-270,-94,5274(616.999)[I]: [6],0,28,28,6,-144,-404,6299
(616.999)[I]: [5],3,28,156,8,-268,-97,5274(616.999)[I]: [6],0,28,28,6,-143,-404,6299
(617.008)[I]: [5],4,29,156,8,-265,-98,5274(617.008)[I]: [6],0,28,29,6,-142,-404,6299
(617.018)[I]: [5],3,29,156,8,-262,-98,5274(617.019)[I]: [6],0,27,29,6,-140,-404,6299
(617.028)[I]: [5],4,30,156,8,-260,-98,5274(617.028)[I]: [6],0,27,28,6,-139,-404,6299
(617.038)[I]: [5],4,30,156,8,-257,-98,5274(617.039)[I]: [6],0,27,27,6,-137,-404,6299
(617.048)[I]: [5],4,28,156,8,-254,-98,5274(617.049)[I]: [6],0,25,27,6,-136,-404,6299
(617.058)[I]: [5],4,26,156,8,-252,-98,5274(617.059)[I]: [6],0,25,27,6,-135,-403,6299
(617.068)[I]: [5],3,25,156,10,-249,-98,5274(617.069)[I]: [6],0,25,27,6,-133,-403,6299
(617.078)[I]: [5],3,25,156,10,-247,-98,5274(617.079)[I]: [6],0,24,27,6,-132,-403,6299
(617.088)[I]: [5],3,25,156,11,-244,-98,5274(617.089)[I]: [6],0,24,28,6,-131,-402,6299
(617.098)[I]: [5],3,25,156,12,-242,-98,5274(617.099)[I]: [6],0,24,27,6,-129,-403,6299
(617.108)[I]: [5],3,25,156,12,-240,-99,5274(617.109)[I]: [6],0,24,26,6,-128,-402,6299
(617.118)[I]: [5],3,25,156,13,-237,-99,5274(617.119)[I]: [6],0,23,26,6,-127,-402,6299
(617.128)[I]: [5],3,25,156,13,-235,-99,5274(617.129)[I]: [6],0,22,25,6,-126,-403,6299
(617.138)[I]: [5],3,23,156,13,-232,-99,5274(617.139)[I]: [6],0,21,25,7,-124,-402,6299
(617.148)[I]: [5],2,23,152,14,-230,-99,5274(617.149)[I]: [6],0,22,25,7,-123,-402,6299
(617.158)[I]: [5],3,22,152,15,-228,-99,5274(617.159)[I]: [6],0,23,26,7,-122,-402,6299
(617.168)[I]: [5],1,20,152,14,-226,-100,5274(617.169)[I]: [6],0,22,25,6,-121,-401,6299
(617.178)[I]: [5],0,17,148,15,-223,-100,5274(617.179)[I]: [6],0,22,24,6,-119,-401,6299
(617.188)[I]: [5],0,18,144,16,-221,-100,5274(617.189)[I]: [6],0,22,24,6,-118,-401,6299
(617.198)[I]: [5],0,17,136,16,-219,-100,5274(617.199)[I]: [6],0,22,24,7,-117,-401,6299
(617.208)[I]: [5],0,17,136,17,-217,-100,5274(617.209)[I]: [6],0,22,23,7,-116,-400,6299
(617.218)[I]: [5],0,17,136,18,-215,-101,5274(617.219)[I]: [6],0,23,23,7,-115,-400,6299
(617.228)[I]: [5],0,15,132,18,-212,-101,5274(617.229)[I]: [6],0,24,24,7,-113,-400,6299
(617.238)[I]: [5],0,18,132,19,-210,-101,5274(617.239)[I]: [6],0,23,23,6,-112,-400,6299
(617.248)[I]: [5],0,17,124,19,-208,-102,5274(617.249)[I]: [6],0,23,23,7,-111,-400,6299
(617.258)[I]: [5],0,18,124,19,-206,-102,5274(617.259)[I]: [6],0,23,22,7,-110,-399,6299
(617.268)[I]: [5],0,18,124,20,-204,-102,5274(617.269)[I]: [6],0,23,21,7,-109,-399,6299
(617.278)[I]: [5],0,17,124,20,-202,-102,5274(617.279)[I]: [6],0,24,20,7,-108,-399,6299
(617.288)[I]: [5],0,17,124,20,-200,-102,5274(617.289)[I]: [6],0,24,21,7,-107,-398,6299
(617.298)[I]: [5],0,17,120,20,-198,-102,5274(617.299)[I]: [6],0,23,21,7,-106,-398,6299
(617.308)[I]: [5],0,18,124,20,-196,-103,5274(617.309)[I]: [6],0,25,22,7,-105,-398,6299
(617.318)[I]: [5],0,18,124,20,-194,-104,5274(617.319)[I]: [6],0,23,22,7,-104,-398,6299
(617.328)[I]: [5],0,18,124,20,-192,-104,5274(617.329)[I]: [6],0,24,22,7,-103,-398,6299
(617.338)[I]: [5],0,18,120,20,-190,-104,5274(617.339)[I]: [6],0,23,22,7,-102,-398,6299
(617.348)[I]: [5],0,18,120,20,-188,-104,5274(617.349)[I]: [6],0,24,21,7,-101,-398,6299
(617.358)[I]: [5],0,18,120,19,-186,-105,5274(617.359)[I]: [6],0,24,22,7,-100,-398,6299
(617.368)[I]: [5],0,18,124,20,-185,-105,5274(617.369)[I]: [6],0,26,22,7,-99,-397,6299
(617.378)[I]: [5],0,18,124,20,-183,-105,5275(617.379)[I]: [6],0,25,21,7,-98,-397,6299
(617.388)[I]: [5],0,18,124,20,-181,-105,5275(617.389)[I]: [6],0,25,21,7,-97,-397,6299
(617.398)[I]: [5],0,18,124,20,-179,-105,5275(617.399)[I]: [6],0,25,22,7,-96,-397,6299
(617.408)[I]: [5],0,18,120,20,-177,-105,5275(617.409)[I]: [6],0,25,22,7,-95,-397,6299
(617.418)[I]: [5],0,18,124,20,-175,-105,5275(617.419)[I]: [6],0,24,21,7,-94,-397,6299