(937.623)[I]: [5],0,15,76,17,0,-194,3130(937.623)[I]: [6],0,25,35,8,0,-351,-5639
(937.633)[I]: [5],0,15,76,18,0,-193,3130(937.633)[I]: [6],0,25,35,8,0,-351,-5639
(937.643)[I]: [5],0,15,76,18,0,-193,3130(937.643)[I]: [6],0,25,35,7,0,-351,-5639
(937.653)[I]: [5],0,15,76,17,0,-193,3130(937.653)[I]: [6],0,25,35,7,0,-351,-5639
(937.663)[I]: [5],0,15,76,17,0,-193,3130(937.663)[I]: [6],0,25,35,8,0,-351,-5639
(937.673)[I]: [5],0,15,76,18,0,-193,3130(937.673)[I]: [6],0,25,35,8,0,-351,-5639
(937.683)[I]: [5],0,15,76,18,0,-193,3130(937.683)[I]: [6],0,25,35,8,0,-351,-5639
(937.693)[I]: [5],0,15,76,17,0,-193,3130(937.693)[I]: [6],0,25,35,7,0,-351,-5639
(937.703)[I]: [5],0,15,76,17,0,-194,3130(937.703)[I]: [6],0,25,35,7,0,-351,-5639
(937.713)[I]: [5],0,15,76,18,0,-194,3130(937.713)[I]: [6],0,25,34,7,0,-351,-5639
(937.723)[I]: [5],0,15,76,17,0,-194,3130(937.723)[I]: [6],0,25,35,7,0,-352,-5639
(937.733)[I]: [5],0,15,76,17,0,-194,3130(937.733)[I]: [6],0,25,35,8,0,-351,-5639
(937.743)[I]: [5],0,15,76,18,0,-194,3130(937.743)[I]: [6],0,25,35,7,0,-351,-5639
(937.753)[I]: [5],0,15,76,17,0,-194,3130(937.753)[I]: [6],0,25,34,8,0,-351,-5639
(937.763)[I]: [5],0,15,76,17,0,-194,3130(937.763)[I]: [6],0,25,34,7,0,-351,-5639
(937.773)[I]: [5],0,15,76,18,0,-194,3130(937.773)[I]: [6],0,25,34,7,0,-351,-5639
(937.783)[I]: [5],0,15,76,18,0,-194,3130(937.783)[I]: [6],0,25,34,7,0,-352,-5639
(937.793)[I]: [5],0,15,76,17,0,-194,3130(937.793)[I]: [6],0,25,34,8,0,-352,-5639
(937.803)[I]: [5],0,15,76,17,0,-194,3130(937.803)[I]: [6],0,25,34,7,0,-352,-5639
(937.813)[I]: [5],0,15,76,18,0,-194,3130(937.813)[I]: [6],0,25,34,7,0,-352,-5639
(937.823)[I]: [5],0,15,76,18,0,-194,3130(937.823)[I]: [6],0,25,34,7,0,-351,-5639
(937.833)[I]: [5],0,15,76,17,0,-195,3130(937.833)[I]: [6],0,25,34,7,0,-351,-5639
(937.843)[I]: [5],0,15,76,18,0,-195,3130(937.843)[I]: [6],0,25,34,7,0,-351,-5639
(937.853)[I]: [5],0,15,76,17,0,-195,3130(937.853)[I]: [6],0,25,35,7,0,-352,-5639
(937.863)[I]: [5],0,15,76,17,0,-195,3130(937.863)[I]: [6],0,25,34,7,0,-352,-5639
(937.873)[I]: [5],0,15,76,18,0,-195,3130(937.873)[I]: [6],0,25,34,7,0,-352,-5639
(937.883)[I]: [5],0,15,76,17,0,-195,3130(937.883)[I]: [6],0,25,34,7,0,-352,-5639
(937.893)[I]: [5],0,15,76,18,0,-195,3130(937.893)[I]: [6],0,25,34,8,0,-352,-5639
(937.903)[I]: [5],0,15,76,18,0,-195,3130(937.903)[I]: [6],0,25,34,7,0,-352,-5639
(937.913)[I]: [5],0,15,76,18,0,-195,3130(937.913)[I]: [6],0,25,34,7,0,-352,-5639
(937.923)[I]: [5],0,15,76,17,0,-195,3130(937.923)[I]: [6],0,25,34,8,0,-352,-5639
(937.933)[I]: [5],0,15,76,18,0,-195,3130(937.933)[I]: [6],0,24,34,7,0,-352,-5639
(937.943)[I]: [5],0,15,76,17,0,-195,3130(937.943)[I]: [6],0,24,34,7,0,-352,-5639
(937.953)[I]: [5],0,15,76,18,0,-194,3130(937.953)[I]: [6],0,24,34,7,0,-352,-5639
(937.963)[I]: [5],0,15,76,17,0,-195,3130(937.963)[I]: [6],0,25,34,7,0,-352,-5639
(937.973)[I]: [5],0,15,72,18,0,-195,3130(937.973)[I]: [6],0,25,34,8,0,-352,-5639
(937.983)[I]: [5],0,15,72,18,0,-195,3130(937.983)[I]: [6],0,25,34,7,0,-352,-5639
(937.993)[I]: [5],0,15,72,18,0,-195,3130(937.993)[I]: [6],0,25,34,7,0,-352,-5639
(937.999)[I]: [5],0,15,76,18,0,-195,3130(937.999)[I]: [6],0,25,34,8,0,-352,-5639
(937.999)[I]: [5],0,15,72,18,0,-195,3130(937.999)[I]: [6],0,25,34,8,0,-352,-5639
(937.999)[I]: [5],0,15,72,18,0,-195,3130(937.999)[I]: [6],0,24,31,7,0,-352,-5639
(938.009)[I]: [5],0,15,72,18,0,-195,3130(938.009)[I]: [6],0,25,34,7,0,-352,-5639
(938.019)[I]: [5],0,15,72,18,0,-195,3130(938.019)[I]: [6],0,25,34,8,0,-352,-5639
(938.029)[I]: [5],0,15,72,18,0,-195,3130(938.029)[I]: [6],0,24,31,8,0,-352,-5639
(938.039)[I]: [5],0,15,72,18,0,-195,3130(938.039)[I]: [6],0,25,34,7,0,-352,-5639
(938.049)[I]: [5],0,15,72,18,0,-195,3130(938.049)[I]: [6],0,25,34,7,0,-352,-5639
(938.059)[I]: [5],0,15,72,18,0,-195,3130(938.059)[I]: [6],0,25,34,7,0,-352,-5639
(938.069)[I]: [5],0,15,72,18,0,-195,3130(938.069)[I]: [6],0,25,34,7,0,-352,-5639
(938.079)[I]: [5],0,15,72,18,0,-195,3130(938.079)[I]: [6],0,25,34,7,0,-352,-5639
(938.089)[I]: [5],0,15,72,18,0,-195,3130(938.089)[I]: [6],0,25,34,7,0,-352,-5639
(938.099)[I]: [5],0,15,72,18,0,-195,3130(938.099)[I]: [6],0,25,34,8,0,-352,-5639
(938.109)[I]: [5],0,15,72,18,0,-195,3130(938.109)[I]: [6],0,25,34,7,0,-352,-5639
(938.119)[I]: [5],0,15,72,18,0,-195,3130(938.119)[I]: [6],0,24,34,7,0,-352,-5639
(938.129)[I]: [5],0,15,72,19,0,-195,3130(938.129)[I]: [6],0,24,34,7,0,-351,-5639
(938.139)[I]: [5],0,15,72,17,0,-195,3130(938.139)[I]: [6],0,24,34,7,0,-352,-5639
(938.149)[I]: [5],0,15,72,19,0,-195,3130(938.149)[I]: [6],0,24,34,8,0,-352,-5639
(938.159)[I]: [5],0,15,72,18,0,-196,3130(938.159)[I]: [6],0,25,34,7,0,-351,-5639
(938.169)[I]: [5],0,15,72,18,0,-196,3130(938.169)[I]: [6],0,25,34,8,0,-351,-5639
(938.179)[I]: [5],0,15,72,18,0,-196,3130(938.179)[I]: [6],0,25,34,7,0,-351,-5639
(938.189)[I]: [5],0,15,72,19,0,-196,3130(938.189)[I]: [6],0,24,34,7,0,-351,-5639
(938.199)[I]: [5],0,15,72,18,0,-195,3130(938.199)[I]: [6],0,24,34,7,0,-351,-5639
(938.209)[I]: [5],0,15,72,17,0,-195,3130(938.209)[I]: [6],0,24,31,7,0,-351,-5639
(938.219)[I]: [5],0,15,72,18,0,-195,3130(938.219)[I]: [6],0,25,31,7,0,-351,-5639
(938.229)[I]: [5],0,15,72,18,0,-195,3130(938.229)[I]: [6],0,24,34,8,0,-351,-5639
(938.239)[I]: [5],0,15,72,18,0,-195,3130(938.239)[I]: [6],0,24,31,7,0,-351,-5639
(938.249)[I]: [5],0,15,72,18,0,-195,3130(938.249)[I]: [6],0,24,31,7,0,-351,-5639
(938.259)[I]: [5],0,15,72,18,0,-195,3130(938.259)[I]: [6],0,24,31,7,0,-351,-5639
(938.269)[I]: [5],0,15,72,18,0,-195,3130(938.269)[I]: [6],0,24,31,7,0,-351,-5639
(938.279)[I]: [5],0,15,72,18,0,-195,3130(938.279)[I]: [6],0,24,31,8,0,-351,-5639
(938.289)[I]: [5],0,15,72,19,0,-195,3130(938.289)[I]: [6],0,23,31,8,0,-351,-5639
(938.299)[I]: [5],0,15,76,18,0,-195,3130(938.299)[I]: [6],0,23,31,7,0,-351,-5639
(938.309)[I]: [5],0,15,76,18,0,-195,3130(938.309)[I]: [6],0,23,31,7,0,-351,-5639
(938.319)[I]: [5],0,15,72,19,0,-196,3130(938.319)[I]: [6],0,23,31,7,0,-351,-5639
(938.329)[I]: [5],0,15,72,19,0,-196,3130(938.329)[I]: [6],0,24,31,7,0,-351,-5639
(938.339)[I]: [5],0,15,72,19,0,-196,3130(938.339)[I]: [6],0,23,31,7,0,-351,-5639
(938.349)[I]: [5],0,15,76,19,0,-196,3130(938.349)[I]: [6],0,23,31,8,0,-351,-5639
(938.359)[I]: [5],0,15,76,20,0,-196,3130(938.359)[I]: [6],0,22,30,8,0,-351,-5639
(938.369)[I]: [5],0,15,76,20,0,-196,3130(938.369)[I]: [6],0,21,29,8,0,-351,-5639
(938.379)[I]: [5],0,15,76,19,0,-196,3130(938.379)[I]: [6],0,21,29,8,0,-351,-5639
(938.389)[I]: [5],0,15,76,20,0,-196,3130(938.389)[I]: [6],0,21,30,7,0,-351,-5639
(938.399)[I]: [5],0,15,76,20,0,-196,3130(938.399)[I]: [6],0,21,29,8,0,-351,-5639
(938.409)[I]: [5],0,15,76,20,0,-196,3130(938.409)[I]: [6],0,21,29,8,0,-351,-5639
(938.419)[I]: [5],0,15,76,20,0,-196,3130(938.419)[I]: [6],0,20,29,8,0,-351,-5639
(938.429)[I]: [5],0,15,76,20,0,-195,3130(938.429)[I]: [6],0,19,28,8,0,-351,-5639
(938.439)[I]: [5],0,15,76,20,0,-195,3130(938.439)[I]: [6],0,20,27,8,0,-351,-5639
(938.449)[I]: [5],0,15,76,20,0,-195,3130(938.449)[I]: [6],0,20,28,8,0,-350,-5639
(938.459)[I]: [5],0,15,76,20,0,-194,3130(938.459)[I]: [6],0,20,28,8,0,-350,-5639
(938.469)[I]: [5],0,15,76,20,0,-194,3130(938.469)[I]: [6],0,21,28,8,0,-350,-5639
(938.479)[I]: [5],0,15,80,20,0,-194,3130(938.479)[I]: [6],0,21,28,8,0,-351,-5639
(938.489)[I]: [5],0,15,76,20,0,-194,3130(938.489)[I]: [6],0,21,28,8,0,-350,-5639
(938.499)[I]: [5],0,15,76,20,0,-194,3130(938.499)[I]: [6],0,21,28,8,0,-350,-5639
(938.509)[I]: [5],0,15,76,20,0,-194,3130(938.509)[I]: [6],0,21,28,7,0,-350,-5639
(938.519)[I]: [5],0,15,76,20,0,-194,3130(938.519)[I]: [6],0,21,28,8,0,-350,-5639
(938.529)[I]: [5],0,15,76,20,0,-194,3130(938.529)[I]: [6],0,21,28,8,0,-350,-5639
(938.539)[I]: [5],0,15,76,20,0,-194,3130(938.539)[I]: [6],0,21,28,8,0,-350,-5639
(938.549)[I]: [5],0,15,76,20,0,-194,3130(938.549)[I]: [6],0,21,28,8,0,-350,-5639
(938.559)[I]: [5],0,15,76,19,0,-194,3130(938.559)[I]: [6],0,21,28,8,0,-350,-5639
(938.569)[I]: [5],0,15,76,19,0,-194,3130(938.569)[I]: [6],0,21,28,7,0,-350,-5639
(938.579)[I]: [5],0,15,76,19,0,-194,3130(938.579)[I]: [6],0,21,28,8,0,-350,-5639
(938.589)[I]: [5],0,16,76,20,0,-194,3130(938.589)[I]: [6],0,21,28,8,0,-350,-5639
(938.599)[I]: [5],0,17,76,19,0,-194,3130(938.599)[I]: [6],0,21,28,8,0,-350,-5639
(938.609)[I]: [5],0,17,76,19,0,-194,3130(938.609)[I]: [6],0,21,28,8,0,-350,-5639
(938.619)[I]: [5],0,17,76,19,0,-193,3130(938.619)[I]: [6],0,21,28,8,0,-350,-5639
(938.629)[I]: [5],0,17,76,20,0,-193,3130(938.629)[I]: [6],0,22,28,8,0,-350,-5639
(938.639)[I]: [5],0,17,76,19,0,-193,3130(938.639)[I]: [6],0,21,28,8,0,-350,-5639
(938.649)[I]: [5],0,17,76,19,0,-194,3130(938.649)[I]: [6],0,21,27,8,0,-350,-5639
(938.659)[I]: [5],0,17,80,20,0,-194,3130(938.659)[I]: [6],0,20,27,8,0,-350,-5639
(938.669)[I]: [5],0,18,80,19,0,-194,3130(938.669)[I]: [6],0,20,27,8,0,-350,-5639
(938.679)[I]: [5],0,19,80,19,0,-193,3130(938.679)[I]: [6],0,20,27,8,0,-350,-5639
(938.689)[I]: [5],0,19,84,19,0,-193,3130(938.689)[I]: [6],0,20,26,9,0,-349,-5639
(938.699)[I]: [5],0,20,84,18,0,-193,3130(938.699)[I]: [6],0,20,26,9,0,-350,-5639
(938.709)[I]: [5],0,20,84,19,0,-193,3130(938.709)[I]: [6],0,20,26,9,0,-349,-5639
(938.719)[I]: [5],0,20,84,17,0,-193,3130(938.719)[I]: [6],0,20,26,9,0,-349,-5639
(938.729)[I]: [5],0,21,84,17,0,-193,3130(938.729)[I]: [6],0,20,25,9,0,-349,-5639
(938.739)[I]: [5],0,21,88,16,0,-193,3130(938.739)[I]: [6],0,20,26,11,0,-349,-5639
(938.749)[I]: [5],0,22,88,16,0,-193,3130(938.749)[I]: [6],0,20,25,11,0,-349,-5639
(938.759)[I]: [5],0,22,84,15,0,-194,3130(938.759)[I]: [6],0,20,25,10,0,-349,-5639
(938.769)[I]: [5],0,24,92,13,0,-195,3137(938.769)[I]: [6],0,20,24,10,0,-349,-5639
(938.779)[I]: [5],0,26,104,11,0,-195,3147(938.779)[I]: [6],0,19,25,11,0,-349,-5639
(938.789)[I]: [5],0,29,108,11,0,-194,3160(938.789)[I]: [6],0,19,23,11,0,-349,-5639
(938.799)[I]: [5],0,31,112,10,0,-194,3173(938.800)[I]: [6],0,19,23,12,0,-349,-5639
(938.809)[I]: [5],6,35,112,6,0,-190,3192(938.809)[I]: [6],0,19,24,14,0,-349,-5639
(938.819)[I]: [5],7,35,112,4,0,-182,3214(938.819)[I]: [6],0,19,25,15,0,-349,-5639
(938.829)[I]: [5],7,39,116,1,-1,-174,3239(938.830)[I]: [6],0,20,24,15,0,-349,-5639
(938.839)[I]: [5],8,40,116,0,-1,-176,3271(938.839)[I]: [6],0,20,25,19,0,-349,-5639
(938.849)[I]: [5],9,42,100,0,-4,-180,3320(938.849)[I]: [6],0,21,25,20,0,-349,-5639
(938.859)[I]: [5],11,38,80,0,-6,-197,3414(938.859)[I]: [6],0,21,27,22,0,-349,-5639
(938.869)[I]: [5],12,31,72,0,-7,-214,3538(938.869)[I]: [6],0,22,30,22,0,-349,-5639
(938.879)[I]: [5],13,28,36,0,-8,-223,3689(938.879)[I]: [6],0,22,31,23,0,-349,-5639
(938.889)[I]: [5],13,15,20,0,-5,-207,3859(938.889)[I]: [6],0,22,31,25,0,-348,-5639
(938.899)[I]: [5],13,17,20,0,-6,-165,4052(938.899)[I]: [6],0,23,31,27,0,-348,-5639
(938.909)[I]: [5],11,11,16,0,-15,-117,4254(938.910)[I]: [6],0,24,31,31,0,-348,-5639
(938.919)[I]: [5],9,8,20,0,-28,-81,4472(938.919)[I]: [6],0,26,31,35,0,-348,-5639
(938.929)[I]: [5],12,5,16,0,-40,-71,4698(938.929)[I]: [6],0,26,31,37,0,-347,-5639
(938.939)[I]: [5],10,6,16,0,-57,-76,4911(938.939)[I]: [6],0,25,36,43,0,-347,-5639
(938.949)[I]: [5],7,6,12,2,-76,-104,5120(938.949)[I]: [6],0,26,38,45,0,-347,-5639
(938.959)[I]: [5],4,5,12,1,-97,-145,5307(938.959)[I]: [6],0,27,40,48,0,-346,-5639
(938.969)[I]: [5],1,3,12,2,-121,-196,5429(938.970)[I]: [6],0,29,37,53,0,-346,-5639
(938.979)[I]: [5],0,3,12,2,-147,-246,5483(938.979)[I]: [6],0,30,39,55,0,-346,-5639
(938.989)[I]: [5],0,4,12,2,-171,-285,5476(938.989)[I]: [6],0,31,40,55,0,-346,-5639
(938.999)[I]: [5],0,4,12,1,-196,-309,5415(938.999)[I]: [6],0,31,38,51,0,-346,-5639
(938.999)[I]: [5],0,4,12,1,-227,-323,5327(938.999)[I]: [6],0,31,35,48,0,-346,-5639
(938.999)[I]: [5],0,4,12,1,-266,-328,5228(938.999)[I]: [6],0,31,34,44,0,-345,-5639
(939.005)[I]: [5],0,4,12,1,-309,-330,5123(939.005)[I]: [6],0,35,31,42,0,-345,-5639
(939.015)[I]: [5],0,4,12,1,-356,-328,5015(939.015)[I]: [6],0,37,31,40,0,-345,-5639
(939.025)[I]: [5],0,4,12,1,-405,-327,4902(939.025)[I]: [6],0,39,31,39,0,-345,-5639
(939.035)[I]: [5],0,4,12,1,-453,-324,4788(939.035)[I]: [6],0,40,31,38,0,-345,-5639
(939.045)[I]: [5],0,4,12,1,-501,-321,4672(939.045)[I]: [6],0,42,34,36,0,-345,-5639
(939.055)[I]: [5],0,4,12,1,-546,-316,4555(939.055)[I]: [6],0,44,31,35,0,-346,-5639
(939.065)[I]: [5],0,4,12,1,-589,-309,4432(939.065)[I]: [6],0,44,34,31,0,-346,-5639
(939.075)[I]: [5],0,4,8,1,-628,-300,4303(939.075)[I]: [6],0,44,34,31,0,-346,-5639
(939.085)[I]: [5],0,4,12,1,-664,-290,4171(939.085)[I]: [6],0,45,31,31,0,-346,-5639
(939.095)[I]: [5],0,4,8,1,-695,-278,4041(939.095)[I]: [6],0,47,37,29,0,-346,-5639
(939.105)[I]: [5],0,4,8,1,-720,-261,3919(939.105)[I]: [6],0,49,36,28,0,-345,-5639
(939.115)[I]: [5],0,4,8,1,-740,-233,3807(939.115)[I]: [6],0,51,39,27,0,-345,-5639
(939.125)[I]: [5],0,4,8,1,-756,-191,3711(939.125)[I]: [6],0,55,37,25,0,-344,-5639
(939.135)[I]: [5],0,4,8,1,-770,-135,3630(939.135)[I]: [6],0,59,36,25,0,-345,-5639
(939.145)[I]: [5],0,4,8,1,-780,-71,3561(939.145)[I]: [6],0,60,37,25,0,-345,-5639
(939.155)[I]: [5],0,3,8,1,-790,-9,3504(939.155)[I]: [6],0,63,38,25,0,-346,-5639
(939.165)[I]: [5],0,3,8,1,-796,40,3455(939.165)[I]: [6],0,63,39,25,0,-346,-5639
(939.175)[I]: [5],0,3,8,1,-797,70,3409(939.175)[I]: [6],0,66,39,25,0,-346,-5639
(939.185)[I]: [5],0,6,4,1,-789,77,3365(939.185)[I]: [6],0,67,42,25,0,-346,-5639
(939.195)[I]: [5],0,5,4,1,-771,58,3314(939.195)[I]: [6],0,71,39,25,0,-346,-5639
(939.205)[I]: [5],0,5,4,1,-743,19,3256(939.205)[I]: [6],0,74,39,24,0,-346,-5639
(939.215)[I]: [5],0,3,8,0,-710,-26,3188(939.215)[I]: [6],0,79,39,25,0,-346,-5639
(939.225)[I]: [5],0,4,8,0,-673,-65,3119(939.225)[I]: [6],0,81,38,24,0,-347,-5639
(939.235)[I]: [5],0,5,8,0,-638,-89,3056(939.235)[I]: [6],0,82,37,24,0,-347,-5639
(939.245)[I]: [5],0,5,8,0,-604,-95,3005(939.245)[I]: [6],0,86,35,22,0,-347,-5639
(939.255)[I]: [5],0,4,8,0,-571,-88,2965(939.255)[I]: [6],0,84,39,20,0,-347,-5639
(939.265)[I]: [5],0,4,4,0,-541,-74,2935(939.265)[I]: [6],0,83,38,17,0,-347,-5639
(939.275)[I]: [5],0,4,8,0,-512,-61,2911(939.275)[I]: [6],0,85,37,14,0,-347,-5639
(939.285)[I]: [5],0,3,8,0,-483,-49,2893(939.285)[I]: [6],0,89,35,14,0,-347,-5639
(939.295)[I]: [5],0,3,8,0,-451,-36,2880(939.295)[I]: [6],0,91,31,12,0,-348,-5639
(939.305)[I]: [5],0,3,12,0,-412,-18,2871(939.305)[I]: [6],0,93,34,10,0,-348,-5639
(939.315)[I]: [5],0,3,12,0,-366,10,2863(939.315)[I]: [6],0,96,31,8,0,-348,-5639
(939.325)[I]: [5],0,4,12,0,-318,40,2850(939.325)[I]: [6],0,99,33,6,0,-348,-5639
(939.335)[I]: [5],0,3,12,1,-272,61,2826(939.335)[I]: [6],0,99,31,5,0,-348,-5639
(939.345)[I]: [5],0,3,12,1,-233,65,2792(939.345)[I]: [6],1,102,35,5,0,-349,-5639
(939.355)[I]: [5],0,3,12,1,-199,57,2751(939.355)[I]: [6],2,105,31,5,0,-349,-5639
(939.365)[I]: [5],0,3,12,1,-173,39,2706(939.365)[I]: [6],2,113,31,5,0,-349,-5639
(939.375)[I]: [5],0,3,12,1,-151,19,2660(939.375)[I]: [6],3,115,31,5,0,-351,-5645
(939.385)[I]: [5],0,3,12,1,-134,2,2613(939.385)[I]: [6],1,124,34,4,0,-353,-5653
(939.395)[I]: [5],0,3,12,1,-120,-8,2564(939.395)[I]: [6],2,126,31,4,1,-354,-5660
(939.405)[I]: [5],0,3,12,1,-108,-11,2511(939.405)[I]: [6],2,127,31,3,1,-356,-5664
(939.415)[I]: [5],0,3,12,0,-98,-6,2460(939.415)[I]: [6],3,137,31,3,1,-356,-5664
(939.425)[I]: [5],0,3,12,0,-86,4,2417(939.425)[I]: [6],5,138,34,3,1,-357,-5664
(939.435)[I]: [5],0,3,12,0,-71,19,2384(939.435)[I]: [6],7,140,34,3,1,-358,-5664
(939.445)[I]: [5],0,3,12,0,-50,37,2365(939.445)[I]: [6],7,140,36,3,1,-358,-5664
(939.455)[I]: [5],0,3,12,0,-23,58,2359(939.455)[I]: [6],7,141,38,3,1,-358,-5664
(939.465)[I]: [5],0,3,12,0,9,77,2364(939.465)[I]: [6],7,146,38,3,1,-358,-5664
(939.475)[I]: [5],0,3,12,0,48,94,2379(939.475)[I]: [6],10,154,38,3,1,-358,-5664
(939.485)[I]: [5],0,3,12,0,95,108,2399(939.485)[I]: [6],9,161,38,3,0,-358,-5664
(939.495)[I]: [5],0,3,12,0,147,117,2417(939.495)[I]: [6],10,163,40,3,0,-358,-5664
(939.505)[I]: [5],0,3,12,0,203,120,2432(939.505)[I]: [6],8,169,43,4,0,-359,-5664
(939.515)[I]: [5],0,3,12,0,261,119,2443(939.515)[I]: [6],11,178,45,4,0,-359,-5664
(939.525)[I]: [5],0,3,12,0,319,114,2451(939.525)[I]: [6],11,189,47,4,0,-359,-5664
(939.535)[I]: [5],0,3,12,0,377,104,2456(939.535)[I]: [6],13,194,49,3,0,-359,-5664
(939.545)[I]: [5],0,3,12,0,429,87,2462(939.545)[I]: [6],10,200,50,3,0,-364,-5664
(939.555)[I]: [5],0,3,12,0,478,66,2473(939.555)[I]: [6],12,204,49,3,2,-366,-5666
(939.565)[I]: [5],0,3,8,0,521,43,2495(939.565)[I]: [6],15,205,51,2,4,-368,-5675
(939.575)[I]: [5],0,3,12,0,556,21,2529(939.575)[I]: [6],15,211,52,2,5,-372,-5687
(939.585)[I]: [5],0,3,8,0,583,4,2568(939.585)[I]: [6],15,216,51,2,5,-379,-5700
(939.595)[I]: [5],0,3,12,0,596,-4,2603(939.595)[I]: [6],17,221,48,1,5,-387,-5710
(939.605)[I]: [5],0,3,12,1,596,-2,2626(939.605)[I]: [6],15,224,45,2,7,-394,-5717
(939.615)[I]: [5],0,3,12,1,580,11,2636(939.615)[I]: [6],17,222,47,2,7,-399,-5717
(939.625)[I]: [5],0,3,12,1,548,38,2630(939.625)[I]: [6],16,222,49,3,8,-397,-5708
(939.635)[I]: [5],0,3,12,1,501,78,2610(939.635)[I]: [6],17,217,50,3,7,-393,-5698
(939.645)[I]: [5],0,3,12,1,444,126,2581(939.645)[I]: [6],17,215,53,3,7,-391,-5695
(939.655)[I]: [5],0,3,12,1,379,173,2552(939.655)[I]: [6],16,211,51,2,7,-390,-5699
(939.665)[I]: [5],0,3,12,1,312,209,2533(939.665)[I]: [6],17,210,53,2,8,-394,-5712
(939.675)[I]: [5],0,3,12,1,247,228,2535(939.675)[I]: [6],18,209,53,2,9,-414,-5738
(939.685)[I]: [5],0,3,12,2,181,249,2586(939.685)[I]: [6],19,209,48,2,9,-470,-5792
(939.695)[I]: [5],0,3,12,6,167,64,2760(939.695)[I]: [6],23,211,45,1,15,-535,-5845
(939.705)[I]: [5],0,4,32,14,141,-51,2888(939.705)[I]: [6],25,215,38,1,22,-584,-5890
(939.715)[I]: [5],0,6,48,19,151,-111,2946(939.716)[I]: [6],24,219,38,1,30,-624,-5934
(939.725)[I]: [5],0,10,52,22,148,-146,2968(939.726)[I]: [6],24,217,28,1,35,-646,-5977
(939.735)[I]: [5],0,15,52,22,144,-154,2966(939.736)[I]: [6],23,214,22,1,39,-649,-6035
(939.745)[I]: [5],0,17,52,19,144,-150,2977(939.746)[I]: [6],22,210,15,1,42,-633,-6120
(939.755)[I]: [5],0,17,60,18,141,-153,3000(939.756)[I]: [6],22,185,8,1,50,-608,-6246
(939.765)[I]: [5],0,23,68,16,141,-149,3022(939.766)[I]: [6],22,142,3,1,58,-585,-6421
(939.775)[I]: [5],3,25,92,15,140,-138,3043(939.776)[I]: [6],19,104,4,1,66,-562,-6640
(939.785)[I]: [5],7,30,104,13,141,-127,3057(939.786)[I]: [6],20,63,5,1,84,-564,-6923
(939.795)[I]: [5],9,35,108,13,141,-124,3067(939.796)[I]: [6],25,44,3,1,120,-612,-7224
(939.805)[I]: [5],13,42,112,14,140,-131,3074(939.806)[I]: [6],34,31,2,1,148,-714,-7536
(939.815)[I]: [5],16,46,108,14,138,-141,3078(939.816)[I]: [6],29,23,3,1,171,-830,-7869
(939.825)[I]: [5],26,51,112,15,136,-150,3080(939.826)[I]: [6],22,15,1,1,206,-940,-8185
(939.835)[I]: [5],31,52,108,16,134,-158,3082(939.836)[I]: [6],9,12,2,1,271,-1050,-8508
(939.845)[I]: [5],33,57,112,17,133,-156,3083(939.846)[I]: [6],0,12,0,2,328,-1233,-8756
(939.855)[I]: [5],37,58,116,16,133,-150,3086(939.856)[I]: [6],0,13,0,1,373,-1409,-8819
(939.865)[I]: [5],37,59,124,13,132,-149,3086(939.866)[I]: [6],0,12,1,3,429,-1501,-8794
(939.875)[I]: [5],36,58,124,13,131,-150,3086(939.876)[I]: [6],0,13,2,3,497,-1592,-8720
(939.885)[I]: [5],36,57,124,13,129,-149,3086(939.886)[I]: [6],0,14,3,2,583,-1620,-8605
(939.895)[I]: [5],35,56,124,13,128,-148,3086(939.896)[I]: [6],0,13,3,2,683,-1630,-8496
(939.905)[I]: [5],35,54,124,10,127,-148,3086(939.906)[I]: [6],0,12,3,2,777,-1640,-8388
(939.915)[I]: [5],34,50,132,9,125,-147,3086(939.916)[I]: [6],0,12,3,2,849,-1653,-8267
(939.925)[I]: [5],31,50,136,8,124,-145,3086(939.926)[I]: [6],0,13,3,2,883,-1665,-8143
(939.935)[I]: [5],29,50,140,9,123,-145,3086(939.936)[I]: [6],0,12,3,2,884,-1671,-8027
(939.945)[I]: [5],25,48,140,9,122,-145,3086(939.946)[I]: [6],0,12,2,2,863,-1660,-7918
(939.955)[I]: [5],27,46,136,8,120,-145,3086(939.956)[I]: [6],0,12,3,1,821,-1622,-7813
(939.965)[I]: [5],25,44,140,9,119,-147,3086(939.966)[I]: [6],0,12,2,1,758,-1556,-7704
(939.975)[I]: [5],24,44,140,10,118,-148,3086(939.976)[I]: [6],0,11,3,1,677,-1467,-7586
(939.985)[I]: [5],24,43,140,10,117,-150,3086(939.986)[I]: [6],0,12,2,1,580,-1365,-7460
(939.995)[I]: [5],23,42,144,9,116,-150,3086(939.996)[I]: [6],0,11,1,1,477,-1254,-7334
(939.999)[I]: [5],24,41,152,10,115,-151,3086(939.999)[I]: [6],0,11,1,1,379,-1144,-7223
(939.999)[I]: [5],24,38,160,9,113,-152,3086(939.999)[I]: [6],0,10,1,1,305,-1041,-7140
(940.001)[I]: [5],23,38,164,9,112,-151,3086(940.002)[I]: [6],0,11,1,1,267,-948,-7092
(940.011)[I]: [5],22,36,168,9,111,-150,3086(940.012)[I]: [6],0,11,1,1,263,-867,-7079
(940.021)[I]: [5],21,36,172,10,110,-150,3086(940.022)[I]: [6],0,11,1,1,290,-792,-7093
(940.031)[I]: [5],19,37,172,9,109,-150,3086(940.032)[I]: [6],0,11,1,1,339,-719,-7122
(940.041)[I]: [5],18,37,180,9,108,-149,3086(940.042)[I]: [6],0,11,1,1,398,-642,-7153
(940.051)[I]: [5],17,39,180,9,107,-149,3086(940.052)[I]: [6],0,11,1,1,457,-557,-7171
(940.061)[I]: [5],15,39,180,8,106,-150,3086(940.062)[I]: [6],0,11,1,1,511,-462,-7161
(940.071)[I]: [5],14,40,176,9,105,-151,3086(940.072)[I]: [6],0,11,0,1,548,-355,-7118
(940.081)[I]: [5],13,37,176,8,104,-152,3086(940.082)[I]: [6],0,12,0,1,577,-238,-7035
(940.091)[I]: [5],11,36,176,9,103,-152,3083(940.092)[I]: [6],0,13,0,1,588,-121,-6923
(940.101)[I]: [5],7,35,176,9,102,-148,3074(940.102)[I]: [6],0,14,0,1,588,-6,-6804
(940.111)[I]: [5],6,31,176,10,102,-142,3062(940.112)[I]: [6],0,14,0,1,589,101,-6705
(940.121)[I]: [5],5,31,172,12,102,-136,3052(940.122)[I]: [6],0,15,0,1,594,199,-6645
(940.131)[I]: [5],5,30,164,13,101,-134,3044(940.132)[I]: [6],0,14,0,1,601,289,-6624
(940.141)[I]: [5],5,28,160,14,100,-135,3037(940.142)[I]: [6],0,13,0,1,605,374,-6633
(940.151)[I]: [5],5,29,156,15,99,-135,3037(940.152)[I]: [6],0,12,0,1,607,460,-6651
(940.161)[I]: [5],5,30,156,15,98,-135,3037(940.162)[I]: [6],0,12,0,1,601,543,-6661
(940.171)[I]: [5],5,31,156,14,97,-136,3037(940.172)[I]: [6],0,11,0,1,583,613,-6653
(940.181)[I]: [5],5,33,152,14,96,-137,3037(940.182)[I]: [6],0,11,0,1,551,664,-6622
(940.191)[I]: [5],6,37,144,15,95,-137,3037(940.192)[I]: [6],0,11,0,1,510,692,-6567
(940.201)[I]: [5],6,37,136,16,94,-138,3037(940.202)[I]: [6],0,11,0,1,461,701,-6495
(940.211)[I]: [5],8,39,124,16,93,-139,3034(940.212)[I]: [6],0,12,0,1,409,698,-6414
(940.221)[I]: [5],9,39,124,17,92,-144,3029(940.222)[I]: [6],0,12,0,1,357,691,-6339
(940.231)[I]: [5],8,39,112,18,91,-150,3023(940.232)[I]: [6],0,12,0,1,305,679,-6282
(940.241)[I]: [5],7,42,108,18,90,-155,3017(940.242)[I]: [6],0,13,0,1,257,662,-6246
(940.251)[I]: [5],8,43,96,20,90,-159,3015(940.252)[I]: [6],0,13,1,1,212,641,-6231
(940.261)[I]: [5],9,42,92,20,89,-160,3015(940.262)[I]: [6],0,12,2,1,172,620,-6234
(940.271)[I]: [5],10,45,96,20,88,-160,3015(940.272)[I]: [6],0,13,1,1,134,602,-6249
(940.281)[I]: [5],11,45,92,19,87,-160,3015(940.282)[I]: [6],0,12,1,1,97,590,-6271
(940.291)[I]: [5],14,47,84,20,86,-161,3015(940.292)[I]: [6],0,12,1,1,61,583,-6295
(940.301)[I]: [5],14,49,84,20,86,-161,3015(940.302)[I]: [6],0,12,1,1,26,579,-6317
(940.311)[I]: [5],13,51,84,20,85,-161,3015(940.312)[I]: [6],0,12,1,1,-5,571,-6335
(940.321)[I]: [5],17,54,84,23,84,-163,3015(940.322)[I]: [6],0,12,1,1,-35,561,-6346
(940.331)[I]: [5],17,58,92,21,83,-166,3015(940.332)[I]: [6],0,13,2,1,-58,550,-6352
(940.341)[I]: [5],19,59,96,20,82,-166,3015(940.342)[I]: [6],0,13,1,1,-73,537,-6355
(940.351)[I]: [5],21,67,100,19,81,-165,3019(940.352)[I]: [6],0,12,2,1,-79,523,-6361
(940.361)[I]: [5],24,70,108,16,81,-165,3027(940.362)[I]: [6],0,12,1,1,-79,510,-6373
(940.371)[I]: [5],25,71,112,15,81,-164,3035(940.372)[I]: [6],0,13,2,1,-76,500,-6392
(940.381)[I]: [5],26,74,120,13,80,-162,3042(940.382)[I]: [6],0,13,1,0,-70,494,-6416
(940.391)[I]: [5],28,76,124,13,80,-162,3048(940.392)[I]: [6],0,12,1,1,-62,491,-6440
(940.401)[I]: [5],31,79,124,13,80,-161,3056(940.402)[I]: [6],0,12,1,1,-54,488,-6464
(940.411)[I]: [5],37,82,140,13,80,-160,3062(940.412)[I]: [6],0,12,1,1,-50,485,-6488
(940.421)[I]: [5],41,88,144,10,78,-160,3065(940.422)[I]: [6],0,12,2,0,-48,479,-6509
(940.431)[I]: [5],46,90,156,10,78,-160,3068(940.432)[I]: [6],0,12,1,1,-50,465,-6529
(940.441)[I]: [5],51,94,160,10,76,-162,3075(940.442)[I]: [6],0,13,2,1,-54,441,-6549
(940.451)[I]: [5],53,99,168,10,75,-164,3084(940.452)[I]: [6],0,11,2,1,-58,405,-6564
(940.461)[I]: [5],56,101,168,9,73,-167,3096(940.462)[I]: [6],0,15,2,1,-119,232,-6397
(940.471)[I]: [5],60,105,176,8,71,-169,3110(940.472)[I]: [6],0,15,3,1,-188,108,-6179
(940.481)[I]: [5],63,109,180,7,70,-173,3125(940.482)[I]: [6],0,18,5,1,-233,35,-5977
(940.491)[I]: [5],67,116,184,6,68,-177,3139(940.492)[I]: [6],0,23,14,1,-238,32,-5739
(940.501)[I]: [5],70,122,180,3,65,-184,3154(940.502)[I]: [6],0,21,13,1,-154,35,-5450
(940.511)[I]: [5],69,131,176,1,62,-193,3171(940.512)[I]: [6],0,21,12,3,-224,-77,-5492
(940.521)[I]: [5],69,139,172,2,59,-206,3193(940.522)[I]: [6],0,25,14,5,-237,-152,-5538
(940.531)[I]: [5],75,147,180,0,55,-230,3228(940.532)[I]: [6],0,27,17,5,-236,-165,-5583
(940.541)[I]: [5],74,153,168,0,50,-276,3282(940.542)[I]: [6],0,24,15,5,-233,-172,-5589
(940.551)[I]: [5],78,159,148,0,48,-350,3364(940.552)[I]: [6],0,19,14,6,-231,-160,-5578
(940.561)[I]: [5],73,157,120,0,42,-376,3490(940.562)[I]: [6],0,17,17,6,-230,-153,-5578
(940.571)[I]: [5],69,157,84,0,41,-400,3659(940.572)[I]: [6],0,15,19,5,-230,-148,-5583
(940.581)[I]: [5],66,135,44,0,43,-403,3880(940.582)[I]: [6],0,15,24,6,-229,-140,-5585
(940.591)[I]: [5],60,102,28,0,45,-390,4144(940.592)[I]: [6],0,13,25,9,-226,-129,-5583
(940.601)[I]: [5],49,73,16,0,46,-380,4444(940.602)[I]: [6],0,11,28,13,-225,-121,-5581
(940.611)[I]: [5],49,31,12,0,38,-388,4776(940.612)[I]: [6],0,12,26,18,-223,-119,-5581
(940.621)[I]: [5],51,15,12,0,24,-418,5129(940.622)[I]: [6],0,13,29,24,-220,-119,-5581
(940.631)[I]: [5],35,12,12,0,2,-469,5481(940.631)[I]: [6],0,12,30,27,-218,-120,-5581
(940.641)[I]: [5],28,9,16,0,-31,-514,5804(940.642)[I]: [6],0,12,38,28,-216,-121,-5581
(940.651)[I]: [5],12,7,16,0,-77,-570,6128(940.652)[I]: [6],0,13,37,34,-214,-123,-5581
(940.661)[I]: [5],2,6,12,0,-125,-672,6408(940.661)[I]: [6],0,11,39,38,-212,-124,-5581
(940.671)[I]: [5],1,3,12,0,-171,-798,6579(940.671)[I]: [6],0,12,42,39,-210,-125,-5581
(940.681)[I]: [5],0,3,12,0,-222,-898,6661(940.681)[I]: [6],0,14,41,41,-208,-128,-5581
(940.691)[I]: [5],1,3,12,0,-261,-989,6645(940.691)[I]: [6],0,13,45,40,-206,-129,-5581
(940.701)[I]: [5],5,3,12,0,-305,-1004,6563(940.702)[I]: [6],0,13,47,37,-203,-129,-5582
(940.711)[I]: [5],5,3,16,0,-363,-980,6466(940.711)[I]: [6],0,12,46,34,-201,-129,-5582
(940.721)[I]: [5],5,3,12,0,-424,-958,6381(940.721)[I]: [6],0,12,51,31,-199,-130,-5582
(940.731)[I]: [5],5,3,12,0,-477,-961,6295(940.731)[I]: [6],0,12,50,31,-197,-130,-5582
(940.741)[I]: [5],5,3,12,0,-517,-993,6201(940.742)[I]: [6],0,11,51,29,-195,-131,-5582
(940.751)[I]: [5],5,3,8,0,-542,-1040,6094(940.751)[I]: [6],0,11,54,27,-194,-132,-5582
(940.761)[I]: [5],4,3,12,0,-555,-1092,5970(940.762)[I]: [6],0,10,53,26,-192,-134,-5582
(940.771)[I]: [5],5,3,12,0,-566,-1125,5828(940.772)[I]: [6],0,11,51,25,-190,-134,-5582
(940.781)[I]: [5],5,2,12,0,-580,-1126,5675(940.782)[I]: [6],0,11,54,25,-188,-135,-5582
(940.791)[I]: [5],4,3,8,0,-604,-1090,5513(940.791)[I]: [6],0,11,54,23,-186,-136,-5582
(940.801)[I]: [5],5,3,8,0,-633,-1027,5348(940.801)[I]: [6],0,12,56,19,-184,-137,-5582
(940.811)[I]: [5],5,3,12,0,-664,-952,5185(940.811)[I]: [6],0,12,59,19,-182,-138,-5582
(940.821)[I]: [5],5,2,12,0,-694,-880,5030(940.821)[I]: [6],0,12,59,18,-180,-138,-5582
(940.831)[I]: [5],5,2,8,0,-721,-823,4888(940.831)[I]: [6],0,13,59,18,-179,-139,-5582
(940.841)[I]: [5],5,2,8,0,-745,-783,4764(940.841)[I]: [6],0,14,58,18,-177,-140,-5582
(940.851)[I]: [5],6,2,4,0,-765,-763,4652(940.851)[I]: [6],0,15,56,17,-175,-141,-5582
(940.861)[I]: [5],5,3,4,0,-779,-760,4535(940.861)[I]: [6],0,15,54,19,-173,-141,-5582
(940.871)[I]: [5],4,3,0,0,-787,-764,4400(940.871)[I]: [6],0,18,53,20,-172,-143,-5583
(940.881)[I]: [5],4,3,0,0,-794,-759,4255(940.881)[I]: [6],0,19,52,20,-170,-144,-5583
(940.891)[I]: [5],3,3,0,0,-803,-736,4105(940.891)[I]: [6],0,18,51,19,-168,-146,-5583
(940.901)[I]: [5],3,3,0,0,-816,-693,3957(940.901)[I]: [6],0,19,51,19,-166,-148,-5583
(940.911)[I]: [5],3,3,0,0,-834,-635,3822(940.911)[I]: [6],0,22,51,19,-165,-149,-5583
(940.921)[I]: [5],3,3,0,0,-851,-566,3712(940.921)[I]: [6],0,22,51,18,-163,-150,-5583
(940.931)[I]: [5],3,3,0,0,-859,-496,3637(940.931)[I]: [6],0,22,53,18,-162,-151,-5583
(940.941)[I]: [5],1,3,0,0,-854,-431,3596(940.941)[I]: [6],0,23,55,17,-160,-152,-5583
(940.951)[I]: [5],0,4,0,0,-833,-380,3567(940.951)[I]: [6],0,23,55,17,-158,-153,-5583
(940.961)[I]: [5],0,5,0,0,-795,-353,3532(940.961)[I]: [6],0,24,58,15,-157,-154,-5583
(940.971)[I]: [5],0,4,4,0,-747,-348,3471(940.971)[I]: [6],0,24,57,15,-155,-155,-5583
(940.981)[I]: [5],0,4,4,0,-693,-350,3388(940.981)[I]: [6],0,25,59,15,-154,-157,-5583
(940.991)[I]: [5],0,5,4,0,-639,-340,3298(940.991)[I]: [6],0,25,61,15,-152,-158,-5583
(940.999)[I]: [5],0,5,0,0,-589,-307,3212(940.999)[I]: [6],0,25,61,14,-151,-160,-5583
(940.999)[I]: [5],0,5,0,0,-547,-257,3138(940.999)[I]: [6],0,25,66,13,-149,-160,-5583
(940.999)[I]: [5],0,5,0,0,-509,-195,3078(940.999)[I]: [6],0,24,68,12,-148,-160,-5583
(941.007)[I]: [5],0,5,4,0,-477,-128,3028(941.007)[I]: [6],0,26,73,11,-146,-160,-5584
(941.017)[I]: [5],0,4,0,0,-450,-58,2990(941.017)[I]: [6],0,28,77,9,-145,-162,-5584
(941.027)[I]: [5],0,5,0,0,-426,11,2958(941.027)[I]: [6],0,29,79,6,-143,-164,-5584
(941.037)[I]: [5],0,5,0,0,-407,78,2930(941.037)[I]: [6],0,31,81,4,-142,-165,-5584
(941.047)[I]: [5],0,5,0,0,-392,130,2891(941.047)[I]: [6],0,31,84,4,-140,-166,-5584
(941.057)[I]: [5],0,5,0,0,-386,160,2826(941.057)[I]: [6],0,31,85,5,-139,-167,-5584
(941.067)[I]: [5],0,4,0,0,-385,172,2738(941.067)[I]: [6],0,36,89,4,-139,-168,-5587
(941.077)[I]: [5],0,5,0,0,-385,198,2638(941.077)[I]: [6],0,37,92,3,-138,-168,-5590
(941.087)[I]: [5],0,5,0,0,-390,244,2535(941.087)[I]: [6],0,39,99,3,-136,-169,-5590
(941.097)[I]: [5],0,4,0,0,-396,281,2433(941.097)[I]: [6],0,39,101,3,-135,-170,-5590
(941.107)[I]: [5],0,5,0,0,-400,296,2338(941.107)[I]: [6],0,40,101,3,-134,-171,-5590
(941.117)[I]: [5],0,4,0,0,-398,288,2256(941.117)[I]: [6],0,42,107,3,-132,-170,-5590
(941.127)[I]: [5],0,4,0,0,-389,268,2188(941.127)[I]: [6],0,44,107,3,-131,-171,-5590
(941.137)[I]: [5],0,4,0,0,-373,237,2140(941.137)[I]: [6],1,44,112,4,-130,-173,-5590
(941.147)[I]: [5],0,4,4,0,-349,199,2111(941.147)[I]: [6],1,47,112,3,-128,-175,-5590
(941.157)[I]: [5],0,4,4,0,-321,157,2094(941.157)[I]: [6],0,49,113,3,-127,-175,-5590
(941.167)[I]: [5],0,4,4,0,-290,116,2079(941.167)[I]: [6],0,49,113,3,-126,-175,-5590
(941.177)[I]: [5],0,4,4,0,-260,83,2056(941.177)[I]: [6],1,50,115,3,-125,-175,-5590
(941.187)[I]: [5],0,3,0,0,-231,64,2020(941.187)[I]: [6],2,51,115,3,-123,-176,-5590
(941.197)[I]: [5],0,4,0,0,-205,64,1979(941.197)[I]: [6],2,55,115,2,-122,-176,-5593
(941.207)[I]: [5],0,3,0,0,-179,84,1944(941.207)[I]: [6],2,56,120,3,-120,-180,-5597
(941.217)[I]: [5],0,4,0,0,-151,119,1924(941.217)[I]: [6],3,58,123,3,-119,-182,-5597
(941.227)[I]: [5],0,3,0,0,-120,162,1922(941.227)[I]: [6],3,57,127,3,-118,-178,-5597
(941.237)[I]: [5],0,3,0,0,-85,203,1937(941.237)[I]: [6],4,56,127,3,-117,-177,-5597
(941.247)[I]: [5],0,3,0,0,-42,232,1968(941.247)[I]: [6],6,63,134,3,-115,-179,-5603
(941.257)[I]: [5],0,3,0,0,12,244,2006(941.257)[I]: [6],7,63,138,2,-114,-183,-5612
(941.267)[I]: [5],0,3,0,0,79,243,2049(941.267)[I]: [6],8,63,143,1,-112,-189,-5622
(941.277)[I]: [5],0,3,4,0,144,265,2148(941.277)[I]: [6],8,67,141,1,-111,-197,-5636
(941.287)[I]: [5],0,3,0,6,228,109,2335(941.287)[I]: [6],9,74,142,1,-109,-207,-5650
(941.297)[I]: [5],0,3,4,13,283,-16,2539(941.297)[I]: [6],11,77,139,1,-110,-214,-5658
(941.307)[I]: [5],0,2,4,20,302,-142,2766(941.307)[I]: [6],15,81,138,1,-109,-214,-5658
(941.317)[I]: [5],0,2,4,22,323,-234,2937(941.317)[I]: [6],15,86,139,1,-108,-215,-5658
(941.327)[I]: [5],0,6,12,21,333,-260,3031(941.328)[I]: [6],15,89,137,2,-107,-216,-5658
(941.337)[I]: [5],0,9,24,21,325,-243,3050(941.338)[I]: [6],15,93,133,2,-104,-222,-5663
(941.347)[I]: [5],0,7,28,20,321,-231,3044(941.348)[I]: [6],15,97,125,2,-102,-230,-5674
(941.357)[I]: [5],0,7,28,13,320,-228,3049(941.358)[I]: [6],17,99,117,1,-100,-241,-5693
(941.367)[I]: [5],0,7,24,9,317,-236,3071(941.368)[I]: [6],15,102,105,1,-99,-271,-5727
(941.377)[I]: [5],0,7,28,10,315,-239,3092(941.378)[I]: [6],15,103,93,0,-99,-321,-5778
(941.387)[I]: [5],0,9,28,10,313,-233,3108(941.388)[I]: [6],17,106,78,0,-91,-337,-5853
(941.397)[I]: [5],0,10,40,10,311,-222,3117(941.398)[I]: [6],21,107,69,0,-88,-362,-5935
(941.407)[I]: [5],0,10,40,12,310,-209,3109(941.408)[I]: [6],21,111,54,0,-81,-375,-6024
(941.417)[I]: [5],0,11,40,15,309,-202,3094(941.418)[I]: [6],22,112,40,0,-76,-383,-6122
(941.427)[I]: [5],0,11,40,19,307,-203,3084(941.428)[I]: [6],21,109,26,0,-68,-380,-6235
(941.437)[I]: [5],2,11,40,21,305,-207,3076(941.438)[I]: [6],18,100,17,0,-60,-377,-6374
(941.447)[I]: [5],2,10,44,26,304,-206,3069(941.448)[I]: [6],19,88,12,0,-59,-380,-6544
(941.457)[I]: [5],3,11,44,31,303,-201,3065(941.458)[I]: [6],17,74,7,0,-53,-370,-6759
(941.467)[I]: [5],4,12,44,42,303,-196,3063(941.468)[I]: [6],15,59,8,0,-36,-358,-7019
(941.477)[I]: [5],4,15,44,47,300,-196,3063(941.478)[I]: [6],14,39,7,0,-8,-360,-7322
(941.487)[I]: [5],3,13,48,50,299,-191,3066(941.488)[I]: [6],7,35,4,0,25,-391,-7653
(941.497)[I]: [5],3,12,48,51,299,-185,3072(941.498)[I]: [6],6,26,4,0,65,-456,-8010
(941.507)[I]: [5],3,14,56,56,298,-180,3080(941.508)[I]: [6],1,19,3,0,119,-544,-8409
(941.517)[I]: [5],5,14,64,60,295,-176,3088(941.518)[I]: [6],0,15,2,2,194,-676,-8814
(941.527)[I]: [5],5,14,84,64,294,-172,3094(941.528)[I]: [6],0,13,4,1,274,-925,-9040
(941.537)[I]: [5],5,15,68,64,292,-168,3099(941.538)[I]: [6],0,13,5,3,392,-1041,-9074
(941.547)[I]: [5],5,17,72,64,289,-166,3099(941.548)[I]: [6],0,13,4,3,488,-1147,-8957
(941.557)[I]: [5],5,19,76,67,286,-166,3099(941.558)[I]: [6],0,12,5,1,593,-1180,-8761
(941.567)[I]: [5],5,18,76,69,283,-166,3099(941.568)[I]: [6],0,12,5,1,710,-1171,-8585
(941.577)[I]: [5],5,16,80,69,280,-166,3099(941.578)[I]: [6],0,12,3,1,822,-1168,-8436
(941.587)[I]: [5],5,17,80,69,278,-165,3099(941.588)[I]: [6],0,12,3,1,929,-1176,-8286
(941.597)[I]: [5],5,17,76,67,275,-165,3099(941.598)[I]: [6],0,12,2,1,988,-1208,-8128
(941.607)[I]: [5],5,18,76,66,272,-165,3099(941.608)[I]: [6],0,10,3,1,1018,-1230,-7983
(941.617)[I]: [5],5,19,76,64,269,-165,3099(941.618)[I]: [6],0,11,3,0,1009,-1239,-7880
(941.627)[I]: [5],6,21,76,57,267,-165,3099(941.628)[I]: [6],0,13,2,1,969,-1228,-7823
(941.637)[I]: [5],3,21,76,56,264,-165,3099(941.638)[I]: [6],0,12,2,1,907,-1189,-7792
(941.647)[I]: [5],4,23,76,53,261,-170,3101(941.648)[I]: [6],0,12,2,1,832,-1108,-7770
(941.657)[I]: [5],4,24,76,50,258,-175,3102(941.658)[I]: [6],0,11,2,1,752,-987,-7752
(941.667)[I]: [5],3,22,72,48,254,-182,3102(941.668)[I]: [6],0,10,1,1,679,-842,-7731
(941.677)[I]: [5],4,26,72,44,251,-189,3104(941.678)[I]: [6],0,10,1,1,622,-690,-7703
(941.687)[I]: [5],4,26,72,42,249,-193,3106(941.688)[I]: [6],0,9,0,1,586,-543,-7668
(941.697)[I]: [5],4,25,72,41,246,-194,3106(941.698)[I]: [6],0,9,1,1,575,-409,-7628
(941.707)[I]: [5],6,25,76,38,244,-195,3106(941.708)[I]: [6],0,10,1,1,587,-290,-7592
(941.717)[I]: [5],4,26,76,39,241,-198,3107(941.718)[I]: [6],0,11,1,1,611,-188,-7563
(941.727)[I]: [5],4,30,76,39,239,-199,3107(941.728)[I]: [6],0,11,1,1,634,-100,-7543
(941.737)[I]: [5],4,29,76,30,236,-202,3109(941.738)[I]: [6],0,12,0,1,641,-25,-7527
(941.747)[I]: [5],4,31,80,24,233,-204,3111(941.748)[I]: [6],0,12,0,0,622,44,-7509
(941.757)[I]: [5],5,34,76,25,231,-208,3116(941.758)[I]: [6],0,11,0,0,579,111,-7485
(941.767)[I]: [5],4,34,76,23,229,-210,3116(941.768)[I]: [6],0,12,0,1,511,171,-7450
(941.777)[I]: [5],6,35,80,21,227,-210,3116(941.778)[I]: [6],0,13,0,1,429,222,-7401
(941.787)[I]: [5],5,36,80,21,225,-211,3116(941.788)[I]: [6],0,11,0,1,340,257,-7336
(941.797)[I]: [5],6,37,84,21,222,-211,3116(941.798)[I]: [6],0,11,0,1,256,274,-7258
(941.807)[I]: [5],6,37,80,21,220,-212,3116(941.808)[I]: [6],0,11,1,1,182,276,-7173
(941.817)[I]: [5],6,36,80,20,218,-212,3116(941.818)[I]: [6],0,11,1,1,133,278,-7094
(941.827)[I]: [5],6,37,84,20,216,-211,3116(941.828)[I]: [6],0,12,1,0,101,274,-7018
(941.837)[I]: [5],8,37,84,20,214,-212,3116(941.838)[I]: [6],0,11,1,1,87,274,-6945
(941.847)[I]: [5],6,34,84,20,211,-213,3116(941.848)[I]: [6],0,12,1,1,83,274,-6870
(941.857)[I]: [5],7,35,84,20,209,-214,3116(941.858)[I]: [6],0,12,1,1,81,273,-6795
(941.867)[I]: [5],8,37,84,21,207,-215,3116(941.868)[I]: [6],0,12,1,0,77,279,-6726
(941.877)[I]: [5],8,38,88,22,205,-215,3116(941.878)[I]: [6],0,12,1,1,71,301,-6663
(941.887)[I]: [5],8,38,88,24,203,-216,3116(941.888)[I]: [6],0,12,1,0,60,340,-6612
(941.897)[I]: [5],7,36,88,23,201,-217,3116(941.898)[I]: [6],0,12,1,1,46,383,-6575
(941.907)[I]: [5],7,38,92,22,199,-216,3116(941.908)[I]: [6],0,13,1,0,32,419,-6557
(941.917)[I]: [5],9,39,92,21,197,-215,3116(941.918)[I]: [6],0,12,1,1,18,441,-6562
(941.927)[I]: [5],11,40,100,20,195,-215,3116(941.928)[I]: [6],0,12,1,0,3,449,-6588
(941.937)[I]: [5],12,41,104,20,193,-215,3116(941.938)[I]: [6],0,12,1,0,-13,448,-6630
(941.947)[I]: [5],13,43,116,21,191,-216,3117(941.948)[I]: [6],0,11,1,1,-34,442,-6678
(941.957)[I]: [5],15,47,120,22,189,-217,3117(941.958)[I]: [6],0,11,1,1,-59,437,-6720
(941.967)[I]: [5],16,50,116,22,187,-216,3117(941.968)[I]: [6],0,11,1,1,-86,434,-6751
(941.977)[I]: [5],16,55,116,21,186,-215,3120(941.978)[I]: [6],0,11,2,1,-112,432,-6765
(941.987)[I]: [5],16,57,124,19,184,-215,3120(941.988)[I]: [6],0,11,2,1,-131,429,-6767
(941.997)[I]: [5],18,61,124,20,182,-215,3120(941.998)[I]: [6],0,11,1,1,-140,423,-6765
(941.999)[I]: [5],18,63,124,20,180,-216,3120(941.999)[I]: [6],0,11,1,0,-136,413,-6761
(941.999)[I]: [5],18,66,140,19,179,-216,3120(941.999)[I]: [6],0,11,1,0,-119,403,-6759
(942.003)[I]: [5],19,66,140,19,177,-216,3120(942.004)[I]: [6],0,11,1,0,-93,390,-6761
(942.013)[I]: [5],19,63,152,19,175,-217,3120(942.014)[I]: [6],0,10,1,0,-59,376,-6770
(942.023)[I]: [5],18,66,144,19,173,-217,3120(942.024)[I]: [6],0,10,1,1,-22,363,-6791
(942.033)[I]: [5],19,66,152,17,172,-216,3120(942.034)[I]: [6],0,10,1,0,15,352,-6826
(942.043)[I]: [5],20,67,156,17,170,-216,3120(942.044)[I]: [6],0,10,1,1,48,340,-6874
(942.053)[I]: [5],21,67,164,16,168,-215,3123(942.054)[I]: [6],0,10,1,0,73,326,-6931
(942.063)[I]: [5],21,69,164,11,167,-215,3123(942.064)[I]: [6],0,11,1,1,96,314,-6990
(942.073)[I]: [5],22,71,164,12,165,-214,3123(942.074)[I]: [6],0,14,2,0,81,202,-6858
(942.083)[I]: [5],25,73,168,10,163,-217,3129(942.084)[I]: [6],0,14,1,0,53,95,-6612
(942.093)[I]: [5],27,75,172,9,161,-220,3136(942.094)[I]: [6],0,15,2,0,26,26,-6430
(942.103)[I]: [5],27,79,176,8,158,-225,3145(942.104)[I]: [6],0,20,3,0,21,14,-6239
(942.113)[I]: [5],29,80,172,10,155,-231,3158(942.114)[I]: [6],0,27,4,0,30,10,-6055
(942.123)[I]: [5],31,83,180,6,152,-238,3180(942.124)[I]: [6],0,25,10,0,33,-17,-5904
(942.133)[I]: [5],31,87,172,2,149,-244,3217(942.134)[I]: [6],0,31,15,0,30,-53,-5772
(942.143)[I]: [5],35,98,184,0,144,-255,3269(942.144)[I]: [6],0,39,22,0,29,-100,-5710
(942.153)[I]: [5],40,105,172,0,139,-290,3330(942.154)[I]: [6],0,35,23,1,30,-167,-5688
(942.163)[I]: [5],47,113,140,0,132,-326,3412(942.164)[I]: [6],0,44,26,1,26,-276,-5685
(942.173)[I]: [5],53,119,124,0,125,-352,3539(942.174)[I]: [6],0,39,26,4,15,-271,-5663
(942.183)[I]: [5],60,115,88,0,121,-364,3693(942.184)[I]: [6],0,38,29,6,31,-266,-5650
(942.193)[I]: [5],63,101,48,0,118,-369,3891(942.194)[I]: [6],0,38,28,9,34,-267,-5650
(942.203)[I]: [5],62,84,36,0,118,-361,4124(942.204)[I]: [6],0,37,28,7,35,-267,-5652
(942.213)[I]: [5],56,68,28,0,114,-345,4398(942.214)[I]: [6],0,41,34,7,35,-267,-5652
(942.223)[I]: [5],47,57,24,0,109,-338,4702(942.224)[I]: [6],0,42,39,8,34,-264,-5657
(942.233)[I]: [5],42,44,24,0,94,-351,5036(942.234)[I]: [6],0,44,42,8,34,-264,-5657
(942.243)[I]: [5],31,29,20,0,72,-401,5406(942.244)[I]: [6],0,39,42,8,34,-265,-5657
(942.253)[I]: [5],17,15,12,0,45,-495,5807(942.254)[I]: [6],0,42,49,11,33,-264,-5657
(942.263)[I]: [5],10,15,12,0,5,-605,6217(942.263)[I]: [6],0,39,45,11,33,-262,-5657
(942.273)[I]: [5],2,8,8,0,-38,-757,6544(942.273)[I]: [6],1,41,49,13,33,-263,-5657
(942.283)[I]: [5],1,6,12,0,-70,-872,6679(942.283)[I]: [6],1,38,54,15,32,-264,-5657
(942.293)[I]: [5],0,4,8,1,-99,-966,6702(942.293)[I]: [6],1,41,54,17,32,-265,-5657
(942.303)[I]: [5],0,3,8,0,-111,-1035,6613(942.303)[I]: [6],1,39,55,16,32,-265,-5657
(942.313)[I]: [5],5,4,12,0,-144,-1013,6457(942.314)[I]: [6],1,39,59,16,31,-266,-5657
(942.323)[I]: [5],5,5,12,0,-210,-973,6300(942.323)[I]: [6],1,40,59,15,31,-266,-5657
(942.333)[I]: [5],5,3,8,0,-295,-941,6156(942.333)[I]: [6],0,41,59,15,31,-267,-5657
(942.343)[I]: [5],5,3,8,0,-381,-941,6012(942.343)[I]: [6],0,40,59,15,30,-267,-5657
(942.353)[I]: [5],5,2,8,0,-455,-973,5857(942.353)[I]: [6],0,39,55,15,30,-267,-5657
(942.363)[I]: [5],5,3,8,0,-513,-1014,5711(942.364)[I]: [6],0,35,54,15,30,-267,-5657
(942.373)[I]: [5],5,4,8,0,-558,-1049,5591(942.373)[I]: [6],0,36,53,15,30,-267,-5657
(942.383)[I]: [5],6,3,8,0,-592,-1066,5496(942.383)[I]: [6],0,36,53,15,29,-267,-5657
(942.393)[I]: [5],5,3,8,0,-616,-1060,5404(942.393)[I]: [6],0,36,53,15,29,-268,-5657
(942.403)[I]: [5],4,2,8,0,-629,-1031,5287(942.403)[I]: [6],0,37,53,15,29,-269,-5657
(942.413)[I]: [5],5,3,4,0,-632,-984,5136(942.413)[I]: [6],0,37,55,15,28,-269,-5657
(942.423)[I]: [5],4,3,4,0,-632,-923,4957(942.423)[I]: [6],0,38,56,15,28,-270,-5657
(942.433)[I]: [5],5,3,4,0,-635,-856,4768(942.433)[I]: [6],0,39,56,15,28,-270,-5657
(942.443)[I]: [5],5,3,4,0,-645,-793,4584(942.443)[I]: [6],0,41,56,13,28,-270,-5657
(942.453)[I]: [5],5,3,4,0,-663,-735,4412(942.453)[I]: [6],0,41,56,13,27,-271,-5657
(942.463)[I]: [5],5,3,4,0,-684,-684,4253(942.463)[I]: [6],0,41,55,13,27,-271,-5657
(942.473)[I]: [5],5,3,0,0,-709,-640,4111(942.473)[I]: [6],0,40,56,11,27,-272,-5657
(942.483)[I]: [5],5,3,0,0,-736,-598,3989(942.483)[I]: [6],0,45,54,8,26,-272,-5657
(942.493)[I]: [5],5,4,0,0,-761,-564,3886(942.493)[I]: [6],0,47,55,7,26,-273,-5657
(942.503)[I]: [5],4,3,0,0,-783,-538,3794(942.503)[I]: [6],0,48,54,8,26,-274,-5657
(942.513)[I]: [5],2,4,0,0,-800,-516,3705(942.513)[I]: [6],1,49,56,7,26,-275,-5657
(942.523)[I]: [5],2,3,0,0,-808,-482,3617(942.523)[I]: [6],3,51,57,8,25,-276,-5657
(942.533)[I]: [5],0,3,0,0,-807,-423,3531(942.533)[I]: [6],2,49,59,7,25,-277,-5657
(942.543)[I]: [5],0,3,0,0,-797,-342,3444(942.543)[I]: [6],3,50,60,7,25,-277,-5657
(942.553)[I]: [5],0,3,0,0,-777,-254,3346(942.553)[I]: [6],3,50,60,7,25,-277,-5657
(942.563)[I]: [5],0,3,0,0,-753,-166,3234(942.563)[I]: [6],3,50,60,7,24,-277,-5657
(942.573)[I]: [5],0,3,0,0,-725,-81,3111(942.573)[I]: [6],3,50,62,7,24,-277,-5657
(942.583)[I]: [5],0,4,0,0,-696,-1,2989(942.583)[I]: [6],3,53,63,6,24,-278,-5657
(942.593)[I]: [5],0,5,0,0,-667,60,2876(942.593)[I]: [6],3,56,66,5,24,-278,-5663
(942.603)[I]: [5],0,4,0,0,-638,110,2778(942.603)[I]: [6],3,57,69,5,24,-279,-5670
(942.613)[I]: [5],0,5,0,0,-611,151,2699(942.613)[I]: [6],3,61,73,5,24,-279,-5676
(942.623)[I]: [5],0,5,0,0,-588,190,2637(942.623)[I]: [6],3,62,75,4,24,-280,-5676
(942.633)[I]: [5],0,4,0,0,-569,236,2584(942.633)[I]: [6],3,63,77,4,23,-281,-5676
(942.643)[I]: [5],0,4,0,0,-555,289,2534(942.643)[I]: [6],3,68,77,3,23,-282,-5676
(942.653)[I]: [5],0,4,0,0,-550,343,2477(942.653)[I]: [6],3,67,79,4,23,-283,-5676
(942.663)[I]: [5],0,5,0,0,-555,386,2407(942.663)[I]: [6],3,63,79,3,23,-284,-5676
(942.673)[I]: [5],0,4,0,0,-565,412,2323(942.673)[I]: [6],3,63,79,3,22,-283,-5676
(942.683)[I]: [5],0,5,0,0,-577,418,2231(942.683)[I]: [6],2,63,83,3,22,-284,-5676
(942.693)[I]: [5],0,5,0,0,-587,408,2143(942.693)[I]: [6],2,63,86,3,21,-284,-5679
(942.703)[I]: [5],0,4,0,0,-589,385,2066(942.703)[I]: [6],2,68,91,3,20,-281,-5687
(942.713)[I]: [5],0,4,0,0,-581,358,2006(942.713)[I]: [6],4,67,96,3,20,-280,-5696
(942.723)[I]: [5],0,4,0,0,-560,332,1970(942.723)[I]: [6],5,69,100,3,20,-280,-5699
(942.733)[I]: [5],0,4,0,0,-527,311,1957(942.733)[I]: [6],4,73,109,3,20,-280,-5699
(942.743)[I]: [5],0,4,0,0,-486,295,1963(942.743)[I]: [6],4,76,113,2,20,-280,-5699
(942.753)[I]: [5],0,4,0,0,-438,284,1984(942.753)[I]: [6],5,77,120,2,20,-281,-5699
(942.763)[I]: [5],0,4,0,0,-385,277,2012(942.763)[I]: [6],5,78,121,2,20,-281,-5699
(942.773)[I]: [5],0,4,0,0,-329,271,2046(942.773)[I]: [6],5,77,125,2,19,-282,-5699
(942.783)[I]: [5],0,3,0,0,-271,265,2081(942.783)[I]: [6],6,77,126,2,19,-283,-5706
(942.793)[I]: [5],0,3,0,0,-211,258,2115(942.793)[I]: [6],5,76,127,2,19,-283,-5710
(942.803)[I]: [5],0,3,0,0,-153,248,2140(942.803)[I]: [6],6,77,132,2,19,-284,-5708
(942.813)[I]: [5],0,3,0,0,-98,240,2158(942.813)[I]: [6],6,79,135,3,20,-288,-5699
(942.823)[I]: [5],0,4,0,0,-45,236,2171(942.823)[I]: [6],6,78,139,2,20,-289,-5696
(942.833)[I]: [5],0,3,0,0,6,237,2188(942.833)[I]: [6],6,80,142,3,20,-290,-5696
(942.843)[I]: [5],0,3,0,0,57,239,2216(942.843)[I]: [6],8,81,143,3,20,-291,-5696
(942.853)[I]: [5],0,3,0,0,108,235,2262(942.853)[I]: [6],11,81,143,3,20,-291,-5696
(942.863)[I]: [5],0,3,0,0,157,217,2321(942.863)[I]: [6],12,82,144,3,17,-292,-5699
(942.873)[I]: [5],0,3,0,0,204,186,2382(942.873)[I]: [6],12,82,143,2,19,-295,-5705
(942.883)[I]: [5],0,4,0,0,244,154,2435(942.883)[I]: [6],15,84,142,2,20,-303,-5712
(942.893)[I]: [5],0,3,0,0,279,130,2473(942.893)[I]: [6],17,87,141,2,22,-311,-5718
(942.903)[I]: [5],0,2,0,1,307,57,2585(942.903)[I]: [6],17,90,135,2,25,-320,-5723
(942.913)[I]: [5],0,2,0,7,334,-60,2692(942.913)[I]: [6],17,96,124,2,28,-329,-5727
(942.923)[I]: [5],0,2,12,12,336,-176,2795(942.924)[I]: [6],18,98,113,2,30,-339,-5735
(942.933)[I]: [5],0,6,20,16,328,-263,2856(942.934)[I]: [6],17,107,105,1,32,-356,-5753
(942.943)[I]: [5],2,7,24,19,317,-304,2894(942.944)[I]: [6],18,111,86,0,36,-399,-5805
(942.953)[I]: [5],3,8,28,20,312,-295,2904(942.954)[I]: [6],17,113,69,0,41,-435,-5889
(942.963)[I]: [5],3,11,32,21,312,-281,2907(942.964)[I]: [6],19,121,55,0,48,-418,-6031
(942.973)[I]: [5],6,13,36,20,310,-276,2923(942.974)[I]: [6],19,108,35,0,54,-396,-6228
(942.983)[I]: [5],5,14,44,20,307,-271,2940(942.984)[I]: [6],18,94,9,0,61,-364,-6458
(942.993)[I]: [5],4,13,44,22,307,-262,2949(942.994)[I]: [6],20,79,8,0,72,-328,-6716
(942.999)[I]: [5],3,18,56,31,306,-253,2955(942.999)[I]: [6],22,53,7,0,84,-323,-7015
(942.999)[I]: [5],3,18,60,40,305,-244,2959(942.999)[I]: [6],25,39,6,0,110,-336,-7329
(942.999)[I]: [5],3,21,60,49,303,-239,2960(943.000)[I]: [6],28,28,6,0,144,-393,-7636
(943.009)[I]: [5],4,21,60,60,300,-238,2960(943.010)[I]: [6],35,19,6,0,158,-506,-7939
(943.019)[I]: [5],4,20,72,66,297,-237,2960(943.020)[I]: [6],30,16,4,1,175,-610,-8246
(943.029)[I]: [5],5,22,72,67,294,-236,2960(943.030)[I]: [6],10,14,3,1,208,-735,-8553
(943.039)[I]: [5],4,21,76,75,291,-236,2960(943.040)[I]: [6],1,14,4,1,246,-926,-8844
(943.049)[I]: [5],5,22,80,70,288,-234,2960(943.050)[I]: [6],0,15,5,2,275,-1158,-8986
(943.059)[I]: [5],6,21,80,70,285,-232,2960(943.060)[I]: [6],0,12,6,2,330,-1249,-9009
(943.069)[I]: [5],7,22,80,68,282,-230,2960(943.070)[I]: [6],0,14,4,1,381,-1335,-8962
(943.079)[I]: [5],6,24,76,63,280,-228,2960(943.080)[I]: [6],0,12,5,1,461,-1322,-8867
(943.089)[I]: [5],7,26,76,57,277,-228,2960(943.090)[I]: [6],0,12,4,1,551,-1272,-8768
(943.099)[I]: [5],6,29,68,55,274,-227,2960(943.100)[I]: [6],0,11,3,1,645,-1214,-8660
(943.109)[I]: [5],6,29,68,51,271,-228,2959(943.110)[I]: [6],0,12,3,1,726,-1172,-8533
(943.119)[I]: [5],7,28,64,49,269,-234,2957(943.120)[I]: [6],0,10,3,1,775,-1145,-8389
(943.129)[I]: [5],7,31,60,48,266,-240,2956(943.130)[I]: [6],0,13,3,1,785,-1145,-8230
(943.139)[I]: [5],6,31,60,45,263,-246,2954(943.140)[I]: [6],0,13,2,1,753,-1158,-8069
(943.149)[I]: [5],7,34,56,44,260,-249,2952(943.150)[I]: [6],0,12,3,1,688,-1171,-7910
(943.159)[I]: [5],9,35,56,43,258,-249,2952(943.160)[I]: [6],0,11,2,1,597,-1163,-7755
(943.169)[I]: [5],9,39,52,38,255,-248,2952(943.170)[I]: [6],0,10,3,1,490,-1125,-7604
(943.179)[I]: [5],11,44,56,32,252,-248,2952(943.180)[I]: [6],0,10,2,1,382,-1053,-7462
(943.189)[I]: [5],11,50,56,33,250,-250,2953(943.190)[I]: [6],0,10,2,1,285,-964,-7346
(943.199)[I]: [5],13,53,56,32,248,-252,2954(943.200)[I]: [6],0,11,2,1,211,-872,-7276
(943.209)[I]: [5],13,56,56,31,245,-251,2954(943.210)[I]: [6],0,11,0,1,167,-792,-7263
(943.219)[I]: [5],15,56,52,24,243,-251,2954(943.220)[I]: [6],0,11,0,1,156,-725,-7298
(943.229)[I]: [5],16,58,48,23,240,-257,2956(943.230)[I]: [6],0,12,0,1,181,-670,-7364
(943.239)[I]: [5],19,59,44,22,237,-260,2957(943.240)[I]: [6],0,11,0,1,237,-619,-7438
(943.249)[I]: [5],19,63,40,19,235,-265,2959(943.250)[I]: [6],0,11,0,1,316,-561,-7506
(943.259)[I]: [5],19,66,36,18,233,-272,2964(943.260)[I]: [6],0,11,0,1,405,-483,-7561
(943.269)[I]: [5],22,73,36,17,230,-277,2968(943.270)[I]: [6],0,11,0,1,487,-391,-7601
(943.279)[I]: [5],19,73,44,17,228,-277,2968(943.280)[I]: [6],0,11,0,1,553,-268,-7620
(943.289)[I]: [5],19,77,44,20,226,-278,2968(943.290)[I]: [6],0,11,0,1,592,-140,-7621
(943.299)[I]: [5],20,76,40,20,224,-278,2968(943.300)[I]: [6],0,11,0,1,604,-25,-7610
(943.309)[I]: [5],20,79,40,20,221,-277,2968(943.310)[I]: [6],0,12,1,1,590,82,-7591
(943.319)[I]: [5],19,82,40,19,219,-277,2968(943.320)[I]: [6],0,14,0,1,551,169,-7566
(943.329)[I]: [5],19,84,40,20,217,-277,2968(943.330)[I]: [6],0,14,0,1,494,233,-7534
(943.339)[I]: [5],19,85,36,20,215,-277,2968(943.340)[I]: [6],0,15,1,1,425,281,-7494
(943.349)[I]: [5],19,83,36,18,213,-276,2968(943.350)[I]: [6],0,18,1,1,354,313,-7446
(943.359)[I]: [5],18,87,36,17,210,-276,2968(943.360)[I]: [6],0,17,0,1,291,335,-7394
(943.369)[I]: [5],18,89,32,17,208,-276,2968(943.370)[I]: [6],0,14,1,1,243,351,-7339
(943.379)[I]: [5],19,92,32,18,206,-276,2968(943.380)[I]: [6],0,14,0,1,214,364,-7279
(943.389)[I]: [5],20,93,28,19,204,-276,2968(943.390)[I]: [6],0,12,1,1,205,373,-7212
(943.399)[I]: [5],19,93,32,19,202,-277,2968(943.400)[I]: [6],0,14,1,1,211,374,-7140
(943.409)[I]: [5],19,95,28,19,200,-277,2968(943.410)[I]: [6],0,15,1,1,225,364,-7066
(943.419)[I]: [5],20,93,32,20,198,-276,2968(943.420)[I]: [6],0,15,1,1,243,354,-6996
(943.429)[I]: [5],22,94,36,20,196,-276,2968(943.430)[I]: [6],0,17,1,1,254,353,-6933
(943.439)[I]: [5],24,100,40,20,194,-276,2968(943.440)[I]: [6],0,16,1,1,257,365,-6879
(943.449)[I]: [5],25,106,48,20,192,-275,2968(943.450)[I]: [6],0,16,1,1,249,384,-6836
(943.459)[I]: [5],28,113,52,20,190,-276,2968(943.460)[I]: [6],0,17,1,1,228,397,-6807
(943.469)[I]: [5],30,120,56,20,188,-276,2968(943.470)[I]: [6],0,14,2,1,199,404,-6793
(943.479)[I]: [5],33,124,60,18,187,-276,2968(943.480)[I]: [6],0,16,2,1,167,404,-6788
(943.489)[I]: [5],35,126,60,16,185,-275,2972(943.490)[I]: [6],0,14,1,1,136,393,-6790
(943.499)[I]: [5],45,130,60,15,184,-277,2975(943.500)[I]: [6],0,14,1,1,108,374,-6794
(943.509)[I]: [5],50,140,60,13,182,-277,2978(943.510)[I]: [6],0,15,1,1,83,353,-6794
(943.519)[I]: [5],54,146,60,13,180,-278,2981(943.520)[I]: [6],0,15,1,1,63,334,-6790
(943.529)[I]: [5],60,154,64,12,179,-278,2981(943.530)[I]: [6],0,15,1,1,51,321,-6782
(943.539)[I]: [5],63,165,68,10,177,-278,2984(943.540)[I]: [6],0,14,1,1,48,316,-6770
(943.549)[I]: [5],76,172,72,10,176,-281,2991(943.550)[I]: [6],0,14,2,1,56,316,-6758
(943.559)[I]: [5],82,178,80,10,174,-283,2999(943.560)[I]: [6],0,14,2,1,77,323,-6750
(943.569)[I]: [5],92,183,96,10,172,-283,3008(943.570)[I]: [6],0,13,2,1,109,336,-6752
(943.579)[I]: [5],103,190,100,8,171,-282,3017(943.580)[I]: [6],0,13,1,1,150,353,-6768
(943.589)[I]: [5],111,196,104,6,170,-281,3030(943.590)[I]: [6],0,13,1,1,198,374,-6798
(943.599)[I]: [5],122,207,112,5,167,-282,3044(943.600)[I]: [6],0,17,2,1,182,352,-6746
(943.609)[I]: [5],134,214,124,4,165,-287,3060(943.610)[I]: [6],0,19,3,0,176,338,-6483
(943.619)[I]: [5],140,218,140,4,162,-293,3078(943.620)[I]: [6],0,20,3,0,161,298,-6312
(943.629)[I]: [5],143,222,140,2,159,-299,3102(943.630)[I]: [6],0,21,6,1,159,289,-6074
(943.639)[I]: [5],146,224,124,2,156,-313,3132(943.640)[I]: [6],0,24,14,0,162,268,-5850
(943.649)[I]: [5],147,226,124,0,154,-338,3173(943.650)[I]: [6],0,31,23,0,168,229,-5635
(943.659)[I]: [5],152,229,108,0,152,-388,3227(943.660)[I]: [6],0,37,26,0,216,77,-5492
(943.669)[I]: [5],157,230,96,0,150,-436,3294(943.670)[I]: [6],0,42,36,1,170,-17,-5557
(943.679)[I]: [5],161,234,80,0,145,-454,3389(943.680)[I]: [6],0,42,31,2,169,-120,-5547
(943.689)[I]: [5],162,234,60,0,143,-476,3507(943.690)[I]: [6],0,53,36,3,191,-167,-5523
(943.699)[I]: [5],169,234,40,0,140,-485,3654(943.700)[I]: [6],0,48,34,5,206,-169,-5510
(943.709)[I]: [5],167,215,20,0,137,-492,3820(943.710)[I]: [6],0,51,37,5,196,-171,-5509
(943.719)[I]: [5],161,184,8,0,134,-508,4002(943.720)[I]: [6],0,47,37,6,196,-174,-5510
(943.729)[I]: [5],151,149,8,0,135,-534,4211(943.730)[I]: [6],0,45,41,6,194,-177,-5509
(943.739)[I]: [5],144,118,8,0,132,-553,4449(943.740)[I]: [6],0,36,43,6,193,-175,-5510
(943.749)[I]: [5],133,87,0,0,123,-579,4720(943.750)[I]: [6],1,35,39,7,191,-171,-5510
(943.759)[I]: [5],117,51,4,0,110,-621,5014(943.760)[I]: [6],0,35,39,7,189,-171,-5510
(943.769)[I]: [5],93,31,0,0,95,-677,5330(943.769)[I]: [6],0,35,41,9,187,-170,-5510
(943.779)[I]: [5],68,24,0,0,74,-730,5665(943.779)[I]: [6],0,34,39,10,185,-170,-5510
(943.789)[I]: [5],47,14,0,0,46,-772,6002(943.789)[I]: [6],0,34,43,13,183,-170,-5510
(943.799)[I]: [5],33,15,0,0,0,-815,6343(943.799)[I]: [6],0,35,45,15,181,-170,-5510
(943.809)[I]: [5],15,10,4,0,-46,-889,6655(943.809)[I]: [6],0,31,46,18,180,-171,-5510
(943.819)[I]: [5],3,8,4,0,-76,-995,6859(943.819)[I]: [6],0,34,49,19,178,-172,-5510
(943.829)[I]: [5],1,7,0,0,-103,-1046,6961(943.829)[I]: [6],1,31,49,18,176,-173,-5510
(943.839)[I]: [5],2,7,4,0,-133,-1122,6973(943.839)[I]: [6],1,31,55,19,174,-174,-5510
(943.849)[I]: [5],3,8,0,0,-150,-1188,6901(943.849)[I]: [6],0,31,55,19,173,-174,-5510
(943.859)[I]: [5],3,7,4,0,-179,-1188,6776(943.859)[I]: [6],0,35,56,19,171,-174,-5510
(943.869)[I]: [5],3,7,4,0,-222,-1170,6630(943.869)[I]: [6],0,31,56,19,169,-173,-5510
(943.879)[I]: [5],2,7,4,0,-275,-1144,6479(943.879)[I]: [6],0,34,57,19,167,-173,-5510
(943.889)[I]: [5],2,7,4,0,-333,-1131,6326(943.889)[I]: [6],0,31,57,20,166,-173,-5510
(943.899)[I]: [5],3,7,4,0,-393,-1131,6174(943.899)[I]: [6],0,31,53,21,164,-174,-5510
(943.909)[I]: [5],3,7,4,0,-455,-1137,6031(943.909)[I]: [6],0,31,52,23,162,-175,-5510
(943.919)[I]: [5],3,6,0,0,-519,-1143,5902(943.919)[I]: [6],0,30,48,26,161,-175,-5510
(943.929)[I]: [5],3,7,0,0,-583,-1141,5779(943.929)[I]: [6],0,29,44,27,159,-176,-5510
(943.939)[I]: [5],3,5,0,0,-647,-1130,5656(943.939)[I]: [6],0,28,41,27,158,-176,-5510
(943.949)[I]: [5],2,5,0,0,-707,-1107,5528(943.949)[I]: [6],0,29,40,28,156,-176,-5510
(943.959)[I]: [5],2,5,0,0,-760,-1071,5388(943.959)[I]: [6],0,30,38,28,154,-176,-5510
(943.969)[I]: [5],3,5,0,0,-802,-1023,5231(943.969)[I]: [6],0,31,34,28,153,-177,-5510
(943.979)[I]: [5],2,5,0,0,-835,-966,5065(943.979)[I]: [6],0,31,30,27,151,-177,-5510
(943.989)[I]: [5],3,6,0,0,-859,-905,4902(943.989)[I]: [6],0,31,31,29,150,-178,-5510
(943.999)[I]: [5],3,6,0,0,-873,-846,4752(943.999)[I]: [6],0,33,27,30,148,-178,-5510
(943.999)[I]: [5],3,6,0,0,-881,-791,4621(943.999)[I]: [6],0,35,24,30,147,-178,-5510
(943.999)[I]: [5],3,6,0,0,-886,-738,4510(943.999)[I]: [6],0,35,23,28,145,-179,-5510
(944.005)[I]: [5],3,6,0,0,-895,-686,4417(944.005)[I]: [6],1,36,22,28,144,-180,-5510
(944.015)[I]: [5],4,6,0,0,-911,-634,4336(944.015)[I]: [6],1,36,21,27,143,-181,-5510
(944.025)[I]: [5],3,5,0,0,-936,-583,4258(944.025)[I]: [6],1,39,22,27,141,-182,-5510
(944.035)[I]: [5],2,6,0,0,-964,-530,4177(944.035)[I]: [6],1,40,22,26,140,-183,-5510
(944.045)[I]: [5],0,7,0,0,-994,-471,4091(944.045)[I]: [6],1,41,23,24,138,-184,-5510
(944.055)[I]: [5],0,7,0,0,-1026,-403,4003(944.055)[I]: [6],1,42,23,26,137,-185,-5510
(944.065)[I]: [5],0,7,0,0,-1057,-318,3917(944.065)[I]: [6],2,41,24,24,136,-186,-5510
(944.075)[I]: [5],0,7,0,0,-1084,-214,3845(944.075)[I]: [6],2,42,24,23,134,-186,-5510
(944.085)[I]: [5],0,7,0,0,-1105,-95,3787(944.085)[I]: [6],2,44,24,22,133,-187,-5510
(944.095)[I]: [5],0,7,0,0,-1120,15,3735(944.095)[I]: [6],2,45,23,19,132,-187,-5510
(944.105)[I]: [5],0,7,0,0,-1129,89,3671(944.105)[I]: [6],2,45,24,19,130,-187,-5510
(944.115)[I]: [5],0,7,0,0,-1131,126,3596(944.115)[I]: [6],3,47,23,21,129,-188,-5510
(944.125)[I]: [5],0,7,0,0,-1121,145,3517(944.125)[I]: [6],3,51,23,20,128,-189,-5510
(944.135)[I]: [5],0,6,0,0,-1099,161,3440(944.135)[I]: [6],3,54,23,22,126,-190,-5510
(944.145)[I]: [5],0,6,0,0,-1063,190,3372(944.145)[I]: [6],3,56,25,19,125,-191,-5510
(944.155)[I]: [5],0,6,0,0,-1006,166,3394(944.155)[I]: [6],3,58,26,17,124,-192,-5510
(944.165)[I]: [5],0,7,0,0,-948,196,3368(944.165)[I]: [6],3,57,28,14,123,-192,-5510
(944.175)[I]: [5],0,6,0,0,-881,211,3318(944.175)[I]: [6],4,60,29,13,121,-192,-5510
(944.185)[I]: [5],0,6,0,0,-811,251,3260(944.185)[I]: [6],4,63,29,13,121,-192,-5517
(944.195)[I]: [5],0,6,0,0,-740,302,3202(944.195)[I]: [6],4,66,31,13,119,-194,-5517
(944.205)[I]: [5],0,7,0,0,-673,333,3151(944.205)[I]: [6],4,67,35,14,118,-195,-5517
(944.215)[I]: [5],0,6,0,0,-613,348,3102(944.215)[I]: [6],4,66,39,12,117,-195,-5517
(944.225)[I]: [5],0,6,0,0,-560,344,3054(944.225)[I]: [6],5,66,43,13,116,-195,-5517
(944.235)[I]: [5],0,7,0,0,-514,336,3007(944.235)[I]: [6],5,67,46,13,115,-197,-5517
(944.245)[I]: [5],0,6,0,0,-474,327,2962(944.245)[I]: [6],6,63,47,11,114,-199,-5517
(944.255)[I]: [5],0,7,0,0,-441,317,2931(944.255)[I]: [6],5,63,50,10,112,-199,-5517
(944.265)[I]: [5],0,7,0,0,-414,306,2926(944.265)[I]: [6],5,67,54,7,111,-198,-5517
(944.275)[I]: [5],0,7,0,0,-392,292,2951(944.275)[I]: [6],5,68,57,5,110,-197,-5517
(944.285)[I]: [5],0,7,0,0,-377,274,2996(944.285)[I]: [6],5,69,57,6,109,-198,-5517
(944.295)[I]: [5],0,7,0,0,-367,257,3038(944.295)[I]: [6],5,70,56,6,108,-198,-5517
(944.305)[I]: [5],0,7,0,0,-368,245,3062(944.305)[I]: [6],6,73,57,7,107,-199,-5517
(944.315)[I]: [5],0,7,0,0,-374,241,3057(944.315)[I]: [6],6,75,57,7,103,-195,-5517
(944.325)[I]: [5],0,7,0,0,-379,255,3033(944.325)[I]: [6],7,77,57,6,102,-196,-5517
(944.335)[I]: [5],0,7,0,0,-376,293,3012(944.335)[I]: [6],6,79,61,6,101,-197,-5517
(944.345)[I]: [5],0,7,0,0,-356,343,3015(944.345)[I]: [6],8,85,63,4,100,-198,-5521
(944.355)[I]: [5],0,7,0,0,-318,397,3059(944.355)[I]: [6],11,86,63,5,100,-199,-5528
(944.365)[I]: [5],0,7,0,0,-265,438,3145(944.365)[I]: [6],12,93,66,3,100,-201,-5535
(944.375)[I]: [5],0,7,0,0,-201,459,3264(944.375)[I]: [6],14,97,63,4,101,-204,-5540
(944.385)[I]: [5],0,7,0,0,-133,456,3402(944.385)[I]: [6],15,101,63,3,100,-204,-5540
(944.395)[I]: [5],0,6,0,0,-66,430,3544(944.395)[I]: [6],16,103,63,3,99,-204,-5540
(944.405)[I]: [5],0,6,0,0,-6,390,3674(944.405)[I]: [6],17,106,68,3,98,-205,-5540
(944.415)[I]: [5],0,6,16,0,37,331,3760(944.415)[I]: [6],19,108,71,3,97,-205,-5540
(944.425)[I]: [5],3,8,8,0,89,148,3660(944.425)[I]: [6],17,112,70,3,96,-203,-5540
(944.435)[I]: [5],3,8,12,0,149,58,3445(944.435)[I]: [6],19,115,71,3,96,-204,-5543
(944.445)[I]: [5],3,7,32,0,170,55,3261(944.445)[I]: [6],19,122,63,3,97,-207,-5552
(944.455)[I]: [5],2,15,40,0,137,68,3101(944.455)[I]: [6],20,127,57,3,100,-216,-5566
(944.465)[I]: [5],0,16,56,0,104,38,2988(944.465)[I]: [6],22,136,55,2,100,-228,-5590
(944.475)[I]: [5],3,17,60,0,93,-91,2970(944.475)[I]: [6],21,147,56,2,101,-259,-5635
(944.485)[I]: [5],3,22,64,5,81,-165,2984(944.486)[I]: [6],20,151,51,2,96,-327,-5701
(944.495)[I]: [5],5,25,56,10,73,-244,2990(944.496)[I]: [6],19,156,34,2,104,-334,-5792
(944.505)[I]: [5],8,28,60,11,71,-257,2977(944.506)[I]: [6],19,150,24,2,106,-346,-5913
(944.515)[I]: [5],8,30,64,13,69,-267,2974(944.516)[I]: [6],21,138,13,2,110,-349,-6067
(944.525)[I]: [5],9,28,56,13,68,-268,2974(944.526)[I]: [6],21,131,6,2,115,-362,-6250
(944.535)[I]: [5],12,25,56,13,68,-265,2979(944.536)[I]: [6],22,114,5,2,117,-383,-6462
(944.545)[I]: [5],14,28,52,13,69,-259,2982(944.546)[I]: [6],23,93,6,2,122,-409,-6702
(944.555)[I]: [5],19,34,60,13,70,-251,2983(944.556)[I]: [6],23,82,5,1,141,-439,-6971
(944.565)[I]: [5],15,38,56,17,71,-243,2982(944.566)[I]: [6],20,59,2,2,171,-483,-7257
(944.575)[I]: [5],15,38,60,19,70,-238,2981(944.576)[I]: [6],19,43,3,1,203,-558,-7566
(944.585)[I]: [5],17,39,60,21,70,-236,2981(944.586)[I]: [6],11,34,3,1,246,-642,-7893
(944.595)[I]: [5],23,44,56,22,69,-235,2981(944.596)[I]: [6],6,24,3,1,301,-736,-8230
(944.605)[I]: [5],23,42,60,30,68,-235,2981(944.606)[I]: [6],3,18,2,2,368,-864,-8588
(944.615)[I]: [5],27,41,68,31,68,-236,2981(944.616)[I]: [6],0,14,2,2,427,-1076,-8872
(944.625)[I]: [5],29,47,76,37,67,-237,2981(944.626)[I]: [6],0,11,2,2,466,-1265,-8979
(944.635)[I]: [5],28,49,72,34,66,-236,2981(944.636)[I]: [6],0,14,1,3,493,-1382,-9001
(944.645)[I]: [5],31,49,76,28,66,-235,2981(944.646)[I]: [6],0,13,2,2,503,-1471,-8911
(944.655)[I]: [5],31,50,76,26,65,-235,2981(944.656)[I]: [6],0,12,2,2,548,-1441,-8775
(944.665)[I]: [5],31,52,76,22,64,-235,2981(944.666)[I]: [6],0,13,2,2,612,-1366,-8638
(944.675)[I]: [5],31,53,72,20,64,-233,2981(944.676)[I]: [6],0,12,1,2,680,-1282,-8506
(944.685)[I]: [5],34,58,72,18,63,-236,2983(944.686)[I]: [6],0,12,1,2,727,-1221,-8366
(944.695)[I]: [5],37,60,68,17,62,-243,2986(944.696)[I]: [6],0,12,1,2,744,-1190,-8216
(944.705)[I]: [5],39,63,68,17,60,-252,2988(944.706)[I]: [6],0,12,1,2,730,-1177,-8069
(944.715)[I]: [5],38,63,60,18,58,-260,2990(944.716)[I]: [6],0,14,1,2,686,-1170,-7947
(944.725)[I]: [5],41,63,60,16,57,-268,2990(944.726)[I]: [6],0,14,1,2,618,-1152,-7859
(944.735)[I]: [5],41,63,60,15,56,-272,2991(944.736)[I]: [6],0,13,1,2,537,-1115,-7803
(944.745)[I]: [5],40,66,52,15,55,-272,2991(944.746)[I]: [6],0,13,1,2,450,-1057,-7756
(944.755)[I]: [5],43,69,52,15,55,-272,2991(944.756)[I]: [6],0,13,0,2,361,-975,-7709
(944.765)[I]: [5],44,71,52,15,54,-272,2991(944.766)[I]: [6],0,14,0,2,281,-883,-7666
(944.775)[I]: [5],44,73,52,15,54,-273,2991(944.776)[I]: [6],0,14,0,2,221,-788,-7629
(944.785)[I]: [5],41,72,56,15,53,-272,2991(944.786)[I]: [6],0,13,0,2,187,-700,-7600
(944.795)[I]: [5],44,77,52,14,53,-272,2991(944.796)[I]: [6],0,12,0,2,183,-620,-7574
(944.805)[I]: [5],43,79,52,15,52,-272,2991(944.806)[I]: [6],0,12,0,2,206,-547,-7553
(944.815)[I]: [5],41,81,48,15,51,-272,2991(944.816)[I]: [6],0,12,0,2,251,-477,-7536
(944.825)[I]: [5],39,83,44,13,51,-273,2991(944.826)[I]: [6],0,11,0,2,307,-406,-7525
(944.835)[I]: [5],35,83,40,13,50,-274,2991(944.836)[I]: [6],0,14,0,1,362,-329,-7519
(944.845)[I]: [5],35,85,40,13,50,-274,2991(944.846)[I]: [6],0,13,0,1,403,-246,-7519
(944.855)[I]: [5],30,86,40,13,49,-274,2991(944.856)[I]: [6],0,15,0,1,421,-156,-7521
(944.865)[I]: [5],29,87,40,15,49,-275,2991(944.866)[I]: [6],0,18,0,1,409,-70,-7523
(944.875)[I]: [5],25,89,36,16,48,-275,2991(944.876)[I]: [6],0,15,0,1,364,3,-7522
(944.885)[I]: [5],24,90,44,15,48,-276,2991(944.886)[I]: [6],0,14,0,1,292,64,-7513
(944.895)[I]: [5],25,92,36,16,47,-276,2991(944.896)[I]: [6],0,16,0,1,196,108,-7489
(944.905)[I]: [5],26,94,40,14,47,-278,2991(944.906)[I]: [6],0,17,0,1,87,139,-7446
(944.915)[I]: [5],26,95,36,13,47,-278,2991(944.916)[I]: [6],0,17,0,1,-20,159,-7383
(944.925)[I]: [5],24,96,40,13,46,-279,2991(944.926)[I]: [6],0,18,0,1,-115,173,-7307
(944.935)[I]: [5],25,95,40,13,46,-278,2991(944.936)[I]: [6],0,17,1,2,-188,182,-7226
(944.945)[I]: [5],24,97,40,11,45,-279,2991(944.946)[I]: [6],0,15,0,1,-238,195,-7144
(944.955)[I]: [5],22,99,44,11,45,-279,2991(944.956)[I]: [6],0,14,1,1,-262,214,-7062
(944.965)[I]: [5],26,103,44,10,44,-278,2991(944.966)[I]: [6],0,15,1,1,-268,229,-6977
(944.975)[I]: [5],31,107,40,10,44,-278,2991(944.976)[I]: [6],0,13,1,2,-268,227,-6887
(944.985)[I]: [5],38,113,44,10,43,-281,2991(944.986)[I]: [6],0,13,1,2,-266,211,-6792
(944.995)[I]: [5],39,120,44,11,43,-283,2991(944.996)[I]: [6],0,13,1,2,-267,195,-6700
(944.999)[I]: [5],43,124,48,10,42,-284,2991(944.999)[I]: [6],0,15,1,1,-276,188,-6617
(944.999)[I]: [5],46,123,52,10,42,-285,2991(944.999)[I]: [6],0,15,1,2,-292,196,-6552
(945.001)[I]: [5],53,125,56,10,43,-281,2995(945.002)[I]: [6],0,15,1,1,-318,220,-6509
(945.011)[I]: [5],61,130,60,9,43,-277,3001(945.012)[I]: [6],0,13,1,2,-351,246,-6480
(945.021)[I]: [5],67,136,68,10,43,-276,3004(945.022)[I]: [6],0,14,1,2,-393,262,-6464
(945.031)[I]: [5],74,143,68,10,42,-275,3004(945.032)[I]: [6],0,14,1,1,-441,264,-6461
(945.041)[I]: [5],79,154,72,10,42,-276,3004(945.042)[I]: [6],0,14,1,2,-495,254,-6468
(945.051)[I]: [5],94,163,72,10,41,-278,3011(945.052)[I]: [6],0,15,1,1,-551,238,-6482
(945.061)[I]: [5],104,171,76,9,41,-279,3018(945.062)[I]: [6],0,16,1,1,-606,217,-6502
(945.071)[I]: [5],113,181,92,8,40,-281,3027(945.072)[I]: [6],0,15,1,1,-655,195,-6523
(945.081)[I]: [5],124,184,92,8,38,-283,3035(945.082)[I]: [6],0,15,1,2,-698,176,-6542
(945.091)[I]: [5],133,192,100,7,37,-286,3044(945.092)[I]: [6],0,15,1,2,-733,159,-6555
(945.101)[I]: [5],145,199,104,6,36,-288,3055(945.102)[I]: [6],0,15,2,2,-763,143,-6564
(945.111)[I]: [5],157,208,108,4,34,-290,3070(945.112)[I]: [6],0,15,1,2,-786,126,-6569
(945.121)[I]: [5],166,215,112,1,32,-298,3090(945.122)[I]: [6],0,18,2,2,-803,107,-6574
(945.131)[I]: [5],173,229,116,0,29,-310,3110(945.132)[I]: [6],0,17,2,1,-812,90,-6583
(945.141)[I]: [5],177,240,116,0,26,-327,3129(945.142)[I]: [6],0,17,1,1,-815,79,-6599
(945.151)[I]: [5],183,250,116,0,24,-345,3147(945.152)[I]: [6],0,17,2,2,-812,78,-6624
(945.161)[I]: [5],183,258,120,1,22,-363,3168(945.162)[I]: [6],0,17,1,2,-805,84,-6663
(945.171)[I]: [5],192,267,124,0,19,-386,3192(945.172)[I]: [6],0,13,1,2,-794,94,-6709
(945.181)[I]: [5],193,273,124,0,17,-415,3222(945.182)[I]: [6],0,15,3,1,-838,15,-6585
(945.191)[I]: [5],197,279,108,0,14,-461,3266(945.192)[I]: [6],0,15,4,1,-890,-4,-6356
(945.201)[I]: [5],192,284,104,0,12,-518,3330(945.202)[I]: [6],0,22,12,1,-938,-6,-6185
(945.211)[I]: [5],193,293,92,0,7,-550,3417(945.212)[I]: [6],0,24,15,1,-949,23,-5993
(945.221)[I]: [5],202,300,60,0,3,-586,3520(945.222)[I]: [6],0,24,27,1,-934,38,-5808
(945.231)[I]: [5],206,300,36,0,-2,-611,3647(945.232)[I]: [6],0,29,31,1,-923,-17,-5659
(945.241)[I]: [5],199,290,20,0,-9,-624,3802(945.242)[I]: [6],0,28,39,2,-937,-224,-5688
(945.251)[I]: [5],192,258,16,0,-17,-624,3996(945.252)[I]: [6],0,35,48,2,-918,-323,-5658
(945.261)[I]: [5],184,202,8,0,-27,-627,4223(945.262)[I]: [6],0,31,51,5,-882,-358,-5651
(945.271)[I]: [5],171,131,0,0,-37,-640,4486(945.272)[I]: [6],0,29,55,7,-879,-410,-5649
(945.281)[I]: [5],151,94,4,0,-54,-662,4788(945.282)[I]: [6],2,31,60,9,-885,-411,-5652
(945.291)[I]: [5],143,63,4,0,-81,-693,5119(945.292)[I]: [6],3,31,51,14,-882,-420,-5653
(945.301)[I]: [5],123,30,4,0,-116,-732,5459(945.302)[I]: [6],2,33,55,18,-877,-415,-5654
(945.311)[I]: [5],107,18,0,0,-163,-782,5803(945.311)[I]: [6],1,28,55,19,-874,-408,-5653
(945.321)[I]: [5],81,16,0,0,-213,-854,6131(945.322)[I]: [6],1,28,58,19,-870,-400,-5650
(945.331)[I]: [5],43,7,0,0,-261,-919,6439(945.331)[I]: [6],1,23,61,20,-867,-393,-5648
(945.341)[I]: [5],30,7,0,0,-307,-1013,6733(945.341)[I]: [6],1,24,63,20,-858,-391,-5648
(945.351)[I]: [5],13,8,4,0,-344,-1170,6991(945.352)[I]: [6],1,23,62,19,-850,-388,-5648
(945.361)[I]: [5],1,7,4,0,-367,-1323,7131(945.361)[I]: [6],1,25,63,18,-841,-387,-5649
(945.371)[I]: [5],2,7,0,0,-405,-1399,7159(945.371)[I]: [6],1,28,63,18,-833,-386,-5649
(945.381)[I]: [5],4,8,0,0,-454,-1486,7127(945.381)[I]: [6],1,31,68,17,-827,-390,-5652
(945.391)[I]: [5],3,7,0,0,-520,-1488,7034(945.391)[I]: [6],1,30,69,15,-819,-391,-5652
(945.401)[I]: [5],5,7,0,0,-609,-1456,6908(945.401)[I]: [6],1,31,71,13,-811,-391,-5653
(945.411)[I]: [5],4,6,0,0,-702,-1421,6776(945.411)[I]: [6],1,31,71,11,-803,-392,-5654
(945.421)[I]: [5],2,7,0,0,-789,-1404,6645(945.421)[I]: [6],2,34,72,11,-795,-392,-5654
(945.431)[I]: [5],3,6,0,0,-867,-1417,6512(945.431)[I]: [6],3,36,75,10,-787,-391,-5655
(945.441)[I]: [5],4,6,0,0,-930,-1444,6385(945.441)[I]: [6],3,36,77,10,-779,-390,-5655
(945.451)[I]: [5],4,6,0,0,-981,-1475,6274(945.451)[I]: [6],3,34,79,7,-771,-389,-5656
(945.461)[I]: [5],4,7,0,0,-1024,-1499,6180(945.462)[I]: [6],3,38,80,7,-764,-389,-5656
(945.471)[I]: [5],4,6,0,0,-1063,-1508,6089(945.471)[I]: [6],3,36,83,6,-758,-392,-5659
(945.481)[I]: [5],3,5,0,0,-1098,-1484,5989(945.481)[I]: [6],3,41,83,5,-750,-392,-5659
(945.491)[I]: [5],3,5,0,0,-1128,-1438,5873(945.491)[I]: [6],3,39,84,5,-743,-392,-5660
(945.501)[I]: [5],5,6,0,0,-1153,-1375,5748(945.502)[I]: [6],4,41,86,5,-735,-393,-5660
(945.511)[I]: [5],5,5,0,0,-1180,-1308,5618(945.511)[I]: [6],4,41,86,5,-728,-393,-5661
(945.521)[I]: [5],5,5,0,0,-1208,-1237,5493(945.521)[I]: [6],4,45,84,5,-721,-393,-5662
(945.531)[I]: [5],5,5,0,0,-1237,-1175,5372(945.531)[I]: [6],4,49,87,5,-714,-393,-5662
(945.541)[I]: [5],5,5,0,0,-1268,-1129,5247(945.541)[I]: [6],4,48,89,6,-707,-393,-5662
(945.551)[I]: [5],5,5,0,0,-1304,-1101,5119(945.551)[I]: [6],4,46,90,6,-700,-393,-5663
(945.561)[I]: [5],4,5,0,0,-1345,-1080,4987(945.562)[I]: [6],3,50,91,5,-693,-393,-5663
(945.571)[I]: [5],4,5,0,0,-1385,-1060,4860(945.571)[I]: [6],3,48,93,5,-686,-394,-5664
(945.581)[I]: [5],5,5,0,0,-1417,-1034,4746(945.581)[I]: [6],3,54,93,6,-679,-394,-5664
(945.591)[I]: [5],4,5,0,0,-1435,-997,4654(945.591)[I]: [6],3,50,97,5,-672,-394,-5665
(945.601)[I]: [5],4,5,0,0,-1434,-949,4580(945.601)[I]: [6],4,51,95,5,-666,-394,-5665
(945.611)[I]: [5],4,5,0,0,-1414,-898,4517(945.611)[I]: [6],4,50,96,5,-659,-393,-5666
(945.621)[I]: [5],4,6,0,0,-1378,-848,4452(945.621)[I]: [6],5,48,97,5,-653,-393,-5666
(945.631)[I]: [5],4,7,0,0,-1330,-805,4383(945.631)[I]: [6],4,50,100,6,-646,-393,-5666
(945.641)[I]: [5],4,7,0,0,-1279,-764,4313(945.641)[I]: [6],5,48,102,5,-640,-393,-5667
(945.651)[I]: [5],3,6,0,0,-1228,-721,4251(945.651)[I]: [6],4,48,102,5,-633,-393,-5667
(945.661)[I]: [5],3,6,0,0,-1179,-679,4201(945.661)[I]: [6],5,50,103,6,-627,-393,-5668
(945.671)[I]: [5],3,6,0,0,-1132,-637,4159(945.671)[I]: [6],4,50,105,6,-621,-393,-5668
(945.681)[I]: [5],5,5,0,0,-1086,-598,4117(945.681)[I]: [6],4,50,106,6,-615,-394,-5668
(945.691)[I]: [5],4,5,0,0,-1038,-561,4065(945.691)[I]: [6],4,48,106,6,-609,-393,-5669
(945.701)[I]: [5],4,5,0,0,-990,-520,4005(945.701)[I]: [6],3,49,105,6,-603,-393,-5669
(945.711)[I]: [5],3,5,0,0,-939,-469,3943(945.711)[I]: [6],4,47,105,7,-597,-393,-5669
(945.721)[I]: [5],1,5,0,0,-886,-412,3882(945.721)[I]: [6],3,47,106,7,-591,-393,-5670
(945.731)[I]: [5],1,4,0,0,-830,-355,3823(945.731)[I]: [6],3,44,106,7,-585,-394,-5670
(945.741)[I]: [5],0,5,0,0,-771,-303,3761(945.741)[I]: [6],3,44,106,8,-579,-394,-5670
(945.751)[I]: [5],0,5,0,0,-711,-258,3692(945.751)[I]: [6],3,45,106,7,-573,-394,-5671
(945.761)[I]: [5],0,5,0,0,-648,-216,3616(945.761)[I]: [6],3,45,105,8,-567,-394,-5671
(945.771)[I]: [5],0,5,0,0,-583,-174,3536(945.771)[I]: [6],3,45,105,10,-562,-394,-5671
(945.781)[I]: [5],0,5,0,0,-519,-132,3454(945.781)[I]: [6],3,43,104,11,-556,-394,-5672
(945.791)[I]: [5],0,4,0,0,-455,-94,3375(945.791)[I]: [6],3,44,104,13,-551,-394,-5672
(945.801)[I]: [5],0,5,0,0,-393,-63,3302(945.801)[I]: [6],3,44,104,15,-545,-394,-5672
(945.811)[I]: [5],0,5,0,0,-331,-40,3235(945.811)[I]: [6],3,43,103,15,-540,-394,-5673
(945.821)[I]: [5],0,4,0,0,-271,-26,3176(945.821)[I]: [6],3,43,103,16,-534,-393,-5673
(945.831)[I]: [5],0,5,4,0,-219,-38,3111(945.831)[I]: [6],3,44,100,16,-529,-393,-5673
(945.841)[I]: [5],0,7,12,0,-183,-43,3004(945.841)[I]: [6],3,43,97,17,-524,-393,-5673
(945.851)[I]: [5],1,4,4,0,-188,-80,2951(945.851)[I]: [6],3,43,95,17,-519,-392,-5674
(945.861)[I]: [5],0,4,8,5,-191,-135,2928(945.861)[I]: [6],2,41,92,18,-514,-392,-5674
(945.871)[I]: [5],0,3,16,8,-198,-179,2935(945.871)[I]: [6],1,41,90,17,-508,-392,-5674
(945.881)[I]: [5],1,6,20,9,-203,-201,2956(945.882)[I]: [6],0,41,85,17,-503,-391,-5674
(945.891)[I]: [5],1,6,28,8,-206,-211,2974(945.891)[I]: [6],0,36,82,16,-498,-391,-5675
(945.901)[I]: [5],3,7,32,8,-206,-204,2985(945.902)[I]: [6],0,34,79,15,-493,-391,-5675
(945.911)[I]: [5],2,7,32,7,-207,-194,2991(945.912)[I]: [6],0,31,76,14,-488,-391,-5675
(945.921)[I]: [5],2,7,32,8,-206,-189,2996(945.922)[I]: [6],0,31,71,13,-484,-390,-5675
(945.931)[I]: [5],2,8,36,8,-204,-188,2996(945.932)[I]: [6],0,31,67,12,-479,-390,-5676
(945.941)[I]: [5],2,7,36,8,-202,-189,2996(945.942)[I]: [6],0,31,66,11,-474,-390,-5676
(945.951)[I]: [5],0,7,36,8,-202,-182,2996(945.951)[I]: [6],0,31,63,12,-469,-390,-5676
(945.961)[I]: [5],0,8,36,8,-201,-173,2997(945.961)[I]: [6],0,31,63,11,-465,-390,-5676
(945.971)[I]: [5],0,8,36,9,-200,-166,2999(945.971)[I]: [6],0,31,63,11,-460,-390,-5676
(945.981)[I]: [5],0,8,40,9,-199,-163,3001(945.981)[I]: [6],0,31,63,11,-455,-389,-5677
(945.991)[I]: [5],0,8,36,9,-197,-161,3001(945.991)[I]: [6],0,31,63,12,-451,-389,-5677
(945.999)[I]: [5],0,7,48,10,-195,-159,3001(945.999)[I]: [6],0,31,66,11,-446,-389,-5677
(945.999)[I]: [5],0,7,48,10,-193,-158,3001(945.999)[I]: [6],0,34,67,12,-442,-389,-5677
(945.999)[I]: [5],0,8,44,10,-191,-156,3001(945.999)[I]: [6],0,35,67,12,-438,-389,-5677
(946.007)[I]: [5],0,8,48,10,-189,-154,3001(946.007)[I]: [6],0,35,63,12,-433,-388,-5678
(946.017)[I]: [5],0,9,48,10,-188,-157,3002(946.017)[I]: [6],0,35,63,12,-429,-388,-5678
(946.027)[I]: [5],0,9,48,10,-188,-164,3001(946.027)[I]: [6],0,35,66,12,-425,-388,-5678
(946.037)[I]: [5],0,9,48,11,-188,-171,3002(946.037)[I]: [6],0,34,67,12,-420,-388,-5678
(946.047)[I]: [5],0,10,48,12,-186,-172,3002(946.048)[I]: [6],0,34,63,12,-416,-388,-5678
(946.057)[I]: [5],0,10,48,12,-184,-172,3002(946.058)[I]: [6],0,31,63,12,-412,-387,-5679
(946.067)[I]: [5],0,11,48,12,-182,-173,3002(946.068)[I]: [6],0,31,63,12,-408,-387,-5679
(946.077)[I]: [5],0,11,48,12,-180,-173,3002(946.078)[I]: [6],0,31,62,12,-404,-387,-5679
(946.087)[I]: [5],0,10,48,12,-179,-173,3002(946.088)[I]: [6],0,31,58,12,-400,-387,-5679
(946.097)[I]: [5],0,9,48,12,-177,-172,3002(946.097)[I]: [6],0,31,58,12,-396,-387,-5679
(946.107)[I]: [5],0,10,48,12,-175,-171,3002(946.108)[I]: [6],0,31,57,12,-392,-387,-5679
(946.117)[I]: [5],0,10,52,11,-173,-170,3002(946.118)[I]: [6],0,31,56,12,-388,-387,-5680
(946.127)[I]: [5],0,10,56,12,-172,-169,3002(946.128)[I]: [6],0,31,54,12,-384,-387,-5680
(946.137)[I]: [5],0,10,56,12,-170,-168,3002(946.138)[I]: [6],0,31,51,12,-380,-387,-5680
(946.147)[I]: [5],0,10,56,12,-168,-167,3002(946.148)[I]: [6],0,31,51,12,-377,-387,-5680
(946.157)[I]: [5],0,11,60,12,-167,-167,3002(946.158)[I]: [6],0,31,49,12,-373,-387,-5680
(946.167)[I]: [5],0,11,60,12,-165,-166,3002(946.168)[I]: [6],0,31,44,12,-369,-387,-5680
(946.177)[I]: [5],0,11,60,12,-163,-166,3002(946.178)[I]: [6],0,30,42,12,-365,-387,-5681
(946.187)[I]: [5],0,12,60,12,-162,-165,3002(946.188)[I]: [6],0,31,42,12,-362,-387,-5681
(946.197)[I]: [5],0,12,56,12,-160,-165,3002(946.198)[I]: [6],0,30,43,12,-358,-387,-5681
(946.207)[I]: [5],0,12,52,12,-158,-165,3002(946.208)[I]: [6],0,30,41,12,-355,-387,-5681
(946.217)[I]: [5],0,11,56,14,-157,-165,3002(946.218)[I]: [6],0,31,41,12,-351,-387,-5681
(946.227)[I]: [5],0,11,56,15,-155,-164,3002(946.228)[I]: [6],0,31,39,12,-348,-387,-5681
(946.237)[I]: [5],0,11,56,15,-154,-164,3002(946.238)[I]: [6],0,31,38,12,-344,-387,-5681
(946.247)[I]: [5],0,11,56,15,-152,-163,3002(946.248)[I]: [6],0,30,36,12,-341,-386,-5682
(946.257)[I]: [5],0,12,60,16,-151,-162,3002(946.258)[I]: [6],0,30,35,12,-337,-386,-5682
(946.267)[I]: [5],0,14,56,16,-149,-162,3002(946.268)[I]: [6],0,31,31,12,-334,-386,-5682
(946.277)[I]: [5],0,13,56,16,-148,-161,3002(946.278)[I]: [6],0,31,31,12,-331,-386,-5682
(946.287)[I]: [5],0,14,60,16,-146,-161,3002(946.288)[I]: [6],0,31,31,12,-327,-386,-5682
(946.297)[I]: [5],0,13,60,16,-145,-160,3002(946.298)[I]: [6],0,31,34,12,-324,-386,-5682
(946.307)[I]: [5],0,14,60,16,-143,-159,3002(946.308)[I]: [6],0,31,33,12,-321,-386,-5682
(946.317)[I]: [5],0,14,60,16,-142,-159,3002(946.318)[I]: [6],0,30,34,12,-318,-386,-5682
(946.327)[I]: [5],0,14,60,16,-140,-159,3002(946.328)[I]: [6],0,30,34,12,-314,-386,-5683
(946.337)[I]: [5],0,14,60,17,-139,-158,3002(946.338)[I]: [6],0,30,35,12,-311,-386,-5683
(946.347)[I]: [5],0,14,60,17,-138,-158,3002(946.348)[I]: [6],0,30,34,12,-308,-386,-5683
(946.357)[I]: [5],0,14,60,17,-136,-156,3002(946.358)[I]: [6],0,30,35,12,-305,-386,-5683
(946.367)[I]: [5],0,14,60,17,-135,-156,3002(946.368)[I]: [6],0,30,35,11,-302,-386,-5683
(946.377)[I]: [5],0,14,60,17,-133,-156,3002(946.378)[I]: [6],0,30,35,11,-299,-386,-5683
(946.387)[I]: [5],0,14,60,17,-132,-155,3002(946.388)[I]: [6],0,30,34,11,-296,-386,-5683
(946.397)[I]: [5],0,13,60,17,-131,-155,3002(946.398)[I]: [6],0,29,35,11,-293,-386,-5683
(946.407)[I]: [5],0,14,60,18,-130,-155,3002(946.408)[I]: [6],0,30,34,11,-290,-386,-5683
(946.417)[I]: [5],0,14,60,17,-128,-155,3002(946.418)[I]: [6],0,30,34,11,-287,-386,-5684
(946.427)[I]: [5],0,15,60,17,-127,-154,3002(946.428)[I]: [6],0,29,31,11,-284,-386,-5684
(946.437)[I]: [5],0,14,60,17,-126,-154,3002(946.438)[I]: [6],0,29,31,11,-282,-386,-5684
(946.447)[I]: [5],0,13,60,17,-124,-153,3002(946.448)[I]: [6],0,29,31,11,-279,-386,-5684
(946.457)[I]: [5],0,15,60,17,-123,-153,3002(946.458)[I]: [6],0,29,31,11,-276,-386,-5684
(946.467)[I]: [5],0,15,60,17,-122,-153,3002(946.468)[I]: [6],0,29,31,11,-273,-386,-5684
(946.477)[I]: [5],0,15,60,17,-121,-153,3002(946.478)[I]: [6],0,28,31,11,-270,-386,-5684
(946.487)[I]: [5],0,14,60,17,-120,-152,3002(946.488)[I]: [6],0,28,31,11,-268,-386,-5684
(946.497)[I]: [5],0,15,60,17,-118,-152,3003(946.498)[I]: [6],0,28,31,11,-265,-386,-5684
(946.507)[I]: [5],0,14,60,17,-117,-151,3003(946.508)[I]: [6],0,28,31,11,-262,-386,-5684
(946.517)[I]: [5],0,16,60,17,-116,-151,3003(946.518)[I]: [6],0,28,33,11,-260,-386,-5684
(946.527)[I]: [5],0,18,64,17,-115,-150,3003(946.528)[I]: [6],0,28,31,11,-257,-386,-5685
(946.537)[I]: [5],0,17,64,17,-114,-150,3003(946.538)[I]: [6],0,28,33,11,-255,-386,-5685
(946.547)[I]: [5],0,18,68,17,-113,-149,3003(946.548)[I]: [6],0,28,34,11,-252,-386,-5685
(946.557)[I]: [5],0,18,68,18,-111,-149,3003(946.558)[I]: [6],0,28,34,11,-250,-386,-5685
(946.567)[I]: [5],0,18,68,17,-110,-149,3003(946.568)[I]: [6],0,27,34,11,-247,-386,-5685
(946.577)[I]: [5],0,15,72,17,-109,-148,3003(946.578)[I]: [6],0,27,34,11,-245,-386,-5685
(946.587)[I]: [5],0,14,68,18,-108,-147,3003(946.588)[I]: [6],0,27,34,11,-242,-386,-5685
(946.597)[I]: [5],0,14,72,18,-107,-147,3003(946.598)[I]: [6],0,27,31,10,-240,-386,-5685
(946.607)[I]: [5],0,15,72,18,-106,-147,3003(946.608)[I]: [6],0,27,34,9,-237,-386,-5685
(946.617)[I]: [5],0,15,76,17,-105,-146,3003(946.618)[I]: [6],0,28,31,9,-235,-386,-5685
(946.627)[I]: [5],0,15,76,18,-104,-145,3003(946.628)[I]: [6],0,27,31,9,-233,-386,-5685
(946.637)[I]: [5],0,15,76,17,-103,-145,3003(946.638)[I]: [6],0,27,30,9,-230,-386,-5685
(946.647)[I]: [5],0,15,76,18,-102,-145,3003(946.648)[I]: [6],0,27,30,9,-228,-386,-5686
(946.657)[I]: [5],0,17,72,18,-101,-144,3003(946.658)[I]: [6],0,27,30,9,-226,-386,-5686
(946.667)[I]: [5],0,15,76,18,-100,-144,3003(946.668)[I]: [6],0,27,31,9,-224,-386,-5686
(946.677)[I]: [5],0,16,76,17,-99,-143,3003(946.678)[I]: [6],0,26,31,9,-221,-386,-5686
(946.687)[I]: [5],0,17,76,18,-98,-143,3003(946.687)[I]: [6],0,25,30,9,-219,-386,-5686
(946.697)[I]: [5],0,18,84,18,-97,-143,3003(946.698)[I]: [6],0,25,30,9,-217,-386,-5686
(946.707)[I]: [5],0,16,80,17,-96,-143,3003(946.708)[I]: [6],0,25,30,9,-215,-386,-5686
(946.717)[I]: [5],0,15,76,17,-95,-142,3003(946.718)[I]: [6],0,26,31,9,-213,-386,-5686
(946.727)[I]: [5],0,17,84,17,-94,-142,3003(946.727)[I]: [6],0,25,31,9,-210,-386,-5686
(946.737)[I]: [5],0,16,88,18,-93,-142,3003(946.738)[I]: [6],0,25,31,9,-208,-386,-5686
(946.747)[I]: [5],0,19,84,17,-92,-142,3003(946.748)[I]: [6],0,26,31,9,-206,-386,-5686
(946.757)[I]: [5],0,18,84,17,-91,-141,3003(946.758)[I]: [6],0,25,31,9,-204,-386,-5686
(946.767)[I]: [5],0,18,80,17,-90,-140,3003(946.768)[I]: [6],0,26,31,9,-202,-386,-5686
(946.777)[I]: [5],0,19,84,17,-89,-140,3003(946.778)[I]: [6],0,26,31,9,-200,-386,-5686
(946.787)[I]: [5],0,18,80,16,-88,-139,3003(946.788)[I]: [6],0,26,31,8,-198,-386,-5686
(946.797)[I]: [5],0,19,84,16,-87,-139,3003(946.798)[I]: [6],0,26,31,8,-196,-386,-5687
(946.807)[I]: [5],0,19,84,16,-87,-139,3003(946.808)[I]: [6],0,26,31,8,-194,-385,-5687
(946.817)[I]: [5],0,18,84,16,-86,-139,3003(946.818)[I]: [6],0,26,31,8,-192,-385,-5687
(946.827)[I]: [5],0,18,84,16,-85,-138,3003(946.828)[I]: [6],0,26,31,8,-190,-385,-5687
(946.837)[I]: [5],0,19,84,16,-84,-138,3003(946.838)[I]: [6],0,27,31,8,-188,-385,-5687
(946.847)[I]: [5],0,20,92,16,-83,-138,3003(946.848)[I]: [6],0,27,33,8,-187,-385,-5687
(946.857)[I]: [5],0,20,92,14,-82,-137,3003(946.858)[I]: [6],0,27,35,8,-185,-385,-5687
(946.867)[I]: [5],0,22,92,15,-81,-137,3003(946.868)[I]: [6],0,27,34,8,-183,-385,-5687
(946.877)[I]: [5],0,21,88,13,-81,-137,3003(946.878)[I]: [6],0,28,35,8,-181,-386,-5687
(946.887)[I]: [5],0,21,88,13,-80,-136,3003(946.888)[I]: [6],0,28,35,7,-179,-386,-5687
(946.897)[I]: [5],0,22,92,12,-79,-136,3003(946.898)[I]: [6],0,28,35,8,-177,-385,-5687
(946.907)[I]: [5],0,22,92,12,-78,-136,3003(946.908)[I]: [6],0,28,35,8,-176,-386,-5687
(946.917)[I]: [5],0,22,92,12,-77,-135,3003(946.918)[I]: [6],0,27,35,8,-174,-386,-5687
(946.927)[I]: [5],0,23,92,12,-77,-135,3003(946.928)[I]: [6],0,28,36,8,-172,-386,-5687
(946.937)[I]: [5],0,24,92,12,-76,-135,3003(946.938)[I]: [6],0,28,35,8,-170,-386,-5687
(946.947)[I]: [5],0,26,92,11,-75,-134,3003(946.948)[I]: [6],0,29,35,8,-169,-385,-5687
(946.957)[I]: [5],0,27,96,11,-74,-134,3003(946.958)[I]: [6],0,29,36,8,-167,-386,-5687
(946.967)[I]: [5],0,26,92,11,-74,-134,3003(946.968)[I]: [6],0,29,37,8,-165,-386,-5687
(946.977)[I]: [5],0,28,96,11,-73,-134,3003(946.978)[I]: [6],0,29,37,8,-164,-386,-5687
(946.987)[I]: [5],0,28,96,10,-72,-133,3003(946.988)[I]: [6],0,30,38,8,-162,-386,-5687
(946.997)[I]: [5],0,28,96,11,-71,-133,3003(946.998)[I]: [6],0,30,38,8,-160,-386,-5688
(946.999)[I]: [5],0,29,96,10,-71,-133,3003(946.999)[I]: [6],0,30,39,8,-159,-386,-5688
(946.999)[I]: [5],0,30,96,10,-70,-133,3003(946.999)[I]: [6],0,31,39,8,-157,-386,-5688
(947.003)[I]: [5],0,31,96,10,-69,-133,3003(947.003)[I]: [6],0,31,39,8,-156,-386,-5688
(947.013)[I]: [5],0,31,100,10,-69,-133,3003(947.014)[I]: [6],0,31,39,8,-154,-386,-5688
(947.023)[I]: [5],0,31,96,10,-68,-133,3003(947.023)[I]: [6],0,31,39,8,-153,-386,-5688
(947.033)[I]: [5],0,31,96,11,-67,-133,3003(947.033)[I]: [6],0,31,39,8,-151,-387,-5688
(947.043)[I]: [5],0,31,96,10,-67,-133,3003(947.043)[I]: [6],0,31,40,8,-150,-387,-5688
(947.053)[I]: [5],0,33,96,10,-66,-133,3003(947.053)[I]: [6],0,31,41,8,-148,-387,-5688
(947.063)[I]: [5],0,35,96,10,-65,-132,3003(947.063)[I]: [6],0,31,41,8,-147,-387,-5688
(947.073)[I]: [5],0,34,96,10,-65,-133,3003(947.073)[I]: [6],0,31,42,8,-145,-387,-5688
(947.083)[I]: [5],0,35,100,10,-64,-132,3003(947.084)[I]: [6],0,31,41,8,-144,-387,-5688
(947.093)[I]: [5],0,35,96,11,-63,-132,3003(947.093)[I]: [6],0,31,42,8,-142,-387,-5688
(947.103)[I]: [5],0,35,96,10,-63,-132,3003(947.104)[I]: [6],0,31,41,8,-141,-387,-5688
(947.113)[I]: [5],0,35,100,11,-62,-132,3003(947.114)[I]: [6],0,31,41,8,-139,-387,-5688
(947.123)[I]: [5],0,35,96,10,-61,-132,3003(947.124)[I]: [6],0,31,40,8,-138,-387,-5688
(947.133)[I]: [5],0,34,96,10,-61,-132,3003(947.134)[I]: [6],0,31,41,8,-137,-387,-5688
(947.143)[I]: [5],0,35,96,10,-60,-132,3003(947.144)[I]: [6],0,31,41,8,-135,-387,-5688
(947.153)[I]: [5],0,36,96,11,-60,-132,3003(947.154)[I]: [6],0,31,41,8,-134,-388,-5688
(947.163)[I]: [5],0,36,92,11,-59,-132,3003(947.164)[I]: [6],0,31,41,8,-133,-388,-5688
(947.173)[I]: [5],0,36,92,10,-58,-132,3003(947.174)[I]: [6],0,31,41,8,-131,-388,-5688
(947.183)[I]: [5],0,36,92,11,-58,-133,3003(947.184)[I]: [6],0,31,41,8,-130,-388,-5688
(947.193)[I]: [5],0,36,92,10,-57,-133,3003(947.194)[I]: [6],0,31,41,8,-129,-388,-5688
(947.203)[I]: [5],0,35,92,10,-57,-132,3003(947.204)[I]: [6],0,31,42,8,-127,-388,-5688
(947.213)[I]: [5],0,35,92,10,-56,-132,3003(947.214)[I]: [6],0,31,42,8,-126,-387,-5688
(947.223)[I]: [5],0,35,88,10,-56,-132,3003(947.224)[I]: [6],0,31,42,8,-125,-388,-5688
(947.233)[I]: [5],0,35,88,10,-55,-132,3003(947.234)[I]: [6],0,31,41,8,-123,-388,-5689
(947.243)[I]: [5],0,36,92,10,-54,-132,3003(947.244)[I]: [6],0,34,41,8,-122,-388,-5689
(947.253)[I]: [5],0,35,92,11,-54,-132,3003(947.254)[I]: [6],0,31,41,8,-121,-388,-5689
(947.263)[I]: [5],0,34,88,11,-53,-132,3003(947.264)[I]: [6],0,33,41,8,-120,-388,-5689
(947.273)[I]: [5],0,34,88,11,-53,-131,3003(947.274)[I]: [6],0,31,41,8,-119,-388,-5689
(947.283)[I]: [5],0,33,92,11,-52,-132,3003(947.284)[I]: [6],0,31,41,8,-117,-388,-5689
(947.293)[I]: [5],0,31,88,11,-52,-131,3003(947.294)[I]: [6],0,31,40,8,-116,-388,-5689
(947.303)[I]: [5],0,31,92,11,-51,-131,3003(947.304)[I]: [6],0,31,40,8,-115,-388,-5689
(947.313)[I]: [5],0,31,92,11,-51,-131,3003(947.314)[I]: [6],0,31,40,8,-114,-388,-5689
(947.323)[I]: [5],0,31,92,11,-50,-130,3003(947.324)[I]: [6],0,31,39,8,-113,-388,-5689
(947.333)[I]: [5],0,30,92,11,-50,-131,3003(947.334)[I]: [6],0,31,39,8,-112,-388,-5689
(947.343)[I]: [5],0,30,92,12,-49,-131,3003(947.344)[I]: [6],0,31,39,8,-111,-388,-5689
(947.353)[I]: [5],0,30,92,11,-49,-131,3003(947.354)[I]: [6],0,31,40,8,-109,-388,-5689
(947.363)[I]: [5],0,31,92,12,-48,-131,3003(947.364)[I]: [6],0,31,40,8,-108,-388,-5689
(947.373)[I]: [5],0,30,92,11,-48,-131,3003(947.374)[I]: [6],0,31,40,8,-107,-388,-5689
(947.383)[I]: [5],0,29,92,12,-47,-130,3003(947.384)[I]: [6],0,31,40,8,-106,-388,-5689
(947.393)[I]: [5],0,30,92,12,-47,-130,3003(947.394)[I]: [6],0,31,40,8,-105,-388,-5689
(947.403)[I]: [5],0,29,92,12,-46,-130,3003(947.404)[I]: [6],0,31,39,8,-104,-388,-5689
(947.413)[I]: [5],0,28,92,12,-46,-130,3003(947.414)[I]: [6],0,31,39,8,-103,-388,-5689
(947.423)[I]: [5],0,27,92,12,-45,-131,3003(947.424)[I]: [6],0,31,40,8,-102,-389,-5689
(947.433)[I]: [5],0,28,92,12,-45,-131,3003(947.434)[I]: [6],0,31,40,8,-101,-388,-5689
(947.443)[I]: [5],0,28,92,12,-44,-131,3003(947.444)[I]: [6],0,31,40,8,-100,-389,-5689
(947.453)[I]: [5],0,28,92,12,-44,-130,3003(947.454)[I]: [6],0,31,40,8,-99,-389,-5689
(947.463)[I]: [5],0,29,92,12,-44,-130,3003(947.464)[I]: [6],0,31,40,8,-98,-389,-5689
(947.473)[I]: [5],0,28,92,12,-43,-130,3003(947.474)[I]: [6],0,31,40,8,-97,-389,-5689
(947.483)[I]: [5],0,28,92,12,-43,-130,3003(947.484)[I]: [6],0,31,40,8,-96,-389,-5689
(947.493)[I]: [5],0,28,92,13,-42,-131,3003(947.494)[I]: [6],0,31,40,8,-95,-389,-5689
(947.503)[I]: [5],0,28,92,12,-42,-130,3003(947.504)[I]: [6],0,31,40,8,-94,-389,-5689
(947.513)[I]: [5],0,28,92,12,-41,-130,3003(947.514)[I]: [6],0,31,40,8,-93,-389,-5689
(947.523)[I]: [5],0,28,92,13,-41,-130,3003(947.524)[I]: [6],0,31,39,8,-92,-389,-5689
(947.533)[I]: [5],0,28,92,13,-41,-131,3003(947.534)[I]: [6],0,31,39,8,-91,-389,-5689
(947.543)[I]: [5],0,28,92,12,-40,-130,3003(947.544)[I]: [6],0,31,39,8,-90,-389,-5689
(947.553)[I]: [5],0,27,92,12,-40,-130,3003(947.554)[I]: [6],0,31,39,8,-89,-389,-5689
(947.563)[I]: [5],0,27,92,12,-39,-130,3003(947.564)[I]: [6],0,31,39,8,-89,-389,-5689
(947.573)[I]: [5],0,27,92,12,-39,-130,3003(947.574)[I]: [6],0,31,40,8,-88,-389,-5689
(947.583)[I]: [5],0,27,92,12,-39,-130,3003(947.584)[I]: [6],0,31,39,8,-87,-389,-5689
(947.593)[I]: [5],0,27,92,12,-38,-130,3003(947.594)[I]: [6],0,31,39,8,-86,-389,-5689
(947.603)[I]: [5],0,26,92,12,-38,-129,3003(947.604)[I]: [6],0,31,39,8,-85,-389,-5689
(947.613)[I]: [5],0,26,92,12,-37,-129,3003(947.614)[I]: [6],0,31,39,8,-84,-389,-5689
(947.623)[I]: [5],0,27,92,12,-37,-129,3003(947.624)[I]: [6],0,31,38,8,-83,-389,-5689
(947.633)[I]: [5],0,27,92,13,-37,-129,3003(947.634)[I]: [6],0,31,38,8,-83,-388,-5689
(947.643)[I]: [5],0,27,92,13,-36,-129,3003(947.644)[I]: [6],0,31,39,8,-82,-389,-5689
(947.653)[I]: [5],0,26,92,12,-36,-129,3003(947.654)[I]: [6],0,31,39,8,-81,-389,-5690
(947.663)[I]: [5],0,27,92,12,-36,-129,3003(947.664)[I]: [6],0,31,38,8,-80,-389,-5690
(947.673)[I]: [5],0,27,92,12,-35,-129,3003(947.674)[I]: [6],0,31,39,8,-79,-389,-5690
(947.683)[I]: [5],0,27,92,13,-35,-129,3003(947.684)[I]: [6],0,31,39,8,-78,-389,-5690
(947.693)[I]: [5],0,27,92,12,-34,-129,3003(947.694)[I]: [6],0,31,39,8,-78,-389,-5690
(947.703)[I]: [5],0,27,92,12,-34,-129,3003(947.704)[I]: [6],0,31,39,8,-77,-389,-5690
(947.713)[I]: [5],0,27,92,12,-34,-129,3003(947.714)[I]: [6],0,31,39,8,-76,-389,-5690
(947.723)[I]: [5],0,28,92,12,-33,-129,3003(947.724)[I]: [6],0,31,39,8,-75,-389,-5690
(947.733)[I]: [5],0,28,92,12,-33,-128,3003(947.734)[I]: [6],0,31,39,8,-75,-389,-5690
(947.743)[I]: [5],0,28,92,13,-33,-128,3003(947.744)[I]: [6],0,31,39,8,-74,-389,-5690
(947.753)[I]: [5],0,28,92,13,-32,-128,3003(947.754)[I]: [6],0,31,38,8,-73,-389,-5690
(947.763)[I]: [5],0,28,92,13,-32,-129,3003(947.764)[I]: [6],0,31,39,8,-72,-389,-5690
(947.773)[I]: [5],0,28,92,13,-32,-128,3003(947.774)[I]: [6],0,31,39,8,-72,-389,-5690
(947.783)[I]: [5],0,29,92,13,-31,-128,3003(947.784)[I]: [6],0,31,39,8,-71,-389,-5690
(947.793)[I]: [5],0,30,92,12,-31,-128,3003(947.794)[I]: [6],0,31,39,9,-70,-389,-5690
(947.803)[I]: [5],0,29,92,12,-31,-128,3003(947.804)[I]: [6],0,31,39,8,-70,-390,-5690
(947.813)[I]: [5],0,29,92,13,-31,-128,3003(947.814)[I]: [6],0,31,39,9,-69,-390,-5690
(947.823)[I]: [5],0,29,92,12,-30,-128,3003(947.824)[I]: [6],0,31,39,8,-68,-390,-5690
(947.833)[I]: [5],0,30,92,12,-30,-128,3003(947.834)[I]: [6],0,31,38,8,-67,-390,-5690
(947.843)[I]: [5],0,29,92,12,-30,-128,3003(947.844)[I]: [6],0,31,39,8,-67,-389,-5690
(947.853)[I]: [5],0,30,92,12,-29,-129,3003(947.854)[I]: [6],0,31,39,8,-66,-389,-5690
(947.863)[I]: [5],0,29,92,13,-29,-129,3003(947.864)[I]: [6],0,31,39,8,-65,-390,-5690
(947.873)[I]: [5],0,30,92,13,-29,-129,3003(947.874)[I]: [6],0,31,39,8,-65,-390,-5690
(947.883)[I]: [5],0,29,92,12,-28,-129,3003(947.884)[I]: [6],0,31,38,8,-64,-390,-5690
(947.893)[I]: [5],0,29,92,12,-28,-128,3003(947.894)[I]: [6],0,31,39,8,-63,-390,-5690
(947.903)[I]: [5],0,29,92,12,-28,-128,3003(947.904)[I]: [6],0,31,39,8,-63,-390,-5690
(947.913)[I]: [5],0,28,92,12,-28,-129,3003(947.914)[I]: [6],0,31,39,8,-62,-390,-5690
(947.923)[I]: [5],0,29,92,12,-27,-129,3003(947.924)[I]: [6],0,31,39,8,-62,-390,-5690
(947.933)[I]: [5],0,29,92,13,-27,-128,3003(947.934)[I]: [6],0,31,39,8,-61,-389,-5690
(947.943)[I]: [5],0,29,92,13,-27,-128,3003(947.944)[I]: [6],0,31,39,8,-60,-389,-5690
(947.953)[I]: [5],0,29,92,13,-26,-128,3003(947.954)[I]: [6],0,31,39,9,-60,-389,-5690
(947.963)[I]: [5],0,29,92,12,-26,-128,3003(947.964)[I]: [6],0,31,39,8,-59,-389,-5690
(947.973)[I]: [5],0,29,92,12,-26,-128,3003(947.974)[I]: [6],0,31,39,8,-59,-389,-5690
(947.983)[I]: [5],0,28,92,12,-26,-128,3003(947.984)[I]: [6],0,31,39,8,-58,-389,-5690
(947.993)[I]: [5],0,29,92,12,-25,-128,3003(947.994)[I]: [6],0,31,39,8,-57,-390,-5690
(947.999)[I]: [5],0,29,92,13,-25,-128,3003(947.999)[I]: [6],0,31,39,8,-57,-390,-5690
(947.999)[I]: [5],0,29,92,12,-25,-128,3003(947.999)[I]: [6],0,31,39,8,-56,-390,-5690
(947.999)[I]: [5],0,30,92,12,-25,-128,3003(948.000)[I]: [6],0,31,39,8,-56,-390,-5690
(948.009)[I]: [5],0,29,92,12,-24,-128,3003(948.009)[I]: [6],0,31,39,8,-55,-390,-5690
(948.019)[I]: [5],0,29,92,12,-24,-128,3003(948.019)[I]: [6],0,31,39,8,-55,-390,-5690
(948.029)[I]: [5],0,29,92,12,-24,-128,3003(948.029)[I]: [6],0,31,39,8,-54,-390,-5690
(948.039)[I]: [5],0,29,92,13,-24,-128,3003(948.039)[I]: [6],0,31,39,8,-53,-390,-5690
(948.049)[I]: [5],0,28,88,12,-23,-128,3003(948.050)[I]: [6],0,31,39,8,-53,-390,-5690
(948.059)[I]: [5],0,29,92,13,-23,-128,3003(948.060)[I]: [6],0,31,39,8,-52,-390,-5690
(948.069)[I]: [5],0,28,92,13,-23,-128,3003(948.070)[I]: [6],0,31,39,8,-52,-390,-5690
(948.079)[I]: [5],0,28,88,12,-23,-128,3003(948.080)[I]: [6],0,31,39,8,-51,-390,-5690
(948.089)[I]: [5],0,28,92,12,-22,-128,3003(948.089)[I]: [6],0,31,39,8,-51,-390,-5690
(948.099)[I]: [5],0,28,92,13,-22,-127,3003(948.099)[I]: [6],0,31,39,8,-50,-390,-5690
(948.109)[I]: [5],0,28,92,12,-22,-127,3003(948.110)[I]: [6],0,31,39,8,-50,-390,-5690
(948.119)[I]: [5],0,28,92,13,-22,-127,3003(948.120)[I]: [6],0,31,39,8,-49,-391,-5690
(948.129)[I]: [5],0,28,92,13,-22,-127,3003(948.130)[I]: [6],0,31,39,8,-49,-390,-5690
(948.139)[I]: [5],0,28,88,13,-21,-127,3003(948.140)[I]: [6],0,31,39,8,-48,-390,-5690
(948.149)[I]: [5],0,27,88,13,-21,-127,3003(948.150)[I]: [6],0,31,39,8,-48,-390,-5690
(948.159)[I]: [5],0,28,88,13,-21,-127,3003(948.160)[I]: [6],0,31,39,8,-47,-390,-5690
(948.169)[I]: [5],0,28,88,13,-21,-127,3003(948.170)[I]: [6],0,31,39,8,-47,-390,-5690
(948.179)[I]: [5],0,28,88,13,-20,-127,3003(948.180)[I]: [6],0,31,39,8,-46,-390,-5690
(948.189)[I]: [5],0,28,88,13,-20,-127,3003(948.190)[I]: [6],0,31,39,8,-46,-390,-5690
(948.199)[I]: [5],0,27,88,13,-20,-127,3003(948.200)[I]: [6],0,31,39,8,-45,-390,-5690
(948.209)[I]: [5],0,28,88,13,-20,-127,3003(948.210)[I]: [6],0,31,38,8,-45,-390,-5690
(948.219)[I]: [5],0,27,88,13,-20,-127,3003(948.220)[I]: [6],0,31,38,8,-45,-390,-5690
(948.229)[I]: [5],0,28,88,13,-19,-127,3003(948.230)[I]: [6],0,31,38,8,-44,-390,-5690
(948.239)[I]: [5],0,27,88,13,-19,-127,3003(948.240)[I]: [6],0,31,38,8,-44,-390,-5690
(948.249)[I]: [5],0,27,88,13,-19,-127,3003(948.250)[I]: [6],0,31,38,8,-43,-390,-5690
(948.259)[I]: [5],0,27,88,13,-19,-127,3003(948.260)[I]: [6],0,31,38,8,-43,-390,-5690
(948.269)[I]: [5],0,27,88,13,-19,-127,3003(948.270)[I]: [6],0,31,38,9,-42,-390,-5690
(948.279)[I]: [5],0,27,88,13,-18,-126,3003(948.280)[I]: [6],0,31,38,8,-42,-390,-5690
(948.289)[I]: [5],0,25,88,13,-18,-126,3003(948.290)[I]: [6],0,31,38,8,-41,-390,-5690
(948.299)[I]: [5],0,26,88,13,-18,-125,3003(948.300)[I]: [6],0,31,38,8,-41,-390,-5690
(948.309)[I]: [5],0,26,88,15,-18,-126,3003(948.310)[I]: [6],0,31,38,9,-41,-390,-5690
(948.319)[I]: [5],0,25,84,15,-18,-126,3003(948.320)[I]: [6],0,31,38,8,-40,-390,-5690
(948.329)[I]: [5],0,25,84,16,-18,-125,3003(948.330)[I]: [6],0,31,37,8,-40,-391,-5690