(1006.846)[I]: [5],0,15,76,19,0,-173,4982(1006.847)[I]: [6],0,23,30,7,0,-321,3417
(1006.856)[I]: [5],0,15,76,19,0,-174,4982(1006.856)[I]: [6],0,23,30,8,0,-321,3417
(1006.866)[I]: [5],0,15,76,19,0,-174,4982(1006.867)[I]: [6],0,23,30,8,0,-321,3417
(1006.876)[I]: [5],0,15,72,19,0,-173,4982(1006.876)[I]: [6],0,22,30,8,0,-321,3417
(1006.886)[I]: [5],0,15,76,19,0,-173,4982(1006.887)[I]: [6],0,23,30,8,0,-321,3417
(1006.896)[I]: [5],0,14,72,19,0,-173,4982(1006.896)[I]: [6],0,23,30,8,0,-321,3417
(1006.906)[I]: [5],0,15,76,19,0,-173,4982(1006.907)[I]: [6],0,23,30,8,0,-321,3417
(1006.916)[I]: [5],0,14,72,19,0,-173,4982(1006.916)[I]: [6],0,23,30,8,0,-321,3417
(1006.926)[I]: [5],0,15,72,19,0,-174,4982(1006.927)[I]: [6],0,23,30,8,0,-321,3417
(1006.936)[I]: [5],0,14,72,20,0,-173,4982(1006.936)[I]: [6],0,23,30,8,0,-321,3417
(1006.946)[I]: [5],0,14,72,19,0,-174,4982(1006.947)[I]: [6],0,22,29,8,0,-321,3417
(1006.956)[I]: [5],0,13,72,19,0,-174,4982(1006.956)[I]: [6],0,22,29,8,0,-321,3417
(1006.966)[I]: [5],0,13,72,20,0,-174,4982(1006.967)[I]: [6],0,22,29,8,0,-321,3417
(1006.976)[I]: [5],0,13,72,19,0,-174,4982(1006.976)[I]: [6],0,22,29,8,0,-321,3417
(1006.986)[I]: [5],0,13,72,20,0,-174,4982(1006.987)[I]: [6],0,22,29,8,0,-321,3417
(1006.996)[I]: [5],0,13,68,20,0,-174,4982(1006.996)[I]: [6],0,22,29,8,0,-321,3417
(1006.999)[I]: [5],0,13,72,20,0,-174,4982(1006.999)[I]: [6],0,22,29,8,0,-321,3417
(1006.999)[I]: [5],0,13,68,19,0,-174,4982(1006.999)[I]: [6],0,22,29,8,0,-321,3417
(1007.002)[I]: [5],0,13,72,20,0,-174,4982(1007.002)[I]: [6],0,23,28,8,0,-321,3417
(1007.012)[I]: [5],0,13,72,20,0,-174,4982(1007.012)[I]: [6],0,22,29,8,0,-321,3417
(1007.022)[I]: [5],0,13,68,20,0,-174,4982(1007.022)[I]: [6],0,22,28,8,0,-322,3417
(1007.032)[I]: [5],0,13,68,20,0,-174,4982(1007.032)[I]: [6],0,22,29,8,0,-322,3417
(1007.042)[I]: [5],0,12,72,20,0,-173,4982(1007.042)[I]: [6],0,22,28,9,0,-321,3417
(1007.052)[I]: [5],0,12,72,20,0,-173,4982(1007.052)[I]: [6],0,22,28,9,0,-322,3417
(1007.062)[I]: [5],0,12,68,20,0,-173,4982(1007.062)[I]: [6],0,22,28,9,0,-321,3417
(1007.072)[I]: [5],0,12,72,20,0,-174,4982(1007.072)[I]: [6],0,22,28,9,0,-322,3417
(1007.082)[I]: [5],0,12,68,20,0,-174,4982(1007.082)[I]: [6],0,22,29,9,0,-322,3417
(1007.092)[I]: [5],0,12,68,19,0,-173,4982(1007.092)[I]: [6],0,22,29,8,0,-322,3417
(1007.102)[I]: [5],0,12,68,20,0,-174,4982(1007.102)[I]: [6],0,22,29,9,0,-321,3417
(1007.112)[I]: [5],0,12,68,19,0,-173,4982(1007.112)[I]: [6],0,22,28,8,0,-321,3417
(1007.122)[I]: [5],0,12,72,20,0,-174,4982(1007.122)[I]: [6],0,22,29,9,0,-321,3417
(1007.132)[I]: [5],0,12,68,20,0,-174,4982(1007.132)[I]: [6],0,22,29,9,0,-322,3417
(1007.142)[I]: [5],0,12,72,19,0,-174,4982(1007.142)[I]: [6],0,22,29,9,0,-321,3417
(1007.152)[I]: [5],0,12,72,19,0,-174,4982(1007.152)[I]: [6],0,22,28,9,0,-321,3417
(1007.162)[I]: [5],0,12,72,19,0,-174,4982(1007.162)[I]: [6],0,22,28,9,0,-321,3417
(1007.172)[I]: [5],0,12,68,19,0,-174,4982(1007.172)[I]: [6],0,22,29,9,0,-321,3417
(1007.182)[I]: [5],0,13,68,19,0,-174,4982(1007.182)[I]: [6],0,22,29,8,0,-321,3417
(1007.192)[I]: [5],0,13,68,20,0,-174,4982(1007.192)[I]: [6],0,22,29,9,0,-321,3417
(1007.202)[I]: [5],0,13,68,19,0,-174,4982(1007.202)[I]: [6],0,22,29,9,0,-321,3417
(1007.212)[I]: [5],0,13,68,19,0,-174,4982(1007.212)[I]: [6],0,22,29,9,0,-321,3417
(1007.222)[I]: [5],0,13,68,19,0,-174,4982(1007.222)[I]: [6],0,22,31,8,0,-322,3417
(1007.232)[I]: [5],0,13,68,19,0,-174,4982(1007.232)[I]: [6],0,22,31,8,0,-322,3417
(1007.242)[I]: [5],0,13,68,19,0,-174,4982(1007.242)[I]: [6],0,23,31,8,0,-322,3417
(1007.252)[I]: [5],0,13,72,19,0,-174,4982(1007.252)[I]: [6],0,24,31,7,0,-322,3417
(1007.262)[I]: [5],0,13,68,19,0,-174,4982(1007.262)[I]: [6],0,23,31,8,0,-322,3417
(1007.272)[I]: [5],0,13,72,19,0,-173,4982(1007.272)[I]: [6],0,23,31,7,0,-322,3417
(1007.282)[I]: [5],0,13,68,19,0,-173,4982(1007.282)[I]: [6],0,23,31,7,0,-321,3417
(1007.292)[I]: [5],0,13,68,19,0,-173,4982(1007.292)[I]: [6],0,23,31,7,0,-321,3417
(1007.302)[I]: [5],0,13,68,19,0,-173,4982(1007.302)[I]: [6],0,24,31,7,0,-321,3417
(1007.312)[I]: [5],0,13,72,19,0,-173,4982(1007.312)[I]: [6],0,24,31,7,0,-321,3417
(1007.322)[I]: [5],0,13,68,19,0,-173,4982(1007.322)[I]: [6],0,24,31,7,0,-321,3417
(1007.332)[I]: [5],0,13,68,18,0,-173,4982(1007.332)[I]: [6],0,24,31,7,0,-321,3417
(1007.342)[I]: [5],0,13,68,19,0,-173,4982(1007.342)[I]: [6],0,24,31,7,0,-321,3417
(1007.352)[I]: [5],0,13,72,19,0,-173,4982(1007.352)[I]: [6],0,24,31,7,0,-321,3417
(1007.362)[I]: [5],0,13,68,19,0,-173,4982(1007.362)[I]: [6],0,25,31,7,0,-321,3417
(1007.372)[I]: [5],0,13,72,19,0,-174,4982(1007.372)[I]: [6],0,24,31,7,0,-321,3417
(1007.382)[I]: [5],0,13,72,19,0,-173,4982(1007.382)[I]: [6],0,25,31,7,0,-321,3417
(1007.392)[I]: [5],0,13,68,19,0,-173,4982(1007.392)[I]: [6],0,24,31,7,0,-321,3417
(1007.402)[I]: [5],0,13,68,19,0,-173,4982(1007.402)[I]: [6],0,24,31,7,0,-321,3417
(1007.412)[I]: [5],0,13,68,19,0,-173,4982(1007.412)[I]: [6],0,24,31,7,0,-321,3417
(1007.422)[I]: [5],0,13,68,19,0,-173,4982(1007.422)[I]: [6],0,25,31,7,0,-321,3417
(1007.432)[I]: [5],0,13,68,19,0,-173,4982(1007.432)[I]: [6],0,25,31,7,0,-321,3417
(1007.442)[I]: [5],0,13,72,19,0,-173,4982(1007.442)[I]: [6],0,24,31,7,0,-321,3417
(1007.452)[I]: [5],0,13,72,19,0,-173,4982(1007.452)[I]: [6],0,25,31,7,0,-321,3417
(1007.462)[I]: [5],0,13,72,19,0,-173,4982(1007.463)[I]: [6],0,24,31,7,0,-321,3417
(1007.472)[I]: [5],0,13,68,19,0,-173,4982(1007.472)[I]: [6],0,24,31,7,0,-321,3417
(1007.482)[I]: [5],0,13,68,19,0,-173,4982(1007.482)[I]: [6],0,25,31,7,0,-321,3417
(1007.492)[I]: [5],0,13,68,19,0,-174,4982(1007.492)[I]: [6],0,24,31,7,0,-321,3417
(1007.502)[I]: [5],0,13,68,19,0,-174,4982(1007.502)[I]: [6],0,24,31,7,0,-321,3417
(1007.512)[I]: [5],0,13,68,19,0,-174,4982(1007.512)[I]: [6],0,24,31,7,0,-321,3417
(1007.522)[I]: [5],0,13,68,19,0,-174,4982(1007.522)[I]: [6],0,24,31,7,0,-321,3417
(1007.532)[I]: [5],0,13,68,19,0,-174,4982(1007.532)[I]: [6],0,24,31,8,0,-321,3417
(1007.542)[I]: [5],0,12,68,20,0,-174,4982(1007.542)[I]: [6],0,24,31,7,0,-321,3417
(1007.552)[I]: [5],0,12,68,20,0,-174,4982(1007.553)[I]: [6],0,24,31,8,0,-321,3417
(1007.562)[I]: [5],0,11,68,20,0,-174,4982(1007.562)[I]: [6],0,22,31,8,0,-321,3417
(1007.572)[I]: [5],0,11,68,21,0,-174,4982(1007.572)[I]: [6],0,22,31,8,0,-321,3417
(1007.582)[I]: [5],0,12,68,21,0,-174,4982(1007.582)[I]: [6],0,22,30,8,0,-321,3417
(1007.592)[I]: [5],0,11,68,22,0,-174,4982(1007.592)[I]: [6],0,22,28,8,0,-321,3417
(1007.602)[I]: [5],0,12,72,22,0,-175,4982(1007.602)[I]: [6],0,22,28,8,0,-321,3417
(1007.612)[I]: [5],0,11,68,23,0,-175,4982(1007.612)[I]: [6],0,21,27,8,0,-321,3417
(1007.622)[I]: [5],0,11,72,25,0,-175,4982(1007.622)[I]: [6],0,20,26,7,0,-321,3417
(1007.632)[I]: [5],0,11,72,26,0,-174,4982(1007.632)[I]: [6],0,19,26,8,0,-321,3417
(1007.642)[I]: [5],0,10,72,27,0,-174,4982(1007.643)[I]: [6],0,18,23,7,0,-321,3417
(1007.652)[I]: [5],0,9,72,28,0,-174,4982(1007.652)[I]: [6],0,19,21,7,0,-320,3417
(1007.662)[I]: [5],0,9,72,28,0,-173,4982(1007.662)[I]: [6],0,19,21,8,0,-320,3417
(1007.672)[I]: [5],0,9,72,31,0,-173,4982(1007.672)[I]: [6],0,17,19,7,0,-320,3417
(1007.682)[I]: [5],0,9,76,34,0,-172,4982(1007.682)[I]: [6],0,17,19,7,0,-320,3417
(1007.692)[I]: [5],0,9,76,33,0,-172,4982(1007.692)[I]: [6],0,18,17,6,0,-320,3417
(1007.702)[I]: [5],0,9,76,35,0,-172,4982(1007.702)[I]: [6],0,18,17,6,0,-320,3417
(1007.712)[I]: [5],0,9,76,35,0,-172,4982(1007.712)[I]: [6],0,18,17,6,0,-320,3417
(1007.722)[I]: [5],0,9,76,37,0,-172,4982(1007.722)[I]: [6],0,18,17,6,0,-319,3417
(1007.732)[I]: [5],0,9,76,35,0,-173,4982(1007.732)[I]: [6],0,18,18,6,0,-319,3417
(1007.742)[I]: [5],0,9,76,37,0,-172,4982(1007.742)[I]: [6],0,17,14,5,0,-319,3417
(1007.752)[I]: [5],0,9,76,41,0,-171,4982(1007.752)[I]: [6],0,17,13,5,0,-319,3417
(1007.762)[I]: [5],0,9,76,45,0,-171,4982(1007.762)[I]: [6],0,17,12,5,0,-319,3417
(1007.772)[I]: [5],0,9,76,46,0,-171,4982(1007.772)[I]: [6],0,17,12,5,0,-319,3417
(1007.782)[I]: [5],0,8,76,46,0,-171,4982(1007.782)[I]: [6],0,17,13,5,0,-319,3417
(1007.792)[I]: [5],0,9,76,48,0,-171,4982(1007.792)[I]: [6],0,17,12,5,0,-319,3417
(1007.802)[I]: [5],0,9,76,48,0,-171,4982(1007.802)[I]: [6],0,15,11,5,0,-320,3417
(1007.812)[I]: [5],0,9,76,52,0,-171,4982(1007.812)[I]: [6],0,15,11,5,0,-320,3417
(1007.822)[I]: [5],0,9,76,52,0,-171,4982(1007.822)[I]: [6],0,15,10,5,0,-320,3417
(1007.832)[I]: [5],0,9,76,53,0,-170,4982(1007.832)[I]: [6],0,13,11,5,0,-320,3417
(1007.842)[I]: [5],0,9,76,56,0,-170,4982(1007.842)[I]: [6],0,13,11,5,0,-320,3417
(1007.852)[I]: [5],0,9,76,52,0,-170,4982(1007.852)[I]: [6],0,13,11,5,0,-320,3417
(1007.862)[I]: [5],0,10,76,51,0,-170,4982(1007.862)[I]: [6],0,13,11,5,0,-319,3417
(1007.872)[I]: [5],0,10,76,52,0,-169,4982(1007.872)[I]: [6],0,13,11,5,0,-320,3417
(1007.882)[I]: [5],0,11,76,49,0,-169,4982(1007.882)[I]: [6],0,13,9,5,0,-320,3417
(1007.892)[I]: [5],0,12,76,48,0,-169,4982(1007.892)[I]: [6],0,13,10,5,0,-320,3417
(1007.902)[I]: [5],0,13,80,41,0,-169,4982(1007.902)[I]: [6],0,13,9,5,0,-320,3417
(1007.912)[I]: [5],0,14,88,34,0,-169,4982(1007.912)[I]: [6],0,13,11,6,0,-320,3417
(1007.922)[I]: [5],0,16,88,25,0,-169,4989(1007.922)[I]: [6],0,13,11,6,0,-320,3417
(1007.932)[I]: [5],0,17,92,22,-1,-170,4997(1007.933)[I]: [6],0,14,10,7,0,-320,3417
(1007.942)[I]: [5],0,22,92,18,-1,-172,5006(1007.943)[I]: [6],0,14,11,7,0,-320,3417
(1007.952)[I]: [5],0,22,104,15,-2,-174,5018(1007.953)[I]: [6],0,14,12,9,0,-320,3417
(1007.962)[I]: [5],0,24,112,12,-2,-178,5034(1007.963)[I]: [6],0,14,12,9,0,-319,3417
(1007.972)[I]: [5],0,30,116,8,-4,-182,5052(1007.973)[I]: [6],0,15,13,11,0,-320,3417
(1007.982)[I]: [5],3,31,116,5,-5,-187,5077(1007.983)[I]: [6],0,16,13,12,0,-320,3417
(1007.992)[I]: [5],6,38,112,4,-6,-189,5111(1007.993)[I]: [6],0,15,19,13,0,-321,3417
(1007.999)[I]: [5],7,38,112,3,-7,-195,5149(1007.999)[I]: [6],0,16,20,17,0,-321,3417
(1007.999)[I]: [5],7,37,100,0,-6,-217,5189(1007.999)[I]: [6],0,15,21,19,0,-321,3417
(1007.999)[I]: [5],11,34,88,1,-11,-229,5281(1007.999)[I]: [6],0,16,24,22,0,-321,3417
(1008.008)[I]: [5],11,33,60,2,-14,-244,5404(1008.009)[I]: [6],0,17,27,27,0,-320,3417
(1008.018)[I]: [5],14,27,40,2,-15,-260,5553(1008.019)[I]: [6],0,19,31,29,0,-318,3417
(1008.028)[I]: [5],15,19,32,2,-13,-255,5723(1008.029)[I]: [6],0,19,31,34,0,-317,3417
(1008.038)[I]: [5],18,15,28,3,-13,-233,5914(1008.039)[I]: [6],0,19,34,37,0,-316,3417
(1008.048)[I]: [5],17,9,28,2,-14,-215,6114(1008.049)[I]: [6],0,20,37,39,0,-316,3417
(1008.058)[I]: [5],13,8,20,3,-16,-200,6324(1008.059)[I]: [6],0,19,38,39,0,-316,3417
(1008.068)[I]: [5],15,7,16,3,-24,-183,6537(1008.069)[I]: [6],0,22,39,41,0,-315,3417
(1008.078)[I]: [5],14,5,24,3,-39,-173,6752(1008.079)[I]: [6],0,23,40,42,0,-314,3417
(1008.088)[I]: [5],14,4,20,3,-62,-190,6961(1008.089)[I]: [6],0,24,43,44,0,-314,3417
(1008.098)[I]: [5],7,3,12,3,-90,-233,7144(1008.098)[I]: [6],0,25,43,43,0,-313,3417
(1008.108)[I]: [5],4,3,20,3,-117,-295,7269(1008.109)[I]: [6],0,25,41,43,0,-313,3417
(1008.118)[I]: [5],0,3,16,2,-145,-347,7332(1008.119)[I]: [6],0,27,43,43,0,-312,3417
(1008.128)[I]: [5],0,3,16,3,-171,-390,7364(1008.129)[I]: [6],0,29,43,41,0,-311,3417
(1008.138)[I]: [5],0,3,20,3,-194,-408,7356(1008.139)[I]: [6],0,30,42,39,0,-310,3417
(1008.148)[I]: [5],0,3,20,2,-223,-406,7318(1008.149)[I]: [6],0,30,41,38,0,-310,3417
(1008.158)[I]: [5],0,3,16,3,-256,-392,7259(1008.159)[I]: [6],0,30,42,36,0,-310,3417
(1008.168)[I]: [5],0,3,16,2,-295,-371,7186(1008.169)[I]: [6],0,29,43,34,0,-310,3417
(1008.178)[I]: [5],0,3,16,3,-335,-348,7101(1008.179)[I]: [6],0,35,45,31,0,-310,3417
(1008.188)[I]: [5],0,3,16,3,-376,-327,7000(1008.189)[I]: [6],0,33,48,30,0,-310,3417
(1008.198)[I]: [5],0,3,16,3,-415,-310,6884(1008.199)[I]: [6],0,36,49,29,0,-311,3417
(1008.208)[I]: [5],0,3,16,2,-449,-298,6754(1008.209)[I]: [6],0,35,49,28,0,-311,3417
(1008.218)[I]: [5],0,3,16,2,-479,-290,6614(1008.219)[I]: [6],0,35,51,27,0,-311,3417
(1008.228)[I]: [5],0,3,16,3,-503,-281,6468(1008.229)[I]: [6],0,37,49,26,0,-311,3417
(1008.238)[I]: [5],0,3,16,2,-523,-271,6319(1008.239)[I]: [6],0,40,49,25,0,-310,3417
(1008.248)[I]: [5],0,3,12,3,-540,-257,6167(1008.249)[I]: [6],0,41,53,24,0,-310,3417
(1008.258)[I]: [5],0,3,12,3,-553,-237,6017(1008.259)[I]: [6],0,44,53,22,0,-310,3417
(1008.268)[I]: [5],0,3,12,3,-564,-213,5871(1008.269)[I]: [6],0,47,54,21,0,-309,3417
(1008.278)[I]: [5],0,3,12,3,-573,-181,5735(1008.279)[I]: [6],0,51,54,19,0,-309,3417
(1008.288)[I]: [5],0,3,8,3,-582,-141,5612(1008.288)[I]: [6],0,51,57,15,0,-310,3417
(1008.298)[I]: [5],0,3,8,2,-590,-91,5505(1008.298)[I]: [6],0,54,55,14,0,-309,3417
(1008.308)[I]: [5],0,3,8,2,-598,-33,5417(1008.308)[I]: [6],0,57,56,14,0,-310,3417
(1008.318)[I]: [5],0,3,8,2,-605,28,5343(1008.318)[I]: [6],0,60,57,13,0,-310,3417
(1008.328)[I]: [5],0,3,8,2,-609,86,5279(1008.328)[I]: [6],0,62,55,12,0,-311,3417
(1008.338)[I]: [5],0,3,8,2,-611,133,5219(1008.338)[I]: [6],0,66,56,11,0,-311,3417
(1008.348)[I]: [5],0,3,8,2,-613,162,5158(1008.348)[I]: [6],0,66,57,12,0,-311,3417
(1008.358)[I]: [5],0,3,8,2,-612,170,5095(1008.358)[I]: [6],0,67,58,11,0,-311,3417
(1008.368)[I]: [5],0,3,8,2,-612,160,5029(1008.368)[I]: [6],0,68,59,11,0,-310,3417
(1008.378)[I]: [5],0,4,8,2,-611,137,4960(1008.378)[I]: [6],0,73,60,8,0,-312,3414
(1008.388)[I]: [5],0,4,8,2,-610,112,4890(1008.388)[I]: [6],1,77,59,7,0,-312,3414
(1008.398)[I]: [5],0,4,8,1,-609,97,4818(1008.398)[I]: [6],1,79,61,7,0,-314,3411
(1008.408)[I]: [5],0,3,8,2,-606,100,4743(1008.408)[I]: [6],1,80,61,6,0,-314,3411
(1008.418)[I]: [5],0,3,8,2,-599,125,4671(1008.418)[I]: [6],1,83,61,5,0,-315,3411
(1008.428)[I]: [5],0,3,8,2,-587,156,4604(1008.428)[I]: [6],1,86,63,5,0,-315,3411
(1008.438)[I]: [5],0,3,8,2,-566,191,4546(1008.438)[I]: [6],1,87,63,5,0,-315,3411
(1008.448)[I]: [5],0,3,8,2,-536,222,4500(1008.448)[I]: [6],2,90,58,6,0,-315,3411
(1008.458)[I]: [5],0,3,8,2,-498,246,4462(1008.458)[I]: [6],3,91,61,5,0,-315,3411
(1008.468)[I]: [5],0,4,8,2,-450,255,4428(1008.469)[I]: [6],3,95,59,5,0,-316,3411
(1008.478)[I]: [5],0,4,8,2,-392,254,4394(1008.478)[I]: [6],3,95,59,5,0,-316,3411
(1008.488)[I]: [5],0,4,8,2,-325,247,4354(1008.488)[I]: [6],3,95,58,4,0,-316,3411
(1008.498)[I]: [5],0,4,8,2,-253,235,4305(1008.498)[I]: [6],3,97,57,4,0,-317,3411
(1008.508)[I]: [5],0,4,8,2,-177,228,4248(1008.508)[I]: [6],3,95,58,4,0,-317,3411
(1008.518)[I]: [5],0,4,8,2,-102,228,4188(1008.519)[I]: [6],5,97,60,4,0,-318,3411
(1008.528)[I]: [5],0,4,8,2,-30,224,4132(1008.528)[I]: [6],5,95,59,3,0,-318,3411
(1008.538)[I]: [5],0,4,8,2,34,209,4087(1008.538)[I]: [6],3,99,62,3,0,-318,3411
(1008.548)[I]: [5],0,5,8,2,91,183,4058(1008.548)[I]: [6],4,101,63,3,0,-319,3411
(1008.558)[I]: [5],0,4,8,2,138,149,4047(1008.558)[I]: [6],7,102,66,3,0,-319,3411
(1008.568)[I]: [5],0,4,8,2,174,111,4053(1008.568)[I]: [6],7,101,67,3,0,-320,3411
(1008.578)[I]: [5],0,4,8,2,198,79,4072(1008.578)[I]: [6],7,101,69,3,0,-321,3411
(1008.588)[I]: [5],0,4,8,2,209,57,4101(1008.588)[I]: [6],7,99,74,3,0,-321,3411
(1008.598)[I]: [5],0,4,8,2,210,46,4133(1008.598)[I]: [6],7,99,76,3,0,-321,3411
(1008.608)[I]: [5],0,4,8,2,201,50,4164(1008.608)[I]: [6],7,100,81,3,0,-320,3411
(1008.618)[I]: [5],0,4,8,2,184,63,4191(1008.618)[I]: [6],8,102,82,3,0,-323,3404
(1008.628)[I]: [5],0,4,8,2,160,84,4211(1008.628)[I]: [6],12,102,83,3,0,-325,3395
(1008.638)[I]: [5],0,4,8,2,133,109,4226(1008.638)[I]: [6],11,106,87,3,1,-327,3392
(1008.648)[I]: [5],0,4,8,2,102,139,4237(1008.648)[I]: [6],12,107,89,3,1,-328,3392
(1008.658)[I]: [5],0,4,8,2,70,168,4246(1008.658)[I]: [6],11,107,88,2,1,-329,3392
(1008.668)[I]: [5],0,4,8,2,38,194,4254(1008.668)[I]: [6],11,109,91,2,1,-328,3392
(1008.678)[I]: [5],0,3,8,2,9,214,4269(1008.678)[I]: [6],11,108,92,2,1,-329,3392
(1008.688)[I]: [5],0,5,8,2,-14,229,4296(1008.688)[I]: [6],12,110,94,2,1,-329,3392
(1008.698)[I]: [5],0,5,8,2,-34,235,4339(1008.698)[I]: [6],11,110,94,3,1,-328,3392
(1008.708)[I]: [5],0,5,8,2,-48,230,4398(1008.708)[I]: [6],11,110,94,2,1,-327,3392
(1008.718)[I]: [5],0,5,4,2,-57,218,4470(1008.718)[I]: [6],12,109,94,2,1,-327,3392
(1008.728)[I]: [5],0,5,4,2,-60,201,4550(1008.728)[I]: [6],12,110,93,2,1,-327,3392
(1008.738)[I]: [5],0,5,4,2,-60,187,4634(1008.738)[I]: [6],14,115,95,2,1,-327,3392
(1008.748)[I]: [5],0,5,4,2,-58,180,4722(1008.748)[I]: [6],15,117,97,2,1,-328,3392
(1008.758)[I]: [5],0,5,4,2,-52,186,4816(1008.758)[I]: [6],15,119,98,3,1,-329,3392
(1008.768)[I]: [5],0,5,4,1,-45,206,4917(1008.768)[I]: [6],15,121,101,2,1,-329,3392
(1008.778)[I]: [5],0,5,4,1,-38,238,5024(1008.778)[I]: [6],19,123,103,2,0,-329,3389
(1008.788)[I]: [5],0,5,8,1,-31,278,5141(1008.788)[I]: [6],19,125,103,2,1,-331,3382
(1008.798)[I]: [5],0,5,16,2,-25,317,5271(1008.798)[I]: [6],21,127,107,2,1,-335,3371
(1008.808)[I]: [5],0,5,12,2,-20,352,5424(1008.808)[I]: [6],21,132,108,2,1,-340,3356
(1008.818)[I]: [5],0,4,12,2,-17,378,5603(1008.818)[I]: [6],23,134,105,2,1,-348,3337
(1008.828)[I]: [5],0,4,20,2,-20,391,5782(1008.828)[I]: [6],24,137,103,1,2,-360,3318
(1008.838)[I]: [5],4,3,16,3,-16,262,5758(1008.839)[I]: [6],23,140,98,1,3,-379,3299
(1008.848)[I]: [5],2,5,16,2,8,174,5576(1008.848)[I]: [6],25,143,98,1,4,-407,3278
(1008.858)[I]: [5],4,7,32,2,30,175,5471(1008.859)[I]: [6],25,148,85,0,6,-439,3255
(1008.868)[I]: [5],0,9,52,1,24,200,5332(1008.868)[I]: [6],24,150,78,0,9,-473,3228
(1008.878)[I]: [5],0,15,60,1,11,196,5251(1008.879)[I]: [6],25,152,71,0,14,-498,3188
(1008.888)[I]: [5],0,23,76,1,13,161,5181(1008.888)[I]: [6],26,152,60,0,19,-518,3124
(1008.898)[I]: [5],1,26,120,0,15,139,5125(1008.899)[I]: [6],27,149,42,0,28,-528,3026
(1008.908)[I]: [5],0,31,140,2,13,105,5057(1008.909)[I]: [6],27,140,20,0,40,-522,2888
(1008.918)[I]: [5],0,35,160,4,10,0,5044(1008.918)[I]: [6],28,117,13,0,59,-507,2708
(1008.928)[I]: [5],3,34,176,6,7,-22,5027(1008.928)[I]: [6],27,97,5,0,77,-495,2495
(1008.938)[I]: [5],5,39,180,8,5,-58,5013(1008.939)[I]: [6],29,61,6,0,100,-471,2234
(1008.948)[I]: [5],4,38,164,10,5,-67,5005(1008.949)[I]: [6],31,41,3,0,134,-468,1938
(1008.958)[I]: [5],3,37,180,10,5,-61,4998(1008.959)[I]: [6],40,30,7,0,176,-489,1625
(1008.968)[I]: [5],3,35,188,15,6,-56,4990(1008.969)[I]: [6],52,23,6,0,210,-541,1302
(1008.978)[I]: [5],3,31,192,16,7,-46,4982(1008.979)[I]: [6],50,15,3,0,243,-615,990
(1008.988)[I]: [5],2,28,216,18,8,-38,4974(1008.989)[I]: [6],31,12,4,0,280,-696,639
(1008.998)[I]: [5],0,25,208,20,8,-34,4967(1008.999)[I]: [6],11,8,1,2,335,-801,304
(1008.999)[I]: [5],0,22,204,21,7,-34,4964(1008.999)[I]: [6],0,8,0,2,390,-1011,110
(1008.999)[I]: [5],0,21,212,22,7,-34,4964(1008.999)[I]: [6],0,8,3,2,451,-1128,81
(1009.004)[I]: [5],0,19,200,22,7,-36,4964(1009.004)[I]: [6],0,13,2,2,526,-1195,136
(1009.014)[I]: [5],0,18,200,22,7,-38,4964(1009.014)[I]: [6],0,13,2,2,636,-1217,208
(1009.024)[I]: [5],0,19,200,20,7,-38,4964(1009.024)[I]: [6],0,13,2,2,752,-1211,298
(1009.034)[I]: [5],0,19,204,19,7,-32,4965(1009.034)[I]: [6],0,12,2,2,869,-1206,379
(1009.044)[I]: [5],0,15,208,17,8,-23,4966(1009.044)[I]: [6],0,12,2,2,960,-1220,474
(1009.054)[I]: [5],0,16,208,16,8,-16,4967(1009.054)[I]: [6],0,11,2,2,1030,-1248,584
(1009.064)[I]: [5],0,15,216,15,8,-9,4968(1009.064)[I]: [6],0,9,2,2,1076,-1280,691
(1009.074)[I]: [5],0,15,216,14,8,-8,4968(1009.074)[I]: [6],0,9,2,2,1106,-1312,788
(1009.084)[I]: [5],0,15,216,13,8,-9,4968(1009.084)[I]: [6],0,9,3,2,1125,-1331,883
(1009.094)[I]: [5],0,14,220,11,8,-8,4968(1009.094)[I]: [6],0,9,2,2,1135,-1332,980
(1009.104)[I]: [5],0,14,220,12,8,-7,4968(1009.104)[I]: [6],0,9,2,2,1128,-1314,1082
(1009.114)[I]: [5],0,14,220,12,8,-7,4968(1009.114)[I]: [6],0,10,3,2,1105,-1276,1186
(1009.124)[I]: [5],0,15,220,12,8,-7,4968(1009.124)[I]: [6],0,10,2,2,1065,-1222,1284
(1009.134)[I]: [5],0,14,220,12,7,-7,4968(1009.134)[I]: [6],0,10,2,1,1007,-1161,1371
(1009.144)[I]: [5],0,14,220,13,7,-7,4968(1009.144)[I]: [6],0,10,2,1,933,-1098,1451
(1009.154)[I]: [5],0,15,216,13,7,-6,4968(1009.154)[I]: [6],0,10,3,1,849,-1029,1537
(1009.164)[I]: [5],0,13,212,13,6,-13,4966(1009.165)[I]: [6],0,9,2,1,762,-954,1635
(1009.174)[I]: [5],0,14,208,13,6,-22,4963(1009.175)[I]: [6],0,9,2,1,684,-875,1733
(1009.184)[I]: [5],0,15,204,14,5,-34,4963(1009.185)[I]: [6],0,9,2,1,622,-799,1815
(1009.194)[I]: [5],0,15,196,14,3,-48,4960(1009.195)[I]: [6],0,11,2,1,585,-730,1870
(1009.204)[I]: [5],0,17,184,15,1,-62,4958(1009.205)[I]: [6],0,10,2,1,572,-668,1891
(1009.214)[I]: [5],1,17,180,16,0,-77,4955(1009.215)[I]: [6],0,11,3,1,582,-608,1878
(1009.224)[I]: [5],3,17,168,17,-2,-91,4952(1009.225)[I]: [6],0,10,1,1,608,-540,1835
(1009.234)[I]: [5],3,17,156,19,-4,-106,4948(1009.235)[I]: [6],0,11,0,1,637,-465,1771
(1009.244)[I]: [5],5,17,144,20,-6,-120,4943(1009.245)[I]: [6],0,14,1,1,660,-381,1703
(1009.254)[I]: [5],3,20,136,21,-8,-133,4939(1009.255)[I]: [6],0,11,0,1,666,-301,1656
(1009.264)[I]: [5],6,27,124,23,-9,-146,4935(1009.265)[I]: [6],0,11,0,1,652,-245,1656
(1009.274)[I]: [5],9,28,120,24,-11,-158,4933(1009.275)[I]: [6],0,11,1,1,615,-214,1708
(1009.284)[I]: [5],9,31,116,24,-12,-168,4932(1009.285)[I]: [6],0,12,1,1,556,-195,1799
(1009.294)[I]: [5],10,37,112,21,-12,-177,4936(1009.295)[I]: [6],0,11,1,1,485,-168,1905
(1009.304)[I]: [5],10,45,112,18,-13,-182,4942(1009.305)[I]: [6],0,9,2,1,410,-120,2002
(1009.314)[I]: [5],14,45,108,15,-13,-185,4950(1009.315)[I]: [6],0,9,1,1,347,-57,2073
(1009.324)[I]: [5],13,51,112,15,-13,-189,4958(1009.325)[I]: [6],0,7,1,1,301,12,2115
(1009.334)[I]: [5],15,55,112,13,-13,-192,4965(1009.335)[I]: [6],0,7,2,1,279,82,2136
(1009.344)[I]: [5],16,62,112,12,-14,-197,4973(1009.345)[I]: [6],0,7,3,1,278,150,2152
(1009.354)[I]: [5],17,67,116,10,-14,-201,4979(1009.355)[I]: [6],0,7,2,1,298,219,2175
(1009.364)[I]: [5],21,70,116,10,-15,-208,4983(1009.365)[I]: [6],0,7,1,1,331,285,2216
(1009.374)[I]: [5],23,68,116,10,-15,-209,4983(1009.375)[I]: [6],0,7,1,1,368,341,2279
(1009.384)[I]: [5],27,63,116,10,-15,-212,4983(1009.385)[I]: [6],0,6,2,1,402,384,2364
(1009.394)[I]: [5],27,68,124,10,-15,-213,4983(1009.395)[I]: [6],0,7,1,1,430,418,2460
(1009.404)[I]: [5],29,66,124,10,-15,-213,4983(1009.405)[I]: [6],0,7,2,1,451,449,2551
(1009.414)[I]: [5],31,66,124,10,-14,-213,4983(1009.415)[I]: [6],0,7,2,1,464,483,2620
(1009.424)[I]: [5],31,67,132,10,-14,-211,4984(1009.425)[I]: [6],0,7,2,1,466,523,2660
(1009.434)[I]: [5],33,67,140,10,-13,-205,4986(1009.435)[I]: [6],0,7,2,1,463,562,2673
(1009.444)[I]: [5],34,67,140,10,-12,-201,4987(1009.445)[I]: [6],0,7,1,1,459,593,2664
(1009.454)[I]: [5],34,67,140,7,-12,-199,4987(1009.455)[I]: [6],0,8,1,1,458,617,2651
(1009.464)[I]: [5],35,67,140,7,-12,-198,4987(1009.465)[I]: [6],0,8,2,1,463,633,2644
(1009.474)[I]: [5],35,67,144,8,-12,-197,4987(1009.475)[I]: [6],0,7,3,1,476,643,2653
(1009.484)[I]: [5],35,66,144,8,-12,-198,4987(1009.485)[I]: [6],0,7,3,1,500,649,2674
(1009.494)[I]: [5],34,63,148,9,-12,-199,4987(1009.495)[I]: [6],0,7,2,1,539,653,2704
(1009.504)[I]: [5],31,63,152,9,-12,-199,4987(1009.505)[I]: [6],0,7,3,1,589,662,2726
(1009.514)[I]: [5],33,63,160,9,-11,-199,4987(1009.515)[I]: [6],0,8,2,1,642,676,2731
(1009.524)[I]: [5],35,67,164,9,-11,-197,4990(1009.525)[I]: [6],0,7,2,1,690,693,2711
(1009.534)[I]: [5],39,69,176,8,-11,-196,4996(1009.535)[I]: [6],0,7,2,1,724,707,2670
(1009.544)[I]: [5],44,72,184,8,-11,-196,5003(1009.545)[I]: [6],0,7,2,1,737,718,2615
(1009.554)[I]: [5],47,76,188,8,-11,-198,5009(1009.555)[I]: [6],0,7,1,1,732,725,2558
(1009.564)[I]: [5],52,78,196,7,-11,-198,5013(1009.565)[I]: [6],0,8,1,1,708,727,2505
(1009.574)[I]: [5],55,80,196,7,-12,-198,5019(1009.575)[I]: [6],0,7,1,1,672,723,2460
(1009.584)[I]: [5],57,83,204,7,-12,-198,5022(1009.585)[I]: [6],0,7,2,1,629,705,2421
(1009.594)[I]: [5],57,84,208,6,-12,-197,5022(1009.595)[I]: [6],0,8,2,1,585,668,2388
(1009.604)[I]: [5],56,85,216,7,-12,-196,5022(1009.605)[I]: [6],0,9,1,1,537,604,2368
(1009.614)[I]: [5],57,87,220,6,-12,-196,5022(1009.615)[I]: [6],0,13,3,1,483,410,2527
(1009.624)[I]: [5],57,91,228,6,-12,-195,5022(1009.625)[I]: [6],0,15,6,1,404,240,2769
(1009.634)[I]: [5],59,93,232,6,-13,-197,5024(1009.635)[I]: [6],0,19,4,1,343,144,2975
(1009.644)[I]: [5],63,99,232,4,-14,-203,5036(1009.645)[I]: [6],0,26,6,1,308,94,3208
(1009.654)[I]: [5],68,106,232,4,-17,-211,5058(1009.655)[I]: [6],0,22,15,1,299,65,3443
(1009.664)[I]: [5],72,117,232,2,-20,-223,5091(1009.665)[I]: [6],0,20,18,1,355,46,3669
(1009.674)[I]: [5],79,127,228,1,-24,-247,5137(1009.675)[I]: [6],0,24,17,1,311,-120,3660
(1009.684)[I]: [5],86,142,212,0,-29,-302,5202(1009.685)[I]: [6],0,27,18,3,289,-123,3636
(1009.694)[I]: [5],94,154,196,0,-36,-360,5294(1009.695)[I]: [6],0,31,19,5,313,-150,3604
(1009.704)[I]: [5],100,162,196,0,-46,-388,5420(1009.705)[I]: [6],0,30,19,5,307,-160,3592
(1009.714)[I]: [5],102,168,124,0,-50,-415,5572(1009.715)[I]: [6],0,30,24,5,305,-155,3596
(1009.724)[I]: [5],101,157,80,0,-50,-420,5769(1009.725)[I]: [6],0,29,24,5,303,-149,3593
(1009.734)[I]: [5],97,134,68,0,-49,-400,6007(1009.735)[I]: [6],0,25,25,5,301,-144,3587
(1009.744)[I]: [5],100,95,36,0,-43,-372,6275(1009.745)[I]: [6],0,27,29,6,301,-139,3580
(1009.754)[I]: [5],88,66,36,0,-36,-357,6581(1009.755)[I]: [6],0,30,28,7,298,-136,3574
(1009.764)[I]: [5],93,39,36,0,-35,-358,6916(1009.765)[I]: [6],0,30,31,8,295,-135,3574
(1009.774)[I]: [5],87,28,24,0,-39,-388,7268(1009.775)[I]: [6],0,31,34,11,292,-134,3574
(1009.784)[I]: [5],69,15,20,0,-51,-448,7625(1009.785)[I]: [6],0,34,36,15,289,-135,3574
(1009.794)[I]: [5],51,12,12,0,-69,-523,7965(1009.795)[I]: [6],0,37,36,18,286,-137,3574
(1009.804)[I]: [5],37,7,20,0,-91,-608,8287(1009.805)[I]: [6],0,37,39,20,284,-139,3574
(1009.814)[I]: [5],18,6,16,0,-124,-709,8600(1009.815)[I]: [6],0,38,37,22,281,-141,3574
(1009.824)[I]: [5],6,7,12,0,-142,-886,8814(1009.825)[I]: [6],0,40,38,25,278,-142,3575
(1009.834)[I]: [5],2,8,12,0,-157,-1018,8915(1009.835)[I]: [6],0,40,36,25,275,-144,3575
(1009.844)[I]: [5],3,8,12,0,-196,-1125,8965(1009.845)[I]: [6],0,43,35,24,272,-146,3575
(1009.854)[I]: [5],2,6,12,0,-241,-1216,8926(1009.855)[I]: [6],0,46,31,23,270,-148,3575
(1009.864)[I]: [5],3,5,16,0,-304,-1238,8833(1009.865)[I]: [6],0,46,31,22,267,-149,3575
(1009.874)[I]: [5],3,3,8,0,-380,-1243,8719(1009.875)[I]: [6],0,47,31,21,264,-149,3575
(1009.884)[I]: [5],3,4,12,0,-456,-1251,8594(1009.885)[I]: [6],0,52,28,21,262,-150,3575
(1009.894)[I]: [5],4,3,8,0,-529,-1279,8452(1009.895)[I]: [6],0,56,27,20,259,-151,3575
(1009.904)[I]: [5],5,3,8,0,-591,-1321,8296(1009.905)[I]: [6],0,56,26,20,257,-153,3575
(1009.914)[I]: [5],4,4,8,0,-645,-1368,8142(1009.915)[I]: [6],0,56,24,21,254,-154,3576
(1009.924)[I]: [5],4,4,12,0,-692,-1402,8006(1009.925)[I]: [6],0,54,21,22,251,-156,3576
(1009.934)[I]: [5],3,4,12,0,-733,-1416,7892(1009.935)[I]: [6],0,55,23,23,249,-158,3576
(1009.944)[I]: [5],3,4,12,0,-769,-1411,7784(1009.945)[I]: [6],0,56,24,23,246,-160,3576
(1009.954)[I]: [5],3,4,12,0,-794,-1386,7668(1009.955)[I]: [6],0,57,21,23,244,-161,3576
(1009.964)[I]: [5],3,4,12,0,-811,-1347,7534(1009.965)[I]: [6],0,58,24,23,242,-162,3576
(1009.974)[I]: [5],4,4,12,0,-819,-1294,7374(1009.975)[I]: [6],0,58,22,21,239,-164,3576
(1009.984)[I]: [5],4,4,12,0,-823,-1226,7193(1009.985)[I]: [6],0,59,19,21,237,-166,3576
(1009.994)[I]: [5],4,5,12,0,-830,-1148,7008(1009.995)[I]: [6],0,62,21,21,234,-167,3576
(1009.999)[I]: [5],4,5,12,0,-847,-1062,6836(1009.999)[I]: [6],0,62,23,22,232,-169,3577
(1009.999)[I]: [5],5,5,12,0,-877,-972,6695(1009.999)[I]: [6],0,63,21,22,230,-171,3577
(1010.000)[I]: [5],6,5,8,0,-921,-894,6587(1010.000)[I]: [6],0,63,19,21,227,-172,3577
(1010.010)[I]: [5],5,5,8,0,-976,-841,6493(1010.010)[I]: [6],0,63,20,21,225,-174,3577
(1010.020)[I]: [5],5,5,12,0,-1038,-817,6396(1010.021)[I]: [6],0,63,19,19,223,-176,3577
(1010.030)[I]: [5],5,6,8,0,-1105,-807,6294(1010.030)[I]: [6],0,66,20,18,221,-176,3577
(1010.040)[I]: [5],4,6,4,0,-1175,-785,6185(1010.040)[I]: [6],0,70,18,15,219,-178,3574
(1010.050)[I]: [5],3,6,4,0,-1245,-732,6076(1010.050)[I]: [6],0,75,19,12,217,-179,3574
(1010.060)[I]: [5],2,6,4,0,-1310,-640,5978(1010.060)[I]: [6],0,78,21,10,215,-181,3574
(1010.070)[I]: [5],3,6,4,0,-1367,-518,5899(1010.070)[I]: [6],1,81,23,9,213,-183,3574
(1010.080)[I]: [5],0,6,0,0,-1412,-376,5844(1010.080)[I]: [6],1,86,26,7,211,-183,3574
(1010.090)[I]: [5],0,7,4,0,-1439,-227,5808(1010.090)[I]: [6],1,91,24,7,209,-185,3574
(1010.100)[I]: [5],0,7,4,0,-1445,-88,5787(1010.100)[I]: [6],3,91,26,6,207,-186,3574
(1010.110)[I]: [5],0,8,4,0,-1431,22,5761(1010.110)[I]: [6],4,96,27,5,205,-188,3574
(1010.120)[I]: [5],0,8,4,0,-1398,83,5711(1010.120)[I]: [6],5,99,28,5,203,-190,3570
(1010.130)[I]: [5],0,8,0,0,-1348,83,5633(1010.130)[I]: [6],6,102,29,4,203,-190,3563
(1010.140)[I]: [5],0,7,0,0,-1282,54,5544(1010.140)[I]: [6],7,104,29,4,200,-192,3564
(1010.150)[I]: [5],0,7,4,0,-1199,30,5465(1010.150)[I]: [6],6,105,28,4,198,-193,3564
(1010.160)[I]: [5],0,7,4,0,-1104,30,5402(1010.160)[I]: [6],8,105,30,5,197,-194,3564
(1010.170)[I]: [5],0,7,4,0,-997,55,5352(1010.170)[I]: [6],7,106,31,5,195,-197,3564
(1010.180)[I]: [5],0,7,4,0,-883,92,5310(1010.180)[I]: [6],9,105,31,4,193,-198,3564
(1010.190)[I]: [5],0,7,4,0,-764,134,5277(1010.190)[I]: [6],9,105,35,5,191,-198,3564
(1010.200)[I]: [5],0,6,4,0,-645,178,5251(1010.200)[I]: [6],9,105,38,5,189,-199,3564
(1010.210)[I]: [5],0,6,4,0,-531,228,5235(1010.210)[I]: [6],9,105,42,3,187,-199,3564
(1010.220)[I]: [5],0,7,4,0,-426,277,5226(1010.220)[I]: [6],10,106,45,3,187,-200,3557
(1010.230)[I]: [5],0,7,4,0,-335,315,5218(1010.230)[I]: [6],11,110,49,3,186,-202,3549
(1010.240)[I]: [5],0,6,4,0,-261,333,5200(1010.240)[I]: [6],13,113,50,3,186,-205,3542
(1010.250)[I]: [5],0,6,4,0,-204,324,5173(1010.250)[I]: [6],16,118,51,3,186,-209,3535
(1010.260)[I]: [5],0,5,4,0,-162,301,5138(1010.260)[I]: [6],19,124,51,3,186,-213,3529
(1010.270)[I]: [5],0,5,4,0,-133,273,5103(1010.270)[I]: [6],17,125,54,3,184,-215,3529
(1010.280)[I]: [5],0,5,4,0,-113,247,5079(1010.280)[I]: [6],17,126,54,3,182,-217,3529
(1010.290)[I]: [5],0,5,4,0,-100,225,5078(1010.290)[I]: [6],17,127,55,3,180,-218,3529
(1010.300)[I]: [5],0,5,4,0,-93,206,5106(1010.300)[I]: [6],15,126,55,3,179,-218,3529
(1010.310)[I]: [5],0,5,4,0,-89,188,5157(1010.310)[I]: [6],15,123,53,3,177,-219,3529
(1010.320)[I]: [5],0,5,4,0,-85,173,5225(1010.320)[I]: [6],14,120,53,3,175,-220,3529
(1010.330)[I]: [5],0,5,4,0,-81,161,5303(1010.330)[I]: [6],13,120,52,3,173,-220,3529
(1010.340)[I]: [5],0,5,4,0,-74,150,5388(1010.340)[I]: [6],13,121,53,3,172,-220,3529
(1010.350)[I]: [5],0,5,4,0,-62,146,5477(1010.350)[I]: [6],13,124,53,3,170,-220,3529
(1010.360)[I]: [5],0,5,4,0,-43,154,5569(1010.360)[I]: [6],14,125,52,3,168,-221,3529
(1010.370)[I]: [5],0,5,4,0,-19,173,5663(1010.370)[I]: [6],14,127,53,3,166,-223,3529
(1010.380)[I]: [5],0,5,4,0,10,199,5761(1010.380)[I]: [6],14,127,53,3,165,-225,3530
(1010.390)[I]: [5],0,5,4,0,43,225,5865(1010.390)[I]: [6],15,127,56,4,163,-225,3530
(1010.400)[I]: [5],2,7,20,0,64,231,5961(1010.400)[I]: [6],16,133,57,3,162,-226,3530
(1010.410)[I]: [5],6,9,8,0,110,103,5808(1010.410)[I]: [6],17,138,56,3,161,-227,3526
(1010.420)[I]: [5],4,11,20,0,159,62,5572(1010.421)[I]: [6],19,144,53,3,161,-233,3516
(1010.430)[I]: [5],2,17,48,0,184,91,5387(1010.431)[I]: [6],19,153,50,3,162,-243,3501
(1010.440)[I]: [5],0,22,64,0,170,102,5229(1010.441)[I]: [6],21,167,49,2,163,-257,3485
(1010.450)[I]: [5],0,24,88,0,158,-10,5048(1010.450)[I]: [6],21,177,48,2,164,-296,3464
(1010.460)[I]: [5],1,35,88,1,153,-202,5105(1010.461)[I]: [6],22,189,43,2,165,-362,3424
(1010.470)[I]: [5],5,41,104,6,146,-257,5116(1010.471)[I]: [6],23,203,35,1,167,-446,3358
(1010.480)[I]: [5],8,47,100,10,138,-298,5111(1010.481)[I]: [6],22,207,19,1,172,-506,3273
(1010.490)[I]: [5],7,45,100,11,135,-311,5114(1010.491)[I]: [6],25,205,9,1,182,-525,3150
(1010.500)[I]: [5],9,52,96,11,134,-313,5123(1010.501)[I]: [6],24,193,5,1,190,-546,2985
(1010.510)[I]: [5],9,51,112,11,134,-310,5129(1010.511)[I]: [6],25,159,3,1,201,-561,2787
(1010.520)[I]: [5],11,49,112,11,136,-294,5129(1010.521)[I]: [6],29,119,5,1,205,-578,2552
(1010.530)[I]: [5],11,45,104,12,138,-273,5126(1010.531)[I]: [6],26,90,3,0,222,-586,2282
(1010.540)[I]: [5],9,42,96,20,139,-256,5119(1010.541)[I]: [6],25,62,1,0,263,-610,1988
(1010.550)[I]: [5],9,38,100,22,139,-249,5108(1010.551)[I]: [6],28,43,1,1,302,-677,1680
(1010.560)[I]: [5],8,36,100,24,139,-246,5097(1010.561)[I]: [6],26,23,1,1,339,-764,1365
(1010.570)[I]: [5],7,36,100,31,137,-248,5089(1010.571)[I]: [6],14,19,0,1,392,-858,1058
(1010.580)[I]: [5],7,34,108,42,136,-249,5086(1010.581)[I]: [6],5,16,0,1,448,-1006,740
(1010.590)[I]: [5],6,31,112,50,134,-250,5086(1010.591)[I]: [6],0,13,0,2,482,-1243,509
(1010.600)[I]: [5],5,30,116,57,133,-250,5086(1010.601)[I]: [6],0,11,0,2,493,-1372,437
(1010.610)[I]: [5],6,27,112,57,132,-249,5086(1010.611)[I]: [6],0,11,0,2,485,-1460,447
(1010.620)[I]: [5],6,25,100,57,130,-248,5086(1010.621)[I]: [6],0,12,0,2,467,-1484,529
(1010.630)[I]: [5],5,25,100,57,129,-247,5086(1010.631)[I]: [6],0,11,1,2,474,-1410,640
(1010.640)[I]: [5],5,24,96,54,128,-245,5086(1010.641)[I]: [6],0,9,1,2,483,-1310,751
(1010.650)[I]: [5],4,23,92,55,126,-243,5086(1010.651)[I]: [6],0,9,0,2,490,-1207,879
(1010.660)[I]: [5],4,23,88,55,125,-245,5084(1010.661)[I]: [6],0,12,1,2,478,-1117,1026
(1010.670)[I]: [5],4,24,84,54,123,-251,5083(1010.671)[I]: [6],0,12,1,1,447,-1042,1178
(1010.680)[I]: [5],5,26,84,49,122,-257,5085(1010.681)[I]: [6],0,11,1,1,403,-981,1313
(1010.690)[I]: [5],4,30,80,49,120,-264,5087(1010.691)[I]: [6],0,10,1,1,352,-927,1418
(1010.700)[I]: [5],3,31,84,42,118,-267,5088(1010.701)[I]: [6],0,11,0,1,298,-877,1494
(1010.710)[I]: [5],2,38,84,40,116,-272,5090(1010.711)[I]: [6],0,11,0,1,245,-822,1563
(1010.720)[I]: [5],3,41,76,36,114,-278,5092(1010.721)[I]: [6],0,11,0,1,199,-759,1630
(1010.730)[I]: [5],5,49,80,33,113,-284,5094(1010.731)[I]: [6],0,10,0,1,165,-686,1697
(1010.740)[I]: [5],5,61,68,31,111,-290,5095(1010.741)[I]: [6],0,10,0,1,147,-602,1761
(1010.750)[I]: [5],5,66,68,30,109,-293,5094(1010.751)[I]: [6],0,11,0,1,147,-515,1822
(1010.760)[I]: [5],5,67,64,28,108,-294,5094(1010.761)[I]: [6],0,10,0,1,167,-432,1875
(1010.770)[I]: [5],6,73,60,28,107,-293,5094(1010.771)[I]: [6],0,10,0,1,203,-359,1912
(1010.780)[I]: [5],6,74,60,28,106,-294,5094(1010.781)[I]: [6],0,9,1,1,245,-293,1931
(1010.790)[I]: [5],6,81,56,24,105,-296,5094(1010.791)[I]: [6],0,10,0,1,287,-229,1935
(1010.800)[I]: [5],6,87,52,22,104,-296,5094(1010.801)[I]: [6],0,11,0,1,321,-159,1928
(1010.810)[I]: [5],6,94,56,21,103,-296,5094(1010.811)[I]: [6],0,11,0,1,338,-79,1917
(1010.820)[I]: [5],6,101,56,18,102,-297,5097(1010.821)[I]: [6],0,11,0,1,336,8,1908
(1010.830)[I]: [5],7,107,52,17,100,-300,5099(1010.831)[I]: [6],0,11,1,1,310,97,1904
(1010.840)[I]: [5],9,111,56,17,99,-300,5099(1010.841)[I]: [6],0,10,1,1,266,183,1906
(1010.850)[I]: [5],7,111,56,16,98,-301,5099(1010.851)[I]: [6],0,10,1,1,211,259,1916
(1010.860)[I]: [5],9,112,56,16,97,-302,5099(1010.861)[I]: [6],0,11,0,1,150,320,1933
(1010.870)[I]: [5],12,115,60,15,96,-302,5099(1010.871)[I]: [6],0,10,0,1,93,368,1957
(1010.880)[I]: [5],13,119,56,15,95,-301,5099(1010.881)[I]: [6],0,10,0,1,45,411,1989
(1010.890)[I]: [5],14,121,56,15,95,-301,5099(1010.891)[I]: [6],0,11,0,1,10,449,2030
(1010.900)[I]: [5],15,124,60,14,94,-301,5102(1010.901)[I]: [6],0,11,0,1,-8,487,2079
(1010.910)[I]: [5],17,127,60,11,93,-303,5110(1010.911)[I]: [6],0,9,0,1,-13,522,2135
(1010.920)[I]: [5],21,127,60,10,93,-305,5119(1010.921)[I]: [6],0,10,0,1,-2,558,2197
(1010.930)[I]: [5],22,131,68,10,93,-306,5126(1010.931)[I]: [6],0,10,1,1,22,591,2261
(1010.940)[I]: [5],27,133,72,10,92,-305,5129(1010.941)[I]: [6],0,9,0,1,56,613,2324
(1010.950)[I]: [5],25,132,72,10,91,-305,5129(1010.951)[I]: [6],0,10,0,1,91,623,2382
(1010.960)[I]: [5],27,127,76,11,90,-305,5129(1010.961)[I]: [6],0,9,0,1,121,621,2434
(1010.970)[I]: [5],26,119,76,12,89,-308,5129(1010.971)[I]: [6],0,9,0,1,138,611,2477
(1010.980)[I]: [5],25,112,76,13,89,-302,5126(1010.981)[I]: [6],0,10,1,1,141,601,2510
(1010.990)[I]: [5],25,108,76,13,88,-299,5126(1010.991)[I]: [6],0,10,1,1,130,594,2534
(1010.999)[I]: [5],25,102,80,14,87,-298,5126(1010.999)[I]: [6],0,11,1,1,106,595,2550
(1010.999)[I]: [5],25,102,84,13,86,-298,5126(1010.999)[I]: [6],0,10,0,1,75,604,2559
(1010.999)[I]: [5],27,105,88,12,85,-299,5130(1010.999)[I]: [6],0,10,0,1,43,616,2569
(1011.006)[I]: [5],31,106,96,10,84,-300,5140(1011.007)[I]: [6],0,10,0,1,14,624,2578
(1011.016)[I]: [5],35,108,100,9,84,-301,5146(1011.017)[I]: [6],0,9,0,1,-7,630,2588
(1011.026)[I]: [5],39,109,112,8,83,-298,5152(1011.027)[I]: [6],0,9,0,1,-23,631,2597
(1011.036)[I]: [5],41,108,124,9,83,-291,5157(1011.037)[I]: [6],0,9,1,1,-27,629,2609
(1011.046)[I]: [5],45,106,124,9,83,-285,5162(1011.047)[I]: [6],0,9,0,1,-23,623,2618
(1011.056)[I]: [5],49,106,136,10,82,-281,5164(1011.057)[I]: [6],0,9,1,1,-14,619,2620
(1011.066)[I]: [5],47,103,148,8,81,-280,5164(1011.067)[I]: [6],0,9,2,1,-1,619,2611
(1011.076)[I]: [5],46,103,152,9,81,-281,5164(1011.077)[I]: [6],0,9,1,1,12,625,2589
(1011.086)[I]: [5],44,102,152,8,80,-280,5164(1011.087)[I]: [6],0,10,2,1,24,632,2555
(1011.096)[I]: [5],44,103,152,9,79,-278,5164(1011.097)[I]: [6],0,10,1,1,31,641,2514
(1011.106)[I]: [5],44,105,156,8,78,-277,5164(1011.107)[I]: [6],0,10,1,1,33,652,2470
(1011.116)[I]: [5],47,109,160,8,77,-279,5164(1011.117)[I]: [6],0,9,1,1,29,666,2427
(1011.126)[I]: [5],51,115,168,8,77,-278,5168(1011.127)[I]: [6],0,9,1,1,23,679,2386
(1011.136)[I]: [5],55,121,176,7,76,-277,5179(1011.137)[I]: [6],0,9,1,1,16,682,2342
(1011.146)[I]: [5],60,130,184,6,74,-279,5193(1011.147)[I]: [6],0,6,0,1,7,670,2285
(1011.156)[I]: [5],66,140,184,6,71,-283,5210(1011.157)[I]: [6],0,10,2,1,-26,582,2325
(1011.166)[I]: [5],71,151,200,4,69,-288,5237(1011.167)[I]: [6],0,11,7,0,-128,333,2533
(1011.176)[I]: [5],85,164,204,1,65,-297,5284(1011.177)[I]: [6],0,19,10,1,-230,154,2723
(1011.186)[I]: [5],94,179,192,0,60,-324,5351(1011.187)[I]: [6],0,21,10,1,-282,89,2947
(1011.196)[I]: [5],101,192,188,0,51,-356,5452(1011.197)[I]: [6],0,28,15,1,-287,73,3142
(1011.206)[I]: [5],110,198,140,0,39,-373,5603(1011.207)[I]: [6],0,31,25,1,-270,37,3329
(1011.216)[I]: [5],120,203,92,0,34,-392,5783(1011.217)[I]: [6],0,44,34,1,-271,-68,3468
(1011.226)[I]: [5],126,188,52,0,30,-397,6013(1011.227)[I]: [6],0,45,46,1,-281,-330,3495
(1011.236)[I]: [5],124,152,32,0,31,-393,6289(1011.237)[I]: [6],2,63,55,3,-256,-291,3502
(1011.246)[I]: [5],123,110,20,0,23,-386,6599(1011.247)[I]: [6],2,63,59,7,-246,-312,3513
(1011.256)[I]: [5],124,71,12,0,14,-409,6952(1011.257)[I]: [6],3,59,57,8,-234,-311,3519
(1011.266)[I]: [5],113,42,12,0,1,-455,7330(1011.267)[I]: [6],4,66,60,10,-231,-309,3514
(1011.276)[I]: [5],98,30,8,0,-14,-516,7724(1011.277)[I]: [6],4,63,60,10,-231,-304,3511
(1011.286)[I]: [5],82,23,12,0,-34,-564,8107(1011.287)[I]: [6],3,63,73,9,-231,-296,3509
(1011.296)[I]: [5],49,13,4,0,-68,-588,8469(1011.296)[I]: [6],4,60,76,10,-231,-288,3509
(1011.306)[I]: [5],31,8,12,0,-115,-617,8844(1011.307)[I]: [6],3,60,69,12,-229,-285,3509
(1011.316)[I]: [5],15,7,0,1,-164,-711,9186(1011.317)[I]: [6],2,59,63,13,-227,-284,3509
(1011.326)[I]: [5],3,6,0,1,-187,-880,9355(1011.326)[I]: [6],2,59,63,14,-224,-288,3513
(1011.336)[I]: [5],2,4,4,2,-205,-1014,9419(1011.337)[I]: [6],2,59,61,15,-222,-289,3513
(1011.346)[I]: [5],2,5,12,0,-212,-1147,9381(1011.347)[I]: [6],2,61,60,15,-219,-291,3513
(1011.356)[I]: [5],3,5,12,1,-224,-1188,9240(1011.357)[I]: [6],2,60,61,12,-217,-293,3513
(1011.366)[I]: [5],3,6,12,1,-260,-1167,9059(1011.367)[I]: [6],2,59,61,10,-215,-294,3513
(1011.376)[I]: [5],3,6,12,0,-313,-1114,8879(1011.377)[I]: [6],1,55,60,11,-213,-295,3513
(1011.386)[I]: [5],4,7,12,1,-374,-1069,8702(1011.387)[I]: [6],1,54,61,9,-211,-296,3513
(1011.396)[I]: [5],3,6,4,1,-431,-1058,8522(1011.397)[I]: [6],1,52,60,10,-209,-296,3513
(1011.406)[I]: [5],4,6,8,0,-479,-1078,8341(1011.407)[I]: [6],1,51,60,11,-207,-296,3513
(1011.416)[I]: [5],5,5,8,0,-516,-1115,8168(1011.417)[I]: [6],2,51,59,11,-205,-297,3513
(1011.426)[I]: [5],5,5,8,0,-548,-1149,8004(1011.427)[I]: [6],2,52,59,10,-203,-297,3513
(1011.436)[I]: [5],3,4,4,0,-580,-1164,7842(1011.437)[I]: [6],2,52,61,9,-200,-299,3513
(1011.446)[I]: [5],3,4,4,0,-614,-1154,7676(1011.447)[I]: [6],2,53,59,7,-198,-300,3513
(1011.456)[I]: [5],3,4,4,0,-650,-1121,7504(1011.457)[I]: [6],3,57,60,6,-196,-301,3513
(1011.466)[I]: [5],3,4,4,0,-691,-1068,7325(1011.467)[I]: [6],3,56,61,6,-195,-302,3513
(1011.476)[I]: [5],3,4,4,0,-737,-1013,7141(1011.477)[I]: [6],3,57,63,5,-193,-303,3513
(1011.486)[I]: [5],4,4,4,0,-788,-960,6961(1011.487)[I]: [6],4,58,63,5,-191,-304,3513
(1011.496)[I]: [5],3,4,4,0,-843,-909,6792(1011.496)[I]: [6],3,59,66,5,-189,-305,3513
(1011.506)[I]: [5],5,5,4,0,-898,-866,6640(1011.506)[I]: [6],3,60,67,5,-187,-305,3513
(1011.516)[I]: [5],3,5,4,0,-951,-833,6506(1011.516)[I]: [6],5,62,69,5,-185,-306,3513
(1011.526)[I]: [5],2,5,0,0,-1003,-814,6388(1011.526)[I]: [6],5,63,70,5,-183,-307,3513
(1011.536)[I]: [5],2,6,0,0,-1056,-804,6284(1011.536)[I]: [6],5,63,71,5,-181,-308,3513
(1011.546)[I]: [5],2,7,0,0,-1117,-794,6190(1011.546)[I]: [6],5,62,76,5,-180,-308,3513
(1011.556)[I]: [5],3,7,0,0,-1187,-771,6090(1011.557)[I]: [6],6,63,77,5,-178,-308,3510
(1011.566)[I]: [5],0,7,0,0,-1262,-717,5985(1011.566)[I]: [6],6,63,78,3,-178,-308,3504
(1011.576)[I]: [5],0,7,0,0,-1339,-626,5876(1011.576)[I]: [6],5,63,80,3,-177,-310,3497
(1011.586)[I]: [5],0,7,0,0,-1411,-497,5770(1011.586)[I]: [6],5,66,81,3,-176,-312,3489
(1011.596)[I]: [5],0,7,0,0,-1469,-345,5672(1011.596)[I]: [6],7,67,81,3,-174,-314,3483
(1011.606)[I]: [5],0,5,0,0,-1507,-185,5590(1011.606)[I]: [6],6,69,85,3,-173,-315,3483
(1011.616)[I]: [5],0,5,0,0,-1516,-39,5524(1011.616)[I]: [6],7,71,83,3,-171,-316,3483
(1011.626)[I]: [5],0,6,0,0,-1491,72,5469(1011.626)[I]: [6],7,71,83,3,-169,-317,3483
(1011.636)[I]: [5],0,5,0,0,-1435,129,5416(1011.636)[I]: [6],6,68,83,3,-168,-317,3483
(1011.646)[I]: [5],0,6,0,0,-1348,141,5363(1011.646)[I]: [6],6,68,83,3,-166,-318,3483
(1011.656)[I]: [5],0,6,0,0,-1234,126,5317(1011.656)[I]: [6],6,68,84,3,-164,-318,3483
(1011.666)[I]: [5],0,5,0,0,-1102,123,5286(1011.666)[I]: [6],7,71,84,3,-163,-318,3483
(1011.676)[I]: [5],0,6,0,0,-956,142,5271(1011.676)[I]: [6],7,72,85,3,-162,-320,3480
(1011.686)[I]: [5],0,6,0,0,-798,184,5269(1011.686)[I]: [6],7,72,84,3,-160,-321,3480
(1011.696)[I]: [5],0,6,0,0,-636,245,5276(1011.696)[I]: [6],7,71,82,3,-159,-321,3483
(1011.706)[I]: [5],0,5,0,0,-474,314,5289(1011.706)[I]: [6],7,71,82,4,-159,-317,3493
(1011.716)[I]: [5],0,5,0,0,-324,390,5310(1011.716)[I]: [6],5,72,82,4,-160,-315,3500
(1011.726)[I]: [5],0,5,0,0,-190,463,5335(1011.726)[I]: [6],5,70,80,4,-160,-313,3506
(1011.736)[I]: [5],0,5,0,0,-79,522,5366(1011.736)[I]: [6],5,67,79,4,-159,-313,3509
(1011.746)[I]: [5],0,4,0,0,12,563,5400(1011.746)[I]: [6],5,70,75,5,-158,-313,3509
(1011.756)[I]: [5],0,4,0,0,81,589,5434(1011.756)[I]: [6],4,70,73,5,-156,-313,3509
(1011.766)[I]: [5],0,4,0,0,130,602,5471(1011.766)[I]: [6],4,75,74,5,-153,-316,3511
(1011.776)[I]: [5],0,4,0,0,160,606,5510(1011.776)[I]: [6],4,75,75,5,-151,-314,3511
(1011.786)[I]: [5],0,4,0,0,174,607,5550(1011.786)[I]: [6],5,79,76,6,-150,-313,3511
(1011.796)[I]: [5],0,3,0,0,176,611,5593(1011.796)[I]: [6],6,81,77,6,-148,-314,3511
(1011.806)[I]: [5],0,4,0,0,167,618,5634(1011.806)[I]: [6],7,83,77,6,-147,-316,3511
(1011.816)[I]: [5],0,4,0,0,153,626,5674(1011.816)[I]: [6],7,87,77,7,-145,-321,3511
(1011.826)[I]: [5],0,4,0,0,134,634,5714(1011.826)[I]: [6],9,90,79,7,-144,-321,3511
(1011.836)[I]: [5],0,4,0,0,111,635,5754(1011.836)[I]: [6],8,93,81,5,-144,-322,3504
(1011.846)[I]: [5],0,3,0,0,85,628,5799(1011.846)[I]: [6],9,95,84,5,-143,-324,3498
(1011.856)[I]: [5],0,3,0,0,55,615,5855(1011.856)[I]: [6],11,101,88,6,-140,-327,3492
(1011.866)[I]: [5],0,5,16,0,18,584,5905(1011.866)[I]: [6],12,103,85,6,-139,-331,3488
(1011.876)[I]: [5],2,7,24,0,26,379,5767(1011.876)[I]: [6],14,107,84,5,-137,-335,3486
(1011.886)[I]: [5],3,7,32,0,82,237,5487(1011.886)[I]: [6],15,112,82,5,-135,-337,3484
(1011.896)[I]: [5],0,10,44,0,104,215,5290(1011.897)[I]: [6],15,117,85,4,-133,-342,3477
(1011.906)[I]: [5],0,15,68,0,80,198,5108(1011.907)[I]: [6],16,118,81,3,-131,-348,3468
(1011.916)[I]: [5],0,18,60,0,70,-52,5122(1011.916)[I]: [6],17,121,75,3,-129,-356,3454
(1011.926)[I]: [5],1,25,76,6,58,-105,5105(1011.927)[I]: [6],17,127,78,2,-128,-369,3435
(1011.936)[I]: [5],5,34,72,10,52,-200,5126(1011.937)[I]: [6],15,138,66,1,-124,-417,3397
(1011.946)[I]: [5],6,29,68,15,51,-222,5119(1011.947)[I]: [6],15,145,59,1,-123,-510,3302
(1011.956)[I]: [5],6,28,60,15,52,-223,5116(1011.957)[I]: [6],15,149,38,1,-106,-521,3169
(1011.966)[I]: [5],6,27,60,15,53,-210,5120(1011.967)[I]: [6],19,138,21,1,-94,-534,2994
(1011.976)[I]: [5],6,26,68,15,54,-197,5124(1011.977)[I]: [6],20,122,7,0,-76,-538,2790
(1011.986)[I]: [5],5,23,72,16,55,-187,5126(1011.987)[I]: [6],21,92,5,0,-61,-540,2560
(1011.996)[I]: [5],5,22,68,19,56,-180,5125(1011.997)[I]: [6],22,79,3,0,-44,-538,2293
(1011.999)[I]: [5],5,29,60,20,56,-180,5125(1011.999)[I]: [6],22,59,4,0,-11,-545,2009
(1011.999)[I]: [5],4,29,60,31,55,-176,5125(1011.999)[I]: [6],29,43,3,0,38,-564,1713
(1012.002)[I]: [5],4,31,60,44,54,-178,5119(1012.003)[I]: [6],43,28,2,0,80,-632,1410
(1012.012)[I]: [5],6,35,60,57,53,-180,5116(1012.013)[I]: [6],58,21,0,1,111,-730,1096
(1012.022)[I]: [5],5,37,60,67,53,-181,5116(1012.023)[I]: [6],48,19,1,1,155,-818,770
(1012.032)[I]: [5],4,37,60,75,52,-180,5116(1012.033)[I]: [6],28,13,1,1,206,-921,462
(1012.042)[I]: [5],4,37,56,80,52,-180,5116(1012.043)[I]: [6],11,11,1,2,257,-1066,173
(1012.052)[I]: [5],3,38,56,86,51,-179,5116(1012.053)[I]: [6],1,13,0,2,297,-1263,3
(1012.062)[I]: [5],5,38,48,83,51,-180,5116(1012.063)[I]: [6],0,10,0,2,319,-1353,-43
(1012.072)[I]: [5],5,39,44,80,50,-181,5116(1012.073)[I]: [6],0,13,2,2,346,-1419,-24
(1012.082)[I]: [5],5,40,48,82,50,-181,5116(1012.083)[I]: [6],0,11,2,2,377,-1441,42
(1012.092)[I]: [5],6,41,44,80,49,-181,5116(1012.093)[I]: [6],0,11,2,2,418,-1400,157
(1012.102)[I]: [5],5,44,44,73,49,-180,5116(1012.103)[I]: [6],0,12,2,2,461,-1334,285
(1012.112)[I]: [5],5,45,40,67,48,-179,5116(1012.113)[I]: [6],0,11,3,1,498,-1253,426
(1012.122)[I]: [5],5,49,40,64,48,-179,5116(1012.123)[I]: [6],0,12,2,1,529,-1184,573
(1012.132)[I]: [5],6,51,40,56,47,-179,5116(1012.133)[I]: [6],0,11,2,1,534,-1135,716
(1012.142)[I]: [5],9,53,36,56,47,-179,5116(1012.143)[I]: [6],0,11,2,1,515,-1103,849
(1012.152)[I]: [5],9,55,36,55,46,-179,5116(1012.153)[I]: [6],0,10,3,1,480,-1075,976
(1012.162)[I]: [5],7,56,36,53,46,-180,5116(1012.163)[I]: [6],0,11,2,1,428,-1046,1099
(1012.172)[I]: [5],9,61,40,50,45,-181,5116(1012.173)[I]: [6],0,10,2,1,365,-1004,1217
(1012.182)[I]: [5],9,63,28,47,45,-181,5116(1012.183)[I]: [6],0,10,0,1,299,-946,1323
(1012.192)[I]: [5],11,63,32,46,44,-182,5116(1012.193)[I]: [6],0,10,1,1,240,-870,1403
(1012.202)[I]: [5],9,67,32,43,44,-182,5116(1012.203)[I]: [6],0,10,0,1,191,-782,1445
(1012.212)[I]: [5],12,68,36,35,44,-182,5116(1012.213)[I]: [6],0,9,1,1,158,-691,1451
(1012.222)[I]: [5],11,70,36,34,43,-182,5116(1012.223)[I]: [6],0,11,1,1,142,-602,1430
(1012.232)[I]: [5],13,70,32,26,43,-182,5116(1012.233)[I]: [6],0,11,1,1,147,-526,1401
(1012.242)[I]: [5],15,75,32,21,42,-182,5116(1012.243)[I]: [6],0,10,1,1,177,-452,1387
(1012.252)[I]: [5],14,79,32,20,42,-183,5116(1012.253)[I]: [6],0,9,0,1,219,-383,1399
(1012.262)[I]: [5],14,81,36,17,41,-186,5118(1012.263)[I]: [6],0,10,0,1,265,-311,1435
(1012.272)[I]: [5],15,83,36,13,41,-188,5118(1012.273)[I]: [6],0,10,1,1,311,-227,1483
(1012.282)[I]: [5],17,85,32,13,41,-190,5118(1012.283)[I]: [6],0,10,1,1,349,-138,1532
(1012.292)[I]: [5],18,88,32,13,40,-192,5120(1012.293)[I]: [6],0,10,0,1,381,-44,1576
(1012.302)[I]: [5],18,90,36,14,40,-193,5120(1012.303)[I]: [6],0,11,0,1,402,51,1615
(1012.312)[I]: [5],19,90,36,13,39,-195,5120(1012.313)[I]: [6],0,10,0,1,409,146,1647
(1012.322)[I]: [5],19,91,28,12,39,-196,5120(1012.323)[I]: [6],0,9,0,1,397,243,1671
(1012.332)[I]: [5],18,95,28,13,39,-196,5120(1012.333)[I]: [6],0,10,0,1,364,333,1693
(1012.342)[I]: [5],17,96,32,13,38,-196,5120(1012.343)[I]: [6],0,11,0,1,315,408,1717
(1012.352)[I]: [5],17,97,32,13,38,-197,5120(1012.353)[I]: [6],0,11,1,1,257,458,1746
(1012.362)[I]: [5],15,96,36,13,37,-199,5120(1012.363)[I]: [6],0,12,0,1,196,478,1788
(1012.372)[I]: [5],17,97,32,13,37,-198,5120(1012.373)[I]: [6],0,12,0,1,139,477,1845
(1012.382)[I]: [5],19,99,36,13,37,-197,5120(1012.383)[I]: [6],0,11,0,1,88,468,1917
(1012.392)[I]: [5],18,102,36,13,36,-195,5120(1012.393)[I]: [6],0,11,0,1,47,458,2000
(1012.402)[I]: [5],18,101,36,13,36,-196,5120(1012.403)[I]: [6],0,12,0,1,20,454,2088
(1012.412)[I]: [5],19,101,36,13,36,-196,5120(1012.413)[I]: [6],0,11,0,1,4,456,2175
(1012.422)[I]: [5],22,99,40,14,35,-197,5120(1012.423)[I]: [6],0,12,0,1,-3,462,2254
(1012.432)[I]: [5],23,99,44,15,35,-199,5120(1012.433)[I]: [6],0,12,0,1,-7,473,2321
(1012.442)[I]: [5],25,97,44,13,34,-201,5120(1012.443)[I]: [6],0,12,1,1,-14,488,2373
(1012.452)[I]: [5],26,97,56,13,34,-201,5120(1012.453)[I]: [6],0,12,1,1,-27,507,2410
(1012.462)[I]: [5],30,95,56,13,34,-199,5123(1012.463)[I]: [6],0,12,1,1,-46,525,2431
(1012.472)[I]: [5],31,94,56,13,34,-197,5123(1012.473)[I]: [6],0,11,1,1,-69,540,2441
(1012.482)[I]: [5],31,93,56,17,33,-197,5123(1012.483)[I]: [6],0,11,1,1,-89,549,2443
(1012.492)[I]: [5],36,94,60,15,33,-198,5123(1012.493)[I]: [6],0,11,1,1,-104,550,2444
(1012.502)[I]: [5],36,97,60,16,33,-198,5123(1012.503)[I]: [6],0,10,1,1,-108,545,2451
(1012.512)[I]: [5],41,101,68,16,32,-198,5126(1012.513)[I]: [6],0,10,1,1,-103,537,2466
(1012.522)[I]: [5],47,106,84,16,31,-201,5133(1012.523)[I]: [6],0,10,1,1,-87,530,2486
(1012.532)[I]: [5],51,115,84,15,30,-201,5139(1012.533)[I]: [6],0,10,1,1,-61,525,2509
(1012.542)[I]: [5],57,120,92,12,31,-200,5145(1012.543)[I]: [6],0,11,1,1,-26,523,2528
(1012.552)[I]: [5],62,121,108,11,30,-196,5151(1012.553)[I]: [6],0,11,2,1,14,523,2532
(1012.562)[I]: [5],62,125,116,9,30,-192,5158(1012.563)[I]: [6],0,10,2,1,57,529,2515
(1012.572)[I]: [5],70,127,120,8,29,-188,5165(1012.573)[I]: [6],0,9,2,1,96,541,2478
(1012.582)[I]: [5],76,134,124,8,29,-188,5173(1012.583)[I]: [6],0,7,2,1,132,560,2428
(1012.592)[I]: [5],80,140,140,8,28,-189,5180(1012.593)[I]: [6],0,15,4,1,110,516,2480
(1012.602)[I]: [5],88,152,140,7,26,-194,5188(1012.603)[I]: [6],0,15,1,1,113,460,2733
(1012.612)[I]: [5],94,161,152,6,25,-200,5199(1012.613)[I]: [6],0,17,3,1,98,389,2904
(1012.622)[I]: [5],99,172,148,6,24,-207,5213(1012.623)[I]: [6],0,22,8,1,95,344,3165
(1012.632)[I]: [5],103,183,156,5,21,-216,5234(1012.633)[I]: [6],0,23,13,1,91,304,3422
(1012.642)[I]: [5],108,194,148,2,19,-226,5263(1012.643)[I]: [6],0,28,27,1,107,300,3716
(1012.652)[I]: [5],110,204,148,2,16,-249,5306(1012.653)[I]: [6],0,37,31,1,106,-35,3697
(1012.662)[I]: [5],111,211,140,0,13,-296,5368(1012.663)[I]: [6],0,46,28,4,99,-66,3684
(1012.672)[I]: [5],107,221,124,0,7,-335,5460(1012.673)[I]: [6],1,46,31,5,109,-95,3667
(1012.682)[I]: [5],107,217,112,0,-1,-351,5596(1012.683)[I]: [6],1,47,28,5,112,-103,3676
(1012.692)[I]: [5],109,210,48,0,-2,-372,5774(1012.693)[I]: [6],0,46,31,4,112,-95,3682
(1012.702)[I]: [5],111,180,28,0,-2,-375,6002(1012.703)[I]: [6],0,45,39,5,109,-83,3679
(1012.712)[I]: [5],107,127,16,0,0,-384,6258(1012.713)[I]: [6],0,41,45,5,107,-73,3675
(1012.722)[I]: [5],104,99,8,0,6,-407,6551(1012.723)[I]: [6],0,41,41,5,104,-59,3670
(1012.732)[I]: [5],99,62,8,0,7,-434,6877(1012.732)[I]: [6],0,35,45,5,103,-43,3667
(1012.742)[I]: [5],88,39,8,0,2,-473,7216(1012.742)[I]: [6],0,31,48,6,102,-36,3667
(1012.752)[I]: [5],71,25,0,0,-9,-519,7564(1012.752)[I]: [6],0,29,48,7,101,-35,3670
(1012.762)[I]: [5],63,20,4,0,-25,-563,7908(1012.763)[I]: [6],0,25,46,13,102,-41,3678
(1012.772)[I]: [5],46,14,4,0,-56,-592,8253(1012.773)[I]: [6],0,23,40,19,102,-48,3686
(1012.782)[I]: [5],29,11,0,0,-97,-638,8590(1012.782)[I]: [6],0,21,38,28,103,-53,3694
(1012.792)[I]: [5],12,8,4,2,-131,-749,8901(1012.793)[I]: [6],0,20,37,34,103,-56,3701
(1012.802)[I]: [5],3,4,0,2,-140,-912,9097(1012.802)[I]: [6],0,17,36,38,102,-58,3705
(1012.812)[I]: [5],4,5,0,2,-148,-1019,9189(1012.813)[I]: [6],0,14,35,40,102,-58,3707
(1012.822)[I]: [5],4,5,0,2,-144,-1135,9187(1012.823)[I]: [6],0,13,34,43,101,-59,3707
(1012.832)[I]: [5],5,5,0,2,-141,-1185,9103(1012.833)[I]: [6],0,12,31,45,100,-61,3707
(1012.842)[I]: [5],4,5,4,1,-159,-1163,8980(1012.843)[I]: [6],0,13,31,46,99,-62,3707
(1012.852)[I]: [5],6,5,0,1,-193,-1113,8850(1012.853)[I]: [6],0,12,31,47,98,-63,3707
(1012.862)[I]: [5],6,5,0,1,-238,-1058,8715(1012.863)[I]: [6],0,13,35,45,97,-64,3707
(1012.872)[I]: [5],4,5,0,0,-289,-1026,8573(1012.873)[I]: [6],0,13,31,42,96,-64,3707
(1012.882)[I]: [5],5,6,0,0,-338,-1015,8430(1012.882)[I]: [6],0,13,35,39,95,-65,3707
(1012.892)[I]: [5],5,5,0,0,-386,-1023,8296(1012.892)[I]: [6],0,13,36,38,94,-66,3707
(1012.902)[I]: [5],5,5,4,0,-433,-1038,8185(1012.903)[I]: [6],0,14,36,37,93,-67,3707
(1012.912)[I]: [5],3,5,4,0,-482,-1052,8092(1012.913)[I]: [6],0,14,37,34,92,-68,3708
(1012.922)[I]: [5],3,4,0,0,-533,-1051,8003(1012.922)[I]: [6],0,14,37,31,91,-70,3708
(1012.932)[I]: [5],4,3,0,0,-585,-1039,7904(1012.932)[I]: [6],0,15,38,31,91,-71,3708
(1012.942)[I]: [5],4,3,0,0,-630,-1015,7777(1012.942)[I]: [6],0,16,39,30,90,-72,3708
(1012.952)[I]: [5],5,4,0,0,-667,-981,7622(1012.952)[I]: [6],0,17,39,30,89,-73,3708
(1012.962)[I]: [5],4,4,0,0,-700,-939,7454(1012.962)[I]: [6],0,17,40,29,88,-74,3708
(1012.972)[I]: [5],3,4,0,0,-731,-886,7286(1012.972)[I]: [6],0,17,39,29,87,-75,3708
(1012.982)[I]: [5],3,4,0,0,-764,-826,7133(1012.982)[I]: [6],0,18,39,31,86,-76,3708
(1012.992)[I]: [5],5,5,0,0,-799,-766,7000(1012.992)[I]: [6],0,19,39,31,85,-76,3708
(1012.999)[I]: [5],5,6,0,0,-834,-710,6891(1012.999)[I]: [6],0,19,39,31,84,-78,3708
(1012.999)[I]: [5],4,5,0,0,-865,-663,6807(1012.999)[I]: [6],0,21,38,31,84,-79,3708
(1012.999)[I]: [5],4,5,0,0,-887,-630,6741(1012.999)[I]: [6],0,22,37,34,83,-81,3708
(1013.008)[I]: [5],3,7,0,0,-895,-608,6685(1013.008)[I]: [6],0,24,36,34,82,-82,3708
(1013.018)[I]: [5],0,7,0,0,-887,-592,6628(1013.018)[I]: [6],0,25,37,31,81,-83,3708
(1013.028)[I]: [5],0,8,0,0,-865,-579,6564(1013.028)[I]: [6],0,24,36,31,80,-85,3708
(1013.038)[I]: [5],0,8,0,0,-836,-556,6488(1013.038)[I]: [6],0,26,38,30,79,-86,3708
(1013.048)[I]: [5],0,8,0,0,-801,-509,6405(1013.048)[I]: [6],0,29,36,28,79,-87,3708
(1013.058)[I]: [5],0,7,0,0,-761,-437,6325(1013.058)[I]: [6],0,31,36,26,78,-89,3708
(1013.068)[I]: [5],0,7,0,0,-718,-342,6258(1013.068)[I]: [6],0,36,37,25,77,-90,3708
(1013.078)[I]: [5],0,6,0,0,-668,-234,6210(1013.078)[I]: [6],0,39,39,23,76,-92,3708
(1013.088)[I]: [5],0,6,0,0,-612,-124,6182(1013.088)[I]: [6],0,39,38,20,76,-94,3708
(1013.098)[I]: [5],0,6,0,0,-549,-24,6171(1013.098)[I]: [6],0,39,39,18,75,-95,3708
(1013.108)[I]: [5],0,6,0,0,-476,58,6169(1013.108)[I]: [6],1,39,39,15,74,-96,3708
(1013.118)[I]: [5],0,7,0,0,-393,121,6176(1013.118)[I]: [6],2,40,41,13,73,-96,3708
(1013.128)[I]: [5],0,6,0,0,-299,167,6181(1013.128)[I]: [6],2,46,45,13,73,-97,3705
(1013.138)[I]: [5],0,6,0,0,-192,197,6183(1013.138)[I]: [6],1,50,46,12,73,-99,3698
(1013.148)[I]: [5],0,6,0,0,-76,218,6180(1013.148)[I]: [6],2,54,51,8,73,-100,3691
(1013.158)[I]: [5],0,6,0,0,43,238,6173(1013.158)[I]: [6],1,59,55,7,73,-100,3685
(1013.168)[I]: [5],0,5,0,0,165,265,6158(1013.168)[I]: [6],0,60,57,6,72,-102,3685
(1013.178)[I]: [5],0,5,0,0,278,319,6142(1013.178)[I]: [6],1,63,62,5,72,-100,3680
(1013.188)[I]: [5],0,5,0,0,373,384,6129(1013.188)[I]: [6],2,66,63,4,71,-100,3671
(1013.198)[I]: [5],0,5,0,0,448,438,6120(1013.198)[I]: [6],2,67,69,3,70,-100,3661
(1013.208)[I]: [5],0,5,0,0,504,476,6117(1013.208)[I]: [6],3,68,72,3,70,-100,3650
(1013.218)[I]: [5],0,5,0,0,541,494,6119(1013.218)[I]: [6],4,70,74,3,70,-101,3641
(1013.228)[I]: [5],0,5,0,0,560,503,6124(1013.228)[I]: [6],6,75,75,3,70,-102,3633
(1013.238)[I]: [5],0,5,0,0,561,511,6129(1013.238)[I]: [6],7,77,76,3,69,-103,3630
(1013.248)[I]: [5],0,5,0,0,547,522,6136(1013.248)[I]: [6],8,83,79,3,68,-105,3630
(1013.258)[I]: [5],0,5,0,0,518,542,6139(1013.258)[I]: [6],7,84,83,3,67,-107,3630
(1013.268)[I]: [5],0,5,0,0,474,568,6142(1013.268)[I]: [6],8,88,83,3,67,-109,3630
(1013.278)[I]: [5],0,5,0,0,416,601,6151(1013.278)[I]: [6],8,89,86,4,66,-112,3630
(1013.288)[I]: [5],0,5,0,0,345,636,6169(1013.288)[I]: [6],9,89,88,4,65,-109,3630
(1013.298)[I]: [5],0,5,0,0,262,674,6193(1013.298)[I]: [6],9,92,91,3,65,-108,3630
(1013.308)[I]: [5],0,5,0,0,172,712,6223(1013.308)[I]: [6],13,92,92,3,67,-111,3625
(1013.318)[I]: [5],0,5,0,0,82,748,6257(1013.318)[I]: [6],15,96,96,3,68,-117,3616
(1013.328)[I]: [5],0,5,0,0,-2,780,6292(1013.328)[I]: [6],15,96,95,3,70,-124,3608
(1013.338)[I]: [5],0,5,0,0,-76,806,6330(1013.338)[I]: [6],16,97,95,3,70,-129,3606
(1013.348)[I]: [5],0,5,0,0,-134,825,6374(1013.348)[I]: [6],16,99,97,3,69,-131,3606
(1013.358)[I]: [5],2,7,20,0,-173,776,6343(1013.359)[I]: [6],18,100,97,3,69,-132,3606
(1013.368)[I]: [5],2,7,20,0,-153,580,6172(1013.369)[I]: [6],19,105,98,3,69,-134,3604
(1013.378)[I]: [5],1,8,16,0,-103,407,5994(1013.379)[I]: [6],19,107,102,2,70,-139,3594
(1013.388)[I]: [5],3,6,28,0,-81,323,5813(1013.388)[I]: [6],19,110,89,2,71,-149,3576
(1013.398)[I]: [5],3,15,32,0,-105,301,5636(1013.399)[I]: [6],19,117,78,2,71,-162,3540
(1013.408)[I]: [5],5,22,40,0,-134,261,5521(1013.409)[I]: [6],20,125,69,1,70,-220,3479
(1013.418)[I]: [5],4,31,56,0,-139,175,5436(1013.419)[I]: [6],25,135,66,1,75,-257,3378
(1013.428)[I]: [5],5,42,76,0,-141,104,5386(1013.429)[I]: [6],29,135,56,1,79,-293,3273
(1013.438)[I]: [5],6,44,84,0,-145,55,5361(1013.439)[I]: [6],31,142,42,1,85,-320,3170
(1013.448)[I]: [5],6,45,92,0,-148,-9,5313(1013.448)[I]: [6],34,142,31,1,90,-336,3061
(1013.458)[I]: [5],6,42,108,0,-151,-38,5226(1013.459)[I]: [6],34,134,21,0,96,-343,2930
(1013.468)[I]: [5],6,36,112,5,-148,-95,5237(1013.469)[I]: [6],31,127,9,0,100,-342,2776
(1013.478)[I]: [5],7,41,124,9,-148,-111,5210(1013.479)[I]: [6],30,103,3,0,102,-334,2587
(1013.488)[I]: [5],7,47,140,10,-148,-119,5195(1013.489)[I]: [6],31,88,5,0,105,-313,2356
(1013.498)[I]: [5],8,49,140,13,-148,-124,5192(1013.499)[I]: [6],28,63,5,0,116,-297,2087
(1013.508)[I]: [5],9,51,140,15,-146,-126,5192(1013.509)[I]: [6],29,46,3,0,135,-304,1787
(1013.518)[I]: [5],10,54,148,15,-145,-125,5192(1013.519)[I]: [6],35,31,3,0,163,-356,1460
(1013.528)[I]: [5],11,52,164,16,-144,-118,5195(1013.529)[I]: [6],35,22,2,1,192,-428,1134
(1013.538)[I]: [5],12,53,168,16,-142,-108,5200(1013.539)[I]: [6],18,15,3,1,239,-515,807
(1013.548)[I]: [5],14,54,180,16,-140,-98,5202(1013.549)[I]: [6],9,15,3,1,293,-640,470
(1013.558)[I]: [5],13,55,164,16,-138,-97,5202(1013.559)[I]: [6],1,14,4,3,352,-845,170
(1013.568)[I]: [5],13,55,184,16,-137,-96,5202(1013.569)[I]: [6],0,15,3,2,401,-1090,50
(1013.578)[I]: [5],12,55,180,15,-136,-96,5202(1013.579)[I]: [6],0,12,3,2,470,-1208,37
(1013.588)[I]: [5],12,55,176,16,-134,-95,5202(1013.589)[I]: [6],0,11,4,2,525,-1313,118
(1013.598)[I]: [5],12,52,176,17,-133,-97,5202(1013.599)[I]: [6],0,11,3,2,605,-1301,265
(1013.608)[I]: [5],12,51,176,16,-132,-98,5202(1013.609)[I]: [6],0,11,3,2,697,-1249,418
(1013.618)[I]: [5],10,51,176,17,-130,-99,5202(1013.619)[I]: [6],0,11,3,2,784,-1183,569
(1013.628)[I]: [5],10,51,172,15,-129,-100,5202(1013.629)[I]: [6],0,11,3,2,850,-1137,723
(1013.638)[I]: [5],11,51,172,17,-128,-102,5202(1013.639)[I]: [6],0,10,3,2,888,-1109,885
(1013.648)[I]: [5],11,51,168,15,-126,-102,5202(1013.649)[I]: [6],0,9,3,1,892,-1094,1051
(1013.658)[I]: [5],11,53,168,12,-125,-103,5202(1013.659)[I]: [6],0,9,3,1,860,-1092,1209
(1013.668)[I]: [5],11,54,168,12,-124,-103,5202(1013.669)[I]: [6],0,9,3,1,795,-1085,1345
(1013.678)[I]: [5],11,55,168,13,-123,-104,5202(1013.679)[I]: [6],0,9,2,1,706,-1056,1457
(1013.688)[I]: [5],13,56,168,12,-122,-107,5203(1013.689)[I]: [6],0,10,2,1,598,-994,1545
(1013.698)[I]: [5],13,57,164,11,-122,-111,5203(1013.699)[I]: [6],0,9,2,1,488,-905,1609
(1013.708)[I]: [5],14,59,164,11,-123,-118,5204(1013.709)[I]: [6],0,9,2,1,383,-798,1645
(1013.718)[I]: [5],14,59,156,10,-124,-126,5204(1013.719)[I]: [6],0,9,2,1,295,-676,1660
(1013.728)[I]: [5],15,62,160,10,-122,-127,5204(1013.729)[I]: [6],0,9,1,1,233,-551,1681
(1013.738)[I]: [5],17,63,164,10,-123,-132,5207(1013.739)[I]: [6],0,9,0,1,197,-436,1729
(1013.748)[I]: [5],17,66,164,10,-122,-136,5209(1013.749)[I]: [6],0,10,0,1,190,-347,1803
(1013.758)[I]: [5],19,67,164,9,-122,-140,5212(1013.759)[I]: [6],0,9,0,1,203,-288,1889
(1013.768)[I]: [5],21,69,164,8,-121,-141,5212(1013.769)[I]: [6],0,9,0,1,228,-248,1976
(1013.778)[I]: [5],24,69,168,7,-120,-144,5218(1013.779)[I]: [6],0,11,0,1,257,-216,2052
(1013.788)[I]: [5],25,71,168,8,-120,-147,5224(1013.789)[I]: [6],0,12,0,1,280,-184,2106
(1013.798)[I]: [5],27,71,168,6,-119,-149,5230(1013.799)[I]: [6],0,11,0,1,288,-145,2127
(1013.808)[I]: [5],27,73,168,6,-118,-151,5230(1013.809)[I]: [6],0,11,0,1,281,-87,2116
(1013.818)[I]: [5],30,74,160,6,-117,-146,5230(1013.819)[I]: [6],0,11,1,1,258,-16,2085
(1013.828)[I]: [5],31,73,156,7,-116,-147,5230(1013.829)[I]: [6],0,12,0,1,220,64,2046
(1013.838)[I]: [5],29,74,152,8,-115,-148,5230(1013.839)[I]: [6],0,12,0,1,171,146,2013
(1013.848)[I]: [5],28,73,148,8,-114,-150,5230(1013.849)[I]: [6],0,13,0,1,111,224,1996
(1013.858)[I]: [5],30,75,148,7,-112,-152,5230(1013.859)[I]: [6],0,12,0,1,44,290,2000
(1013.868)[I]: [5],29,75,140,7,-111,-154,5230(1013.869)[I]: [6],0,12,0,1,-26,340,2024
(1013.878)[I]: [5],30,75,140,7,-110,-155,5230(1013.879)[I]: [6],0,11,0,1,-97,372,2066
(1013.888)[I]: [5],29,76,136,7,-109,-156,5230(1013.889)[I]: [6],0,10,1,1,-167,391,2119
(1013.898)[I]: [5],31,73,124,7,-108,-158,5230(1013.899)[I]: [6],0,10,1,1,-235,401,2181
(1013.908)[I]: [5],31,71,124,8,-107,-158,5224(1013.909)[I]: [6],0,10,0,1,-296,405,2247
(1013.918)[I]: [5],31,72,132,8,-107,-158,5215(1013.919)[I]: [6],0,10,0,1,-350,403,2313
(1013.928)[I]: [5],30,71,136,10,-107,-158,5206(1013.929)[I]: [6],0,10,0,1,-395,398,2376
(1013.938)[I]: [5],29,70,140,10,-106,-155,5199(1013.939)[I]: [6],0,10,1,1,-431,393,2434
(1013.948)[I]: [5],30,70,140,10,-105,-154,5196(1013.949)[I]: [6],0,10,0,1,-457,393,2485
(1013.958)[I]: [5],31,73,152,10,-104,-153,5199(1013.959)[I]: [6],0,11,1,1,-472,398,2528
(1013.968)[I]: [5],37,74,156,10,-103,-150,5207(1013.969)[I]: [6],0,11,1,1,-478,409,2565
(1013.978)[I]: [5],42,77,164,10,-102,-148,5217(1013.979)[I]: [6],0,11,1,1,-475,422,2600
(1013.988)[I]: [5],46,79,172,9,-101,-146,5227(1013.989)[I]: [6],0,11,1,1,-468,436,2635
(1013.998)[I]: [5],50,83,180,8,-101,-143,5236(1013.999)[I]: [6],0,11,1,1,-459,450,2671
(1013.999)[I]: [5],54,84,188,7,-100,-139,5245(1013.999)[I]: [6],0,11,1,1,-448,467,2713
(1013.999)[I]: [5],57,87,192,8,-100,-137,5254(1013.999)[I]: [6],0,10,2,1,-436,486,2758
(1014.004)[I]: [5],62,92,200,6,-100,-137,5264(1014.005)[I]: [6],0,10,2,1,-424,508,2801
(1014.014)[I]: [5],66,95,208,6,-99,-139,5271(1014.015)[I]: [6],0,10,2,1,-414,536,2837
(1014.024)[I]: [5],70,97,212,6,-99,-139,5278(1014.025)[I]: [6],0,10,2,1,-407,563,2861
(1014.034)[I]: [5],75,99,216,5,-99,-138,5288(1014.035)[I]: [6],0,10,2,1,-404,586,2871
(1014.044)[I]: [5],84,102,224,4,-98,-138,5296(1014.045)[I]: [6],0,9,2,1,-409,599,2868
(1014.054)[I]: [5],89,105,232,4,-98,-140,5299(1014.055)[I]: [6],0,10,2,1,-421,602,2854
(1014.064)[I]: [5],91,110,244,4,-97,-143,5299(1014.065)[I]: [6],0,10,2,1,-441,597,2834
(1014.074)[I]: [5],95,114,244,3,-97,-141,5307(1014.075)[I]: [6],0,10,2,1,-469,583,2809
(1014.084)[I]: [5],99,120,248,4,-97,-139,5318(1014.085)[I]: [6],0,10,2,1,-506,560,2784
(1014.094)[I]: [5],104,127,252,2,-98,-138,5333(1014.095)[I]: [6],0,10,2,1,-551,530,2761
(1014.104)[I]: [5],108,134,252,3,-99,-143,5354(1014.105)[I]: [6],0,10,2,1,-607,497,2740
(1014.114)[I]: [5],113,142,252,1,-100,-151,5379(1014.115)[I]: [6],0,10,3,1,-670,462,2720
(1014.124)[I]: [5],120,149,252,0,-101,-167,5407(1014.125)[I]: [6],0,9,2,1,-740,430,2694
(1014.134)[I]: [5],126,156,248,0,-103,-192,5438(1014.135)[I]: [6],0,13,3,1,-776,358,2722
(1014.144)[I]: [5],132,165,240,0,-106,-217,5479(1014.145)[I]: [6],0,15,4,0,-851,179,2832
(1014.154)[I]: [5],136,171,240,0,-109,-231,5539(1014.155)[I]: [6],0,15,11,1,-938,85,2948
(1014.164)[I]: [5],139,175,232,0,-114,-232,5624(1014.165)[I]: [6],0,23,13,1,-1004,63,3098
(1014.174)[I]: [5],135,175,196,0,-117,-225,5749(1014.175)[I]: [6],0,21,23,1,-1019,83,3266
(1014.184)[I]: [5],136,163,124,0,-114,-206,5921(1014.185)[I]: [6],0,28,34,0,-1000,101,3412
(1014.194)[I]: [5],140,144,76,0,-105,-176,6155(1014.195)[I]: [6],0,31,44,1,-1011,-10,3496
(1014.204)[I]: [5],139,118,60,0,-90,-138,6428(1014.205)[I]: [6],0,30,51,2,-976,-121,3469
(1014.214)[I]: [5],138,90,44,0,-73,-107,6734(1014.215)[I]: [6],0,38,63,3,-968,-283,3516
(1014.224)[I]: [5],122,58,36,0,-62,-90,7073(1014.225)[I]: [6],1,38,63,6,-951,-219,3525
(1014.234)[I]: [5],134,34,32,0,-58,-104,7428(1014.235)[I]: [6],3,46,63,9,-933,-266,3520
(1014.244)[I]: [5],127,21,32,0,-53,-155,7790(1014.245)[I]: [6],5,45,63,18,-921,-281,3515
(1014.254)[I]: [5],103,19,24,0,-43,-238,8147(1014.255)[I]: [6],5,51,70,22,-911,-291,3512
(1014.264)[I]: [5],76,16,12,0,-43,-302,8473(1014.265)[I]: [6],7,49,63,24,-902,-297,3512
(1014.274)[I]: [5],54,10,12,0,-49,-359,8780(1014.275)[I]: [6],5,50,66,23,-898,-293,3513
(1014.284)[I]: [5],28,7,12,0,-75,-430,9093(1014.285)[I]: [6],4,48,69,21,-895,-285,3515
(1014.294)[I]: [5],7,5,12,2,-102,-600,9332(1014.295)[I]: [6],4,47,70,18,-886,-285,3515
(1014.304)[I]: [5],4,5,12,1,-143,-787,9416(1014.305)[I]: [6],3,47,60,15,-877,-284,3516
(1014.314)[I]: [5],3,5,12,1,-222,-924,9437(1014.315)[I]: [6],4,47,57,15,-869,-284,3516
(1014.324)[I]: [5],3,4,12,0,-319,-1015,9329(1014.325)[I]: [6],4,49,54,13,-860,-284,3517
(1014.334)[I]: [5],4,5,8,0,-442,-1023,9154(1014.335)[I]: [6],5,50,52,12,-851,-286,3517
(1014.344)[I]: [5],5,4,12,0,-577,-999,8956(1014.345)[I]: [6],4,51,47,9,-843,-288,3517
(1014.354)[I]: [5],4,5,12,0,-708,-965,8762(1014.355)[I]: [6],6,53,46,9,-835,-290,3517
(1014.364)[I]: [5],5,4,8,0,-825,-948,8583(1014.364)[I]: [6],5,54,45,8,-827,-292,3517
(1014.374)[I]: [5],5,5,12,0,-920,-956,8428(1014.375)[I]: [6],6,54,47,8,-818,-294,3517
(1014.384)[I]: [5],6,4,12,0,-990,-977,8309(1014.385)[I]: [6],5,54,49,7,-810,-295,3517
(1014.394)[I]: [5],5,4,8,0,-1036,-1007,8225(1014.395)[I]: [6],6,55,54,7,-802,-296,3517
(1014.404)[I]: [5],5,4,12,0,-1062,-1038,8149(1014.405)[I]: [6],6,54,55,7,-794,-296,3517
(1014.414)[I]: [5],3,4,12,1,-1076,-1045,8058(1014.415)[I]: [6],5,56,59,7,-787,-297,3517
(1014.424)[I]: [5],3,3,12,0,-1087,-1022,7948(1014.425)[I]: [6],5,57,61,7,-779,-298,3518
(1014.434)[I]: [5],4,4,12,0,-1103,-971,7819(1014.435)[I]: [6],5,55,63,7,-771,-299,3518
(1014.444)[I]: [5],5,4,12,0,-1126,-895,7678(1014.445)[I]: [6],5,56,63,7,-764,-300,3518
(1014.454)[I]: [5],6,4,8,0,-1156,-807,7531(1014.455)[I]: [6],6,55,67,7,-756,-301,3518
(1014.464)[I]: [5],3,4,8,0,-1189,-716,7384(1014.465)[I]: [6],6,56,70,6,-749,-302,3518
(1014.474)[I]: [5],3,6,8,0,-1223,-636,7244(1014.475)[I]: [6],6,55,72,6,-741,-303,3518
(1014.484)[I]: [5],4,4,12,0,-1259,-576,7114(1014.485)[I]: [6],6,58,73,6,-734,-304,3518
(1014.494)[I]: [5],5,4,8,0,-1293,-538,7000(1014.495)[I]: [6],6,53,75,6,-727,-305,3518
(1014.504)[I]: [5],5,4,8,0,-1321,-521,6903(1014.505)[I]: [6],6,52,78,6,-719,-307,3518
(1014.514)[I]: [5],5,4,8,0,-1339,-521,6820(1014.515)[I]: [6],7,53,80,6,-712,-308,3519
(1014.524)[I]: [5],4,4,4,0,-1344,-530,6745(1014.525)[I]: [6],7,52,83,6,-705,-309,3519
(1014.534)[I]: [5],3,3,4,0,-1335,-539,6662(1014.535)[I]: [6],7,51,87,6,-698,-310,3519
(1014.544)[I]: [5],3,3,4,0,-1312,-534,6569(1014.544)[I]: [6],7,54,89,6,-691,-310,3519
(1014.554)[I]: [5],3,4,0,0,-1277,-512,6476(1014.555)[I]: [6],8,54,91,6,-685,-311,3519
(1014.564)[I]: [5],2,4,0,0,-1230,-481,6391(1014.564)[I]: [6],8,53,94,5,-678,-312,3519
(1014.574)[I]: [5],3,3,0,0,-1173,-447,6316(1014.575)[I]: [6],9,53,96,5,-671,-313,3519
(1014.584)[I]: [5],2,3,0,0,-1105,-416,6247(1014.585)[I]: [6],9,53,97,5,-664,-314,3519
(1014.594)[I]: [5],3,3,0,0,-1029,-395,6180(1014.595)[I]: [6],7,53,97,5,-658,-315,3519
(1014.604)[I]: [5],3,3,0,0,-947,-379,6113(1014.604)[I]: [6],6,52,100,5,-651,-316,3519
(1014.614)[I]: [5],2,3,0,0,-861,-364,6042(1014.614)[I]: [6],6,52,103,5,-645,-317,3519
(1014.624)[I]: [5],0,3,0,0,-771,-342,5967(1014.624)[I]: [6],5,51,103,5,-639,-318,3520
(1014.634)[I]: [5],0,3,0,0,-679,-310,5890(1014.634)[I]: [6],4,51,106,5,-632,-319,3520
(1014.644)[I]: [5],0,3,0,0,-583,-272,5817(1014.644)[I]: [6],5,51,105,6,-626,-319,3520
(1014.654)[I]: [5],0,3,0,0,-493,-243,5757(1014.654)[I]: [6],4,51,106,5,-620,-320,3520
(1014.664)[I]: [5],0,3,0,0,-413,-228,5714(1014.664)[I]: [6],5,50,107,6,-614,-320,3520
(1014.674)[I]: [5],0,3,0,0,-344,-227,5691(1014.674)[I]: [6],5,50,107,7,-607,-321,3520
(1014.684)[I]: [5],0,3,0,0,-287,-228,5684(1014.684)[I]: [6],3,49,107,6,-601,-322,3520
(1014.694)[I]: [5],1,5,8,0,-247,-214,5685(1014.694)[I]: [6],3,49,107,7,-596,-322,3520
(1014.704)[I]: [5],2,7,12,0,-248,-118,5599(1014.705)[I]: [6],3,48,106,7,-590,-323,3520
(1014.714)[I]: [5],2,8,20,0,-291,-19,5465(1014.714)[I]: [6],3,47,104,8,-584,-323,3520
(1014.724)[I]: [5],0,9,28,0,-335,51,5350(1014.724)[I]: [6],3,46,103,7,-578,-324,3520
(1014.734)[I]: [5],0,6,32,0,-354,76,5210(1014.734)[I]: [6],3,46,99,7,-572,-324,3520
(1014.744)[I]: [5],0,8,28,2,-338,-22,5228(1014.744)[I]: [6],3,45,99,8,-567,-325,3521
(1014.754)[I]: [5],0,8,36,5,-342,-33,5224(1014.754)[I]: [6],2,45,97,9,-561,-326,3521
(1014.764)[I]: [5],0,9,28,6,-346,-62,5243(1014.764)[I]: [6],2,44,94,9,-555,-326,3521
(1014.774)[I]: [5],0,13,28,6,-348,-84,5267(1014.775)[I]: [6],2,43,89,9,-550,-327,3521
(1014.784)[I]: [5],0,14,32,6,-350,-97,5280(1014.785)[I]: [6],0,41,81,8,-544,-327,3521
(1014.794)[I]: [5],0,14,36,7,-346,-99,5280(1014.795)[I]: [6],0,41,76,8,-539,-327,3521
(1014.804)[I]: [5],0,14,36,7,-343,-98,5280(1014.805)[I]: [6],0,36,73,8,-534,-328,3521
(1014.814)[I]: [5],0,14,36,8,-339,-98,5280(1014.815)[I]: [6],0,37,71,8,-528,-328,3521
(1014.824)[I]: [5],1,14,36,8,-336,-99,5280(1014.825)[I]: [6],0,35,68,8,-523,-329,3521
(1014.834)[I]: [5],2,15,40,8,-332,-101,5280(1014.835)[I]: [6],0,34,63,8,-518,-330,3521
(1014.844)[I]: [5],3,14,36,8,-329,-101,5280(1014.845)[I]: [6],0,31,59,9,-513,-330,3521
(1014.854)[I]: [5],2,14,40,8,-326,-101,5280(1014.855)[I]: [6],0,31,57,9,-508,-331,3521
(1014.864)[I]: [5],2,15,44,8,-323,-101,5280(1014.865)[I]: [6],0,31,55,9,-503,-331,3521
(1014.874)[I]: [5],1,17,44,9,-319,-101,5280(1014.875)[I]: [6],0,31,53,9,-498,-332,3521
(1014.884)[I]: [5],0,18,44,9,-316,-101,5280(1014.885)[I]: [6],0,34,52,9,-493,-332,3522
(1014.894)[I]: [5],0,16,48,10,-313,-101,5281(1014.895)[I]: [6],0,35,52,9,-488,-332,3522
(1014.904)[I]: [5],0,17,52,9,-310,-100,5281(1014.905)[I]: [6],0,34,52,9,-483,-333,3522
(1014.914)[I]: [5],0,15,48,9,-307,-100,5281(1014.915)[I]: [6],0,35,53,9,-478,-334,3522
(1014.924)[I]: [5],0,15,48,10,-304,-100,5281(1014.925)[I]: [6],0,36,54,9,-473,-334,3522
(1014.934)[I]: [5],0,15,52,10,-301,-99,5281(1014.935)[I]: [6],0,37,54,9,-469,-335,3522
(1014.944)[I]: [5],0,15,52,10,-298,-100,5281(1014.945)[I]: [6],0,37,54,8,-464,-336,3522
(1014.954)[I]: [5],0,15,56,10,-295,-102,5281(1014.955)[I]: [6],0,37,54,8,-459,-336,3522
(1014.964)[I]: [5],0,15,56,11,-292,-103,5281(1014.965)[I]: [6],0,38,54,8,-455,-337,3522
(1014.974)[I]: [5],0,15,60,11,-289,-103,5281(1014.975)[I]: [6],0,38,54,8,-450,-337,3522
(1014.984)[I]: [5],0,15,60,11,-286,-102,5281(1014.985)[I]: [6],0,38,53,7,-446,-338,3522
(1014.994)[I]: [5],0,17,56,11,-283,-102,5281(1014.995)[I]: [6],0,38,53,7,-441,-338,3522
(1014.999)[I]: [5],0,16,60,11,-283,-103,5287(1014.999)[I]: [6],0,39,52,7,-437,-338,3522
(1014.999)[I]: [5],0,23,64,10,-282,-107,5294(1014.999)[I]: [6],0,39,52,7,-433,-339,3522
(1015.000)[I]: [5],0,21,68,10,-281,-109,5301(1015.000)[I]: [6],0,39,49,7,-428,-339,3522
(1015.010)[I]: [5],0,22,68,10,-281,-111,5308(1015.011)[I]: [6],0,39,50,6,-424,-339,3522
(1015.020)[I]: [5],0,23,64,9,-278,-112,5308(1015.021)[I]: [6],0,39,47,6,-420,-340,3522
(1015.030)[I]: [5],0,23,68,9,-277,-113,5314(1015.030)[I]: [6],0,39,49,6,-416,-340,3522
(1015.040)[I]: [5],0,26,72,9,-276,-114,5317(1015.040)[I]: [6],0,39,48,6,-412,-340,3522
(1015.050)[I]: [5],0,29,76,9,-273,-115,5317(1015.051)[I]: [6],0,39,49,6,-407,-340,3522
(1015.060)[I]: [5],0,31,76,8,-270,-115,5317(1015.061)[I]: [6],0,39,43,7,-403,-341,3522
(1015.070)[I]: [5],0,31,80,8,-268,-116,5317(1015.071)[I]: [6],0,38,45,6,-399,-342,3522
(1015.080)[I]: [5],1,36,84,8,-265,-116,5317(1015.081)[I]: [6],0,39,46,7,-395,-342,3522
(1015.090)[I]: [5],1,31,80,7,-262,-116,5317(1015.091)[I]: [6],0,40,46,6,-391,-343,3522
(1015.100)[I]: [5],2,31,84,7,-260,-116,5317(1015.101)[I]: [6],0,41,44,6,-388,-343,3522
(1015.110)[I]: [5],2,31,84,8,-257,-116,5317(1015.111)[I]: [6],0,41,44,6,-384,-344,3522
(1015.120)[I]: [5],3,31,88,8,-255,-116,5317(1015.121)[I]: [6],0,42,43,6,-380,-345,3522
(1015.130)[I]: [5],3,39,88,8,-252,-116,5317(1015.131)[I]: [6],0,42,43,6,-376,-345,3522
(1015.140)[I]: [5],3,38,92,8,-250,-116,5317(1015.141)[I]: [6],0,41,44,6,-372,-346,3522
(1015.150)[I]: [5],3,40,88,8,-247,-116,5317(1015.151)[I]: [6],0,42,43,6,-369,-346,3522
(1015.160)[I]: [5],4,44,92,8,-245,-116,5317(1015.161)[I]: [6],0,42,42,6,-365,-347,3522
(1015.170)[I]: [5],4,42,92,8,-242,-116,5317(1015.171)[I]: [6],0,42,43,6,-361,-347,3523
(1015.180)[I]: [5],4,44,96,8,-240,-116,5317(1015.181)[I]: [6],0,42,43,6,-358,-347,3523
(1015.190)[I]: [5],4,46,92,8,-237,-115,5318(1015.191)[I]: [6],0,43,44,6,-354,-348,3523
(1015.200)[I]: [5],5,47,96,7,-235,-115,5318(1015.201)[I]: [6],0,43,43,6,-351,-348,3523
(1015.210)[I]: [5],5,48,96,6,-233,-114,5318(1015.211)[I]: [6],0,43,45,6,-347,-348,3523
(1015.220)[I]: [5],5,51,100,6,-230,-115,5318(1015.221)[I]: [6],0,44,45,6,-344,-349,3523
(1015.230)[I]: [5],4,52,100,6,-228,-116,5318(1015.231)[I]: [6],0,44,46,6,-340,-349,3523
(1015.240)[I]: [5],5,54,100,6,-226,-117,5318(1015.241)[I]: [6],0,44,45,6,-337,-350,3523
(1015.250)[I]: [5],5,53,104,6,-223,-117,5318(1015.251)[I]: [6],0,44,45,6,-333,-350,3523
(1015.260)[I]: [5],5,51,100,6,-221,-118,5318(1015.261)[I]: [6],0,44,45,5,-330,-350,3523
(1015.270)[I]: [5],4,54,100,6,-219,-114,5318(1015.271)[I]: [6],0,44,45,5,-327,-351,3523
(1015.280)[I]: [5],5,52,100,6,-217,-115,5318(1015.281)[I]: [6],0,44,45,5,-324,-351,3523
(1015.290)[I]: [5],4,52,100,6,-215,-115,5318(1015.291)[I]: [6],0,44,45,6,-320,-351,3523
(1015.300)[I]: [5],5,52,100,6,-213,-115,5318(1015.301)[I]: [6],0,44,46,6,-317,-352,3523
(1015.310)[I]: [5],4,56,100,6,-210,-115,5318(1015.311)[I]: [6],0,43,46,6,-314,-352,3523
(1015.320)[I]: [5],4,55,100,6,-208,-115,5318(1015.321)[I]: [6],0,43,46,5,-311,-353,3523
(1015.330)[I]: [5],4,56,104,6,-206,-115,5318(1015.331)[I]: [6],0,44,46,6,-308,-353,3523
(1015.340)[I]: [5],4,57,104,6,-204,-116,5318(1015.341)[I]: [6],0,43,46,6,-305,-353,3523
(1015.350)[I]: [5],3,57,104,6,-202,-116,5318(1015.351)[I]: [6],0,43,46,6,-302,-354,3523
(1015.360)[I]: [5],3,58,108,6,-200,-114,5318(1015.361)[I]: [6],0,43,46,5,-299,-354,3523
(1015.370)[I]: [5],3,58,108,6,-198,-117,5318(1015.371)[I]: [6],0,43,46,5,-296,-354,3523
(1015.380)[I]: [5],3,59,108,6,-196,-117,5318(1015.381)[I]: [6],0,43,46,5,-293,-355,3523
(1015.390)[I]: [5],4,59,112,6,-194,-116,5318(1015.391)[I]: [6],0,43,46,5,-290,-355,3523
(1015.400)[I]: [5],3,58,116,6,-192,-117,5318(1015.401)[I]: [6],0,42,47,5,-287,-355,3523
(1015.410)[I]: [5],3,58,116,6,-190,-117,5318(1015.411)[I]: [6],0,42,47,5,-284,-356,3523
(1015.420)[I]: [5],4,58,116,6,-188,-117,5318(1015.421)[I]: [6],0,42,46,5,-281,-356,3523