(194.656)[I]: [5],0,13,60,18,0,-202,462(194.656)[I]: [6],0,18,27,11,0,-352,6172
(194.666)[I]: [5],0,13,60,18,0,-202,462(194.666)[I]: [6],0,18,28,11,0,-351,6172
(194.676)[I]: [5],0,13,64,18,0,-202,462(194.676)[I]: [6],0,18,28,11,0,-351,6172
(194.686)[I]: [5],0,13,60,18,0,-203,462(194.686)[I]: [6],0,18,28,11,0,-351,6172
(194.696)[I]: [5],0,12,60,18,0,-203,462(194.696)[I]: [6],0,18,28,11,0,-351,6172
(194.706)[I]: [5],0,13,60,18,0,-203,462(194.706)[I]: [6],0,18,27,10,0,-352,6172
(194.716)[I]: [5],0,12,64,18,0,-203,462(194.716)[I]: [6],0,18,27,10,0,-352,6172
(194.726)[I]: [5],0,12,60,18,0,-203,462(194.726)[I]: [6],0,19,27,11,0,-352,6172
(194.736)[I]: [5],0,13,64,18,0,-204,462(194.736)[I]: [6],0,19,27,10,0,-352,6172
(194.746)[I]: [5],0,13,64,18,0,-204,462(194.746)[I]: [6],0,18,28,11,0,-352,6172
(194.756)[I]: [5],0,12,64,18,0,-204,462(194.756)[I]: [6],0,19,28,11,0,-352,6172
(194.766)[I]: [5],0,13,64,19,0,-204,462(194.766)[I]: [6],0,19,28,11,0,-352,6172
(194.776)[I]: [5],0,12,64,19,0,-204,462(194.776)[I]: [6],0,19,28,11,0,-352,6172
(194.786)[I]: [5],0,13,64,18,0,-204,462(194.786)[I]: [6],0,19,27,11,0,-352,6172
(194.796)[I]: [5],0,13,64,18,0,-204,462(194.796)[I]: [6],0,18,28,11,0,-352,6172
(194.806)[I]: [5],0,13,60,19,0,-203,462(194.806)[I]: [6],0,19,27,11,0,-352,6172
(194.816)[I]: [5],0,13,64,18,0,-203,462(194.816)[I]: [6],0,18,27,11,0,-352,6172
(194.826)[I]: [5],0,13,60,18,0,-203,462(194.826)[I]: [6],0,18,27,11,0,-352,6172
(194.836)[I]: [5],0,13,64,18,0,-203,462(194.836)[I]: [6],0,18,28,11,0,-352,6172
(194.846)[I]: [5],0,13,60,18,0,-203,462(194.846)[I]: [6],0,18,27,11,0,-352,6172
(194.856)[I]: [5],0,13,64,18,0,-203,462(194.856)[I]: [6],0,19,28,11,0,-352,6172
(194.866)[I]: [5],0,13,64,18,0,-203,462(194.866)[I]: [6],0,18,27,10,0,-352,6172
(194.876)[I]: [5],0,12,64,18,0,-203,462(194.876)[I]: [6],0,18,27,11,0,-352,6172
(194.886)[I]: [5],0,13,64,18,0,-203,462(194.886)[I]: [6],0,18,27,11,0,-352,6172
(194.896)[I]: [5],0,13,64,18,0,-203,462(194.896)[I]: [6],0,18,27,11,0,-352,6172
(194.906)[I]: [5],0,13,64,18,0,-202,462(194.906)[I]: [6],0,18,27,11,0,-352,6172
(194.916)[I]: [5],0,12,64,18,0,-202,462(194.916)[I]: [6],0,18,27,11,0,-352,6172
(194.926)[I]: [5],0,13,64,18,0,-203,462(194.926)[I]: [6],0,18,27,11,0,-352,6172
(194.936)[I]: [5],0,12,64,18,0,-203,462(194.936)[I]: [6],0,18,28,11,0,-352,6172
(194.946)[I]: [5],0,13,64,18,0,-203,462(194.946)[I]: [6],0,18,28,11,0,-352,6172
(194.956)[I]: [5],0,13,64,18,0,-202,462(194.956)[I]: [6],0,18,28,11,0,-352,6172
(194.966)[I]: [5],0,12,64,18,0,-203,462(194.966)[I]: [6],0,18,27,11,0,-352,6172
(194.976)[I]: [5],0,12,64,18,0,-202,462(194.976)[I]: [6],0,19,27,11,0,-352,6172
(194.986)[I]: [5],0,13,64,19,0,-203,462(194.986)[I]: [6],0,19,28,11,0,-352,6172
(194.996)[I]: [5],0,12,60,18,0,-202,462(194.996)[I]: [6],0,18,27,11,0,-352,6172
(194.999)[I]: [5],0,12,64,18,0,-202,462(194.999)[I]: [6],0,19,27,11,0,-352,6172
(194.999)[I]: [5],0,12,64,19,0,-202,462(194.999)[I]: [6],0,18,28,11,0,-352,6172
(195.002)[I]: [5],0,12,64,18,0,-203,462(195.002)[I]: [6],0,18,27,11,0,-352,6172
(195.012)[I]: [5],0,12,64,18,0,-202,462(195.012)[I]: [6],0,18,27,11,0,-352,6172
(195.022)[I]: [5],0,12,64,18,0,-203,462(195.022)[I]: [6],0,18,27,11,0,-352,6172
(195.032)[I]: [5],0,12,64,18,0,-203,462(195.032)[I]: [6],0,18,27,11,0,-352,6172
(195.042)[I]: [5],0,12,64,18,0,-203,462(195.042)[I]: [6],0,18,27,11,0,-352,6172
(195.052)[I]: [5],0,12,64,18,0,-203,462(195.052)[I]: [6],0,18,28,11,0,-352,6172
(195.062)[I]: [5],0,12,64,18,0,-203,462(195.062)[I]: [6],0,18,27,11,0,-352,6172
(195.072)[I]: [5],0,13,68,18,0,-203,462(195.072)[I]: [6],0,18,27,11,0,-352,6172
(195.082)[I]: [5],0,13,68,18,0,-203,462(195.082)[I]: [6],0,18,27,11,0,-352,6172
(195.092)[I]: [5],0,13,68,18,0,-203,462(195.092)[I]: [6],0,18,27,10,0,-352,6172
(195.102)[I]: [5],0,13,68,18,0,-203,462(195.102)[I]: [6],0,18,27,11,0,-352,6172
(195.112)[I]: [5],0,13,68,18,0,-203,462(195.112)[I]: [6],0,18,27,11,0,-352,6172
(195.122)[I]: [5],0,13,68,18,0,-203,462(195.122)[I]: [6],0,18,27,10,0,-352,6172
(195.132)[I]: [5],0,13,68,18,0,-203,462(195.132)[I]: [6],0,18,27,11,0,-353,6172
(195.142)[I]: [5],0,13,68,18,0,-203,462(195.142)[I]: [6],0,18,27,11,0,-353,6172
(195.152)[I]: [5],0,14,68,18,0,-203,462(195.152)[I]: [6],0,18,27,11,0,-353,6172
(195.162)[I]: [5],0,14,68,17,0,-203,462(195.162)[I]: [6],0,18,27,11,0,-353,6172
(195.172)[I]: [5],0,13,68,18,0,-203,462(195.172)[I]: [6],0,18,27,11,0,-353,6172
(195.182)[I]: [5],0,13,68,18,0,-203,462(195.182)[I]: [6],0,18,27,11,0,-353,6172
(195.192)[I]: [5],0,13,68,18,0,-203,462(195.192)[I]: [6],0,18,27,11,0,-353,6172
(195.202)[I]: [5],0,13,68,18,0,-203,462(195.202)[I]: [6],0,18,27,11,0,-353,6172
(195.212)[I]: [5],0,13,68,18,0,-203,462(195.212)[I]: [6],0,18,27,11,0,-353,6172
(195.222)[I]: [5],0,13,68,18,0,-203,462(195.222)[I]: [6],0,18,27,11,0,-353,6172
(195.232)[I]: [5],0,13,68,18,0,-204,462(195.232)[I]: [6],0,18,27,11,0,-353,6172
(195.242)[I]: [5],0,13,68,18,0,-204,462(195.242)[I]: [6],0,18,27,11,0,-353,6172
(195.252)[I]: [5],0,13,68,18,0,-204,462(195.252)[I]: [6],0,18,27,11,0,-353,6172
(195.262)[I]: [5],0,13,68,18,0,-204,462(195.262)[I]: [6],0,18,27,11,0,-353,6172
(195.272)[I]: [5],0,13,68,18,0,-204,462(195.272)[I]: [6],0,18,27,11,0,-353,6172
(195.282)[I]: [5],0,13,68,18,0,-204,462(195.282)[I]: [6],0,18,27,11,0,-353,6172
(195.292)[I]: [5],0,13,68,18,0,-204,462(195.292)[I]: [6],0,18,27,11,0,-353,6172
(195.302)[I]: [5],0,13,68,18,0,-204,462(195.302)[I]: [6],0,18,27,11,0,-353,6172
(195.312)[I]: [5],0,13,68,18,0,-204,462(195.312)[I]: [6],0,18,27,11,0,-354,6172
(195.322)[I]: [5],0,13,68,18,0,-205,462(195.322)[I]: [6],0,18,27,11,0,-354,6172
(195.332)[I]: [5],0,13,68,18,0,-204,462(195.332)[I]: [6],0,18,27,11,0,-354,6172
(195.342)[I]: [5],0,13,68,18,0,-204,462(195.342)[I]: [6],0,18,27,11,0,-354,6172
(195.352)[I]: [5],0,13,68,18,0,-204,462(195.352)[I]: [6],0,18,27,11,0,-354,6172
(195.362)[I]: [5],0,13,68,18,0,-204,462(195.362)[I]: [6],0,18,27,11,0,-354,6172
(195.372)[I]: [5],0,13,68,18,0,-204,462(195.372)[I]: [6],0,18,27,11,0,-354,6172
(195.382)[I]: [5],0,12,68,18,0,-204,462(195.382)[I]: [6],0,18,27,11,0,-354,6172
(195.392)[I]: [5],0,13,68,18,0,-204,462(195.392)[I]: [6],0,18,27,11,0,-354,6172
(195.402)[I]: [5],0,12,68,18,0,-205,462(195.402)[I]: [6],0,18,27,11,0,-354,6172
(195.412)[I]: [5],0,12,68,18,0,-204,462(195.412)[I]: [6],0,17,27,11,0,-354,6172
(195.422)[I]: [5],0,12,68,19,0,-204,462(195.422)[I]: [6],0,17,27,11,0,-354,6172
(195.432)[I]: [5],0,12,68,19,0,-204,462(195.432)[I]: [6],0,17,26,11,0,-354,6172
(195.442)[I]: [5],0,12,68,19,0,-204,462(195.442)[I]: [6],0,16,26,11,0,-354,6172
(195.452)[I]: [5],0,12,68,19,0,-204,462(195.452)[I]: [6],0,16,26,12,0,-354,6172
(195.462)[I]: [5],0,12,68,20,0,-205,462(195.462)[I]: [6],0,15,26,12,0,-354,6172
(195.472)[I]: [5],0,12,68,20,0,-205,462(195.472)[I]: [6],0,16,26,12,0,-354,6172
(195.482)[I]: [5],0,11,68,20,0,-205,462(195.482)[I]: [6],0,15,25,12,0,-354,6172
(195.492)[I]: [5],0,11,68,20,0,-205,462(195.492)[I]: [6],0,15,25,12,0,-354,6172
(195.502)[I]: [5],0,11,68,20,0,-205,462(195.502)[I]: [6],0,15,25,12,0,-354,6172
(195.512)[I]: [5],0,10,68,20,0,-205,462(195.512)[I]: [6],0,15,24,12,0,-354,6172
(195.522)[I]: [5],0,9,68,21,0,-205,462(195.522)[I]: [6],0,15,25,12,0,-354,6172
(195.532)[I]: [5],0,9,68,22,0,-205,462(195.532)[I]: [6],0,15,24,12,0,-354,6172
(195.542)[I]: [5],0,9,68,22,0,-205,462(195.542)[I]: [6],0,15,24,11,0,-354,6172
(195.552)[I]: [5],0,8,68,23,0,-204,462(195.552)[I]: [6],0,15,24,11,0,-354,6172
(195.562)[I]: [5],0,7,68,25,0,-204,462(195.562)[I]: [6],0,15,23,11,0,-354,6172
(195.572)[I]: [5],0,7,68,26,0,-203,462(195.572)[I]: [6],0,15,22,11,0,-354,6172
(195.582)[I]: [5],0,5,68,27,0,-203,462(195.582)[I]: [6],0,15,22,11,0,-354,6172
(195.592)[I]: [5],0,6,68,28,0,-203,462(195.592)[I]: [6],0,15,22,11,0,-354,6172
(195.602)[I]: [5],0,6,68,28,0,-203,462(195.602)[I]: [6],0,15,21,11,0,-354,6172
(195.612)[I]: [5],0,5,68,28,0,-203,462(195.612)[I]: [6],0,14,20,11,0,-354,6172
(195.622)[I]: [5],0,6,68,30,0,-202,462(195.622)[I]: [6],0,14,21,11,0,-354,6172
(195.632)[I]: [5],0,6,68,31,0,-202,462(195.632)[I]: [6],0,14,21,11,0,-354,6172
(195.642)[I]: [5],0,6,68,33,0,-202,462(195.642)[I]: [6],0,14,20,11,0,-354,6172
(195.652)[I]: [5],0,7,68,34,0,-202,462(195.652)[I]: [6],0,14,19,11,0,-354,6172
(195.662)[I]: [5],0,6,68,34,0,-201,462(195.662)[I]: [6],0,13,19,10,0,-354,6172
(195.672)[I]: [5],0,6,68,33,0,-201,462(195.672)[I]: [6],0,14,19,10,0,-354,6172
(195.682)[I]: [5],0,7,68,35,0,-201,462(195.682)[I]: [6],0,13,19,10,0,-353,6172
(195.692)[I]: [5],0,7,68,37,0,-200,462(195.692)[I]: [6],0,13,19,10,0,-353,6172
(195.702)[I]: [5],0,6,68,36,0,-200,462(195.702)[I]: [6],0,14,18,10,0,-353,6172
(195.712)[I]: [5],0,7,68,35,0,-200,462(195.712)[I]: [6],0,13,16,9,0,-353,6172
(195.722)[I]: [5],0,6,68,37,0,-200,462(195.722)[I]: [6],0,13,15,9,0,-354,6172
(195.732)[I]: [5],0,7,68,39,0,-200,462(195.732)[I]: [6],0,13,15,9,0,-354,6172
(195.742)[I]: [5],0,7,68,38,0,-199,462(195.742)[I]: [6],0,13,13,9,0,-353,6172
(195.752)[I]: [5],0,8,68,37,0,-199,462(195.752)[I]: [6],0,13,14,9,0,-353,6172
(195.762)[I]: [5],0,9,72,35,0,-198,462(195.762)[I]: [6],0,13,13,8,0,-353,6172
(195.772)[I]: [5],0,9,72,35,0,-198,462(195.772)[I]: [6],0,13,12,9,0,-353,6172
(195.782)[I]: [5],0,9,72,37,0,-198,462(195.782)[I]: [6],0,13,13,8,0,-353,6172
(195.792)[I]: [5],0,11,76,35,0,-197,462(195.792)[I]: [6],0,13,13,8,0,-353,6172
(195.802)[I]: [5],0,11,76,34,0,-197,462(195.802)[I]: [6],0,13,13,9,0,-353,6172
(195.812)[I]: [5],0,13,76,30,0,-197,462(195.812)[I]: [6],0,12,12,8,0,-354,6172
(195.822)[I]: [5],0,15,80,26,0,-196,462(195.822)[I]: [6],0,12,12,8,0,-353,6172
(195.832)[I]: [5],0,17,80,21,0,-197,468(195.832)[I]: [6],0,12,12,9,0,-353,6172
(195.842)[I]: [5],0,19,84,19,-2,-198,475(195.842)[I]: [6],0,13,13,9,0,-353,6172
(195.852)[I]: [5],0,22,84,18,-3,-202,485(195.852)[I]: [6],0,13,13,9,0,-353,6172
(195.862)[I]: [5],0,27,84,16,-3,-206,496(195.862)[I]: [6],0,13,14,9,0,-353,6172
(195.872)[I]: [5],0,29,84,14,-4,-211,507(195.872)[I]: [6],0,13,15,10,0,-353,6172
(195.882)[I]: [5],0,31,84,10,-5,-216,519(195.882)[I]: [6],0,14,15,11,0,-353,6172
(195.892)[I]: [5],2,36,88,6,-6,-222,535(195.892)[I]: [6],0,14,17,11,0,-353,6172
(195.902)[I]: [5],4,39,88,4,-7,-227,558(195.902)[I]: [6],0,14,18,13,0,-353,6172
(195.912)[I]: [5],6,43,92,2,-9,-227,590(195.912)[I]: [6],0,14,22,15,0,-353,6172
(195.922)[I]: [5],9,45,88,0,-11,-225,626(195.922)[I]: [6],0,15,22,15,0,-353,6172
(195.932)[I]: [5],9,46,88,0,-13,-229,664(195.932)[I]: [6],0,15,24,17,0,-353,6172
(195.942)[I]: [5],10,47,88,0,-16,-242,706(195.942)[I]: [6],0,15,24,19,0,-353,6172
(195.952)[I]: [5],11,49,80,0,-21,-255,794(195.952)[I]: [6],0,16,22,24,0,-353,6172
(195.962)[I]: [5],13,46,60,0,-24,-277,904(195.962)[I]: [6],0,17,22,27,0,-353,6172
(195.972)[I]: [5],14,35,48,0,-26,-295,1031(195.973)[I]: [6],0,18,24,31,0,-353,6172
(195.982)[I]: [5],14,24,28,0,-25,-307,1179(195.983)[I]: [6],0,19,25,34,0,-352,6172
(195.992)[I]: [5],18,17,28,0,-26,-298,1343(195.993)[I]: [6],0,19,26,35,0,-352,6172
(195.999)[I]: [5],15,14,16,0,-31,-277,1526(195.999)[I]: [6],0,19,28,40,0,-351,6172
(195.999)[I]: [5],13,7,12,0,-41,-260,1717(195.999)[I]: [6],0,20,29,42,0,-351,6172
(195.999)[I]: [5],10,7,12,0,-52,-251,1915(195.999)[I]: [6],0,20,30,46,0,-351,6172
(196.008)[I]: [5],12,6,12,0,-69,-245,2109(196.008)[I]: [6],0,20,37,47,0,-351,6172
(196.018)[I]: [5],11,4,12,0,-92,-245,2300(196.018)[I]: [6],0,21,37,49,0,-351,6172
(196.028)[I]: [5],7,4,4,0,-120,-265,2487(196.028)[I]: [6],0,22,37,49,0,-350,6172
(196.038)[I]: [5],4,3,8,0,-155,-285,2653(196.038)[I]: [6],0,23,38,48,0,-350,6172
(196.048)[I]: [5],3,3,8,0,-190,-310,2768(196.048)[I]: [6],0,22,38,48,0,-350,6172
(196.058)[I]: [5],0,1,4,0,-224,-346,2814(196.058)[I]: [6],0,23,35,46,0,-350,6172
(196.068)[I]: [5],0,1,8,0,-249,-378,2825(196.068)[I]: [6],0,25,35,44,0,-349,6172
(196.078)[I]: [5],0,1,8,0,-265,-397,2800(196.078)[I]: [6],0,26,37,42,0,-350,6172
(196.088)[I]: [5],0,2,8,0,-280,-399,2738(196.088)[I]: [6],0,27,39,40,0,-350,6172
(196.098)[I]: [5],0,2,8,0,-295,-390,2655(196.098)[I]: [6],0,26,39,36,0,-349,6172
(196.108)[I]: [5],0,2,8,0,-311,-373,2564(196.108)[I]: [6],0,26,39,31,0,-349,6172
(196.118)[I]: [5],0,1,8,0,-330,-350,2468(196.118)[I]: [6],0,27,40,31,0,-349,6172
(196.128)[I]: [5],0,1,8,0,-350,-324,2371(196.128)[I]: [6],0,27,42,29,0,-349,6172
(196.138)[I]: [5],0,2,4,0,-369,-298,2269(196.138)[I]: [6],0,27,43,28,0,-349,6172
(196.148)[I]: [5],0,2,4,0,-385,-271,2163(196.148)[I]: [6],0,27,47,27,0,-348,6172
(196.158)[I]: [5],0,1,4,0,-397,-244,2055(196.158)[I]: [6],0,28,47,27,0,-348,6172
(196.168)[I]: [5],0,1,4,0,-402,-218,1942(196.168)[I]: [6],0,29,48,27,0,-348,6172
(196.178)[I]: [5],0,1,8,0,-401,-193,1823(196.178)[I]: [6],0,31,51,27,0,-348,6172
(196.188)[I]: [5],0,1,8,0,-394,-169,1696(196.188)[I]: [6],0,31,49,27,0,-348,6172
(196.198)[I]: [5],0,2,4,0,-382,-147,1564(196.198)[I]: [6],0,31,49,26,0,-348,6172
(196.208)[I]: [5],0,2,4,0,-368,-125,1432(196.208)[I]: [6],0,31,48,25,0,-349,6172
(196.218)[I]: [5],0,2,4,0,-354,-101,1304(196.218)[I]: [6],0,33,50,25,0,-348,6172
(196.228)[I]: [5],0,3,4,0,-341,-72,1183(196.228)[I]: [6],0,34,49,24,0,-348,6172
(196.238)[I]: [5],0,2,4,0,-330,-35,1070(196.238)[I]: [6],0,37,48,24,0,-348,6172
(196.248)[I]: [5],0,3,4,0,-324,8,965(196.248)[I]: [6],0,39,49,23,0,-348,6172
(196.258)[I]: [5],0,3,8,0,-321,59,864(196.258)[I]: [6],0,41,48,23,0,-348,6172
(196.268)[I]: [5],0,3,8,0,-320,113,768(196.268)[I]: [6],0,45,50,23,0,-348,6172
(196.278)[I]: [5],0,3,8,0,-321,164,676(196.278)[I]: [6],0,46,50,22,0,-347,6172
(196.288)[I]: [5],0,3,8,0,-325,210,594(196.288)[I]: [6],0,51,50,22,0,-347,6172
(196.298)[I]: [5],0,3,4,0,-329,247,524(196.298)[I]: [6],0,56,51,20,0,-347,6172
(196.308)[I]: [5],0,3,4,0,-334,276,465(196.308)[I]: [6],0,59,50,18,0,-348,6172
(196.318)[I]: [5],0,3,4,0,-340,295,414(196.318)[I]: [6],0,62,51,19,0,-348,6172
(196.328)[I]: [5],0,3,4,0,-346,307,369(196.328)[I]: [6],0,63,49,17,0,-348,6172
(196.338)[I]: [5],0,3,4,0,-350,314,324(196.338)[I]: [6],0,67,50,15,0,-348,6172
(196.348)[I]: [5],0,3,4,0,-353,323,279(196.348)[I]: [6],0,71,50,14,0,-348,6172
(196.358)[I]: [5],0,3,4,0,-352,334,233(196.358)[I]: [6],0,72,52,14,0,-348,6172
(196.368)[I]: [5],0,3,4,0,-348,346,186(196.368)[I]: [6],0,73,51,13,0,-348,6172
(196.378)[I]: [5],0,3,4,0,-341,353,139(196.378)[I]: [6],0,75,48,12,0,-349,6172
(196.388)[I]: [5],0,3,4,0,-331,354,89(196.388)[I]: [6],0,73,47,11,0,-349,6172
(196.398)[I]: [5],0,3,4,0,-317,349,35(196.398)[I]: [6],0,75,46,13,0,-349,6172
(196.408)[I]: [5],0,3,4,0,-298,340,-18(196.408)[I]: [6],0,78,46,11,0,-349,6172
(196.418)[I]: [5],0,3,4,0,-273,330,-72(196.418)[I]: [6],0,77,45,9,0,-350,6172
(196.428)[I]: [5],0,3,4,0,-244,324,-126(196.428)[I]: [6],0,78,43,6,0,-350,6172
(196.438)[I]: [5],0,3,4,0,-208,318,-175(196.438)[I]: [6],1,79,43,6,0,-349,6172
(196.448)[I]: [5],0,4,4,0,-169,312,-219(196.448)[I]: [6],0,79,44,6,0,-350,6172
(196.458)[I]: [5],0,3,4,0,-126,302,-257(196.458)[I]: [6],1,79,46,6,0,-350,6172
(196.468)[I]: [5],0,4,4,0,-81,288,-287(196.468)[I]: [6],1,79,45,6,0,-350,6172
(196.478)[I]: [5],0,4,4,0,-34,270,-308(196.478)[I]: [6],0,79,48,7,0,-351,6172
(196.488)[I]: [5],0,4,4,0,11,251,-322(196.488)[I]: [6],0,79,48,7,0,-351,6172
(196.498)[I]: [5],0,4,4,0,56,233,-331(196.498)[I]: [6],0,79,49,8,0,-351,6172
(196.508)[I]: [5],0,4,4,0,98,219,-338(196.508)[I]: [6],0,79,49,7,0,-351,6172
(196.518)[I]: [5],0,4,4,0,137,207,-346(196.518)[I]: [6],0,79,48,8,0,-351,6172
(196.528)[I]: [5],0,4,4,0,172,198,-355(196.528)[I]: [6],0,80,47,7,0,-351,6172
(196.538)[I]: [5],0,4,4,0,204,189,-362(196.538)[I]: [6],0,82,47,8,0,-351,6172
(196.548)[I]: [5],0,3,4,0,234,181,-366(196.548)[I]: [6],2,85,51,7,0,-352,6172
(196.558)[I]: [5],0,3,4,0,263,173,-366(196.558)[I]: [6],2,84,50,7,0,-352,6172
(196.568)[I]: [5],0,3,4,0,290,165,-360(196.568)[I]: [6],3,86,52,7,0,-352,6172
(196.578)[I]: [5],0,3,0,0,318,156,-349(196.578)[I]: [6],5,88,58,8,0,-352,6172
(196.588)[I]: [5],0,3,4,0,346,147,-333(196.588)[I]: [6],5,87,57,7,0,-352,6172
(196.598)[I]: [5],0,3,0,0,374,139,-312(196.598)[I]: [6],6,87,62,7,0,-353,6172
(196.608)[I]: [5],0,3,0,0,402,132,-284(196.608)[I]: [6],5,89,63,7,0,-352,6172
(196.618)[I]: [5],0,3,0,0,427,125,-251(196.618)[I]: [6],5,88,66,7,0,-353,6172
(196.628)[I]: [5],0,2,4,0,448,118,-219(196.628)[I]: [6],4,89,67,6,0,-353,6172
(196.638)[I]: [5],0,2,4,0,464,113,-195(196.638)[I]: [6],5,90,69,6,0,-353,6172
(196.648)[I]: [5],0,3,4,0,476,109,-182(196.648)[I]: [6],5,92,72,5,0,-353,6172
(196.658)[I]: [5],0,3,4,0,483,107,-181(196.658)[I]: [6],3,94,73,5,0,-354,6169
(196.668)[I]: [5],0,3,4,0,487,108,-188(196.668)[I]: [6],3,97,79,4,1,-355,6166
(196.678)[I]: [5],0,2,4,0,489,110,-195(196.678)[I]: [6],6,96,83,3,1,-355,6166
(196.688)[I]: [5],0,2,4,0,491,112,-195(196.688)[I]: [6],8,99,85,3,1,-355,6166
(196.698)[I]: [5],0,2,4,0,493,111,-183(196.698)[I]: [6],8,102,87,2,1,-355,6166
(196.708)[I]: [5],0,2,4,0,495,109,-161(196.708)[I]: [6],8,103,87,2,1,-355,6166
(196.718)[I]: [5],0,2,0,0,498,103,-134(196.718)[I]: [6],8,104,89,2,1,-355,6166
(196.728)[I]: [5],0,2,0,0,501,98,-104(196.728)[I]: [6],9,106,89,2,1,-357,6164
(196.738)[I]: [5],0,2,0,0,502,91,-71(196.738)[I]: [6],9,109,91,3,2,-361,6158
(196.748)[I]: [5],0,3,0,0,500,80,-34(196.748)[I]: [6],9,114,92,2,3,-365,6151
(196.758)[I]: [5],0,3,0,0,493,63,1(196.758)[I]: [6],11,117,94,2,5,-370,6143
(196.768)[I]: [5],0,3,0,0,482,45,29(196.768)[I]: [6],11,120,94,2,6,-376,6139
(196.778)[I]: [5],0,2,0,0,463,32,41(196.778)[I]: [6],11,122,96,3,8,-380,6134
(196.788)[I]: [5],0,1,0,0,437,27,33(196.788)[I]: [6],11,122,94,2,10,-386,6126
(196.798)[I]: [5],0,3,0,0,404,31,8(196.798)[I]: [6],12,127,93,1,12,-396,6109
(196.808)[I]: [5],0,2,4,3,365,45,120(196.808)[I]: [6],13,137,88,1,15,-432,6076
(196.818)[I]: [5],0,2,8,16,338,-68,206(196.818)[I]: [6],14,143,78,1,17,-508,5993
(196.828)[I]: [5],0,8,40,33,313,-140,287(196.828)[I]: [6],15,142,66,1,34,-530,5862
(196.838)[I]: [5],1,8,44,46,308,-171,355(196.838)[I]: [6],15,134,36,1,59,-536,5678
(196.848)[I]: [5],3,13,44,52,305,-178,368(196.849)[I]: [6],19,108,14,0,91,-524,5447
(196.858)[I]: [5],3,17,48,53,303,-159,369(196.859)[I]: [6],23,79,9,0,121,-496,5193
(196.868)[I]: [5],1,19,52,43,300,-150,384(196.869)[I]: [6],25,63,7,0,155,-456,4894
(196.878)[I]: [5],2,24,56,40,297,-146,400(196.879)[I]: [6],23,37,3,0,193,-438,4576
(196.888)[I]: [5],3,28,64,40,296,-138,410(196.889)[I]: [6],31,25,4,0,233,-449,4250
(196.898)[I]: [5],4,29,72,48,294,-132,417(196.899)[I]: [6],38,19,5,0,260,-510,3912
(196.908)[I]: [5],8,29,68,57,291,-129,416(196.909)[I]: [6],51,16,5,1,271,-590,3560
(196.918)[I]: [5],11,31,76,68,288,-130,416(196.919)[I]: [6],43,15,4,1,300,-645,3208
(196.928)[I]: [5],11,31,76,74,285,-130,417(196.929)[I]: [6],29,11,5,1,331,-728,2852
(196.938)[I]: [5],12,34,72,75,282,-130,417(196.939)[I]: [6],15,7,4,1,386,-824,2525
(196.948)[I]: [5],11,35,76,71,280,-130,417(196.949)[I]: [6],0,6,5,2,420,-1021,2331
(196.958)[I]: [5],11,36,76,70,277,-130,417(196.959)[I]: [6],0,7,3,2,445,-1147,2237
(196.968)[I]: [5],12,38,76,66,274,-130,417(196.969)[I]: [6],0,8,4,2,474,-1240,2246
(196.978)[I]: [5],12,41,72,64,271,-131,417(196.979)[I]: [6],0,8,3,2,516,-1267,2346
(196.988)[I]: [5],13,41,68,56,269,-133,417(196.989)[I]: [6],0,7,4,1,582,-1232,2473
(196.998)[I]: [5],12,44,60,48,266,-134,417(196.999)[I]: [6],0,7,4,1,671,-1194,2597
(196.999)[I]: [5],12,43,60,42,263,-134,417(196.999)[I]: [6],0,7,5,1,769,-1171,2709
(196.999)[I]: [5],12,46,52,35,261,-133,417(196.999)[I]: [6],0,7,4,1,864,-1173,2822
(197.004)[I]: [5],11,47,56,28,258,-135,417(197.005)[I]: [6],0,7,4,1,931,-1200,2949
(197.014)[I]: [5],11,48,52,21,255,-142,417(197.015)[I]: [6],0,7,3,1,982,-1231,3095
(197.024)[I]: [5],11,49,52,20,252,-151,419(197.025)[I]: [6],0,7,3,1,1009,-1259,3254
(197.034)[I]: [5],11,53,48,18,249,-155,419(197.035)[I]: [6],0,7,4,1,1017,-1271,3417
(197.044)[I]: [5],14,58,56,19,247,-162,420(197.045)[I]: [6],0,7,4,1,1010,-1261,3577
(197.054)[I]: [5],14,60,52,20,245,-168,422(197.055)[I]: [6],0,7,3,1,996,-1220,3732
(197.064)[I]: [5],16,62,44,20,242,-169,422(197.065)[I]: [6],0,7,3,1,968,-1159,3879
(197.074)[I]: [5],16,63,40,18,240,-170,422(197.075)[I]: [6],0,7,3,1,926,-1082,4018
(197.084)[I]: [5],18,67,44,18,238,-169,422(197.085)[I]: [6],0,7,3,1,872,-1000,4143
(197.094)[I]: [5],18,70,44,17,235,-169,422(197.095)[I]: [6],0,7,3,1,820,-915,4244
(197.104)[I]: [5],20,79,44,19,233,-170,422(197.105)[I]: [6],0,7,3,1,781,-834,4304
(197.114)[I]: [5],21,84,44,16,231,-170,422(197.115)[I]: [6],0,7,3,1,766,-757,4313
(197.124)[I]: [5],21,90,48,16,228,-171,422(197.125)[I]: [6],0,7,4,1,782,-685,4275
(197.134)[I]: [5],23,96,48,15,226,-171,422(197.135)[I]: [6],0,7,4,1,835,-613,4195
(197.144)[I]: [5],24,97,48,13,224,-172,422(197.145)[I]: [6],0,7,4,1,922,-539,4088
(197.154)[I]: [5],25,101,48,12,222,-173,422(197.155)[I]: [6],0,7,3,1,1036,-456,3977
(197.164)[I]: [5],29,112,48,10,219,-175,425(197.165)[I]: [6],0,6,3,1,1169,-351,3888
(197.174)[I]: [5],31,116,48,8,217,-179,426(197.175)[I]: [6],0,6,3,1,1307,-221,3847
(197.184)[I]: [5],31,120,48,9,216,-183,431(197.185)[I]: [6],0,6,3,1,1438,-75,3863
(197.194)[I]: [5],31,124,44,9,214,-188,435(197.195)[I]: [6],0,6,3,1,1544,82,3928
(197.204)[I]: [5],30,127,40,6,212,-190,438(197.205)[I]: [6],0,7,2,1,1613,241,4017
(197.214)[I]: [5],30,131,32,6,210,-192,438(197.215)[I]: [6],0,7,2,1,1637,388,4106
(197.224)[I]: [5],31,134,36,6,208,-193,438(197.225)[I]: [6],0,7,2,1,1616,507,4180
(197.234)[I]: [5],31,136,36,6,206,-194,438(197.235)[I]: [6],0,8,2,1,1545,588,4236
(197.244)[I]: [5],31,142,36,5,204,-196,442(197.245)[I]: [6],0,9,2,1,1442,637,4277
(197.254)[I]: [5],34,146,36,5,203,-199,455(197.255)[I]: [6],0,9,3,1,1309,656,4315
(197.264)[I]: [5],37,153,40,4,201,-204,467(197.265)[I]: [6],0,8,2,1,1166,651,4355
(197.274)[I]: [5],41,156,36,4,200,-209,480(197.275)[I]: [6],0,8,1,1,1029,631,4401
(197.284)[I]: [5],45,158,40,2,199,-214,491(197.285)[I]: [6],0,8,2,0,914,606,4454
(197.294)[I]: [5],47,159,40,2,197,-217,494(197.295)[I]: [6],0,8,1,0,831,583,4514
(197.304)[I]: [5],48,154,44,4,196,-217,491(197.305)[I]: [6],0,8,1,1,786,567,4577
(197.314)[I]: [5],46,143,48,5,196,-210,479(197.315)[I]: [6],0,9,2,1,778,565,4643
(197.324)[I]: [5],43,135,52,5,196,-199,461(197.325)[I]: [6],0,9,2,0,796,574,4714
(197.334)[I]: [5],39,124,52,7,195,-192,443(197.335)[I]: [6],0,9,3,0,830,588,4783
(197.344)[I]: [5],36,119,52,8,196,-188,433(197.345)[I]: [6],0,10,2,1,867,607,4845
(197.354)[I]: [5],36,115,52,9,194,-188,433(197.355)[I]: [6],0,9,2,1,896,628,4894
(197.364)[I]: [5],36,113,56,9,192,-189,433(197.365)[I]: [6],0,9,2,1,910,654,4922
(197.374)[I]: [5],36,112,56,9,190,-189,433(197.375)[I]: [6],0,9,1,1,907,682,4931
(197.384)[I]: [5],39,113,60,10,188,-190,434(197.385)[I]: [6],0,7,1,1,885,707,4924
(197.394)[I]: [5],44,113,64,10,186,-191,434(197.395)[I]: [6],0,8,1,1,848,721,4908
(197.404)[I]: [5],46,113,76,9,184,-193,434(197.405)[I]: [6],0,8,1,1,799,720,4888
(197.414)[I]: [5],49,114,76,9,183,-192,435(197.415)[I]: [6],0,8,0,1,745,703,4869
(197.424)[I]: [5],51,114,84,9,183,-190,437(197.425)[I]: [6],0,8,1,1,687,673,4849
(197.434)[I]: [5],54,114,100,8,183,-185,442(197.435)[I]: [6],0,7,1,1,629,633,4829
(197.444)[I]: [5],57,116,108,8,182,-179,447(197.445)[I]: [6],0,7,1,1,576,590,4809
(197.454)[I]: [5],62,119,112,6,181,-177,454(197.455)[I]: [6],0,7,1,1,531,548,4790
(197.464)[I]: [5],69,125,116,7,179,-178,463(197.465)[I]: [6],0,7,1,1,496,513,4772
(197.474)[I]: [5],79,133,120,5,177,-179,477(197.475)[I]: [6],0,7,1,1,477,488,4754
(197.484)[I]: [5],94,146,124,4,175,-183,494(197.485)[I]: [6],0,7,1,1,474,476,4739
(197.494)[I]: [5],103,161,124,2,172,-187,514(197.495)[I]: [6],0,8,1,1,493,457,4730
(197.504)[I]: [5],116,175,124,1,169,-191,540(197.505)[I]: [6],0,10,2,0,476,352,4907
(197.514)[I]: [5],116,186,120,0,166,-198,572(197.515)[I]: [6],0,9,2,0,449,223,5155
(197.524)[I]: [5],125,201,116,0,163,-219,618(197.525)[I]: [6],0,17,3,0,416,126,5386
(197.534)[I]: [5],138,216,116,0,158,-269,677(197.535)[I]: [6],0,19,7,0,405,85,5658
(197.544)[I]: [5],135,227,112,0,155,-333,758(197.545)[I]: [6],0,25,14,0,419,55,5921
(197.554)[I]: [5],148,240,104,0,147,-357,877(197.555)[I]: [6],0,31,24,0,432,-9,6168
(197.564)[I]: [5],155,239,92,0,145,-386,1027(197.565)[I]: [6],0,29,29,0,481,-171,6354
(197.574)[I]: [5],158,224,60,0,143,-398,1218(197.575)[I]: [6],0,28,28,2,475,-311,6262
(197.584)[I]: [5],156,215,28,0,141,-393,1455(197.585)[I]: [6],0,31,29,5,468,-313,6272
(197.594)[I]: [5],153,158,20,0,143,-388,1732(197.595)[I]: [6],0,37,39,10,427,-315,6267
(197.604)[I]: [5],140,109,20,0,141,-394,2057(197.605)[I]: [6],0,38,31,19,439,-308,6267
(197.614)[I]: [5],135,68,20,0,130,-416,2424(197.615)[I]: [6],0,38,41,22,436,-296,6265
(197.624)[I]: [5],123,31,20,0,105,-457,2822(197.625)[I]: [6],0,41,46,21,432,-287,6260
(197.634)[I]: [5],96,19,16,0,70,-515,3235(197.635)[I]: [6],0,42,48,21,429,-281,6255
(197.644)[I]: [5],76,14,8,0,20,-586,3642(197.644)[I]: [6],0,41,47,20,426,-278,6253
(197.654)[I]: [5],62,9,0,0,-21,-667,4033(197.654)[I]: [6],1,40,50,20,422,-275,6253
(197.664)[I]: [5],55,4,0,0,-58,-739,4431(197.664)[I]: [6],1,40,45,22,417,-274,6253
(197.674)[I]: [5],29,5,0,0,-111,-820,4798(197.674)[I]: [6],0,45,42,24,413,-273,6253
(197.684)[I]: [5],15,5,0,0,-155,-958,5092(197.684)[I]: [6],0,44,39,27,409,-273,6253
(197.694)[I]: [5],4,5,0,0,-182,-1148,5218(197.694)[I]: [6],0,45,34,29,405,-273,6253
(197.704)[I]: [5],0,4,0,0,-213,-1235,5218(197.704)[I]: [6],0,44,31,29,401,-274,6254
(197.714)[I]: [5],0,4,4,0,-250,-1303,5165(197.714)[I]: [6],0,44,31,31,397,-274,6254
(197.724)[I]: [5],0,3,0,0,-286,-1319,5034(197.724)[I]: [6],0,43,28,30,393,-275,6254
(197.734)[I]: [5],1,3,0,0,-339,-1287,4856(197.734)[I]: [6],0,44,30,29,389,-276,6254
(197.744)[I]: [5],1,3,4,0,-402,-1255,4663(197.744)[I]: [6],0,47,27,28,385,-276,6255
(197.754)[I]: [5],1,3,0,0,-473,-1223,4478(197.754)[I]: [6],0,50,27,25,381,-276,6255
(197.764)[I]: [5],1,2,0,0,-544,-1210,4303(197.764)[I]: [6],0,51,26,23,378,-276,6255
(197.774)[I]: [5],3,3,4,0,-610,-1216,4144(197.774)[I]: [6],0,57,25,22,374,-276,6255
(197.784)[I]: [5],2,3,0,0,-667,-1225,4016(197.784)[I]: [6],0,58,25,20,370,-276,6255
(197.794)[I]: [5],1,3,0,0,-713,-1230,3921(197.794)[I]: [6],0,58,24,20,366,-277,6255
(197.804)[I]: [5],0,3,0,0,-750,-1228,3840(197.804)[I]: [6],0,61,24,19,363,-278,6256
(197.814)[I]: [5],0,3,4,0,-778,-1210,3752(197.814)[I]: [6],0,63,25,16,359,-279,6256
(197.824)[I]: [5],0,3,0,0,-792,-1180,3641(197.824)[I]: [6],0,66,26,15,356,-279,6256
(197.834)[I]: [5],0,2,4,0,-796,-1135,3495(197.834)[I]: [6],0,68,28,15,352,-280,6256
(197.844)[I]: [5],0,3,0,0,-794,-1075,3314(197.844)[I]: [6],0,72,27,14,349,-280,6256
(197.854)[I]: [5],0,4,0,0,-796,-1005,3109(197.854)[I]: [6],1,75,27,14,345,-281,6256
(197.864)[I]: [5],0,5,0,0,-812,-936,2890(197.864)[I]: [6],0,77,27,14,342,-281,6257
(197.874)[I]: [5],0,5,0,0,-851,-872,2671(197.874)[I]: [6],1,77,25,14,338,-282,6257
(197.884)[I]: [5],0,5,0,0,-912,-812,2464(197.884)[I]: [6],1,78,25,14,335,-282,6257
(197.894)[I]: [5],0,5,0,0,-991,-751,2285(197.894)[I]: [6],1,80,23,13,332,-283,6257
(197.904)[I]: [5],0,5,0,0,-1082,-683,2147(197.904)[I]: [6],1,78,24,13,328,-283,6257
(197.914)[I]: [5],0,5,0,0,-1181,-614,2050(197.914)[I]: [6],1,81,24,11,325,-283,6257
(197.924)[I]: [5],0,5,0,0,-1281,-552,1978(197.924)[I]: [6],1,85,24,11,322,-283,6258
(197.934)[I]: [5],0,5,0,0,-1373,-504,1907(197.934)[I]: [6],1,89,24,9,318,-284,6258
(197.944)[I]: [5],0,5,0,0,-1452,-464,1816(197.944)[I]: [6],0,92,25,8,315,-284,6258
(197.954)[I]: [5],0,5,0,0,-1517,-412,1701(197.954)[I]: [6],2,94,26,7,312,-285,6258
(197.964)[I]: [5],0,5,0,0,-1577,-330,1571(197.964)[I]: [6],2,95,25,7,309,-285,6258
(197.974)[I]: [5],0,5,0,0,-1631,-207,1443(197.974)[I]: [6],3,100,24,7,306,-286,6258
(197.984)[I]: [5],0,5,0,0,-1673,-45,1332(197.984)[I]: [6],4,105,24,7,303,-286,6258
(197.994)[I]: [5],0,6,0,0,-1690,125,1250(197.994)[I]: [6],5,108,25,7,300,-286,6259
(197.999)[I]: [5],0,6,0,0,-1680,265,1182(197.999)[I]: [6],6,110,25,7,297,-286,6259
(197.999)[I]: [5],0,7,0,0,-1639,332,1113(197.999)[I]: [6],6,114,24,7,294,-287,6259
(198.000)[I]: [5],0,7,0,0,-1565,325,1035(198.000)[I]: [6],5,117,24,6,291,-287,6259
(198.010)[I]: [5],0,7,0,0,-1463,282,952(198.010)[I]: [6],5,117,23,6,288,-287,6259
(198.020)[I]: [5],0,7,0,0,-1336,240,868(198.020)[I]: [6],5,118,20,6,285,-287,6259
(198.030)[I]: [5],0,7,0,0,-1194,219,784(198.030)[I]: [6],6,125,21,6,284,-290,6252
(198.040)[I]: [5],0,6,0,0,-1043,219,701(198.040)[I]: [6],7,125,20,6,282,-293,6246
(198.050)[I]: [5],0,6,0,0,-894,217,614(198.050)[I]: [6],6,125,20,6,279,-294,6246
(198.060)[I]: [5],0,6,0,0,-754,205,530(198.060)[I]: [6],6,125,22,6,277,-295,6247
(198.070)[I]: [5],0,6,0,0,-631,187,459(198.070)[I]: [6],6,126,23,6,274,-296,6247
(198.080)[I]: [5],0,6,0,0,-523,164,413(198.080)[I]: [6],6,121,24,6,271,-296,6247
(198.090)[I]: [5],0,6,0,0,-431,148,396(198.090)[I]: [6],7,118,23,7,268,-295,6247
(198.100)[I]: [5],0,6,0,0,-351,148,405(198.100)[I]: [6],7,117,23,7,266,-295,6247
(198.110)[I]: [5],0,6,0,0,-279,167,433(198.110)[I]: [6],7,114,23,7,263,-296,6247
(198.120)[I]: [5],0,6,0,0,-212,200,476(198.120)[I]: [6],7,113,23,7,261,-295,6247
(198.130)[I]: [5],0,6,0,0,-148,242,530(198.130)[I]: [6],7,117,23,7,258,-295,6247
(198.140)[I]: [5],0,6,0,0,-86,291,597(198.140)[I]: [6],8,121,27,7,255,-295,6247
(198.150)[I]: [5],0,5,0,0,-23,342,675(198.150)[I]: [6],9,126,31,6,254,-297,6242
(198.160)[I]: [5],0,5,0,0,38,391,759(198.160)[I]: [6],11,127,30,7,252,-299,6242
(198.170)[I]: [5],0,5,0,0,99,428,842(198.170)[I]: [6],11,134,31,7,249,-300,6242
(198.180)[I]: [5],0,6,0,0,157,446,920(198.180)[I]: [6],12,139,38,6,248,-300,6239
(198.190)[I]: [5],0,5,0,0,215,448,990(198.190)[I]: [6],14,146,44,5,248,-299,6231
(198.200)[I]: [5],0,5,0,0,271,439,1054(198.200)[I]: [6],17,154,46,3,248,-303,6219
(198.210)[I]: [5],0,5,0,0,327,427,1120(198.210)[I]: [6],21,164,49,3,248,-309,6207
(198.220)[I]: [5],0,4,0,0,379,416,1195(198.220)[I]: [6],22,178,50,3,250,-316,6198
(198.230)[I]: [5],0,3,0,0,425,405,1284(198.230)[I]: [6],21,186,51,3,251,-321,6190
(198.240)[I]: [5],0,3,12,0,452,388,1380(198.240)[I]: [6],24,192,51,2,252,-326,6184
(198.250)[I]: [5],2,5,16,0,481,215,1288(198.250)[I]: [6],23,200,53,2,252,-331,6178
(198.260)[I]: [5],2,6,20,0,530,119,1009(198.260)[I]: [6],23,206,57,2,254,-341,6170
(198.270)[I]: [5],0,9,36,0,547,182,809(198.270)[I]: [6],24,214,57,2,256,-374,6152
(198.280)[I]: [5],0,17,60,0,524,218,608(198.280)[I]: [6],24,227,62,2,259,-439,6107
(198.290)[I]: [5],0,24,76,0,503,121,405(198.290)[I]: [6],28,246,59,1,263,-521,6030
(198.300)[I]: [5],0,28,76,0,504,-67,469(198.300)[I]: [6],30,261,36,1,273,-570,5933
(198.310)[I]: [5],1,36,88,2,492,-142,471(198.311)[I]: [6],31,271,22,1,284,-592,5797
(198.320)[I]: [5],3,31,68,6,482,-242,470(198.321)[I]: [6],34,261,13,1,298,-613,5633
(198.330)[I]: [5],6,35,64,8,478,-276,466(198.331)[I]: [6],38,238,2,1,321,-616,5433
(198.340)[I]: [5],7,36,60,10,473,-281,467(198.341)[I]: [6],38,192,1,1,336,-623,5203
(198.350)[I]: [5],10,42,60,10,468,-282,467(198.351)[I]: [6],37,138,1,1,356,-609,4931
(198.360)[I]: [5],14,37,60,10,466,-277,471(198.361)[I]: [6],43,92,1,0,392,-604,4628
(198.370)[I]: [5],17,41,60,12,465,-269,470(198.371)[I]: [6],56,55,2,0,447,-613,4309
(198.380)[I]: [5],18,40,56,15,464,-257,465(198.381)[I]: [6],62,41,3,1,483,-668,3974
(198.390)[I]: [5],18,41,56,17,464,-251,457(198.391)[I]: [6],70,25,3,1,512,-744,3622
(198.400)[I]: [5],19,42,56,18,462,-252,448(198.401)[I]: [6],61,22,3,1,549,-814,3263
(198.410)[I]: [5],18,38,60,26,459,-257,440(198.411)[I]: [6],48,20,3,1,591,-889,2919
(198.420)[I]: [5],17,38,52,38,457,-261,434(198.421)[I]: [6],29,13,2,1,652,-963,2568
(198.430)[I]: [5],17,38,48,49,453,-262,434(198.431)[I]: [6],11,9,1,2,713,-1113,2282
(198.440)[I]: [5],17,37,48,56,448,-262,434(198.441)[I]: [6],0,9,3,2,746,-1330,2187
(198.450)[I]: [5],15,38,44,54,444,-262,434(198.451)[I]: [6],0,8,3,2,792,-1384,2198
(198.460)[I]: [5],14,37,44,54,439,-262,434(198.461)[I]: [6],0,7,3,2,834,-1439,2267
(198.470)[I]: [5],14,38,40,57,435,-262,434(198.471)[I]: [6],0,10,3,2,900,-1413,2396
(198.480)[I]: [5],15,38,36,55,431,-261,434(198.481)[I]: [6],0,9,3,2,979,-1342,2559
(198.490)[I]: [5],15,39,36,50,426,-260,434(198.491)[I]: [6],0,9,3,1,1062,-1266,2732
(198.500)[I]: [5],13,39,32,50,423,-261,433(198.501)[I]: [6],0,9,2,1,1132,-1202,2916
(198.510)[I]: [5],11,43,32,48,420,-267,430(198.511)[I]: [6],0,9,2,1,1175,-1169,3104
(198.520)[I]: [5],11,44,32,45,416,-274,427(198.521)[I]: [6],0,9,3,1,1197,-1160,3295
(198.530)[I]: [5],9,46,28,41,411,-281,425(198.531)[I]: [6],0,9,3,1,1187,-1154,3473
(198.540)[I]: [5],9,47,32,35,408,-288,424(198.541)[I]: [6],0,9,2,1,1150,-1139,3636
(198.550)[I]: [5],11,49,36,31,405,-295,423(198.551)[I]: [6],0,9,3,1,1092,-1104,3779
(198.560)[I]: [5],11,52,32,27,401,-295,423(198.561)[I]: [6],0,9,2,1,1024,-1042,3906
(198.570)[I]: [5],11,55,28,28,397,-296,423(198.571)[I]: [6],0,9,3,1,956,-957,4012
(198.580)[I]: [5],9,57,28,27,393,-296,423(198.581)[I]: [6],0,9,2,1,901,-856,4082
(198.590)[I]: [5],9,57,28,24,390,-296,423(198.591)[I]: [6],0,10,2,1,871,-749,4105
(198.600)[I]: [5],11,59,28,23,386,-296,423(198.601)[I]: [6],0,9,2,1,872,-641,4084
(198.610)[I]: [5],11,61,28,24,382,-297,423(198.611)[I]: [6],0,9,2,1,904,-540,4033
(198.620)[I]: [5],10,63,28,22,378,-297,423(198.621)[I]: [6],0,9,2,1,957,-445,3969
(198.630)[I]: [5],11,67,28,21,374,-297,423(198.631)[I]: [6],0,8,2,1,1021,-347,3907
(198.640)[I]: [5],12,71,28,21,371,-297,423(198.641)[I]: [6],0,8,2,1,1081,-239,3860
(198.650)[I]: [5],12,72,28,22,367,-298,423(198.651)[I]: [6],0,9,1,1,1122,-124,3837
(198.660)[I]: [5],12,77,28,20,363,-298,423(198.661)[I]: [6],0,9,0,1,1141,-1,3844
(198.670)[I]: [5],13,78,24,19,360,-299,423(198.671)[I]: [6],0,9,1,1,1124,108,3888
(198.680)[I]: [5],13,85,28,17,356,-302,426(198.681)[I]: [6],0,10,1,1,1080,190,3967
(198.690)[I]: [5],16,91,28,19,353,-302,426(198.691)[I]: [6],0,10,0,1,1004,231,4073
(198.700)[I]: [5],16,96,28,17,349,-304,426(198.701)[I]: [6],0,11,0,1,905,232,4196
(198.710)[I]: [5],17,100,32,16,346,-305,426(198.711)[I]: [6],0,10,1,1,791,202,4321
(198.720)[I]: [5],19,107,32,16,342,-305,426(198.721)[I]: [6],0,10,1,1,671,158,4435
(198.730)[I]: [5],19,116,36,17,339,-306,426(198.731)[I]: [6],0,10,1,1,555,117,4525
(198.740)[I]: [5],20,122,36,16,335,-306,426(198.741)[I]: [6],0,10,1,1,450,94,4586
(198.750)[I]: [5],23,124,36,17,332,-306,426(198.751)[I]: [6],0,9,1,1,366,98,4621
(198.760)[I]: [5],23,124,36,17,329,-307,426(198.761)[I]: [6],0,8,1,1,307,122,4641
(198.770)[I]: [5],23,123,36,17,326,-307,426(198.771)[I]: [6],0,8,1,1,276,148,4660
(198.780)[I]: [5],23,123,40,19,322,-308,426(198.781)[I]: [6],0,9,2,1,265,161,4689
(198.790)[I]: [5],25,121,40,19,319,-308,426(198.791)[I]: [6],0,8,2,1,270,161,4732
(198.800)[I]: [5],30,121,40,19,316,-309,426(198.801)[I]: [6],0,7,1,1,281,152,4788
(198.810)[I]: [5],31,122,44,18,313,-310,426(198.811)[I]: [6],0,8,2,1,293,147,4851
(198.820)[I]: [5],35,124,48,17,310,-310,426(198.821)[I]: [6],0,9,2,1,303,156,4913
(198.830)[I]: [5],38,124,48,16,307,-310,426(198.831)[I]: [6],0,9,2,1,309,175,4969
(198.840)[I]: [5],43,126,52,13,303,-310,427(198.841)[I]: [6],0,9,2,1,312,192,5017
(198.850)[I]: [5],47,131,56,12,300,-310,427(198.851)[I]: [6],0,9,2,1,314,206,5060
(198.860)[I]: [5],50,135,56,11,297,-310,427(198.861)[I]: [6],0,9,2,1,316,217,5101
(198.870)[I]: [5],51,140,60,10,295,-310,427(198.871)[I]: [6],0,10,1,1,321,233,5136
(198.880)[I]: [5],56,149,60,10,292,-310,427(198.881)[I]: [6],0,9,2,1,333,259,5160
(198.890)[I]: [5],54,159,68,10,289,-310,430(198.891)[I]: [6],0,9,2,1,355,298,5170
(198.900)[I]: [5],57,169,72,8,287,-312,437(198.901)[I]: [6],0,9,2,1,387,348,5165
(198.910)[I]: [5],63,175,72,8,284,-314,440(198.911)[I]: [6],0,10,2,1,425,406,5145
(198.920)[I]: [5],76,189,76,7,282,-315,447(198.921)[I]: [6],0,10,2,1,465,467,5113
(198.930)[I]: [5],83,207,84,7,280,-316,455(198.931)[I]: [6],0,10,2,1,504,526,5071
(198.940)[I]: [5],94,224,92,6,277,-319,464(198.941)[I]: [6],0,9,1,1,536,576,5023
(198.950)[I]: [5],98,239,92,4,273,-325,479(198.951)[I]: [6],0,9,1,1,559,617,4966
(198.960)[I]: [5],111,251,92,2,269,-335,501(198.961)[I]: [6],0,9,1,1,574,645,4898
(198.970)[I]: [5],119,268,100,1,264,-348,531(198.971)[I]: [6],0,9,1,1,586,659,4817
(198.980)[I]: [5],131,290,92,0,258,-375,576(198.981)[I]: [6],0,7,1,1,586,654,4739
(198.990)[I]: [5],142,305,80,0,251,-424,637(198.991)[I]: [6],0,15,6,1,570,513,4864
(198.999)[I]: [5],150,322,64,0,246,-499,724(198.999)[I]: [6],0,20,6,0,506,349,5099
(198.999)[I]: [5],154,326,44,0,235,-537,843(198.999)[I]: [6],0,26,11,0,458,281,5270
(198.999)[I]: [5],156,319,28,0,225,-573,1007(198.999)[I]: [6],0,35,22,0,445,247,5473
(199.006)[I]: [5],153,271,24,0,213,-603,1226(199.007)[I]: [6],0,46,45,0,457,212,5678
(199.016)[I]: [5],139,225,12,0,196,-622,1501(199.017)[I]: [6],0,49,61,0,451,134,5845
(199.026)[I]: [5],123,148,0,0,176,-665,1816(199.027)[I]: [6],0,60,76,0,446,41,5961
(199.036)[I]: [5],108,91,0,0,153,-739,2180(199.036)[I]: [6],2,70,84,1,442,-60,6092
(199.046)[I]: [5],104,47,0,0,108,-814,2575(199.046)[I]: [6],3,79,94,1,445,-289,6123
(199.056)[I]: [5],82,27,4,0,46,-900,2980(199.056)[I]: [6],6,79,113,5,420,-277,6132
(199.066)[I]: [5],56,19,4,0,-19,-996,3377(199.066)[I]: [6],5,78,106,8,450,-284,6149
(199.076)[I]: [5],31,10,4,0,-91,-1083,3757(199.076)[I]: [6],4,73,113,11,458,-277,6162
(199.086)[I]: [5],21,9,0,0,-160,-1162,4117(199.086)[I]: [6],3,71,117,15,457,-275,6169
(199.096)[I]: [5],9,9,0,0,-244,-1251,4478(199.096)[I]: [6],1,67,108,15,455,-269,6176
(199.106)[I]: [5],1,9,4,0,-300,-1432,4729(199.106)[I]: [6],1,63,106,14,451,-263,6184
(199.116)[I]: [5],0,8,4,0,-338,-1569,4805(199.116)[I]: [6],0,60,96,14,449,-258,6191
(199.126)[I]: [5],0,6,4,0,-366,-1674,4795(199.126)[I]: [6],0,60,87,14,447,-257,6199
(199.136)[I]: [5],4,5,4,0,-368,-1732,4680(199.136)[I]: [6],0,56,83,15,445,-258,6207
(199.146)[I]: [5],3,5,4,0,-384,-1697,4506(199.146)[I]: [6],0,55,82,14,440,-258,6207
(199.156)[I]: [5],2,4,4,0,-417,-1622,4320(199.156)[I]: [6],0,53,81,11,436,-259,6207
(199.166)[I]: [5],1,4,4,0,-460,-1526,4146(199.166)[I]: [6],0,55,80,9,432,-261,6208
(199.176)[I]: [5],1,4,4,0,-506,-1441,3982(199.177)[I]: [6],0,55,81,8,427,-264,6208
(199.186)[I]: [5],1,3,4,0,-544,-1380,3819(199.186)[I]: [6],0,56,81,7,423,-265,6209
(199.196)[I]: [5],0,4,4,0,-566,-1346,3654(199.196)[I]: [6],0,54,84,7,419,-265,6209
(199.206)[I]: [5],2,3,8,0,-571,-1337,3488(199.206)[I]: [6],0,54,86,7,415,-265,6209
(199.216)[I]: [5],1,3,4,0,-564,-1340,3323(199.216)[I]: [6],0,55,89,6,411,-266,6209
(199.226)[I]: [5],0,3,4,0,-554,-1341,3154(199.226)[I]: [6],0,53,90,6,406,-267,6209
(199.236)[I]: [5],0,3,4,0,-549,-1317,2984(199.236)[I]: [6],0,53,91,5,402,-268,6210
(199.246)[I]: [5],0,3,4,0,-554,-1269,2807(199.246)[I]: [6],0,54,94,6,398,-269,6210
(199.256)[I]: [5],0,3,4,0,-575,-1203,2620(199.256)[I]: [6],0,54,95,5,394,-270,6210
(199.266)[I]: [5],0,3,4,0,-609,-1131,2424(199.266)[I]: [6],0,56,99,5,392,-271,6207
(199.276)[I]: [5],0,4,4,0,-657,-1051,2224(199.276)[I]: [6],0,55,100,4,388,-272,6208
(199.286)[I]: [5],0,4,4,0,-713,-969,2033(199.286)[I]: [6],0,57,102,5,384,-273,6208
(199.296)[I]: [5],0,5,4,0,-773,-892,1858(199.296)[I]: [6],0,56,104,6,380,-274,6208
(199.306)[I]: [5],0,4,4,0,-829,-825,1703(199.306)[I]: [6],0,56,106,5,376,-274,6208
(199.316)[I]: [5],0,3,0,0,-875,-772,1573(199.316)[I]: [6],0,57,108,5,373,-275,6208
(199.326)[I]: [5],0,4,4,0,-912,-728,1468(199.326)[I]: [6],0,58,110,5,369,-276,6209
(199.336)[I]: [5],0,3,4,0,-937,-691,1382(199.336)[I]: [6],0,59,111,5,365,-277,6209
(199.346)[I]: [5],0,3,4,0,-949,-652,1299(199.346)[I]: [6],0,60,112,5,362,-278,6209
(199.356)[I]: [5],0,3,4,0,-948,-604,1200(199.356)[I]: [6],0,61,113,6,358,-279,6209
(199.366)[I]: [5],0,3,4,0,-938,-545,1079(199.366)[I]: [6],0,60,114,5,354,-280,6210
(199.376)[I]: [5],0,3,4,0,-918,-474,942(199.376)[I]: [6],0,59,113,6,351,-280,6210
(199.386)[I]: [5],0,3,4,0,-891,-391,805(199.386)[I]: [6],0,57,110,6,347,-281,6210
(199.396)[I]: [5],0,5,4,0,-855,-291,683(199.396)[I]: [6],0,57,110,6,344,-282,6210
(199.406)[I]: [5],0,5,4,0,-807,-182,586(199.406)[I]: [6],0,59,112,6,340,-282,6210
(199.416)[I]: [5],0,4,4,0,-751,-70,520(199.416)[I]: [6],0,62,113,5,338,-283,6208
(199.426)[I]: [5],0,3,4,0,-682,30,478(199.426)[I]: [6],0,63,115,5,336,-283,6201
(199.436)[I]: [5],0,3,4,0,-602,92,447(199.436)[I]: [6],0,67,117,3,334,-283,6195
(199.446)[I]: [5],0,5,0,0,-508,97,419(199.446)[I]: [6],0,70,118,3,331,-283,6192
(199.456)[I]: [5],0,6,0,0,-397,53,391(199.456)[I]: [6],0,70,120,3,327,-284,6192
(199.466)[I]: [5],0,5,4,0,-272,-5,368(199.466)[I]: [6],1,70,120,3,324,-285,6192
(199.476)[I]: [5],0,4,4,0,-138,-55,350(199.476)[I]: [6],1,69,119,3,321,-286,6192
(199.486)[I]: [5],0,4,4,0,0,-80,338(199.486)[I]: [6],1,69,119,3,318,-287,6192
(199.496)[I]: [5],0,4,4,0,131,-65,335(199.496)[I]: [6],0,68,117,3,314,-287,6192
(199.506)[I]: [5],0,4,4,0,244,-19,335(199.506)[I]: [6],0,63,114,3,311,-288,6193
(199.516)[I]: [5],0,4,4,0,338,22,337(199.516)[I]: [6],0,62,112,3,308,-288,6193
(199.526)[I]: [5],0,4,0,0,414,48,341(199.526)[I]: [6],0,63,108,3,305,-288,6193
(199.536)[I]: [5],0,4,0,0,475,59,342(199.536)[I]: [6],0,63,107,4,302,-288,6193
(199.546)[I]: [5],0,4,0,0,522,56,338(199.546)[I]: [6],0,63,104,5,299,-289,6193
(199.556)[I]: [5],0,4,0,0,555,50,325(199.556)[I]: [6],0,63,102,5,297,-292,6200
(199.566)[I]: [5],0,4,0,0,573,46,308(199.566)[I]: [6],0,62,103,5,296,-293,6206
(199.576)[I]: [5],0,4,4,0,580,49,288(199.576)[I]: [6],0,61,103,6,293,-294,6209
(199.586)[I]: [5],0,3,4,0,574,60,272(199.586)[I]: [6],0,60,101,6,290,-294,6209
(199.596)[I]: [5],0,3,0,0,559,74,273(199.596)[I]: [6],0,61,99,6,287,-294,6210
(199.606)[I]: [5],0,3,4,0,536,93,302(199.606)[I]: [6],1,60,98,7,284,-294,6210
(199.616)[I]: [5],0,3,0,0,504,110,362(199.616)[I]: [6],1,60,93,7,282,-295,6210
(199.626)[I]: [5],0,3,0,0,468,133,448(199.626)[I]: [6],1,61,92,7,279,-295,6210
(199.636)[I]: [5],0,3,0,0,431,163,548(199.636)[I]: [6],2,63,91,7,276,-296,6210
(199.646)[I]: [5],0,3,0,0,399,200,652(199.646)[I]: [6],3,67,94,8,273,-297,6210
(199.656)[I]: [5],0,3,0,0,373,246,757(199.656)[I]: [6],4,72,94,7,271,-294,6210
(199.666)[I]: [5],0,3,0,0,354,298,865(199.666)[I]: [6],3,72,95,7,272,-295,6209
(199.676)[I]: [5],0,3,0,0,344,351,978(199.676)[I]: [6],4,75,100,6,272,-298,6204
(199.686)[I]: [5],0,3,0,0,343,395,1098(199.686)[I]: [6],7,86,97,6,271,-300,6195
(199.696)[I]: [5],5,4,12,0,348,422,1222(199.696)[I]: [6],7,93,96,4,271,-304,6185
(199.706)[I]: [5],4,6,16,0,372,304,1177(199.706)[I]: [6],7,98,95,3,271,-309,6172
(199.716)[I]: [5],2,7,16,0,420,210,909(199.716)[I]: [6],7,104,94,3,272,-318,6155
(199.726)[I]: [5],2,13,40,0,455,208,730(199.726)[I]: [6],9,115,93,3,273,-328,6135
(199.736)[I]: [5],0,21,56,0,434,225,494(199.736)[I]: [6],10,126,88,2,275,-345,6110
(199.746)[I]: [5],0,20,56,0,404,216,302(199.746)[I]: [6],11,138,77,3,282,-417,6067
(199.756)[I]: [5],0,22,68,3,397,-8,312(199.756)[I]: [6],11,150,63,2,285,-512,5980
(199.766)[I]: [5],3,31,60,12,388,-26,285(199.767)[I]: [6],12,156,43,3,301,-538,5848
(199.776)[I]: [5],4,36,52,25,380,-121,292(199.777)[I]: [6],14,162,23,3,313,-560,5666
(199.786)[I]: [5],6,37,48,31,373,-156,285(199.787)[I]: [6],16,141,7,1,338,-556,5443
(199.796)[I]: [5],7,31,56,30,371,-165,287(199.797)[I]: [6],18,109,5,0,357,-545,5182
(199.806)[I]: [5],7,31,60,33,371,-152,292(199.807)[I]: [6],19,69,1,0,383,-520,4869
(199.816)[I]: [5],7,35,68,33,371,-137,299(199.817)[I]: [6],21,51,4,0,424,-521,4539
(199.826)[I]: [5],7,34,68,36,371,-117,305(199.827)[I]: [6],28,29,5,0,460,-579,4200
(199.836)[I]: [5],9,31,76,35,372,-97,310(199.837)[I]: [6],36,27,4,2,475,-684,3853
(199.846)[I]: [5],7,31,80,35,372,-82,314(199.847)[I]: [6],31,19,1,2,510,-784,3513
(199.856)[I]: [5],8,31,84,39,368,-76,314(199.857)[I]: [6],21,13,2,2,554,-921,3176
(199.866)[I]: [5],8,34,96,41,364,-75,314(199.867)[I]: [6],7,12,3,3,595,-1152,2889
(199.876)[I]: [5],7,36,100,41,361,-74,314(199.877)[I]: [6],0,11,3,3,600,-1439,2772
(199.886)[I]: [5],6,34,104,40,357,-77,313(199.887)[I]: [6],0,9,4,3,600,-1562,2770
(199.896)[I]: [5],6,37,104,37,354,-80,314(199.897)[I]: [6],0,9,3,3,602,-1657,2812
(199.906)[I]: [5],7,38,108,30,350,-82,314(199.907)[I]: [6],0,11,3,3,628,-1646,2912
(199.916)[I]: [5],7,35,108,27,347,-83,314(199.917)[I]: [6],0,10,3,3,679,-1563,3040
(199.926)[I]: [5],6,35,112,24,343,-84,314(199.927)[I]: [6],0,10,3,3,732,-1467,3176
(199.936)[I]: [5],6,31,112,20,340,-84,314(199.937)[I]: [6],0,10,3,3,777,-1374,3321
(199.946)[I]: [5],5,29,112,18,336,-84,314(199.947)[I]: [6],0,10,3,3,799,-1301,3470
(199.956)[I]: [5],5,28,116,17,333,-84,314(199.957)[I]: [6],0,9,3,3,799,-1241,3621
(199.966)[I]: [5],6,29,116,17,330,-85,314(199.967)[I]: [6],0,9,3,3,768,-1193,3771
(199.976)[I]: [5],7,30,116,16,327,-85,314(199.977)[I]: [6],0,9,3,3,718,-1144,3919
(199.986)[I]: [5],9,30,120,15,323,-85,314(199.987)[I]: [6],0,9,3,3,656,-1086,4059
(199.996)[I]: [5],9,31,124,14,320,-85,314(199.997)[I]: [6],0,9,3,3,586,-1015,4190
(199.999)[I]: [5],9,31,124,15,317,-85,314(199.999)[I]: [6],0,9,3,2,520,-930,4308
(199.999)[I]: [5],11,35,124,16,314,-86,314(199.999)[I]: [6],0,9,3,2,465,-830,4406
(200.002)[I]: [5],10,35,124,15,311,-86,314(200.003)[I]: [6],0,9,4,2,431,-728,4479
(200.012)[I]: [5],13,37,136,16,307,-87,314(200.013)[I]: [6],0,9,3,2,422,-635,4524
(200.022)[I]: [5],13,39,140,15,304,-88,314(200.023)[I]: [6],0,9,3,2,441,-558,4541
(200.032)[I]: [5],14,40,140,15,301,-89,314(200.033)[I]: [6],0,9,3,1,487,-495,4537
(200.042)[I]: [5],14,42,140,15,298,-90,314(200.043)[I]: [6],0,9,2,1,552,-439,4527
(200.052)[I]: [5],15,46,140,13,295,-89,314(200.053)[I]: [6],0,9,2,1,622,-379,4523
(200.062)[I]: [5],15,45,140,14,292,-89,314(200.063)[I]: [6],0,7,2,1,687,-306,4540
(200.072)[I]: [5],17,47,140,14,290,-93,315(200.073)[I]: [6],0,7,3,1,740,-221,4582
(200.082)[I]: [5],19,52,140,13,287,-94,315(200.083)[I]: [6],0,7,3,2,783,-121,4650
(200.092)[I]: [5],19,53,136,13,284,-94,315(200.093)[I]: [6],0,7,2,1,823,-5,4732
(200.102)[I]: [5],19,56,140,13,281,-95,315(200.103)[I]: [6],0,7,2,1,855,123,4812
(200.112)[I]: [5],21,56,132,13,278,-95,315(200.113)[I]: [6],0,7,2,1,878,257,4871
(200.122)[I]: [5],23,57,136,13,275,-95,315(200.123)[I]: [6],0,7,2,1,892,387,4898
(200.132)[I]: [5],25,57,132,15,273,-98,315(200.133)[I]: [6],0,7,3,1,897,499,4893
(200.142)[I]: [5],25,58,136,15,270,-99,315(200.143)[I]: [6],0,7,3,1,891,596,4864
(200.152)[I]: [5],25,57,124,15,267,-100,315(200.153)[I]: [6],0,7,2,1,878,674,4828
(200.162)[I]: [5],25,56,116,15,265,-101,315(200.163)[I]: [6],0,7,3,1,857,740,4799
(200.172)[I]: [5],25,54,112,15,262,-100,315(200.173)[I]: [6],0,6,3,1,831,804,4789
(200.182)[I]: [5],22,51,100,15,259,-101,315(200.183)[I]: [6],0,7,3,1,797,868,4802
(200.192)[I]: [5],18,47,96,15,257,-101,315(200.193)[I]: [6],0,7,3,2,755,923,4840
(200.202)[I]: [5],16,47,92,15,254,-102,316(200.203)[I]: [6],0,6,3,2,710,962,4897
(200.212)[I]: [5],17,47,84,16,252,-103,316(200.213)[I]: [6],0,7,3,2,660,975,4969
(200.222)[I]: [5],19,48,84,15,249,-103,316(200.223)[I]: [6],0,8,3,2,603,961,5048
(200.232)[I]: [5],20,49,84,16,247,-104,316(200.233)[I]: [6],0,9,3,1,537,928,5127
(200.242)[I]: [5],22,50,84,16,244,-105,316(200.243)[I]: [6],0,10,3,2,460,882,5198
(200.252)[I]: [5],21,50,88,15,242,-107,316(200.253)[I]: [6],0,9,3,2,371,833,5254
(200.262)[I]: [5],20,49,88,15,239,-109,316(200.263)[I]: [6],0,9,3,1,274,786,5292
(200.272)[I]: [5],19,49,92,15,237,-110,316(200.273)[I]: [6],0,7,4,2,175,734,5314
(200.282)[I]: [5],18,48,92,15,235,-108,316(200.283)[I]: [6],0,9,3,1,75,682,5326
(200.292)[I]: [5],18,47,92,16,233,-108,316(200.293)[I]: [6],0,10,3,1,-16,639,5335
(200.302)[I]: [5],18,48,96,15,230,-108,316(200.303)[I]: [6],0,10,3,1,-96,603,5350
(200.312)[I]: [5],22,50,104,15,228,-107,316(200.313)[I]: [6],0,9,3,1,-160,568,5374
(200.322)[I]: [5],23,52,108,13,226,-108,318(200.323)[I]: [6],0,9,3,1,-205,534,5403
(200.332)[I]: [5],25,56,120,10,225,-109,325(200.333)[I]: [6],0,9,3,1,-229,504,5427
(200.342)[I]: [5],29,59,124,9,224,-109,333(200.343)[I]: [6],0,9,3,1,-233,488,5439
(200.352)[I]: [5],31,66,136,8,222,-108,341(200.353)[I]: [6],0,9,3,1,-220,494,5431
(200.362)[I]: [5],35,71,144,5,221,-108,350(200.363)[I]: [6],0,9,3,1,-192,521,5405
(200.372)[I]: [5],39,78,148,4,220,-109,359(200.373)[I]: [6],0,9,3,1,-156,562,5364
(200.382)[I]: [5],41,80,152,5,218,-110,368(200.383)[I]: [6],0,9,3,1,-112,606,5314
(200.392)[I]: [5],46,86,156,4,216,-113,377(200.393)[I]: [6],0,8,3,1,-70,644,5258
(200.402)[I]: [5],51,94,164,4,214,-114,387(200.403)[I]: [6],0,8,3,1,-32,672,5199
(200.412)[I]: [5],55,97,172,5,212,-115,398(200.413)[I]: [6],0,9,3,1,-1,686,5136
(200.422)[I]: [5],55,100,188,4,210,-118,411(200.423)[I]: [6],0,9,2,1,17,684,5071
(200.432)[I]: [5],61,105,196,2,207,-120,428(200.433)[I]: [6],0,6,3,1,9,656,5014
(200.442)[I]: [5],66,114,204,1,204,-122,453(200.443)[I]: [6],0,11,6,0,-2,506,5153
(200.452)[I]: [5],75,122,204,0,201,-121,490(200.453)[I]: [6],0,15,4,0,-100,349,5432
(200.462)[I]: [5],75,132,204,0,198,-127,541(200.463)[I]: [6],0,21,9,0,-163,287,5646
(200.472)[I]: [5],76,140,188,0,191,-135,606(200.473)[I]: [6],0,31,19,0,-193,269,5865
(200.482)[I]: [5],79,150,156,0,183,-155,728(200.483)[I]: [6],0,31,26,0,-180,267,6070
(200.492)[I]: [5],87,157,120,0,175,-174,887(200.493)[I]: [6],0,38,36,0,-169,230,6210
(200.502)[I]: [5],92,147,88,0,170,-187,1085(200.503)[I]: [6],0,46,40,0,-157,120,6276
(200.512)[I]: [5],96,131,72,0,170,-194,1340(200.513)[I]: [6],0,49,57,1,-166,20,6236
(200.522)[I]: [5],99,103,52,0,172,-189,1639(200.523)[I]: [6],0,57,61,2,-179,-102,6291
(200.532)[I]: [5],103,61,48,0,166,-174,1980(200.533)[I]: [6],0,55,68,7,-162,-72,6297
(200.542)[I]: [5],101,41,36,0,159,-194,2363(200.543)[I]: [6],0,56,75,8,-146,-57,6304
(200.552)[I]: [5],88,24,32,0,148,-232,2770(200.553)[I]: [6],0,53,67,11,-149,-53,6305
(200.562)[I]: [5],83,19,28,0,135,-288,3178(200.563)[I]: [6],0,55,68,14,-147,-50,6305
(200.572)[I]: [5],62,11,20,0,117,-347,3574(200.573)[I]: [6],0,59,68,15,-145,-47,6305
(200.582)[I]: [5],35,9,12,0,96,-384,3956(200.582)[I]: [6],0,57,63,15,-144,-46,6305
(200.592)[I]: [5],22,6,8,0,61,-413,4331(200.592)[I]: [6],0,51,67,15,-143,-45,6305
(200.602)[I]: [5],15,7,8,0,13,-456,4708(200.602)[I]: [6],0,49,67,15,-141,-45,6306
(200.612)[I]: [5],1,3,4,0,-29,-578,5032(200.612)[I]: [6],0,49,63,17,-140,-47,6305
(200.622)[I]: [5],0,3,4,0,-68,-760,5162(200.622)[I]: [6],0,48,61,18,-138,-49,6305
(200.632)[I]: [5],0,3,4,0,-118,-854,5199(200.632)[I]: [6],0,49,60,18,-137,-50,6305
(200.642)[I]: [5],0,4,4,0,-149,-936,5096(200.642)[I]: [6],0,53,60,19,-136,-51,6305
(200.652)[I]: [5],6,3,4,0,-182,-943,4901(200.652)[I]: [6],0,49,60,17,-134,-54,6305
(200.662)[I]: [5],3,3,4,0,-229,-921,4666(200.662)[I]: [6],0,51,59,15,-133,-55,6305
(200.672)[I]: [5],3,2,4,0,-289,-887,4435(200.672)[I]: [6],0,52,58,15,-132,-57,6305
(200.682)[I]: [5],3,3,4,0,-357,-860,4227(200.682)[I]: [6],0,50,58,14,-130,-58,6305
(200.692)[I]: [5],3,3,4,0,-428,-852,4036(200.692)[I]: [6],0,49,58,13,-129,-59,6305
(200.702)[I]: [5],3,3,4,0,-496,-857,3867(200.702)[I]: [6],0,48,59,12,-128,-59,6305
(200.712)[I]: [5],3,3,4,0,-560,-861,3731(200.712)[I]: [6],0,47,57,11,-126,-60,6305
(200.722)[I]: [5],3,3,4,0,-616,-862,3624(200.722)[I]: [6],0,49,56,11,-125,-61,6305
(200.732)[I]: [5],3,3,0,0,-667,-859,3522(200.732)[I]: [6],0,47,55,11,-124,-62,6305
(200.742)[I]: [5],1,3,4,0,-709,-846,3410(200.742)[I]: [6],0,45,55,11,-123,-63,6305
(200.752)[I]: [5],1,2,4,0,-745,-828,3274(200.752)[I]: [6],0,46,54,11,-121,-65,6305
(200.762)[I]: [5],0,2,4,0,-773,-796,3105(200.762)[I]: [6],0,48,53,11,-120,-66,6305
(200.772)[I]: [5],0,2,4,0,-796,-752,2900(200.772)[I]: [6],0,48,53,11,-119,-67,6305
(200.782)[I]: [5],0,3,4,0,-818,-688,2668(200.782)[I]: [6],0,47,53,11,-118,-68,6305
(200.792)[I]: [5],1,3,4,0,-846,-618,2422(200.792)[I]: [6],0,47,54,11,-117,-70,6305
(200.802)[I]: [5],1,3,4,0,-886,-544,2180(200.802)[I]: [6],0,46,54,13,-115,-71,6305
(200.812)[I]: [5],1,4,0,0,-935,-470,1953(200.812)[I]: [6],0,44,55,15,-114,-72,6305
(200.822)[I]: [5],1,4,4,0,-991,-400,1755(200.822)[I]: [6],0,42,54,17,-113,-73,6305
(200.832)[I]: [5],1,3,4,0,-1047,-336,1591(200.832)[I]: [6],0,42,55,19,-112,-73,6305
(200.842)[I]: [5],0,3,4,0,-1103,-280,1461(200.842)[I]: [6],0,41,57,19,-111,-74,6305
(200.852)[I]: [5],0,4,4,0,-1159,-231,1360(200.852)[I]: [6],0,42,58,18,-110,-75,6305
(200.862)[I]: [5],0,4,4,0,-1209,-192,1277(200.862)[I]: [6],0,43,61,17,-109,-76,6305
(200.872)[I]: [5],0,3,4,0,-1249,-157,1196(200.872)[I]: [6],0,42,63,17,-108,-76,6305
(200.882)[I]: [5],0,3,4,0,-1275,-122,1104(200.882)[I]: [6],0,42,63,17,-107,-77,6305
(200.892)[I]: [5],0,3,4,0,-1285,-92,995(200.892)[I]: [6],0,42,63,18,-105,-78,6305
(200.902)[I]: [5],0,4,4,0,-1280,-57,873(200.902)[I]: [6],0,41,63,18,-104,-80,6305
(200.912)[I]: [5],0,3,4,0,-1263,-16,744(200.912)[I]: [6],0,39,63,18,-103,-81,6305
(200.922)[I]: [5],0,3,4,0,-1231,27,617(200.922)[I]: [6],0,39,63,17,-102,-81,6305
(200.932)[I]: [5],0,3,4,0,-1187,72,500(200.932)[I]: [6],0,38,62,17,-101,-82,6305
(200.942)[I]: [5],0,4,4,0,-1132,117,399(200.942)[I]: [6],0,37,60,15,-100,-81,6305
(200.952)[I]: [5],0,3,4,0,-1067,167,313(200.952)[I]: [6],0,38,60,13,-99,-82,6305
(200.962)[I]: [5],0,4,4,0,-993,219,251(200.962)[I]: [6],0,39,60,13,-98,-82,6305
(200.972)[I]: [5],0,4,4,0,-918,275,203(200.972)[I]: [6],0,40,60,12,-97,-82,6305
(200.982)[I]: [5],0,4,4,0,-841,327,166(200.982)[I]: [6],0,41,60,11,-96,-83,6305
(200.992)[I]: [5],0,4,4,0,-767,379,138(200.992)[I]: [6],0,41,60,12,-95,-85,6305
(200.999)[I]: [5],0,4,0,0,-702,438,122(200.999)[I]: [6],0,42,60,13,-94,-85,6305
(200.999)[I]: [5],0,5,0,0,-645,506,116(200.999)[I]: [6],0,41,58,9,-93,-87,6305
(200.999)[I]: [5],0,4,0,0,-596,579,117(200.999)[I]: [6],0,40,57,9,-93,-87,6305
(201.008)[I]: [5],0,4,0,0,-557,649,127(201.008)[I]: [6],0,43,58,8,-92,-86,6305
(201.018)[I]: [5],0,4,0,0,-526,713,145(201.018)[I]: [6],0,44,58,8,-91,-86,6305
(201.028)[I]: [5],0,4,0,0,-503,768,170(201.028)[I]: [6],0,47,59,8,-90,-86,6305
(201.038)[I]: [5],0,5,0,0,-486,818,205(201.038)[I]: [6],0,47,62,8,-89,-87,6305
(201.048)[I]: [5],0,4,0,0,-473,865,250(201.048)[I]: [6],0,49,63,8,-92,-89,6304
(201.058)[I]: [5],0,4,0,0,-462,907,308(201.058)[I]: [6],0,52,63,8,-91,-88,6304
(201.068)[I]: [5],0,4,0,0,-454,939,384(201.068)[I]: [6],0,54,67,7,-90,-88,6304
(201.078)[I]: [5],0,4,0,0,-446,960,478(201.078)[I]: [6],0,59,69,7,-89,-91,6301
(201.088)[I]: [5],0,4,0,0,-437,971,588(201.088)[I]: [6],1,61,72,6,-87,-94,6296
(201.098)[I]: [5],0,4,4,0,-426,975,707(201.098)[I]: [6],1,66,75,6,-86,-97,6294
(201.108)[I]: [5],0,4,0,0,-413,976,827(201.108)[I]: [6],2,70,76,6,-85,-103,6291
(201.118)[I]: [5],0,4,0,0,-396,978,941(201.118)[I]: [6],3,72,75,6,-84,-103,6291
(201.128)[I]: [5],0,4,0,0,-373,984,1045(201.128)[I]: [6],3,75,74,7,-83,-103,6291
(201.138)[I]: [5],0,4,4,0,-347,993,1138(201.138)[I]: [6],6,83,76,6,-82,-103,6291
(201.148)[I]: [5],0,4,4,0,-318,996,1224(201.148)[I]: [6],6,88,76,5,-82,-104,6291
(201.158)[I]: [5],0,4,4,0,-293,983,1305(201.158)[I]: [6],5,91,79,4,-79,-108,6287
(201.168)[I]: [5],0,4,4,0,-277,950,1389(201.168)[I]: [6],6,100,77,3,-78,-113,6280
(201.178)[I]: [5],2,3,12,0,-273,897,1473(201.178)[I]: [6],6,109,79,3,-76,-121,6271
(201.188)[I]: [5],2,5,20,0,-233,673,1366(201.188)[I]: [6],6,119,83,3,-73,-129,6258
(201.198)[I]: [5],3,6,32,0,-145,407,1192(201.198)[I]: [6],9,126,75,2,-70,-145,6238
(201.208)[I]: [5],3,8,36,0,-79,246,1006(201.208)[I]: [6],9,138,71,2,-66,-178,6206
(201.218)[I]: [5],2,14,64,0,-94,222,793(201.218)[I]: [6],10,152,63,2,-59,-258,6145
(201.228)[I]: [5],0,26,88,0,-136,209,628(201.228)[I]: [6],9,163,55,2,-58,-354,6049
(201.238)[I]: [5],2,35,108,0,-136,108,460(201.239)[I]: [6],15,168,31,2,-43,-385,5901
(201.248)[I]: [5],6,42,120,0,-149,-47,358(201.249)[I]: [6],17,170,12,2,-27,-420,5707
(201.258)[I]: [5],10,48,136,7,-153,-175,380(201.259)[I]: [6],19,139,5,0,-5,-442,5470
(201.268)[I]: [5],15,51,136,11,-159,-245,347(201.269)[I]: [6],20,119,3,0,10,-454,5196
(201.278)[I]: [5],15,57,148,17,-161,-259,326(201.279)[I]: [6],23,78,3,0,35,-457,4877
(201.288)[I]: [5],17,51,140,18,-161,-269,319(201.289)[I]: [6],27,51,4,0,79,-476,4536
(201.298)[I]: [5],16,48,144,19,-158,-259,316(201.299)[I]: [6],40,37,3,1,117,-539,4182
(201.308)[I]: [5],16,47,152,20,-155,-241,314(201.309)[I]: [6],47,23,3,2,142,-636,3825
(201.318)[I]: [5],18,45,156,22,-151,-220,313(201.319)[I]: [6],46,19,2,2,166,-738,3480
(201.328)[I]: [5],17,45,156,21,-149,-207,313(201.329)[I]: [6],31,13,2,2,207,-835,3147
(201.338)[I]: [5],17,43,152,22,-148,-202,313(201.339)[I]: [6],9,10,3,3,262,-955,2822
(201.348)[I]: [5],17,44,152,22,-148,-207,310(201.349)[I]: [6],0,12,3,3,311,-1158,2565
(201.358)[I]: [5],20,43,144,23,-149,-214,305(201.359)[I]: [6],0,11,3,3,338,-1359,2480
(201.368)[I]: [5],19,44,140,24,-149,-224,300(201.369)[I]: [6],0,12,3,3,375,-1445,2483
(201.378)[I]: [5],19,44,124,24,-150,-234,297(201.379)[I]: [6],0,10,3,3,408,-1528,2539
(201.388)[I]: [5],19,46,124,23,-151,-242,295(201.389)[I]: [6],0,10,4,3,472,-1514,2655
(201.398)[I]: [5],19,48,116,24,-150,-249,292(201.399)[I]: [6],0,9,3,3,546,-1458,2787
(201.408)[I]: [5],17,49,112,23,-150,-255,289(201.409)[I]: [6],0,10,3,3,618,-1387,2934
(201.418)[I]: [5],15,49,100,23,-149,-255,289(201.419)[I]: [6],0,9,3,3,675,-1322,3094
(201.428)[I]: [5],15,49,92,20,-147,-255,289(201.429)[I]: [6],0,10,3,3,705,-1273,3269
(201.438)[I]: [5],17,47,88,21,-146,-256,289(201.439)[I]: [6],0,9,3,3,709,-1240,3450
(201.448)[I]: [5],17,45,84,22,-145,-258,286(201.449)[I]: [6],0,9,3,3,682,-1218,3634
(201.458)[I]: [5],14,47,76,22,-143,-258,286(201.459)[I]: [6],0,9,3,3,637,-1191,3815
(201.468)[I]: [5],15,49,68,24,-142,-258,286(201.469)[I]: [6],0,9,3,3,575,-1157,3984
(201.478)[I]: [5],15,49,52,25,-142,-264,283(201.479)[I]: [6],0,9,3,3,500,-1102,4137
(201.488)[I]: [5],17,51,48,25,-141,-264,283(201.489)[I]: [6],0,9,3,3,420,-1023,4274
(201.498)[I]: [5],16,54,48,23,-139,-265,283(201.499)[I]: [6],0,9,2,3,342,-925,4393
(201.508)[I]: [5],16,55,56,24,-138,-265,283(201.509)[I]: [6],0,9,3,3,274,-815,4484
(201.518)[I]: [5],17,59,52,22,-137,-266,283(201.519)[I]: [6],0,8,3,2,222,-705,4539
(201.528)[I]: [5],16,60,48,22,-135,-266,283(201.529)[I]: [6],0,8,3,3,191,-602,4554
(201.538)[I]: [5],17,62,40,23,-134,-266,283(201.539)[I]: [6],0,8,2,3,181,-515,4538
(201.548)[I]: [5],19,63,40,23,-133,-266,283(201.549)[I]: [6],0,8,2,3,191,-443,4505
(201.558)[I]: [5],21,67,40,23,-131,-266,283(201.559)[I]: [6],0,8,2,3,214,-382,4471
(201.568)[I]: [5],22,71,36,23,-130,-266,283(201.569)[I]: [6],0,8,2,3,241,-324,4443
(201.578)[I]: [5],24,74,36,20,-129,-266,283(201.579)[I]: [6],0,7,2,3,265,-257,4424
(201.588)[I]: [5],26,80,36,20,-127,-266,283(201.589)[I]: [6],0,8,2,3,277,-182,4414
(201.598)[I]: [5],27,83,40,22,-126,-267,283(201.599)[I]: [6],0,7,2,3,274,-94,4416
(201.608)[I]: [5],24,85,40,22,-125,-269,283(201.609)[I]: [6],0,8,1,3,255,0,4427
(201.618)[I]: [5],25,85,40,20,-124,-270,283(201.619)[I]: [6],0,8,1,3,225,100,4445
(201.628)[I]: [5],24,86,36,20,-122,-270,283(201.629)[I]: [6],0,7,1,3,183,203,4470
(201.638)[I]: [5],23,83,32,20,-121,-271,283(201.639)[I]: [6],0,7,1,3,135,294,4501
(201.648)[I]: [5],23,84,32,20,-120,-272,283(201.649)[I]: [6],0,9,1,3,82,360,4544
(201.658)[I]: [5],24,87,36,17,-119,-272,283(201.659)[I]: [6],0,10,1,3,26,395,4598
(201.668)[I]: [5],28,90,36,13,-118,-273,288(201.669)[I]: [6],0,8,2,3,-31,406,4667
(201.678)[I]: [5],31,92,36,8,-117,-274,298(201.679)[I]: [6],0,8,2,3,-83,408,4751
(201.688)[I]: [5],41,94,36,8,-117,-276,307(201.689)[I]: [6],0,9,2,3,-132,399,4847
(201.698)[I]: [5],45,96,40,8,-116,-278,310(201.699)[I]: [6],0,8,2,3,-174,384,4947
(201.708)[I]: [5],47,100,40,8,-115,-280,310(201.709)[I]: [6],0,8,2,3,-214,361,5047
(201.718)[I]: [5],50,103,44,10,-114,-281,310(201.719)[I]: [6],0,9,2,3,-252,333,5141
(201.728)[I]: [5],48,102,40,9,-113,-282,310(201.729)[I]: [6],0,9,3,3,-291,307,5225
(201.738)[I]: [5],48,103,40,10,-112,-283,310(201.739)[I]: [6],0,10,3,3,-336,289,5295
(201.748)[I]: [5],52,103,40,9,-111,-282,310(201.749)[I]: [6],0,9,3,2,-382,281,5345
(201.758)[I]: [5],57,108,48,10,-110,-281,313(201.759)[I]: [6],0,10,3,2,-428,291,5380
(201.768)[I]: [5],63,112,52,8,-110,-281,320(201.769)[I]: [6],0,10,3,2,-473,310,5402
(201.778)[I]: [5],75,121,56,8,-111,-285,326(201.779)[I]: [6],0,10,3,3,-515,332,5420
(201.788)[I]: [5],81,127,68,7,-111,-288,331(201.789)[I]: [6],0,10,3,3,-553,347,5436
(201.798)[I]: [5],88,138,72,7,-110,-288,331(201.799)[I]: [6],0,10,3,3,-587,352,5454
(201.808)[I]: [5],93,147,76,7,-110,-290,334(201.809)[I]: [6],0,9,2,2,-618,350,5471
(201.818)[I]: [5],103,159,76,4,-110,-290,340(201.819)[I]: [6],0,9,2,2,-646,338,5489
(201.828)[I]: [5],117,171,80,2,-110,-292,349(201.829)[I]: [6],0,9,2,2,-673,321,5499
(201.838)[I]: [5],133,182,88,4,-111,-295,362(201.839)[I]: [6],0,9,2,2,-696,304,5498
(201.848)[I]: [5],144,198,92,3,-112,-302,382(201.849)[I]: [6],0,9,2,2,-718,288,5481
(201.858)[I]: [5],152,221,92,1,-113,-310,406(201.859)[I]: [6],0,10,2,2,-741,274,5447
(201.868)[I]: [5],164,238,92,1,-116,-325,436(201.869)[I]: [6],0,10,3,2,-769,260,5397
(201.878)[I]: [5],175,258,100,0,-119,-349,468(201.879)[I]: [6],0,10,3,2,-804,245,5335
(201.888)[I]: [5],193,280,108,0,-124,-380,503(201.889)[I]: [6],0,9,2,2,-844,226,5266
(201.898)[I]: [5],209,300,108,0,-129,-422,546(201.899)[I]: [6],0,9,2,2,-890,201,5186
(201.908)[I]: [5],216,324,92,0,-133,-477,600(201.909)[I]: [6],0,9,2,2,-937,168,5093
(201.918)[I]: [5],213,338,92,0,-137,-530,662(201.919)[I]: [6],0,9,2,2,-986,125,4984
(201.928)[I]: [5],212,345,68,0,-143,-564,737(201.929)[I]: [6],0,11,5,3,-1031,72,4865
(201.938)[I]: [5],214,354,68,0,-149,-591,837(201.939)[I]: [6],0,19,9,2,-1131,-102,5001
(201.948)[I]: [5],211,349,56,0,-155,-605,977(201.949)[I]: [6],0,21,10,2,-1192,-130,5255
(201.958)[I]: [5],210,319,52,0,-161,-606,1164(201.959)[I]: [6],0,34,23,2,-1233,-122,5410
(201.968)[I]: [5],202,259,28,0,-172,-596,1391(201.969)[I]: [6],1,45,45,1,-1220,-109,5620
(201.978)[I]: [5],192,177,20,0,-187,-592,1662(201.979)[I]: [6],2,56,63,1,-1214,-151,5762
(201.988)[I]: [5],173,126,12,0,-206,-606,1979(201.989)[I]: [6],3,60,72,1,-1219,-248,5881
(201.998)[I]: [5],171,76,12,0,-232,-643,2332(201.999)[I]: [6],6,66,74,1,-1176,-381,6019
(201.999)[I]: [5],165,38,12,0,-273,-687,2702(201.999)[I]: [6],9,74,89,5,-1189,-473,6028
(201.999)[I]: [5],115,28,8,0,-329,-738,3073(201.999)[I]: [6],13,93,93,6,-1189,-505,6034
(202.004)[I]: [5],79,18,4,0,-401,-804,3432(202.004)[I]: [6],15,81,91,7,-1179,-510,6042
(202.014)[I]: [5],77,12,4,0,-449,-889,3775(202.014)[I]: [6],15,72,90,9,-1168,-516,6044
(202.024)[I]: [5],60,7,4,0,-523,-953,4111(202.024)[I]: [6],13,75,93,8,-1163,-511,6045
(202.034)[I]: [5],27,7,4,0,-595,-1068,4398(202.034)[I]: [6],11,73,96,7,-1159,-503,6046
(202.044)[I]: [5],9,6,0,0,-664,-1243,4649(202.044)[I]: [6],10,72,96,8,-1155,-497,6043
(202.054)[I]: [5],1,5,0,0,-705,-1470,4760(202.054)[I]: [6],9,73,95,7,-1144,-494,6045
(202.064)[I]: [5],0,7,8,0,-752,-1601,4771(202.064)[I]: [6],8,71,91,5,-1133,-490,6046
(202.074)[I]: [5],0,5,8,0,-812,-1689,4719(202.074)[I]: [6],7,75,92,6,-1124,-492,6047
(202.084)[I]: [5],2,6,4,0,-883,-1686,4610(202.084)[I]: [6],6,68,88,6,-1113,-492,6047
(202.094)[I]: [5],3,5,8,0,-967,-1618,4460(202.094)[I]: [6],7,68,87,6,-1102,-493,6048
(202.104)[I]: [5],2,5,8,0,-1055,-1535,4297(202.105)[I]: [6],5,62,84,5,-1091,-495,6048
(202.114)[I]: [5],2,4,4,0,-1131,-1457,4141(202.115)[I]: [6],4,59,86,5,-1080,-496,6049
(202.124)[I]: [5],1,4,4,0,-1190,-1416,3989(202.125)[I]: [6],4,58,85,5,-1075,-491,6055
(202.134)[I]: [5],2,4,8,0,-1229,-1411,3842(202.135)[I]: [6],3,56,87,6,-1070,-485,6061
(202.144)[I]: [5],2,3,8,0,-1246,-1438,3704(202.145)[I]: [6],3,52,91,6,-1060,-483,6061
(202.154)[I]: [5],3,4,8,0,-1251,-1482,3571(202.155)[I]: [6],3,49,93,6,-1049,-482,6062
(202.164)[I]: [5],3,3,4,0,-1261,-1520,3444(202.165)[I]: [6],2,47,96,6,-1039,-482,6063
(202.174)[I]: [5],3,3,4,0,-1284,-1517,3325(202.175)[I]: [6],2,46,98,6,-1029,-481,6064
(202.184)[I]: [5],3,3,4,0,-1321,-1480,3209(202.185)[I]: [6],2,45,101,7,-1019,-480,6064
(202.194)[I]: [5],3,3,8,0,-1371,-1414,3090(202.195)[I]: [6],2,46,102,7,-1009,-481,6065
(202.204)[I]: [5],2,3,4,0,-1423,-1337,2961(202.205)[I]: [6],2,44,105,7,-999,-481,6065
(202.214)[I]: [5],1,4,4,0,-1477,-1257,2824(202.215)[I]: [6],2,44,106,7,-994,-481,6066
(202.224)[I]: [5],1,3,4,0,-1531,-1183,2679(202.225)[I]: [6],2,43,107,8,-983,-483,6067
(202.234)[I]: [5],1,3,8,0,-1580,-1125,2531(202.235)[I]: [6],3,43,109,6,-973,-481,6068
(202.244)[I]: [5],1,4,4,0,-1620,-1082,2386(202.245)[I]: [6],3,44,110,7,-964,-481,6069
(202.254)[I]: [5],1,3,4,0,-1652,-1048,2252(202.255)[I]: [6],3,45,111,7,-954,-480,6069
(202.264)[I]: [5],1,3,8,0,-1673,-1016,2131(202.265)[I]: [6],3,46,113,7,-945,-479,6070
(202.274)[I]: [5],1,3,4,0,-1681,-982,2028(202.274)[I]: [6],3,45,112,8,-936,-479,6070
(202.284)[I]: [5],1,4,8,0,-1676,-943,1946(202.284)[I]: [6],3,44,112,8,-926,-478,6071
(202.294)[I]: [5],0,5,8,0,-1653,-903,1883(202.294)[I]: [6],3,44,112,8,-917,-477,6072
(202.304)[I]: [5],0,5,8,0,-1611,-867,1838(202.304)[I]: [6],3,44,112,7,-908,-477,6072
(202.314)[I]: [5],0,5,4,0,-1555,-836,1799(202.314)[I]: [6],3,44,112,8,-899,-476,6073
(202.324)[I]: [5],0,5,4,0,-1488,-799,1755(202.324)[I]: [6],3,44,112,7,-890,-475,6073
(202.334)[I]: [5],0,5,4,0,-1415,-745,1701(202.334)[I]: [6],3,46,112,8,-882,-475,6074
(202.344)[I]: [5],0,5,8,0,-1340,-674,1635(202.344)[I]: [6],3,46,112,7,-873,-475,6074
(202.354)[I]: [5],0,5,8,0,-1264,-593,1558(202.354)[I]: [6],2,46,113,7,-864,-474,6075
(202.364)[I]: [5],0,5,8,0,-1187,-507,1474(202.364)[I]: [6],3,47,114,7,-856,-473,6075
(202.374)[I]: [5],0,5,8,0,-1109,-421,1391(202.374)[I]: [6],2,47,114,7,-847,-474,6075
(202.384)[I]: [5],0,4,4,0,-1030,-341,1308(202.384)[I]: [6],2,48,113,7,-839,-473,6076
(202.394)[I]: [5],0,4,4,0,-947,-279,1232(202.394)[I]: [6],1,48,113,7,-831,-473,6076
(202.404)[I]: [5],0,4,4,0,-859,-227,1161(202.404)[I]: [6],2,48,112,7,-822,-472,6077
(202.414)[I]: [5],0,4,4,0,-768,-188,1091(202.414)[I]: [6],1,48,111,7,-814,-471,6077
(202.424)[I]: [5],0,4,4,0,-672,-154,1022(202.424)[I]: [6],1,48,109,7,-806,-470,6078
(202.434)[I]: [5],0,4,4,0,-574,-122,951(202.434)[I]: [6],1,48,108,7,-798,-469,6078
(202.444)[I]: [5],0,4,4,0,-475,-91,879(202.444)[I]: [6],2,49,107,8,-790,-468,6079
(202.454)[I]: [5],0,4,4,0,-377,-58,803(202.454)[I]: [6],3,49,106,8,-783,-467,6079
(202.464)[I]: [5],0,4,4,0,-283,-26,727(202.464)[I]: [6],1,49,105,9,-775,-467,6079
(202.474)[I]: [5],0,4,4,0,-196,9,655(202.474)[I]: [6],1,49,104,9,-767,-467,6079
(202.484)[I]: [5],0,4,4,0,-116,49,591(202.484)[I]: [6],1,49,102,9,-760,-467,6080
(202.494)[I]: [5],0,4,8,0,-48,93,535(202.494)[I]: [6],2,49,102,9,-752,-466,6080
(202.504)[I]: [5],0,6,16,0,0,109,463(202.504)[I]: [6],3,50,100,10,-745,-465,6081
(202.514)[I]: [5],0,7,12,0,22,87,322(202.514)[I]: [6],3,50,99,9,-737,-464,6081
(202.524)[I]: [5],0,3,12,2,25,-15,263(202.524)[I]: [6],2,49,97,9,-730,-464,6081
(202.534)[I]: [5],0,7,24,8,16,-77,243(202.534)[I]: [6],2,48,95,9,-723,-464,6082
(202.544)[I]: [5],0,7,24,11,13,-132,230(202.544)[I]: [6],1,46,91,9,-716,-463,6082
(202.554)[I]: [5],0,8,12,12,6,-175,240(202.554)[I]: [6],0,42,87,9,-708,-463,6082
(202.564)[I]: [5],0,7,20,11,2,-198,255(202.564)[I]: [6],0,40,77,9,-701,-462,6082
(202.574)[I]: [5],0,9,24,11,0,-201,265(202.574)[I]: [6],0,42,72,8,-694,-461,6083
(202.584)[I]: [5],0,10,28,10,-1,-199,273(202.584)[I]: [6],0,37,66,8,-688,-461,6083
(202.594)[I]: [5],0,10,28,10,-2,-198,276(202.594)[I]: [6],0,33,61,8,-681,-461,6083
(202.604)[I]: [5],0,10,32,10,-2,-200,276(202.604)[I]: [6],0,30,58,8,-674,-461,6084
(202.614)[I]: [5],0,9,40,10,-2,-191,279(202.614)[I]: [6],0,28,50,8,-667,-460,6084
(202.624)[I]: [5],0,8,32,10,-1,-177,282(202.624)[I]: [6],0,29,47,8,-661,-460,6084
(202.634)[I]: [5],0,9,36,10,-2,-162,285(202.634)[I]: [6],0,26,47,8,-654,-459,6084
(202.644)[I]: [5],0,9,40,10,-2,-150,288(202.644)[I]: [6],0,27,47,8,-648,-459,6085
(202.654)[I]: [5],0,9,44,10,-2,-139,289(202.654)[I]: [6],0,25,46,8,-641,-458,6085
(202.664)[I]: [5],0,9,44,11,-2,-129,290(202.664)[I]: [6],0,24,45,9,-635,-458,6085
(202.674)[I]: [5],0,9,48,13,-2,-124,291(202.674)[I]: [6],0,25,43,9,-629,-457,6085
(202.684)[I]: [5],0,11,48,12,-2,-121,291(202.684)[I]: [6],0,24,43,10,-622,-457,6086
(202.694)[I]: [5],0,11,48,13,-2,-119,291(202.694)[I]: [6],0,25,41,9,-616,-456,6086
(202.704)[I]: [5],0,12,48,13,-2,-117,291(202.704)[I]: [6],0,24,40,10,-610,-455,6086
(202.714)[I]: [5],0,14,56,13,-3,-124,293(202.714)[I]: [6],0,23,38,10,-604,-455,6086
(202.724)[I]: [5],0,14,52,14,-5,-132,298(202.724)[I]: [6],0,23,35,10,-598,-454,6086
(202.734)[I]: [5],0,16,56,14,-6,-142,303(202.734)[I]: [6],0,23,31,10,-592,-454,6087
(202.744)[I]: [5],0,17,60,13,-7,-150,308(202.744)[I]: [6],0,23,26,10,-586,-454,6087
(202.754)[I]: [5],0,17,64,13,-8,-154,310(202.754)[I]: [6],0,24,26,9,-580,-453,6087
(202.764)[I]: [5],0,18,68,13,-8,-155,310(202.764)[I]: [6],0,23,29,9,-575,-452,6087
(202.774)[I]: [5],0,19,60,12,-8,-156,310(202.774)[I]: [6],0,24,29,9,-569,-452,6087
(202.784)[I]: [5],0,18,64,12,-8,-156,310(202.784)[I]: [6],0,23,30,8,-563,-453,6087
(202.794)[I]: [5],0,18,72,12,-7,-156,310(202.794)[I]: [6],0,23,30,8,-558,-453,6088
(202.804)[I]: [5],0,20,72,12,-7,-156,310(202.804)[I]: [6],0,23,31,7,-552,-453,6088
(202.814)[I]: [5],0,20,76,11,-7,-156,310(202.814)[I]: [6],0,23,29,7,-547,-452,6088
(202.824)[I]: [5],0,22,76,11,-7,-155,310(202.824)[I]: [6],0,23,29,7,-541,-452,6088
(202.834)[I]: [5],0,22,72,11,-7,-154,310(202.834)[I]: [6],0,23,29,8,-536,-452,6088
(202.844)[I]: [5],0,20,76,11,-7,-153,310(202.844)[I]: [6],0,24,29,8,-530,-451,6088
(202.854)[I]: [5],0,21,76,12,-7,-152,310(202.854)[I]: [6],0,24,30,8,-525,-451,6088
(202.864)[I]: [5],0,21,76,13,-7,-151,310(202.864)[I]: [6],0,24,30,8,-520,-450,6089
(202.874)[I]: [5],0,21,76,13,-7,-150,310(202.874)[I]: [6],0,24,29,8,-515,-450,6089
(202.884)[I]: [5],0,22,76,13,-7,-150,310(202.884)[I]: [6],0,23,28,8,-510,-449,6089
(202.894)[I]: [5],0,23,80,13,-7,-149,310(202.894)[I]: [6],0,23,29,8,-505,-449,6089
(202.904)[I]: [5],0,24,80,13,-7,-149,310(202.904)[I]: [6],0,22,30,8,-500,-448,6089
(202.914)[I]: [5],0,23,84,13,-7,-149,310(202.914)[I]: [6],0,23,30,8,-495,-448,6089
(202.924)[I]: [5],0,21,84,13,-7,-148,310(202.924)[I]: [6],0,21,31,8,-490,-448,6089
(202.934)[I]: [5],0,22,88,13,-6,-148,310(202.934)[I]: [6],0,22,31,8,-485,-447,6089
(202.944)[I]: [5],0,23,92,13,-6,-147,310(202.944)[I]: [6],0,21,31,8,-480,-447,6090
(202.954)[I]: [5],0,23,88,13,-6,-147,310(202.954)[I]: [6],0,21,29,8,-475,-446,6090
(202.964)[I]: [5],0,22,92,13,-6,-147,310(202.964)[I]: [6],0,20,30,7,-470,-445,6090
(202.974)[I]: [5],0,22,92,13,-6,-146,310(202.974)[I]: [6],0,20,27,8,-466,-445,6090
(202.984)[I]: [5],0,21,92,13,-6,-145,310(202.984)[I]: [6],0,19,28,8,-461,-445,6090
(202.994)[I]: [5],0,22,92,13,-6,-144,310(202.994)[I]: [6],0,18,28,8,-457,-445,6090
(202.999)[I]: [5],0,23,92,13,-6,-144,310(202.999)[I]: [6],0,18,27,8,-452,-444,6090
(202.999)[I]: [5],0,24,92,13,-6,-143,310(202.999)[I]: [6],0,17,25,8,-448,-444,6090
(203.000)[I]: [5],0,23,92,13,-6,-143,310(203.000)[I]: [6],0,18,26,8,-443,-444,6090
(203.010)[I]: [5],0,23,92,13,-6,-142,310(203.010)[I]: [6],0,19,25,8,-439,-443,6090
(203.020)[I]: [5],0,23,92,13,-6,-142,310(203.020)[I]: [6],0,19,26,8,-434,-443,6091
(203.030)[I]: [5],0,24,92,13,-6,-142,310(203.030)[I]: [6],0,19,26,8,-430,-442,6091
(203.040)[I]: [5],0,23,92,13,-6,-141,310(203.040)[I]: [6],0,19,26,8,-426,-442,6091
(203.050)[I]: [5],0,22,92,13,-6,-141,310(203.050)[I]: [6],0,19,27,8,-421,-442,6091
(203.060)[I]: [5],0,21,92,13,-5,-141,310(203.060)[I]: [6],0,19,26,8,-417,-441,6091
(203.070)[I]: [5],0,21,92,13,-5,-140,310(203.070)[I]: [6],0,18,27,8,-413,-441,6091
(203.080)[I]: [5],0,22,92,13,-5,-140,310(203.080)[I]: [6],0,19,26,8,-409,-441,6091
(203.090)[I]: [5],0,22,92,13,-5,-139,310(203.090)[I]: [6],0,18,26,8,-405,-440,6091
(203.100)[I]: [5],0,24,92,13,-5,-139,310(203.100)[I]: [6],0,19,27,8,-401,-440,6091
(203.110)[I]: [5],0,21,96,13,-5,-138,310(203.110)[I]: [6],0,18,27,8,-397,-440,6091
(203.120)[I]: [5],0,21,96,13,-5,-138,310(203.120)[I]: [6],0,18,27,8,-393,-439,6091
(203.130)[I]: [5],0,21,96,13,-5,-138,310(203.130)[I]: [6],0,18,27,7,-389,-439,6091
(203.140)[I]: [5],0,20,96,13,-5,-137,310(203.140)[I]: [6],0,18,27,8,-385,-439,6091
(203.150)[I]: [5],0,21,96,13,-5,-137,310(203.150)[I]: [6],0,17,27,8,-381,-438,6091
(203.160)[I]: [5],0,21,92,13,-5,-136,310(203.160)[I]: [6],0,17,27,8,-377,-439,6092
(203.170)[I]: [5],0,20,96,13,-5,-136,310(203.170)[I]: [6],0,18,28,8,-374,-438,6092
(203.180)[I]: [5],0,20,96,13,-5,-136,310(203.180)[I]: [6],0,18,28,8,-370,-438,6092
(203.190)[I]: [5],0,21,96,13,-5,-135,310(203.190)[I]: [6],0,18,27,8,-366,-437,6092
(203.200)[I]: [5],0,21,96,14,-5,-135,310(203.200)[I]: [6],0,17,28,8,-363,-437,6092