(941.035)[I]: [5],0,12,92,17,0,-245,-3473(941.035)[I]: [6],0,20,35,5,0,-349,17002
(941.045)[I]: [5],0,12,92,17,0,-245,-3473(941.045)[I]: [6],0,19,35,5,0,-349,17002
(941.055)[I]: [5],0,12,92,17,0,-245,-3473(941.055)[I]: [6],0,20,35,5,0,-349,17002
(941.065)[I]: [5],0,12,92,17,0,-245,-3473(941.065)[I]: [6],0,19,35,5,0,-349,17002
(941.075)[I]: [5],0,12,92,17,0,-245,-3473(941.075)[I]: [6],0,20,35,6,0,-349,17002
(941.085)[I]: [5],0,12,92,17,0,-244,-3473(941.085)[I]: [6],0,20,35,5,0,-349,17002
(941.095)[I]: [5],0,12,92,17,0,-245,-3473(941.095)[I]: [6],0,20,35,5,0,-349,17002
(941.105)[I]: [5],0,12,92,17,0,-244,-3473(941.105)[I]: [6],0,19,35,5,0,-349,17002
(941.115)[I]: [5],0,12,92,17,0,-244,-3473(941.115)[I]: [6],0,20,35,5,0,-349,17002
(941.125)[I]: [5],0,12,92,17,0,-244,-3473(941.125)[I]: [6],0,20,35,6,0,-349,17002
(941.135)[I]: [5],0,12,92,17,0,-245,-3473(941.135)[I]: [6],0,19,35,5,0,-349,17002
(941.145)[I]: [5],0,12,92,17,0,-245,-3473(941.145)[I]: [6],0,19,35,5,0,-349,17002
(941.155)[I]: [5],0,12,92,17,0,-245,-3473(941.155)[I]: [6],0,19,35,5,0,-349,17002
(941.165)[I]: [5],0,12,92,17,0,-245,-3473(941.165)[I]: [6],0,19,35,5,0,-349,17002
(941.175)[I]: [5],0,12,92,17,0,-244,-3473(941.175)[I]: [6],0,20,35,5,0,-349,17002
(941.185)[I]: [5],0,12,92,17,0,-244,-3473(941.185)[I]: [6],0,19,35,5,0,-350,17002
(941.195)[I]: [5],0,12,92,17,0,-245,-3473(941.195)[I]: [6],0,19,35,5,0,-350,17002
(941.205)[I]: [5],0,12,92,17,0,-245,-3473(941.205)[I]: [6],0,19,35,5,0,-350,17002
(941.215)[I]: [5],0,12,92,17,0,-245,-3473(941.215)[I]: [6],0,19,35,5,0,-349,17002
(941.225)[I]: [5],0,12,92,17,0,-245,-3473(941.225)[I]: [6],0,19,34,6,0,-349,17002
(941.235)[I]: [5],0,12,92,17,0,-245,-3473(941.235)[I]: [6],0,19,34,5,0,-349,17002
(941.245)[I]: [5],0,12,92,17,0,-244,-3473(941.245)[I]: [6],0,19,34,6,0,-349,17002
(941.255)[I]: [5],0,12,92,17,0,-245,-3473(941.255)[I]: [6],0,19,34,6,0,-349,17002
(941.265)[I]: [5],0,12,92,17,0,-245,-3473(941.265)[I]: [6],0,19,33,6,0,-349,17002
(941.275)[I]: [5],0,12,92,17,0,-244,-3473(941.275)[I]: [6],0,19,34,6,0,-349,17002
(941.285)[I]: [5],0,11,88,17,0,-244,-3473(941.285)[I]: [6],0,19,34,6,0,-349,17002
(941.295)[I]: [5],0,11,92,17,0,-244,-3473(941.295)[I]: [6],0,19,31,6,0,-350,17002
(941.305)[I]: [5],0,11,88,17,0,-244,-3473(941.305)[I]: [6],0,19,31,6,0,-350,17002
(941.315)[I]: [5],0,11,88,17,0,-244,-3473(941.315)[I]: [6],0,19,34,6,0,-350,17002
(941.325)[I]: [5],0,11,88,17,0,-244,-3473(941.325)[I]: [6],0,19,34,6,0,-350,17002
(941.335)[I]: [5],0,11,88,17,0,-244,-3473(941.335)[I]: [6],0,19,34,6,0,-350,17002
(941.345)[I]: [5],0,11,88,17,0,-244,-3473(941.345)[I]: [6],0,19,31,6,0,-350,17002
(941.355)[I]: [5],0,10,88,17,0,-244,-3473(941.355)[I]: [6],0,19,31,6,0,-350,17002
(941.365)[I]: [5],0,11,88,17,0,-244,-3473(941.365)[I]: [6],0,19,31,6,0,-350,17002
(941.375)[I]: [5],0,11,88,17,0,-244,-3473(941.375)[I]: [6],0,19,33,6,0,-350,17002
(941.385)[I]: [5],0,10,88,17,0,-244,-3473(941.385)[I]: [6],0,19,34,7,0,-350,17002
(941.395)[I]: [5],0,10,88,17,0,-244,-3473(941.395)[I]: [6],0,19,34,6,0,-350,17002
(941.405)[I]: [5],0,10,88,17,0,-244,-3473(941.405)[I]: [6],0,19,31,6,0,-350,17002
(941.415)[I]: [5],0,10,88,17,0,-244,-3473(941.415)[I]: [6],0,19,34,7,0,-350,17002
(941.425)[I]: [5],0,10,88,17,0,-244,-3473(941.425)[I]: [6],0,19,34,7,0,-350,17002
(941.435)[I]: [5],0,10,88,17,0,-244,-3473(941.435)[I]: [6],0,19,31,6,0,-350,17002
(941.445)[I]: [5],0,10,88,17,0,-244,-3473(941.445)[I]: [6],0,19,31,7,0,-350,17002
(941.455)[I]: [5],0,10,88,17,0,-244,-3473(941.455)[I]: [6],0,19,34,7,0,-350,17002
(941.465)[I]: [5],0,10,88,17,0,-244,-3473(941.465)[I]: [6],0,19,33,6,0,-350,17002
(941.475)[I]: [5],0,10,88,17,0,-244,-3473(941.475)[I]: [6],0,19,34,7,0,-350,17002
(941.485)[I]: [5],0,10,88,17,0,-244,-3473(941.485)[I]: [6],0,19,31,6,0,-350,17002
(941.495)[I]: [5],0,10,88,17,0,-244,-3473(941.495)[I]: [6],0,19,33,6,0,-350,17002
(941.505)[I]: [5],0,10,88,17,0,-243,-3473(941.505)[I]: [6],0,19,34,7,0,-350,17002
(941.515)[I]: [5],0,10,88,17,0,-244,-3473(941.515)[I]: [6],0,19,31,7,0,-350,17002
(941.525)[I]: [5],0,10,88,17,0,-243,-3473(941.525)[I]: [6],0,18,31,6,0,-350,17002
(941.535)[I]: [5],0,10,88,17,0,-244,-3473(941.535)[I]: [6],0,18,33,7,0,-350,17002
(941.545)[I]: [5],0,10,88,17,0,-244,-3473(941.545)[I]: [6],0,19,31,6,0,-350,17002
(941.555)[I]: [5],0,10,88,17,0,-243,-3473(941.555)[I]: [6],0,18,33,7,0,-350,17002
(941.565)[I]: [5],0,10,88,17,0,-243,-3473(941.565)[I]: [6],0,18,31,7,0,-350,17002
(941.575)[I]: [5],0,10,88,18,0,-243,-3473(941.575)[I]: [6],0,19,31,7,0,-350,17002
(941.585)[I]: [5],0,10,88,17,0,-243,-3473(941.585)[I]: [6],0,18,31,7,0,-350,17002
(941.595)[I]: [5],0,10,88,17,0,-243,-3473(941.595)[I]: [6],0,18,31,7,0,-350,17002
(941.605)[I]: [5],0,10,88,17,0,-244,-3473(941.605)[I]: [6],0,18,31,7,0,-350,17002
(941.615)[I]: [5],0,10,88,17,0,-244,-3473(941.615)[I]: [6],0,18,31,7,0,-350,17002
(941.625)[I]: [5],0,10,88,17,0,-244,-3473(941.625)[I]: [6],0,18,34,7,0,-350,17002
(941.635)[I]: [5],0,10,84,17,0,-244,-3473(941.635)[I]: [6],0,18,31,7,0,-350,17002
(941.645)[I]: [5],0,10,84,17,0,-244,-3473(941.645)[I]: [6],0,18,31,7,0,-350,17002
(941.655)[I]: [5],0,10,84,17,0,-244,-3473(941.655)[I]: [6],0,18,31,7,0,-350,17002
(941.665)[I]: [5],0,10,84,17,0,-245,-3473(941.665)[I]: [6],0,18,31,7,0,-350,17002
(941.675)[I]: [5],0,10,84,17,0,-245,-3473(941.675)[I]: [6],0,19,31,7,0,-350,17002
(941.685)[I]: [5],0,9,84,18,0,-245,-3473(941.685)[I]: [6],0,18,31,7,0,-350,17002
(941.695)[I]: [5],0,9,84,17,0,-245,-3473(941.695)[I]: [6],0,18,31,7,0,-350,17002
(941.705)[I]: [5],0,10,84,18,0,-245,-3473(941.705)[I]: [6],0,18,31,6,0,-350,17002
(941.715)[I]: [5],0,10,84,17,0,-245,-3473(941.715)[I]: [6],0,18,31,7,0,-350,17002
(941.725)[I]: [5],0,10,84,18,0,-245,-3473(941.725)[I]: [6],0,18,31,6,0,-350,17002
(941.735)[I]: [5],0,10,84,18,0,-245,-3473(941.735)[I]: [6],0,18,31,6,0,-350,17002
(941.745)[I]: [5],0,10,84,18,0,-245,-3473(941.745)[I]: [6],0,18,31,6,0,-350,17002
(941.755)[I]: [5],0,10,84,18,0,-245,-3473(941.755)[I]: [6],0,18,31,7,0,-350,17002
(941.765)[I]: [5],0,10,84,19,0,-245,-3473(941.765)[I]: [6],0,18,31,7,0,-350,17002
(941.775)[I]: [5],0,9,84,18,0,-245,-3473(941.775)[I]: [6],0,18,31,7,0,-350,17002
(941.785)[I]: [5],0,9,84,19,0,-245,-3473(941.785)[I]: [6],0,18,31,7,0,-349,17002
(941.795)[I]: [5],0,9,80,18,0,-245,-3473(941.795)[I]: [6],0,18,31,7,0,-349,17002
(941.805)[I]: [5],0,9,80,19,0,-245,-3473(941.805)[I]: [6],0,18,31,7,0,-350,17002
(941.815)[I]: [5],0,9,80,19,0,-245,-3473(941.815)[I]: [6],0,18,31,7,0,-349,17002
(941.825)[I]: [5],0,9,80,19,0,-245,-3473(941.825)[I]: [6],0,17,31,7,0,-349,17002
(941.835)[I]: [5],0,9,80,19,0,-245,-3473(941.835)[I]: [6],0,17,31,7,0,-349,17002
(941.845)[I]: [5],0,10,80,20,0,-245,-3473(941.845)[I]: [6],0,17,31,7,0,-349,17002
(941.855)[I]: [5],0,10,84,20,0,-245,-3473(941.855)[I]: [6],0,17,31,7,0,-349,17002
(941.865)[I]: [5],0,10,84,20,0,-245,-3473(941.865)[I]: [6],0,16,31,7,0,-349,17002
(941.875)[I]: [5],0,10,84,20,0,-245,-3473(941.875)[I]: [6],0,15,31,7,0,-349,17002
(941.885)[I]: [5],0,10,88,20,0,-245,-3473(941.885)[I]: [6],0,15,30,7,0,-349,17002
(941.895)[I]: [5],0,10,88,20,0,-245,-3473(941.895)[I]: [6],0,14,29,7,0,-349,17002
(941.905)[I]: [5],0,10,88,20,0,-245,-3473(941.905)[I]: [6],0,14,28,7,0,-349,17002
(941.915)[I]: [5],0,10,88,20,0,-245,-3473(941.915)[I]: [6],0,14,28,7,0,-349,17002
(941.925)[I]: [5],0,10,88,20,0,-245,-3473(941.925)[I]: [6],0,14,28,7,0,-350,17002
(941.935)[I]: [5],0,10,88,21,0,-244,-3473(941.935)[I]: [6],0,13,28,7,0,-349,17002
(941.945)[I]: [5],0,10,88,21,0,-244,-3473(941.945)[I]: [6],0,12,28,7,0,-349,17002
(941.955)[I]: [5],0,10,88,21,0,-244,-3473(941.955)[I]: [6],0,11,27,6,0,-349,17002
(941.965)[I]: [5],0,10,88,22,0,-243,-3473(941.965)[I]: [6],0,12,27,7,0,-349,17002
(941.975)[I]: [5],0,10,92,22,0,-243,-3473(941.975)[I]: [6],0,11,26,6,0,-349,17002
(941.985)[I]: [5],0,10,92,21,0,-243,-3473(941.985)[I]: [6],0,11,27,6,0,-349,17002
(941.995)[I]: [5],0,10,92,22,0,-243,-3473(941.995)[I]: [6],0,11,26,6,0,-349,17002
(941.999)[I]: [5],0,10,92,23,0,-241,-3473(941.999)[I]: [6],0,10,25,6,0,-349,17002
(941.999)[I]: [5],0,10,92,23,0,-241,-3473(941.999)[I]: [6],0,10,24,6,0,-350,17002
(942.001)[I]: [5],0,10,92,24,0,-241,-3473(942.001)[I]: [6],0,9,24,6,0,-349,17002
(942.011)[I]: [5],0,10,92,25,0,-241,-3473(942.011)[I]: [6],0,10,23,6,0,-349,17002
(942.021)[I]: [5],0,9,92,25,0,-240,-3473(942.021)[I]: [6],0,9,23,6,0,-349,17002
(942.031)[I]: [5],0,9,92,26,0,-240,-3473(942.031)[I]: [6],0,10,22,6,0,-349,17002
(942.041)[I]: [5],0,9,92,26,0,-240,-3473(942.041)[I]: [6],0,10,22,6,0,-350,17002
(942.051)[I]: [5],0,9,92,26,0,-239,-3473(942.051)[I]: [6],0,9,22,6,0,-349,17002
(942.061)[I]: [5],0,9,96,27,0,-238,-3473(942.061)[I]: [6],0,9,22,6,0,-350,17002
(942.071)[I]: [5],0,9,96,28,0,-238,-3473(942.071)[I]: [6],0,9,22,6,0,-349,17002
(942.081)[I]: [5],0,9,96,28,0,-238,-3473(942.081)[I]: [6],0,9,22,7,0,-350,17002
(942.091)[I]: [5],0,9,96,28,0,-238,-3473(942.091)[I]: [6],0,9,21,6,0,-349,17002
(942.101)[I]: [5],0,9,96,28,0,-237,-3473(942.101)[I]: [6],0,8,21,6,0,-349,17002
(942.111)[I]: [5],0,9,92,28,0,-237,-3473(942.111)[I]: [6],0,8,22,7,0,-350,17002
(942.121)[I]: [5],0,9,96,28,0,-237,-3473(942.121)[I]: [6],0,8,22,8,0,-349,17002
(942.131)[I]: [5],0,9,92,27,0,-237,-3473(942.131)[I]: [6],0,8,21,8,0,-350,17002
(942.141)[I]: [5],0,9,92,27,0,-236,-3473(942.141)[I]: [6],0,7,20,8,0,-350,17002
(942.151)[I]: [5],0,9,96,26,0,-236,-3473(942.151)[I]: [6],0,7,20,8,0,-350,17002
(942.161)[I]: [5],0,9,92,26,0,-236,-3473(942.161)[I]: [6],0,7,20,8,0,-350,17002
(942.171)[I]: [5],0,9,92,25,0,-236,-3473(942.171)[I]: [6],0,7,21,8,0,-350,17002
(942.181)[I]: [5],0,7,92,24,0,-236,-3473(942.181)[I]: [6],0,7,21,9,0,-350,17002
(942.191)[I]: [5],0,7,92,22,0,-236,-3473(942.191)[I]: [6],0,7,20,9,0,-350,17002
(942.201)[I]: [5],0,7,92,21,0,-236,-3473(942.201)[I]: [6],0,7,20,9,0,-350,17002
(942.211)[I]: [5],0,7,96,20,0,-235,-3473(942.211)[I]: [6],0,7,21,9,0,-349,17002
(942.221)[I]: [5],0,8,96,20,0,-234,-3473(942.221)[I]: [6],0,6,21,10,0,-349,17002
(942.231)[I]: [5],0,8,96,20,0,-234,-3473(942.231)[I]: [6],0,6,21,13,0,-349,17002
(942.241)[I]: [5],0,8,96,19,0,-233,-3473(942.241)[I]: [6],0,6,20,14,0,-349,17002
(942.251)[I]: [5],0,10,96,18,0,-233,-3473(942.251)[I]: [6],0,6,21,14,0,-349,17002
(942.261)[I]: [5],0,10,96,17,0,-234,-3470(942.261)[I]: [6],0,6,21,14,0,-349,17002
(942.271)[I]: [5],0,11,100,17,0,-236,-3463(942.271)[I]: [6],0,6,21,14,0,-349,17002
(942.281)[I]: [5],0,13,100,14,-1,-238,-3452(942.282)[I]: [6],0,6,20,16,0,-349,17002
(942.291)[I]: [5],0,17,100,12,-1,-240,-3441(942.292)[I]: [6],0,6,20,18,0,-349,17002
(942.301)[I]: [5],0,21,100,6,-2,-242,-3429(942.301)[I]: [6],0,7,21,18,0,-349,17002
(942.311)[I]: [5],0,21,104,6,-2,-241,-3411(942.311)[I]: [6],0,6,20,19,0,-349,17002
(942.321)[I]: [5],0,21,104,5,-2,-242,-3388(942.321)[I]: [6],0,7,21,21,0,-349,17002
(942.331)[I]: [5],0,22,100,3,-4,-246,-3359(942.331)[I]: [6],0,7,22,23,0,-349,17002
(942.341)[I]: [5],6,25,100,0,-6,-256,-3323(942.341)[I]: [6],0,7,24,26,0,-348,17002
(942.351)[I]: [5],7,26,84,0,-7,-281,-3284(942.351)[I]: [6],0,7,25,27,0,-348,17002
(942.361)[I]: [5],7,25,68,0,-11,-300,-3197(942.361)[I]: [6],0,7,26,30,0,-348,17002
(942.371)[I]: [5],8,23,60,0,-15,-326,-3083(942.372)[I]: [6],0,10,28,31,0,-347,17002
(942.381)[I]: [5],8,19,44,0,-18,-347,-2954(942.381)[I]: [6],0,9,30,31,0,-347,17002
(942.391)[I]: [5],8,15,24,0,-21,-334,-2814(942.392)[I]: [6],0,11,30,37,0,-346,17002
(942.401)[I]: [5],7,13,24,0,-25,-303,-2663(942.401)[I]: [6],0,13,31,40,0,-346,17002
(942.411)[I]: [5],6,9,24,0,-32,-282,-2501(942.411)[I]: [6],0,13,30,46,0,-346,17002
(942.421)[I]: [5],5,5,20,0,-41,-267,-2321(942.421)[I]: [6],0,13,31,48,0,-345,17002
(942.431)[I]: [5],2,7,20,0,-53,-253,-2140(942.431)[I]: [6],0,14,35,51,0,-345,17002
(942.441)[I]: [5],4,5,20,0,-76,-251,-1967(942.441)[I]: [6],0,14,36,49,0,-345,17002
(942.451)[I]: [5],2,3,20,0,-106,-276,-1824(942.452)[I]: [6],0,14,36,51,0,-345,17002
(942.461)[I]: [5],0,3,24,0,-131,-323,-1733(942.461)[I]: [6],0,14,37,54,0,-345,17002
(942.471)[I]: [5],0,3,28,0,-150,-379,-1697(942.471)[I]: [6],0,15,37,55,0,-345,17002
(942.481)[I]: [5],0,3,28,0,-159,-430,-1714(942.481)[I]: [6],0,15,38,56,0,-344,17002
(942.491)[I]: [5],0,3,28,0,-167,-455,-1764(942.491)[I]: [6],0,15,39,56,0,-344,17002
(942.501)[I]: [5],0,3,28,0,-180,-462,-1836(942.501)[I]: [6],0,16,38,54,0,-344,17002
(942.511)[I]: [5],0,4,28,0,-201,-449,-1916(942.511)[I]: [6],0,17,38,51,0,-344,17002
(942.521)[I]: [5],0,3,28,0,-232,-424,-2004(942.521)[I]: [6],0,17,38,49,0,-343,17002
(942.531)[I]: [5],0,3,28,0,-272,-391,-2098(942.531)[I]: [6],0,18,38,48,0,-343,17002
(942.541)[I]: [5],0,3,24,0,-319,-358,-2199(942.541)[I]: [6],0,18,38,44,0,-343,17002
(942.551)[I]: [5],0,3,24,0,-371,-326,-2308(942.551)[I]: [6],0,17,37,41,0,-342,17002
(942.561)[I]: [5],0,3,24,0,-424,-299,-2423(942.561)[I]: [6],0,17,38,40,0,-342,17002
(942.571)[I]: [5],0,3,24,0,-475,-274,-2548(942.571)[I]: [6],0,18,38,39,0,-342,17002
(942.581)[I]: [5],0,3,20,0,-521,-250,-2683(942.581)[I]: [6],0,18,38,38,0,-342,17002
(942.591)[I]: [5],0,4,20,0,-561,-224,-2824(942.591)[I]: [6],0,18,38,38,0,-342,17002
(942.601)[I]: [5],0,4,20,0,-594,-195,-2967(942.601)[I]: [6],0,17,39,38,0,-342,17002
(942.611)[I]: [5],0,4,24,0,-619,-161,-3109(942.611)[I]: [6],0,17,39,38,0,-341,17002
(942.621)[I]: [5],0,4,24,0,-635,-122,-3248(942.621)[I]: [6],0,17,39,38,0,-341,17002
(942.631)[I]: [5],0,4,24,0,-643,-78,-3384(942.631)[I]: [6],0,18,41,38,0,-341,17002
(942.641)[I]: [5],0,4,24,0,-641,-30,-3516(942.641)[I]: [6],0,18,41,38,0,-341,17002
(942.651)[I]: [5],0,4,16,0,-632,21,-3644(942.651)[I]: [6],0,19,41,38,0,-341,17002
(942.661)[I]: [5],0,4,20,0,-614,73,-3769(942.661)[I]: [6],0,20,42,39,0,-340,17002
(942.671)[I]: [5],0,4,16,0,-590,123,-3891(942.671)[I]: [6],0,21,42,38,0,-340,17002
(942.681)[I]: [5],0,4,16,0,-560,165,-4016(942.681)[I]: [6],0,22,42,38,0,-340,17002
(942.691)[I]: [5],0,4,16,0,-527,198,-4153(942.691)[I]: [6],0,22,43,38,0,-339,17002
(942.701)[I]: [5],0,3,16,0,-493,218,-4310(942.701)[I]: [6],0,22,44,36,0,-339,17002
(942.711)[I]: [5],0,3,16,0,-462,223,-4488(942.711)[I]: [6],0,24,45,35,0,-339,17002
(942.721)[I]: [5],0,4,20,0,-436,220,-4679(942.721)[I]: [6],0,24,47,34,0,-339,17002
(942.731)[I]: [5],0,4,20,0,-417,210,-4871(942.731)[I]: [6],0,26,47,31,0,-339,17002
(942.741)[I]: [5],0,4,24,0,-405,196,-5052(942.741)[I]: [6],0,27,49,31,0,-339,17002
(942.751)[I]: [5],0,4,24,0,-401,178,-5215(942.751)[I]: [6],0,29,53,28,0,-338,17002
(942.761)[I]: [5],0,4,24,0,-404,158,-5357(942.761)[I]: [6],0,30,54,27,0,-338,17002
(942.771)[I]: [5],0,4,24,0,-414,133,-5478(942.771)[I]: [6],0,31,57,25,0,-339,17002
(942.781)[I]: [5],0,4,20,0,-426,103,-5576(942.781)[I]: [6],0,34,61,22,0,-338,17002
(942.791)[I]: [5],0,4,20,0,-441,70,-5649(942.791)[I]: [6],0,37,66,18,0,-339,16999
(942.801)[I]: [5],0,4,20,0,-455,37,-5699(942.801)[I]: [6],0,38,68,15,0,-340,16996
(942.811)[I]: [5],0,4,20,0,-469,8,-5726(942.811)[I]: [6],0,39,73,11,2,-341,16990
(942.821)[I]: [5],0,4,20,0,-480,-8,-5737(942.821)[I]: [6],0,45,76,11,1,-343,16987
(942.831)[I]: [5],0,4,16,0,-490,-11,-5737(942.831)[I]: [6],0,48,82,6,2,-343,16981
(942.841)[I]: [5],0,4,12,0,-497,-1,-5738(942.841)[I]: [6],0,51,87,6,3,-345,16974
(942.851)[I]: [5],0,4,8,0,-501,15,-5744(942.851)[I]: [6],0,56,93,4,4,-347,16967
(942.861)[I]: [5],0,4,8,0,-499,33,-5756(942.861)[I]: [6],0,58,97,2,5,-349,16958
(942.871)[I]: [5],0,4,8,0,-489,50,-5767(942.871)[I]: [6],0,70,99,3,7,-351,16945
(942.881)[I]: [5],0,5,4,0,-466,60,-5768(942.881)[I]: [6],0,75,106,2,8,-353,16933
(942.891)[I]: [5],0,5,4,0,-428,63,-5757(942.891)[I]: [6],0,84,108,2,9,-355,16920
(942.901)[I]: [5],0,5,4,0,-376,60,-5728(942.901)[I]: [6],0,92,115,1,10,-359,16905
(942.911)[I]: [5],0,5,4,0,-313,50,-5682(942.911)[I]: [6],0,103,134,1,12,-364,16890
(942.921)[I]: [5],0,5,8,0,-239,33,-5619(942.921)[I]: [6],0,110,133,0,13,-365,16870
(942.931)[I]: [5],0,5,4,0,-161,14,-5545(942.931)[I]: [6],2,118,133,0,15,-366,16839
(942.941)[I]: [5],0,3,8,4,-92,-11,-5347(942.941)[I]: [6],3,127,141,0,16,-362,16805
(942.951)[I]: [5],0,2,8,6,-40,-104,-5158(942.951)[I]: [6],4,137,146,0,17,-359,16756
(942.961)[I]: [5],0,2,8,8,0,-219,-4942(942.961)[I]: [6],6,146,137,0,21,-363,16682
(942.971)[I]: [5],0,1,8,10,39,-287,-4744(942.971)[I]: [6],13,159,127,0,25,-361,16589
(942.981)[I]: [5],0,1,8,13,82,-351,-4544(942.981)[I]: [6],19,175,110,0,31,-360,16477
(942.991)[I]: [5],0,1,8,16,127,-393,-4355(942.992)[I]: [6],28,184,93,1,39,-358,16345
(942.999)[I]: [5],0,1,12,20,165,-406,-4179(942.999)[I]: [6],34,186,66,0,48,-359,16192
(942.999)[I]: [5],0,1,12,24,197,-408,-4014(942.999)[I]: [6],38,171,37,0,53,-355,16028
(942.999)[I]: [5],0,1,12,30,218,-411,-3865(942.999)[I]: [6],39,154,20,0,60,-323,15838
(943.007)[I]: [5],0,1,12,38,231,-382,-3751(943.007)[I]: [6],49,149,20,0,79,-289,15621
(943.017)[I]: [5],0,1,12,46,238,-348,-3675(943.017)[I]: [6],62,123,12,0,102,-284,15385
(943.027)[I]: [5],1,1,16,63,235,-313,-3613(943.028)[I]: [6],75,102,9,0,125,-284,15116
(943.037)[I]: [5],1,1,20,68,228,-287,-3566(943.038)[I]: [6],75,73,12,0,161,-255,14810
(943.047)[I]: [5],0,1,24,70,221,-266,-3525(943.047)[I]: [6],86,56,15,0,222,-213,14469
(943.057)[I]: [5],0,1,36,72,222,-253,-3494(943.058)[I]: [6],96,39,13,0,296,-195,14107
(943.067)[I]: [5],0,1,44,74,222,-246,-3473(943.067)[I]: [6],73,28,9,0,350,-218,13716
(943.077)[I]: [5],0,1,60,75,222,-241,-3455(943.078)[I]: [6],55,21,5,0,391,-249,13292
(943.087)[I]: [5],0,1,76,78,221,-237,-3439(943.087)[I]: [6],46,17,6,0,445,-253,12843
(943.097)[I]: [5],0,0,68,82,220,-235,-3428(943.097)[I]: [6],25,13,5,1,514,-227,12399
(943.107)[I]: [5],0,1,68,85,219,-234,-3422(943.108)[I]: [6],15,14,2,1,599,-172,11946
(943.117)[I]: [5],0,2,72,88,217,-235,-3419(943.118)[I]: [6],3,12,2,1,687,-106,11496
(943.127)[I]: [5],0,3,76,92,215,-235,-3419(943.128)[I]: [6],0,7,1,1,786,-36,11081
(943.137)[I]: [5],0,4,76,94,212,-235,-3419(943.138)[I]: [6],0,3,2,2,890,-6,10725
(943.147)[I]: [5],0,6,72,92,210,-236,-3419(943.148)[I]: [6],0,3,2,2,990,-89,10522
(943.157)[I]: [5],0,7,80,89,208,-236,-3419(943.158)[I]: [6],0,3,1,2,1075,-183,10497
(943.167)[I]: [5],0,6,88,87,206,-236,-3419(943.168)[I]: [6],0,3,1,2,1117,-277,10651
(943.177)[I]: [5],0,6,88,81,204,-236,-3419(943.178)[I]: [6],0,4,1,2,1136,-385,10903
(943.187)[I]: [5],0,6,96,78,203,-230,-3416(943.188)[I]: [6],0,5,2,2,1146,-484,11204
(943.197)[I]: [5],0,7,88,71,202,-224,-3413(943.198)[I]: [6],0,6,2,2,1155,-591,11510
(943.207)[I]: [5],0,6,92,65,200,-223,-3413(943.208)[I]: [6],0,6,2,2,1179,-704,11795
(943.217)[I]: [5],0,6,100,59,198,-221,-3413(943.218)[I]: [6],0,6,3,3,1200,-823,12053
(943.227)[I]: [5],0,6,100,55,196,-219,-3413(943.228)[I]: [6],0,5,3,3,1226,-940,12286
(943.237)[I]: [5],0,6,108,53,194,-217,-3413(943.238)[I]: [6],0,5,3,3,1243,-1044,12510
(943.247)[I]: [5],0,6,112,50,192,-216,-3413(943.248)[I]: [6],0,5,3,3,1241,-1126,12738
(943.257)[I]: [5],0,6,116,48,190,-216,-3413(943.258)[I]: [6],0,5,2,3,1215,-1182,12978
(943.267)[I]: [5],0,7,116,47,188,-215,-3413(943.268)[I]: [6],0,5,2,3,1162,-1209,13232
(943.277)[I]: [5],0,7,112,40,186,-214,-3413(943.278)[I]: [6],0,5,2,3,1088,-1208,13496
(943.287)[I]: [5],0,7,124,35,184,-214,-3413(943.288)[I]: [6],0,5,1,3,994,-1187,13768
(943.297)[I]: [5],0,6,124,31,182,-214,-3413(943.298)[I]: [6],0,6,1,3,887,-1148,14046
(943.307)[I]: [5],0,6,140,26,180,-213,-3410(943.308)[I]: [6],0,5,0,3,774,-1100,14326
(943.317)[I]: [5],0,7,148,24,179,-212,-3407(943.318)[I]: [6],0,5,0,3,660,-1045,14612
(943.327)[I]: [5],0,8,152,21,177,-211,-3400(943.328)[I]: [6],0,5,0,3,553,-983,14897
(943.337)[I]: [5],0,7,152,18,175,-211,-3394(943.338)[I]: [6],0,4,0,3,462,-918,15179
(943.347)[I]: [5],0,7,156,19,173,-212,-3388(943.348)[I]: [6],0,4,0,3,392,-849,15459
(943.357)[I]: [5],0,9,164,17,171,-213,-3385(943.358)[I]: [6],0,4,0,3,346,-778,15734
(943.367)[I]: [5],0,10,168,17,169,-213,-3385(943.368)[I]: [6],0,4,0,3,322,-704,16000
(943.377)[I]: [5],0,11,176,16,168,-212,-3385(943.378)[I]: [6],0,4,0,3,315,-629,16253
(943.387)[I]: [5],0,14,176,15,166,-212,-3385(943.388)[I]: [6],0,5,0,3,319,-552,16496
(943.397)[I]: [5],0,14,184,16,164,-211,-3385(943.398)[I]: [6],0,4,0,3,333,-472,16737
(943.407)[I]: [5],0,17,188,14,163,-211,-3385(943.408)[I]: [6],0,3,0,2,354,-393,16983
(943.417)[I]: [5],0,19,192,12,160,-215,-3381(943.418)[I]: [6],0,4,0,2,380,-317,17231
(943.427)[I]: [5],0,22,192,10,159,-217,-3375(943.428)[I]: [6],0,4,0,2,407,-244,17468
(943.437)[I]: [5],0,23,200,10,157,-219,-3367(943.438)[I]: [6],0,4,0,1,436,-173,17679
(943.447)[I]: [5],3,26,204,8,155,-223,-3357(943.448)[I]: [6],0,5,0,1,466,-101,17860
(943.457)[I]: [5],5,30,204,8,153,-227,-3347(943.458)[I]: [6],0,5,0,2,494,-24,-17981
(943.467)[I]: [5],6,31,208,6,152,-230,-3336(943.468)[I]: [6],0,5,0,1,513,55,-17838
(943.477)[I]: [5],7,31,216,6,149,-232,-3321(943.478)[I]: [6],0,4,0,2,524,132,-17703
(943.487)[I]: [5],9,39,232,5,148,-232,-3303(943.488)[I]: [6],0,5,0,2,528,199,-17570
(943.497)[I]: [5],14,46,236,3,146,-232,-3282(943.498)[I]: [6],0,3,0,2,531,254,-17429
(943.507)[I]: [5],18,48,240,2,144,-232,-3256(943.508)[I]: [6],0,4,0,2,523,292,-17267
(943.517)[I]: [5],23,56,240,0,142,-234,-3226(943.518)[I]: [6],0,4,0,1,523,305,-17079
(943.527)[I]: [5],30,63,252,0,139,-236,-3193(943.528)[I]: [6],0,5,0,1,518,299,-16881
(943.537)[I]: [5],37,72,252,0,135,-247,-3152(943.538)[I]: [6],0,5,0,1,512,283,-16698
(943.547)[I]: [5],45,83,252,0,130,-260,-3088(943.548)[I]: [6],0,5,0,1,503,267,-16548
(943.557)[I]: [5],54,88,252,0,125,-278,-2997(943.558)[I]: [6],0,5,0,1,487,256,-16438
(943.567)[I]: [5],60,107,228,0,119,-292,-2901(943.568)[I]: [6],0,4,1,2,467,258,-16386
(943.577)[I]: [5],67,116,220,0,114,-300,-2799(943.578)[I]: [6],0,4,1,2,408,116,-16595
(943.587)[I]: [5],73,114,188,0,110,-301,-2682(943.588)[I]: [6],0,3,1,8,319,-46,-16889
(943.597)[I]: [5],75,115,180,0,109,-292,-2535(943.598)[I]: [6],0,2,1,11,276,-231,-17215
(943.607)[I]: [5],79,111,124,0,110,-276,-2355(943.608)[I]: [6],0,1,2,19,244,-308,-17533
(943.617)[I]: [5],76,111,124,0,116,-254,-2148(943.618)[I]: [6],0,1,1,30,192,-355,-17833
(943.627)[I]: [5],70,89,104,0,122,-213,-1907(943.628)[I]: [6],0,1,2,42,137,-339,17894
(943.637)[I]: [5],62,67,96,0,126,-157,-1624(943.638)[I]: [6],0,1,3,56,98,-331,17650
(943.647)[I]: [5],54,44,96,0,125,-104,-1299(943.648)[I]: [6],0,1,3,62,92,-374,17450
(943.657)[I]: [5],49,19,76,0,122,-62,-924(943.657)[I]: [6],0,1,6,68,103,-381,17296
(943.667)[I]: [5],48,14,60,0,110,-19,-521(943.668)[I]: [6],0,1,7,76,112,-393,17185
(943.677)[I]: [5],50,10,64,0,95,17,-97(943.677)[I]: [6],0,1,11,73,112,-395,17105
(943.687)[I]: [5],59,10,48,0,62,61,347(943.687)[I]: [6],0,0,21,78,115,-399,17041
(943.697)[I]: [5],62,6,32,0,40,56,799(943.697)[I]: [6],0,0,26,72,114,-395,16989
(943.707)[I]: [5],47,5,12,0,23,18,1264(943.707)[I]: [6],0,0,31,77,104,-393,16952
(943.717)[I]: [5],29,4,16,0,-16,-18,1708(943.717)[I]: [6],0,0,38,73,103,-391,16927
(943.727)[I]: [5],5,4,12,0,-60,-63,2125(943.727)[I]: [6],0,0,44,71,101,-391,16915
(943.737)[I]: [5],0,2,20,0,-124,-123,2509(943.737)[I]: [6],0,0,47,72,99,-392,16911
(943.747)[I]: [5],0,2,12,0,-202,-253,2827(943.747)[I]: [6],0,0,51,67,98,-391,16911
(943.757)[I]: [5],0,3,8,0,-270,-384,3047(943.757)[I]: [6],0,0,51,60,97,-391,16911
(943.767)[I]: [5],0,2,8,0,-310,-453,3099(943.767)[I]: [6],0,0,52,52,96,-391,16911
(943.777)[I]: [5],0,3,8,0,-330,-508,3036(943.777)[I]: [6],0,0,53,51,95,-391,16911
(943.787)[I]: [5],0,3,12,0,-341,-537,2891(943.787)[I]: [6],0,0,54,46,94,-391,16911
(943.797)[I]: [5],0,3,12,0,-350,-559,2709(943.797)[I]: [6],0,0,56,41,93,-391,16911
(943.807)[I]: [5],0,3,12,0,-363,-589,2514(943.807)[I]: [6],0,0,56,39,92,-391,16911
(943.817)[I]: [5],0,3,12,0,-384,-620,2315(943.817)[I]: [6],0,0,58,31,91,-390,16911
(943.827)[I]: [5],0,3,12,0,-411,-650,2116(943.827)[I]: [6],0,0,58,28,91,-389,16912
(943.837)[I]: [5],0,3,12,0,-443,-674,1913(943.837)[I]: [6],0,0,59,25,90,-388,16912
(943.847)[I]: [5],0,3,12,0,-477,-695,1700(943.847)[I]: [6],0,0,58,26,89,-387,16912
(943.857)[I]: [5],0,3,12,0,-511,-707,1472(943.857)[I]: [6],0,0,57,21,88,-386,16912
(943.867)[I]: [5],0,3,12,0,-543,-716,1224(943.867)[I]: [6],0,1,58,20,87,-385,16912
(943.877)[I]: [5],0,3,12,0,-568,-722,956(943.877)[I]: [6],0,1,55,20,86,-384,16912
(943.887)[I]: [5],0,3,8,0,-586,-719,671(943.887)[I]: [6],0,1,55,20,85,-384,16912
(943.897)[I]: [5],0,3,12,0,-596,-713,372(943.897)[I]: [6],0,1,59,19,84,-384,16912
(943.907)[I]: [5],0,3,8,0,-592,-697,60(943.907)[I]: [6],0,2,61,17,85,-384,16909
(943.917)[I]: [5],0,3,8,0,-578,-672,-261(943.917)[I]: [6],0,2,63,14,87,-385,16901
(943.927)[I]: [5],0,3,8,0,-553,-643,-591(943.927)[I]: [6],0,3,67,13,89,-387,16894
(943.937)[I]: [5],0,3,12,0,-520,-607,-928(943.937)[I]: [6],0,5,71,11,91,-389,16887
(943.947)[I]: [5],0,3,8,0,-482,-562,-1264(943.947)[I]: [6],0,7,69,12,93,-392,16882
(943.957)[I]: [5],0,3,8,0,-442,-509,-1596(943.957)[I]: [6],0,12,76,12,94,-393,16880
(943.967)[I]: [5],0,4,8,0,-405,-448,-1921(943.967)[I]: [6],0,14,75,12,94,-395,16878
(943.977)[I]: [5],0,4,8,0,-370,-380,-2237(943.977)[I]: [6],0,15,75,12,93,-395,16878
(943.987)[I]: [5],1,4,8,0,-341,-314,-2542(943.987)[I]: [6],0,17,71,12,92,-394,16878
(943.997)[I]: [5],2,4,8,0,-315,-261,-2829(943.997)[I]: [6],0,19,63,12,91,-394,16878
(943.999)[I]: [5],2,4,4,0,-292,-224,-3093(943.999)[I]: [6],0,19,63,12,90,-394,16878
(943.999)[I]: [5],2,4,4,0,-271,-196,-3339(943.999)[I]: [6],0,24,68,11,92,-398,16873
(944.003)[I]: [5],2,4,4,0,-252,-161,-3574(944.003)[I]: [6],0,27,66,8,93,-401,16867
(944.013)[I]: [5],2,4,4,0,-240,-102,-3812(944.013)[I]: [6],0,31,75,7,95,-403,16860
(944.023)[I]: [5],2,5,4,0,-239,-21,-4066(944.023)[I]: [6],0,36,75,6,96,-406,16852
(944.033)[I]: [5],3,5,4,0,-249,70,-4331(944.033)[I]: [6],0,36,73,3,97,-409,16844
(944.043)[I]: [5],3,5,4,0,-269,162,-4593(944.043)[I]: [6],0,42,78,3,99,-413,16835
(944.053)[I]: [5],3,5,4,0,-291,239,-4832(944.053)[I]: [6],0,47,81,3,99,-416,16827
(944.063)[I]: [5],3,5,4,0,-308,290,-5042(944.063)[I]: [6],0,56,93,2,100,-421,16817
(944.073)[I]: [5],3,5,4,0,-316,312,-5221(944.073)[I]: [6],0,63,96,1,101,-426,16809
(944.083)[I]: [5],3,5,4,0,-309,305,-5377(944.083)[I]: [6],0,68,99,1,102,-431,16797
(944.093)[I]: [5],3,6,4,0,-287,301,-5520(944.093)[I]: [6],2,77,117,1,103,-437,16786
(944.103)[I]: [5],3,6,4,0,-255,316,-5663(944.103)[I]: [6],3,88,117,0,105,-443,16776
(944.113)[I]: [5],4,5,4,0,-213,318,-5807(944.113)[I]: [6],8,99,119,0,106,-446,16763
(944.123)[I]: [5],3,6,4,0,-157,285,-5940(944.123)[I]: [6],15,112,115,0,108,-449,16744
(944.133)[I]: [5],3,5,4,0,-86,223,-6046(944.133)[I]: [6],19,127,112,0,112,-488,16707
(944.143)[I]: [5],4,5,8,0,-7,152,-6097(944.143)[I]: [6],25,140,91,0,117,-554,16642
(944.153)[I]: [5],5,4,8,2,74,66,-5930(944.153)[I]: [6],34,147,86,0,127,-579,16552
(944.163)[I]: [5],5,3,12,6,136,-88,-5645(944.163)[I]: [6],50,163,72,0,134,-592,16449
(944.173)[I]: [5],2,3,8,13,167,-277,-5308(944.174)[I]: [6],63,168,61,0,142,-601,16338
(944.183)[I]: [5],0,3,12,23,186,-391,-4972(944.184)[I]: [6],81,169,34,0,152,-593,16205
(944.193)[I]: [5],0,2,8,30,209,-455,-4681(944.193)[I]: [6],101,168,27,0,165,-570,16047
(944.203)[I]: [5],0,3,8,43,244,-467,-4423(944.203)[I]: [6],113,140,11,0,175,-545,15858
(944.213)[I]: [5],1,1,12,60,280,-462,-4185(944.214)[I]: [6],121,127,5,0,187,-484,15627
(944.223)[I]: [5],2,1,12,85,313,-435,-3991(944.224)[I]: [6],114,113,10,0,219,-416,15341
(944.233)[I]: [5],2,1,12,101,329,-401,-3856(944.234)[I]: [6],102,78,8,0,257,-368,15028
(944.243)[I]: [5],3,1,12,104,318,-367,-3768(944.244)[I]: [6],87,50,6,0,307,-285,14673
(944.253)[I]: [5],3,1,20,111,297,-337,-3702(944.254)[I]: [6],84,38,7,0,376,-187,14262
(944.263)[I]: [5],1,1,32,106,286,-312,-3645(944.264)[I]: [6],67,26,9,0,438,-136,13814
(944.273)[I]: [5],1,1,52,102,284,-291,-3595(944.274)[I]: [6],43,18,5,0,471,-107,13329
(944.283)[I]: [5],0,2,76,99,284,-280,-3562(944.284)[I]: [6],34,12,5,0,501,-70,12820
(944.293)[I]: [5],0,2,72,95,285,-272,-3536(944.294)[I]: [6],31,10,3,0,547,-39,12329
(944.303)[I]: [5],0,4,96,94,285,-268,-3516(944.304)[I]: [6],13,3,1,0,596,-11,11838
(944.313)[I]: [5],0,3,104,97,285,-266,-3503(944.314)[I]: [6],0,5,1,0,655,32,11348
(944.323)[I]: [5],0,3,112,99,284,-264,-3496(944.324)[I]: [6],0,3,0,0,733,83,10904
(944.333)[I]: [5],0,3,120,98,281,-263,-3496(944.334)[I]: [6],1,3,0,0,828,50,10579
(944.343)[I]: [5],0,4,124,96,278,-262,-3496(944.344)[I]: [6],0,2,0,0,938,-47,10407
(944.353)[I]: [5],0,5,124,90,275,-261,-3496(944.354)[I]: [6],0,4,0,0,1023,-74,10431
(944.363)[I]: [5],0,4,124,82,273,-261,-3496(944.364)[I]: [6],0,3,0,0,1068,-134,10610
(944.373)[I]: [5],0,4,124,75,270,-261,-3496(944.374)[I]: [6],0,3,0,0,1104,-200,10860
(944.383)[I]: [5],0,6,124,70,267,-261,-3496(944.384)[I]: [6],0,3,0,0,1134,-283,11140
(944.393)[I]: [5],0,5,124,59,265,-261,-3496(944.394)[I]: [6],0,3,0,0,1165,-390,11412
(944.403)[I]: [5],0,6,124,51,262,-261,-3496(944.404)[I]: [6],0,3,0,0,1201,-508,11666
(944.413)[I]: [5],0,7,132,46,260,-258,-3494(944.414)[I]: [6],0,3,0,0,1234,-630,11899
(944.423)[I]: [5],0,7,136,35,257,-255,-3495(944.424)[I]: [6],0,3,0,0,1269,-740,12116
(944.433)[I]: [5],0,9,136,28,254,-252,-3495(944.434)[I]: [6],0,3,0,0,1299,-829,12333
(944.443)[I]: [5],0,7,140,28,251,-254,-3491(944.444)[I]: [6],0,3,0,0,1317,-890,12560
(944.453)[I]: [5],0,8,140,24,247,-260,-3487(944.454)[I]: [6],0,3,0,0,1319,-922,12807
(944.463)[I]: [5],0,9,148,20,243,-267,-3484(944.464)[I]: [6],0,3,0,0,1304,-927,13073
(944.473)[I]: [5],0,12,144,20,238,-274,-3483(944.474)[I]: [6],0,3,0,0,1272,-909,13352
(944.483)[I]: [5],0,11,152,20,234,-282,-3482(944.484)[I]: [6],0,3,0,0,1227,-872,13637
(944.493)[I]: [5],0,14,148,19,229,-289,-3481(944.494)[I]: [6],0,3,0,0,1170,-821,13926
(944.503)[I]: [5],0,15,144,19,226,-294,-3477(944.504)[I]: [6],0,3,0,0,1105,-764,14219
(944.513)[I]: [5],0,20,148,19,224,-294,-3477(944.514)[I]: [6],0,3,0,0,1032,-714,14519
(944.523)[I]: [5],0,23,148,17,222,-293,-3478(944.524)[I]: [6],0,3,0,0,954,-683,14827
(944.533)[I]: [5],0,24,152,16,219,-293,-3478(944.534)[I]: [6],0,3,0,0,873,-671,15136
(944.543)[I]: [5],0,25,152,17,217,-292,-3478(944.544)[I]: [6],0,3,0,0,792,-672,15440
(944.553)[I]: [5],0,27,148,17,215,-292,-3478(944.554)[I]: [6],0,3,0,0,714,-671,15736
(944.563)[I]: [5],2,29,152,16,213,-293,-3478(944.564)[I]: [6],0,3,0,0,648,-652,16033
(944.573)[I]: [5],3,30,152,16,211,-293,-3478(944.574)[I]: [6],0,3,0,0,603,-610,16343
(944.583)[I]: [5],4,31,160,15,209,-295,-3475(944.584)[I]: [6],0,3,0,0,587,-546,16668
(944.593)[I]: [5],6,36,168,12,206,-298,-3468(944.594)[I]: [6],0,3,0,0,603,-469,17005
(944.603)[I]: [5],7,41,172,12,203,-300,-3459(944.604)[I]: [6],0,3,0,0,651,-394,17344
(944.613)[I]: [5],8,47,168,10,200,-301,-3447(944.614)[I]: [6],0,3,0,0,726,-324,17678
(944.623)[I]: [5],9,52,176,10,197,-301,-3434(944.624)[I]: [6],0,3,0,0,823,-263,-17993
(944.633)[I]: [5],11,52,180,8,195,-301,-3419(944.634)[I]: [6],0,3,0,0,937,-207,-17678
(944.643)[I]: [5],12,57,188,6,193,-301,-3405(944.644)[I]: [6],0,3,0,0,1054,-156,-17382
(944.653)[I]: [5],15,63,188,6,190,-301,-3385(944.654)[I]: [6],0,3,0,0,1157,-111,-17111
(944.663)[I]: [5],20,79,192,2,187,-302,-3359(944.664)[I]: [6],0,3,0,0,1232,-77,-16868
(944.673)[I]: [5],25,86,196,0,184,-307,-3328(944.674)[I]: [6],0,3,0,0,1265,-58,-16652
(944.683)[I]: [5],28,98,204,0,179,-319,-3289(944.684)[I]: [6],0,5,0,0,1242,-52,-16455
(944.693)[I]: [5],42,108,204,0,173,-340,-3246(944.694)[I]: [6],0,5,0,0,1186,-54,-16273
(944.703)[I]: [5],55,120,204,0,167,-379,-3195(944.704)[I]: [6],0,6,0,0,1091,-65,-16117
(944.713)[I]: [5],67,135,204,0,161,-393,-3113(944.714)[I]: [6],0,5,0,0,968,-73,-16002
(944.723)[I]: [5],78,151,176,0,156,-391,-3014(944.724)[I]: [6],0,5,0,0,831,-64,-15937
(944.733)[I]: [5],84,159,168,0,153,-388,-2908(944.734)[I]: [6],0,5,0,0,694,-35,-15916
(944.743)[I]: [5],99,174,160,0,150,-374,-2790(944.744)[I]: [6],0,4,0,1,578,36,-15982
(944.753)[I]: [5],101,181,132,0,150,-358,-2651(944.754)[I]: [6],0,3,0,3,432,48,-16301
(944.763)[I]: [5],108,174,116,0,151,-331,-2488(944.764)[I]: [6],0,3,0,8,318,-20,-16639
(944.773)[I]: [5],106,161,100,0,155,-294,-2297(944.774)[I]: [6],0,3,0,11,267,-160,-17017
(944.783)[I]: [5],105,135,84,0,163,-250,-2068(944.784)[I]: [6],0,1,0,15,242,-301,-17365
(944.793)[I]: [5],100,109,68,0,165,-212,-1792(944.794)[I]: [6],0,0,0,24,209,-365,-17684
(944.803)[I]: [5],87,74,64,0,159,-184,-1477(944.804)[I]: [6],0,1,1,40,147,-346,-17959
(944.813)[I]: [5],73,53,68,0,144,-153,-1108(944.814)[I]: [6],0,0,3,53,99,-327,17789
(944.823)[I]: [5],67,27,64,0,110,-93,-683(944.823)[I]: [6],0,0,6,68,94,-320,17549
(944.833)[I]: [5],70,15,60,0,61,-27,-227(944.833)[I]: [6],0,0,6,80,121,-337,17354
(944.843)[I]: [5],79,14,56,0,13,42,253(944.843)[I]: [6],0,0,8,89,135,-353,17203
(944.853)[I]: [5],81,7,44,0,-42,102,756(944.853)[I]: [6],0,0,9,99,137,-367,17095
(944.863)[I]: [5],68,8,16,0,-80,118,1265(944.863)[I]: [6],0,0,12,96,131,-373,17010
(944.873)[I]: [5],43,5,8,0,-144,145,1760(944.873)[I]: [6],0,1,18,91,132,-377,16943
(944.883)[I]: [5],22,5,12,0,-214,157,2223(944.884)[I]: [6],0,1,24,89,123,-378,16895
(944.893)[I]: [5],2,2,12,0,-304,157,2659(944.893)[I]: [6],0,1,28,89,118,-383,16861
(944.903)[I]: [5],0,4,8,0,-415,77,3023(944.903)[I]: [6],0,1,30,104,119,-389,16838
(944.913)[I]: [5],0,4,4,0,-519,-52,3321(944.913)[I]: [6],0,3,29,103,119,-395,16822
(944.923)[I]: [5],0,3,8,0,-596,-140,3416(944.923)[I]: [6],0,5,26,100,117,-401,16814
(944.933)[I]: [5],0,3,8,0,-636,-211,3349(944.933)[I]: [6],0,7,27,90,116,-405,16812
(944.943)[I]: [5],1,3,8,0,-653,-274,3154(944.943)[I]: [6],0,8,28,81,115,-405,16812
(944.953)[I]: [5],0,3,8,0,-658,-321,2897(944.953)[I]: [6],0,9,27,76,114,-405,16812
(944.963)[I]: [5],0,3,8,0,-661,-377,2620(944.963)[I]: [6],0,9,25,61,113,-405,16812
(944.973)[I]: [5],0,3,8,0,-668,-434,2341(944.973)[I]: [6],0,11,25,45,112,-405,16812
(944.983)[I]: [5],1,3,12,0,-682,-489,2069(944.983)[I]: [6],0,10,24,43,111,-404,16812
(944.993)[I]: [5],1,3,8,0,-701,-541,1805(944.993)[I]: [6],0,9,23,38,109,-404,16812
(944.999)[I]: [5],1,3,8,0,-726,-581,1543(944.999)[I]: [6],0,10,23,31,108,-405,16813
(944.999)[I]: [5],1,2,12,0,-754,-609,1273(944.999)[I]: [6],0,9,22,31,107,-404,16813
(944.999)[I]: [5],0,2,12,0,-784,-624,990(944.999)[I]: [6],0,9,23,30,106,-403,16813
(945.009)[I]: [5],0,2,8,0,-812,-623,685(945.009)[I]: [6],0,7,23,29,108,-402,16818
(945.019)[I]: [5],0,2,8,0,-832,-611,359(945.019)[I]: [6],0,6,23,26,109,-401,16821
(945.029)[I]: [5],1,2,8,0,-844,-585,16(945.029)[I]: [6],0,7,22,25,108,-400,16821
(945.039)[I]: [5],0,2,8,0,-845,-551,-337(945.039)[I]: [6],0,7,23,26,107,-400,16821
(945.049)[I]: [5],1,2,8,0,-835,-508,-693(945.049)[I]: [6],0,8,23,24,105,-399,16821
(945.059)[I]: [5],2,2,8,0,-816,-459,-1048(945.059)[I]: [6],0,8,24,24,104,-399,16821
(945.069)[I]: [5],2,2,8,0,-793,-412,-1398(945.069)[I]: [6],0,9,27,26,103,-399,16821
(945.079)[I]: [5],2,3,4,0,-768,-362,-1741(945.079)[I]: [6],0,10,27,26,106,-400,16815
(945.089)[I]: [5],2,3,4,0,-746,-308,-2077(945.089)[I]: [6],0,12,28,22,107,-400,16806
(945.099)[I]: [5],3,3,4,0,-728,-251,-2399(945.099)[I]: [6],0,15,31,19,109,-399,16796
(945.109)[I]: [5],3,3,4,0,-716,-195,-2703(945.109)[I]: [6],0,15,31,19,109,-400,16787
(945.119)[I]: [5],3,3,4,0,-708,-144,-2985(945.119)[I]: [6],0,19,38,16,110,-400,16779
(945.129)[I]: [5],3,3,4,0,-704,-101,-3247(945.129)[I]: [6],0,24,39,18,110,-399,16772
(945.139)[I]: [5],3,2,4,0,-706,-60,-3497(945.139)[I]: [6],0,25,41,15,110,-399,16765
(945.149)[I]: [5],3,2,4,0,-719,-13,-3747(945.149)[I]: [6],0,25,45,12,111,-398,16759
(945.159)[I]: [5],3,2,4,0,-742,36,-3999(945.159)[I]: [6],0,27,50,11,111,-397,16753
(945.169)[I]: [5],3,3,4,0,-770,84,-4253(945.169)[I]: [6],0,31,58,7,112,-396,16745
(945.179)[I]: [5],3,4,4,0,-795,134,-4500(945.179)[I]: [6],0,36,63,5,112,-396,16736
(945.189)[I]: [5],3,4,4,0,-812,189,-4736(945.189)[I]: [6],0,41,70,3,112,-397,16726
(945.199)[I]: [5],4,4,4,0,-824,252,-4957(945.199)[I]: [6],0,48,76,2,113,-400,16713
(945.209)[I]: [5],3,4,4,0,-831,311,-5166(945.209)[I]: [6],0,58,72,2,113,-404,16700
(945.219)[I]: [5],3,4,4,0,-834,350,-5368(945.219)[I]: [6],0,66,75,2,115,-406,16690
(945.229)[I]: [5],3,4,0,0,-828,357,-5565(945.229)[I]: [6],0,76,75,1,115,-409,16684
(945.239)[I]: [5],3,4,4,0,-804,332,-5763(945.239)[I]: [6],2,87,78,0,115,-412,16673
(945.249)[I]: [5],3,4,4,0,-757,283,-5958(945.249)[I]: [6],4,100,89,0,117,-412,16665
(945.259)[I]: [5],3,4,4,0,-689,226,-6136(945.259)[I]: [6],11,112,94,0,117,-409,16661
(945.269)[I]: [5],4,5,4,0,-605,173,-6280(945.269)[I]: [6],15,127,103,0,119,-412,16644
(945.279)[I]: [5],4,4,0,0,-515,134,-6383(945.279)[I]: [6],24,138,105,0,124,-437,16613
(945.289)[I]: [5],3,4,4,0,-429,115,-6440(945.289)[I]: [6],36,151,96,0,132,-447,16528
(945.299)[I]: [5],2,4,4,0,-354,115,-6446(945.299)[I]: [6],56,156,77,0,141,-455,16413
(945.309)[I]: [5],3,2,4,2,-282,96,-6189(945.309)[I]: [6],69,166,62,0,150,-466,16286
(945.319)[I]: [5],2,3,4,10,-211,-77,-5851(945.319)[I]: [6],85,170,43,0,158,-462,16145
(945.329)[I]: [5],0,3,4,15,-193,-284,-5465(945.329)[I]: [6],109,162,31,0,167,-443,15983
(945.339)[I]: [5],0,3,8,23,-186,-420,-5128(945.339)[I]: [6],125,163,22,0,171,-407,15797
(945.349)[I]: [5],1,2,8,32,-162,-503,-4812(945.350)[I]: [6],141,142,14,0,181,-336,15561
(945.359)[I]: [5],1,1,8,61,-122,-485,-4539(945.360)[I]: [6],145,115,12,0,205,-284,15282
(945.369)[I]: [5],1,1,8,95,-87,-461,-4285(945.369)[I]: [6],138,97,8,0,237,-258,14978
(945.379)[I]: [5],1,1,8,128,-63,-409,-4085(945.380)[I]: [6],115,62,8,0,279,-200,14630
(945.389)[I]: [5],3,1,12,141,-53,-354,-3952(945.390)[I]: [6],106,46,8,0,350,-112,14229
(945.399)[I]: [5],3,1,24,143,-68,-315,-3860(945.400)[I]: [6],85,34,9,0,428,-50,13787
(945.409)[I]: [5],3,1,24,137,-88,-289,-3791(945.410)[I]: [6],55,24,10,0,474,-20,13302
(945.419)[I]: [5],1,1,44,127,-91,-261,-3727(945.420)[I]: [6],43,20,7,0,507,19,12784
(945.429)[I]: [5],0,1,60,121,-87,-244,-3679(945.430)[I]: [6],35,10,4,0,559,81,12275
(945.439)[I]: [5],0,1,88,115,-81,-238,-3650(945.440)[I]: [6],18,6,2,0,619,144,11787
(945.449)[I]: [5],0,2,92,111,-76,-234,-3630(945.450)[I]: [6],0,7,1,0,684,202,11290
(945.459)[I]: [5],0,3,108,115,-74,-231,-3615(945.460)[I]: [6],0,7,0,0,773,262,10824
(945.469)[I]: [5],0,2,116,115,-73,-231,-3615(945.470)[I]: [6],0,4,3,0,877,278,10440
(945.479)[I]: [5],0,2,120,113,-72,-230,-3615(945.480)[I]: [6],0,4,2,0,987,167,10189
(945.489)[I]: [5],0,3,116,109,-72,-230,-3615(945.490)[I]: [6],0,4,2,0,1077,50,10143
(945.499)[I]: [5],0,2,112,100,-71,-230,-3615(945.500)[I]: [6],0,6,2,0,1131,-48,10301
(945.509)[I]: [5],0,3,120,87,-70,-230,-3615(945.510)[I]: [6],0,6,3,0,1159,-160,10551
(945.519)[I]: [5],0,3,120,72,-70,-231,-3615(945.520)[I]: [6],0,5,2,0,1178,-281,10838
(945.529)[I]: [5],0,3,120,70,-69,-229,-3616(945.530)[I]: [6],1,4,3,0,1193,-414,11130
(945.539)[I]: [5],0,4,116,57,-68,-221,-3615(945.540)[I]: [6],1,4,2,0,1210,-569,11403
(945.549)[I]: [5],0,4,124,50,-67,-211,-3613(945.550)[I]: [6],1,4,3,0,1246,-722,11648
(945.559)[I]: [5],0,3,124,40,-65,-200,-3609(945.560)[I]: [6],1,4,4,0,1281,-855,11852
(945.569)[I]: [5],0,3,140,30,-64,-187,-3601(945.570)[I]: [6],1,5,3,0,1321,-948,12017
(945.579)[I]: [5],0,2,136,18,-63,-177,-3593(945.580)[I]: [6],1,5,3,0,1359,-997,12172
(945.589)[I]: [5],0,2,148,18,-64,-172,-3585(945.590)[I]: [6],1,3,3,0,1382,-1012,12358
(945.599)[I]: [5],0,3,152,15,-64,-170,-3579(945.600)[I]: [6],1,4,3,0,1377,-1001,12599
(945.609)[I]: [5],0,4,152,13,-66,-172,-3574(945.610)[I]: [6],1,5,3,0,1336,-979,12893
(945.619)[I]: [5],0,4,156,14,-68,-175,-3568(945.620)[I]: [6],0,5,3,0,1260,-958,13225
(945.629)[I]: [5],0,5,160,13,-69,-178,-3561(945.630)[I]: [6],0,6,3,0,1154,-946,13576
(945.639)[I]: [5],0,6,176,15,-71,-181,-3553(945.640)[I]: [6],1,6,3,0,1028,-941,13932
(945.649)[I]: [5],0,8,180,13,-72,-183,-3546(945.650)[I]: [6],0,6,3,0,893,-939,14278
(945.659)[I]: [5],0,9,180,12,-72,-183,-3543(945.660)[I]: [6],0,6,4,0,764,-937,14611
(945.669)[I]: [5],0,9,192,11,-72,-183,-3536(945.670)[I]: [6],0,5,4,0,647,-925,14927
(945.679)[I]: [5],0,9,200,10,-72,-183,-3529(945.680)[I]: [6],1,4,4,0,551,-890,15221
(945.689)[I]: [5],0,10,200,11,-72,-183,-3522(945.690)[I]: [6],1,3,4,0,479,-822,15487
(945.699)[I]: [5],0,12,204,10,-73,-185,-3516(945.700)[I]: [6],1,3,4,0,434,-722,15727
(945.709)[I]: [5],0,15,204,10,-74,-187,-3509(945.710)[I]: [6],1,3,3,0,418,-606,15957
(945.719)[I]: [5],0,15,212,10,-75,-189,-3503(945.720)[I]: [6],1,2,4,0,430,-499,16204
(945.729)[I]: [5],0,18,220,8,-74,-193,-3499(945.730)[I]: [6],0,1,4,0,466,-415,16481
(945.739)[I]: [5],0,19,224,8,-75,-194,-3491(945.740)[I]: [6],0,2,5,0,526,-354,16780
(945.749)[I]: [5],0,22,228,7,-77,-196,-3482(945.750)[I]: [6],0,1,5,0,609,-299,17076
(945.759)[I]: [5],0,24,240,6,-78,-199,-3471(945.760)[I]: [6],0,1,6,0,710,-228,17350
(945.769)[I]: [5],2,26,244,4,-80,-203,-3457(945.770)[I]: [6],0,1,5,0,825,-126,17595
(945.779)[I]: [5],5,31,252,2,-82,-208,-3439(945.780)[I]: [6],0,1,5,0,948,-4,17824
(945.789)[I]: [5],7,39,252,2,-84,-213,-3421(945.790)[I]: [6],0,1,5,0,1068,112,-17947
(945.799)[I]: [5],11,46,252,1,-86,-220,-3401(945.800)[I]: [6],0,1,5,0,1177,208,-17709
(945.809)[I]: [5],15,53,252,0,-87,-222,-3377(945.810)[I]: [6],0,1,4,0,1257,279,-17472
(945.819)[I]: [5],24,63,272,0,-90,-225,-3351(945.820)[I]: [6],0,2,4,0,1291,326,-17253
(945.829)[I]: [5],31,69,280,0,-93,-234,-3318(945.830)[I]: [6],0,2,4,0,1267,345,-17065
(945.839)[I]: [5],43,83,276,0,-99,-252,-3274(945.840)[I]: [6],0,2,3,0,1193,334,-16904
(945.849)[I]: [5],55,95,252,0,-104,-270,-3189(945.850)[I]: [6],0,2,3,0,1085,310,-16764
(945.859)[I]: [5],67,107,228,0,-110,-292,-3092(945.860)[I]: [6],0,2,4,0,959,284,-16645
(945.869)[I]: [5],83,112,228,0,-114,-300,-2991(945.870)[I]: [6],0,2,4,0,820,266,-16556
(945.879)[I]: [5],89,123,196,0,-116,-295,-2877(945.880)[I]: [6],0,2,4,0,677,255,-16508
(945.889)[I]: [5],100,135,180,0,-117,-284,-2742(945.890)[I]: [6],0,2,5,0,483,231,-16695
(945.899)[I]: [5],111,142,148,0,-116,-267,-2578(945.900)[I]: [6],0,1,4,0,414,200,-16979
(945.909)[I]: [5],118,141,120,0,-107,-237,-2387(945.910)[I]: [6],0,0,4,7,330,39,-17339
(945.919)[I]: [5],113,123,116,0,-96,-189,-2162(945.920)[I]: [6],0,1,2,15,278,-137,-17710
(945.929)[I]: [5],105,99,104,0,-83,-126,-1894(945.930)[I]: [6],0,1,5,31,247,-229,17970
(945.939)[I]: [5],94,79,88,0,-75,-64,-1577(945.940)[I]: [6],0,1,6,51,193,-241,17662
(945.949)[I]: [5],90,48,72,0,-74,-2,-1207(945.949)[I]: [6],0,0,5,68,125,-236,17385
(945.959)[I]: [5],84,31,68,0,-84,70,-778(945.959)[I]: [6],0,0,8,85,107,-254,17183
(945.969)[I]: [5],85,18,68,0,-108,167,-313(945.970)[I]: [6],0,0,8,87,123,-280,17029
(945.979)[I]: [5],116,12,52,0,-131,266,174(945.980)[I]: [6],0,0,9,87,128,-286,16921
(945.989)[I]: [5],91,9,36,0,-164,360,690(945.989)[I]: [6],0,0,14,72,128,-288,16829
(945.999)[I]: [5],73,9,32,0,-175,402,1206(945.999)[I]: [6],0,0,24,72,128,-291,16761
(945.999)[I]: [5],50,5,12,0,-202,442,1722(945.999)[I]: [6],0,1,28,70,120,-297,16708
(945.999)[I]: [5],23,6,16,0,-243,464,2208(945.999)[I]: [6],0,3,38,71,122,-297,16674
(946.005)[I]: [5],7,3,16,0,-301,462,2669(946.005)[I]: [6],0,3,41,66,121,-297,16656
(946.015)[I]: [5],1,5,8,0,-381,379,3065(946.015)[I]: [6],0,4,44,60,118,-300,16647
(946.025)[I]: [5],0,3,8,0,-453,237,3396(946.025)[I]: [6],0,5,42,59,118,-301,16643
(946.035)[I]: [5],1,3,4,0,-500,140,3536(946.035)[I]: [6],0,6,44,53,116,-301,16643
(946.045)[I]: [5],1,3,4,0,-509,53,3508(946.045)[I]: [6],0,5,46,44,115,-302,16644
(946.055)[I]: [5],1,3,4,0,-498,-35,3343(946.055)[I]: [6],0,6,46,35,114,-303,16644
(946.065)[I]: [5],1,3,4,0,-475,-112,3096(946.065)[I]: [6],0,5,49,31,113,-304,16644
(946.075)[I]: [5],2,3,4,0,-447,-203,2811(946.075)[I]: [6],0,5,50,26,112,-304,16644
(946.085)[I]: [5],2,2,4,0,-422,-300,2515(946.085)[I]: [6],0,6,54,19,112,-303,16637
(946.095)[I]: [5],1,2,8,0,-402,-391,2222(946.095)[I]: [6],0,5,56,19,110,-301,16632
(946.105)[I]: [5],1,3,4,0,-389,-475,1940(946.105)[I]: [6],0,9,55,15,109,-301,16632
(946.115)[I]: [5],1,3,4,0,-383,-546,1667(946.115)[I]: [6],0,9,58,14,108,-300,16632
(946.125)[I]: [5],1,3,8,0,-385,-606,1395(946.125)[I]: [6],0,9,59,14,107,-300,16632
(946.135)[I]: [5],2,3,8,0,-394,-651,1114(946.135)[I]: [6],0,11,63,9,106,-300,16632
(946.145)[I]: [5],1,3,4,0,-410,-687,817(946.145)[I]: [6],0,12,63,8,105,-301,16632
(946.155)[I]: [5],2,3,4,0,-428,-710,502(946.155)[I]: [6],0,14,63,7,104,-302,16632
(946.165)[I]: [5],2,2,4,0,-446,-721,172(946.165)[I]: [6],0,15,66,9,103,-303,16632
(946.175)[I]: [5],3,3,4,0,-460,-721,-171(946.175)[I]: [6],0,14,68,9,102,-304,16632
(946.185)[I]: [5],3,3,8,0,-467,-715,-527(946.185)[I]: [6],0,15,69,8,101,-305,16632
(946.195)[I]: [5],3,3,8,0,-466,-706,-889(946.195)[I]: [6],0,17,75,8,100,-305,16632
(946.205)[I]: [5],5,3,8,0,-454,-691,-1251(946.205)[I]: [6],0,19,78,7,99,-303,16626
(946.215)[I]: [5],4,3,8,0,-432,-672,-1605(946.215)[I]: [6],0,19,84,7,99,-303,16619
(946.225)[I]: [5],4,3,8,0,-403,-645,-1949(946.225)[I]: [6],0,22,85,5,98,-303,16620
(946.235)[I]: [5],5,3,4,0,-375,-607,-2285(946.235)[I]: [6],0,24,84,3,100,-305,16613
(946.245)[I]: [5],4,3,4,0,-356,-562,-2606(946.245)[I]: [6],0,26,89,4,100,-307,16607
(946.255)[I]: [5],4,3,4,0,-351,-506,-2905(946.255)[I]: [6],0,30,98,2,102,-309,16599
(946.265)[I]: [5],4,3,4,0,-363,-443,-3177(946.265)[I]: [6],0,31,104,3,103,-313,16589
(946.275)[I]: [5],4,3,4,0,-396,-372,-3424(946.275)[I]: [6],0,35,116,2,105,-317,16579
(946.285)[I]: [5],4,4,4,0,-444,-300,-3659(946.285)[I]: [6],0,36,117,1,106,-322,16569
(946.295)[I]: [5],4,3,4,0,-504,-238,-3902(946.295)[I]: [6],0,43,124,1,106,-326,16559
(946.305)[I]: [5],3,3,4,0,-570,-183,-4163(946.305)[I]: [6],0,49,132,1,106,-327,16549
(946.315)[I]: [5],3,4,4,0,-636,-129,-4443(946.315)[I]: [6],0,54,132,0,106,-329,16539
(946.325)[I]: [5],3,4,4,0,-694,-68,-4730(946.325)[I]: [6],0,60,140,0,107,-331,16530
(946.335)[I]: [5],3,4,0,0,-736,14,-5012(946.335)[I]: [6],0,66,147,0,107,-333,16528
(946.345)[I]: [5],3,4,4,0,-765,111,-5288(946.345)[I]: [6],0,72,159,0,107,-335,16524
(946.355)[I]: [5],3,4,4,0,-780,212,-5545(946.355)[I]: [6],0,81,168,0,106,-336,16524
(946.365)[I]: [5],3,4,4,0,-778,287,-5771(946.365)[I]: [6],1,92,171,0,106,-339,16528
(946.375)[I]: [5],3,5,4,0,-756,320,-5955(946.375)[I]: [6],3,96,168,0,105,-338,16523
(946.385)[I]: [5],3,5,4,0,-717,322,-6089(946.385)[I]: [6],5,104,163,0,109,-331,16472
(946.395)[I]: [5],3,4,8,0,-674,315,-6179(946.395)[I]: [6],9,109,152,0,111,-333,16400
(946.405)[I]: [5],4,4,4,0,-638,324,-6234(946.405)[I]: [6],17,114,151,0,114,-334,16321
(946.415)[I]: [5],4,3,4,0,-615,365,-6259(946.415)[I]: [6],23,120,140,0,115,-321,16236
(946.425)[I]: [5],4,3,4,0,-604,418,-6247(946.425)[I]: [6],31,127,121,0,116,-300,16140
(946.435)[I]: [5],3,3,4,0,-602,457,-6197(946.435)[I]: [6],44,127,94,0,118,-280,16029
(946.445)[I]: [5],4,3,4,1,-554,336,-5889(946.445)[I]: [6],54,131,74,0,120,-258,15897
(946.455)[I]: [5],1,5,4,8,-515,118,-5596(946.456)[I]: [6],71,125,56,0,118,-218,15740
(946.465)[I]: [5],1,5,12,13,-513,-181,-5251(946.466)[I]: [6],86,118,58,0,117,-141,15544
(946.475)[I]: [5],2,4,16,19,-511,-396,-4959(946.476)[I]: [6],98,103,42,0,127,-69,15309
(946.485)[I]: [5],4,3,16,30,-488,-519,-4671(946.486)[I]: [6],102,94,25,0,142,-14,15044
(946.495)[I]: [5],4,2,20,54,-413,-517,-4412(946.496)[I]: [6],106,75,23,0,157,30,14736
(946.505)[I]: [5],3,2,12,96,-309,-488,-4166(946.506)[I]: [6],103,49,22,0,173,89,14364
(946.515)[I]: [5],3,1,12,132,-208,-430,-3996(946.516)[I]: [6],94,39,19,0,208,177,13937
(946.525)[I]: [5],3,1,20,162,-166,-384,-3894(946.526)[I]: [6],89,25,15,0,243,264,13483
(946.535)[I]: [5],3,2,28,168,-173,-357,-3825(946.536)[I]: [6],63,23,11,0,266,318,12984
(946.545)[I]: [5],3,1,32,162,-180,-330,-3763(946.546)[I]: [6],60,12,11,0,281,353,12450
(946.555)[I]: [5],2,1,60,151,-181,-305,-3713(946.556)[I]: [6],45,10,4,0,294,411,11917
(946.565)[I]: [5],2,1,76,141,-173,-296,-3681(946.566)[I]: [6],17,7,3,0,329,476,11399
(946.575)[I]: [5],3,1,88,140,-169,-291,-3660(946.576)[I]: [6],1,8,2,0,362,526,10888
(946.585)[I]: [5],3,1,96,137,-167,-287,-3646(946.586)[I]: [6],0,5,1,0,439,586,10409
(946.595)[I]: [5],3,1,104,133,-166,-286,-3643(946.596)[I]: [6],1,2,2,0,547,552,10037
(946.605)[I]: [5],3,0,112,131,-165,-284,-3643(946.606)[I]: [6],0,2,1,0,684,409,9818
(946.615)[I]: [5],4,0,116,129,-163,-284,-3643(946.616)[I]: [6],0,3,2,0,814,311,9815
(946.625)[I]: [5],5,1,112,120,-161,-283,-3643(946.626)[I]: [6],0,4,2,0,925,207,10027
(946.635)[I]: [5],4,3,100,110,-160,-284,-3643(946.636)[I]: [6],1,5,1,0,1021,79,10330
(946.645)[I]: [5],4,3,92,99,-158,-284,-3643(946.646)[I]: [6],1,4,2,0,1108,-60,10667
(946.655)[I]: [5],4,3,100,84,-157,-285,-3643(946.656)[I]: [6],1,5,2,0,1193,-217,10997
(946.665)[I]: [5],4,3,84,76,-155,-286,-3643(946.666)[I]: [6],1,5,2,0,1284,-380,11298
(946.675)[I]: [5],4,3,88,66,-154,-287,-3643(946.676)[I]: [6],0,4,3,0,1365,-540,11568
(946.685)[I]: [5],4,4,92,60,-152,-287,-3643(946.686)[I]: [6],1,5,3,0,1444,-683,11818
(946.695)[I]: [5],4,4,88,57,-150,-287,-3643(946.696)[I]: [6],1,4,2,0,1507,-799,12068
(946.705)[I]: [5],3,5,84,46,-150,-286,-3640(946.706)[I]: [6],1,5,2,0,1545,-887,12334
(946.715)[I]: [5],3,8,92,42,-152,-283,-3630(946.716)[I]: [6],0,5,2,0,1555,-944,12624
(946.725)[I]: [5],3,8,108,31,-154,-284,-3618(946.726)[I]: [6],0,5,2,0,1536,-972,12940
(946.735)[I]: [5],2,9,104,22,-156,-288,-3605(946.736)[I]: [6],0,5,1,0,1488,-977,13275
(946.745)[I]: [5],2,15,104,17,-159,-293,-3596(946.746)[I]: [6],1,5,2,0,1415,-967,13623
(946.755)[I]: [5],2,16,108,17,-162,-304,-3587(946.756)[I]: [6],0,4,1,0,1326,-949,13972
(946.765)[I]: [5],3,20,112,13,-164,-314,-3582(946.766)[I]: [6],0,5,2,0,1226,-927,14318
(946.775)[I]: [5],3,26,116,11,-165,-322,-3578(946.776)[I]: [6],0,5,2,0,1123,-901,14655
(946.785)[I]: [5],6,27,124,11,-166,-329,-3573(946.786)[I]: [6],1,4,2,0,1024,-868,14982
(946.795)[I]: [5],7,31,124,10,-167,-335,-3567(946.796)[I]: [6],1,4,3,0,932,-823,15302
(946.805)[I]: [5],8,35,124,10,-166,-335,-3563(946.806)[I]: [6],1,5,2,0,856,-759,15608
(946.815)[I]: [5],9,37,136,10,-165,-335,-3553(946.816)[I]: [6],1,4,3,0,800,-669,15897
(946.825)[I]: [5],11,40,136,10,-165,-332,-3542(946.826)[I]: [6],1,3,3,0,766,-566,16164
(946.835)[I]: [5],15,43,140,9,-164,-330,-3528(946.836)[I]: [6],1,3,3,0,753,-463,16423
(946.845)[I]: [5],20,44,148,5,-165,-328,-3513(946.846)[I]: [6],1,3,2,0,756,-367,16696
(946.855)[I]: [5],25,45,160,3,-165,-326,-3495(946.856)[I]: [6],1,2,2,0,770,-285,17001
(946.865)[I]: [5],29,52,168,4,-165,-325,-3474(946.866)[I]: [6],1,2,3,0,789,-220,17343
(946.875)[I]: [5],31,58,172,4,-166,-326,-3450(946.876)[I]: [6],0,2,3,0,814,-163,17706
(946.885)[I]: [5],36,63,176,2,-165,-328,-3428(946.886)[I]: [6],0,2,3,0,849,-99,-17930
(946.895)[I]: [5],45,69,176,0,-166,-333,-3404(946.896)[I]: [6],0,3,3,0,897,-17,-17583
(946.905)[I]: [5],54,78,180,0,-168,-341,-3378(946.906)[I]: [6],0,3,3,0,958,81,-17265
(946.915)[I]: [5],60,86,184,0,-170,-355,-3349(946.916)[I]: [6],0,2,3,0,1022,181,-16980
(946.925)[I]: [5],70,95,188,0,-173,-379,-3314(946.926)[I]: [6],0,2,3,0,1068,257,-16728
(946.935)[I]: [5],87,105,188,0,-177,-414,-3267(946.936)[I]: [6],1,2,3,0,1084,293,-16501
(946.945)[I]: [5],115,123,172,0,-181,-427,-3201(946.946)[I]: [6],0,3,3,0,1066,296,-16302
(946.955)[I]: [5],124,131,184,0,-185,-429,-3120(946.956)[I]: [6],0,3,3,0,1019,290,-16140
(946.965)[I]: [5],140,143,144,0,-187,-427,-3030(946.966)[I]: [6],0,3,3,0,949,297,-16025
(946.975)[I]: [5],150,152,124,0,-188,-418,-2926(946.976)[I]: [6],0,3,3,0,865,321,-15958
(946.985)[I]: [5],159,162,116,0,-188,-405,-2803(946.986)[I]: [6],0,5,2,0,740,337,-16114
(946.995)[I]: [5],180,168,100,0,-187,-382,-2663(946.996)[I]: [6],0,4,2,0,640,306,-16354
(946.999)[I]: [5],198,179,76,0,-184,-348,-2503(946.999)[I]: [6],0,3,2,2,536,191,-16739
(946.999)[I]: [5],197,166,76,0,-177,-301,-2317(946.999)[I]: [6],0,0,0,8,470,29,-17131
(947.001)[I]: [5],188,148,64,0,-168,-244,-2088(947.002)[I]: [6],0,0,1,21,434,-153,-17502
(947.011)[I]: [5],167,131,68,0,-165,-196,-1813(947.012)[I]: [6],0,0,2,31,410,-245,-17855
(947.021)[I]: [5],143,92,56,0,-170,-161,-1490(947.022)[I]: [6],0,0,2,57,358,-239,17835
(947.031)[I]: [5],127,61,56,0,-192,-109,-1108(947.032)[I]: [6],0,0,2,70,297,-220,17545
(947.041)[I]: [5],114,39,52,0,-236,-28,-672(947.041)[I]: [6],0,0,4,87,284,-222,17288
(947.051)[I]: [5],127,22,40,0,-288,58,-209(947.052)[I]: [6],0,0,7,90,306,-222,17090
(947.061)[I]: [5],126,15,40,0,-341,155,284(947.062)[I]: [6],0,0,10,95,317,-225,16950
(947.071)[I]: [5],107,11,28,0,-387,232,799(947.072)[I]: [6],0,0,12,83,315,-224,16841
(947.081)[I]: [5],73,10,12,0,-424,278,1327(947.082)[I]: [6],0,0,18,79,301,-222,16748
(947.091)[I]: [5],45,6,8,0,-484,317,1819(947.091)[I]: [6],0,0,25,85,302,-222,16685
(947.101)[I]: [5],17,3,8,0,-547,347,2288(947.101)[I]: [6],0,0,30,85,287,-224,16645
(947.111)[I]: [5],7,6,8,0,-631,356,2722(947.111)[I]: [6],0,0,38,90,284,-222,16620
(947.121)[I]: [5],6,6,0,0,-733,280,3075(947.121)[I]: [6],0,0,40,90,280,-222,16604
(947.131)[I]: [5],3,6,0,0,-823,193,3351(947.131)[I]: [6],0,1,42,81,277,-223,16600
(947.141)[I]: [5],3,4,0,0,-889,155,3425(947.141)[I]: [6],0,3,43,79,274,-224,16600
(947.151)[I]: [5],2,4,0,0,-924,115,3360(947.151)[I]: [6],0,2,42,63,271,-225,16600
(947.161)[I]: [5],3,5,4,0,-939,75,3186(947.161)[I]: [6],0,2,45,61,269,-226,16600
(947.171)[I]: [5],3,6,4,0,-939,31,2962(947.171)[I]: [6],0,2,43,41,266,-227,16601
(947.181)[I]: [5],2,6,4,0,-930,-27,2722(947.181)[I]: [6],0,3,43,42,263,-228,16601
(947.191)[I]: [5],3,4,4,0,-920,-93,2484(947.191)[I]: [6],0,3,42,31,261,-229,16601
(947.201)[I]: [5],3,4,8,0,-915,-163,2249(947.201)[I]: [6],0,3,46,30,258,-230,16601
(947.211)[I]: [5],2,4,4,0,-917,-233,2008(947.211)[I]: [6],0,3,39,27,255,-229,16601
(947.221)[I]: [5],2,3,8,0,-930,-299,1750(947.221)[I]: [6],0,3,39,20,253,-228,16601
(947.231)[I]: [5],2,3,8,0,-952,-359,1471(947.231)[I]: [6],0,3,43,17,250,-228,16601
(947.241)[I]: [5],2,4,4,0,-976,-400,1173(947.241)[I]: [6],0,3,47,17,248,-228,16601
(947.251)[I]: [5],1,3,4,0,-1001,-427,859(947.251)[I]: [6],0,3,51,15,245,-227,16602
(947.261)[I]: [5],1,3,0,0,-1026,-437,536(947.261)[I]: [6],0,4,50,12,246,-229,16595
(947.271)[I]: [5],1,3,0,0,-1049,-438,199(947.271)[I]: [6],0,5,52,12,247,-232,16588
(947.281)[I]: [5],1,3,0,0,-1070,-437,-150(947.281)[I]: [6],0,7,55,11,248,-235,16582
(947.291)[I]: [5],3,3,0,0,-1086,-439,-506(947.291)[I]: [6],0,7,59,9,249,-237,16577
(947.301)[I]: [5],4,3,0,0,-1098,-441,-844(947.301)[I]: [6],0,8,59,9,250,-238,16569
(947.311)[I]: [5],5,3,0,0,-1104,-439,-1150(947.311)[I]: [6],0,12,61,9,251,-239,16561
(947.321)[I]: [5],5,3,0,0,-1103,-433,-1427(947.321)[I]: [6],0,14,62,8,252,-241,16552
(947.331)[I]: [5],5,2,0,0,-1096,-420,-1699(947.331)[I]: [6],0,14,70,7,252,-243,16544
(947.341)[I]: [5],5,3,0,0,-1085,-402,-1987(947.341)[I]: [6],0,15,70,7,252,-246,16536
(947.351)[I]: [5],6,2,4,0,-1070,-375,-2305(947.351)[I]: [6],0,22,66,5,253,-249,16529
(947.361)[I]: [5],6,3,4,0,-1052,-335,-2646(947.361)[I]: [6],0,28,74,4,252,-253,16522
(947.371)[I]: [5],5,3,0,0,-1033,-282,-3000(947.371)[I]: [6],0,31,74,3,252,-256,16514
(947.381)[I]: [5],6,3,4,0,-1017,-216,-3355(947.381)[I]: [6],0,39,79,2,253,-261,16504
(947.391)[I]: [5],5,3,0,0,-1008,-147,-3698(947.391)[I]: [6],0,40,77,2,253,-267,16491
(947.401)[I]: [5],5,3,0,0,-1008,-84,-4026(947.401)[I]: [6],0,48,79,1,253,-275,16477
(947.411)[I]: [5],6,3,4,0,-1012,-23,-4335(947.411)[I]: [6],0,55,86,1,253,-283,16466
(947.421)[I]: [5],6,3,4,0,-1014,52,-4622(947.421)[I]: [6],0,66,95,0,252,-286,16457
(947.431)[I]: [5],6,4,4,0,-1021,155,-4885(947.432)[I]: [6],0,73,98,0,249,-288,16451
(947.441)[I]: [5],6,3,4,0,-1037,268,-5127(947.441)[I]: [6],0,81,93,0,248,-289,16456
(947.451)[I]: [5],6,3,4,0,-1059,360,-5363(947.451)[I]: [6],1,89,113,0,244,-291,16481
(947.461)[I]: [5],6,3,4,0,-1078,407,-5596(947.461)[I]: [6],3,101,121,0,243,-294,16491
(947.471)[I]: [5],6,3,4,0,-1081,406,-5826(947.471)[I]: [6],9,109,107,0,238,-298,16523
(947.481)[I]: [5],6,3,0,0,-1054,375,-6042(947.481)[I]: [6],17,122,114,0,233,-300,16540
(947.491)[I]: [5],7,4,4,0,-997,328,-6239(947.491)[I]: [6],27,123,105,0,234,-290,16522
(947.501)[I]: [5],6,4,4,0,-917,278,-6400(947.501)[I]: [6],35,132,93,0,236,-273,16441
(947.511)[I]: [5],6,3,4,0,-830,241,-6488(947.511)[I]: [6],46,143,71,0,237,-272,16331
(947.521)[I]: [5],6,3,4,1,-721,137,-6380(947.521)[I]: [6],55,149,60,0,239,-278,16204
(947.531)[I]: [5],6,6,0,3,-616,-31,-6124(947.531)[I]: [6],73,155,45,0,243,-270,16000
(947.541)[I]: [5],6,6,8,11,-535,-191,-5736(947.542)[I]: [6],93,165,38,0,241,-230,15860
(947.551)[I]: [5],6,6,12,17,-476,-369,-5345(947.552)[I]: [6],112,159,22,0,242,-152,15682
(947.561)[I]: [5],4,3,8,35,-421,-444,-4972(947.562)[I]: [6],131,147,13,0,248,-118,15574
(947.571)[I]: [5],3,3,8,70,-365,-457,-4658(947.572)[I]: [6],141,143,11,0,262,-94,15332
(947.581)[I]: [5],3,2,8,90,-317,-436,-4384(947.582)[I]: [6],143,127,12,0,278,-98,15058
(947.591)[I]: [5],3,1,8,110,-277,-373,-4167(947.592)[I]: [6],135,103,10,0,299,-77,14737
(947.601)[I]: [5],5,1,8,115,-260,-308,-4024(947.602)[I]: [6],117,73,14,0,345,-17,14360
(947.611)[I]: [5],5,2,8,114,-274,-257,-3919(947.612)[I]: [6],114,40,14,0,424,43,13935
(947.621)[I]: [5],4,2,20,110,-294,-217,-3840(947.622)[I]: [6],90,35,10,0,497,70,13476
(947.631)[I]: [5],3,1,44,110,-298,-185,-3770(947.632)[I]: [6],78,26,7,0,527,78,12966
(947.641)[I]: [5],3,1,68,103,-293,-174,-3719(947.642)[I]: [6],62,17,9,0,571,103,12429
(947.651)[I]: [5],3,1,88,99,-289,-174,-3689(947.652)[I]: [6],37,15,6,0,628,152,11914
(947.661)[I]: [5],5,2,100,97,-288,-173,-3672(947.662)[I]: [6],15,14,1,0,696,209,11411
(947.671)[I]: [5],4,1,96,98,-286,-172,-3662(947.672)[I]: [6],5,11,1,0,775,248,10918
(947.681)[I]: [5],6,3,108,101,-283,-173,-3662(947.682)[I]: [6],6,6,0,0,874,264,10463
(947.691)[I]: [5],3,4,112,104,-280,-172,-3662(947.692)[I]: [6],3,5,2,0,977,205,10073
(947.701)[I]: [5],2,3,112,101,-277,-173,-3662(947.702)[I]: [6],1,6,2,0,1075,65,9801
(947.711)[I]: [5],2,3,112,95,-275,-173,-3662(947.712)[I]: [6],1,4,2,0,1143,-44,9835
(947.721)[I]: [5],2,4,108,88,-272,-173,-3662(947.722)[I]: [6],2,7,2,0,1175,-131,10051
(947.731)[I]: [5],2,4,108,82,-269,-174,-3662(947.732)[I]: [6],1,6,3,0,1182,-235,10356
(947.741)[I]: [5],2,4,100,75,-267,-174,-3662(947.742)[I]: [6],1,4,2,0,1179,-341,10692
(947.751)[I]: [5],2,5,100,70,-264,-175,-3662(947.752)[I]: [6],1,6,3,0,1170,-450,11014
(947.761)[I]: [5],3,5,100,63,-261,-176,-3662(947.762)[I]: [6],1,6,2,0,1168,-558,11308
(947.771)[I]: [5],3,5,76,53,-259,-175,-3662(947.772)[I]: [6],1,6,3,0,1176,-666,11574
(947.781)[I]: [5],2,6,76,46,-256,-175,-3662(947.782)[I]: [6],1,5,3,0,1187,-768,11823
(947.791)[I]: [5],4,7,88,39,-254,-175,-3662(947.792)[I]: [6],1,5,2,0,1198,-863,12072
(947.801)[I]: [5],4,8,92,31,-251,-174,-3662(947.802)[I]: [6],1,5,2,0,1205,-948,12334
(947.811)[I]: [5],6,8,80,20,-252,-177,-3657(947.812)[I]: [6],0,4,2,0,1202,-1016,12614
(947.821)[I]: [5],6,9,76,19,-254,-181,-3653(947.822)[I]: [6],0,5,2,0,1185,-1068,12915
(947.831)[I]: [5],6,15,84,18,-255,-187,-3647(947.832)[I]: [6],0,4,1,0,1153,-1098,13234
(947.841)[I]: [5],5,20,84,16,-257,-193,-3641(947.842)[I]: [6],0,4,2,0,1108,-1113,13562
(947.851)[I]: [5],5,18,88,14,-257,-198,-3635(947.852)[I]: [6],0,4,2,0,1054,-1109,13892
(947.861)[I]: [5],5,20,92,13,-257,-202,-3629(947.862)[I]: [6],0,5,2,0,992,-1089,14218
(947.871)[I]: [5],7,25,96,12,-256,-203,-3626(947.872)[I]: [6],0,5,2,0,924,-1056,14539
(947.881)[I]: [5],8,28,104,11,-255,-203,-3619(947.882)[I]: [6],0,6,2,0,854,-1011,14856
(947.891)[I]: [5],9,30,104,10,-254,-204,-3612(947.892)[I]: [6],0,7,2,0,785,-960,15170
(947.901)[I]: [5],11,31,112,10,-255,-202,-3605(947.902)[I]: [6],0,7,3,0,719,-904,15477
(947.911)[I]: [5],15,37,112,10,-254,-204,-3595(947.912)[I]: [6],0,6,3,0,633,-802,15922
(947.921)[I]: [5],19,40,116,8,-254,-205,-3582(947.922)[I]: [6],0,4,3,0,590,-720,16205
(947.931)[I]: [5],23,40,124,4,-254,-206,-3567(947.932)[I]: [6],0,4,3,0,561,-626,16478
(947.941)[I]: [5],30,43,124,3,-254,-206,-3550(947.942)[I]: [6],0,3,3,0,547,-529,16746
(947.951)[I]: [5],36,48,140,3,-254,-205,-3529(947.952)[I]: [6],0,3,3,0,547,-430,17020
(947.961)[I]: [5],43,55,140,3,-253,-203,-3506(947.962)[I]: [6],0,3,3,0,564,-331,17310
(947.971)[I]: [5],52,56,140,0,-253,-203,-3480(947.972)[I]: [6],0,2,4,0,596,-236,17617
(947.981)[I]: [5],59,59,148,0,-253,-205,-3455(947.982)[I]: [6],0,2,3,0,646,-132,17929
(947.991)[I]: [5],63,66,152,0,-254,-206,-3429(947.992)[I]: [6],0,2,3,0,716,-20,-17758
(947.999)[I]: [5],69,70,156,0,-253,-207,-3405(947.999)[I]: [6],0,2,3,0,803,91,-17451
(947.999)[I]: [5],76,73,172,0,-253,-214,-3381(947.999)[I]: [6],0,2,3,0,896,187,-17149
(947.999)[I]: [5],83,78,176,0,-254,-231,-3351(947.999)[I]: [6],0,2,3,0,981,256,-16855
(948.007)[I]: [5],96,83,184,0,-254,-229,-3301(948.008)[I]: [6],0,3,3,0,1043,288,-16569
(948.017)[I]: [5],115,94,188,0,-254,-222,-3238(948.018)[I]: [6],0,3,3,0,1073,277,-16307
(948.027)[I]: [5],127,100,176,0,-254,-215,-3164(948.028)[I]: [6],0,4,5,0,1070,238,-16089
(948.037)[I]: [5],149,109,160,0,-254,-205,-3079(948.038)[I]: [6],0,4,5,0,1046,205,-15930
(948.047)[I]: [5],156,116,136,0,-252,-196,-2980(948.048)[I]: [6],0,4,5,0,1009,206,-15837
(948.057)[I]: [5],168,120,120,0,-249,-185,-2865(948.058)[I]: [6],0,5,4,0,954,241,-15956
(948.067)[I]: [5],180,127,100,0,-244,-164,-2734(948.068)[I]: [6],0,4,4,0,856,195,-16179
(948.077)[I]: [5],192,130,96,0,-237,-136,-2589(948.078)[I]: [6],0,3,3,0,742,83,-16548
(948.087)[I]: [5],203,127,84,0,-226,-98,-2421(948.088)[I]: [6],0,0,3,2,670,19,-16937
(948.097)[I]: [5],206,119,80,0,-211,-49,-2221(948.098)[I]: [6],0,0,1,8,616,-99,-17314
(948.107)[I]: [5],198,107,80,0,-197,2,-1980(948.108)[I]: [6],0,1,0,18,582,-232,-17680
(948.117)[I]: [5],182,89,64,0,-185,53,-1699(948.118)[I]: [6],0,0,2,30,551,-262,17985
(948.127)[I]: [5],159,66,52,0,-181,95,-1369(948.128)[I]: [6],0,0,3,59,497,-228,17685
(948.137)[I]: [5],145,43,52,0,-184,132,-982(948.138)[I]: [6],0,0,3,70,463,-207,17406
(948.147)[I]: [5],147,26,44,0,-205,197,-552(948.148)[I]: [6],0,0,6,81,481,-218,17177
(948.157)[I]: [5],166,22,44,0,-231,266,-97(948.158)[I]: [6],0,0,7,95,497,-213,17000
(948.167)[I]: [5],157,15,36,0,-270,345,379(948.168)[I]: [6],0,0,8,99,499,-219,16871
(948.177)[I]: [5],113,8,36,0,-296,391,876(948.178)[I]: [6],0,0,11,100,492,-221,16771
(948.187)[I]: [5],79,9,16,0,-315,426,1385(948.188)[I]: [6],0,0,15,103,485,-224,16696
(948.197)[I]: [5],46,4,4,0,-354,460,1863(948.197)[I]: [6],0,0,24,98,469,-221,16643
(948.207)[I]: [5],21,4,8,0,-403,489,2314(948.207)[I]: [6],0,0,30,95,457,-222,16606
(948.217)[I]: [5],6,6,4,0,-481,479,2719(948.217)[I]: [6],0,0,35,88,454,-223,16582
(948.227)[I]: [5],9,5,0,0,-580,379,3049(948.227)[I]: [6],0,0,35,92,451,-224,16567
(948.237)[I]: [5],6,6,0,0,-669,269,3295(948.237)[I]: [6],0,0,39,88,447,-227,16563
(948.247)[I]: [5],3,4,0,0,-732,192,3346(948.247)[I]: [6],0,1,38,82,443,-229,16564
(948.257)[I]: [5],6,4,0,0,-767,114,3265(948.257)[I]: [6],0,0,41,69,438,-230,16564
(948.267)[I]: [5],5,4,4,0,-786,37,3078(948.267)[I]: [6],0,0,41,63,434,-232,16564
(948.277)[I]: [5],5,6,0,0,-794,-43,2838(948.277)[I]: [6],0,0,43,56,430,-233,16565
(948.287)[I]: [5],6,3,4,0,-797,-139,2578(948.287)[I]: [6],0,0,45,44,425,-235,16565
(948.297)[I]: [5],3,3,4,0,-800,-239,2312(948.297)[I]: [6],0,0,46,40,421,-236,16565
(948.307)[I]: [5],3,3,8,0,-807,-334,2048(948.307)[I]: [6],0,0,50,29,417,-236,16566
(948.317)[I]: [5],3,3,4,0,-817,-421,1788(948.317)[I]: [6],0,1,56,24,413,-236,16566
(948.327)[I]: [5],3,3,4,0,-831,-496,1530(948.327)[I]: [6],0,1,59,19,409,-236,16566
(948.337)[I]: [5],3,3,4,0,-847,-550,1270(948.337)[I]: [6],0,0,59,14,405,-235,16566
(948.347)[I]: [5],2,3,4,0,-864,-594,999(948.347)[I]: [6],0,0,62,15,401,-235,16566
(948.357)[I]: [5],2,3,4,0,-878,-616,710(948.357)[I]: [6],0,0,63,14,397,-236,16566
(948.367)[I]: [5],1,3,4,0,-887,-633,394(948.367)[I]: [6],0,0,62,13,393,-236,16567
(948.377)[I]: [5],2,3,4,0,-889,-641,55(948.377)[I]: [6],0,0,63,12,390,-237,16564
(948.387)[I]: [5],2,3,4,0,-883,-641,-297(948.387)[I]: [6],0,1,63,12,391,-238,16558
(948.397)[I]: [5],2,4,4,0,-869,-631,-657(948.397)[I]: [6],0,3,66,11,391,-239,16552
(948.407)[I]: [5],3,4,0,0,-849,-609,-1017(948.407)[I]: [6],0,3,66,10,388,-239,16549
(948.417)[I]: [5],3,3,0,0,-824,-579,-1369(948.417)[I]: [6],0,5,70,8,386,-240,16546
(948.427)[I]: [5],3,3,0,0,-801,-541,-1717(948.427)[I]: [6],0,7,73,7,383,-241,16544
(948.437)[I]: [5],3,3,0,0,-780,-495,-2057(948.437)[I]: [6],0,8,74,6,383,-242,16538
(948.447)[I]: [5],3,3,0,0,-768,-445,-2393(948.447)[I]: [6],0,13,73,6,380,-244,16535
(948.457)[I]: [5],3,3,0,0,-767,-390,-2715(948.457)[I]: [6],0,15,76,6,377,-245,16536
(948.467)[I]: [5],3,3,0,0,-777,-337,-3019(948.467)[I]: [6],0,17,77,5,375,-247,16529
(948.477)[I]: [5],3,3,0,0,-795,-284,-3302(948.477)[I]: [6],0,17,76,5,375,-251,16522
(948.487)[I]: [5],3,3,0,0,-821,-232,-3574(948.487)[I]: [6],0,23,76,3,374,-256,16515
(948.497)[I]: [5],3,3,0,0,-852,-180,-3847(948.497)[I]: [6],0,26,83,4,373,-263,16508
(948.507)[I]: [5],3,3,0,0,-885,-130,-4134(948.507)[I]: [6],0,29,82,5,372,-269,16498
(948.517)[I]: [5],3,3,0,0,-913,-79,-4436(948.517)[I]: [6],0,34,90,2,372,-276,16489
(948.527)[I]: [5],4,4,0,0,-930,-26,-4748(948.527)[I]: [6],0,39,87,2,372,-283,16479
(948.537)[I]: [5],5,4,0,0,-934,33,-5055(948.537)[I]: [6],0,47,85,2,371,-287,16471
(948.547)[I]: [5],5,4,0,0,-929,109,-5339(948.547)[I]: [6],0,55,88,1,368,-289,16467
(948.557)[I]: [5],5,4,0,0,-918,187,-5593(948.557)[I]: [6],0,63,93,1,367,-292,16459
(948.567)[I]: [5],5,4,0,0,-900,252,-5818(948.567)[I]: [6],0,73,93,0,364,-294,16460
(948.577)[I]: [5],5,4,0,0,-869,293,-6019(948.577)[I]: [6],2,85,104,0,362,-298,16463
(948.587)[I]: [5],5,5,0,0,-817,300,-6203(948.587)[I]: [6],4,99,109,0,361,-303,16470
(948.597)[I]: [5],5,5,0,0,-743,280,-6369(948.597)[I]: [6],7,112,114,0,360,-311,16488
(948.607)[I]: [5],5,5,0,0,-651,250,-6512(948.607)[I]: [6],14,122,118,0,358,-358,16504
(948.617)[I]: [5],4,4,0,0,-549,225,-6624(948.617)[I]: [6],22,136,99,0,357,-378,16492
(948.627)[I]: [5],5,4,0,0,-449,212,-6695(948.627)[I]: [6],35,152,94,0,358,-365,16426
(948.637)[I]: [5],4,3,0,0,-354,216,-6599(948.637)[I]: [6],43,156,85,0,360,-356,16322
(948.647)[I]: [5],4,3,0,3,-255,96,-6309(948.647)[I]: [6],56,164,63,0,362,-359,16197
(948.657)[I]: [5],3,3,0,8,-208,-96,-5925(948.657)[I]: [6],71,167,49,0,364,-350,16055
(948.667)[I]: [5],1,3,0,17,-192,-318,-5529(948.667)[I]: [6],90,170,40,0,366,-320,15899
(948.677)[I]: [5],1,3,4,26,-176,-411,-5189(948.677)[I]: [6],106,156,20,0,363,-266,15725
(948.687)[I]: [5],1,3,4,36,-135,-452,-4887(948.687)[I]: [6],117,140,15,0,368,-181,15499
(948.697)[I]: [5],2,2,8,61,-77,-426,-4630(948.697)[I]: [6],125,122,11,0,383,-131,15233
(948.707)[I]: [5],3,2,4,83,-22,-395,-4393(948.707)[I]: [6],122,103,10,0,396,-113,14935
(948.717)[I]: [5],3,1,8,100,26,-342,-4217(948.718)[I]: [6],110,82,3,0,425,-54,14593
(948.727)[I]: [5],3,1,8,113,45,-285,-4106(948.728)[I]: [6],98,59,8,0,483,23,14199
(948.737)[I]: [5],3,1,12,115,31,-245,-4025(948.738)[I]: [6],92,36,9,0,554,64,13772
(948.747)[I]: [5],3,2,16,115,18,-213,-3959(948.748)[I]: [6],78,25,9,0,582,47,13299
(948.757)[I]: [5],3,1,36,110,11,-182,-3901(948.758)[I]: [6],68,24,8,0,610,32,12787
(948.767)[I]: [5],3,1,68,101,15,-173,-3861(948.768)[I]: [6],48,15,5,0,655,41,12273
(948.777)[I]: [5],2,2,72,101,17,-172,-3836(948.778)[I]: [6],35,13,3,0,715,66,11780
(948.787)[I]: [5],2,2,88,104,17,-170,-3821(948.788)[I]: [6],19,11,0,0,785,89,11281
(948.797)[I]: [5],3,2,88,110,17,-168,-3818(948.798)[I]: [6],3,8,0,0,875,111,10806
(948.807)[I]: [5],3,3,92,112,17,-167,-3818(948.808)[I]: [6],2,5,0,0,972,79,10394
(948.817)[I]: [5],3,3,96,113,17,-167,-3818(948.818)[I]: [6],2,5,1,0,1083,-17,10082
(948.827)[I]: [5],2,3,100,111,16,-168,-3818(948.828)[I]: [6],0,5,1,0,1175,-73,9924
(948.837)[I]: [5],1,4,92,105,16,-169,-3818(948.838)[I]: [6],1,4,2,0,1231,-94,9960
(948.847)[I]: [5],2,4,92,99,16,-170,-3818(948.848)[I]: [6],1,5,1,0,1253,-125,10113
(948.857)[I]: [5],1,3,92,90,16,-172,-3818(948.857)[I]: [6],1,7,1,0,1255,-168,10343
(948.867)[I]: [5],1,4,92,80,16,-173,-3818(948.868)[I]: [6],1,5,1,0,1245,-229,10611
(948.877)[I]: [5],1,4,92,75,16,-173,-3818(948.878)[I]: [6],0,4,1,0,1228,-310,10891
(948.887)[I]: [5],2,4,92,63,16,-172,-3817(948.888)[I]: [6],1,4,1,0,1223,-396,11168
(948.897)[I]: [5],2,5,96,57,17,-165,-3814(948.898)[I]: [6],1,4,1,0,1220,-489,11437
(948.907)[I]: [5],2,5,96,45,18,-157,-3808(948.908)[I]: [6],0,5,2,0,1221,-585,11708
(948.917)[I]: [5],2,5,100,39,18,-150,-3800(948.918)[I]: [6],0,5,1,0,1221,-677,11990
(948.927)[I]: [5],3,6,104,30,17,-146,-3791(948.928)[I]: [6],0,5,1,0,1219,-763,12295
(948.937)[I]: [5],1,7,112,21,17,-144,-3782(948.938)[I]: [6],0,4,1,0,1206,-836,12622
(948.947)[I]: [5],2,7,116,19,15,-147,-3774(948.948)[I]: [6],1,4,1,0,1179,-890,12966
(948.957)[I]: [5],3,9,124,18,13,-151,-3766(948.958)[I]: [6],0,3,1,0,1137,-921,13321
(948.967)[I]: [5],1,11,124,16,11,-154,-3756(948.968)[I]: [6],0,3,1,0,1079,-931,13679
(948.977)[I]: [5],1,17,140,13,9,-158,-3746(948.978)[I]: [6],0,3,1,0,1009,-919,14036
(948.987)[I]: [5],2,19,156,12,7,-162,-3738(948.988)[I]: [6],0,3,1,0,929,-890,14389
(948.997)[I]: [5],3,20,160,12,6,-163,-3728(948.998)[I]: [6],0,3,1,0,842,-848,14732
(948.999)[I]: [5],5,20,164,10,6,-162,-3718(948.999)[I]: [6],0,3,2,0,754,-798,15061
(948.999)[I]: [5],5,23,180,9,5,-162,-3709(948.999)[I]: [6],0,3,1,0,669,-743,15376
(949.003)[I]: [5],6,24,180,8,4,-162,-3699(949.003)[I]: [6],0,3,2,0,590,-687,15674
(949.013)[I]: [5],6,25,180,8,3,-163,-3690(949.013)[I]: [6],0,3,2,0,522,-623,15955
(949.023)[I]: [5],6,28,188,7,3,-165,-3682(949.023)[I]: [6],0,3,1,0,471,-551,16222
(949.033)[I]: [5],6,29,196,8,2,-166,-3673(949.033)[I]: [6],0,3,2,0,441,-476,16480
(949.043)[I]: [5],8,31,200,7,0,-167,-3662(949.043)[I]: [6],0,2,2,0,437,-404,16750
(949.053)[I]: [5],9,35,200,6,0,-168,-3648(949.053)[I]: [6],0,1,3,0,461,-335,17041
(949.063)[I]: [5],11,39,204,2,-2,-170,-3633(949.064)[I]: [6],0,2,3,0,511,-270,17354
(949.073)[I]: [5],15,41,212,3,-3,-173,-3616(949.074)[I]: [6],0,2,3,0,587,-202,17671
(949.083)[I]: [5],18,44,212,0,-6,-177,-3597(949.083)[I]: [6],0,2,3,0,682,-121,17978
(949.093)[I]: [5],24,55,228,0,-9,-182,-3579(949.093)[I]: [6],0,2,3,0,784,-24,-17737
(949.103)[I]: [5],25,57,240,0,-12,-189,-3559(949.104)[I]: [6],0,2,3,0,879,82,-17478
(949.113)[I]: [5],34,73,240,0,-16,-199,-3535(949.114)[I]: [6],0,2,3,0,948,188,-17247
(949.123)[I]: [5],43,79,248,0,-21,-216,-3504(949.124)[I]: [6],0,2,2,0,984,284,-17035
(949.133)[I]: [5],57,94,244,0,-27,-238,-3466(949.134)[I]: [6],0,3,3,0,982,360,-16838
(949.143)[I]: [5],71,102,248,0,-31,-247,-3396(949.144)[I]: [6],0,4,3,0,946,409,-16654
(949.153)[I]: [5],81,100,224,0,-34,-252,-3312(949.154)[I]: [6],0,5,3,0,883,434,-16490
(949.163)[I]: [5],92,109,204,0,-36,-242,-3222(949.164)[I]: [6],0,5,3,0,801,443,-16360
(949.173)[I]: [5],109,118,188,0,-35,-221,-3120(949.174)[I]: [6],0,6,3,0,729,477,-16375
(949.183)[I]: [5],112,117,164,0,-32,-197,-3003(949.184)[I]: [6],1,3,3,0,604,393,-16532
(949.193)[I]: [5],118,118,164,0,-28,-173,-2867(949.194)[I]: [6],0,4,1,0,465,282,-16825
(949.203)[I]: [5],122,116,148,0,-20,-143,-2714(949.204)[I]: [6],0,3,1,0,386,158,-17183
(949.213)[I]: [5],125,113,104,0,-7,-97,-2533(949.214)[I]: [6],0,0,1,3,324,12,-17547
(949.223)[I]: [5],115,101,100,0,4,-40,-2317(949.224)[I]: [6],0,0,0,12,281,-131,-17882
(949.233)[I]: [5],113,82,96,0,16,12,-2060(949.234)[I]: [6],0,0,0,25,243,-192,17796
(949.243)[I]: [5],101,61,84,0,22,54,-1760(949.244)[I]: [6],0,0,3,43,188,-176,17505
(949.253)[I]: [5],97,41,60,0,21,85,-1415(949.253)[I]: [6],0,1,5,63,142,-168,17230
(949.263)[I]: [5],89,24,60,0,18,115,-1023(949.264)[I]: [6],0,0,4,81,151,-200,17010
(949.273)[I]: [5],102,15,64,0,7,166,-592(949.273)[I]: [6],0,0,5,90,174,-201,16841
(949.283)[I]: [5],109,11,60,0,-10,251,-138(949.284)[I]: [6],0,0,6,92,189,-206,16717
(949.293)[I]: [5],103,8,52,0,-44,350,341(949.293)[I]: [6],0,0,9,83,184,-208,16613
(949.303)[I]: [5],86,7,36,0,-60,403,828(949.303)[I]: [6],0,0,14,75,174,-211,16526
(949.313)[I]: [5],59,7,20,0,-68,456,1320(949.313)[I]: [6],0,0,23,78,156,-209,16460
(949.323)[I]: [5],38,7,12,0,-100,518,1787(949.324)[I]: [6],0,0,31,72,159,-214,16410
(949.333)[I]: [5],10,5,12,0,-143,552,2226(949.334)[I]: [6],0,0,38,78,158,-221,16378
(949.343)[I]: [5],1,3,12,0,-226,548,2610(949.343)[I]: [6],0,3,40,71,157,-227,16358
(949.353)[I]: [5],2,2,12,0,-343,485,2923(949.353)[I]: [6],0,6,44,74,156,-232,16349
(949.363)[I]: [5],2,3,8,0,-466,432,3132(949.363)[I]: [6],0,6,40,77,156,-233,16343
(949.373)[I]: [5],1,3,12,0,-577,392,3176(949.373)[I]: [6],0,9,43,70,155,-235,16343
(949.383)[I]: [5],2,2,12,0,-674,335,3099(949.383)[I]: [6],0,10,42,62,153,-236,16343
(949.393)[I]: [5],2,2,12,0,-761,275,2932(949.394)[I]: [6],0,13,42,56,152,-237,16343
(949.403)[I]: [5],3,3,16,0,-838,200,2721(949.403)[I]: [6],0,14,41,47,150,-239,16343
(949.413)[I]: [5],3,2,20,0,-906,107,2495(949.413)[I]: [6],0,15,41,37,149,-240,16343
(949.423)[I]: [5],3,3,16,0,-967,10,2267(949.423)[I]: [6],0,14,39,31,147,-242,16343
(949.433)[I]: [5],3,3,16,0,-1024,-86,2042(949.434)[I]: [6],0,14,39,27,146,-243,16344
(949.443)[I]: [5],3,3,16,0,-1076,-176,1818(949.444)[I]: [6],0,12,40,19,144,-244,16344
(949.453)[I]: [5],3,3,12,0,-1125,-256,1592(949.454)[I]: [6],0,15,42,16,143,-244,16344
(949.463)[I]: [5],3,3,12,0,-1171,-323,1354(949.464)[I]: [6],0,13,47,13,141,-244,16344
(949.473)[I]: [5],3,3,12,0,-1210,-379,1097(949.474)[I]: [6],0,14,51,10,140,-243,16344
(949.483)[I]: [5],2,3,8,0,-1242,-421,814(949.483)[I]: [6],0,14,51,9,139,-243,16344
(949.493)[I]: [5],1,3,8,0,-1261,-454,507(949.493)[I]: [6],0,13,53,8,137,-244,16344
(949.503)[I]: [5],2,3,4,0,-1265,-476,179(949.503)[I]: [6],0,15,51,8,136,-244,16344
(949.513)[I]: [5],2,3,4,0,-1253,-491,-161(949.513)[I]: [6],0,15,58,6,135,-245,16344
(949.523)[I]: [5],2,3,0,0,-1228,-495,-508(949.523)[I]: [6],0,18,58,6,133,-246,16344
(949.533)[I]: [5],3,3,4,0,-1194,-493,-859(949.533)[I]: [6],0,17,61,5,132,-246,16344
(949.543)[I]: [5],3,3,0,0,-1157,-483,-1211(949.543)[I]: [6],0,20,63,4,131,-247,16344
(949.553)[I]: [5],3,3,4,0,-1118,-468,-1563(949.553)[I]: [6],0,23,63,4,129,-247,16344
(949.563)[I]: [5],3,3,0,0,-1084,-446,-1907(949.563)[I]: [6],0,25,66,4,128,-248,16344
(949.573)[I]: [5],3,3,0,0,-1055,-417,-2244(949.573)[I]: [6],0,27,71,4,127,-249,16345
(949.583)[I]: [5],3,3,0,0,-1032,-386,-2572(949.583)[I]: [6],0,29,76,4,125,-250,16345
(949.593)[I]: [5],3,3,0,0,-1015,-356,-2889(949.593)[I]: [6],0,31,79,4,126,-251,16338
(949.603)[I]: [5],4,3,0,0,-1002,-325,-3187(949.603)[I]: [6],0,31,85,3,126,-252,16331
(949.613)[I]: [5],4,3,0,0,-987,-291,-3461(949.613)[I]: [6],0,34,82,2,124,-254,16323
(949.623)[I]: [5],3,3,0,0,-971,-253,-3712(949.623)[I]: [6],0,38,83,3,123,-256,16316
(949.633)[I]: [5],4,3,0,0,-952,-212,-3955(949.633)[I]: [6],0,41,90,1,123,-256,16306
(949.643)[I]: [5],4,3,0,0,-934,-168,-4206(949.643)[I]: [6],0,45,92,1,122,-257,16296
(949.653)[I]: [5],4,3,0,0,-918,-124,-4468(949.653)[I]: [6],0,50,95,0,121,-258,16292
(949.663)[I]: [5],3,3,0,0,-901,-75,-4727(949.663)[I]: [6],0,54,91,0,121,-259,16289
(949.673)[I]: [5],4,3,0,0,-886,-6,-4969(949.673)[I]: [6],0,59,107,0,119,-259,16289
(949.683)[I]: [5],4,3,0,0,-882,99,-5192(949.683)[I]: [6],0,66,106,0,120,-264,16299
(949.693)[I]: [5],4,3,0,0,-895,225,-5405(949.693)[I]: [6],0,73,111,0,119,-264,16315
(949.703)[I]: [5],4,3,0,0,-917,351,-5619(949.703)[I]: [6],1,81,122,0,116,-268,16346
(949.713)[I]: [5],3,3,0,0,-935,445,-5832(949.713)[I]: [6],3,89,126,0,112,-266,16405
(949.723)[I]: [5],3,4,0,0,-935,484,-6048(949.723)[I]: [6],7,98,118,0,110,-256,16506
(949.733)[I]: [5],4,4,0,0,-909,471,-6258(949.733)[I]: [6],12,105,119,0,110,-220,16552
(949.743)[I]: [5],4,4,4,0,-860,429,-6440(949.743)[I]: [6],24,110,118,0,113,-190,16511
(949.753)[I]: [5],4,4,4,0,-794,384,-6573(949.753)[I]: [6],31,120,112,0,117,-206,16416
(949.763)[I]: [5],4,4,0,0,-722,343,-6643(949.763)[I]: [6],35,124,89,0,120,-239,16296
(949.773)[I]: [5],5,3,4,0,-659,335,-6526(949.773)[I]: [6],51,132,84,0,126,-253,16172
(949.783)[I]: [5],3,3,4,5,-606,178,-6228(949.783)[I]: [6],55,137,68,0,132,-253,16050
(949.793)[I]: [5],3,3,0,11,-609,-72,-5871(949.793)[I]: [6],70,138,43,0,133,-238,15923
(949.803)[I]: [5],3,3,4,16,-647,-305,-5507(949.804)[I]: [6],83,135,35,0,131,-196,15787
(949.813)[I]: [5],2,3,8,28,-683,-469,-5178(949.814)[I]: [6],94,127,25,0,133,-130,15600
(949.823)[I]: [5],2,3,8,47,-684,-515,-4887(949.824)[I]: [6],106,118,19,0,147,-91,15373
(949.833)[I]: [5],3,2,8,80,-648,-474,-4627(949.833)[I]: [6],110,99,12,0,166,-91,15112
(949.843)[I]: [5],3,1,12,102,-605,-425,-4392(949.844)[I]: [6],108,80,10,0,187,-81,14808
(949.853)[I]: [5],4,1,12,122,-566,-362,-4209(949.854)[I]: [6],95,63,10,0,230,-32,14458
(949.863)[I]: [5],6,1,12,135,-551,-299,-4095(949.864)[I]: [6],95,44,11,0,296,17,14075
(949.873)[I]: [5],6,1,20,129,-570,-252,-4011(949.874)[I]: [6],90,30,10,0,363,42,13669
(949.883)[I]: [5],4,2,24,121,-592,-214,-3942(949.884)[I]: [6],67,24,11,0,398,38,13215
(949.893)[I]: [5],1,1,44,107,-596,-173,-3880(949.894)[I]: [6],66,24,11,0,431,41,12729
(949.903)[I]: [5],1,1,68,106,-592,-154,-3833(949.904)[I]: [6],49,14,8,0,485,74,12256
(949.913)[I]: [5],0,1,88,107,-583,-147,-3802(949.914)[I]: [6],31,18,3,0,553,120,11803
(949.923)[I]: [5],2,3,104,101,-578,-141,-3777(949.924)[I]: [6],13,12,4,0,621,136,11352
(949.933)[I]: [5],1,2,120,104,-575,-141,-3763(949.934)[I]: [6],4,8,2,0,703,121,10931
(949.943)[I]: [5],1,3,120,105,-573,-142,-3756(949.944)[I]: [6],3,5,2,0,796,43,10566
(949.953)[I]: [5],0,5,124,100,-567,-142,-3756(949.954)[I]: [6],3,5,3,0,913,-82,10238
(949.963)[I]: [5],0,4,124,98,-562,-143,-3757(949.964)[I]: [6],2,4,2,0,1012,-241,10089
(949.973)[I]: [5],0,6,124,92,-556,-144,-3757(949.974)[I]: [6],2,5,2,0,1079,-358,10200
(949.983)[I]: [5],0,6,124,87,-550,-145,-3757(949.984)[I]: [6],1,5,2,0,1119,-453,10384
(949.993)[I]: [5],1,6,124,82,-545,-146,-3757(949.994)[I]: [6],1,7,2,0,1148,-559,10615
(949.999)[I]: [5],0,7,124,73,-540,-147,-3758(949.999)[I]: [6],1,7,3,0,1170,-648,10846
(949.999)[I]: [5],1,8,124,67,-534,-149,-3758(949.999)[I]: [6],1,6,3,0,1195,-728,11056
(949.999)[I]: [5],0,7,124,57,-529,-150,-3758(950.000)[I]: [6],1,5,3,0,1215,-816,11251
(950.009)[I]: [5],0,7,124,52,-524,-151,-3759(950.009)[I]: [6],1,6,3,0,1240,-902,11432
(950.019)[I]: [5],0,6,120,46,-519,-152,-3759(950.020)[I]: [6],1,4,3,0,1262,-992,11614
(950.029)[I]: [5],0,7,120,39,-513,-152,-3759(950.030)[I]: [6],0,4,3,0,1273,-1082,11807
(950.039)[I]: [5],0,7,124,28,-508,-151,-3759(950.040)[I]: [6],0,4,3,0,1271,-1169,12014
(950.049)[I]: [5],0,7,124,22,-503,-149,-3759(950.050)[I]: [6],0,3,3,0,1254,-1247,12238
(950.059)[I]: [5],0,7,124,19,-498,-148,-3759(950.060)[I]: [6],0,3,3,0,1222,-1305,12479
(950.069)[I]: [5],0,9,124,15,-498,-153,-3756(950.070)[I]: [6],0,3,3,0,1174,-1338,12734
(950.079)[I]: [5],0,12,124,14,-498,-160,-3753(950.080)[I]: [6],0,3,2,0,1116,-1338,13002
(950.089)[I]: [5],0,15,124,13,-498,-167,-3750(950.090)[I]: [6],0,3,2,0,1048,-1305,13283
(950.099)[I]: [5],0,15,136,13,-496,-173,-3747(950.100)[I]: [6],0,3,2,0,974,-1245,13572
(950.109)[I]: [5],0,19,140,15,-493,-176,-3744(950.110)[I]: [6],0,3,2,0,894,-1164,13866
(950.119)[I]: [5],1,21,136,13,-490,-178,-3741(950.120)[I]: [6],0,3,2,0,810,-1073,14164
(950.129)[I]: [5],3,23,140,11,-489,-179,-3735(950.130)[I]: [6],0,3,2,0,726,-981,14464
(950.139)[I]: [5],5,26,140,10,-487,-180,-3728(950.140)[I]: [6],0,3,2,0,643,-891,14764
(950.149)[I]: [5],6,29,140,8,-485,-181,-3720(950.150)[I]: [6],0,3,2,0,566,-805,15063
(950.159)[I]: [5],7,31,148,8,-484,-181,-3712(950.160)[I]: [6],0,3,2,0,500,-714,15353
(950.169)[I]: [5],9,33,152,7,-482,-180,-3702(950.170)[I]: [6],0,3,3,0,452,-615,15628
(950.179)[I]: [5],11,37,156,6,-480,-179,-3692(950.180)[I]: [6],0,3,3,0,432,-503,15882
(950.189)[I]: [5],13,38,160,5,-478,-179,-3679(950.190)[I]: [6],0,3,3,0,447,-389,16128
(950.199)[I]: [5],15,39,164,4,-476,-176,-3664(950.200)[I]: [6],0,3,3,0,499,-284,16383
(950.209)[I]: [5],19,42,168,2,-475,-173,-3647(950.210)[I]: [6],0,2,3,0,579,-195,16665
(950.219)[I]: [5],22,45,172,3,-473,-171,-3627(950.220)[I]: [6],0,2,3,0,680,-121,16972
(950.229)[I]: [5],26,51,176,2,-471,-168,-3608(950.230)[I]: [6],0,2,3,0,800,-53,17291
(950.239)[I]: [5],28,54,180,0,-469,-166,-3589(950.240)[I]: [6],0,3,4,0,937,19,17602
(950.249)[I]: [5],33,59,180,0,-467,-164,-3572(950.250)[I]: [6],0,2,4,0,1085,107,17887
(950.259)[I]: [5],41,68,188,0,-466,-164,-3554(950.260)[I]: [6],0,2,3,0,1230,212,-17867
(950.269)[I]: [5],44,72,188,0,-465,-169,-3537(950.270)[I]: [6],0,2,3,0,1356,325,-17659
(950.279)[I]: [5],48,84,188,0,-465,-175,-3517(950.280)[I]: [6],0,3,3,0,1448,428,-17471
(950.289)[I]: [5],53,90,196,0,-465,-187,-3495(950.290)[I]: [6],0,3,3,0,1496,515,-17299
(950.299)[I]: [5],63,98,212,0,-464,-198,-3457(950.300)[I]: [6],0,4,2,0,1477,524,-17188
(950.309)[I]: [5],77,110,200,0,-463,-199,-3394(950.310)[I]: [6],0,4,2,0,1413,505,-17107
(950.319)[I]: [5],97,122,188,0,-463,-199,-3322(950.320)[I]: [6],0,5,2,0,1288,411,-17103
(950.329)[I]: [5],112,131,176,0,-462,-191,-3244(950.330)[I]: [6],0,5,3,0,1146,275,-17189
(950.339)[I]: [5],124,136,156,0,-459,-176,-3153(950.340)[I]: [6],0,4,1,0,980,163,-17369
(950.349)[I]: [5],130,140,120,0,-456,-160,-3046(950.350)[I]: [6],0,3,1,0,854,80,-17662
(950.359)[I]: [5],143,138,112,0,-452,-143,-2918(950.360)[I]: [6],0,2,1,1,766,-24,-17987
(950.369)[I]: [5],154,133,116,0,-445,-117,-2770(950.370)[I]: [6],0,0,3,11,708,-108,17696
(950.379)[I]: [5],150,123,92,0,-435,-81,-2596(950.380)[I]: [6],0,0,2,22,670,-142,17414
(950.389)[I]: [5],146,112,80,0,-421,-33,-2386(950.390)[I]: [6],0,0,0,34,632,-136,17142
(950.399)[I]: [5],131,96,76,0,-410,18,-2129(950.400)[I]: [6],0,0,2,47,618,-148,16937
(950.409)[I]: [5],109,67,64,0,-404,66,-1825(950.410)[I]: [6],0,0,4,54,617,-155,16784
(950.419)[I]: [5],95,38,56,0,-404,125,-1460(950.420)[I]: [6],0,0,3,49,625,-161,16673
(950.429)[I]: [5],85,25,52,0,-418,206,-1050(950.430)[I]: [6],0,0,9,46,617,-157,16581
(950.439)[I]: [5],97,14,48,0,-439,296,-621(950.440)[I]: [6],0,0,15,49,617,-154,16509
(950.449)[I]: [5],101,10,44,0,-461,394,-167(950.450)[I]: [6],0,1,24,39,608,-155,16442
(950.459)[I]: [5],82,7,28,0,-485,466,302(950.459)[I]: [6],0,4,31,35,607,-152,16394
(950.469)[I]: [5],69,9,20,0,-488,498,785(950.469)[I]: [6],0,9,37,40,604,-151,16370
(950.479)[I]: [5],45,7,12,0,-514,538,1244(950.480)[I]: [6],0,14,34,36,601,-152,16357
(950.489)[I]: [5],21,3,8,0,-544,551,1678(950.489)[I]: [6],0,13,35,31,597,-153,16353
(950.499)[I]: [5],3,7,8,0,-590,555,2102(950.499)[I]: [6],0,15,39,31,591,-154,16353
(950.509)[I]: [5],1,3,4,0,-659,519,2504(950.509)[I]: [6],0,19,41,29,586,-154,16350
(950.519)[I]: [5],1,3,0,0,-733,445,2910(950.519)[I]: [6],0,21,43,25,581,-156,16351
(950.529)[I]: [5],1,2,0,0,-811,383,3223(950.529)[I]: [6],0,25,46,19,575,-159,16351
(950.539)[I]: [5],1,3,4,0,-879,351,3433(950.539)[I]: [6],0,25,45,21,569,-161,16352
(950.549)[I]: [5],3,4,4,0,-940,313,3553(950.549)[I]: [6],0,25,47,14,563,-163,16352
(950.559)[I]: [5],3,3,4,0,-995,275,3584(950.559)[I]: [6],0,28,48,11,558,-164,16353
(950.569)[I]: [5],3,3,4,0,-1038,242,3534(950.569)[I]: [6],0,26,48,9,552,-165,16353
(950.579)[I]: [5],3,3,0,0,-1068,211,3411(950.579)[I]: [6],0,26,49,6,547,-165,16353
(950.589)[I]: [5],3,4,0,0,-1088,174,3229(950.589)[I]: [6],0,23,49,4,541,-166,16353
(950.599)[I]: [5],3,4,0,0,-1097,127,2999(950.599)[I]: [6],0,25,52,3,536,-166,16354
(950.609)[I]: [5],3,4,0,0,-1098,73,2734(950.609)[I]: [6],0,23,53,1,532,-169,16352
(950.619)[I]: [5],3,4,0,0,-1093,11,2445(950.619)[I]: [6],0,28,56,1,530,-175,16348
(950.629)[I]: [5],2,4,0,0,-1082,-56,2140(950.629)[I]: [6],0,31,56,1,529,-181,16341
(950.639)[I]: [5],2,4,0,0,-1067,-133,1824(950.639)[I]: [6],0,31,60,0,528,-186,16332
(950.649)[I]: [5],3,4,0,0,-1048,-214,1500(950.649)[I]: [6],0,31,61,0,525,-190,16324
(950.659)[I]: [5],2,4,0,0,-1025,-293,1171(950.659)[I]: [6],0,35,63,1,524,-194,16317
(950.669)[I]: [5],2,4,0,0,-997,-364,843(950.669)[I]: [6],0,34,63,1,522,-199,16313
(950.679)[I]: [5],3,4,4,0,-967,-421,518(950.679)[I]: [6],0,37,63,1,519,-203,16311
(950.689)[I]: [5],3,4,0,0,-933,-459,196(950.689)[I]: [6],0,39,67,1,519,-207,16306
(950.699)[I]: [5],3,4,0,0,-898,-480,-127(950.699)[I]: [6],0,42,66,2,517,-212,16303
(950.709)[I]: [5],2,4,0,0,-864,-488,-457(950.709)[I]: [6],2,46,63,1,512,-214,16303
(950.719)[I]: [5],3,3,0,0,-831,-484,-797(950.719)[I]: [6],3,47,63,0,507,-215,16304
(950.729)[I]: [5],2,3,0,0,-803,-468,-1144(950.729)[I]: [6],3,51,60,0,502,-217,16304
(950.739)[I]: [5],2,3,0,0,-779,-438,-1497(950.739)[I]: [6],4,53,63,0,497,-218,16304
(950.749)[I]: [5],2,3,0,0,-762,-397,-1851(950.749)[I]: [6],5,57,61,0,492,-219,16305
(950.759)[I]: [5],2,3,0,0,-753,-347,-2202(950.759)[I]: [6],6,63,62,0,487,-221,16305
(950.769)[I]: [5],3,3,0,0,-753,-292,-2544(950.769)[I]: [6],7,67,60,0,482,-222,16305
(950.779)[I]: [5],3,3,0,0,-760,-236,-2870(950.779)[I]: [6],9,70,57,0,477,-223,16306
(950.789)[I]: [5],5,3,0,0,-772,-184,-3169(950.789)[I]: [6],14,73,61,0,473,-224,16306
(950.799)[I]: [5],5,3,0,0,-789,-134,-3442(950.799)[I]: [6],16,78,61,0,468,-225,16306
(950.809)[I]: [5],3,3,4,0,-811,-84,-3698(950.809)[I]: [6],15,83,63,0,463,-226,16307
(950.819)[I]: [5],3,2,4,0,-836,-33,-3953(950.819)[I]: [6],19,89,63,0,459,-227,16307
(950.829)[I]: [5],3,2,4,0,-862,12,-4213(950.829)[I]: [6],16,93,63,0,456,-230,16307
(950.839)[I]: [5],5,3,4,0,-886,53,-4479(950.839)[I]: [6],24,99,68,0,455,-246,16309
(950.849)[I]: [5],7,4,0,0,-902,93,-4744(950.849)[I]: [6],20,103,61,0,454,-264,16301
(950.859)[I]: [5],3,3,4,0,-905,135,-4996(950.859)[I]: [6],18,109,62,0,453,-286,16295
(950.869)[I]: [5],3,3,4,0,-890,173,-5235(950.869)[I]: [6],27,116,58,0,452,-307,16294
(950.879)[I]: [5],5,3,4,0,-856,202,-5472(950.879)[I]: [6],35,126,63,0,450,-327,16292
(950.889)[I]: [5],7,5,4,0,-804,227,-5721(950.889)[I]: [6],44,134,56,0,449,-342,16285
(950.899)[I]: [5],6,4,4,0,-731,253,-5978(950.899)[I]: [6],47,140,51,0,448,-347,16259
(950.909)[I]: [5],4,3,4,0,-630,279,-6211(950.909)[I]: [6],50,150,44,0,447,-352,16217
(950.919)[I]: [5],3,3,0,0,-496,243,-6346(950.919)[I]: [6],63,157,49,0,445,-360,16166
(950.929)[I]: [5],4,4,0,1,-345,171,-6391(950.929)[I]: [6],70,165,43,0,445,-362,16108
(950.939)[I]: [5],4,3,0,1,-207,79,-6311(950.939)[I]: [6],83,174,36,0,444,-359,16045
(950.949)[I]: [5],3,2,0,1,-112,-12,-6084(950.949)[I]: [6],91,180,31,0,443,-353,15972
(950.959)[I]: [5],3,2,4,23,-68,-141,-5759(950.959)[I]: [6],103,185,23,0,442,-342,15891
(950.969)[I]: [5],5,4,4,37,-59,-258,-5430(950.969)[I]: [6],111,184,15,0,442,-326,15804
(950.979)[I]: [5],3,3,4,41,-61,-321,-5132(950.980)[I]: [6],109,176,15,0,439,-313,15703
(950.989)[I]: [5],1,1,8,57,-53,-331,-4870(950.989)[I]: [6],113,162,4,0,437,-292,15580
(950.999)[I]: [5],1,1,4,95,-33,-309,-4624(950.999)[I]: [6],117,133,5,0,438,-268,15428
(950.999)[I]: [5],3,1,4,120,-7,-266,-4417(950.999)[I]: [6],116,126,5,0,447,-257,15241
(950.999)[I]: [5],15,2,8,125,10,-220,-4272(950.999)[I]: [6],112,92,5,0,469,-258,15028
(951.005)[I]: [5],1,2,8,107,5,-179,-4169(951.005)[I]: [6],96,72,4,0,501,-257,14795
(951.015)[I]: [5],3,1,24,97,-8,-146,-4088(951.015)[I]: [6],87,61,2,0,549,-252,14534
(951.025)[I]: [5],1,1,48,100,-17,-110,-4013(951.026)[I]: [6],91,39,7,0,608,-267,14243
(951.035)[I]: [5],0,2,104,101,-10,-87,-3952(951.035)[I]: [6],77,31,4,0,661,-304,13917
(951.045)[I]: [5],0,1,100,82,-4,-80,-3917(951.045)[I]: [6],63,25,2,0,714,-333,13562
(951.055)[I]: [5],0,1,132,69,-1,-77,-3893(951.055)[I]: [6],42,20,1,0,784,-331,13183
(951.065)[I]: [5],0,0,160,82,0,-75,-3879(951.065)[I]: [6],36,15,1,0,861,-311,12799
(951.075)[I]: [5],0,1,156,84,1,-74,-3868(951.075)[I]: [6],25,12,0,0,952,-275,12424
(951.085)[I]: [5],2,1,164,49,2,-72,-3857(951.085)[I]: [6],6,9,1,0,1053,-257,12068
(951.095)[I]: [5],0,3,172,35,1,-72,-3848(951.095)[I]: [6],3,7,1,0,1156,-282,11739
(951.105)[I]: [5],0,6,196,60,1,-74,-3840(951.105)[I]: [6],3,6,0,0,1271,-358,11488
(951.115)[I]: [5],0,14,204,75,0,-77,-3833(951.115)[I]: [6],1,4,4,0,1384,-445,11373
(951.125)[I]: [5],0,6,196,2,0,-78,-3830(951.125)[I]: [6],1,5,3,0,1463,-480,11350
(951.135)[I]: [5],0,3,200,0,0,-78,-3823(951.135)[I]: [6],1,6,2,0,1513,-504,11408
(951.145)[I]: [5],1,6,212,38,0,-75,-3815(951.145)[I]: [6],1,5,2,0,1550,-520,11494
(951.155)[I]: [5],0,15,220,34,0,-72,-3805(951.155)[I]: [6],0,5,4,0,1573,-539,11594
(951.165)[I]: [5],0,13,220,0,0,-69,-3795(951.165)[I]: [6],1,5,3,0,1582,-564,11695
(951.175)[I]: [5],2,7,208,0,0,-69,-3787(951.175)[I]: [6],1,5,2,0,1580,-600,11794
(951.185)[I]: [5],22,14,224,0,0,-70,-3779(951.185)[I]: [6],2,5,3,0,1559,-655,11904
(951.195)[I]: [5],0,21,224,16,-1,-73,-3771(951.195)[I]: [6],1,4,3,0,1524,-720,12031
(951.205)[I]: [5],7,12,224,13,-2,-76,-3761(951.206)[I]: [6],1,3,3,0,1471,-791,12179
(951.215)[I]: [5],1,6,220,0,-4,-79,-3750(951.215)[I]: [6],1,3,2,0,1403,-858,12350
(951.225)[I]: [5],1,12,228,0,-6,-84,-3740(951.225)[I]: [6],1,3,3,0,1322,-913,12544
(951.235)[I]: [5],17,22,240,25,-8,-89,-3729(951.236)[I]: [6],0,3,3,0,1230,-949,12757
(951.245)[I]: [5],44,27,240,8,-10,-92,-3719(951.246)[I]: [6],0,3,3,0,1134,-961,12978
(951.255)[I]: [5],2,15,232,1,-12,-99,-3709(951.256)[I]: [6],0,3,3,0,1035,-947,13202
(951.265)[I]: [5],42,22,236,0,-13,-102,-3701(951.266)[I]: [6],0,3,2,0,935,-914,13429
(951.275)[I]: [5],57,30,240,0,-15,-107,-3693(951.276)[I]: [6],0,3,2,0,841,-860,13654
(951.285)[I]: [5],49,23,232,10,-16,-111,-3688(951.286)[I]: [6],0,3,2,0,762,-802,13880
(951.295)[I]: [5],28,14,224,0,-18,-117,-3684(951.296)[I]: [6],0,3,3,0,700,-751,14105
(951.305)[I]: [5],61,20,232,0,-20,-124,-3679(951.306)[I]: [6],0,4,2,0,656,-711,14329
(951.315)[I]: [5],66,31,240,0,-22,-131,-3675(951.316)[I]: [6],0,4,3,0,632,-680,14550
(951.325)[I]: [5],48,21,236,0,-25,-137,-3669(951.326)[I]: [6],0,4,3,0,624,-656,14766
(951.335)[I]: [5],45,22,224,0,-27,-144,-3665(951.336)[I]: [6],0,5,2,0,628,-632,14979
(951.345)[I]: [5],51,24,228,0,-30,-153,-3660(951.346)[I]: [6],0,4,3,0,634,-602,15191
(951.355)[I]: [5],79,45,232,0,-33,-161,-3654(951.356)[I]: [6],0,5,3,0,635,-564,15403
(951.365)[I]: [5],77,39,228,0,-36,-172,-3647(951.366)[I]: [6],0,4,3,0,630,-512,15611
(951.375)[I]: [5],63,31,224,0,-38,-179,-3642(951.376)[I]: [6],0,4,2,0,614,-448,15809
(951.385)[I]: [5],81,36,232,0,-40,-186,-3638(951.386)[I]: [6],0,4,2,0,584,-369,15991
(951.395)[I]: [5],85,43,240,0,-42,-193,-3634(951.396)[I]: [6],0,4,2,0,539,-272,16157
(951.405)[I]: [5],89,49,236,0,-43,-197,-3633(951.406)[I]: [6],0,4,3,0,480,-154,16314
(951.415)[I]: [5],91,38,232,0,-44,-202,-3630(951.416)[I]: [6],0,4,2,0,409,-23,16463
(951.425)[I]: [5],97,48,228,0,-44,-206,-3629(951.426)[I]: [6],0,3,1,0,331,112,16603
(951.435)[I]: [5],111,47,236,0,-44,-208,-3629(951.436)[I]: [6],0,5,3,0,247,244,16732
(951.445)[I]: [5],109,48,236,0,-43,-212,-3629(951.446)[I]: [6],0,5,1,0,163,355,16849
(951.455)[I]: [5],99,42,232,0,-43,-212,-3629(951.456)[I]: [6],1,3,2,0,-42,289,16787
(951.465)[I]: [5],97,44,236,0,-43,-212,-3629(951.466)[I]: [6],0,3,2,0,19,328,16788
(951.475)[I]: [5],103,43,232,0,-42,-214,-3629(951.476)[I]: [6],0,3,16,0,-6,63,16743
(951.485)[I]: [5],105,46,228,0,-41,-214,-3632(951.486)[I]: [6],1,5,8,0,-19,12,16707
(951.495)[I]: [5],82,38,224,0,-40,-211,-3641(951.496)[I]: [6],0,3,7,0,-1,-11,16713
(951.505)[I]: [5],86,42,216,0,-39,-203,-3655(951.506)[I]: [6],0,5,0,0,-2,-17,16712
(951.515)[I]: [5],79,41,212,0,-38,-197,-3659(951.516)[I]: [6],0,7,21,1,-4,-28,16697
(951.525)[I]: [5],83,37,216,0,-37,-198,-3659(951.526)[I]: [6],0,10,9,2,-3,-39,16671
(951.535)[I]: [5],71,34,204,0,-37,-199,-3659(951.536)[I]: [6],0,8,5,1,0,-47,16646
(951.545)[I]: [5],78,39,212,0,-37,-200,-3656(951.546)[I]: [6],0,10,6,1,2,-50,16626
(951.555)[I]: [5],87,43,208,0,-37,-203,-3649(951.556)[I]: [6],1,16,14,7,4,-48,16614
(951.565)[I]: [5],67,40,200,0,-37,-205,-3643(951.566)[I]: [6],1,11,22,4,7,-45,16605
(951.575)[I]: [5],63,31,188,0,-36,-206,-3640(951.576)[I]: [6],0,9,7,1,7,-42,16598
(951.585)[I]: [5],72,35,188,0,-36,-207,-3640(951.586)[I]: [6],0,10,15,1,8,-37,16591
(951.595)[I]: [5],70,37,188,0,-35,-208,-3640(951.596)[I]: [6],0,14,25,1,9,-35,16588
(951.605)[I]: [5],54,31,172,0,-35,-208,-3640(951.606)[I]: [6],0,13,17,0,9,-36,16588
(951.615)[I]: [5],46,31,172,0,-35,-207,-3640(951.616)[I]: [6],0,12,21,0,9,-36,16588
(951.625)[I]: [5],41,31,164,0,-34,-204,-3646(951.626)[I]: [6],0,10,8,1,8,-38,16588
(951.635)[I]: [5],61,38,176,0,-34,-204,-3652(951.636)[I]: [6],0,15,24,1,9,-42,16586
(951.645)[I]: [5],48,31,172,0,-34,-206,-3654(951.646)[I]: [6],0,14,18,0,9,-45,16586
(951.655)[I]: [5],50,30,172,0,-35,-210,-3659(951.656)[I]: [6],0,12,9,1,9,-49,16586
(951.665)[I]: [5],59,39,184,0,-36,-212,-3665(951.666)[I]: [6],0,18,25,5,9,-52,16586
(951.675)[I]: [5],43,31,180,0,-36,-212,-3674(951.676)[I]: [6],0,18,22,1,9,-55,16586
(951.685)[I]: [5],30,29,176,0,-37,-211,-3683(951.686)[I]: [6],0,17,16,1,9,-58,16586
(951.695)[I]: [5],34,34,176,0,-36,-207,-3695(951.696)[I]: [6],0,19,23,3,9,-61,16586
(951.705)[I]: [5],49,38,172,0,-35,-200,-3708(951.706)[I]: [6],0,22,24,1,8,-63,16586
(951.715)[I]: [5],40,31,164,0,-34,-193,-3721(951.716)[I]: [6],0,19,18,3,8,-65,16586
(951.725)[I]: [5],22,27,164,0,-34,-189,-3732(951.726)[I]: [6],0,23,31,5,8,-67,16586
(951.735)[I]: [5],23,31,168,0,-33,-188,-3739(951.736)[I]: [6],0,21,14,1,8,-70,16586
(951.745)[I]: [5],36,31,164,0,-33,-188,-3746(951.746)[I]: [6],0,24,29,4,8,-72,16586
(951.755)[I]: [5],12,25,164,0,-33,-187,-3752(951.756)[I]: [6],0,23,28,1,8,-74,16586
(951.765)[I]: [5],11,31,172,0,-33,-185,-3759(951.766)[I]: [6],0,22,28,5,8,-77,16586
(951.775)[I]: [5],31,36,176,0,-33,-184,-3765(951.776)[I]: [6],0,18,20,2,8,-79,16586
(951.785)[I]: [5],35,31,168,0,-33,-184,-3771(951.786)[I]: [6],0,22,31,6,8,-82,16586
(951.795)[I]: [5],36,31,168,0,-33,-183,-3779(951.796)[I]: [6],0,24,29,2,8,-85,16586
(951.805)[I]: [5],27,23,164,0,-33,-182,-3787(951.806)[I]: [6],0,24,31,2,8,-87,16586
(951.815)[I]: [5],19,31,164,0,-32,-180,-3794(951.816)[I]: [6],0,21,22,1,7,-89,16586
(951.825)[I]: [5],12,23,164,0,-32,-179,-3794(951.826)[I]: [6],0,24,31,3,7,-91,16586
(951.835)[I]: [5],3,21,164,0,-32,-180,-3794(951.836)[I]: [6],0,21,25,3,7,-93,16586
(951.845)[I]: [5],11,29,156,0,-31,-180,-3794(951.846)[I]: [6],0,22,27,5,7,-95,16586
(951.855)[I]: [5],28,33,164,0,-31,-181,-3794(951.856)[I]: [6],0,20,24,3,7,-97,16586
(951.865)[I]: [5],27,29,164,2,-31,-182,-3794(951.866)[I]: [6],0,19,18,1,7,-100,16586
(951.875)[I]: [5],7,21,156,0,-31,-182,-3794(951.876)[I]: [6],0,20,31,2,7,-102,16586
(951.885)[I]: [5],14,21,156,0,-30,-182,-3794(951.886)[I]: [6],0,19,19,1,7,-104,16586
(951.895)[I]: [5],22,28,172,0,-30,-182,-3794(951.896)[I]: [6],0,24,34,1,7,-106,16586
(951.905)[I]: [5],7,28,168,0,-30,-182,-3794(951.906)[I]: [6],0,26,39,3,7,-108,16586
(951.915)[I]: [5],2,21,164,0,-29,-182,-3794(951.916)[I]: [6],0,22,30,1,7,-110,16586
(951.925)[I]: [5],3,17,164,0,-29,-182,-3794(951.926)[I]: [6],0,18,22,1,7,-112,16586
(951.935)[I]: [5],18,29,176,0,-29,-182,-3794(951.936)[I]: [6],0,19,26,3,7,-114,16586
(951.945)[I]: [5],13,23,168,0,-28,-183,-3794(951.946)[I]: [6],0,24,35,5,7,-116,16586
(951.955)[I]: [5],0,17,164,0,-28,-184,-3794(951.955)[I]: [6],0,25,31,1,6,-118,16586
(951.965)[I]: [5],0,22,172,0,-28,-183,-3794(951.965)[I]: [6],0,20,22,1,6,-119,16586
(951.975)[I]: [5],0,29,176,0,-28,-184,-3794(951.975)[I]: [6],0,24,23,1,6,-121,16586
(951.985)[I]: [5],0,27,168,0,-27,-184,-3794(951.985)[I]: [6],0,22,31,1,6,-124,16586
(951.995)[I]: [5],0,21,164,0,-27,-185,-3794(951.995)[I]: [6],0,25,29,3,6,-126,16586
(951.999)[I]: [5],28,29,172,0,-27,-185,-3794(951.999)[I]: [6],0,19,22,1,6,-128,16586
(951.999)[I]: [5],0,28,168,0,-26,-186,-3794(951.999)[I]: [6],0,24,30,4,6,-130,16586
(952.001)[I]: [5],0,19,156,0,-26,-187,-3794(952.001)[I]: [6],0,21,35,3,6,-132,16586
(952.011)[I]: [5],3,20,164,0,-26,-187,-3794(952.011)[I]: [6],0,19,27,1,6,-134,16586
(952.021)[I]: [5],0,27,164,0,-26,-187,-3794(952.021)[I]: [6],0,24,20,1,6,-135,16586
(952.031)[I]: [5],0,25,160,0,-25,-188,-3794(952.031)[I]: [6],0,26,27,2,6,-137,16586
(952.041)[I]: [5],0,19,152,0,-25,-188,-3794(952.041)[I]: [6],0,24,29,5,6,-139,16586
(952.051)[I]: [5],8,27,160,0,-25,-188,-3794(952.051)[I]: [6],0,25,35,5,6,-141,16586
(952.061)[I]: [5],33,30,156,1,-25,-188,-3794(952.062)[I]: [6],0,22,37,2,6,-142,16586
(952.071)[I]: [5],6,23,148,0,-24,-188,-3794(952.071)[I]: [6],0,22,25,0,6,-144,16586
(952.081)[I]: [5],0,25,152,0,-24,-188,-3794(952.081)[I]: [6],0,27,34,1,5,-146,16586
(952.091)[I]: [5],0,18,152,0,-24,-188,-3794(952.091)[I]: [6],0,22,24,1,5,-148,16586
(952.101)[I]: [5],0,31,156,0,-24,-189,-3794(952.101)[I]: [6],0,26,24,1,5,-150,16586
(952.111)[I]: [5],0,18,156,0,-23,-189,-3794(952.112)[I]: [6],0,26,34,5,5,-151,16586
(952.121)[I]: [5],2,18,148,0,-23,-189,-3794(952.122)[I]: [6],0,23,36,3,5,-153,16586
(952.131)[I]: [5],31,30,160,0,-23,-189,-3794(952.132)[I]: [6],0,21,28,1,5,-155,16586
(952.141)[I]: [5],0,26,156,0,-23,-190,-3794(952.141)[I]: [6],0,21,23,1,5,-157,16586
(952.151)[I]: [5],2,18,156,0,-22,-191,-3794(952.152)[I]: [6],0,28,37,3,5,-159,16586
(952.161)[I]: [5],1,20,156,0,-22,-191,-3794(952.162)[I]: [6],0,25,30,1,5,-161,16586
(952.171)[I]: [5],7,29,160,1,-22,-192,-3794(952.172)[I]: [6],0,25,31,1,5,-162,16586
(952.181)[I]: [5],21,29,160,0,-22,-192,-3794(952.182)[I]: [6],0,25,30,3,5,-164,16586
(952.191)[I]: [5],4,20,152,0,-22,-192,-3794(952.192)[I]: [6],0,26,29,1,5,-165,16586
(952.201)[I]: [5],7,19,156,0,-21,-192,-3794(952.202)[I]: [6],0,22,23,1,5,-167,16586
(952.211)[I]: [5],19,27,160,0,-21,-193,-3794(952.212)[I]: [6],0,24,29,2,5,-168,16586
(952.221)[I]: [5],4,21,164,0,-21,-193,-3794(952.222)[I]: [6],0,29,37,4,5,-170,16586
(952.231)[I]: [5],1,19,152,0,-21,-193,-3794(952.232)[I]: [6],0,27,34,1,5,-172,16586
(952.241)[I]: [5],3,26,152,0,-21,-193,-3794(952.242)[I]: [6],0,26,35,1,5,-173,16586
(952.251)[I]: [5],20,31,160,0,-20,-194,-3794(952.252)[I]: [6],0,22,25,1,5,-175,16586
(952.261)[I]: [5],11,24,152,0,-20,-194,-3794(952.262)[I]: [6],0,25,34,4,4,-176,16586
(952.271)[I]: [5],17,27,156,0,-20,-194,-3794(952.272)[I]: [6],0,21,35,2,4,-178,16586
(952.281)[I]: [5],1,19,152,0,-20,-194,-3794(952.282)[I]: [6],0,19,25,0,4,-179,16586
(952.291)[I]: [5],12,31,160,0,-19,-195,-3794(952.292)[I]: [6],0,22,28,1,4,-181,16586
(952.301)[I]: [5],2,27,156,0,-19,-195,-3794(952.302)[I]: [6],0,25,35,3,4,-182,16586
(952.311)[I]: [5],1,25,160,0,-19,-195,-3794(952.312)[I]: [6],0,25,37,3,4,-183,16586
(952.321)[I]: [5],15,31,168,0,-19,-196,-3794(952.322)[I]: [6],0,19,23,1,4,-185,16586
(952.331)[I]: [5],16,28,160,0,-19,-196,-3794(952.332)[I]: [6],0,21,30,3,4,-186,16586
(952.341)[I]: [5],3,20,156,0,-18,-196,-3794(952.342)[I]: [6],0,20,28,3,4,-187,16586
(952.351)[I]: [5],4,22,156,0,-18,-196,-3794(952.352)[I]: [6],0,24,36,6,4,-189,16586
(952.361)[I]: [5],9,31,168,0,-18,-196,-3794(952.362)[I]: [6],0,20,22,1,4,-190,16586
(952.371)[I]: [5],3,30,164,0,-18,-196,-3794(952.372)[I]: [6],0,19,27,0,4,-192,16586
(952.381)[I]: [5],1,22,156,0,-18,-196,-3794(952.381)[I]: [6],0,22,31,1,4,-193,16586
(952.391)[I]: [5],7,31,168,0,-18,-197,-3794(952.392)[I]: [6],0,18,22,1,4,-195,16586
(952.401)[I]: [5],18,31,164,0,-17,-197,-3794(952.402)[I]: [6],0,18,25,2,4,-196,16586
(952.411)[I]: [5],7,23,156,0,-17,-197,-3794(952.412)[I]: [6],0,23,34,7,4,-197,16586
(952.421)[I]: [5],1,20,160,0,-17,-197,-3794(952.422)[I]: [6],0,22,31,6,4,-199,16586
(952.431)[I]: [5],4,28,168,0,-17,-198,-3794(952.432)[I]: [6],0,18,23,1,4,-200,16586
(952.441)[I]: [5],5,31,168,0,-17,-198,-3794(952.442)[I]: [6],0,22,31,1,4,-202,16586
(952.451)[I]: [5],0,26,160,0,-17,-199,-3794(952.451)[I]: [6],0,23,31,7,4,-203,16586