(29.782)[I]: [5],0,15,92,15,-4,-247,653(29.782)[I]: [6],0,17,27,5,-7,-338,2861
(29.792)[I]: [5],0,15,92,16,-4,-247,653(29.792)[I]: [6],0,17,27,6,-7,-338,2861
(29.802)[I]: [5],0,15,92,15,-4,-247,653(29.802)[I]: [6],0,17,27,6,-7,-338,2861
(29.812)[I]: [5],0,15,92,15,-4,-248,653(29.812)[I]: [6],0,17,26,5,-7,-338,2861
(29.822)[I]: [5],0,15,92,15,-4,-247,653(29.822)[I]: [6],0,17,26,6,-6,-338,2861
(29.832)[I]: [5],0,15,92,15,-4,-247,653(29.832)[I]: [6],0,17,26,5,-6,-338,2861
(29.842)[I]: [5],0,15,92,15,-4,-247,653(29.842)[I]: [6],0,17,26,5,-6,-338,2861
(29.852)[I]: [5],0,15,92,15,-4,-247,653(29.852)[I]: [6],0,17,26,5,-6,-338,2861
(29.862)[I]: [5],0,15,92,16,-4,-247,653(29.862)[I]: [6],0,17,26,6,-6,-338,2861
(29.872)[I]: [5],0,15,92,15,-4,-247,653(29.872)[I]: [6],0,17,26,6,-6,-338,2861
(29.882)[I]: [5],0,15,92,15,-4,-247,653(29.882)[I]: [6],0,17,26,5,-6,-338,2861
(29.892)[I]: [5],0,15,92,15,-4,-247,653(29.892)[I]: [6],0,17,26,6,-6,-338,2861
(29.902)[I]: [5],0,15,92,15,-4,-247,653(29.902)[I]: [6],0,16,26,5,-6,-338,2861
(29.912)[I]: [5],0,15,92,15,-4,-247,653(29.912)[I]: [6],0,16,26,5,-6,-338,2861
(29.922)[I]: [5],0,15,92,15,-4,-247,653(29.922)[I]: [6],0,17,26,5,-6,-338,2861
(29.932)[I]: [5],0,15,92,15,-4,-247,653(29.932)[I]: [6],0,16,26,5,-6,-338,2861
(29.942)[I]: [5],0,15,92,15,-4,-247,653(29.942)[I]: [6],0,17,26,5,-6,-338,2861
(29.952)[I]: [5],0,15,92,15,-4,-247,653(29.952)[I]: [6],0,17,26,5,-6,-338,2861
(29.962)[I]: [5],0,15,92,15,-4,-246,653(29.962)[I]: [6],0,17,26,6,-6,-338,2861
(29.972)[I]: [5],0,15,92,15,-4,-246,653(29.972)[I]: [6],0,17,26,5,-6,-338,2861
(29.982)[I]: [5],0,15,92,15,-4,-247,653(29.982)[I]: [6],0,17,26,5,-5,-339,2861
(29.992)[I]: [5],0,15,92,15,-3,-247,653(29.992)[I]: [6],0,17,26,5,-5,-338,2861
(29.999)[I]: [5],0,15,92,15,-3,-247,653(29.999)[I]: [6],0,17,26,5,-5,-339,2861
(29.999)[I]: [5],0,15,92,15,-3,-246,653(29.999)[I]: [6],0,17,26,5,-5,-339,2861
(29.999)[I]: [5],0,15,92,15,-3,-246,653(29.999)[I]: [6],0,17,27,6,-5,-339,2861
(30.008)[I]: [5],0,15,92,15,-3,-246,653(30.008)[I]: [6],0,17,26,5,-5,-339,2861
(30.018)[I]: [5],0,15,92,15,-3,-246,653(30.018)[I]: [6],0,17,26,5,-5,-339,2861
(30.028)[I]: [5],0,15,92,15,-3,-246,653(30.028)[I]: [6],0,17,26,5,-5,-339,2861
(30.038)[I]: [5],0,15,92,15,-3,-246,653(30.038)[I]: [6],0,17,26,5,-5,-339,2861
(30.048)[I]: [5],0,15,96,15,-3,-246,653(30.048)[I]: [6],0,17,26,5,-5,-339,2861
(30.058)[I]: [5],0,15,92,15,-3,-246,653(30.058)[I]: [6],0,17,26,5,-5,-339,2861
(30.068)[I]: [5],0,15,96,15,-3,-246,653(30.068)[I]: [6],0,17,26,5,-5,-339,2861
(30.078)[I]: [5],0,15,96,15,-3,-246,653(30.078)[I]: [6],0,17,26,5,-5,-339,2861
(30.088)[I]: [5],0,15,96,15,-3,-246,653(30.088)[I]: [6],0,17,26,5,-5,-339,2861
(30.098)[I]: [5],0,15,96,15,-3,-246,653(30.098)[I]: [6],0,17,26,5,-5,-339,2861
(30.108)[I]: [5],0,15,96,15,-3,-246,653(30.108)[I]: [6],0,17,26,6,-5,-339,2861
(30.118)[I]: [5],0,15,96,15,-3,-246,653(30.118)[I]: [6],0,17,26,6,-5,-339,2861
(30.128)[I]: [5],0,15,96,15,-3,-247,653(30.128)[I]: [6],0,17,26,5,-5,-339,2861
(30.138)[I]: [5],0,15,96,15,-3,-247,653(30.138)[I]: [6],0,17,26,5,-4,-339,2861
(30.148)[I]: [5],0,15,96,15,-3,-247,653(30.148)[I]: [6],0,17,26,5,-4,-339,2861
(30.158)[I]: [5],0,15,96,15,-3,-248,653(30.158)[I]: [6],0,17,26,5,-4,-340,2861
(30.168)[I]: [5],0,15,96,15,-3,-247,653(30.168)[I]: [6],0,17,26,5,-4,-340,2861
(30.178)[I]: [5],0,15,96,15,-3,-247,653(30.178)[I]: [6],0,17,26,5,-4,-340,2861
(30.188)[I]: [5],0,15,96,15,-3,-247,653(30.188)[I]: [6],0,17,26,5,-4,-340,2861
(30.198)[I]: [5],0,15,96,15,-3,-247,653(30.198)[I]: [6],0,17,26,5,-4,-340,2861
(30.208)[I]: [5],0,15,96,15,-3,-247,653(30.208)[I]: [6],0,17,26,5,-4,-340,2861
(30.218)[I]: [5],0,15,96,15,-3,-247,653(30.218)[I]: [6],0,17,26,5,-4,-340,2861
(30.228)[I]: [5],0,15,96,15,-3,-247,653(30.228)[I]: [6],0,17,26,5,-4,-340,2861
(30.238)[I]: [5],0,15,92,15,-3,-247,653(30.238)[I]: [6],0,17,26,5,-4,-340,2861
(30.248)[I]: [5],0,15,96,15,-2,-247,653(30.248)[I]: [6],0,17,26,5,-4,-340,2861
(30.258)[I]: [5],0,15,92,15,-2,-247,653(30.258)[I]: [6],0,17,26,5,-4,-340,2861
(30.268)[I]: [5],0,15,96,15,-2,-247,653(30.268)[I]: [6],0,17,26,5,-4,-340,2861
(30.278)[I]: [5],0,15,92,15,-2,-247,653(30.278)[I]: [6],0,17,27,5,-4,-340,2861
(30.288)[I]: [5],0,15,96,15,-2,-246,653(30.288)[I]: [6],0,17,27,5,-4,-340,2861
(30.298)[I]: [5],0,15,96,15,-2,-247,653(30.298)[I]: [6],0,17,26,5,-4,-340,2861
(30.308)[I]: [5],0,15,96,15,-2,-246,653(30.308)[I]: [6],0,17,26,5,-4,-340,2861
(30.318)[I]: [5],0,15,96,15,-2,-247,653(30.318)[I]: [6],0,17,26,5,-4,-340,2861
(30.328)[I]: [5],0,15,96,16,-2,-247,653(30.328)[I]: [6],0,17,26,5,-4,-340,2861
(30.338)[I]: [5],0,15,96,16,-2,-247,653(30.338)[I]: [6],0,17,26,5,-4,-340,2861
(30.348)[I]: [5],0,15,92,16,-2,-247,653(30.348)[I]: [6],0,17,24,5,-4,-340,2861
(30.358)[I]: [5],0,15,96,17,-2,-248,653(30.358)[I]: [6],0,15,24,5,-3,-340,2861
(30.368)[I]: [5],0,15,96,18,-2,-248,653(30.368)[I]: [6],0,15,23,4,-3,-340,2861
(30.378)[I]: [5],0,15,96,18,-2,-248,653(30.378)[I]: [6],0,15,23,4,-3,-340,2861
(30.388)[I]: [5],0,15,96,19,-2,-247,653(30.388)[I]: [6],0,15,22,4,-3,-340,2861
(30.398)[I]: [5],0,14,92,20,-2,-248,653(30.398)[I]: [6],0,14,22,4,-3,-340,2861
(30.408)[I]: [5],0,14,96,21,-2,-247,653(30.408)[I]: [6],0,14,22,4,-3,-339,2861
(30.418)[I]: [5],0,14,96,21,-2,-247,653(30.418)[I]: [6],0,13,21,3,-3,-340,2861
(30.428)[I]: [5],0,13,96,22,-2,-247,653(30.428)[I]: [6],0,13,21,5,-3,-339,2861
(30.438)[I]: [5],0,12,96,23,-2,-247,653(30.438)[I]: [6],0,13,19,4,-3,-340,2861
(30.448)[I]: [5],0,12,96,24,-2,-247,653(30.448)[I]: [6],0,12,19,4,-3,-340,2861
(30.458)[I]: [5],0,10,96,27,-2,-246,653(30.458)[I]: [6],0,12,17,4,-3,-340,2861
(30.468)[I]: [5],0,10,96,28,-2,-247,653(30.468)[I]: [6],0,12,17,4,-3,-340,2861
(30.478)[I]: [5],0,10,96,28,-2,-246,653(30.478)[I]: [6],0,11,15,4,-3,-340,2861
(30.488)[I]: [5],0,10,96,30,-2,-246,653(30.488)[I]: [6],0,11,15,4,-3,-340,2861
(30.498)[I]: [5],0,10,96,31,-2,-245,653(30.498)[I]: [6],0,10,13,4,-3,-340,2861
(30.508)[I]: [5],0,10,96,31,-2,-245,653(30.508)[I]: [6],0,10,11,4,-3,-340,2861
(30.518)[I]: [5],0,9,100,31,-2,-244,653(30.518)[I]: [6],0,10,11,4,-3,-340,2861
(30.528)[I]: [5],0,9,100,31,-2,-243,653(30.528)[I]: [6],0,10,11,4,-3,-340,2861
(30.538)[I]: [5],0,9,100,31,-2,-243,653(30.538)[I]: [6],0,9,10,4,-3,-340,2861
(30.548)[I]: [5],0,9,100,32,-2,-242,653(30.548)[I]: [6],0,10,10,4,-3,-340,2861
(30.558)[I]: [5],0,9,104,31,-2,-242,653(30.558)[I]: [6],0,11,9,4,-3,-340,2861
(30.568)[I]: [5],0,9,104,31,-2,-242,653(30.568)[I]: [6],0,10,9,4,-3,-340,2861
(30.578)[I]: [5],0,9,104,30,-2,-241,653(30.578)[I]: [6],0,10,9,4,-3,-340,2861
(30.588)[I]: [5],0,10,108,30,-2,-241,653(30.588)[I]: [6],0,9,9,4,-3,-340,2861
(30.598)[I]: [5],0,10,112,31,-2,-240,653(30.598)[I]: [6],0,8,9,4,-3,-340,2861
(30.608)[I]: [5],0,10,116,28,-2,-240,653(30.608)[I]: [6],0,8,9,4,-3,-340,2861
(30.618)[I]: [5],0,10,116,27,-2,-240,653(30.618)[I]: [6],0,8,9,3,-3,-340,2861
(30.628)[I]: [5],0,10,116,27,-2,-239,653(30.628)[I]: [6],0,8,9,4,-3,-340,2861
(30.638)[I]: [5],0,10,120,25,-2,-238,653(30.638)[I]: [6],0,9,9,4,-3,-339,2861
(30.648)[I]: [5],0,10,120,23,-2,-237,653(30.648)[I]: [6],0,9,8,4,-2,-339,2861
(30.658)[I]: [5],0,11,120,22,-1,-236,653(30.658)[I]: [6],0,9,8,4,-2,-339,2861
(30.668)[I]: [5],0,11,124,21,-1,-235,653(30.668)[I]: [6],0,8,9,4,-2,-339,2861
(30.678)[I]: [5],0,13,124,20,-1,-235,653(30.678)[I]: [6],0,8,9,4,-2,-339,2861
(30.688)[I]: [5],0,14,124,20,-1,-235,653(30.688)[I]: [6],0,9,10,5,-2,-339,2861
(30.698)[I]: [5],0,15,124,19,-1,-234,653(30.698)[I]: [6],0,9,10,5,-2,-339,2861
(30.708)[I]: [5],0,15,120,17,-2,-238,658(30.708)[I]: [6],0,9,11,6,-2,-339,2861
(30.718)[I]: [5],0,15,124,16,-2,-238,658(30.718)[I]: [6],0,9,11,5,-2,-339,2861
(30.728)[I]: [5],0,17,124,15,-2,-239,660(30.728)[I]: [6],0,9,11,7,-2,-338,2861
(30.738)[I]: [5],0,20,124,13,-2,-240,663(30.738)[I]: [6],0,9,11,7,-2,-338,2861
(30.748)[I]: [5],0,24,124,11,-2,-241,666(30.748)[I]: [6],0,9,10,8,-2,-338,2861
(30.758)[I]: [5],0,28,120,10,-3,-244,674(30.758)[I]: [6],0,10,11,8,-2,-338,2861
(30.768)[I]: [5],0,30,116,8,-3,-247,682(30.768)[I]: [6],0,10,11,9,-2,-339,2861
(30.778)[I]: [5],0,31,112,5,-3,-247,698(30.778)[I]: [6],0,10,13,10,-2,-339,2861
(30.788)[I]: [5],0,30,112,4,-4,-247,718(30.788)[I]: [6],0,11,14,13,-2,-340,2861
(30.798)[I]: [5],0,30,108,1,-5,-245,742(30.798)[I]: [6],0,10,15,14,-2,-337,2860
(30.808)[I]: [5],0,31,100,0,-7,-243,772(30.808)[I]: [6],0,12,19,16,-2,-337,2860
(30.818)[I]: [5],3,30,92,0,-7,-255,801(30.818)[I]: [6],0,14,22,18,-2,-334,2859
(30.828)[I]: [5],3,30,80,0,-10,-267,868(30.828)[I]: [6],0,14,23,20,-2,-333,2859
(30.838)[I]: [5],4,28,72,0,-14,-284,969(30.838)[I]: [6],0,13,25,23,-2,-332,2859
(30.848)[I]: [5],5,22,52,0,-16,-307,1091(30.848)[I]: [6],0,13,27,26,-2,-332,2859
(30.858)[I]: [5],5,18,32,0,-17,-315,1226(30.858)[I]: [6],0,13,29,28,-2,-331,2859
(30.868)[I]: [5],4,15,24,0,-19,-292,1377(30.868)[I]: [6],0,14,29,31,-2,-331,2859
(30.878)[I]: [5],5,8,32,0,-27,-261,1535(30.878)[I]: [6],0,15,30,31,-2,-330,2859
(30.888)[I]: [5],2,9,28,0,-42,-237,1704(30.888)[I]: [6],0,15,31,31,-2,-330,2859
(30.898)[I]: [5],3,7,32,0,-57,-220,1883(30.898)[I]: [6],0,16,36,34,-2,-329,2859
(30.908)[I]: [5],5,5,24,0,-77,-211,2064(30.908)[I]: [6],0,18,38,35,-2,-329,2859
(30.918)[I]: [5],3,3,20,0,-103,-223,2236(30.918)[I]: [6],0,17,37,37,-2,-329,2859
(30.928)[I]: [5],3,2,24,0,-134,-251,2379(30.928)[I]: [6],0,17,43,38,-2,-328,2859
(30.938)[I]: [5],0,3,24,0,-166,-296,2481(30.938)[I]: [6],0,16,42,36,-2,-328,2859
(30.948)[I]: [5],0,2,24,0,-197,-349,2548(30.948)[I]: [6],0,17,41,35,-2,-327,2859
(30.958)[I]: [5],0,2,24,0,-223,-405,2579(30.958)[I]: [6],0,19,42,37,-2,-327,2859
(30.968)[I]: [5],0,3,24,0,-246,-445,2572(30.968)[I]: [6],0,19,43,35,-2,-326,2859
(30.978)[I]: [5],0,3,24,0,-273,-469,2543(30.978)[I]: [6],0,19,42,35,-2,-326,2859
(30.988)[I]: [5],0,3,24,0,-304,-476,2497(30.988)[I]: [6],0,19,40,34,-2,-325,2859
(30.998)[I]: [5],0,3,28,0,-343,-466,2435(30.998)[I]: [6],0,20,41,31,-2,-326,2859
(30.999)[I]: [5],0,2,28,0,-385,-442,2357(30.999)[I]: [6],0,20,40,31,-2,-326,2859
(30.999)[I]: [5],0,3,20,0,-430,-410,2259(30.999)[I]: [6],0,20,40,31,-2,-326,2859
(31.004)[I]: [5],0,3,16,0,-476,-375,2144(31.004)[I]: [6],0,21,41,31,-2,-326,2859
(31.014)[I]: [5],0,3,20,0,-518,-342,2015(31.014)[I]: [6],0,21,41,30,-2,-326,2859
(31.024)[I]: [5],0,3,12,0,-556,-309,1873(31.024)[I]: [6],0,21,42,31,-2,-326,2859
(31.034)[I]: [5],0,3,12,0,-587,-277,1722(31.034)[I]: [6],0,21,43,30,-2,-326,2859
(31.044)[I]: [5],0,3,12,0,-611,-245,1565(31.044)[I]: [6],0,21,42,30,-2,-326,2859
(31.054)[I]: [5],0,3,8,0,-628,-212,1405(31.054)[I]: [6],0,21,43,30,-2,-325,2859
(31.064)[I]: [5],0,3,12,0,-637,-177,1240(31.064)[I]: [6],0,20,43,30,-2,-325,2859
(31.074)[I]: [5],0,3,8,0,-638,-135,1075(31.074)[I]: [6],0,20,43,30,-2,-324,2859
(31.084)[I]: [5],0,3,4,0,-632,-92,913(31.084)[I]: [6],0,20,51,29,-2,-324,2859
(31.094)[I]: [5],0,3,4,0,-620,-45,755(31.094)[I]: [6],0,21,53,30,-2,-324,2859
(31.104)[I]: [5],0,3,4,0,-602,1,602(31.104)[I]: [6],0,21,54,31,-2,-324,2859
(31.114)[I]: [5],0,3,4,0,-580,47,449(31.114)[I]: [6],0,22,55,31,-2,-324,2859
(31.124)[I]: [5],0,3,4,0,-556,92,297(31.124)[I]: [6],0,22,55,31,-2,-324,2859
(31.134)[I]: [5],0,3,4,0,-530,128,146(31.134)[I]: [6],0,22,57,31,-2,-324,2859
(31.144)[I]: [5],0,3,4,0,-500,156,-6(31.144)[I]: [6],0,23,57,31,-2,-324,2859
(31.154)[I]: [5],0,3,4,0,-471,175,-158(31.154)[I]: [6],0,23,60,31,-1,-323,2859
(31.164)[I]: [5],0,3,4,0,-442,187,-308(31.164)[I]: [6],0,24,59,31,-1,-323,2859
(31.174)[I]: [5],0,3,4,0,-412,191,-453(31.174)[I]: [6],0,25,61,30,-1,-323,2859
(31.184)[I]: [5],0,3,4,0,-385,190,-595(31.184)[I]: [6],0,26,63,29,-1,-323,2859
(31.194)[I]: [5],0,3,4,0,-358,186,-731(31.194)[I]: [6],0,28,60,28,-1,-323,2859
(31.204)[I]: [5],0,3,0,0,-334,184,-860(31.204)[I]: [6],0,29,62,26,-1,-323,2859
(31.214)[I]: [5],0,3,0,0,-311,185,-980(31.214)[I]: [6],0,31,62,22,-1,-323,2859
(31.224)[I]: [5],0,3,0,0,-289,190,-1091(31.224)[I]: [6],0,31,70,19,-1,-324,2859
(31.234)[I]: [5],0,3,0,0,-267,199,-1195(31.234)[I]: [6],0,33,71,17,-1,-324,2859
(31.244)[I]: [5],0,4,0,0,-245,209,-1292(31.244)[I]: [6],0,35,73,14,-1,-323,2859
(31.254)[I]: [5],0,4,0,0,-223,218,-1383(31.254)[I]: [6],0,37,75,13,-1,-324,2855
(31.264)[I]: [5],0,4,4,0,-201,226,-1464(31.264)[I]: [6],0,39,75,10,0,-325,2849
(31.274)[I]: [5],0,4,0,0,-178,236,-1531(31.274)[I]: [6],0,45,79,11,0,-326,2842
(31.284)[I]: [5],0,4,0,0,-154,251,-1583(31.284)[I]: [6],0,52,87,6,1,-329,2834
(31.294)[I]: [5],0,4,0,0,-130,267,-1621(31.294)[I]: [6],0,56,94,5,2,-331,2825
(31.304)[I]: [5],0,3,0,0,-105,277,-1645(31.304)[I]: [6],0,63,97,3,3,-335,2816
(31.314)[I]: [5],0,4,0,0,-79,278,-1659(31.314)[I]: [6],0,70,103,2,4,-337,2805
(31.324)[I]: [5],0,4,0,0,-52,270,-1663(31.324)[I]: [6],0,75,111,1,5,-341,2794
(31.334)[I]: [5],0,4,0,0,-22,256,-1657(31.334)[I]: [6],0,81,114,1,7,-345,2781
(31.344)[I]: [5],0,4,0,0,9,237,-1643(31.344)[I]: [6],0,86,115,1,8,-351,2768
(31.354)[I]: [5],0,3,0,0,45,216,-1623(31.354)[I]: [6],0,93,119,1,10,-356,2756
(31.364)[I]: [5],0,4,4,0,84,196,-1596(31.364)[I]: [6],1,100,122,0,11,-359,2741
(31.374)[I]: [5],1,3,4,1,128,175,-1445(31.374)[I]: [6],2,110,125,0,14,-363,2714
(31.384)[I]: [5],0,3,4,4,153,98,-1278(31.384)[I]: [6],3,123,127,0,17,-369,2680
(31.394)[I]: [5],0,3,4,7,160,-18,-1058(31.394)[I]: [6],4,133,131,0,20,-384,2643
(31.404)[I]: [5],0,3,4,10,153,-156,-837(31.404)[I]: [6],6,144,131,0,23,-393,2577
(31.414)[I]: [5],0,2,4,13,151,-253,-635(31.414)[I]: [6],10,153,112,0,28,-401,2492
(31.424)[I]: [5],0,3,4,15,160,-323,-435(31.424)[I]: [6],13,169,101,0,33,-409,2392
(31.434)[I]: [5],0,1,8,19,182,-361,-243(31.434)[I]: [6],21,174,97,0,40,-404,2275
(31.444)[I]: [5],0,1,8,23,207,-369,-65(31.444)[I]: [6],27,174,72,0,48,-395,2137
(31.454)[I]: [5],0,2,12,25,232,-369,98(31.454)[I]: [6],34,176,51,0,54,-387,1982
(31.464)[I]: [5],0,2,8,28,254,-370,237(31.464)[I]: [6],35,170,42,0,55,-366,1812
(31.474)[I]: [5],0,2,8,31,274,-349,341(31.474)[I]: [6],47,162,22,0,66,-316,1612
(31.484)[I]: [5],0,2,12,35,287,-321,413(31.484)[I]: [6],54,150,11,0,86,-282,1388
(31.494)[I]: [5],1,2,16,38,287,-294,469(31.494)[I]: [6],58,138,11,0,107,-276,1143
(31.504)[I]: [5],1,2,20,42,280,-276,517(31.504)[I]: [6],63,108,11,0,131,-261,866
(31.514)[I]: [5],0,2,24,50,274,-264,558(31.514)[I]: [6],63,84,9,0,171,-224,552
(31.524)[I]: [5],0,2,40,54,274,-252,593(31.524)[I]: [6],82,52,10,0,233,-192,206
(31.534)[I]: [5],0,2,48,57,274,-247,615(31.534)[I]: [6],92,47,12,0,305,-197,-156
(31.544)[I]: [5],0,3,60,66,273,-243,632(31.544)[I]: [6],79,31,11,0,352,-242,-552
(31.554)[I]: [5],0,3,60,75,272,-239,643(31.554)[I]: [6],61,24,7,0,398,-284,-980
(31.564)[I]: [5],0,3,68,80,269,-238,647(31.564)[I]: [6],48,19,6,0,462,-293,-1424
(31.574)[I]: [5],0,3,60,88,268,-236,653(31.574)[I]: [6],34,18,3,0,533,-283,-1856
(31.584)[I]: [5],0,3,60,90,265,-236,653(31.584)[I]: [6],23,12,2,0,619,-238,-2288
(31.594)[I]: [5],0,5,60,95,263,-235,653(31.594)[I]: [6],4,7,1,0,714,-175,-2702
(31.604)[I]: [5],0,5,60,96,260,-235,653(31.604)[I]: [6],0,6,0,0,814,-117,-3073
(31.614)[I]: [5],0,6,60,95,257,-234,653(31.614)[I]: [6],0,2,0,0,921,-98,-3377
(31.624)[I]: [5],0,6,72,95,255,-234,653(31.624)[I]: [6],0,3,0,0,1026,-170,-3536
(31.634)[I]: [5],0,6,68,91,252,-234,653(31.634)[I]: [6],0,2,0,0,1101,-232,-3543
(31.644)[I]: [5],0,6,60,88,250,-234,653(31.644)[I]: [6],0,1,0,0,1132,-294,-3382
(31.654)[I]: [5],0,6,72,87,247,-233,653(31.654)[I]: [6],0,3,0,0,1131,-360,-3130
(31.664)[I]: [5],0,6,72,86,245,-234,653(31.664)[I]: [6],0,3,0,0,1118,-422,-2835
(31.674)[I]: [5],0,5,64,80,242,-233,653(31.674)[I]: [6],0,3,0,0,1101,-497,-2538
(31.684)[I]: [5],0,5,76,74,240,-232,653(31.684)[I]: [6],0,3,0,0,1084,-589,-2261
(31.694)[I]: [5],0,6,80,70,238,-231,653(31.694)[I]: [6],0,3,0,0,1080,-680,-2012
(31.704)[I]: [5],0,7,76,66,235,-229,652(31.704)[I]: [6],0,3,0,0,1078,-764,-1791
(31.714)[I]: [5],0,8,76,62,233,-228,652(31.714)[I]: [6],0,3,0,0,1075,-834,-1584
(31.724)[I]: [5],0,8,80,57,231,-227,652(31.724)[I]: [6],0,3,0,0,1065,-887,-1376
(31.734)[I]: [5],0,7,80,55,228,-228,655(31.734)[I]: [6],0,3,0,0,1046,-914,-1155
(31.744)[I]: [5],0,10,84,51,226,-231,656(31.745)[I]: [6],0,3,0,0,1014,-915,-916
(31.754)[I]: [5],0,10,88,50,223,-231,656(31.754)[I]: [6],0,3,0,0,969,-894,-658
(31.764)[I]: [5],0,11,88,44,220,-232,659(31.764)[I]: [6],0,3,0,0,908,-857,-384
(31.774)[I]: [5],0,13,96,39,217,-233,661(31.774)[I]: [6],0,2,0,0,839,-808,-98
(31.784)[I]: [5],0,15,96,36,214,-237,666(31.785)[I]: [6],0,2,0,0,764,-753,194
(31.794)[I]: [5],0,17,108,28,212,-236,666(31.795)[I]: [6],0,2,0,0,692,-695,488
(31.804)[I]: [5],0,18,104,28,209,-239,671(31.805)[I]: [6],0,2,0,0,626,-636,780
(31.814)[I]: [5],0,22,112,26,207,-243,675(31.815)[I]: [6],0,3,0,0,572,-574,1066
(31.824)[I]: [5],0,27,112,23,204,-244,677(31.825)[I]: [6],0,3,0,0,535,-511,1339
(31.834)[I]: [5],0,30,120,20,202,-249,682(31.835)[I]: [6],0,3,0,0,517,-446,1599
(31.844)[I]: [5],0,31,124,19,200,-249,682(31.845)[I]: [6],0,3,0,0,519,-379,1840
(31.854)[I]: [5],0,31,124,17,198,-251,684(31.855)[I]: [6],0,3,0,0,537,-313,2061
(31.864)[I]: [5],0,34,124,17,195,-254,686(31.865)[I]: [6],0,3,0,0,561,-250,2262
(31.874)[I]: [5],0,37,132,15,193,-256,688(31.875)[I]: [6],0,2,0,0,584,-197,2451
(31.884)[I]: [5],2,41,124,14,191,-256,688(31.885)[I]: [6],0,2,0,0,600,-155,2642
(31.894)[I]: [5],3,44,144,13,188,-257,690(31.895)[I]: [6],0,2,0,0,607,-127,2849
(31.904)[I]: [5],3,47,140,13,186,-260,695(31.905)[I]: [6],0,1,0,0,609,-110,3083
(31.914)[I]: [5],4,48,156,13,184,-265,702(31.915)[I]: [6],0,0,0,0,609,-94,3339
(31.924)[I]: [5],7,54,152,10,181,-268,711(31.925)[I]: [6],0,0,0,0,612,-73,3600
(31.934)[I]: [5],9,62,160,7,179,-270,722(31.935)[I]: [6],0,1,0,0,618,-50,3848
(31.944)[I]: [5],11,63,168,6,176,-273,737(31.945)[I]: [6],0,0,0,0,621,-25,4075
(31.954)[I]: [5],13,79,176,5,174,-276,755(31.955)[I]: [6],0,0,0,0,616,-2,4287
(31.964)[I]: [5],20,92,168,2,170,-280,778(31.965)[I]: [6],0,1,0,0,592,14,4496
(31.974)[I]: [5],26,106,184,1,167,-286,809(31.975)[I]: [6],0,1,0,0,557,37,4707
(31.984)[I]: [5],31,122,188,0,164,-296,846(31.985)[I]: [6],0,0,0,0,504,48,4913
(31.994)[I]: [5],41,139,188,0,159,-314,888(31.995)[I]: [6],0,0,0,0,436,49,5109
(31.999)[I]: [5],53,153,196,0,154,-353,939(31.999)[I]: [6],0,2,0,0,363,52,5269
(31.999)[I]: [5],61,174,188,0,149,-414,1000(31.999)[I]: [6],0,2,0,0,283,34,5285
(32.000)[I]: [5],71,192,200,0,144,-432,1084(32.000)[I]: [6],0,2,0,0,188,1,5226
(32.010)[I]: [5],79,205,140,0,139,-442,1183(32.011)[I]: [6],0,3,0,1,105,-57,5059
(32.020)[I]: [5],89,215,124,0,137,-452,1289(32.021)[I]: [6],0,1,0,2,36,-120,4793
(32.030)[I]: [5],89,210,116,0,134,-454,1411(32.031)[I]: [6],0,2,0,5,-7,-197,4516
(32.040)[I]: [5],99,207,92,0,134,-446,1554(32.041)[I]: [6],0,0,0,9,-34,-224,4232
(32.050)[I]: [5],105,201,76,0,134,-429,1719(32.051)[I]: [6],0,0,1,15,-52,-260,3983
(32.060)[I]: [5],113,177,56,0,137,-406,1910(32.061)[I]: [6],0,0,2,21,-65,-270,3736
(32.070)[I]: [5],109,142,52,0,137,-383,2138(32.071)[I]: [6],0,0,2,28,-79,-270,3524
(32.080)[I]: [5],96,105,36,0,133,-367,2402(32.081)[I]: [6],0,0,2,36,-79,-295,3359
(32.090)[I]: [5],86,83,40,0,120,-338,2707(32.090)[I]: [6],0,0,2,45,-59,-314,3232
(32.100)[I]: [5],66,43,32,0,96,-294,3058(32.101)[I]: [6],0,0,3,49,-49,-329,3139
(32.110)[I]: [5],60,24,44,0,58,-245,3446(32.110)[I]: [6],0,0,8,52,-47,-333,3067
(32.120)[I]: [5],55,14,40,0,13,-192,3858(32.121)[I]: [6],0,0,16,57,-54,-335,3013
(32.130)[I]: [5],61,13,36,0,-42,-119,4282(32.130)[I]: [6],0,1,17,58,-54,-342,2972
(32.140)[I]: [5],66,7,24,0,-99,-67,4723(32.140)[I]: [6],0,2,23,58,-51,-345,2942
(32.150)[I]: [5],57,7,12,0,-143,-58,5185(32.150)[I]: [6],0,3,24,57,-50,-346,2924
(32.160)[I]: [5],35,8,12,0,-211,-49,5619(32.160)[I]: [6],0,5,29,61,-52,-348,2915
(32.170)[I]: [5],13,7,12,0,-282,-56,6023(32.170)[I]: [6],0,3,36,62,-51,-350,2911
(32.180)[I]: [5],4,4,8,0,-368,-72,6416(32.180)[I]: [6],0,5,35,63,-51,-350,2911
(32.190)[I]: [5],0,3,4,0,-464,-145,6762(32.190)[I]: [6],0,4,36,62,-50,-350,2911
(32.200)[I]: [5],0,3,8,0,-554,-276,7056(32.200)[I]: [6],0,5,39,58,-50,-350,2911
(32.210)[I]: [5],0,3,8,0,-620,-371,7186(32.210)[I]: [6],0,5,38,54,-49,-350,2911
(32.220)[I]: [5],0,2,12,0,-652,-428,7173(32.220)[I]: [6],0,6,36,48,-49,-350,2911
(32.230)[I]: [5],0,4,12,0,-660,-477,7039(32.230)[I]: [6],0,5,37,44,-48,-350,2911
(32.240)[I]: [5],0,4,8,0,-653,-505,6837(32.240)[I]: [6],0,5,37,38,-48,-350,2911
(32.250)[I]: [5],0,3,8,0,-640,-531,6604(32.250)[I]: [6],0,6,39,31,-47,-350,2911
(32.260)[I]: [5],0,4,8,0,-629,-559,6365(32.260)[I]: [6],0,6,38,29,-47,-349,2911
(32.270)[I]: [5],0,4,8,0,-624,-587,6128(32.270)[I]: [6],0,7,40,27,-46,-347,2911
(32.280)[I]: [5],0,4,8,0,-625,-612,5896(32.280)[I]: [6],0,7,41,23,-46,-346,2911
(32.290)[I]: [5],0,3,8,0,-632,-633,5662(32.290)[I]: [6],0,7,41,18,-44,-348,2909
(32.300)[I]: [5],0,3,8,0,-645,-646,5423(32.300)[I]: [6],0,9,40,18,-42,-352,2904
(32.310)[I]: [5],0,3,4,0,-662,-649,5173(32.310)[I]: [6],0,15,45,15,-40,-356,2899
(32.320)[I]: [5],0,3,4,0,-679,-644,4908(32.320)[I]: [6],0,15,43,15,-38,-359,2893
(32.330)[I]: [5],0,3,4,0,-696,-630,4626(32.330)[I]: [6],0,17,41,16,-36,-361,2886
(32.340)[I]: [5],0,3,4,0,-711,-607,4327(32.340)[I]: [6],0,20,45,15,-34,-364,2881
(32.350)[I]: [5],0,3,4,0,-723,-578,4010(32.350)[I]: [6],0,21,50,15,-33,-364,2878
(32.360)[I]: [5],0,3,4,0,-733,-544,3672(32.360)[I]: [6],0,26,50,11,-29,-368,2872
(32.370)[I]: [5],0,3,4,0,-741,-503,3314(32.370)[I]: [6],0,26,51,10,-27,-372,2866
(32.380)[I]: [5],0,4,4,0,-748,-462,2937(32.380)[I]: [6],0,28,48,7,-24,-375,2860
(32.390)[I]: [5],0,5,4,0,-759,-417,2551(32.390)[I]: [6],0,31,47,9,-21,-379,2855
(32.400)[I]: [5],0,5,4,0,-775,-378,2169(32.400)[I]: [6],0,31,54,8,-19,-381,2849
(32.410)[I]: [5],2,5,4,0,-801,-342,1808(32.410)[I]: [6],0,37,58,5,-17,-383,2844
(32.420)[I]: [5],3,4,4,0,-838,-304,1480(32.420)[I]: [6],0,42,57,4,-15,-385,2838
(32.430)[I]: [5],2,4,4,0,-884,-259,1191(32.430)[I]: [6],0,46,55,3,-14,-389,2830
(32.440)[I]: [5],2,4,4,0,-933,-207,937(32.440)[I]: [6],0,51,67,3,-13,-394,2820
(32.450)[I]: [5],2,4,4,0,-982,-145,705(32.450)[I]: [6],0,60,79,3,-11,-398,2810
(32.460)[I]: [5],2,5,4,0,-1029,-71,473(32.460)[I]: [6],0,67,81,3,-10,-404,2800
(32.470)[I]: [5],2,4,4,0,-1074,10,224(32.470)[I]: [6],0,71,85,1,-9,-408,2792
(32.480)[I]: [5],3,4,4,0,-1114,88,-38(32.480)[I]: [6],0,79,86,1,-6,-411,2785
(32.490)[I]: [5],3,5,0,0,-1143,153,-300(32.490)[I]: [6],0,80,83,1,-5,-413,2777
(32.500)[I]: [5],3,5,0,0,-1151,205,-545(32.500)[I]: [6],0,86,85,0,-4,-415,2770
(32.510)[I]: [5],3,5,0,0,-1135,248,-770(32.510)[I]: [6],0,92,83,0,-2,-416,2763
(32.520)[I]: [5],3,5,0,0,-1096,286,-980(32.520)[I]: [6],1,103,87,0,0,-420,2752
(32.530)[I]: [5],3,5,0,0,-1040,312,-1192(32.530)[I]: [6],2,115,86,0,2,-435,2737
(32.540)[I]: [5],2,4,4,0,-968,317,-1409(32.540)[I]: [6],4,125,88,0,6,-471,2711
(32.550)[I]: [5],2,4,4,0,-879,294,-1621(32.550)[I]: [6],6,139,85,0,11,-513,2677
(32.560)[I]: [5],2,4,4,0,-770,248,-1818(32.560)[I]: [6],7,152,85,0,16,-554,2645
(32.570)[I]: [5],2,4,0,0,-643,190,-1998(32.570)[I]: [6],12,171,88,0,19,-595,2609
(32.580)[I]: [5],2,4,0,0,-506,126,-2156(32.580)[I]: [6],15,187,74,0,24,-619,2563
(32.590)[I]: [5],1,4,0,0,-365,70,-2286(32.590)[I]: [6],23,208,70,0,28,-630,2503
(32.600)[I]: [5],1,4,0,0,-230,32,-2380(32.600)[I]: [6],31,232,52,0,33,-644,2434
(32.610)[I]: [5],2,4,0,0,-111,18,-2421(32.610)[I]: [6],40,248,51,0,37,-651,2357
(32.620)[I]: [5],3,4,4,2,-10,34,-2193(32.620)[I]: [6],49,266,39,0,41,-645,2271
(32.630)[I]: [5],2,2,0,9,56,-57,-1857(32.630)[I]: [6],63,279,31,0,46,-630,2173
(32.640)[I]: [5],0,3,4,13,84,-185,-1499(32.640)[I]: [6],70,287,26,0,53,-611,2060
(32.650)[I]: [5],0,3,4,17,87,-328,-1159(32.650)[I]: [6],82,281,16,0,64,-595,1922
(32.660)[I]: [5],0,2,8,25,83,-409,-856(32.660)[I]: [6],92,262,13,0,69,-575,1752
(32.670)[I]: [5],0,2,8,41,89,-466,-586(32.670)[I]: [6],104,225,9,0,82,-532,1542
(32.680)[I]: [5],1,2,8,69,107,-456,-347(32.680)[I]: [6],115,190,3,0,111,-497,1296
(32.690)[I]: [5],0,1,8,86,130,-445,-129(32.690)[I]: [6],119,159,7,0,149,-476,1027
(32.700)[I]: [5],2,2,8,109,154,-417,48(32.700)[I]: [6],108,115,6,0,198,-441,723
(32.710)[I]: [5],2,1,12,115,170,-377,178(32.711)[I]: [6],95,80,8,0,270,-389,373
(32.720)[I]: [5],2,2,12,120,166,-338,266(32.721)[I]: [6],96,55,13,0,358,-357,-16
(32.730)[I]: [5],2,2,12,115,145,-304,333(32.731)[I]: [6],84,41,8,0,425,-357,-447
(32.740)[I]: [5],1,2,24,114,130,-279,393(32.741)[I]: [6],60,35,5,0,482,-355,-915
(32.750)[I]: [5],0,2,44,110,124,-248,450(32.751)[I]: [6],55,27,1,0,556,-318,-1404
(32.760)[I]: [5],1,3,68,101,128,-230,500(32.761)[I]: [6],45,14,3,0,633,-282,-1873
(32.770)[I]: [5],0,1,84,98,130,-221,534(32.770)[I]: [6],22,9,0,0,725,-242,-2344
(32.780)[I]: [5],0,1,104,95,131,-216,558(32.780)[I]: [6],7,6,0,0,827,-204,-2804
(32.790)[I]: [5],0,3,116,92,131,-215,575(32.790)[I]: [6],0,6,0,0,937,-158,-3229
(32.800)[I]: [5],0,3,124,95,130,-218,580(32.800)[I]: [6],0,5,0,0,1057,-132,-3595
(32.810)[I]: [5],0,2,124,96,129,-219,583(32.811)[I]: [6],0,1,0,0,1177,-175,-3861
(32.820)[I]: [5],0,2,124,95,128,-219,583(32.820)[I]: [6],0,4,0,0,1267,-228,-4003
(32.830)[I]: [5],0,3,132,95,127,-219,583(32.830)[I]: [6],0,4,0,0,1322,-252,-3962
(32.840)[I]: [5],0,3,124,89,125,-220,583(32.840)[I]: [6],0,3,0,0,1333,-276,-3808
(32.850)[I]: [5],0,2,124,80,124,-220,583(32.851)[I]: [6],0,3,0,0,1309,-300,-3584
(32.860)[I]: [5],0,3,132,77,123,-220,583(32.860)[I]: [6],0,2,0,0,1258,-327,-3323
(32.870)[I]: [5],0,2,124,71,122,-220,583(32.871)[I]: [6],0,1,0,0,1200,-362,-3055
(32.880)[I]: [5],0,3,124,70,120,-219,583(32.880)[I]: [6],0,2,0,0,1143,-404,-2791
(32.890)[I]: [5],0,3,124,57,119,-218,583(32.890)[I]: [6],0,2,0,0,1090,-455,-2540
(32.900)[I]: [5],0,4,124,50,118,-217,583(32.900)[I]: [6],0,2,0,0,1047,-506,-2299
(32.910)[I]: [5],0,4,132,46,117,-218,583(32.910)[I]: [6],0,3,0,0,1007,-552,-2061
(32.920)[I]: [5],0,3,136,34,116,-216,583(32.920)[I]: [6],0,3,0,0,969,-591,-1816
(32.930)[I]: [5],0,3,140,28,114,-214,586(32.930)[I]: [6],0,3,0,0,931,-623,-1552
(32.940)[I]: [5],0,3,140,27,113,-212,586(32.940)[I]: [6],0,2,0,0,888,-644,-1267
(32.950)[I]: [5],0,4,148,20,111,-212,588(32.950)[I]: [6],0,2,0,0,840,-658,-964
(32.960)[I]: [5],0,5,152,19,108,-213,591(32.960)[I]: [6],0,2,0,0,787,-662,-646
(32.970)[I]: [5],0,6,156,17,107,-212,591(32.970)[I]: [6],0,2,1,0,730,-658,-323
(32.980)[I]: [5],0,5,160,14,106,-214,593(32.980)[I]: [6],0,2,0,0,673,-642,0
(32.990)[I]: [5],0,6,160,15,105,-213,593(32.990)[I]: [6],0,2,0,0,617,-615,313
(32.999)[I]: [5],0,8,164,15,104,-213,593(32.999)[I]: [6],0,2,0,0,560,-577,612
(32.999)[I]: [5],0,9,172,15,103,-213,593(32.999)[I]: [6],0,2,0,0,508,-528,897
(32.999)[I]: [5],0,9,172,13,102,-213,593(32.999)[I]: [6],0,3,0,0,456,-470,1167
(33.006)[I]: [5],0,10,172,15,101,-213,593(33.006)[I]: [6],0,2,0,0,409,-406,1425
(33.016)[I]: [5],0,11,172,13,100,-213,593(33.016)[I]: [6],0,2,0,0,372,-339,1673
(33.026)[I]: [5],0,15,180,14,99,-214,593(33.026)[I]: [6],0,1,0,0,351,-274,1914
(33.036)[I]: [5],0,20,176,13,98,-214,593(33.036)[I]: [6],0,1,0,0,349,-214,2158
(33.046)[I]: [5],0,22,180,13,97,-214,593(33.046)[I]: [6],0,1,0,0,367,-158,2413
(33.056)[I]: [5],0,25,184,12,95,-216,599(33.056)[I]: [6],0,1,0,0,407,-106,2681
(33.066)[I]: [5],0,26,188,12,93,-220,605(33.066)[I]: [6],0,1,0,0,465,-57,2961
(33.076)[I]: [5],0,28,192,10,92,-224,612(33.076)[I]: [6],0,1,1,0,538,-7,3249
(33.086)[I]: [5],0,31,192,10,90,-228,620(33.086)[I]: [6],0,0,1,0,619,47,3543
(33.096)[I]: [5],4,35,204,9,87,-233,630(33.096)[I]: [6],0,1,0,0,699,102,3842
(33.106)[I]: [5],6,42,208,6,85,-238,644(33.106)[I]: [6],0,0,1,0,769,157,4145
(33.116)[I]: [5],7,45,220,5,82,-239,662(33.116)[I]: [6],0,0,0,0,824,210,4453
(33.126)[I]: [5],10,49,228,3,80,-241,685(33.127)[I]: [6],0,0,0,0,859,261,4757
(33.136)[I]: [5],15,58,240,2,78,-241,713(33.137)[I]: [6],0,1,0,0,875,302,5052
(33.146)[I]: [5],20,72,248,1,77,-241,748(33.147)[I]: [6],0,1,1,0,876,332,5327
(33.156)[I]: [5],26,83,252,0,74,-243,784(33.156)[I]: [6],0,1,2,0,861,358,5564
(33.166)[I]: [5],33,91,252,0,69,-253,824(33.166)[I]: [6],0,2,3,0,856,387,5756
(33.176)[I]: [5],40,101,252,0,62,-273,868(33.177)[I]: [6],0,3,1,0,842,404,5849
(33.186)[I]: [5],53,105,252,0,56,-281,953(33.187)[I]: [6],0,3,1,0,804,377,5839
(33.196)[I]: [5],71,115,220,0,51,-290,1059(33.197)[I]: [6],0,1,2,0,746,332,5701
(33.206)[I]: [5],79,127,204,0,46,-293,1168(33.207)[I]: [6],0,1,0,1,658,193,5438
(33.216)[I]: [5],94,126,184,0,43,-282,1285(33.217)[I]: [6],0,2,2,3,603,24,5117
(33.226)[I]: [5],91,114,160,0,42,-267,1425(33.227)[I]: [6],0,0,1,7,549,-144,4779
(33.236)[I]: [5],87,115,124,0,43,-247,1597(33.237)[I]: [6],0,1,0,13,505,-263,4473
(33.246)[I]: [5],86,99,104,0,49,-221,1799(33.247)[I]: [6],0,2,0,24,444,-308,4182
(33.256)[I]: [5],84,91,96,0,56,-181,2039(33.256)[I]: [6],0,0,3,36,368,-292,3920
(33.266)[I]: [5],81,62,80,0,59,-129,2326(33.266)[I]: [6],0,1,4,50,305,-271,3680
(33.276)[I]: [5],71,47,80,0,57,-75,2664(33.276)[I]: [6],0,1,5,57,296,-286,3489
(33.286)[I]: [5],61,31,60,0,50,-20,3061(33.286)[I]: [6],0,1,8,62,319,-292,3346
(33.296)[I]: [5],61,27,60,0,29,47,3499(33.296)[I]: [6],0,1,9,63,337,-298,3235
(33.306)[I]: [5],72,19,60,0,3,128,3962(33.306)[I]: [6],0,0,8,63,337,-298,3146
(33.316)[I]: [5],83,11,60,0,-24,209,4452(33.316)[I]: [6],0,1,16,69,325,-306,3074
(33.326)[I]: [5],76,7,32,0,-45,230,4951(33.326)[I]: [6],0,1,16,63,317,-313,3021
(33.336)[I]: [5],59,7,20,0,-54,208,5446(33.336)[I]: [6],0,1,18,75,305,-318,2984
(33.346)[I]: [5],37,5,8,0,-87,204,5925(33.346)[I]: [6],0,0,27,75,307,-321,2960
(33.356)[I]: [5],13,4,12,0,-126,182,6373(33.356)[I]: [6],0,0,27,79,305,-325,2943
(33.366)[I]: [5],5,3,8,0,-187,156,6802(33.366)[I]: [6],0,1,29,79,304,-330,2935
(33.376)[I]: [5],0,2,8,0,-273,85,7187(33.376)[I]: [6],0,1,34,79,301,-332,2933
(33.386)[I]: [5],0,4,4,0,-363,-26,7537(33.386)[I]: [6],0,2,34,78,298,-334,2933
(33.396)[I]: [5],0,3,4,0,-438,-94,7724(33.396)[I]: [6],0,3,31,74,295,-334,2933
(33.406)[I]: [5],0,2,4,0,-483,-129,7745(33.406)[I]: [6],0,3,31,67,292,-335,2933
(33.416)[I]: [5],0,3,4,0,-501,-163,7627(33.416)[I]: [6],0,2,31,58,289,-335,2933
(33.426)[I]: [5],0,3,4,0,-497,-187,7416(33.426)[I]: [6],0,3,31,56,287,-336,2933
(33.436)[I]: [5],0,3,4,0,-478,-223,7155(33.436)[I]: [6],0,3,30,56,286,-335,2939
(33.446)[I]: [5],0,3,4,0,-450,-281,6871(33.446)[I]: [6],0,3,28,50,284,-335,2943
(33.456)[I]: [5],0,3,4,0,-418,-355,6577(33.456)[I]: [6],0,3,25,39,283,-334,2951
(33.466)[I]: [5],0,3,4,0,-382,-434,6283(33.466)[I]: [6],0,3,24,37,282,-333,2958
(33.476)[I]: [5],0,3,4,0,-344,-511,5992(33.476)[I]: [6],0,2,23,35,281,-333,2962
(33.486)[I]: [5],0,3,4,0,-302,-577,5706(33.486)[I]: [6],0,2,24,31,278,-332,2962
(33.496)[I]: [5],0,3,4,0,-256,-632,5426(33.496)[I]: [6],0,2,19,28,275,-332,2962
(33.506)[I]: [5],0,2,8,0,-204,-662,5147(33.506)[I]: [6],0,2,24,28,273,-332,2962
(33.516)[I]: [5],0,2,4,0,-148,-671,4868(33.516)[I]: [6],0,3,24,25,270,-333,2962
(33.526)[I]: [5],0,3,4,0,-87,-658,4585(33.526)[I]: [6],0,3,27,25,267,-333,2962
(33.536)[I]: [5],0,3,4,0,-24,-622,4289(33.536)[I]: [6],0,3,26,27,269,-334,2957
(33.546)[I]: [5],0,3,4,0,38,-570,3977(33.546)[I]: [6],0,3,31,26,269,-336,2950
(33.556)[I]: [5],0,3,4,0,98,-508,3647(33.556)[I]: [6],0,5,31,24,270,-337,2943
(33.566)[I]: [5],0,3,4,0,153,-440,3299(33.566)[I]: [6],0,7,31,25,271,-338,2937
(33.576)[I]: [5],0,3,4,0,199,-370,2939(33.576)[I]: [6],0,11,34,26,272,-339,2931
(33.586)[I]: [5],0,3,4,0,231,-303,2574(33.586)[I]: [6],0,10,38,24,270,-340,2928
(33.596)[I]: [5],0,3,4,0,248,-242,2211(33.596)[I]: [6],0,11,42,22,268,-340,2928
(33.606)[I]: [5],1,3,4,0,243,-188,1859(33.606)[I]: [6],0,14,42,18,265,-341,2928
(33.616)[I]: [5],1,3,4,0,216,-139,1525(33.616)[I]: [6],0,15,46,16,262,-342,2929
(33.626)[I]: [5],2,3,4,0,171,-98,1210(33.626)[I]: [6],0,21,51,15,262,-342,2922
(33.636)[I]: [5],3,3,4,0,109,-62,912(33.636)[I]: [6],0,23,53,15,261,-341,2915
(33.646)[I]: [5],2,3,4,0,35,-30,625(33.646)[I]: [6],0,28,56,13,262,-342,2905
(33.656)[I]: [5],1,3,4,0,-47,3,347(33.656)[I]: [6],0,29,59,12,261,-343,2896
(33.666)[I]: [5],2,3,4,0,-138,46,72(33.666)[I]: [6],0,36,61,10,261,-344,2888
(33.676)[I]: [5],1,2,4,0,-234,97,-204(33.676)[I]: [6],0,41,63,6,261,-346,2879
(33.686)[I]: [5],1,3,4,0,-330,157,-479(33.686)[I]: [6],0,42,60,4,261,-347,2871
(33.696)[I]: [5],2,3,4,0,-424,221,-754(33.696)[I]: [6],0,48,66,3,261,-351,2860
(33.706)[I]: [5],2,3,4,0,-511,281,-1027(33.706)[I]: [6],0,62,74,1,261,-355,2848
(33.716)[I]: [5],2,3,4,0,-589,327,-1285(33.716)[I]: [6],0,69,72,1,261,-361,2837
(33.726)[I]: [5],2,3,4,0,-653,355,-1524(33.726)[I]: [6],0,82,80,1,261,-367,2826
(33.736)[I]: [5],2,3,4,0,-700,366,-1738(33.736)[I]: [6],1,95,82,0,262,-371,2819
(33.746)[I]: [5],2,3,4,0,-729,371,-1921(33.746)[I]: [6],3,102,93,0,261,-374,2807
(33.756)[I]: [5],2,3,4,0,-738,375,-2073(33.756)[I]: [6],5,115,97,0,263,-375,2791
(33.766)[I]: [5],2,3,4,0,-725,377,-2195(33.766)[I]: [6],7,131,94,0,264,-400,2773
(33.776)[I]: [5],3,3,4,0,-692,380,-2286(33.776)[I]: [6],16,146,96,0,270,-458,2727
(33.786)[I]: [5],2,2,4,0,-641,382,-2343(33.786)[I]: [6],24,165,88,0,277,-494,2656
(33.796)[I]: [5],4,2,8,0,-568,369,-2208(33.796)[I]: [6],34,171,73,0,283,-501,2558
(33.806)[I]: [5],3,2,8,4,-482,229,-1981(33.806)[I]: [6],46,185,56,0,287,-513,2456
(33.816)[I]: [5],2,2,4,7,-448,49,-1652(33.816)[I]: [6],58,192,41,0,292,-514,2346
(33.826)[I]: [5],0,2,4,17,-440,-169,-1313(33.826)[I]: [6],75,200,31,0,297,-498,2219
(33.836)[I]: [5],0,2,4,23,-442,-346,-1006(33.836)[I]: [6],88,194,18,0,306,-476,2072
(33.846)[I]: [5],1,2,8,31,-430,-439,-724(33.846)[I]: [6],108,176,10,0,310,-454,1896
(33.856)[I]: [5],2,2,4,50,-393,-472,-475(33.856)[I]: [6],120,152,10,0,323,-399,1674
(33.866)[I]: [5],3,1,4,77,-345,-454,-247(33.866)[I]: [6],127,127,9,0,351,-355,1410
(33.876)[I]: [5],3,1,4,96,-301,-432,-48(33.876)[I]: [6],127,107,5,0,388,-325,1123
(33.886)[I]: [5],4,1,4,115,-265,-386,93(33.886)[I]: [6],113,79,7,0,436,-261,798
(33.896)[I]: [5],5,1,12,130,-253,-340,185(33.897)[I]: [6],102,59,6,0,509,-180,421
(33.906)[I]: [5],6,1,16,131,-257,-305,254(33.907)[I]: [6],102,35,9,0,584,-135,2
(33.916)[I]: [5],5,1,24,123,-258,-278,313(33.917)[I]: [6],89,29,9,0,641,-96,-460
(33.926)[I]: [5],2,1,44,111,-256,-248,363(33.927)[I]: [6],68,20,8,0,691,-30,-959
(33.936)[I]: [5],1,1,68,106,-253,-229,402(33.937)[I]: [6],56,20,3,0,755,29,-1457
(33.946)[I]: [5],0,1,84,105,-248,-214,429(33.946)[I]: [6],37,11,3,0,831,83,-1931
(33.956)[I]: [5],0,1,100,107,-244,-205,448(33.957)[I]: [6],18,11,2,0,919,144,-2404
(33.966)[I]: [5],0,2,112,106,-241,-200,461(33.967)[I]: [6],4,9,0,0,1025,204,-2850
(33.976)[I]: [5],0,3,108,108,-240,-198,466(33.976)[I]: [6],1,7,0,0,1143,229,-3232
(33.986)[I]: [5],0,2,116,106,-237,-197,466(33.987)[I]: [6],2,6,0,0,1263,153,-3481
(33.996)[I]: [5],0,3,116,103,-235,-197,466(33.997)[I]: [6],1,6,0,0,1355,67,-3566
(33.999)[I]: [5],0,3,116,101,-233,-196,466(33.999)[I]: [6],1,5,0,0,1401,0,-3470
(33.999)[I]: [5],0,3,116,96,-230,-196,466(33.999)[I]: [6],0,6,0,0,1408,-85,-3273
(34.002)[I]: [5],0,3,120,91,-228,-195,466(34.002)[I]: [6],1,5,0,0,1390,-173,-3024
(34.012)[I]: [5],0,3,112,82,-226,-195,466(34.012)[I]: [6],0,5,1,0,1358,-267,-2764
(34.022)[I]: [5],0,3,116,78,-223,-196,466(34.022)[I]: [6],0,6,2,0,1316,-366,-2517
(34.032)[I]: [5],0,3,112,70,-221,-196,466(34.032)[I]: [6],1,6,2,0,1279,-460,-2280
(34.042)[I]: [5],0,3,112,65,-219,-196,466(34.042)[I]: [6],0,5,3,0,1240,-546,-2051
(34.052)[I]: [5],0,3,108,57,-217,-195,466(34.052)[I]: [6],0,4,1,0,1200,-615,-1819
(34.062)[I]: [5],0,3,104,55,-215,-194,466(34.062)[I]: [6],1,4,1,0,1153,-668,-1573
(34.072)[I]: [5],0,5,108,51,-212,-192,466(34.072)[I]: [6],1,4,1,0,1098,-703,-1305
(34.082)[I]: [5],0,5,104,47,-212,-193,468(34.082)[I]: [6],1,4,2,0,1031,-727,-1013
(34.092)[I]: [5],0,6,100,40,-214,-198,472(34.092)[I]: [6],1,4,2,0,954,-739,-704
(34.102)[I]: [5],0,7,108,39,-216,-205,477(34.102)[I]: [6],0,5,2,0,866,-740,-384
(34.112)[I]: [5],0,8,116,35,-219,-213,482(34.112)[I]: [6],0,5,2,0,771,-725,-62
(34.122)[I]: [5],0,7,116,34,-221,-221,487(34.122)[I]: [6],0,4,2,0,673,-696,255
(34.132)[I]: [5],0,12,124,31,-224,-230,493(34.133)[I]: [6],0,4,2,0,573,-655,569
(34.142)[I]: [5],0,16,124,25,-226,-236,497(34.143)[I]: [6],0,4,2,0,475,-602,876
(34.152)[I]: [5],0,15,124,23,-228,-241,500(34.153)[I]: [6],0,4,2,0,382,-541,1179
(34.162)[I]: [5],1,17,136,23,-227,-242,503(34.163)[I]: [6],0,4,2,0,295,-474,1478
(34.172)[I]: [5],1,20,140,22,-228,-245,508(34.173)[I]: [6],0,7,2,0,214,-398,1774
(34.182)[I]: [5],0,25,144,17,-225,-245,508(34.183)[I]: [6],0,4,2,0,150,-317,2065
(34.192)[I]: [5],0,28,156,18,-223,-246,508(34.193)[I]: [6],0,4,2,0,103,-233,2350
(34.202)[I]: [5],3,31,144,17,-221,-245,508(34.203)[I]: [6],0,3,2,0,76,-147,2630
(34.212)[I]: [5],3,36,148,17,-220,-247,510(34.213)[I]: [6],0,4,3,0,73,-66,2911
(34.222)[I]: [5],3,39,156,13,-220,-251,515(34.223)[I]: [6],0,4,3,0,96,1,3197
(34.232)[I]: [5],6,43,176,10,-221,-255,521(34.233)[I]: [6],0,3,3,0,144,55,3489
(34.242)[I]: [5],6,47,172,8,-222,-258,528(34.243)[I]: [6],0,4,4,0,215,100,3781
(34.252)[I]: [5],12,50,184,8,-222,-259,542(34.253)[I]: [6],0,2,5,0,303,147,4064
(34.262)[I]: [5],14,59,188,6,-223,-260,560(34.263)[I]: [6],0,2,5,0,402,204,4329
(34.272)[I]: [5],19,71,188,4,-223,-258,580(34.273)[I]: [6],0,3,5,0,505,276,4569
(34.282)[I]: [5],24,77,184,2,-224,-256,605(34.283)[I]: [6],0,3,7,0,606,354,4785
(34.292)[I]: [5],29,88,188,2,-224,-255,635(34.293)[I]: [6],0,3,7,0,696,425,4981
(34.302)[I]: [5],39,99,196,0,-224,-253,669(34.303)[I]: [6],1,4,7,0,768,488,5160
(34.312)[I]: [5],53,120,196,0,-226,-257,707(34.313)[I]: [6],0,4,7,0,816,545,5324
(34.322)[I]: [5],63,136,216,0,-229,-274,751(34.323)[I]: [6],0,5,7,0,844,599,5469
(34.332)[I]: [5],83,153,212,0,-232,-311,803(34.333)[I]: [6],0,5,7,0,845,639,5592
(34.342)[I]: [5],94,171,176,0,-236,-327,885(34.343)[I]: [6],1,5,7,0,803,636,5604
(34.352)[I]: [5],109,188,148,0,-238,-327,989(34.353)[I]: [6],1,4,6,0,742,590,5544
(34.362)[I]: [5],127,200,124,0,-240,-325,1098(34.363)[I]: [6],1,5,4,0,644,473,5375
(34.372)[I]: [5],135,204,100,0,-239,-317,1220(34.373)[I]: [6],1,3,0,0,549,294,5081
(34.382)[I]: [5],142,204,100,0,-237,-298,1368(34.383)[I]: [6],1,2,2,3,514,72,4774
(34.392)[I]: [5],150,184,80,0,-234,-265,1544(34.393)[I]: [6],0,0,2,11,484,-144,4451
(34.402)[I]: [5],147,163,68,0,-227,-223,1751(34.403)[I]: [6],0,1,1,25,452,-214,4160
(34.412)[I]: [5],133,134,64,0,-222,-177,2000(34.413)[I]: [6],0,1,3,43,382,-217,3875
(34.422)[I]: [5],114,94,52,0,-223,-124,2292(34.423)[I]: [6],0,0,4,58,304,-222,3627
(34.432)[I]: [5],97,56,52,0,-232,-60,2648(34.432)[I]: [6],0,0,4,77,278,-243,3439
(34.442)[I]: [5],89,37,48,0,-252,6,3066(34.442)[I]: [6],0,0,7,90,286,-262,3303
(34.452)[I]: [5],86,20,48,0,-285,80,3514(34.452)[I]: [6],0,0,8,84,294,-262,3206
(34.462)[I]: [5],99,18,36,0,-316,168,3996(34.463)[I]: [6],0,0,7,77,291,-259,3122
(34.472)[I]: [5],90,10,20,0,-358,256,4492(34.473)[I]: [6],0,1,11,61,282,-250,3054
(34.482)[I]: [5],78,10,16,0,-373,269,5004(34.483)[I]: [6],0,1,17,59,259,-254,3003
(34.492)[I]: [5],51,12,12,0,-409,273,5511(34.492)[I]: [6],0,1,24,55,260,-254,2966
(34.502)[I]: [5],27,5,8,0,-453,262,5980(34.502)[I]: [6],0,0,28,57,259,-254,2940
(34.512)[I]: [5],11,4,4,0,-506,250,6442(34.512)[I]: [6],0,2,27,59,257,-258,2926
(34.522)[I]: [5],1,5,4,0,-567,216,6909(34.522)[I]: [6],0,3,31,58,256,-261,2917
(34.532)[I]: [5],0,5,0,0,-627,134,7379(34.532)[I]: [6],0,5,38,58,257,-265,2912
(34.542)[I]: [5],1,5,0,0,-680,35,7796(34.542)[I]: [6],0,7,36,56,254,-265,2912
(34.552)[I]: [5],1,4,0,0,-718,-49,8006(34.552)[I]: [6],0,9,38,53,251,-267,2912
(34.562)[I]: [5],1,3,4,0,-728,-111,8036(34.562)[I]: [6],0,7,39,47,249,-268,2912
(34.572)[I]: [5],1,3,4,0,-714,-159,7900(34.572)[I]: [6],0,8,38,38,246,-269,2912
(34.582)[I]: [5],1,4,4,0,-682,-196,7666(34.582)[I]: [6],0,9,39,31,244,-271,2913
(34.592)[I]: [5],1,4,4,0,-640,-238,7382(34.592)[I]: [6],0,10,39,26,242,-271,2913
(34.602)[I]: [5],1,4,4,0,-599,-292,7081(34.602)[I]: [6],0,10,31,21,239,-271,2913
(34.612)[I]: [5],1,4,4,0,-566,-353,6776(34.612)[I]: [6],0,13,34,16,237,-271,2913
(34.622)[I]: [5],1,4,4,0,-544,-412,6475(34.622)[I]: [6],0,15,34,16,234,-271,2913
(34.632)[I]: [5],1,4,4,0,-532,-467,6176(34.632)[I]: [6],0,14,31,15,232,-271,2913
(34.642)[I]: [5],1,3,4,0,-531,-516,5877(34.642)[I]: [6],0,17,29,12,230,-271,2913
(34.652)[I]: [5],1,3,4,0,-538,-544,5576(34.652)[I]: [6],0,19,34,12,229,-274,2911
(34.662)[I]: [5],1,3,4,0,-551,-554,5271(34.662)[I]: [6],0,21,34,11,228,-280,2908
(34.672)[I]: [5],1,3,4,0,-570,-551,4957(34.672)[I]: [6],0,24,35,11,228,-284,2907
(34.682)[I]: [5],1,3,4,0,-592,-534,4630(34.682)[I]: [6],0,24,30,9,225,-284,2907
(34.692)[I]: [5],1,2,4,0,-616,-509,4289(34.692)[I]: [6],0,25,35,8,223,-286,2907
(34.702)[I]: [5],1,3,4,0,-638,-476,3934(34.702)[I]: [6],0,27,35,9,221,-288,2907
(34.712)[I]: [5],2,3,4,0,-656,-436,3568(34.712)[I]: [6],0,27,31,10,219,-289,2907
(34.722)[I]: [5],2,2,4,0,-670,-393,3193(34.722)[I]: [6],0,29,35,8,216,-290,2907
(34.732)[I]: [5],2,2,4,0,-680,-348,2810(34.732)[I]: [6],0,31,36,8,214,-291,2907
(34.742)[I]: [5],2,2,4,0,-692,-303,2419(34.742)[I]: [6],0,31,33,8,212,-291,2907
(34.752)[I]: [5],3,2,4,0,-705,-260,2028(34.752)[I]: [6],0,31,40,7,210,-291,2907
(34.762)[I]: [5],3,2,4,0,-723,-219,1647(34.762)[I]: [6],0,37,39,7,209,-294,2905
(34.772)[I]: [5],3,2,4,0,-747,-178,1289(34.772)[I]: [6],0,43,45,9,209,-298,2899
(34.782)[I]: [5],3,2,4,0,-779,-144,958(34.782)[I]: [6],0,43,47,7,210,-301,2893
(34.792)[I]: [5],3,2,4,0,-824,-116,649(34.792)[I]: [6],0,44,45,7,212,-306,2886
(34.802)[I]: [5],3,2,4,0,-879,-89,360(34.802)[I]: [6],0,51,48,7,214,-309,2879
(34.812)[I]: [5],3,2,4,0,-938,-55,84(34.812)[I]: [6],0,57,47,5,215,-312,2871
(34.822)[I]: [5],3,2,4,0,-992,-8,-185(34.822)[I]: [6],0,60,51,2,216,-316,2863
(34.832)[I]: [5],3,2,4,0,-1029,50,-448(34.832)[I]: [6],0,67,54,2,215,-320,2855
(34.842)[I]: [5],3,3,4,0,-1042,117,-712(34.842)[I]: [6],0,76,57,2,215,-324,2847
(34.852)[I]: [5],3,3,4,0,-1027,176,-977(34.852)[I]: [6],1,87,60,1,215,-328,2841
(34.862)[I]: [5],3,3,4,0,-988,216,-1239(34.862)[I]: [6],1,91,60,0,215,-331,2833
(34.872)[I]: [5],4,4,0,0,-934,256,-1489(34.872)[I]: [6],2,99,61,0,214,-336,2827
(34.882)[I]: [5],3,4,4,0,-870,286,-1718(34.882)[I]: [6],6,111,67,0,213,-338,2824
(34.892)[I]: [5],3,4,0,0,-792,285,-1923(34.892)[I]: [6],10,123,71,0,212,-344,2817
(34.902)[I]: [5],3,4,0,0,-694,245,-2103(34.902)[I]: [6],17,142,69,0,213,-379,2800
(34.912)[I]: [5],3,4,0,0,-578,177,-2253(34.912)[I]: [6],23,165,70,0,218,-432,2757
(34.922)[I]: [5],3,4,0,0,-454,99,-2364(34.922)[I]: [6],29,188,67,0,222,-486,2706
(34.932)[I]: [5],3,3,0,0,-335,33,-2429(34.932)[I]: [6],38,204,61,0,230,-499,2630
(34.942)[I]: [5],3,3,0,0,-232,6,-2295(34.942)[I]: [6],47,224,54,0,233,-506,2540
(34.952)[I]: [5],4,3,4,4,-148,-90,-2028(34.952)[I]: [6],59,241,40,0,237,-512,2439
(34.962)[I]: [5],2,3,0,11,-103,-225,-1658(34.962)[I]: [6],78,257,31,0,241,-504,2320
(34.972)[I]: [5],1,3,0,20,-87,-393,-1285(34.972)[I]: [6],98,264,19,0,247,-480,2183
(34.982)[I]: [5],1,3,4,30,-76,-474,-957(34.982)[I]: [6],111,246,10,0,255,-461,2019
(34.992)[I]: [5],1,2,4,45,-53,-533,-664(34.992)[I]: [6],126,224,9,0,260,-433,1821
(34.999)[I]: [5],1,2,4,70,-17,-522,-415(34.999)[I]: [6],138,189,5,0,277,-380,1567
(34.999)[I]: [5],2,1,8,92,17,-511,-186(34.999)[I]: [6],140,156,5,0,311,-345,1272
(34.999)[I]: [5],2,1,8,108,43,-471,-6(34.999)[I]: [6],118,124,5,0,357,-304,949
(35.008)[I]: [5],3,1,8,121,52,-427,107(35.008)[I]: [6],108,78,5,0,421,-234,579
(35.018)[I]: [5],3,1,8,122,37,-388,190(35.018)[I]: [6],102,53,5,0,501,-190,158
(35.028)[I]: [5],3,1,16,115,20,-360,253(35.028)[I]: [6],93,34,6,0,559,-183,-301
(35.038)[I]: [5],1,1,36,108,14,-332,313(35.038)[I]: [6],63,26,7,0,606,-162,-800
(35.048)[I]: [5],1,1,68,104,12,-310,367(35.048)[I]: [6],58,21,4,0,672,-127,-1312
(35.058)[I]: [5],0,1,84,105,14,-301,402(35.058)[I]: [6],38,12,2,0,743,-108,-1798
(35.068)[I]: [5],0,2,96,100,16,-296,427(35.068)[I]: [6],20,13,0,0,833,-90,-2283
(35.078)[I]: [5],0,2,92,104,15,-293,445(35.078)[I]: [6],4,12,1,0,933,-80,-2745
(35.088)[I]: [5],0,3,116,102,13,-292,454(35.088)[I]: [6],3,13,0,0,1047,-64,-3174
(35.098)[I]: [5],0,3,120,100,13,-291,457(35.098)[I]: [6],3,3,2,0,1169,-98,-3513
(35.108)[I]: [5],0,5,124,100,13,-291,457(35.108)[I]: [6],1,4,0,0,1287,-196,-3729
(35.118)[I]: [5],0,7,124,96,13,-290,457(35.118)[I]: [6],1,5,0,0,1367,-238,-3735
(35.128)[I]: [5],0,6,124,90,13,-290,457(35.128)[I]: [6],1,5,0,0,1406,-266,-3570
(35.138)[I]: [5],0,6,124,79,13,-290,457(35.138)[I]: [6],1,3,2,0,1409,-307,-3308
(35.148)[I]: [5],0,7,124,70,13,-290,457(35.148)[I]: [6],1,6,3,0,1391,-355,-3007
(35.158)[I]: [5],0,7,124,64,13,-291,457(35.158)[I]: [6],1,5,3,0,1360,-417,-2707
(35.168)[I]: [5],0,7,124,57,12,-291,457(35.168)[I]: [6],1,6,3,0,1333,-488,-2426
(35.178)[I]: [5],0,7,124,48,12,-291,457(35.178)[I]: [6],1,6,3,0,1305,-567,-2173
(35.188)[I]: [5],0,7,124,37,12,-289,457(35.188)[I]: [6],1,4,3,0,1283,-650,-1944
(35.198)[I]: [5],0,5,124,33,12,-289,457(35.198)[I]: [6],1,5,3,0,1264,-730,-1732
(35.208)[I]: [5],0,6,132,23,11,-286,459(35.208)[I]: [6],1,5,2,0,1244,-800,-1526
(35.218)[I]: [5],0,6,136,20,10,-283,464(35.218)[I]: [6],1,4,3,0,1217,-853,-1310
(35.228)[I]: [5],0,6,140,15,8,-281,471(35.228)[I]: [6],0,4,3,0,1181,-887,-1075
(35.238)[I]: [5],0,7,140,12,6,-282,479(35.238)[I]: [6],0,5,2,0,1131,-900,-816
(35.248)[I]: [5],0,9,148,10,5,-284,487(35.248)[I]: [6],0,4,3,0,1068,-891,-533
(35.258)[I]: [5],0,9,152,10,3,-287,493(35.258)[I]: [6],0,4,3,0,994,-865,-230
(35.268)[I]: [5],0,14,160,10,1,-290,500(35.268)[I]: [6],0,4,2,0,914,-827,84
(35.278)[I]: [5],0,15,164,10,0,-292,503(35.278)[I]: [6],0,4,3,0,830,-780,407
(35.288)[I]: [5],0,17,160,10,0,-292,503(35.288)[I]: [6],0,4,2,0,745,-728,732
(35.298)[I]: [5],0,17,164,10,0,-292,503(35.298)[I]: [6],1,4,2,0,664,-676,1055
(35.308)[I]: [5],0,19,168,9,0,-291,503(35.308)[I]: [6],1,5,1,0,588,-624,1375
(35.318)[I]: [5],0,22,176,10,0,-290,506(35.318)[I]: [6],0,5,2,0,523,-570,1689
(35.328)[I]: [5],0,22,184,8,0,-293,512(35.328)[I]: [6],0,4,2,0,472,-512,1992
(35.338)[I]: [5],0,23,192,9,-1,-295,514(35.338)[I]: [6],0,4,2,0,435,-445,2286
(35.348)[I]: [5],0,25,196,7,-3,-299,519(35.348)[I]: [6],0,4,1,0,416,-370,2573
(35.358)[I]: [5],0,28,204,7,-5,-304,526(35.358)[I]: [6],0,4,2,0,413,-287,2861
(35.368)[I]: [5],1,31,204,6,-7,-310,533(35.368)[I]: [6],0,3,2,0,424,-198,3158
(35.378)[I]: [5],4,31,204,4,-8,-314,542(35.378)[I]: [6],0,3,2,0,447,-110,3471
(35.388)[I]: [5],5,38,212,4,-9,-318,551(35.388)[I]: [6],0,3,2,0,481,-23,3800
(35.398)[I]: [5],6,39,228,2,-11,-319,562(35.398)[I]: [6],0,3,2,0,525,58,4142
(35.408)[I]: [5],7,43,236,2,-13,-319,576(35.408)[I]: [6],1,4,2,0,578,138,4483
(35.418)[I]: [5],10,46,248,2,-14,-317,594(35.419)[I]: [6],0,4,1,0,633,216,4807
(35.428)[I]: [5],13,56,248,1,-15,-316,616(35.429)[I]: [6],0,6,2,0,680,291,5094
(35.438)[I]: [5],18,62,260,0,-17,-313,639(35.438)[I]: [6],0,6,2,0,709,355,5341
(35.448)[I]: [5],23,71,272,0,-18,-312,665(35.448)[I]: [6],0,7,2,0,715,388,5551
(35.458)[I]: [5],28,71,280,0,-22,-312,694(35.458)[I]: [6],0,7,2,0,702,397,5735
(35.468)[I]: [5],35,70,284,0,-28,-312,724(35.468)[I]: [6],0,7,3,0,671,406,5885
(35.478)[I]: [5],44,87,276,0,-33,-306,788(35.479)[I]: [6],0,7,3,0,634,437,5997
(35.488)[I]: [5],54,83,268,0,-39,-311,877(35.488)[I]: [6],0,7,3,0,590,493,6071
(35.498)[I]: [5],79,90,240,0,-44,-312,975(35.498)[I]: [6],0,6,3,0,539,569,6112
(35.508)[I]: [5],81,90,220,0,-48,-302,1081(35.508)[I]: [6],0,5,2,0,427,615,5958
(35.518)[I]: [5],88,95,220,0,-51,-282,1199(35.519)[I]: [6],1,5,2,0,341,586,5742
(35.528)[I]: [5],88,98,212,0,-52,-261,1339(35.529)[I]: [6],0,3,2,2,215,435,5412
(35.538)[I]: [5],94,82,196,0,-51,-233,1505(35.539)[I]: [6],0,3,2,5,132,228,5070
(35.548)[I]: [5],93,77,140,0,-42,-201,1703(35.549)[I]: [6],0,0,0,12,79,34,4735
(35.558)[I]: [5],87,74,124,0,-35,-152,1944(35.559)[I]: [6],0,1,0,21,29,-59,4422
(35.568)[I]: [5],85,59,120,0,-31,-95,2233(35.568)[I]: [6],0,0,2,39,-38,-76,4136
(35.578)[I]: [5],80,34,92,0,-32,-27,2576(35.578)[I]: [6],0,1,3,57,-114,-81,3861
(35.588)[I]: [5],80,19,80,0,-41,53,2982(35.588)[I]: [6],0,0,5,75,-157,-145,3632
(35.598)[I]: [5],82,17,76,0,-63,153,3426(35.598)[I]: [6],0,0,6,82,-154,-167,3462
(35.608)[I]: [5],93,19,72,0,-88,264,3892(35.608)[I]: [6],0,0,6,89,-143,-185,3341
(35.618)[I]: [5],101,6,64,0,-113,376,4389(35.619)[I]: [6],0,0,5,85,-138,-192,3243
(35.628)[I]: [5],77,5,52,0,-128,423,4894(35.628)[I]: [6],0,0,10,79,-138,-205,3162
(35.638)[I]: [5],53,5,36,0,-129,428,5394(35.638)[I]: [6],0,0,19,73,-155,-207,3101
(35.648)[I]: [5],42,3,12,0,-155,451,5888(35.648)[I]: [6],0,0,27,75,-158,-214,3059
(35.658)[I]: [5],16,7,12,0,-190,452,6349(35.658)[I]: [6],0,0,28,73,-154,-222,3032
(35.668)[I]: [5],3,3,12,0,-246,430,6806(35.668)[I]: [6],0,1,31,73,-156,-227,3013
(35.678)[I]: [5],1,4,4,0,-325,348,7240(35.678)[I]: [6],0,2,31,77,-157,-234,3003
(35.688)[I]: [5],0,3,8,0,-404,214,7657(35.688)[I]: [6],0,3,34,63,-155,-240,2997
(35.698)[I]: [5],1,3,4,0,-483,112,7903(35.698)[I]: [6],0,7,31,58,-153,-244,2992
(35.708)[I]: [5],1,3,4,0,-550,26,8012(35.708)[I]: [6],0,7,37,56,-151,-249,2988
(35.718)[I]: [5],1,3,4,0,-612,-70,7988(35.718)[I]: [6],0,9,31,39,-150,-250,2988
(35.728)[I]: [5],1,3,4,0,-669,-161,7862(35.728)[I]: [6],0,8,30,34,-148,-252,2988
(35.738)[I]: [5],1,2,4,0,-717,-247,7661(35.738)[I]: [6],0,8,27,28,-147,-253,2988
(35.748)[I]: [5],1,3,4,0,-762,-330,7413(35.748)[I]: [6],0,10,30,23,-145,-254,2988
(35.758)[I]: [5],1,3,4,0,-806,-406,7135(35.758)[I]: [6],0,10,36,20,-144,-253,2988
(35.768)[I]: [5],1,3,4,0,-853,-477,6839(35.768)[I]: [6],0,10,37,15,-142,-253,2988
(35.778)[I]: [5],1,3,4,0,-904,-544,6532(35.778)[I]: [6],0,11,38,12,-141,-254,2988
(35.788)[I]: [5],1,3,4,0,-960,-610,6220(35.788)[I]: [6],0,13,39,11,-140,-255,2988
(35.798)[I]: [5],1,3,4,0,-1019,-672,5902(35.798)[I]: [6],0,13,38,11,-138,-255,2988
(35.808)[I]: [5],1,2,4,0,-1079,-730,5573(35.808)[I]: [6],0,15,39,10,-137,-255,2988
(35.818)[I]: [5],1,2,4,0,-1137,-783,5228(35.818)[I]: [6],0,18,43,9,-135,-256,2988
(35.828)[I]: [5],2,2,0,0,-1188,-825,4875(35.828)[I]: [6],0,19,40,7,-134,-256,2988
(35.838)[I]: [5],3,3,0,0,-1228,-847,4517(35.838)[I]: [6],0,21,43,6,-131,-260,2983
(35.848)[I]: [5],3,3,0,0,-1250,-851,4158(35.848)[I]: [6],0,22,47,5,-129,-262,2980
(35.858)[I]: [5],3,3,4,0,-1254,-841,3799(35.858)[I]: [6],0,25,51,5,-127,-263,2977
(35.868)[I]: [5],3,3,0,0,-1240,-822,3440(35.868)[I]: [6],0,27,51,5,-125,-266,2971
(35.878)[I]: [5],3,2,4,0,-1211,-796,3079(35.878)[I]: [6],0,29,51,5,-123,-269,2964
(35.888)[I]: [5],4,3,4,0,-1171,-769,2714(35.888)[I]: [6],0,34,54,2,-120,-271,2958
(35.898)[I]: [5],4,4,4,0,-1125,-737,2343(35.898)[I]: [6],0,34,52,3,-119,-274,2952
(35.908)[I]: [5],6,4,4,0,-1079,-694,1967(35.908)[I]: [6],0,36,55,3,-116,-277,2946
(35.918)[I]: [5],5,4,4,0,-1039,-643,1588(35.918)[I]: [6],0,42,63,2,-114,-280,2940
(35.928)[I]: [5],3,4,4,0,-1013,-577,1214(35.928)[I]: [6],0,48,65,0,-111,-283,2934
(35.938)[I]: [5],3,4,4,0,-1004,-507,859(35.938)[I]: [6],0,53,68,0,-110,-283,2934
(35.948)[I]: [5],4,3,4,0,-1013,-437,537(35.948)[I]: [6],0,60,66,0,-109,-284,2934
(35.958)[I]: [5],5,3,4,0,-1036,-372,250(35.958)[I]: [6],1,61,68,0,-108,-286,2934
(35.968)[I]: [5],5,4,4,0,-1067,-311,-11(35.968)[I]: [6],1,67,63,0,-107,-287,2934
(35.978)[I]: [5],5,3,4,0,-1104,-245,-258(35.978)[I]: [6],2,70,73,0,-106,-288,2934
(35.988)[I]: [5],4,4,4,0,-1142,-174,-503(35.988)[I]: [6],2,77,76,0,-105,-288,2934
(35.998)[I]: [5],4,4,4,0,-1182,-105,-751(35.998)[I]: [6],4,83,77,0,-104,-289,2934
(35.999)[I]: [5],4,4,4,0,-1221,-33,-996(35.999)[I]: [6],6,89,77,0,-102,-290,2939
(35.999)[I]: [5],4,4,4,0,-1254,43,-1231(35.999)[I]: [6],10,98,83,0,-101,-299,2946
(36.004)[I]: [5],4,4,4,0,-1273,118,-1446(36.004)[I]: [6],13,104,83,0,-98,-327,2941
(36.014)[I]: [5],5,4,4,0,-1269,177,-1638(36.014)[I]: [6],17,110,88,0,-96,-361,2929
(36.024)[I]: [5],5,4,4,0,-1231,208,-1810(36.024)[I]: [6],22,117,89,0,-92,-375,2897
(36.034)[I]: [5],4,4,4,0,-1162,228,-1978(36.034)[I]: [6],28,127,103,0,-90,-369,2845
(36.044)[I]: [5],4,4,4,0,-1068,249,-2148(36.044)[I]: [6],34,137,92,0,-88,-371,2782
(36.054)[I]: [5],4,4,4,0,-957,270,-2313(36.054)[I]: [6],43,146,80,0,-84,-376,2713
(36.064)[I]: [5],3,4,0,0,-832,295,-2434(36.064)[I]: [6],51,158,67,0,-81,-373,2634
(36.074)[I]: [5],3,5,4,0,-693,345,-2311(36.074)[I]: [6],63,165,57,0,-78,-363,2542
(36.084)[I]: [5],3,4,4,4,-560,272,-2060(36.084)[I]: [6],74,173,45,0,-74,-351,2432
(36.094)[I]: [5],3,4,0,10,-498,105,-1706(36.094)[I]: [6],92,172,34,0,-71,-338,2303
(36.104)[I]: [5],1,4,0,17,-491,-153,-1374(36.104)[I]: [6],102,169,27,0,-69,-313,2153
(36.114)[I]: [5],1,3,4,21,-520,-401,-1068(36.114)[I]: [6],114,163,19,0,-64,-262,1967
(36.124)[I]: [5],2,2,4,37,-552,-561,-801(36.124)[I]: [6],127,143,13,0,-50,-215,1736
(36.134)[I]: [5],1,2,4,65,-538,-559,-565(36.134)[I]: [6],131,131,11,0,-24,-203,1482
(36.144)[I]: [5],1,1,8,97,-476,-524,-347(36.144)[I]: [6],124,114,8,0,12,-186,1188
(36.154)[I]: [5],3,2,8,115,-406,-470,-191(36.154)[I]: [6],115,101,9,0,59,-139,847
(36.164)[I]: [5],3,2,8,123,-378,-427,-95(36.164)[I]: [6],103,63,7,0,129,-80,447
(36.174)[I]: [5],3,2,16,124,-392,-397,-29(36.174)[I]: [6],103,42,10,0,205,-51,16
(36.184)[I]: [5],2,2,20,120,-413,-361,27(36.184)[I]: [6],81,35,7,0,250,-50,-452
(36.194)[I]: [5],1,1,32,109,-418,-324,83(36.194)[I]: [6],79,31,6,0,290,-46,-958
(36.204)[I]: [5],1,1,48,103,-417,-296,134(36.205)[I]: [6],60,19,8,0,341,-30,-1464
(36.214)[I]: [5],1,1,76,110,-411,-283,166(36.215)[I]: [6],42,12,8,0,411,-6,-1943
(36.224)[I]: [5],2,1,92,104,-406,-278,188(36.224)[I]: [6],21,8,3,0,484,7,-2424
(36.234)[I]: [5],2,1,100,108,-404,-273,201(36.235)[I]: [6],6,11,2,0,577,31,-2883
(36.244)[I]: [5],1,1,104,111,-400,-272,204(36.245)[I]: [6],5,9,1,0,691,61,-3304
(36.254)[I]: [5],0,2,112,111,-397,-271,204(36.255)[I]: [6],3,5,2,0,824,50,-3644
(36.264)[I]: [5],0,3,116,110,-393,-270,204(36.265)[I]: [6],1,5,2,0,972,17,-3859
(36.274)[I]: [5],0,3,112,109,-389,-270,204(36.275)[I]: [6],1,5,2,0,1086,25,-3845
(36.284)[I]: [5],0,4,112,105,-385,-270,204(36.285)[I]: [6],1,7,2,0,1163,20,-3663
(36.294)[I]: [5],0,3,112,98,-381,-270,204(36.294)[I]: [6],2,6,2,0,1211,-5,-3386
(36.304)[I]: [5],0,3,104,90,-377,-270,204(36.304)[I]: [6],1,6,2,0,1234,-56,-3069
(36.314)[I]: [5],0,3,104,79,-373,-269,204(36.314)[I]: [6],1,7,2,0,1236,-133,-2748
(36.324)[I]: [5],0,3,104,69,-370,-269,204(36.324)[I]: [6],1,7,1,0,1232,-220,-2447
(36.334)[I]: [5],0,4,100,60,-366,-268,204(36.334)[I]: [6],0,6,0,0,1211,-321,-2175
(36.344)[I]: [5],0,4,92,60,-362,-268,204(36.344)[I]: [6],1,6,2,0,1185,-425,-1927
(36.354)[I]: [5],0,3,96,50,-359,-266,204(36.354)[I]: [6],1,4,2,0,1149,-531,-1694
(36.364)[I]: [5],0,4,96,44,-355,-265,204(36.364)[I]: [6],1,4,2,0,1104,-630,-1466
(36.374)[I]: [5],0,4,92,43,-352,-264,205(36.374)[I]: [6],0,5,2,0,1052,-716,-1230
(36.384)[I]: [5],0,4,92,42,-348,-263,205(36.384)[I]: [6],0,4,2,0,991,-779,-975
(36.394)[I]: [5],0,5,92,39,-345,-261,205(36.394)[I]: [6],1,3,1,0,925,-817,-695
(36.404)[I]: [5],0,5,92,32,-345,-266,206(36.404)[I]: [6],0,3,1,0,855,-834,-392
(36.414)[I]: [5],0,6,96,28,-347,-273,211(36.414)[I]: [6],0,3,2,0,788,-829,-70
(36.424)[I]: [5],0,6,100,28,-349,-278,218(36.424)[I]: [6],0,3,2,0,723,-806,260
(36.434)[I]: [5],0,7,100,24,-350,-283,224(36.434)[I]: [6],0,3,2,0,664,-766,593
(36.444)[I]: [5],0,7,112,23,-350,-285,230(36.444)[I]: [6],1,3,2,0,610,-712,922
(36.454)[I]: [5],0,10,112,20,-351,-287,238(36.455)[I]: [6],0,3,2,0,564,-651,1246
(36.464)[I]: [5],0,13,120,19,-351,-287,246(36.465)[I]: [6],0,3,2,0,526,-592,1562
(36.474)[I]: [5],0,17,120,17,-351,-288,253(36.475)[I]: [6],0,4,2,0,490,-534,1871
(36.484)[I]: [5],0,19,120,15,-349,-287,256(36.485)[I]: [6],1,4,2,0,466,-477,2167
(36.494)[I]: [5],0,23,124,15,-347,-290,259(36.495)[I]: [6],0,4,3,0,454,-413,2444
(36.504)[I]: [5],0,26,124,13,-347,-292,264(36.505)[I]: [6],0,3,3,0,454,-337,2704
(36.514)[I]: [5],1,27,136,12,-346,-294,270(36.515)[I]: [6],0,3,3,0,467,-253,2952
(36.524)[I]: [5],0,31,136,11,-346,-296,279(36.525)[I]: [6],0,3,3,0,490,-169,3204
(36.534)[I]: [5],5,37,144,10,-346,-297,289(36.535)[I]: [6],0,2,3,0,520,-87,3472
(36.544)[I]: [5],6,37,148,6,-346,-298,299(36.545)[I]: [6],0,1,4,0,554,-5,3756
(36.554)[I]: [5],7,42,156,6,-345,-298,309(36.555)[I]: [6],0,0,5,0,586,84,4047
(36.564)[I]: [5],11,47,156,4,-345,-296,325(36.565)[I]: [6],0,0,4,0,618,189,4341
(36.574)[I]: [5],13,53,168,3,-344,-294,344(36.575)[I]: [6],0,0,5,0,649,298,4638
(36.584)[I]: [5],18,61,176,2,-343,-289,368(36.585)[I]: [6],0,1,3,0,678,396,4935
(36.594)[I]: [5],24,63,180,2,-343,-284,400(36.595)[I]: [6],0,1,3,0,695,472,5231
(36.604)[I]: [5],31,78,200,0,-343,-280,437(36.605)[I]: [6],0,1,3,0,687,513,5516
(36.614)[I]: [5],42,89,212,0,-345,-278,477(36.615)[I]: [6],0,2,3,0,647,513,5751
(36.624)[I]: [5],56,105,196,0,-348,-289,520(36.625)[I]: [6],0,3,4,0,579,483,5938
(36.634)[I]: [5],71,116,204,0,-351,-317,570(36.635)[I]: [6],0,3,5,0,510,456,6048
(36.644)[I]: [5],87,131,184,0,-354,-327,658(36.645)[I]: [6],0,4,5,0,434,415,6059
(36.654)[I]: [5],100,146,180,0,-357,-330,763(36.655)[I]: [6],0,5,5,0,356,355,5960
(36.664)[I]: [5],107,150,160,0,-360,-330,873(36.665)[I]: [6],0,3,3,0,263,257,5734
(36.674)[I]: [5],120,159,116,0,-360,-319,993(36.675)[I]: [6],0,3,1,1,170,143,5389
(36.684)[I]: [5],135,153,100,0,-358,-299,1136(36.685)[I]: [6],0,0,2,6,98,20,5039
(36.694)[I]: [5],141,150,108,0,-356,-267,1311(36.695)[I]: [6],0,0,2,18,49,-59,4711
(36.704)[I]: [5],141,132,88,0,-349,-229,1515(36.705)[I]: [6],0,0,1,23,-5,-120,4411
(36.714)[I]: [5],137,114,76,0,-339,-178,1763(36.715)[I]: [6],0,1,2,37,-64,-118,4138
(36.724)[I]: [5],115,84,60,0,-338,-112,2063(36.725)[I]: [6],0,1,2,53,-115,-107,3896
(36.734)[I]: [5],97,49,60,0,-342,-37,2420(36.734)[I]: [6],0,0,6,55,-113,-134,3711
(36.744)[I]: [5],87,30,52,0,-362,59,2833(36.744)[I]: [6],0,0,5,63,-83,-148,3571
(36.754)[I]: [5],87,15,48,0,-392,174,3282(36.755)[I]: [6],0,1,7,69,-71,-158,3457
(36.764)[I]: [5],90,18,36,0,-412,293,3762(36.765)[I]: [6],0,0,9,70,-73,-166,3360
(36.774)[I]: [5],88,16,36,0,-442,399,4258(36.775)[I]: [6],0,0,14,63,-80,-179,3274
(36.784)[I]: [5],81,14,20,0,-449,411,4765(36.785)[I]: [6],0,0,25,58,-89,-192,3207
(36.794)[I]: [5],57,5,12,0,-471,414,5269(36.794)[I]: [6],0,0,28,60,-89,-198,3162
(36.804)[I]: [5],36,4,8,0,-508,405,5734(36.804)[I]: [6],0,0,35,63,-85,-208,3137
(36.814)[I]: [5],10,3,8,0,-552,385,6189(36.814)[I]: [6],0,1,45,66,-85,-217,3124
(36.824)[I]: [5],3,3,4,0,-611,340,6639(36.824)[I]: [6],0,1,42,62,-84,-223,3116
(36.834)[I]: [5],2,3,4,0,-676,241,7072(36.834)[I]: [6],0,1,39,58,-83,-226,3113
(36.844)[I]: [5],1,2,8,0,-734,115,7459(36.844)[I]: [6],0,2,37,56,-82,-228,3113
(36.854)[I]: [5],1,2,4,0,-778,22,7637(36.854)[I]: [6],0,2,35,50,-81,-229,3113
(36.864)[I]: [5],2,5,8,0,-799,-34,7638(36.864)[I]: [6],0,5,31,49,-80,-231,3113
(36.874)[I]: [5],2,4,8,0,-797,-80,7481(36.874)[I]: [6],0,6,31,45,-80,-233,3113
(36.884)[I]: [5],2,4,4,0,-780,-112,7227(36.884)[I]: [6],0,7,28,40,-79,-234,3113
(36.894)[I]: [5],2,2,8,0,-756,-145,6924(36.894)[I]: [6],0,7,25,35,-78,-236,3113
(36.904)[I]: [5],2,2,8,0,-732,-186,6600(36.904)[I]: [6],0,7,22,31,-77,-237,3113
(36.914)[I]: [5],2,3,8,0,-714,-232,6271(36.914)[I]: [6],0,9,21,28,-76,-238,3113
(36.924)[I]: [5],2,4,8,0,-704,-276,5944(36.924)[I]: [6],0,8,24,25,-76,-238,3113
(36.934)[I]: [5],2,4,12,0,-701,-320,5624(36.934)[I]: [6],0,7,24,20,-75,-239,3113
(36.944)[I]: [5],2,4,12,0,-706,-361,5311(36.944)[I]: [6],0,7,23,21,-74,-239,3113
(36.954)[I]: [5],1,4,12,0,-720,-390,5003(36.954)[I]: [6],0,8,21,21,-73,-240,3113
(36.964)[I]: [5],1,4,8,0,-742,-406,4696(36.964)[I]: [6],0,9,23,19,-73,-241,3113
(36.974)[I]: [5],1,4,8,0,-769,-413,4385(36.974)[I]: [6],0,11,24,17,-72,-242,3113
(36.984)[I]: [5],1,4,8,0,-802,-411,4064(36.984)[I]: [6],0,13,21,15,-71,-244,3113
(36.994)[I]: [5],3,4,4,0,-836,-401,3731(36.994)[I]: [6],0,15,25,15,-70,-246,3113
(36.999)[I]: [5],3,4,4,0,-869,-382,3387(36.999)[I]: [6],0,17,27,15,-70,-247,3113
(36.999)[I]: [5],3,3,4,0,-900,-358,3034(36.999)[I]: [6],0,20,25,15,-69,-249,3113
(37.000)[I]: [5],3,2,4,0,-928,-330,2672(37.000)[I]: [6],0,22,27,15,-68,-250,3113
(37.010)[I]: [5],4,3,4,0,-952,-295,2304(37.010)[I]: [6],0,25,30,15,-68,-252,3113
(37.020)[I]: [5],5,3,4,0,-976,-254,1935(37.020)[I]: [6],0,26,36,14,-67,-253,3113
(37.030)[I]: [5],5,3,4,0,-999,-206,1567(37.030)[I]: [6],0,28,37,12,-67,-254,3110
(37.040)[I]: [5],5,3,4,0,-1019,-153,1206(37.040)[I]: [6],0,29,35,13,-66,-255,3106
(37.050)[I]: [5],5,3,4,0,-1038,-98,858(37.050)[I]: [6],0,31,42,10,-64,-255,3100
(37.060)[I]: [5],5,5,4,0,-1054,-51,532(37.060)[I]: [6],0,33,46,9,-64,-257,3094
(37.070)[I]: [5],5,5,4,0,-1069,-4,239(37.070)[I]: [6],0,36,49,7,-63,-259,3087
(37.080)[I]: [5],5,5,4,0,-1083,43,-27(37.080)[I]: [6],0,41,44,6,-62,-261,3080
(37.090)[I]: [5],5,4,4,0,-1095,98,-282(37.090)[I]: [6],0,43,47,4,-60,-265,3071
(37.100)[I]: [5],6,4,4,0,-1103,158,-549(37.100)[I]: [6],0,48,51,4,-58,-269,3059
(37.110)[I]: [5],5,5,4,0,-1104,219,-832(37.110)[I]: [6],0,63,53,2,-56,-274,3048
(37.120)[I]: [5],5,5,4,0,-1087,272,-1119(37.120)[I]: [6],0,71,53,2,-52,-278,3039
(37.130)[I]: [5],5,5,4,0,-1047,304,-1389(37.130)[I]: [6],1,78,63,1,-50,-282,3033
(37.140)[I]: [5],5,5,4,0,-980,313,-1625(37.140)[I]: [6],2,86,63,0,-49,-285,3026
(37.150)[I]: [5],5,5,4,0,-896,318,-1839(37.150)[I]: [6],3,94,72,0,-49,-288,3026
(37.160)[I]: [5],5,5,4,0,-804,331,-2057(37.160)[I]: [6],5,105,69,0,-48,-289,3026
(37.170)[I]: [5],5,4,4,0,-712,348,-2290(37.170)[I]: [6],9,116,75,0,-48,-290,3021
(37.180)[I]: [5],5,4,4,0,-626,358,-2523(37.180)[I]: [6],14,127,88,0,-47,-306,3013
(37.190)[I]: [5],5,4,0,0,-548,348,-2723(37.190)[I]: [6],21,147,76,0,-45,-348,2998
(37.200)[I]: [5],4,4,0,0,-489,323,-2867(37.200)[I]: [6],24,159,77,0,-41,-385,2969
(37.210)[I]: [5],4,5,0,0,-451,299,-2947(37.210)[I]: [6],31,179,66,0,-37,-384,2906
(37.220)[I]: [5],4,3,0,0,-432,288,-2965(37.220)[I]: [6],41,190,66,0,-33,-381,2818
(37.230)[I]: [5],4,2,0,0,-414,294,-2812(37.230)[I]: [6],50,199,55,0,-29,-391,2716
(37.240)[I]: [5],5,3,0,3,-356,171,-2498(37.240)[I]: [6],61,210,41,0,-25,-391,2599
(37.250)[I]: [5],3,3,4,9,-336,-30,-2110(37.250)[I]: [6],76,211,43,0,-19,-380,2463
(37.260)[I]: [5],1,3,4,15,-355,-293,-1740(37.260)[I]: [6],96,195,27,0,-13,-364,2305
(37.270)[I]: [5],1,3,4,22,-383,-544,-1407(37.271)[I]: [6],120,182,14,0,-10,-337,2113
(37.280)[I]: [5],1,3,8,31,-387,-643,-1099(37.280)[I]: [6],138,169,13,0,1,-291,1874
(37.290)[I]: [5],2,1,8,52,-332,-603,-823(37.290)[I]: [6],152,167,6,0,24,-273,1602
(37.300)[I]: [5],1,1,8,90,-238,-514,-565(37.300)[I]: [6],148,137,9,0,61,-256,1301
(37.310)[I]: [5],2,1,8,113,-156,-442,-347(37.310)[I]: [6],127,106,5,0,110,-208,959
(37.320)[I]: [5],4,1,8,129,-111,-375,-192(37.320)[I]: [6],115,78,8,0,187,-149,559
(37.330)[I]: [5],4,1,12,130,-120,-321,-95(37.330)[I]: [6],107,50,11,0,270,-133,118
(37.340)[I]: [5],3,1,12,126,-154,-278,-20(37.340)[I]: [6],86,38,7,0,328,-139,-362
(37.350)[I]: [5],2,1,24,112,-171,-243,47(37.350)[I]: [6],86,28,6,0,380,-131,-877
(37.360)[I]: [5],1,3,36,114,-171,-213,107(37.361)[I]: [6],62,19,3,0,444,-113,-1391
(37.370)[I]: [5],1,4,72,104,-169,-200,153(37.371)[I]: [6],35,13,5,0,523,-97,-1877
(37.380)[I]: [5],1,1,88,111,-167,-197,180(37.380)[I]: [6],21,8,2,0,608,-89,-2362
(37.390)[I]: [5],1,2,108,107,-165,-193,202(37.391)[I]: [6],3,8,2,0,710,-74,-2817
(37.400)[I]: [5],1,0,116,97,-165,-192,213(37.400)[I]: [6],5,6,0,0,833,-60,-3232
(37.410)[I]: [5],0,1,124,101,-164,-192,217(37.411)[I]: [6],4,3,2,0,969,-103,-3556
(37.420)[I]: [5],0,3,124,97,-162,-191,217(37.420)[I]: [6],3,4,2,0,1094,-174,-3764
(37.430)[I]: [5],0,3,124,93,-161,-192,217(37.431)[I]: [6],1,6,3,0,1186,-186,-3772
(37.440)[I]: [5],0,4,120,91,-159,-193,217(37.440)[I]: [6],2,3,1,0,1232,-196,-3635
(37.450)[I]: [5],0,5,116,80,-157,-193,217(37.450)[I]: [6],1,3,2,0,1244,-222,-3409
(37.460)[I]: [5],0,5,116,74,-156,-195,217(37.460)[I]: [6],0,5,3,0,1229,-256,-3134
(37.470)[I]: [5],0,4,120,63,-154,-196,217(37.470)[I]: [6],1,6,3,0,1196,-306,-2846
(37.480)[I]: [5],0,3,108,56,-153,-197,217(37.480)[I]: [6],1,5,3,0,1158,-365,-2562
(37.490)[I]: [5],0,5,104,50,-152,-191,215(37.490)[I]: [6],1,5,2,0,1111,-439,-2289
(37.500)[I]: [5],0,4,108,45,-151,-186,212(37.500)[I]: [6],1,3,2,0,1062,-520,-2034
(37.510)[I]: [5],0,3,100,40,-150,-186,212(37.510)[I]: [6],1,3,1,0,1010,-603,-1789
(37.520)[I]: [5],0,3,108,38,-148,-185,212(37.520)[I]: [6],1,3,1,0,955,-681,-1543
(37.530)[I]: [5],0,4,112,37,-147,-183,212(37.530)[I]: [6],0,3,2,0,896,-745,-1290
(37.540)[I]: [5],0,4,108,31,-145,-182,212(37.540)[I]: [6],0,4,2,0,832,-789,-1020
(37.550)[I]: [5],0,3,108,28,-144,-181,212(37.550)[I]: [6],0,3,2,0,762,-805,-734
(37.560)[I]: [5],0,3,108,23,-143,-181,212(37.560)[I]: [6],0,4,2,0,692,-797,-432
(37.570)[I]: [5],0,4,112,21,-141,-181,212(37.570)[I]: [6],1,5,1,0,617,-766,-119
(37.580)[I]: [5],0,5,112,20,-140,-182,212(37.580)[I]: [6],1,5,2,0,544,-717,201
(37.590)[I]: [5],0,6,112,20,-138,-183,212(37.590)[I]: [6],0,5,2,0,476,-655,529
(37.600)[I]: [5],0,4,116,20,-137,-184,212(37.600)[I]: [6],0,4,2,0,415,-584,860
(37.610)[I]: [5],0,6,124,20,-136,-184,212(37.611)[I]: [6],0,4,2,0,362,-509,1189
(37.620)[I]: [5],0,7,124,20,-134,-185,212(37.620)[I]: [6],1,3,2,0,320,-429,1513
(37.630)[I]: [5],0,10,116,18,-133,-186,212(37.631)[I]: [6],0,3,2,0,296,-341,1829
(37.640)[I]: [5],0,14,124,17,-132,-186,212(37.641)[I]: [6],1,3,2,0,292,-246,2137
(37.650)[I]: [5],0,17,120,16,-133,-190,216(37.651)[I]: [6],1,4,2,0,311,-148,2436
(37.660)[I]: [5],0,19,124,14,-131,-191,216(37.661)[I]: [6],1,3,2,0,351,-51,2720
(37.670)[I]: [5],0,23,124,13,-130,-192,216(37.671)[I]: [6],1,2,2,0,401,39,2987
(37.680)[I]: [5],0,23,140,11,-129,-193,216(37.681)[I]: [6],0,1,2,0,455,119,3243
(37.690)[I]: [5],0,28,140,12,-128,-195,218(37.691)[I]: [6],1,2,2,0,503,187,3504
(37.700)[I]: [5],0,31,140,10,-128,-197,221(37.701)[I]: [6],1,2,2,0,546,241,3780
(37.710)[I]: [5],4,34,148,10,-129,-200,229(37.711)[I]: [6],1,2,2,0,585,287,4075
(37.720)[I]: [5],4,38,152,9,-130,-203,238(37.721)[I]: [6],0,2,2,0,622,332,4380
(37.730)[I]: [5],7,41,164,8,-130,-207,250(37.731)[I]: [6],0,2,3,0,656,380,4685
(37.740)[I]: [5],13,43,160,8,-131,-207,266(37.741)[I]: [6],0,2,2,0,680,425,4981
(37.750)[I]: [5],19,49,168,3,-131,-207,289(37.751)[I]: [6],0,2,2,0,661,434,5192
(37.760)[I]: [5],26,63,176,2,-133,-205,319(37.761)[I]: [6],0,1,3,0,665,437,5431
(37.770)[I]: [5],34,76,180,0,-134,-205,359(37.771)[I]: [6],0,1,3,0,620,412,5667
(37.780)[I]: [5],44,81,184,0,-136,-207,401(37.781)[I]: [6],0,3,3,0,567,397,5836
(37.790)[I]: [5],55,95,196,0,-138,-222,446(37.791)[I]: [6],0,3,3,0,500,393,5959
(37.800)[I]: [5],68,114,196,0,-141,-257,495(37.801)[I]: [6],0,4,3,0,433,385,5982
(37.810)[I]: [5],86,132,184,0,-143,-284,569(37.811)[I]: [6],0,5,2,0,360,339,5890
(37.820)[I]: [5],99,147,156,0,-145,-285,676(37.821)[I]: [6],0,4,1,0,279,249,5687
(37.830)[I]: [5],108,156,140,0,-146,-292,791(37.831)[I]: [6],0,4,2,0,196,121,5348
(37.840)[I]: [5],120,169,104,0,-147,-293,920(37.841)[I]: [6],0,1,2,3,145,7,5002
(37.850)[I]: [5],126,154,96,0,-146,-283,1075(37.851)[I]: [6],0,0,1,13,107,-52,4662
(37.860)[I]: [5],131,152,84,0,-144,-263,1258(37.861)[I]: [6],0,0,3,19,72,-117,4362
(37.870)[I]: [5],138,131,68,0,-137,-230,1477(37.871)[I]: [6],0,0,1,26,27,-118,4079
(37.880)[I]: [5],139,106,60,0,-134,-178,1743(37.881)[I]: [6],0,0,2,38,-21,-150,3844
(37.890)[I]: [5],130,79,56,0,-135,-116,2064(37.891)[I]: [6],0,0,3,47,-48,-180,3668
(37.900)[I]: [5],114,48,36,0,-143,-42,2442(37.901)[I]: [6],0,0,2,56,-32,-204,3541
(37.910)[I]: [5],92,37,44,0,-163,44,2873(37.910)[I]: [6],0,0,6,56,-23,-214,3443
(37.920)[I]: [5],97,19,36,0,-187,134,3341(37.921)[I]: [6],0,0,10,54,-24,-223,3359
(37.930)[I]: [5],102,15,36,0,-207,222,3845(37.931)[I]: [6],0,0,17,51,-22,-233,3294
(37.940)[I]: [5],98,7,28,0,-229,271,4362(37.940)[I]: [6],0,0,23,59,-28,-248,3243
(37.950)[I]: [5],67,10,8,0,-229,250,4884(37.950)[I]: [6],0,1,20,59,-21,-256,3211
(37.960)[I]: [5],46,7,8,0,-254,236,5388(37.960)[I]: [6],0,1,25,60,-19,-263,3191
(37.970)[I]: [5],21,3,8,0,-284,206,5856(37.970)[I]: [6],0,3,25,68,-18,-271,3179
(37.980)[I]: [5],7,5,8,0,-333,171,6316(37.980)[I]: [6],0,6,28,66,-16,-276,3169
(37.990)[I]: [5],3,5,0,0,-407,96,6748(37.990)[I]: [6],0,7,28,61,-15,-280,3162
(37.999)[I]: [5],1,4,4,0,-491,-19,7165(37.999)[I]: [6],0,8,31,63,-14,-283,3160
(37.999)[I]: [5],3,2,4,0,-568,-101,7439(37.999)[I]: [6],0,9,31,53,-14,-284,3160
(37.999)[I]: [5],3,3,4,0,-628,-121,7545(37.999)[I]: [6],0,11,33,48,-14,-285,3160
(38.006)[I]: [5],2,3,8,0,-668,-142,7509(38.006)[I]: [6],0,11,36,40,-13,-287,3160
(38.016)[I]: [5],2,3,8,0,-693,-151,7355(38.016)[I]: [6],0,12,31,37,-13,-288,3160
(38.026)[I]: [5],1,4,8,0,-704,-159,7128(38.026)[I]: [6],0,12,29,31,-13,-289,3160
(38.036)[I]: [5],1,3,8,0,-708,-178,6858(38.036)[I]: [6],0,12,28,25,-13,-289,3160
(38.046)[I]: [5],1,3,8,0,-708,-206,6561(38.046)[I]: [6],0,13,31,21,-13,-290,3160
(38.056)[I]: [5],1,3,8,0,-708,-237,6251(38.056)[I]: [6],0,14,31,17,-13,-291,3160
(38.066)[I]: [5],1,4,8,0,-712,-270,5934(38.066)[I]: [6],0,15,31,15,-13,-291,3160
(38.076)[I]: [5],1,4,8,0,-719,-304,5616(38.076)[I]: [6],0,17,31,12,-13,-291,3160
(38.086)[I]: [5],1,3,8,0,-729,-340,5298(38.086)[I]: [6],0,19,30,12,-12,-292,3160
(38.096)[I]: [5],1,3,4,0,-741,-375,4980(38.096)[I]: [6],0,22,28,11,-12,-293,3160
(38.106)[I]: [5],1,3,4,0,-758,-405,4659(38.106)[I]: [6],0,23,30,10,-12,-294,3160
(38.116)[I]: [5],1,3,4,0,-778,-428,4326(38.116)[I]: [6],0,25,29,7,-12,-294,3160
(38.126)[I]: [5],1,3,4,0,-798,-442,3978(38.126)[I]: [6],0,27,31,7,-12,-295,3160
(38.136)[I]: [5],1,3,4,0,-817,-445,3617(38.136)[I]: [6],0,31,35,6,-12,-297,3160
(38.146)[I]: [5],2,3,4,0,-835,-434,3249(38.146)[I]: [6],0,34,31,6,-12,-297,3160
(38.156)[I]: [5],3,3,4,0,-851,-411,2876(38.156)[I]: [6],0,35,35,5,-12,-298,3160
(38.166)[I]: [5],3,3,4,0,-865,-379,2501(38.166)[I]: [6],0,37,35,6,-11,-299,3160
(38.176)[I]: [5],3,3,4,0,-881,-339,2128(38.176)[I]: [6],0,35,39,4,-11,-300,3157
(38.186)[I]: [5],3,3,4,0,-901,-294,1757(38.186)[I]: [6],0,40,38,5,-9,-302,3151
(38.196)[I]: [5],5,3,4,0,-928,-244,1395(38.196)[I]: [6],0,46,40,4,-7,-307,3145
(38.206)[I]: [5],5,3,4,0,-964,-191,1042(38.206)[I]: [6],0,54,45,2,-6,-311,3138
(38.216)[I]: [5],5,3,4,0,-1007,-139,702(38.216)[I]: [6],0,63,41,3,-5,-315,3132
(38.226)[I]: [5],4,3,4,0,-1060,-92,375(38.226)[I]: [6],0,77,46,3,-4,-319,3125
(38.236)[I]: [5],4,3,4,0,-1126,-48,63(38.236)[I]: [6],0,86,49,2,-4,-321,3122
(38.246)[I]: [5],4,3,4,0,-1200,-3,-233(38.246)[I]: [6],0,92,49,2,-2,-325,3117
(38.256)[I]: [5],4,3,4,0,-1285,46,-514(38.256)[I]: [6],1,99,48,1,-2,-326,3117
(38.266)[I]: [5],4,3,4,0,-1376,102,-779(38.266)[I]: [6],1,109,47,1,-1,-327,3114
(38.276)[I]: [5],5,4,4,0,-1467,160,-1036(38.276)[I]: [6],2,120,53,0,0,-328,3111
(38.286)[I]: [5],5,4,4,0,-1545,216,-1281(38.286)[I]: [6],3,127,53,0,0,-329,3108
(38.296)[I]: [5],5,5,4,0,-1601,265,-1513(38.296)[I]: [6],9,136,52,0,1,-338,3105
(38.306)[I]: [5],5,5,0,0,-1623,298,-1726(38.306)[I]: [6],13,152,49,0,4,-371,3085
(38.316)[I]: [5],4,4,0,0,-1608,321,-1927(38.316)[I]: [6],15,167,50,0,9,-421,3057
(38.326)[I]: [5],3,4,0,0,-1557,338,-2122(38.326)[I]: [6],19,187,52,0,15,-469,3021
(38.336)[I]: [5],4,4,0,0,-1471,345,-2323(38.336)[I]: [6],22,207,53,0,18,-508,2988
(38.346)[I]: [5],4,4,0,0,-1356,341,-2524(38.346)[I]: [6],28,221,54,0,22,-512,2938
(38.356)[I]: [5],3,4,0,0,-1216,309,-2706(38.356)[I]: [6],38,241,56,0,22,-512,2879
(38.366)[I]: [5],3,4,0,0,-1060,257,-2844(38.366)[I]: [6],47,252,53,0,24,-509,2812
(38.376)[I]: [5],4,4,0,0,-898,197,-2927(38.376)[I]: [6],57,265,47,0,25,-498,2736
(38.386)[I]: [5],4,3,0,0,-739,161,-2921(38.386)[I]: [6],63,271,40,0,27,-479,2648
(38.396)[I]: [5],5,3,0,1,-604,203,-2661(38.396)[I]: [6],76,280,31,0,30,-456,2550
(38.406)[I]: [5],5,3,0,7,-498,122,-2321(38.406)[I]: [6],90,271,26,0,33,-432,2439
(38.416)[I]: [5],2,3,0,16,-437,-14,-1947(38.416)[I]: [6],105,262,19,0,36,-409,2306
(38.426)[I]: [5],1,3,0,20,-418,-183,-1614(38.426)[I]: [6],118,248,12,0,37,-377,2139
(38.436)[I]: [5],1,5,8,23,-427,-372,-1314(38.436)[I]: [6],132,221,10,0,44,-335,1931
(38.446)[I]: [5],1,2,12,31,-442,-532,-1049(38.447)[I]: [6],142,186,5,0,65,-317,1695
(38.456)[I]: [5],1,1,12,54,-433,-558,-803(38.456)[I]: [6],138,151,7,0,97,-309,1435
(38.466)[I]: [5],1,1,8,89,-380,-504,-569(38.466)[I]: [6],127,121,7,0,138,-279,1142
(38.476)[I]: [5],1,1,8,124,-312,-418,-373(38.476)[I]: [6],114,89,5,0,200,-230,803
(38.486)[I]: [5],1,1,8,139,-281,-350,-245(38.486)[I]: [6],105,63,9,0,282,-197,419
(38.496)[I]: [5],1,2,12,144,-293,-302,-153(38.497)[I]: [6],98,45,7,0,349,-197,0
(38.506)[I]: [5],1,4,24,138,-306,-261,-81(38.506)[I]: [6],71,30,9,0,403,-198,-451
(38.516)[I]: [5],1,1,28,122,-307,-225,-16(38.516)[I]: [6],66,27,6,0,460,-179,-938
(38.526)[I]: [5],1,3,76,109,-308,-201,34(38.526)[I]: [6],47,19,7,0,528,-142,-1406
(38.536)[I]: [5],0,1,96,103,-304,-186,68(38.536)[I]: [6],33,13,4,0,608,-104,-1869
(38.546)[I]: [5],0,2,124,94,-301,-177,93(38.546)[I]: [6],16,8,1,0,695,-73,-2329
(38.556)[I]: [5],0,1,148,92,-299,-169,107(38.556)[I]: [6],5,8,0,0,798,-38,-2759
(38.566)[I]: [5],0,2,156,89,-296,-166,114(38.566)[I]: [6],4,4,0,0,914,-20,-3147
(38.576)[I]: [5],0,3,176,88,-293,-167,114(38.576)[I]: [6],3,3,0,0,1031,-67,-3441
(38.586)[I]: [5],0,4,180,85,-290,-166,115(38.586)[I]: [6],2,4,1,0,1124,-150,-3617
(38.596)[I]: [5],0,4,176,76,-287,-165,115(38.596)[I]: [6],1,3,0,0,1181,-201,-3603
(38.606)[I]: [5],0,4,184,57,-286,-165,118(38.606)[I]: [6],1,3,0,0,1191,-264,-3449
(38.616)[I]: [5],0,6,180,53,-285,-164,124(38.616)[I]: [6],1,4,1,0,1175,-340,-3212
(38.626)[I]: [5],0,6,184,41,-283,-167,124(38.626)[I]: [6],1,5,2,0,1137,-421,-2938
(38.636)[I]: [5],0,5,184,35,-281,-160,129(38.636)[I]: [6],1,6,3,0,1091,-509,-2659
(38.646)[I]: [5],1,6,192,19,-279,-152,135(38.647)[I]: [6],0,3,2,0,1050,-599,-2389
(38.656)[I]: [5],0,5,188,13,-278,-146,140(38.656)[I]: [6],0,6,3,0,1008,-685,-2137
(38.666)[I]: [5],1,7,192,16,-276,-138,146(38.667)[I]: [6],0,6,2,0,975,-760,-1906
(38.676)[I]: [5],0,7,196,12,-275,-132,152(38.676)[I]: [6],1,3,2,0,947,-825,-1686
(38.686)[I]: [5],0,5,200,10,-274,-130,160(38.686)[I]: [6],0,3,1,0,920,-879,-1470
(38.696)[I]: [5],0,5,204,12,-274,-131,166(38.696)[I]: [6],0,3,1,0,893,-919,-1245
(38.706)[I]: [5],0,6,212,8,-275,-136,172(38.706)[I]: [6],0,5,1,0,859,-944,-1006
(38.716)[I]: [5],0,7,216,11,-275,-142,177(38.716)[I]: [6],0,4,1,0,817,-955,-745
(38.726)[I]: [5],0,10,216,10,-276,-148,182(38.727)[I]: [6],0,4,1,0,767,-953,-464
(38.736)[I]: [5],0,12,212,10,-274,-152,184(38.737)[I]: [6],0,3,0,0,708,-939,-168
(38.746)[I]: [5],0,14,220,10,-272,-155,186(38.747)[I]: [6],0,3,0,0,644,-913,136
(38.756)[I]: [5],0,13,228,9,-270,-156,186(38.756)[I]: [6],0,4,0,0,577,-878,446
(38.766)[I]: [5],0,15,232,8,-269,-158,192(38.767)[I]: [6],0,4,1,0,512,-834,758
(38.776)[I]: [5],0,16,236,6,-268,-159,196(38.776)[I]: [6],0,4,1,0,451,-784,1067
(38.786)[I]: [5],0,18,244,5,-267,-160,205(38.786)[I]: [6],0,3,0,0,398,-726,1372
(38.796)[I]: [5],0,19,252,4,-266,-162,213(38.796)[I]: [6],0,3,1,0,354,-659,1663
(38.806)[I]: [5],1,21,264,4,-265,-164,221(38.807)[I]: [6],0,3,0,0,320,-580,1937
(38.816)[I]: [5],0,23,276,3,-264,-166,229(38.816)[I]: [6],0,3,0,0,298,-491,2188
(38.826)[I]: [5],0,24,280,3,-263,-167,237(38.826)[I]: [6],0,3,0,0,289,-389,2421
(38.836)[I]: [5],0,25,284,2,-263,-167,247(38.836)[I]: [6],0,2,1,0,295,-281,2650
(38.846)[I]: [5],1,25,288,3,-263,-169,257(38.847)[I]: [6],0,2,1,0,315,-176,2892
(38.856)[I]: [5],1,27,284,2,-263,-171,267(38.856)[I]: [6],0,2,1,0,352,-82,3157
(38.866)[I]: [5],3,29,292,2,-263,-172,276(38.867)[I]: [6],0,2,2,0,405,2,3440
(38.876)[I]: [5],5,31,296,1,-264,-176,285(38.877)[I]: [6],0,2,2,0,476,79,3731
(38.886)[I]: [5],6,34,304,0,-265,-181,297(38.886)[I]: [6],0,2,2,0,562,153,4015
(38.896)[I]: [5],10,39,312,0,-265,-184,309(38.897)[I]: [6],0,1,2,0,658,224,4284
(38.906)[I]: [5],14,44,304,0,-266,-190,321(38.907)[I]: [6],0,2,2,0,751,297,4533
(38.916)[I]: [5],17,53,304,0,-267,-196,334(38.917)[I]: [6],0,2,3,0,830,369,4762
(38.926)[I]: [5],23,60,312,0,-269,-204,348(38.927)[I]: [6],0,2,3,0,884,434,4978
(38.936)[I]: [5],29,63,312,0,-272,-216,366(38.937)[I]: [6],0,2,3,0,902,481,5189
(38.946)[I]: [5],39,76,300,0,-277,-233,390(38.947)[I]: [6],0,2,3,0,880,509,5395
(38.956)[I]: [5],43,88,280,0,-281,-255,422(38.957)[I]: [6],0,2,3,0,823,523,5594
(38.966)[I]: [5],59,99,284,0,-283,-271,478(38.967)[I]: [6],0,2,3,0,750,531,5777
(38.976)[I]: [5],69,108,252,0,-285,-282,550(38.977)[I]: [6],0,3,3,0,669,525,5933
(38.986)[I]: [5],82,113,228,0,-287,-285,628(38.987)[I]: [6],0,4,3,0,589,500,6055
(38.996)[I]: [5],93,121,200,0,-287,-281,717(38.997)[I]: [6],0,5,1,0,471,403,5978
(38.999)[I]: [5],100,133,184,0,-284,-270,819(38.999)[I]: [6],0,4,2,0,409,307,5811
(38.999)[I]: [5],104,127,160,0,-281,-255,941(38.999)[I]: [6],0,3,2,1,357,163,5522
(39.002)[I]: [5],111,127,124,0,-275,-228,1083(39.003)[I]: [6],0,1,1,5,315,-9,5195
(39.012)[I]: [5],124,124,104,0,-268,-198,1251(39.013)[I]: [6],0,0,1,12,282,-109,4894
(39.022)[I]: [5],126,112,100,0,-257,-166,1456(39.023)[I]: [6],0,0,0,18,231,-164,4605
(39.032)[I]: [5],118,91,92,0,-250,-121,1705(39.032)[I]: [6],0,0,1,28,163,-149,4338
(39.042)[I]: [5],115,67,76,0,-249,-57,1999(39.042)[I]: [6],0,0,1,41,101,-143,4088
(39.052)[I]: [5],111,48,68,0,-257,24,2344(39.052)[I]: [6],0,0,1,53,88,-188,3889
(39.062)[I]: [5],94,31,60,0,-275,121,2737(39.062)[I]: [6],0,0,3,62,98,-200,3740
(39.072)[I]: [5],105,20,60,0,-297,221,3168(39.073)[I]: [6],0,0,4,72,108,-210,3630
(39.082)[I]: [5],115,23,60,0,-311,317,3630(39.083)[I]: [6],0,0,9,71,111,-214,3540
(39.092)[I]: [5],117,12,44,0,-331,414,4114(39.093)[I]: [6],0,0,15,68,109,-218,3468
(39.102)[I]: [5],89,15,32,0,-331,448,4605(39.103)[I]: [6],0,1,18,67,98,-218,3410
(39.112)[I]: [5],68,7,16,0,-333,468,5096(39.112)[I]: [6],0,0,26,68,84,-225,3366
(39.122)[I]: [5],39,7,16,0,-350,479,5560(39.122)[I]: [6],0,0,26,60,88,-233,3332
(39.132)[I]: [5],21,4,16,0,-369,471,6008(39.132)[I]: [6],0,1,31,66,88,-239,3310
(39.142)[I]: [5],4,3,4,0,-410,443,6443(39.142)[I]: [6],0,1,35,72,88,-246,3295
(39.152)[I]: [5],2,3,8,0,-476,367,6847(39.152)[I]: [6],0,3,29,63,90,-254,3285
(39.162)[I]: [5],3,3,8,0,-545,273,7238(39.162)[I]: [6],0,4,26,63,91,-261,3277
(39.172)[I]: [5],3,3,8,0,-622,220,7468(39.172)[I]: [6],0,7,28,59,91,-264,3273
(39.182)[I]: [5],1,3,8,0,-691,189,7558(39.182)[I]: [6],0,8,30,49,91,-268,3271
(39.192)[I]: [5],3,3,8,0,-751,155,7511(39.192)[I]: [6],0,10,29,51,90,-269,3271
(39.202)[I]: [5],3,3,8,0,-799,129,7359(39.202)[I]: [6],0,11,31,39,89,-270,3271
(39.212)[I]: [5],3,3,8,0,-836,91,7140(39.212)[I]: [6],0,12,29,37,88,-271,3271
(39.222)[I]: [5],2,3,8,0,-863,40,6879(39.222)[I]: [6],0,11,31,27,87,-272,3271
(39.232)[I]: [5],3,3,8,0,-886,-23,6594(39.232)[I]: [6],0,11,30,23,86,-272,3271
(39.242)[I]: [5],3,3,8,0,-905,-98,6298(39.242)[I]: [6],0,10,31,19,86,-273,3271
(39.252)[I]: [5],2,3,8,0,-923,-179,5997(39.252)[I]: [6],0,15,28,19,85,-274,3271
(39.262)[I]: [5],1,3,8,0,-939,-264,5691(39.262)[I]: [6],0,17,37,20,84,-275,3271
(39.272)[I]: [5],1,3,8,0,-953,-347,5378(39.272)[I]: [6],0,18,31,21,83,-275,3271
(39.282)[I]: [5],1,3,8,0,-966,-421,5057(39.282)[I]: [6],0,19,31,19,82,-276,3271
(39.292)[I]: [5],1,3,8,0,-976,-487,4727(39.292)[I]: [6],0,19,31,17,81,-276,3271
(39.302)[I]: [5],1,2,8,0,-982,-543,4389(39.302)[I]: [6],0,21,34,14,81,-277,3271
(39.312)[I]: [5],2,2,8,0,-985,-585,4045(39.312)[I]: [6],0,20,31,13,80,-278,3271
(39.322)[I]: [5],2,3,8,0,-983,-609,3698(39.322)[I]: [6],0,20,31,12,79,-279,3271
(39.332)[I]: [5],2,2,8,0,-976,-618,3348(39.332)[I]: [6],0,23,30,12,78,-280,3271
(39.342)[I]: [5],2,3,4,0,-968,-611,2993(39.342)[I]: [6],0,23,31,13,77,-281,3271
(39.352)[I]: [5],3,3,8,0,-960,-589,2630(39.352)[I]: [6],0,28,37,18,77,-282,3271
(39.362)[I]: [5],2,3,8,0,-957,-554,2259(39.362)[I]: [6],0,29,35,17,76,-283,3271
(39.372)[I]: [5],3,3,8,0,-959,-504,1888(39.372)[I]: [6],0,31,40,15,75,-283,3271
(39.382)[I]: [5],4,2,8,0,-971,-444,1525(39.382)[I]: [6],0,31,39,15,74,-284,3271
(39.392)[I]: [5],4,3,8,0,-992,-382,1173(39.392)[I]: [6],0,34,46,11,74,-285,3271
(39.402)[I]: [5],4,3,4,0,-1022,-321,832(39.402)[I]: [6],0,34,41,9,73,-285,3271
(39.412)[I]: [5],4,3,4,0,-1056,-269,503(39.412)[I]: [6],0,35,42,7,72,-285,3271
(39.422)[I]: [5],4,2,4,0,-1092,-225,184(39.422)[I]: [6],0,35,43,6,71,-285,3271
(39.432)[I]: [5],4,3,4,0,-1128,-183,-125(39.432)[I]: [6],0,37,47,5,71,-287,3269
(39.442)[I]: [5],4,2,4,0,-1171,-137,-422(39.442)[I]: [6],0,40,54,8,71,-289,3266
(39.452)[I]: [5],4,2,4,0,-1224,-87,-705(39.452)[I]: [6],0,44,51,8,70,-290,3263
(39.462)[I]: [5],4,2,4,0,-1288,-29,-969(39.462)[I]: [6],0,51,52,6,71,-293,3258
(39.472)[I]: [5],4,3,4,0,-1362,33,-1222(39.472)[I]: [6],0,56,55,5,71,-296,3251
(39.482)[I]: [5],4,3,4,0,-1439,93,-1466(39.482)[I]: [6],0,63,62,6,73,-301,3243
(39.492)[I]: [5],4,3,4,0,-1511,143,-1701(39.492)[I]: [6],0,66,56,3,74,-306,3236
(39.502)[I]: [5],4,3,4,0,-1568,181,-1914(39.502)[I]: [6],0,73,61,3,75,-310,3229
(39.512)[I]: [5],5,3,4,0,-1605,202,-2104(39.512)[I]: [6],0,79,63,2,77,-314,3222
(39.522)[I]: [5],4,3,4,0,-1614,205,-2276(39.522)[I]: [6],1,88,66,1,79,-317,3215
(39.532)[I]: [5],4,3,4,0,-1587,205,-2439(39.532)[I]: [6],1,95,78,1,80,-319,3208
(39.542)[I]: [5],4,3,4,0,-1520,215,-2599(39.542)[I]: [6],5,103,78,0,80,-320,3202
(39.552)[I]: [5],5,3,4,0,-1410,220,-2754(39.552)[I]: [6],6,115,77,0,80,-320,3202
(39.562)[I]: [5],4,3,4,0,-1262,202,-2889(39.562)[I]: [6],15,126,75,0,78,-322,3199
(39.572)[I]: [5],4,2,0,0,-1088,164,-2984(39.572)[I]: [6],16,140,76,0,80,-357,3184
(39.582)[I]: [5],3,5,0,0,-927,157,-2885(39.582)[I]: [6],19,158,71,0,84,-413,3137
(39.592)[I]: [5],5,3,4,1,-797,56,-2648(39.592)[I]: [6],22,172,63,0,90,-450,3076
(39.602)[I]: [5],5,3,4,5,-754,-93,-2323(39.602)[I]: [6],36,182,66,0,95,-455,2988
(39.612)[I]: [5],1,4,0,13,-748,-292,-1988(39.612)[I]: [6],39,181,50,0,97,-462,2892
(39.622)[I]: [5],1,3,4,22,-758,-446,-1675(39.622)[I]: [6],56,181,44,0,101,-462,2785
(39.632)[I]: [5],1,3,4,28,-766,-540,-1392(39.632)[I]: [6],71,173,29,0,106,-450,2662
(39.642)[I]: [5],1,1,8,41,-752,-571,-1130(39.642)[I]: [6],88,161,19,0,114,-438,2521
(39.652)[I]: [5],2,1,8,60,-721,-541,-892(39.652)[I]: [6],99,140,15,0,121,-429,2354
(39.662)[I]: [5],2,1,8,80,-682,-509,-681(39.662)[I]: [6],103,126,10,0,132,-393,2152
(39.672)[I]: [5],1,1,8,90,-645,-456,-519(39.672)[I]: [6],104,108,6,0,155,-350,1910
(39.682)[I]: [5],2,1,12,97,-626,-400,-417(39.683)[I]: [6],101,88,6,0,185,-321,1643
(39.692)[I]: [5],2,1,12,98,-631,-350,-337(39.692)[I]: [6],86,68,4,0,225,-268,1344
(39.702)[I]: [5],2,1,20,84,-637,-308,-269(39.703)[I]: [6],86,47,6,0,283,-204,999
(39.712)[I]: [5],2,1,28,80,-643,-266,-203(39.712)[I]: [6],75,36,9,0,347,-182,622
(39.722)[I]: [5],2,1,72,71,-641,-236,-149(39.722)[I]: [6],65,30,7,0,395,-181,208
(39.732)[I]: [5],0,1,80,75,-634,-222,-114(39.732)[I]: [6],55,25,9,0,443,-171,-240
(39.742)[I]: [5],0,1,104,68,-630,-217,-88(39.742)[I]: [6],51,18,6,0,502,-152,-699
(39.752)[I]: [5],0,3,124,67,-628,-214,-74(39.752)[I]: [6],34,9,3,0,564,-137,-1135
(39.762)[I]: [5],0,3,140,71,-625,-213,-66(39.762)[I]: [6],19,10,3,0,635,-107,-1567
(39.772)[I]: [5],0,4,148,70,-621,-214,-59(39.772)[I]: [6],3,11,0,0,727,-72,-1980
(39.782)[I]: [5],0,6,152,67,-618,-212,-52(39.782)[I]: [6],2,7,0,0,829,-60,-2365
(39.792)[I]: [5],0,8,164,62,-616,-212,-46(39.792)[I]: [6],1,3,1,0,940,-81,-2691
(39.802)[I]: [5],0,10,164,53,-614,-211,-39(39.802)[I]: [6],0,6,2,0,1062,-157,-2915
(39.812)[I]: [5],0,12,176,51,-611,-209,-32(39.813)[I]: [6],1,4,2,0,1163,-218,-3012
(39.822)[I]: [5],0,12,184,42,-608,-203,-28(39.822)[I]: [6],1,3,2,0,1225,-256,-2957
(39.832)[I]: [5],0,15,192,28,-605,-194,-23(39.833)[I]: [6],1,5,2,0,1261,-308,-2802
(39.842)[I]: [5],0,15,192,17,-602,-186,-15(39.842)[I]: [6],0,4,2,0,1276,-365,-2580
(39.852)[I]: [5],0,15,192,13,-597,-178,-6(39.852)[I]: [6],0,3,2,0,1274,-425,-2330
(39.862)[I]: [5],0,15,200,11,-594,-169,5(39.862)[I]: [6],1,3,2,0,1266,-490,-2074
(39.872)[I]: [5],0,15,204,8,-592,-163,20(39.872)[I]: [6],0,3,2,0,1247,-564,-1828
(39.882)[I]: [5],1,15,204,6,-590,-160,37(39.882)[I]: [6],1,4,2,0,1229,-642,-1599
(39.892)[I]: [5],1,18,208,5,-588,-160,53(39.892)[I]: [6],0,5,2,0,1207,-722,-1390
(39.902)[I]: [5],1,19,212,5,-587,-160,69(39.902)[I]: [6],0,4,2,0,1179,-795,-1196
(39.912)[I]: [5],0,20,216,4,-585,-160,84(39.912)[I]: [6],0,3,1,0,1143,-861,-1006
(39.922)[I]: [5],0,22,220,5,-584,-159,99(39.922)[I]: [6],0,3,2,0,1095,-920,-808
(39.932)[I]: [5],0,22,228,2,-582,-157,113(39.932)[I]: [6],0,3,2,0,1031,-967,-594
(39.942)[I]: [5],0,24,232,2,-580,-154,127(39.943)[I]: [6],0,3,2,0,949,-998,-363
(39.952)[I]: [5],0,23,244,1,-578,-154,136(39.952)[I]: [6],0,3,2,0,849,-1009,-119
(39.962)[I]: [5],2,24,252,2,-576,-154,143(39.963)[I]: [6],0,3,2,0,732,-999,135
(39.972)[I]: [5],3,24,252,1,-574,-157,150(39.973)[I]: [6],0,3,1,0,604,-978,405
(39.982)[I]: [5],3,27,252,2,-573,-161,155(39.983)[I]: [6],0,3,2,0,472,-950,693
(39.992)[I]: [5],3,27,252,1,-570,-164,157(39.993)[I]: [6],0,3,2,0,347,-915,999
(39.999)[I]: [5],5,28,264,2,-567,-169,157(39.999)[I]: [6],0,3,2,0,236,-872,1311
(39.999)[I]: [5],7,31,268,2,-561,-169,157(39.999)[I]: [6],0,4,3,0,147,-815,1613
(39.999)[I]: [5],8,35,272,1,-557,-173,157(39.999)[I]: [6],0,5,3,0,85,-746,1891
(40.008)[I]: [5],10,36,268,1,-552,-174,157(40.008)[I]: [6],0,5,3,0,54,-670,2134
(40.018)[I]: [5],12,37,276,1,-547,-175,157(40.019)[I]: [6],0,5,3,0,50,-589,2355
(40.028)[I]: [5],12,37,272,1,-541,-176,157(40.029)[I]: [6],0,5,2,0,65,-513,2570
(40.038)[I]: [5],13,39,272,1,-540,-181,152(40.039)[I]: [6],0,5,2,0,88,-449,2794
(40.048)[I]: [5],15,39,276,1,-537,-183,149(40.049)[I]: [6],0,5,2,0,110,-400,3029
(40.058)[I]: [5],18,41,280,1,-531,-183,149(40.059)[I]: [6],0,4,2,0,122,-366,3274
(40.068)[I]: [5],18,43,284,1,-526,-185,149(40.069)[I]: [6],0,4,2,0,119,-340,3517
(40.078)[I]: [5],19,46,288,1,-521,-186,149(40.079)[I]: [6],0,5,2,0,99,-311,3748
(40.088)[I]: [5],22,48,288,1,-516,-186,149(40.089)[I]: [6],0,5,3,0,65,-264,3961
(40.098)[I]: [5],24,53,292,1,-511,-188,149(40.099)[I]: [6],0,5,2,0,18,-197,4160
(40.108)[I]: [5],27,56,296,0,-506,-189,149(40.109)[I]: [6],0,5,2,0,-41,-121,4348
(40.118)[I]: [5],30,59,300,0,-501,-190,149(40.119)[I]: [6],0,5,2,0,-113,-52,4527
(40.128)[I]: [5],29,60,296,0,-496,-191,148(40.129)[I]: [6],0,5,2,0,-191,0,4698
(40.138)[I]: [5],30,61,296,0,-491,-190,148(40.139)[I]: [6],0,5,2,0,-265,30,4865
(40.148)[I]: [5],31,63,300,0,-487,-191,152(40.149)[I]: [6],0,5,2,0,-320,45,5032
(40.158)[I]: [5],35,66,292,0,-485,-192,160(40.159)[I]: [6],0,5,3,0,-351,58,5196
(40.168)[I]: [5],39,69,296,0,-483,-194,171(40.169)[I]: [6],0,5,3,0,-358,83,5350
(40.178)[I]: [5],38,73,292,0,-481,-198,182(40.179)[I]: [6],0,5,3,0,-330,137,5489
(40.188)[I]: [5],39,78,288,0,-481,-203,195(40.189)[I]: [6],0,5,3,0,-284,209,5604
(40.198)[I]: [5],44,81,284,0,-480,-209,211(40.199)[I]: [6],0,5,2,0,-223,292,5692
(40.208)[I]: [5],49,84,296,0,-480,-221,230(40.208)[I]: [6],0,5,2,0,-157,371,5754
(40.218)[I]: [5],57,89,292,0,-480,-241,256(40.219)[I]: [6],0,5,2,0,-95,439,5793
(40.228)[I]: [5],66,91,280,0,-481,-254,294(40.229)[I]: [6],0,5,0,0,-52,488,5810
(40.238)[I]: [5],69,99,268,0,-480,-258,346(40.239)[I]: [6],0,5,0,0,-18,520,5684
(40.248)[I]: [5],75,105,236,0,-480,-264,405(40.249)[I]: [6],0,6,0,0,-90,420,5567
(40.258)[I]: [5],79,113,196,0,-480,-270,470(40.259)[I]: [6],0,4,0,0,-110,332,5385
(40.268)[I]: [5],87,110,192,0,-478,-268,540(40.269)[I]: [6],0,3,0,1,-133,180,5175
(40.278)[I]: [5],90,110,172,0,-476,-260,617(40.279)[I]: [6],0,3,0,3,-144,55,4969
(40.288)[I]: [5],95,105,148,0,-472,-245,702(40.289)[I]: [6],0,3,0,7,-158,-16,4771
(40.298)[I]: [5],97,99,124,0,-468,-225,797(40.299)[I]: [6],0,2,0,10,-190,-63,4574
(40.308)[I]: [5],105,93,112,0,-462,-198,907(40.309)[I]: [6],0,2,0,11,-234,-73,4373
(40.318)[I]: [5],98,83,92,0,-452,-166,1032(40.319)[I]: [6],0,1,0,17,-271,-89,4175
(40.328)[I]: [5],100,76,88,0,-440,-126,1182(40.329)[I]: [6],0,1,0,19,-291,-123,3995
(40.338)[I]: [5],95,63,76,0,-425,-80,1359(40.338)[I]: [6],0,1,1,23,-275,-149,3855
(40.348)[I]: [5],96,49,60,0,-410,-32,1564(40.349)[I]: [6],0,1,1,29,-269,-177,3747
(40.358)[I]: [5],96,38,56,0,-395,21,1796(40.359)[I]: [6],0,1,2,30,-266,-197,3662
(40.368)[I]: [5],98,25,56,0,-380,75,2058(40.368)[I]: [6],0,1,11,29,-266,-211,3590
(40.378)[I]: [5],79,19,52,0,-361,126,2344(40.379)[I]: [6],0,1,15,34,-266,-222,3532
(40.388)[I]: [5],93,12,40,0,-351,195,2649(40.388)[I]: [6],0,1,17,28,-262,-233,3481
(40.398)[I]: [5],96,19,28,0,-340,265,2973(40.399)[I]: [6],0,1,28,31,-254,-238,3436
(40.408)[I]: [5],92,7,24,0,-337,332,3310(40.408)[I]: [6],0,3,29,31,-252,-246,3404
(40.418)[I]: [5],99,6,28,0,-337,361,3660(40.418)[I]: [6],0,5,29,31,-250,-255,3382
(40.428)[I]: [5],77,4,28,0,-328,350,4010(40.428)[I]: [6],0,6,31,31,-249,-263,3363
(40.438)[I]: [5],63,5,16,0,-322,351,4365(40.438)[I]: [6],0,8,35,34,-246,-270,3349
(40.448)[I]: [5],43,5,12,0,-331,353,4699(40.448)[I]: [6],0,11,31,34,-244,-276,3338
(40.458)[I]: [5],28,3,12,0,-349,334,4997(40.458)[I]: [6],0,14,37,35,-242,-280,3331
(40.468)[I]: [5],10,2,12,0,-387,302,5240(40.468)[I]: [6],0,15,31,31,-240,-283,3328
(40.478)[I]: [5],3,2,20,0,-438,269,5418(40.478)[I]: [6],0,15,37,26,-238,-284,3328
(40.488)[I]: [5],4,1,8,0,-507,253,5521(40.488)[I]: [6],0,16,31,24,-236,-286,3328
(40.498)[I]: [5],1,2,8,0,-585,246,5566(40.498)[I]: [6],0,16,34,21,-233,-288,3328
(40.508)[I]: [5],1,2,8,0,-668,249,5527(40.508)[I]: [6],0,16,35,19,-231,-289,3328
(40.518)[I]: [5],3,2,8,0,-756,252,5425(40.518)[I]: [6],0,17,35,16,-229,-290,3328
(40.528)[I]: [5],2,2,12,0,-849,241,5278(40.528)[I]: [6],0,15,35,17,-226,-291,3328
(40.538)[I]: [5],3,2,8,0,-941,218,5108(40.538)[I]: [6],0,15,35,14,-224,-292,3328
(40.548)[I]: [5],3,2,8,0,-1030,179,4930(40.548)[I]: [6],0,15,34,14,-222,-292,3328
(40.558)[I]: [5],3,3,8,0,-1116,130,4742(40.558)[I]: [6],0,16,35,15,-220,-293,3328
(40.568)[I]: [5],3,2,8,0,-1195,70,4545(40.568)[I]: [6],0,15,34,14,-217,-294,3328
(40.578)[I]: [5],3,2,8,0,-1268,-1,4336(40.578)[I]: [6],0,15,34,13,-215,-294,3328
(40.588)[I]: [5],3,3,8,0,-1331,-77,4114(40.588)[I]: [6],0,15,35,15,-213,-295,3328
(40.598)[I]: [5],3,3,4,0,-1386,-153,3879(40.598)[I]: [6],0,15,39,14,-211,-296,3328
(40.608)[I]: [5],4,3,4,0,-1429,-225,3632(40.608)[I]: [6],0,16,40,13,-209,-297,3328
(40.618)[I]: [5],4,3,4,0,-1462,-291,3371(40.618)[I]: [6],0,17,40,13,-207,-298,3328
(40.628)[I]: [5],3,3,4,0,-1483,-343,3100(40.628)[I]: [6],0,15,42,15,-205,-299,3328
(40.638)[I]: [5],3,3,4,0,-1492,-380,2820(40.638)[I]: [6],0,17,45,15,-203,-299,3328
(40.648)[I]: [5],3,3,4,0,-1492,-397,2536(40.648)[I]: [6],0,17,44,15,-201,-299,3328
(40.658)[I]: [5],3,3,4,0,-1481,-395,2249(40.658)[I]: [6],0,17,47,15,-199,-300,3328
(40.668)[I]: [5],3,2,4,0,-1461,-376,1961(40.668)[I]: [6],0,17,47,17,-197,-301,3328
(40.678)[I]: [5],3,3,4,0,-1430,-343,1676(40.678)[I]: [6],0,17,47,17,-195,-302,3328
(40.688)[I]: [5],3,3,4,0,-1388,-304,1400(40.688)[I]: [6],0,17,48,16,-193,-303,3328
(40.698)[I]: [5],3,3,0,0,-1336,-264,1136(40.698)[I]: [6],0,18,50,15,-191,-303,3328
(40.708)[I]: [5],3,3,4,0,-1275,-228,887(40.708)[I]: [6],0,19,49,15,-189,-304,3328
(40.718)[I]: [5],3,2,4,0,-1206,-198,650(40.718)[I]: [6],0,19,53,15,-187,-305,3328
(40.728)[I]: [5],4,3,0,0,-1132,-173,425(40.728)[I]: [6],0,21,54,18,-185,-305,3328
(40.738)[I]: [5],4,3,4,0,-1055,-146,214(40.738)[I]: [6],0,21,53,14,-183,-306,3328
(40.748)[I]: [5],4,3,4,0,-978,-116,23(40.748)[I]: [6],0,23,53,11,-181,-308,3328
(40.758)[I]: [5],5,3,4,0,-906,-78,-149(40.758)[I]: [6],0,24,54,12,-180,-308,3328
(40.768)[I]: [5],5,3,4,0,-840,-27,-307(40.768)[I]: [6],0,23,52,12,-178,-309,3328
(40.778)[I]: [5],4,3,4,0,-784,33,-452(40.778)[I]: [6],0,25,53,13,-176,-310,3328
(40.788)[I]: [5],5,3,4,0,-739,108,-582(40.788)[I]: [6],0,25,53,12,-174,-311,3328
(40.798)[I]: [5],4,2,4,0,-706,203,-683(40.798)[I]: [6],0,25,54,13,-173,-311,3328
(40.808)[I]: [5],3,2,4,0,-640,94,-559(40.808)[I]: [6],0,26,54,12,-171,-312,3328
(40.818)[I]: [5],2,2,4,0,-601,34,-407(40.818)[I]: [6],0,26,55,12,-169,-313,3328
(40.828)[I]: [5],1,2,20,0,-593,-77,-324(40.828)[I]: [6],0,26,53,12,-167,-314,3328
(40.838)[I]: [5],1,1,28,2,-592,-172,-312(40.838)[I]: [6],0,25,52,12,-166,-314,3328
(40.848)[I]: [5],4,2,28,5,-597,-215,-352(40.848)[I]: [6],0,25,51,12,-164,-316,3328
(40.858)[I]: [5],4,2,24,6,-609,-229,-367(40.858)[I]: [6],0,24,50,11,-162,-316,3328
(40.868)[I]: [5],4,2,24,4,-621,-230,-363(40.868)[I]: [6],0,23,49,11,-161,-317,3328
(40.878)[I]: [5],3,2,28,4,-616,-231,-345(40.878)[I]: [6],0,22,44,10,-159,-318,3327
(40.888)[I]: [5],3,3,32,6,-614,-236,-323(40.888)[I]: [6],0,22,41,8,-158,-318,3327
(40.898)[I]: [5],2,3,36,5,-614,-243,-303(40.898)[I]: [6],0,22,39,7,-156,-319,3327
(40.908)[I]: [5],2,3,32,5,-612,-246,-290(40.908)[I]: [6],0,23,39,7,-155,-319,3327
(40.918)[I]: [5],2,3,32,7,-612,-244,-280(40.918)[I]: [6],0,22,38,7,-153,-320,3327
(40.928)[I]: [5],2,3,32,6,-610,-244,-273(40.928)[I]: [6],0,20,35,6,-151,-321,3327
(40.938)[I]: [5],1,2,32,5,-605,-244,-271(40.938)[I]: [6],0,21,38,6,-150,-322,3327
(40.948)[I]: [5],1,3,32,3,-601,-244,-267(40.948)[I]: [6],0,20,35,6,-148,-322,3327
(40.958)[I]: [5],1,3,44,9,-595,-244,-267(40.958)[I]: [6],0,20,38,6,-147,-323,3327
(40.968)[I]: [5],1,3,36,7,-590,-244,-267(40.968)[I]: [6],0,20,36,6,-145,-324,3327
(40.978)[I]: [5],2,4,40,6,-584,-244,-267(40.978)[I]: [6],0,19,38,6,-144,-324,3327
(40.988)[I]: [5],2,3,40,8,-578,-243,-267(40.988)[I]: [6],0,19,34,6,-143,-325,3327
(40.998)[I]: [5],3,4,40,9,-572,-243,-267(40.998)[I]: [6],0,20,35,5,-141,-326,3327
(40.999)[I]: [5],3,5,44,6,-567,-244,-267(40.999)[I]: [6],0,20,36,5,-140,-326,3327
(40.999)[I]: [5],4,5,44,6,-561,-245,-267(40.999)[I]: [6],0,21,38,6,-138,-327,3327
(41.004)[I]: [5],3,5,40,5,-555,-246,-267(41.004)[I]: [6],0,20,36,5,-137,-328,3327
(41.014)[I]: [5],3,5,40,7,-550,-246,-267(41.014)[I]: [6],0,21,35,5,-136,-328,3327
(41.024)[I]: [5],3,5,36,5,-544,-246,-267(41.024)[I]: [6],0,22,35,5,-134,-329,3327
(41.034)[I]: [5],3,6,48,9,-539,-246,-267(41.034)[I]: [6],0,21,35,4,-133,-330,3327
(41.044)[I]: [5],2,6,48,8,-534,-246,-267(41.044)[I]: [6],0,22,35,5,-132,-330,3327
(41.054)[I]: [5],3,5,48,8,-528,-246,-267(41.054)[I]: [6],0,22,35,5,-130,-331,3327
(41.064)[I]: [5],2,5,48,6,-523,-245,-267(41.064)[I]: [6],0,22,34,5,-129,-332,3327
(41.074)[I]: [5],2,5,48,6,-518,-244,-267(41.074)[I]: [6],0,20,34,5,-128,-333,3327
(41.084)[I]: [5],1,5,48,6,-513,-244,-267(41.084)[I]: [6],0,20,31,5,-126,-333,3327
(41.094)[I]: [5],1,6,52,8,-508,-244,-267(41.094)[I]: [6],0,20,31,5,-125,-334,3327
(41.104)[I]: [5],1,5,52,10,-503,-244,-267(41.104)[I]: [6],0,19,31,5,-124,-335,3327
(41.114)[I]: [5],1,6,60,7,-498,-244,-267(41.114)[I]: [6],0,19,31,5,-123,-336,3327
(41.124)[I]: [5],1,6,60,8,-493,-244,-267(41.124)[I]: [6],0,18,30,5,-121,-337,3327
(41.134)[I]: [5],1,5,68,8,-488,-244,-267(41.134)[I]: [6],0,19,31,6,-120,-337,3327
(41.144)[I]: [5],0,5,68,7,-483,-245,-267(41.144)[I]: [6],0,18,31,6,-119,-338,3327
(41.154)[I]: [5],0,6,72,9,-478,-245,-268(41.154)[I]: [6],0,17,31,6,-118,-338,3327
(41.164)[I]: [5],0,5,68,10,-473,-245,-268(41.164)[I]: [6],0,15,30,7,-117,-339,3327
(41.174)[I]: [5],0,6,72,10,-469,-244,-267(41.174)[I]: [6],0,15,31,6,-115,-340,3327
(41.184)[I]: [5],0,5,72,11,-464,-244,-267(41.184)[I]: [6],0,15,31,7,-114,-340,3327
(41.194)[I]: [5],0,6,72,10,-459,-244,-267(41.194)[I]: [6],0,15,31,6,-113,-341,3327
(41.204)[I]: [5],0,6,72,10,-455,-243,-267(41.204)[I]: [6],0,15,29,6,-112,-341,3327
(41.214)[I]: [5],0,6,72,10,-450,-243,-267(41.214)[I]: [6],0,15,30,6,-111,-342,3327
(41.224)[I]: [5],0,6,72,9,-446,-242,-267(41.224)[I]: [6],0,15,31,6,-110,-342,3327
(41.234)[I]: [5],0,6,76,9,-441,-242,-267(41.234)[I]: [6],0,15,31,6,-109,-343,3327
(41.244)[I]: [5],0,7,80,10,-437,-242,-267(41.244)[I]: [6],0,15,30,6,-108,-344,3327
(41.254)[I]: [5],0,5,80,9,-433,-242,-267(41.254)[I]: [6],0,14,31,6,-107,-344,3327
(41.264)[I]: [5],0,7,76,9,-428,-243,-267(41.264)[I]: [6],0,14,29,5,-105,-345,3327
(41.274)[I]: [5],0,9,80,9,-424,-243,-267(41.274)[I]: [6],0,15,31,6,-104,-345,3327
(41.284)[I]: [5],0,9,80,9,-420,-243,-267(41.284)[I]: [6],0,15,30,6,-103,-346,3327
(41.294)[I]: [5],0,10,80,10,-416,-243,-267(41.294)[I]: [6],0,16,31,5,-102,-347,3327
(41.304)[I]: [5],0,9,76,9,-412,-243,-267(41.304)[I]: [6],0,15,31,6,-101,-348,3327
(41.314)[I]: [5],0,10,76,7,-408,-243,-267(41.314)[I]: [6],0,14,30,6,-100,-348,3327
(41.324)[I]: [5],0,11,80,9,-403,-243,-267(41.324)[I]: [6],0,15,27,5,-99,-349,3327
(41.334)[I]: [5],0,8,76,8,-399,-243,-267(41.334)[I]: [6],0,14,30,5,-98,-350,3327
(41.344)[I]: [5],0,9,80,9,-395,-242,-267(41.344)[I]: [6],0,14,30,5,-97,-350,3327
(41.354)[I]: [5],0,11,84,13,-392,-242,-267(41.354)[I]: [6],0,15,28,6,-96,-351,3327
(41.364)[I]: [5],0,9,80,10,-388,-243,-267(41.364)[I]: [6],0,15,29,6,-95,-351,3327
(41.374)[I]: [5],0,12,84,3,-384,-243,-267(41.374)[I]: [6],0,13,27,6,-94,-351,3327
(41.384)[I]: [5],0,10,80,9,-380,-242,-267(41.384)[I]: [6],0,13,26,5,-93,-352,3327
(41.394)[I]: [5],0,7,76,6,-376,-243,-267(41.394)[I]: [6],0,12,27,6,-93,-352,3327
(41.404)[I]: [5],0,9,80,10,-372,-242,-267(41.404)[I]: [6],0,12,25,6,-92,-352,3327
(41.414)[I]: [5],0,10,76,19,-369,-242,-267(41.415)[I]: [6],0,12,27,6,-91,-353,3327
(41.424)[I]: [5],0,9,80,13,-365,-243,-268(41.424)[I]: [6],0,11,25,7,-90,-353,3327
(41.434)[I]: [5],0,14,84,4,-361,-242,-267(41.434)[I]: [6],0,11,28,7,-89,-353,3327
(41.444)[I]: [5],0,9,76,12,-358,-241,-267(41.444)[I]: [6],0,12,27,6,-88,-354,3327
(41.454)[I]: [5],0,13,84,2,-354,-242,-267(41.454)[I]: [6],0,12,28,6,-87,-354,3327
(41.464)[I]: [5],0,9,76,10,-351,-242,-267(41.464)[I]: [6],0,13,28,6,-86,-354,3327
(41.474)[I]: [5],0,7,76,18,-347,-241,-267(41.474)[I]: [6],0,12,27,7,-85,-355,3327
(41.484)[I]: [5],0,8,76,11,-344,-243,-268(41.484)[I]: [6],0,12,27,5,-84,-355,3327
(41.494)[I]: [5],0,7,76,13,-340,-242,-268(41.494)[I]: [6],0,12,27,6,-84,-355,3327
(41.504)[I]: [5],0,8,76,10,-337,-242,-268(41.504)[I]: [6],0,13,27,7,-83,-356,3327
(41.514)[I]: [5],0,10,76,2,-334,-242,-267(41.514)[I]: [6],0,13,27,6,-82,-356,3327
(41.524)[I]: [5],0,9,76,11,-330,-241,-267(41.524)[I]: [6],0,12,25,6,-81,-356,3327
(41.534)[I]: [5],0,6,72,10,-327,-241,-267(41.534)[I]: [6],0,12,27,6,-80,-357,3327
(41.544)[I]: [5],0,8,76,11,-324,-241,-267(41.544)[I]: [6],0,13,27,7,-80,-357,3327
(41.554)[I]: [5],0,7,76,28,-320,-242,-268(41.554)[I]: [6],0,12,28,7,-79,-358,3327
(41.564)[I]: [5],0,8,76,10,-317,-242,-268(41.564)[I]: [6],0,12,27,7,-78,-358,3327
(41.574)[I]: [5],0,9,84,12,-314,-242,-268(41.574)[I]: [6],0,12,27,7,-77,-359,3327
(41.584)[I]: [5],0,8,76,12,-311,-242,-268(41.584)[I]: [6],0,11,27,7,-76,-359,3327
(41.594)[I]: [5],0,5,72,12,-308,-242,-268(41.594)[I]: [6],0,12,30,6,-76,-360,3327
(41.604)[I]: [5],0,7,80,10,-305,-242,-268(41.604)[I]: [6],0,13,29,7,-75,-360,3327
(41.614)[I]: [5],0,5,72,0,-302,-242,-268(41.614)[I]: [6],0,13,30,6,-74,-360,3327
(41.624)[I]: [5],0,7,76,13,-299,-242,-268(41.624)[I]: [6],0,13,30,7,-73,-361,3327
(41.634)[I]: [5],0,6,76,28,-296,-242,-268(41.634)[I]: [6],0,13,31,6,-73,-361,3327
(41.644)[I]: [5],0,7,76,9,-293,-242,-268(41.644)[I]: [6],0,13,30,6,-72,-361,3327
(41.654)[I]: [5],0,5,80,0,-290,-242,-268(41.654)[I]: [6],0,14,31,6,-71,-362,3327
(41.664)[I]: [5],0,7,80,11,-287,-242,-268(41.664)[I]: [6],0,14,31,6,-70,-362,3327
(41.674)[I]: [5],0,6,80,0,-284,-241,-268(41.674)[I]: [6],0,14,31,5,-70,-363,3327
(41.684)[I]: [5],0,8,84,10,-281,-241,-268(41.684)[I]: [6],0,15,31,5,-69,-363,3327
(41.694)[I]: [5],0,11,88,15,-279,-241,-268(41.695)[I]: [6],0,15,31,5,-68,-363,3327
(41.704)[I]: [5],0,8,80,10,-276,-240,-268(41.704)[I]: [6],0,15,31,5,-68,-364,3327
(41.714)[I]: [5],1,11,88,15,-273,-240,-268(41.715)[I]: [6],0,15,31,5,-67,-364,3327
(41.724)[I]: [5],0,8,80,9,-270,-240,-268(41.724)[I]: [6],0,15,31,4,-66,-365,3327
(41.734)[I]: [5],0,7,80,0,-268,-241,-268(41.734)[I]: [6],0,15,31,5,-66,-365,3327
(41.744)[I]: [5],0,10,84,15,-265,-241,-268(41.745)[I]: [6],0,15,31,4,-65,-365,3327