(844.741)[I]: [5],0,24,92,19,0,-291,-6225(844.741)[I]: [6],0,26,37,7,0,-248,13994
(844.751)[I]: [5],0,23,92,19,0,-291,-6225(844.751)[I]: [6],0,26,37,7,0,-248,13994
(844.761)[I]: [5],0,24,92,19,0,-291,-6225(844.761)[I]: [6],0,26,37,7,0,-248,13994
(844.771)[I]: [5],0,24,96,19,0,-292,-6225(844.771)[I]: [6],0,26,36,7,0,-248,13994
(844.781)[I]: [5],0,24,92,19,0,-292,-6225(844.781)[I]: [6],0,26,37,7,0,-248,13994
(844.791)[I]: [5],0,24,92,18,0,-292,-6225(844.791)[I]: [6],0,26,37,7,0,-248,13994
(844.801)[I]: [5],0,24,92,19,0,-292,-6225(844.801)[I]: [6],0,26,37,7,0,-248,13994
(844.811)[I]: [5],0,24,96,19,0,-292,-6225(844.811)[I]: [6],0,26,37,7,0,-249,13994
(844.821)[I]: [5],0,24,96,19,0,-291,-6225(844.822)[I]: [6],0,26,37,7,0,-249,13994
(844.831)[I]: [5],0,24,96,19,0,-291,-6225(844.831)[I]: [6],0,26,37,7,0,-249,13994
(844.841)[I]: [5],0,24,96,19,0,-291,-6225(844.841)[I]: [6],0,26,37,7,0,-249,13994
(844.851)[I]: [5],0,24,92,19,0,-291,-6225(844.851)[I]: [6],0,26,37,7,0,-249,13994
(844.861)[I]: [5],0,24,92,19,0,-292,-6225(844.861)[I]: [6],0,26,37,7,0,-249,13994
(844.871)[I]: [5],0,24,92,19,0,-291,-6225(844.871)[I]: [6],0,26,37,7,0,-249,13994
(844.881)[I]: [5],0,24,92,19,0,-291,-6225(844.881)[I]: [6],0,26,37,7,0,-249,13994
(844.891)[I]: [5],0,24,92,19,0,-291,-6225(844.891)[I]: [6],0,26,37,7,0,-249,13994
(844.901)[I]: [5],0,24,92,19,0,-291,-6225(844.901)[I]: [6],0,26,37,7,0,-249,13994
(844.911)[I]: [5],0,24,92,19,0,-291,-6225(844.911)[I]: [6],0,26,37,7,0,-248,13994
(844.921)[I]: [5],0,24,92,19,0,-291,-6225(844.921)[I]: [6],0,26,37,7,0,-248,13994
(844.931)[I]: [5],0,24,92,19,0,-291,-6225(844.931)[I]: [6],0,26,37,7,0,-249,13994
(844.941)[I]: [5],0,24,92,19,0,-291,-6225(844.941)[I]: [6],0,26,37,7,0,-249,13994
(844.951)[I]: [5],0,24,92,19,0,-291,-6225(844.951)[I]: [6],0,26,37,7,0,-249,13994
(844.961)[I]: [5],0,24,96,19,0,-291,-6225(844.961)[I]: [6],0,26,38,7,0,-249,13994
(844.971)[I]: [5],0,24,92,18,0,-292,-6225(844.971)[I]: [6],0,26,38,7,0,-248,13994
(844.981)[I]: [5],0,24,92,19,0,-292,-6225(844.981)[I]: [6],0,26,38,7,0,-249,13994
(844.991)[I]: [5],0,23,92,19,0,-292,-6225(844.991)[I]: [6],0,27,38,7,0,-248,13994
(844.999)[I]: [5],0,24,92,19,0,-292,-6225(844.999)[I]: [6],0,27,38,7,0,-248,13994
(844.999)[I]: [5],0,24,92,19,0,-291,-6225(844.999)[I]: [6],0,26,38,7,0,-249,13994
(844.999)[I]: [5],0,24,92,18,0,-291,-6225(844.999)[I]: [6],0,26,38,7,0,-249,13994
(845.007)[I]: [5],0,24,92,19,0,-291,-6225(845.007)[I]: [6],0,27,38,7,0,-248,13994
(845.017)[I]: [5],0,24,92,19,0,-291,-6225(845.017)[I]: [6],0,27,38,7,0,-249,13994
(845.027)[I]: [5],0,24,92,19,0,-291,-6225(845.027)[I]: [6],0,26,38,7,0,-249,13994
(845.037)[I]: [5],0,24,92,19,0,-291,-6225(845.037)[I]: [6],0,26,39,7,0,-249,13994
(845.047)[I]: [5],0,24,92,19,0,-291,-6225(845.047)[I]: [6],0,26,39,7,0,-249,13994
(845.057)[I]: [5],0,24,92,19,0,-290,-6225(845.057)[I]: [6],0,26,39,7,0,-249,13994
(845.067)[I]: [5],0,24,92,19,0,-291,-6225(845.067)[I]: [6],0,26,39,7,0,-249,13994
(845.077)[I]: [5],0,24,92,19,0,-291,-6225(845.077)[I]: [6],0,26,39,7,0,-248,13994
(845.087)[I]: [5],0,24,92,19,0,-291,-6225(845.087)[I]: [6],0,26,39,7,0,-248,13994
(845.097)[I]: [5],0,24,92,19,0,-291,-6225(845.097)[I]: [6],0,27,38,7,0,-248,13994
(845.107)[I]: [5],0,24,92,19,0,-292,-6225(845.107)[I]: [6],0,27,39,7,0,-248,13994
(845.117)[I]: [5],0,24,92,19,0,-292,-6225(845.117)[I]: [6],0,27,39,7,0,-248,13994
(845.127)[I]: [5],0,24,92,19,0,-292,-6225(845.127)[I]: [6],0,27,39,7,0,-248,13994
(845.137)[I]: [5],0,23,92,19,0,-292,-6225(845.137)[I]: [6],0,27,39,7,0,-248,13994
(845.147)[I]: [5],0,23,92,19,0,-291,-6225(845.147)[I]: [6],0,27,39,7,0,-248,13994
(845.157)[I]: [5],0,24,92,19,0,-291,-6225(845.157)[I]: [6],0,27,39,7,0,-248,13994
(845.167)[I]: [5],0,24,92,19,0,-291,-6225(845.167)[I]: [6],0,27,39,7,0,-248,13994
(845.177)[I]: [5],0,24,92,18,0,-291,-6225(845.177)[I]: [6],0,27,38,7,0,-248,13994
(845.187)[I]: [5],0,24,92,19,0,-291,-6225(845.187)[I]: [6],0,27,38,7,0,-248,13994
(845.197)[I]: [5],0,23,92,19,0,-291,-6225(845.197)[I]: [6],0,27,38,7,0,-248,13994
(845.207)[I]: [5],0,23,92,19,0,-291,-6225(845.207)[I]: [6],0,27,38,7,0,-248,13994
(845.217)[I]: [5],0,23,92,19,0,-291,-6225(845.217)[I]: [6],0,27,38,7,0,-248,13994
(845.227)[I]: [5],0,24,92,19,0,-291,-6225(845.227)[I]: [6],0,27,38,7,0,-248,13994
(845.237)[I]: [5],0,24,92,19,0,-290,-6225(845.237)[I]: [6],0,27,38,7,0,-248,13994
(845.247)[I]: [5],0,24,92,19,0,-290,-6225(845.247)[I]: [6],0,27,38,7,0,-248,13994
(845.257)[I]: [5],0,23,92,19,0,-290,-6225(845.257)[I]: [6],0,27,38,7,0,-248,13994
(845.267)[I]: [5],0,24,92,19,0,-290,-6225(845.267)[I]: [6],0,27,38,7,0,-249,13994
(845.277)[I]: [5],0,24,92,19,0,-290,-6225(845.277)[I]: [6],0,27,38,7,0,-249,13994
(845.287)[I]: [5],0,23,92,20,0,-290,-6225(845.287)[I]: [6],0,27,38,7,0,-249,13994
(845.297)[I]: [5],0,24,92,20,0,-290,-6225(845.297)[I]: [6],0,27,37,7,0,-249,13994
(845.307)[I]: [5],0,24,92,20,0,-290,-6225(845.307)[I]: [6],0,27,38,7,0,-249,13994
(845.317)[I]: [5],0,23,92,20,0,-290,-6225(845.317)[I]: [6],0,26,37,7,0,-248,13994
(845.327)[I]: [5],0,23,92,20,0,-290,-6225(845.327)[I]: [6],0,26,35,7,0,-248,13994
(845.337)[I]: [5],0,23,92,20,0,-290,-6225(845.337)[I]: [6],0,26,35,7,0,-248,13994
(845.347)[I]: [5],0,24,96,20,0,-290,-6225(845.347)[I]: [6],0,25,35,7,0,-248,13994
(845.357)[I]: [5],0,24,92,21,0,-291,-6225(845.357)[I]: [6],0,25,35,7,0,-248,13994
(845.367)[I]: [5],0,24,96,21,0,-291,-6225(845.367)[I]: [6],0,25,35,7,0,-248,13994
(845.377)[I]: [5],0,23,92,21,0,-291,-6225(845.377)[I]: [6],0,25,34,7,0,-248,13994
(845.387)[I]: [5],0,24,96,21,0,-291,-6225(845.387)[I]: [6],0,25,34,7,0,-248,13994
(845.397)[I]: [5],0,24,96,21,0,-290,-6225(845.397)[I]: [6],0,26,35,7,0,-248,13994
(845.407)[I]: [5],0,24,96,21,0,-290,-6225(845.407)[I]: [6],0,27,35,7,0,-248,13994
(845.417)[I]: [5],0,24,96,21,0,-289,-6225(845.418)[I]: [6],0,27,35,6,0,-248,13994
(845.427)[I]: [5],0,24,96,21,0,-289,-6225(845.427)[I]: [6],0,28,37,6,0,-248,13994
(845.437)[I]: [5],0,24,96,21,0,-288,-6225(845.437)[I]: [6],0,28,37,6,0,-248,13994
(845.447)[I]: [5],0,23,96,21,0,-288,-6225(845.447)[I]: [6],0,29,38,6,0,-248,13994
(845.457)[I]: [5],0,24,96,21,0,-289,-6225(845.458)[I]: [6],0,28,39,6,0,-247,13994
(845.467)[I]: [5],0,24,96,21,0,-289,-6225(845.467)[I]: [6],0,28,39,6,0,-248,13994
(845.477)[I]: [5],0,24,96,20,0,-289,-6225(845.478)[I]: [6],0,29,39,6,0,-247,13994
(845.487)[I]: [5],0,24,96,20,0,-289,-6225(845.488)[I]: [6],0,29,39,6,0,-247,13994
(845.497)[I]: [5],0,24,96,20,0,-289,-6225(845.498)[I]: [6],0,29,39,6,0,-248,13994
(845.507)[I]: [5],0,23,96,21,0,-289,-6225(845.508)[I]: [6],0,29,39,6,0,-248,13994
(845.517)[I]: [5],0,24,96,20,0,-289,-6225(845.518)[I]: [6],0,28,40,6,0,-247,13994
(845.527)[I]: [5],0,23,96,20,0,-289,-6225(845.528)[I]: [6],0,29,40,6,0,-247,13994
(845.537)[I]: [5],0,24,96,20,0,-289,-6225(845.538)[I]: [6],0,28,40,6,0,-247,13994
(845.547)[I]: [5],0,24,92,20,0,-288,-6225(845.547)[I]: [6],0,28,40,6,0,-247,13994
(845.557)[I]: [5],0,24,92,20,0,-288,-6225(845.557)[I]: [6],0,27,40,7,0,-248,13994
(845.567)[I]: [5],0,23,92,20,0,-288,-6225(845.567)[I]: [6],0,27,40,7,0,-248,13994
(845.577)[I]: [5],0,24,92,20,0,-288,-6225(845.577)[I]: [6],0,27,39,7,0,-247,13994
(845.587)[I]: [5],0,24,92,20,0,-288,-6225(845.587)[I]: [6],0,27,39,7,0,-247,13994
(845.597)[I]: [5],0,23,92,20,0,-288,-6225(845.597)[I]: [6],0,27,39,7,0,-247,13994
(845.607)[I]: [5],0,23,92,20,0,-288,-6225(845.607)[I]: [6],0,27,39,7,0,-248,13994
(845.617)[I]: [5],0,23,92,20,0,-288,-6225(845.617)[I]: [6],0,27,39,7,0,-248,13994
(845.627)[I]: [5],0,23,92,20,0,-288,-6225(845.627)[I]: [6],0,27,39,7,0,-248,13994
(845.637)[I]: [5],0,23,92,20,0,-288,-6225(845.637)[I]: [6],0,27,39,7,0,-248,13994
(845.647)[I]: [5],0,23,92,20,0,-288,-6225(845.647)[I]: [6],0,26,39,7,0,-248,13994
(845.657)[I]: [5],0,23,88,20,0,-288,-6225(845.657)[I]: [6],0,27,39,7,0,-248,13994
(845.667)[I]: [5],0,23,92,20,0,-287,-6225(845.667)[I]: [6],0,27,39,7,0,-248,13994
(845.677)[I]: [5],0,23,88,20,0,-287,-6225(845.677)[I]: [6],0,27,40,7,0,-248,13994
(845.687)[I]: [5],0,23,88,20,0,-287,-6225(845.687)[I]: [6],0,27,40,7,0,-248,13994
(845.697)[I]: [5],0,23,88,20,0,-287,-6225(845.697)[I]: [6],0,27,40,7,0,-248,13994
(845.707)[I]: [5],0,22,88,20,0,-287,-6225(845.707)[I]: [6],0,27,40,7,0,-248,13994
(845.717)[I]: [5],0,22,88,19,0,-287,-6225(845.717)[I]: [6],0,27,40,7,0,-248,13994
(845.727)[I]: [5],0,22,88,19,0,-287,-6225(845.727)[I]: [6],0,27,41,7,0,-248,13994
(845.737)[I]: [5],0,21,84,19,0,-287,-6225(845.737)[I]: [6],0,27,41,7,0,-248,13994
(845.747)[I]: [5],0,21,84,19,0,-287,-6225(845.747)[I]: [6],0,27,41,8,0,-247,13994
(845.757)[I]: [5],0,21,84,19,0,-287,-6225(845.757)[I]: [6],0,27,43,8,0,-247,13994
(845.767)[I]: [5],0,21,84,18,0,-287,-6225(845.767)[I]: [6],0,27,43,8,0,-247,13994
(845.777)[I]: [5],0,21,84,18,0,-287,-6225(845.777)[I]: [6],0,27,44,9,0,-247,13994
(845.787)[I]: [5],0,21,84,17,0,-287,-6225(845.787)[I]: [6],0,27,44,8,0,-246,13994
(845.797)[I]: [5],0,21,84,17,0,-287,-6225(845.797)[I]: [6],0,27,44,8,0,-246,13994
(845.807)[I]: [5],0,20,84,17,0,-287,-6225(845.807)[I]: [6],0,27,44,8,0,-246,13994
(845.817)[I]: [5],0,20,84,17,0,-288,-6225(845.817)[I]: [6],0,27,44,8,0,-246,13994
(845.827)[I]: [5],0,20,84,16,0,-288,-6225(845.827)[I]: [6],0,27,44,9,0,-246,13994
(845.837)[I]: [5],0,20,84,16,0,-288,-6225(845.837)[I]: [6],0,27,44,9,0,-246,13994
(845.847)[I]: [5],0,21,80,16,0,-288,-6225(845.847)[I]: [6],0,27,45,8,0,-245,13994
(845.857)[I]: [5],0,20,76,16,0,-288,-6225(845.858)[I]: [6],0,27,44,8,0,-245,13994
(845.867)[I]: [5],0,20,80,16,0,-288,-6225(845.868)[I]: [6],0,27,44,9,0,-245,13994
(845.877)[I]: [5],0,20,80,15,0,-288,-6225(845.878)[I]: [6],0,27,44,9,0,-245,13994
(845.887)[I]: [5],0,21,80,16,0,-288,-6225(845.887)[I]: [6],0,27,45,9,0,-245,13994
(845.897)[I]: [5],0,21,80,15,0,-289,-6225(845.898)[I]: [6],0,28,45,9,0,-245,13994
(845.907)[I]: [5],0,20,76,15,0,-289,-6225(845.907)[I]: [6],0,28,45,8,0,-244,13994
(845.917)[I]: [5],0,20,80,15,0,-289,-6225(845.918)[I]: [6],0,28,45,8,0,-244,13994
(845.927)[I]: [5],0,20,76,15,0,-289,-6225(845.928)[I]: [6],0,28,45,8,0,-244,13994
(845.937)[I]: [5],0,20,76,15,0,-289,-6225(845.938)[I]: [6],0,28,45,8,0,-244,13994
(845.947)[I]: [5],0,20,76,15,0,-289,-6225(845.948)[I]: [6],0,28,45,8,0,-245,13994
(845.957)[I]: [5],0,20,80,15,0,-289,-6225(845.958)[I]: [6],0,28,45,8,0,-245,13994
(845.967)[I]: [5],0,20,76,15,0,-289,-6225(845.968)[I]: [6],0,28,45,8,0,-245,13994
(845.977)[I]: [5],0,20,80,15,0,-289,-6225(845.978)[I]: [6],0,28,45,8,0,-245,13994
(845.987)[I]: [5],0,20,80,16,0,-289,-6225(845.988)[I]: [6],0,28,45,8,0,-245,13994
(845.997)[I]: [5],0,20,76,15,0,-290,-6225(845.997)[I]: [6],0,28,45,8,0,-245,13994
(845.999)[I]: [5],0,21,76,15,0,-290,-6225(845.999)[I]: [6],0,28,45,8,0,-245,13994
(845.999)[I]: [5],0,20,76,15,0,-290,-6225(845.999)[I]: [6],0,28,45,8,0,-245,13994
(846.003)[I]: [5],0,20,76,15,0,-289,-6225(846.003)[I]: [6],0,28,45,8,0,-245,13994
(846.013)[I]: [5],0,21,76,15,0,-289,-6225(846.013)[I]: [6],0,28,46,8,0,-245,13994
(846.023)[I]: [5],0,21,80,15,0,-289,-6225(846.023)[I]: [6],0,28,45,8,0,-245,13994
(846.033)[I]: [5],0,21,76,15,0,-290,-6225(846.033)[I]: [6],0,28,45,8,0,-245,13994
(846.043)[I]: [5],0,20,80,15,0,-290,-6225(846.043)[I]: [6],0,28,45,8,0,-245,13994
(846.053)[I]: [5],0,20,80,15,0,-290,-6225(846.053)[I]: [6],0,28,45,9,0,-245,13994
(846.063)[I]: [5],0,21,76,15,0,-289,-6225(846.063)[I]: [6],0,28,45,8,0,-245,13994
(846.073)[I]: [5],0,21,80,15,0,-290,-6225(846.073)[I]: [6],0,28,45,8,0,-245,13994
(846.083)[I]: [5],0,21,84,15,0,-289,-6225(846.083)[I]: [6],0,28,46,8,0,-245,13994
(846.093)[I]: [5],0,21,80,15,0,-290,-6225(846.093)[I]: [6],0,28,46,8,0,-245,13994
(846.103)[I]: [5],0,21,84,15,0,-290,-6225(846.103)[I]: [6],0,28,45,8,0,-245,13994
(846.113)[I]: [5],0,21,84,15,0,-290,-6225(846.113)[I]: [6],0,28,46,8,0,-245,13994
(846.123)[I]: [5],0,21,84,15,0,-290,-6225(846.123)[I]: [6],0,28,46,8,0,-245,13994
(846.133)[I]: [5],0,21,84,15,0,-290,-6225(846.133)[I]: [6],0,29,46,8,0,-244,13994
(846.143)[I]: [5],0,21,84,15,0,-290,-6225(846.143)[I]: [6],0,29,46,8,0,-244,13994
(846.153)[I]: [5],0,21,84,15,0,-290,-6225(846.153)[I]: [6],0,29,46,8,0,-244,13994
(846.163)[I]: [5],0,21,84,15,0,-290,-6225(846.163)[I]: [6],0,29,46,8,0,-244,13994
(846.173)[I]: [5],0,21,84,15,0,-290,-6225(846.173)[I]: [6],0,30,46,8,0,-244,13994
(846.183)[I]: [5],0,21,84,15,0,-290,-6225(846.183)[I]: [6],0,29,46,8,0,-244,13994
(846.193)[I]: [5],0,21,84,15,0,-290,-6225(846.193)[I]: [6],0,30,46,8,0,-244,13994
(846.203)[I]: [5],0,22,84,15,0,-290,-6225(846.203)[I]: [6],0,29,46,8,0,-244,13994
(846.213)[I]: [5],0,23,84,15,0,-290,-6225(846.213)[I]: [6],0,29,46,8,0,-244,13994
(846.223)[I]: [5],0,23,84,15,0,-290,-6225(846.223)[I]: [6],0,29,46,8,0,-243,13994
(846.233)[I]: [5],0,23,84,15,0,-290,-6225(846.233)[I]: [6],0,29,46,8,0,-243,13994
(846.243)[I]: [5],0,23,84,15,0,-290,-6225(846.243)[I]: [6],0,29,46,8,0,-243,13994
(846.253)[I]: [5],0,22,84,15,0,-290,-6225(846.253)[I]: [6],0,29,46,8,0,-243,13994
(846.263)[I]: [5],0,23,84,15,0,-290,-6225(846.263)[I]: [6],0,30,46,8,0,-243,13994
(846.273)[I]: [5],0,23,84,15,0,-290,-6225(846.273)[I]: [6],0,30,46,8,0,-243,13994
(846.283)[I]: [5],0,23,84,15,0,-291,-6225(846.283)[I]: [6],0,30,47,8,0,-243,13994
(846.293)[I]: [5],0,23,84,15,0,-291,-6225(846.293)[I]: [6],0,30,47,8,0,-243,13994
(846.303)[I]: [5],0,23,84,15,0,-290,-6225(846.303)[I]: [6],0,30,46,8,0,-243,13994
(846.313)[I]: [5],0,23,84,15,0,-291,-6225(846.313)[I]: [6],0,30,46,8,0,-243,13994
(846.323)[I]: [5],0,23,84,15,0,-291,-6225(846.323)[I]: [6],0,30,46,8,0,-243,13994
(846.333)[I]: [5],0,23,84,15,0,-291,-6225(846.333)[I]: [6],0,29,47,8,0,-243,13994
(846.343)[I]: [5],0,23,84,16,0,-291,-6225(846.343)[I]: [6],0,29,46,8,0,-243,13994
(846.353)[I]: [5],0,23,84,15,0,-292,-6225(846.353)[I]: [6],0,28,46,8,0,-243,13994
(846.363)[I]: [5],0,23,84,16,0,-291,-6225(846.363)[I]: [6],0,28,46,7,0,-243,13994
(846.373)[I]: [5],0,23,88,17,0,-292,-6225(846.373)[I]: [6],0,27,45,7,0,-243,13994
(846.383)[I]: [5],0,23,88,17,0,-292,-6225(846.383)[I]: [6],0,27,44,7,0,-242,13994
(846.393)[I]: [5],0,23,88,18,0,-293,-6225(846.393)[I]: [6],0,28,44,7,0,-242,13994
(846.403)[I]: [5],0,23,88,19,0,-294,-6225(846.403)[I]: [6],0,27,43,7,0,-242,13994
(846.413)[I]: [5],0,23,88,19,0,-294,-6225(846.413)[I]: [6],0,27,42,7,0,-242,13994
(846.423)[I]: [5],0,24,92,20,0,-293,-6225(846.423)[I]: [6],0,27,41,7,0,-242,13994
(846.433)[I]: [5],0,23,96,21,0,-294,-6225(846.433)[I]: [6],0,26,40,7,0,-242,13994
(846.443)[I]: [5],0,23,96,22,0,-293,-6225(846.443)[I]: [6],0,25,38,6,0,-243,13994
(846.453)[I]: [5],0,23,100,22,0,-293,-6225(846.454)[I]: [6],0,24,38,6,0,-242,13994
(846.463)[I]: [5],0,23,104,23,0,-292,-6225(846.463)[I]: [6],0,23,36,6,0,-242,13994
(846.473)[I]: [5],0,24,108,23,0,-292,-6225(846.474)[I]: [6],0,22,34,6,0,-242,13994
(846.483)[I]: [5],0,24,112,23,0,-291,-6225(846.484)[I]: [6],0,22,31,6,0,-242,13994
(846.493)[I]: [5],0,23,116,23,0,-291,-6225(846.494)[I]: [6],0,19,31,6,0,-241,13994
(846.503)[I]: [5],0,24,116,23,0,-290,-6225(846.504)[I]: [6],0,19,28,6,0,-242,13994
(846.513)[I]: [5],0,24,120,23,0,-289,-6225(846.514)[I]: [6],0,19,27,7,0,-242,13994
(846.523)[I]: [5],0,24,124,23,0,-289,-6225(846.524)[I]: [6],0,18,23,7,0,-242,13994
(846.533)[I]: [5],0,23,124,23,0,-289,-6225(846.534)[I]: [6],0,18,19,7,0,-242,13994
(846.543)[I]: [5],0,23,124,22,0,-288,-6225(846.544)[I]: [6],0,18,19,7,0,-242,13994
(846.553)[I]: [5],0,23,136,21,0,-288,-6225(846.554)[I]: [6],0,17,17,7,0,-241,13994
(846.563)[I]: [5],0,23,140,21,0,-287,-6225(846.564)[I]: [6],0,18,15,6,0,-241,13994
(846.573)[I]: [5],0,26,144,20,0,-287,-6222(846.574)[I]: [6],0,18,17,6,0,-241,13994
(846.583)[I]: [5],0,30,148,19,0,-287,-6222(846.584)[I]: [6],0,18,15,7,0,-242,13994
(846.593)[I]: [5],0,31,148,17,0,-287,-6216(846.594)[I]: [6],0,17,15,7,0,-242,13994
(846.603)[I]: [5],0,33,152,15,0,-285,-6210(846.604)[I]: [6],0,17,15,7,0,-243,13994
(846.613)[I]: [5],0,31,156,15,0,-283,-6203(846.614)[I]: [6],0,18,15,7,0,-243,13994
(846.623)[I]: [5],0,34,156,12,0,-281,-6195(846.624)[I]: [6],0,18,14,8,0,-243,13994
(846.633)[I]: [5],0,35,164,9,0,-279,-6185(846.633)[I]: [6],0,19,15,9,0,-243,13994
(846.643)[I]: [5],0,36,164,7,0,-273,-6173(846.644)[I]: [6],0,19,15,9,0,-243,13994
(846.653)[I]: [5],0,38,168,6,0,-264,-6153(846.654)[I]: [6],0,19,17,11,0,-243,13994
(846.663)[I]: [5],0,39,168,4,0,-250,-6127(846.663)[I]: [6],0,19,17,13,0,-243,13994
(846.673)[I]: [5],0,36,168,0,-1,-234,-6100(846.674)[I]: [6],0,21,21,15,0,-243,13994
(846.683)[I]: [5],0,37,164,0,-3,-201,-6070(846.683)[I]: [6],0,20,23,19,0,-243,13994
(846.693)[I]: [5],0,28,152,0,-11,-169,-6018(846.694)[I]: [6],0,21,26,22,0,-243,13994
(846.703)[I]: [5],0,19,144,0,-18,-168,-5915(846.704)[I]: [6],0,21,29,24,0,-243,13994
(846.713)[I]: [5],0,11,104,0,-26,-146,-5774(846.714)[I]: [6],0,22,35,28,0,-241,13994
(846.723)[I]: [5],0,6,56,0,-36,-80,-5594(846.723)[I]: [6],0,23,38,31,0,-241,13994
(846.733)[I]: [5],0,4,32,0,-63,34,-5394(846.733)[I]: [6],0,23,38,39,0,-240,13994
(846.743)[I]: [5],0,5,20,0,-120,161,-5209(846.743)[I]: [6],0,24,41,43,0,-239,13994
(846.753)[I]: [5],0,3,16,0,-194,273,-5021(846.753)[I]: [6],0,23,42,46,0,-239,13994
(846.763)[I]: [5],0,3,12,0,-298,388,-4839(846.763)[I]: [6],0,26,43,54,0,-238,13994
(846.773)[I]: [5],0,3,12,0,-425,448,-4669(846.773)[I]: [6],0,26,44,58,0,-238,13994
(846.783)[I]: [5],0,2,12,0,-551,422,-4571(846.783)[I]: [6],0,24,46,58,0,-237,13994
(846.793)[I]: [5],0,3,16,0,-667,350,-4524(846.793)[I]: [6],0,24,47,58,0,-237,13994
(846.803)[I]: [5],0,2,16,0,-780,237,-4502(846.804)[I]: [6],0,24,49,58,0,-236,13994
(846.813)[I]: [5],0,2,16,0,-891,101,-4487(846.813)[I]: [6],0,24,50,55,0,-236,13994
(846.823)[I]: [5],0,2,16,0,-1002,-36,-4474(846.824)[I]: [6],0,25,50,51,0,-236,13994
(846.833)[I]: [5],0,2,12,0,-1110,-170,-4470(846.834)[I]: [6],0,25,49,47,0,-236,13994
(846.843)[I]: [5],0,3,12,0,-1211,-292,-4475(846.844)[I]: [6],0,25,48,44,0,-235,13994
(846.853)[I]: [5],0,3,8,0,-1299,-410,-4491(846.853)[I]: [6],0,25,48,39,0,-234,13994
(846.863)[I]: [5],0,3,8,0,-1368,-522,-4516(846.863)[I]: [6],0,25,47,40,0,-234,13994
(846.873)[I]: [5],0,3,8,0,-1416,-630,-4553(846.873)[I]: [6],0,27,47,38,0,-234,13994
(846.883)[I]: [5],0,3,4,0,-1440,-730,-4599(846.883)[I]: [6],0,27,46,34,0,-234,13994
(846.893)[I]: [5],0,3,8,1,-1442,-820,-4653(846.894)[I]: [6],0,28,46,31,0,-234,13994
(846.903)[I]: [5],0,3,8,1,-1422,-892,-4710(846.904)[I]: [6],0,27,45,31,0,-233,13994
(846.913)[I]: [5],0,3,8,1,-1387,-944,-4768(846.914)[I]: [6],0,27,46,31,0,-233,13994
(846.923)[I]: [5],0,2,8,1,-1341,-970,-4827(846.924)[I]: [6],0,27,45,31,0,-233,13994
(846.933)[I]: [5],0,3,12,1,-1290,-968,-4884(846.934)[I]: [6],0,27,46,31,0,-233,13994
(846.943)[I]: [5],0,2,8,1,-1236,-933,-4938(846.944)[I]: [6],0,26,46,31,0,-233,13994
(846.953)[I]: [5],0,3,8,1,-1183,-875,-4990(846.954)[I]: [6],0,26,46,31,0,-233,13994
(846.963)[I]: [5],0,3,8,2,-1133,-803,-5045(846.963)[I]: [6],0,27,46,31,0,-233,13994
(846.973)[I]: [5],0,3,8,2,-1085,-728,-5110(846.974)[I]: [6],0,27,46,31,0,-232,13994
(846.983)[I]: [5],0,3,8,2,-1043,-658,-5189(846.983)[I]: [6],0,26,46,31,0,-232,13994
(846.993)[I]: [5],0,3,4,2,-1007,-593,-5283(846.994)[I]: [6],0,27,47,31,0,-232,13994
(846.999)[I]: [5],0,3,8,2,-980,-533,-5387(846.999)[I]: [6],0,26,47,31,0,-231,13994
(846.999)[I]: [5],0,4,8,1,-961,-476,-5496(846.999)[I]: [6],0,26,47,30,0,-231,13994
(846.999)[I]: [5],0,3,8,1,-952,-423,-5608(846.999)[I]: [6],0,26,49,30,0,-231,13994
(847.009)[I]: [5],0,3,4,1,-949,-374,-5723(847.009)[I]: [6],0,27,51,28,0,-231,13994
(847.019)[I]: [5],0,3,4,1,-951,-329,-5843(847.019)[I]: [6],0,27,52,27,0,-231,13994
(847.029)[I]: [5],0,3,4,1,-955,-288,-5966(847.029)[I]: [6],0,27,53,26,0,-231,13994
(847.039)[I]: [5],0,4,4,1,-960,-247,-6090(847.039)[I]: [6],0,26,54,26,0,-231,13994
(847.049)[I]: [5],0,3,8,1,-964,-208,-6212(847.049)[I]: [6],0,27,55,25,0,-231,13994
(847.059)[I]: [5],0,3,4,1,-968,-169,-6328(847.059)[I]: [6],0,27,56,25,0,-231,13994
(847.069)[I]: [5],0,3,4,1,-972,-129,-6436(847.069)[I]: [6],0,28,58,23,0,-231,13994
(847.079)[I]: [5],0,3,4,0,-977,-87,-6541(847.079)[I]: [6],0,28,58,24,0,-231,13994
(847.089)[I]: [5],0,3,4,0,-984,-50,-6644(847.089)[I]: [6],0,29,59,23,0,-231,13994
(847.099)[I]: [5],0,4,4,0,-991,-19,-6742(847.099)[I]: [6],0,30,61,23,0,-231,13994
(847.109)[I]: [5],0,4,4,0,-998,5,-6832(847.109)[I]: [6],0,30,61,23,0,-231,13994
(847.119)[I]: [5],0,3,4,0,-1004,25,-6913(847.119)[I]: [6],0,31,62,23,0,-231,13994
(847.129)[I]: [5],0,3,4,0,-1007,40,-6982(847.129)[I]: [6],0,31,63,23,0,-231,13994
(847.139)[I]: [5],0,3,4,0,-1000,51,-7043(847.139)[I]: [6],0,31,63,22,0,-230,13994
(847.149)[I]: [5],0,3,4,0,-984,64,-7089(847.149)[I]: [6],0,31,63,22,0,-230,13994
(847.159)[I]: [5],0,3,4,0,-957,79,-7118(847.159)[I]: [6],0,31,66,22,0,-230,13994
(847.169)[I]: [5],0,3,4,0,-920,89,-7123(847.169)[I]: [6],0,31,69,22,0,-230,13994
(847.179)[I]: [5],0,4,4,0,-871,93,-7101(847.179)[I]: [6],0,31,70,21,0,-229,13994
(847.189)[I]: [5],0,4,4,0,-809,87,-7052(847.189)[I]: [6],0,31,71,21,0,-229,13994
(847.199)[I]: [5],0,4,0,0,-735,67,-6983(847.199)[I]: [6],0,31,71,19,0,-229,13994
(847.209)[I]: [5],0,4,0,0,-652,35,-6918(847.209)[I]: [6],0,31,73,19,0,-229,13994
(847.219)[I]: [5],0,4,4,0,-568,-2,-6880(847.219)[I]: [6],0,35,75,17,0,-228,13994
(847.229)[I]: [5],0,4,4,5,-484,63,-6752(847.229)[I]: [6],0,36,76,16,0,-228,13994
(847.239)[I]: [5],0,4,4,9,-389,15,-6691(847.239)[I]: [6],0,37,77,15,0,-228,13994
(847.249)[I]: [5],0,3,4,9,-332,17,-6608(847.249)[I]: [6],0,37,79,15,0,-228,13994
(847.259)[I]: [5],0,3,0,6,-297,2,-6554(847.259)[I]: [6],0,38,81,14,0,-227,13994
(847.269)[I]: [5],0,4,4,6,-281,-11,-6524(847.269)[I]: [6],0,40,84,12,0,-227,13994
(847.279)[I]: [5],0,3,4,5,-271,-28,-6495(847.279)[I]: [6],0,42,83,10,0,-229,13988
(847.289)[I]: [5],0,3,4,4,-266,-39,-6441(847.289)[I]: [6],0,45,90,7,0,-230,13982
(847.299)[I]: [5],0,3,4,5,-262,-41,-6371(847.299)[I]: [6],0,48,99,7,1,-232,13974
(847.309)[I]: [5],0,3,4,6,-259,-49,-6292(847.309)[I]: [6],0,51,106,4,1,-234,13962
(847.319)[I]: [5],0,5,12,6,-260,-72,-6223(847.319)[I]: [6],0,55,113,3,2,-235,13949
(847.329)[I]: [5],0,6,16,6,-263,-98,-6186(847.330)[I]: [6],0,68,120,3,3,-239,13933
(847.339)[I]: [5],0,6,20,6,-265,-117,-6170(847.340)[I]: [6],0,76,127,2,5,-243,13916
(847.349)[I]: [5],0,5,28,7,-264,-125,-6162(847.350)[I]: [6],0,89,142,2,7,-248,13889
(847.359)[I]: [5],0,5,28,7,-262,-127,-6165(847.360)[I]: [6],2,104,146,1,9,-252,13852
(847.369)[I]: [5],0,6,28,10,-262,-123,-6173(847.370)[I]: [6],4,115,143,0,13,-221,13808
(847.379)[I]: [5],0,8,32,11,-261,-114,-6176(847.380)[I]: [6],7,121,141,0,15,-204,13739
(847.389)[I]: [5],0,9,48,16,-260,-104,-6176(847.390)[I]: [6],8,123,131,0,18,-218,13633
(847.399)[I]: [5],0,13,52,18,-259,-97,-6174(847.400)[I]: [6],8,118,121,1,24,-200,13502
(847.409)[I]: [5],0,15,48,21,-260,-92,-6168(847.410)[I]: [6],10,109,94,0,28,-168,13351
(847.419)[I]: [5],0,20,56,22,-260,-88,-6159(847.420)[I]: [6],8,95,78,0,26,-127,13181
(847.429)[I]: [5],0,24,64,26,-260,-84,-6150(847.430)[I]: [6],8,70,49,0,27,-44,12988
(847.439)[I]: [5],1,22,72,28,-259,-78,-6147(847.440)[I]: [6],7,56,35,0,33,29,12759
(847.449)[I]: [5],3,23,76,35,-257,-70,-6152(847.450)[I]: [6],7,29,18,0,41,85,12515
(847.459)[I]: [5],3,23,80,42,-256,-65,-6159(847.460)[I]: [6],5,24,8,0,42,145,12251
(847.469)[I]: [5],3,25,88,50,-254,-61,-6168(847.470)[I]: [6],3,22,5,0,53,212,11984
(847.479)[I]: [5],4,31,100,57,-252,-60,-6171(847.480)[I]: [6],0,15,7,0,78,271,11715
(847.489)[I]: [5],4,31,100,64,-250,-60,-6174(847.490)[I]: [6],0,13,7,1,109,309,11446
(847.499)[I]: [5],3,30,100,67,-247,-61,-6174(847.500)[I]: [6],0,15,5,1,167,332,11212
(847.509)[I]: [5],4,31,96,69,-245,-61,-6174(847.510)[I]: [6],0,11,6,1,258,324,11052
(847.519)[I]: [5],3,31,92,70,-242,-61,-6174(847.520)[I]: [6],0,13,6,1,388,267,10958
(847.529)[I]: [5],3,35,80,69,-240,-62,-6174(847.530)[I]: [6],0,13,6,1,533,162,10930
(847.539)[I]: [5],5,34,80,69,-238,-61,-6174(847.540)[I]: [6],0,13,5,1,708,44,10937
(847.549)[I]: [5],5,35,88,65,-236,-63,-6172(847.550)[I]: [6],0,14,5,1,902,-82,10931
(847.559)[I]: [5],5,39,84,63,-234,-64,-6172(847.560)[I]: [6],0,12,5,1,1114,-200,10904
(847.569)[I]: [5],7,40,84,60,-231,-64,-6172(847.570)[I]: [6],0,13,3,1,1326,-312,10857
(847.579)[I]: [5],6,41,80,56,-229,-65,-6172(847.580)[I]: [6],0,12,3,1,1517,-425,10809
(847.589)[I]: [5],7,42,72,52,-227,-65,-6172(847.590)[I]: [6],0,13,4,1,1672,-544,10767
(847.599)[I]: [5],7,40,72,50,-225,-66,-6172(847.600)[I]: [6],0,13,3,1,1782,-674,10741
(847.609)[I]: [5],6,41,72,49,-222,-67,-6172(847.610)[I]: [6],0,13,3,1,1845,-813,10737
(847.619)[I]: [5],6,41,72,43,-220,-67,-6172(847.620)[I]: [6],0,13,2,1,1867,-957,10758
(847.629)[I]: [5],6,39,68,40,-218,-69,-6172(847.630)[I]: [6],0,13,3,1,1844,-1111,10815
(847.639)[I]: [5],6,38,68,38,-216,-69,-6172(847.640)[I]: [6],0,15,3,1,1793,-1256,10900
(847.649)[I]: [5],6,36,72,31,-214,-70,-6172(847.650)[I]: [6],0,15,3,1,1722,-1373,11001
(847.659)[I]: [5],6,36,68,27,-211,-71,-6172(847.660)[I]: [6],0,14,3,1,1644,-1454,11104
(847.669)[I]: [5],6,36,72,25,-209,-72,-6172(847.670)[I]: [6],0,14,3,1,1568,-1495,11206
(847.679)[I]: [5],6,37,68,23,-207,-72,-6172(847.680)[I]: [6],0,14,3,1,1500,-1496,11305
(847.689)[I]: [5],6,38,68,22,-205,-72,-6173(847.690)[I]: [6],0,14,3,1,1438,-1460,11404
(847.699)[I]: [5],5,37,68,22,-203,-73,-6173(847.700)[I]: [6],0,14,2,1,1380,-1399,11505
(847.709)[I]: [5],5,37,64,22,-201,-74,-6173(847.710)[I]: [6],0,14,2,1,1323,-1330,11615
(847.719)[I]: [5],5,38,60,22,-199,-75,-6173(847.720)[I]: [6],0,13,3,1,1265,-1255,11739
(847.729)[I]: [5],5,31,60,22,-197,-76,-6173(847.730)[I]: [6],0,13,3,1,1209,-1188,11874
(847.739)[I]: [5],4,31,56,21,-195,-78,-6173(847.740)[I]: [6],0,13,3,1,1154,-1129,12017
(847.749)[I]: [5],4,31,56,21,-193,-78,-6173(847.750)[I]: [6],0,13,4,1,1102,-1076,12167
(847.759)[I]: [5],3,31,56,21,-191,-79,-6173(847.760)[I]: [6],0,14,3,1,1064,-1019,12324
(847.769)[I]: [5],4,31,60,21,-189,-81,-6173(847.770)[I]: [6],0,14,3,1,1035,-965,12488
(847.779)[I]: [5],3,33,60,20,-187,-82,-6173(847.780)[I]: [6],0,14,3,1,1013,-906,12655
(847.789)[I]: [5],4,34,60,20,-186,-82,-6173(847.790)[I]: [6],0,14,3,1,999,-850,12828
(847.799)[I]: [5],3,34,68,21,-184,-84,-6173(847.800)[I]: [6],0,13,3,1,988,-797,13006
(847.809)[I]: [5],4,37,68,21,-182,-84,-6173(847.810)[I]: [6],0,13,3,1,981,-748,13185
(847.819)[I]: [5],5,37,68,20,-180,-85,-6173(847.820)[I]: [6],0,13,3,1,971,-702,13362
(847.829)[I]: [5],5,39,72,20,-178,-86,-6173(847.830)[I]: [6],0,12,4,1,961,-659,13534
(847.839)[I]: [5],7,41,76,22,-177,-87,-6174(847.840)[I]: [6],0,13,4,1,951,-617,13700
(847.849)[I]: [5],7,44,80,21,-175,-88,-6174(847.850)[I]: [6],0,13,5,1,942,-572,13853
(847.859)[I]: [5],6,44,84,22,-173,-89,-6174(847.860)[I]: [6],0,12,4,1,932,-520,13983
(847.869)[I]: [5],6,47,88,22,-171,-90,-6174(847.870)[I]: [6],0,13,4,1,916,-466,14089
(847.879)[I]: [5],7,49,96,22,-170,-90,-6174(847.880)[I]: [6],0,12,4,1,896,-416,14182
(847.889)[I]: [5],6,51,104,22,-168,-91,-6174(847.890)[I]: [6],0,12,4,1,871,-372,14277
(847.899)[I]: [5],6,52,104,23,-166,-92,-6174(847.900)[I]: [6],0,13,4,1,842,-340,14380
(847.909)[I]: [5],7,54,108,22,-165,-92,-6174(847.910)[I]: [6],0,13,4,1,810,-318,14485
(847.919)[I]: [5],6,55,112,23,-163,-93,-6174(847.920)[I]: [6],0,13,4,1,778,-303,14577
(847.929)[I]: [5],5,57,116,23,-161,-93,-6174(847.930)[I]: [6],0,13,4,1,751,-284,14647
(847.939)[I]: [5],5,58,112,22,-160,-94,-6174(847.940)[I]: [6],0,14,3,1,731,-259,14692
(847.949)[I]: [5],4,62,124,21,-158,-94,-6174(847.950)[I]: [6],0,14,2,1,719,-225,14724
(847.959)[I]: [5],4,63,124,21,-157,-94,-6171(847.960)[I]: [6],0,14,2,1,709,-185,14748
(847.969)[I]: [5],6,67,124,20,-156,-96,-6171(847.970)[I]: [6],0,14,3,1,700,-148,14761
(847.979)[I]: [5],6,69,124,19,-155,-96,-6168(847.980)[I]: [6],0,14,2,1,688,-119,14753
(847.989)[I]: [5],7,75,124,17,-154,-96,-6160(847.990)[I]: [6],0,14,2,1,674,-98,14731
(847.999)[I]: [5],7,77,132,17,-153,-98,-6150(847.999)[I]: [6],0,11,2,2,691,-4,14649
(847.999)[I]: [5],9,82,140,13,-152,-101,-6140(847.999)[I]: [6],0,11,3,6,672,-86,14400
(847.999)[I]: [5],12,86,148,13,-152,-105,-6128(847.999)[I]: [6],0,8,3,6,716,-246,14231
(848.005)[I]: [5],14,91,152,11,-151,-109,-6115(848.006)[I]: [6],0,7,3,6,692,-279,14138
(848.015)[I]: [5],15,96,156,10,-152,-114,-6099(848.016)[I]: [6],0,9,4,5,668,-295,14132
(848.025)[I]: [5],18,110,160,6,-152,-118,-6077(848.026)[I]: [6],0,11,3,2,652,-297,14153
(848.035)[I]: [5],22,126,168,5,-152,-122,-6053(848.036)[I]: [6],0,12,3,2,661,-292,14145
(848.045)[I]: [5],29,137,176,2,-150,-125,-6021(848.046)[I]: [6],0,13,5,3,677,-289,14093
(848.055)[I]: [5],35,154,184,1,-149,-120,-5989(848.056)[I]: [6],0,13,10,4,677,-298,14028
(848.065)[I]: [5],39,171,192,0,-149,-113,-5949(848.066)[I]: [6],0,13,11,4,682,-303,13975
(848.075)[I]: [5],47,184,188,0,-152,-104,-5906(848.076)[I]: [6],0,18,19,5,680,-312,13931
(848.085)[I]: [5],59,190,204,0,-154,-104,-5813(848.086)[I]: [6],0,17,20,5,677,-322,13905
(848.095)[I]: [5],69,193,156,0,-156,-117,-5685(848.096)[I]: [6],0,21,23,6,673,-325,13892
(848.105)[I]: [5],75,179,120,0,-158,-126,-5538(848.106)[I]: [6],0,25,26,8,671,-325,13879
(848.115)[I]: [5],79,150,88,0,-155,-129,-5364(848.116)[I]: [6],0,23,31,9,668,-325,13866
(848.125)[I]: [5],76,112,68,0,-150,-112,-5164(848.126)[I]: [6],0,30,36,11,667,-325,13857
(848.135)[I]: [5],63,68,48,0,-137,-80,-4944(848.136)[I]: [6],0,25,38,15,664,-325,13850
(848.145)[I]: [5],55,39,40,0,-124,-22,-4709(848.146)[I]: [6],0,35,39,17,659,-326,13848
(848.155)[I]: [5],42,27,28,0,-120,40,-4459(848.156)[I]: [6],0,37,43,19,653,-325,13846
(848.165)[I]: [5],31,14,24,0,-127,94,-4219(848.166)[I]: [6],0,41,42,19,647,-325,13847
(848.175)[I]: [5],25,7,16,0,-146,140,-3973(848.176)[I]: [6],0,39,44,18,640,-326,13848
(848.185)[I]: [5],14,5,16,0,-175,168,-3726(848.186)[I]: [6],0,40,48,19,634,-326,13848
(848.195)[I]: [5],7,3,8,0,-213,155,-3471(848.195)[I]: [6],0,41,54,20,627,-327,13849
(848.205)[I]: [5],4,3,8,0,-287,123,-3240(848.205)[I]: [6],0,47,52,19,621,-328,13849
(848.215)[I]: [5],0,5,4,0,-407,49,-3042(848.215)[I]: [6],0,49,52,19,615,-329,13850
(848.225)[I]: [5],0,6,4,0,-548,-69,-2879(848.225)[I]: [6],0,50,53,19,609,-330,13851
(848.235)[I]: [5],0,5,8,0,-714,-189,-2789(848.235)[I]: [6],0,56,51,19,603,-331,13851
(848.245)[I]: [5],0,5,8,0,-903,-311,-2742(848.245)[I]: [6],0,57,50,18,597,-332,13852
(848.255)[I]: [5],0,5,8,0,-1110,-435,-2715(848.255)[I]: [6],0,61,50,17,591,-334,13853
(848.265)[I]: [5],0,5,4,0,-1327,-548,-2684(848.265)[I]: [6],0,59,47,17,585,-335,13853
(848.275)[I]: [5],0,4,4,0,-1543,-649,-2637(848.275)[I]: [6],0,58,48,16,579,-336,13854
(848.285)[I]: [5],0,4,4,0,-1742,-739,-2578(848.285)[I]: [6],0,58,48,15,573,-337,13854
(848.295)[I]: [5],0,4,4,0,-1909,-833,-2519(848.295)[I]: [6],0,57,47,15,568,-338,13855
(848.305)[I]: [5],0,4,4,0,-2027,-946,-2484(848.305)[I]: [6],0,58,46,15,562,-339,13856
(848.315)[I]: [5],0,4,4,0,-2087,-1078,-2491(848.316)[I]: [6],0,58,42,15,556,-340,13856
(848.325)[I]: [5],0,4,4,0,-2080,-1222,-2549(848.326)[I]: [6],0,58,41,13,551,-341,13857
(848.335)[I]: [5],0,4,4,0,-2007,-1364,-2644(848.336)[I]: [6],0,56,41,12,545,-342,13857
(848.345)[I]: [5],0,4,4,0,-1877,-1486,-2759(848.346)[I]: [6],0,56,40,11,540,-343,13858
(848.355)[I]: [5],0,4,4,0,-1705,-1574,-2877(848.356)[I]: [6],0,56,39,10,535,-343,13858
(848.365)[I]: [5],0,4,4,0,-1508,-1615,-2989(848.366)[I]: [6],0,54,39,8,529,-344,13859
(848.375)[I]: [5],0,3,4,0,-1298,-1604,-3087(848.376)[I]: [6],0,55,37,7,524,-345,13859
(848.385)[I]: [5],0,3,4,0,-1085,-1549,-3176(848.386)[I]: [6],0,54,31,7,519,-347,13860
(848.395)[I]: [5],0,4,4,0,-876,-1461,-3261(848.395)[I]: [6],0,54,30,7,514,-348,13860
(848.405)[I]: [5],0,3,4,0,-669,-1350,-3353(848.405)[I]: [6],0,53,31,7,509,-349,13861
(848.415)[I]: [5],0,4,4,0,-470,-1227,-3455(848.415)[I]: [6],0,53,29,7,503,-350,13861
(848.425)[I]: [5],1,3,4,0,-282,-1097,-3567(848.426)[I]: [6],0,54,27,7,498,-350,13862
(848.435)[I]: [5],1,3,4,0,-112,-965,-3688(848.435)[I]: [6],0,53,28,7,493,-351,13862
(848.445)[I]: [5],1,4,4,0,32,-833,-3816(848.445)[I]: [6],0,51,25,7,489,-353,13863
(848.455)[I]: [5],3,4,4,0,148,-703,-3952(848.456)[I]: [6],0,51,25,7,484,-356,13864
(848.465)[I]: [5],2,4,4,0,234,-578,-4098(848.466)[I]: [6],0,52,26,8,479,-357,13864
(848.475)[I]: [5],2,3,4,0,287,-461,-4255(848.475)[I]: [6],0,53,26,8,474,-359,13865
(848.485)[I]: [5],3,3,4,0,308,-357,-4422(848.485)[I]: [6],0,53,29,9,469,-360,13865
(848.495)[I]: [5],2,3,4,0,297,-271,-4598(848.495)[I]: [6],0,52,28,9,465,-360,13865
(848.505)[I]: [5],2,3,4,0,259,-204,-4775(848.505)[I]: [6],0,53,27,9,460,-361,13866
(848.515)[I]: [5],2,3,4,0,197,-158,-4954(848.515)[I]: [6],0,54,29,10,455,-362,13866
(848.525)[I]: [5],3,3,4,0,117,-130,-5133(848.525)[I]: [6],0,54,29,10,451,-364,13867
(848.535)[I]: [5],4,3,4,0,26,-121,-5313(848.535)[I]: [6],0,54,31,11,446,-364,13867
(848.545)[I]: [5],4,3,4,0,-65,-117,-5491(848.545)[I]: [6],0,54,31,11,442,-365,13868
(848.555)[I]: [5],4,3,4,0,-151,-121,-5661(848.555)[I]: [6],0,55,34,11,438,-367,13868
(848.565)[I]: [5],5,3,4,0,-224,-118,-5824(848.565)[I]: [6],0,55,35,12,433,-368,13869
(848.575)[I]: [5],4,3,4,0,-278,-106,-5978(848.575)[I]: [6],0,55,35,15,429,-368,13869
(848.585)[I]: [5],4,3,4,0,-309,-82,-6121(848.585)[I]: [6],0,54,35,17,425,-369,13869
(848.595)[I]: [5],3,3,4,0,-317,-45,-6252(848.595)[I]: [6],0,54,37,18,420,-370,13870
(848.605)[I]: [5],4,3,0,0,-302,3,-6378(848.605)[I]: [6],0,55,39,19,416,-370,13870
(848.615)[I]: [5],3,3,0,0,-276,60,-6504(848.615)[I]: [6],0,58,39,19,412,-371,13871
(848.625)[I]: [5],4,3,0,0,-245,123,-6629(848.625)[I]: [6],0,60,39,19,408,-372,13871
(848.635)[I]: [5],4,3,0,0,-219,183,-6750(848.635)[I]: [6],0,61,37,19,404,-373,13871
(848.645)[I]: [5],3,3,0,0,-200,230,-6857(848.645)[I]: [6],0,61,39,19,400,-375,13872
(848.655)[I]: [5],4,3,0,0,-189,256,-6946(848.655)[I]: [6],0,62,38,19,396,-375,13872
(848.665)[I]: [5],3,3,0,0,-180,257,-7020(848.665)[I]: [6],0,61,39,16,392,-376,13873
(848.675)[I]: [5],4,3,0,0,-170,241,-7077(848.675)[I]: [6],0,63,39,14,388,-377,13873
(848.685)[I]: [5],3,3,0,0,-156,227,-7120(848.685)[I]: [6],0,62,41,13,384,-377,13873
(848.695)[I]: [5],3,3,0,0,-142,222,-7146(848.695)[I]: [6],0,67,43,12,380,-378,13874
(848.705)[I]: [5],3,3,0,0,-131,223,-7155(848.705)[I]: [6],0,68,42,12,376,-378,13874
(848.715)[I]: [5],0,3,0,0,-119,218,-7155(848.715)[I]: [6],1,70,43,11,373,-378,13874
(848.725)[I]: [5],0,3,0,3,-104,213,-7149(848.725)[I]: [6],1,78,47,9,369,-379,13875
(848.735)[I]: [5],1,3,4,10,-55,105,-6818(848.735)[I]: [6],1,81,53,7,368,-381,13868
(848.745)[I]: [5],0,2,0,21,-53,14,-6634(848.745)[I]: [6],1,87,55,7,366,-381,13859
(848.755)[I]: [5],0,2,0,21,-51,-49,-6524(848.755)[I]: [6],3,91,57,5,365,-382,13847
(848.765)[I]: [5],1,2,4,18,-22,-106,-6452(848.766)[I]: [6],5,100,63,4,365,-382,13833
(848.775)[I]: [5],1,1,12,17,14,-134,-6415(848.776)[I]: [6],5,103,67,3,364,-382,13817
(848.785)[I]: [5],2,1,8,18,32,-145,-6351(848.786)[I]: [6],6,103,72,3,363,-382,13800
(848.795)[I]: [5],1,1,12,21,22,-150,-6272(848.796)[I]: [6],10,109,76,2,362,-381,13779
(848.805)[I]: [5],0,4,28,27,15,-154,-6200(848.806)[I]: [6],9,111,79,2,361,-376,13750
(848.815)[I]: [5],0,4,40,30,16,-148,-6156(848.816)[I]: [6],11,111,73,1,362,-383,13724
(848.825)[I]: [5],0,6,44,32,16,-150,-6131(848.826)[I]: [6],8,113,63,1,366,-381,13652
(848.835)[I]: [5],0,8,68,50,15,-149,-6107(848.836)[I]: [6],8,104,55,1,370,-395,13546
(848.845)[I]: [5],0,9,68,61,14,-144,-6088(848.846)[I]: [6],10,97,39,1,378,-407,13419
(848.855)[I]: [5],0,10,80,66,13,-140,-6074(848.856)[I]: [6],9,79,20,0,389,-392,13275
(848.865)[I]: [5],0,9,96,74,12,-140,-6065(848.866)[I]: [6],6,57,12,0,401,-359,13115
(848.875)[I]: [5],0,11,112,78,12,-142,-6062(848.876)[I]: [6],6,39,9,0,426,-297,12932
(848.885)[I]: [5],0,10,104,82,12,-140,-6060(848.886)[I]: [6],3,23,8,0,468,-219,12715
(848.895)[I]: [5],0,13,112,87,11,-138,-6057(848.896)[I]: [6],3,19,6,0,535,-146,12508
(848.905)[I]: [5],0,15,116,94,11,-138,-6057(848.906)[I]: [6],1,13,5,0,617,-103,12279
(848.915)[I]: [5],0,15,120,95,11,-139,-6057(848.916)[I]: [6],0,13,3,1,709,-77,12018
(848.925)[I]: [5],0,15,116,93,11,-140,-6057(848.926)[I]: [6],0,13,4,1,821,-79,11783
(848.935)[I]: [5],0,14,124,92,11,-141,-6057(848.936)[I]: [6],0,11,5,1,952,-121,11601
(848.945)[I]: [5],0,15,116,90,11,-142,-6057(848.946)[I]: [6],0,12,5,1,1086,-194,11464
(848.955)[I]: [5],0,17,120,82,11,-143,-6057(848.956)[I]: [6],0,15,3,1,1232,-282,11397
(848.965)[I]: [5],0,17,124,74,11,-144,-6057(848.966)[I]: [6],0,15,5,1,1375,-380,11340
(848.975)[I]: [5],0,15,124,68,10,-144,-6057(848.976)[I]: [6],0,14,3,1,1511,-488,11269
(848.985)[I]: [5],0,15,124,60,10,-144,-6057(848.986)[I]: [6],0,15,3,1,1632,-591,11175
(848.995)[I]: [5],0,15,132,56,10,-144,-6057(848.996)[I]: [6],0,14,3,1,1728,-694,11072
(848.999)[I]: [5],0,16,124,50,10,-144,-6057(848.999)[I]: [6],0,14,3,1,1793,-798,10971
(848.999)[I]: [5],0,14,124,46,10,-144,-6057(848.999)[I]: [6],0,14,3,1,1823,-901,10882
(849.001)[I]: [5],0,11,124,43,10,-145,-6057(849.002)[I]: [6],0,14,2,1,1816,-1008,10820
(849.011)[I]: [5],0,13,124,37,10,-145,-6057(849.012)[I]: [6],0,15,2,1,1775,-1122,10796
(849.021)[I]: [5],0,12,124,28,10,-145,-6057(849.022)[I]: [6],0,15,2,1,1704,-1235,10811
(849.031)[I]: [5],0,12,124,28,10,-145,-6057(849.032)[I]: [6],0,15,1,1,1607,-1325,10850
(849.041)[I]: [5],0,11,124,25,9,-146,-6057(849.042)[I]: [6],0,14,2,1,1494,-1383,10900
(849.051)[I]: [5],0,10,124,25,9,-146,-6057(849.052)[I]: [6],0,14,2,1,1377,-1408,10957
(849.061)[I]: [5],0,9,132,25,9,-146,-6057(849.061)[I]: [6],0,14,3,2,1260,-1396,11022
(849.071)[I]: [5],0,9,132,22,9,-146,-6057(849.071)[I]: [6],0,13,3,2,1150,-1343,11100
(849.081)[I]: [5],0,9,136,20,9,-146,-6057(849.081)[I]: [6],0,12,2,2,1047,-1258,11187
(849.091)[I]: [5],0,10,136,19,9,-146,-6057(849.092)[I]: [6],0,13,2,2,949,-1150,11280
(849.101)[I]: [5],0,11,140,19,9,-146,-6057(849.102)[I]: [6],0,13,2,2,850,-1032,11383
(849.111)[I]: [5],0,11,140,19,9,-146,-6057(849.112)[I]: [6],0,14,2,2,761,-920,11496
(849.121)[I]: [5],0,12,140,20,9,-146,-6057(849.122)[I]: [6],0,14,2,2,674,-835,11617
(849.131)[I]: [5],0,11,140,21,9,-146,-6057(849.132)[I]: [6],0,13,3,2,589,-781,11743
(849.141)[I]: [5],0,12,144,22,9,-147,-6057(849.142)[I]: [6],0,12,3,2,505,-752,11876
(849.151)[I]: [5],0,11,144,23,8,-147,-6057(849.152)[I]: [6],0,12,2,2,426,-726,12017
(849.161)[I]: [5],0,11,148,25,8,-147,-6057(849.162)[I]: [6],0,12,3,2,353,-687,12172
(849.171)[I]: [5],0,11,152,24,8,-147,-6057(849.172)[I]: [6],0,12,3,2,290,-633,12340
(849.181)[I]: [5],0,12,156,25,8,-147,-6057(849.182)[I]: [6],0,12,3,2,234,-556,12516
(849.191)[I]: [5],0,13,156,25,8,-148,-6057(849.192)[I]: [6],0,12,3,2,190,-472,12698
(849.201)[I]: [5],0,12,160,26,8,-149,-6057(849.202)[I]: [6],0,13,3,2,159,-389,12879
(849.211)[I]: [5],0,13,164,26,8,-149,-6057(849.212)[I]: [6],0,12,3,2,137,-319,13059
(849.221)[I]: [5],0,13,168,26,8,-150,-6057(849.222)[I]: [6],0,11,3,1,124,-264,13237
(849.231)[I]: [5],0,13,172,26,8,-150,-6057(849.232)[I]: [6],0,11,2,2,116,-222,13413
(849.241)[I]: [5],0,12,172,27,8,-151,-6057(849.242)[I]: [6],0,11,2,1,114,-187,13582
(849.251)[I]: [5],0,13,172,28,8,-152,-6057(849.252)[I]: [6],0,11,2,1,118,-154,13746
(849.261)[I]: [5],0,13,172,26,7,-152,-6057(849.262)[I]: [6],0,11,2,1,127,-117,13904
(849.271)[I]: [5],0,13,176,26,7,-152,-6057(849.272)[I]: [6],0,10,2,1,139,-76,14057
(849.281)[I]: [5],0,13,176,24,7,-152,-6057(849.282)[I]: [6],0,11,2,1,155,-29,14200
(849.291)[I]: [5],0,13,180,24,7,-152,-6057(849.292)[I]: [6],0,11,1,1,174,16,14330
(849.301)[I]: [5],0,13,184,22,7,-152,-6057(849.302)[I]: [6],0,11,1,1,194,55,14445
(849.311)[I]: [5],0,13,188,21,7,-153,-6057(849.312)[I]: [6],0,9,1,1,211,85,14547
(849.321)[I]: [5],0,14,188,21,7,-153,-6057(849.322)[I]: [6],0,9,1,1,229,109,14636
(849.331)[I]: [5],0,14,188,21,7,-154,-6057(849.332)[I]: [6],0,11,1,1,242,129,14710
(849.341)[I]: [5],0,13,188,22,7,-155,-6057(849.342)[I]: [6],0,11,1,1,253,147,14770
(849.351)[I]: [5],0,14,192,22,7,-155,-6057(849.352)[I]: [6],0,11,1,1,258,161,14823
(849.361)[I]: [5],0,13,196,22,7,-156,-6057(849.362)[I]: [6],0,12,1,1,260,177,14877
(849.371)[I]: [5],0,13,204,23,7,-156,-6057(849.372)[I]: [6],0,12,1,1,256,194,14933
(849.381)[I]: [5],0,12,204,21,7,-157,-6057(849.382)[I]: [6],0,12,1,1,251,213,14986
(849.391)[I]: [5],0,12,208,20,7,-158,-6057(849.392)[I]: [6],0,12,1,1,245,229,15026
(849.401)[I]: [5],0,12,212,19,6,-158,-6057(849.402)[I]: [6],0,13,1,1,243,235,15046
(849.411)[I]: [5],0,12,216,19,6,-158,-6057(849.412)[I]: [6],0,13,1,1,239,217,15043
(849.421)[I]: [5],0,12,216,20,6,-158,-6057(849.422)[I]: [6],0,13,1,1,233,185,15020
(849.431)[I]: [5],0,12,220,19,6,-158,-6057(849.432)[I]: [6],0,11,2,3,284,188,14847
(849.441)[I]: [5],0,12,220,19,6,-157,-6057(849.442)[I]: [6],0,11,1,5,311,79,14643
(849.451)[I]: [5],0,15,224,16,6,-157,-6057(849.452)[I]: [6],0,9,2,6,314,-56,14438
(849.461)[I]: [5],0,17,228,16,6,-158,-6054(849.462)[I]: [6],0,11,3,6,341,-86,14337
(849.471)[I]: [5],0,22,240,14,6,-161,-6045(849.472)[I]: [6],0,13,2,5,324,-105,14320
(849.481)[I]: [5],0,26,244,13,5,-163,-6034(849.482)[I]: [6],0,11,2,3,300,-107,14356
(849.491)[I]: [5],0,29,252,11,5,-166,-6021(849.492)[I]: [6],0,11,2,3,292,-98,14377
(849.501)[I]: [5],5,31,264,8,5,-167,-6006(849.502)[I]: [6],0,12,2,3,304,-94,14370
(849.511)[I]: [5],6,37,276,7,4,-171,-5986(849.512)[I]: [6],0,12,3,4,314,-93,14340
(849.521)[I]: [5],8,44,284,7,3,-176,-5959(849.522)[I]: [6],0,12,5,5,317,-104,14302
(849.531)[I]: [5],13,53,292,4,0,-171,-5934(849.532)[I]: [6],0,13,7,5,314,-117,14267
(849.541)[I]: [5],17,60,292,1,-1,-151,-5897(849.542)[I]: [6],0,15,11,5,313,-133,14243
(849.551)[I]: [5],23,63,300,1,-5,-114,-5847(849.552)[I]: [6],0,14,10,6,310,-146,14224
(849.561)[I]: [5],30,63,292,0,-12,-65,-5783(849.562)[I]: [6],0,15,10,7,309,-151,14212
(849.571)[I]: [5],34,75,276,0,-13,-63,-5671(849.572)[I]: [6],0,16,11,7,308,-154,14203
(849.581)[I]: [5],36,72,240,0,-16,-51,-5531(849.582)[I]: [6],0,17,15,9,307,-156,14195
(849.591)[I]: [5],39,60,228,0,-19,-8,-5373(849.592)[I]: [6],0,19,14,15,308,-157,14183
(849.601)[I]: [5],37,41,188,0,-11,26,-5198(849.602)[I]: [6],0,21,17,21,308,-159,14169
(849.611)[I]: [5],29,20,156,1,7,77,-5007(849.612)[I]: [6],0,26,16,29,307,-163,14156
(849.621)[I]: [5],24,14,112,0,30,169,-4795(849.622)[I]: [6],0,25,22,35,304,-164,14147
(849.631)[I]: [5],18,10,80,1,45,273,-4581(849.632)[I]: [6],0,22,20,43,301,-161,14142
(849.641)[I]: [5],12,4,68,1,50,357,-4372(849.642)[I]: [6],0,28,22,49,298,-162,14142
(849.651)[I]: [5],10,3,56,1,57,392,-4162(849.652)[I]: [6],0,26,30,53,295,-164,14142
(849.661)[I]: [5],7,5,44,1,72,383,-3930(849.662)[I]: [6],0,27,26,57,292,-166,14143
(849.671)[I]: [5],5,3,32,1,78,348,-3704(849.672)[I]: [6],0,24,27,57,289,-167,14143
(849.681)[I]: [5],2,3,28,1,46,299,-3481(849.682)[I]: [6],0,26,27,59,286,-170,14143
(849.691)[I]: [5],0,3,24,1,-47,211,-3284(849.691)[I]: [6],0,25,29,57,283,-171,14143
(849.701)[I]: [5],0,4,20,1,-184,67,-3116(849.702)[I]: [6],0,23,30,57,281,-173,14144
(849.711)[I]: [5],0,3,16,1,-339,-104,-3009(849.712)[I]: [6],0,24,31,58,278,-175,14144
(849.721)[I]: [5],0,4,12,1,-514,-280,-2939(849.722)[I]: [6],0,23,31,58,275,-176,14144
(849.731)[I]: [5],0,4,12,1,-702,-468,-2886(849.732)[I]: [6],0,22,31,55,272,-178,14144
(849.741)[I]: [5],0,4,12,1,-896,-651,-2826(849.742)[I]: [6],0,22,31,50,270,-180,14144
(849.751)[I]: [5],0,4,12,1,-1088,-823,-2746(849.752)[I]: [6],0,23,31,46,267,-181,14144
(849.761)[I]: [5],0,4,12,1,-1269,-978,-2639(849.762)[I]: [6],0,24,31,43,264,-183,14145
(849.771)[I]: [5],0,4,8,1,-1432,-1112,-2507(849.772)[I]: [6],0,23,31,35,262,-185,14145
(849.781)[I]: [5],0,4,8,1,-1562,-1225,-2359(849.782)[I]: [6],0,23,31,34,259,-186,14145
(849.791)[I]: [5],0,3,8,1,-1649,-1325,-2216(849.792)[I]: [6],0,22,31,31,256,-188,14145
(849.801)[I]: [5],0,3,8,1,-1685,-1414,-2107(849.802)[I]: [6],0,22,31,31,254,-190,14145
(849.811)[I]: [5],0,3,8,1,-1666,-1484,-2044(849.812)[I]: [6],0,21,31,30,251,-192,14146
(849.821)[I]: [5],0,3,12,1,-1601,-1530,-2026(849.822)[I]: [6],0,21,31,29,249,-193,14146
(849.831)[I]: [5],0,3,8,1,-1500,-1550,-2047(849.832)[I]: [6],0,21,31,28,246,-195,14146
(849.841)[I]: [5],0,3,8,1,-1377,-1549,-2103(849.842)[I]: [6],0,20,31,26,244,-196,14146
(849.851)[I]: [5],0,3,4,1,-1242,-1528,-2194(849.852)[I]: [6],0,21,31,25,241,-198,14146
(849.861)[I]: [5],0,3,4,1,-1104,-1496,-2319(849.862)[I]: [6],0,21,31,24,239,-199,14146
(849.871)[I]: [5],0,3,4,1,-968,-1457,-2472(849.872)[I]: [6],0,22,31,24,237,-201,14147
(849.881)[I]: [5],0,4,4,2,-841,-1412,-2637(849.882)[I]: [6],0,21,31,23,234,-202,14147
(849.891)[I]: [5],0,3,4,2,-727,-1357,-2805(849.892)[I]: [6],0,22,31,22,232,-203,14147
(849.901)[I]: [5],0,3,4,1,-629,-1295,-2972(849.902)[I]: [6],0,22,31,21,230,-205,14147
(849.911)[I]: [5],0,3,4,2,-549,-1226,-3136(849.912)[I]: [6],0,22,31,20,227,-207,14147
(849.921)[I]: [5],0,3,4,2,-488,-1148,-3297(849.922)[I]: [6],0,22,31,20,225,-209,14147
(849.931)[I]: [5],0,3,4,2,-444,-1068,-3464(849.932)[I]: [6],0,22,31,21,223,-210,14148
(849.941)[I]: [5],0,2,8,2,-418,-986,-3638(849.941)[I]: [6],0,24,34,21,221,-211,14148
(849.951)[I]: [5],0,2,8,2,-409,-911,-3822(849.951)[I]: [6],0,25,35,20,218,-213,14148
(849.961)[I]: [5],0,2,8,2,-408,-855,-4016(849.961)[I]: [6],0,25,35,20,216,-214,14148
(849.971)[I]: [5],0,2,8,2,-408,-813,-4211(849.971)[I]: [6],0,25,38,20,214,-215,14148
(849.981)[I]: [5],0,3,4,2,-406,-771,-4402(849.981)[I]: [6],0,26,39,20,212,-217,14148
(849.991)[I]: [5],0,3,4,2,-401,-728,-4586(849.991)[I]: [6],0,26,41,20,210,-218,14149
(849.999)[I]: [5],0,2,4,2,-394,-696,-4767(849.999)[I]: [6],0,27,43,19,208,-220,14149
(849.999)[I]: [5],0,3,4,2,-386,-664,-4944(849.999)[I]: [6],0,27,47,19,206,-222,14149
(849.999)[I]: [5],0,3,4,2,-377,-626,-5120(849.999)[I]: [6],0,29,47,19,204,-223,14149
(850.007)[I]: [5],0,3,4,2,-370,-581,-5296(850.007)[I]: [6],0,29,48,19,201,-225,14149
(850.017)[I]: [5],0,2,4,2,-363,-523,-5477(850.017)[I]: [6],0,30,52,18,199,-226,14149
(850.027)[I]: [5],0,2,4,2,-358,-453,-5661(850.027)[I]: [6],0,31,51,18,197,-227,14149
(850.037)[I]: [5],0,2,4,2,-355,-376,-5845(850.037)[I]: [6],0,35,52,17,195,-228,14150
(850.047)[I]: [5],0,2,4,1,-351,-298,-6029(850.047)[I]: [6],0,36,53,16,194,-230,14150
(850.057)[I]: [5],0,2,4,1,-342,-224,-6205(850.057)[I]: [6],0,37,56,16,192,-231,14150
(850.067)[I]: [5],0,2,4,1,-328,-158,-6369(850.067)[I]: [6],0,38,57,15,190,-232,14150
(850.077)[I]: [5],0,2,4,1,-306,-103,-6519(850.077)[I]: [6],0,41,59,15,188,-233,14150
(850.087)[I]: [5],0,2,4,1,-277,-54,-6653(850.087)[I]: [6],0,42,62,14,186,-234,14150
(850.097)[I]: [5],0,2,4,1,-244,-7,-6765(850.097)[I]: [6],0,42,61,13,184,-236,14150
(850.107)[I]: [5],0,2,4,1,-210,38,-6861(850.107)[I]: [6],0,44,67,12,182,-237,14150
(850.117)[I]: [5],0,2,0,1,-177,77,-6945(850.117)[I]: [6],0,47,70,12,180,-239,14151
(850.127)[I]: [5],0,2,0,1,-144,109,-7024(850.127)[I]: [6],0,49,75,11,179,-240,14151
(850.137)[I]: [5],0,2,0,1,-109,137,-7096(850.137)[I]: [6],0,50,77,9,177,-242,14151
(850.147)[I]: [5],0,2,0,1,-71,167,-7158(850.147)[I]: [6],0,50,81,9,175,-243,14151
(850.157)[I]: [5],0,2,0,1,-38,204,-7211(850.157)[I]: [6],0,51,83,8,173,-245,14151
(850.167)[I]: [5],0,2,0,1,-14,245,-7253(850.167)[I]: [6],0,51,87,7,172,-246,14151
(850.177)[I]: [5],0,2,0,1,-2,276,-7283(850.177)[I]: [6],1,55,91,5,170,-247,14151
(850.187)[I]: [5],0,2,0,1,-5,295,-7296(850.187)[I]: [6],1,59,93,5,168,-248,14151
(850.197)[I]: [5],3,1,4,6,-1,235,-7070(850.197)[I]: [6],2,61,97,6,168,-250,14148
(850.207)[I]: [5],0,2,4,10,5,153,-6902(850.207)[I]: [6],2,63,103,4,168,-250,14139
(850.217)[I]: [5],0,2,0,11,0,62,-6758(850.217)[I]: [6],2,70,107,3,169,-251,14127
(850.227)[I]: [5],0,1,0,11,-1,-11,-6666(850.227)[I]: [6],3,75,115,3,169,-252,14117
(850.237)[I]: [5],0,2,4,9,14,-50,-6616(850.237)[I]: [6],3,78,123,3,168,-253,14106
(850.247)[I]: [5],0,1,4,5,45,-61,-6585(850.247)[I]: [6],6,83,134,2,167,-254,14094
(850.257)[I]: [5],0,1,4,8,84,-56,-6538(850.257)[I]: [6],5,89,140,2,165,-257,14081
(850.267)[I]: [5],0,2,4,8,124,-52,-6473(850.267)[I]: [6],6,89,143,2,164,-256,14067
(850.277)[I]: [5],0,2,12,10,151,-57,-6412(850.278)[I]: [6],7,96,151,1,165,-244,14047
(850.287)[I]: [5],0,2,12,13,146,-70,-6373(850.288)[I]: [6],9,98,152,1,164,-209,14012
(850.297)[I]: [5],0,5,16,13,137,-86,-6354(850.298)[I]: [6],11,98,152,1,165,-178,13965
(850.307)[I]: [5],0,4,36,14,133,-89,-6335(850.308)[I]: [6],12,99,145,1,164,-162,13903
(850.317)[I]: [5],0,4,28,14,130,-91,-6321(850.318)[I]: [6],13,97,141,1,165,-139,13810
(850.327)[I]: [5],0,5,40,15,126,-94,-6311(850.328)[I]: [6],12,92,127,1,164,-102,13693
(850.337)[I]: [5],0,8,52,17,124,-91,-6299(850.338)[I]: [6],9,81,105,1,160,-57,13562
(850.347)[I]: [5],0,11,44,20,121,-85,-6284(850.348)[I]: [6],8,77,87,1,154,3,13422
(850.357)[I]: [5],0,16,60,22,117,-80,-6266(850.358)[I]: [6],7,63,68,0,150,94,13265
(850.367)[I]: [5],0,21,64,28,113,-81,-6245(850.368)[I]: [6],5,46,51,0,143,158,13100
(850.377)[I]: [5],4,31,84,31,112,-83,-6227(850.378)[I]: [6],3,31,31,0,142,214,12925
(850.387)[I]: [5],3,31,100,37,111,-83,-6217(850.388)[I]: [6],3,24,17,0,138,251,12751
(850.397)[I]: [5],7,33,108,42,111,-82,-6211(850.398)[I]: [6],2,15,11,0,135,274,12570
(850.407)[I]: [5],10,41,112,42,110,-83,-6211(850.408)[I]: [6],1,14,8,0,140,294,12388
(850.417)[I]: [5],11,35,108,45,109,-84,-6211(850.418)[I]: [6],0,15,7,1,162,279,12190
(850.427)[I]: [5],17,43,108,47,108,-85,-6211(850.428)[I]: [6],0,13,6,1,206,233,11983
(850.437)[I]: [5],18,44,120,48,107,-87,-6211(850.438)[I]: [6],0,9,6,1,276,173,11812
(850.447)[I]: [5],17,49,124,49,106,-88,-6211(850.448)[I]: [6],0,10,7,1,374,109,11677
(850.457)[I]: [5],18,50,116,47,105,-90,-6210(850.458)[I]: [6],0,11,6,1,493,40,11551
(850.467)[I]: [5],19,51,120,46,104,-91,-6210(850.468)[I]: [6],0,11,6,1,637,-13,11454
(850.477)[I]: [5],19,51,116,41,103,-92,-6210(850.478)[I]: [6],0,11,6,1,803,-59,11355
(850.487)[I]: [5],20,52,112,38,102,-93,-6210(850.488)[I]: [6],0,11,5,1,982,-119,11247
(850.497)[I]: [5],19,52,112,35,101,-94,-6210(850.498)[I]: [6],0,11,5,1,1168,-195,11128
(850.507)[I]: [5],19,50,112,28,100,-95,-6210(850.508)[I]: [6],0,11,5,1,1345,-292,11002
(850.517)[I]: [5],18,49,112,28,99,-96,-6210(850.518)[I]: [6],0,11,5,1,1503,-407,10879
(850.527)[I]: [5],15,47,112,23,98,-97,-6210(850.528)[I]: [6],0,10,4,1,1631,-534,10764
(850.537)[I]: [5],13,49,108,21,97,-98,-6210(850.538)[I]: [6],0,11,4,1,1722,-670,10667
(850.547)[I]: [5],13,46,104,20,96,-99,-6210(850.548)[I]: [6],0,11,4,1,1777,-809,10596
(850.557)[I]: [5],11,45,104,20,95,-100,-6210(850.558)[I]: [6],0,9,4,1,1797,-948,10558
(850.567)[I]: [5],12,44,104,19,94,-101,-6210(850.568)[I]: [6],0,9,4,1,1787,-1092,10561
(850.577)[I]: [5],9,41,104,19,93,-103,-6210(850.578)[I]: [6],0,10,4,1,1748,-1239,10613
(850.587)[I]: [5],7,39,108,17,92,-103,-6210(850.588)[I]: [6],0,10,4,1,1681,-1370,10707
(850.597)[I]: [5],6,38,104,17,91,-104,-6210(850.598)[I]: [6],0,9,3,1,1585,-1468,10822
(850.607)[I]: [5],6,36,108,16,90,-105,-6210(850.608)[I]: [6],0,9,2,2,1470,-1530,10949
(850.617)[I]: [5],5,37,108,16,89,-107,-6210(850.618)[I]: [6],0,8,3,1,1338,-1561,11080
(850.627)[I]: [5],5,37,108,16,88,-108,-6210(850.628)[I]: [6],0,8,2,1,1199,-1561,11210
(850.637)[I]: [5],4,31,108,16,87,-109,-6210(850.638)[I]: [6],0,8,3,1,1057,-1544,11339
(850.647)[I]: [5],5,30,112,16,86,-110,-6210(850.648)[I]: [6],0,8,3,2,915,-1507,11471
(850.657)[I]: [5],5,31,116,15,86,-110,-6210(850.658)[I]: [6],0,8,3,2,781,-1454,11605
(850.667)[I]: [5],3,28,120,16,85,-112,-6210(850.668)[I]: [6],0,8,3,2,660,-1387,11746
(850.677)[I]: [5],3,23,124,17,84,-111,-6212(850.678)[I]: [6],0,8,3,2,556,-1313,11893
(850.687)[I]: [5],3,19,124,16,84,-106,-6215(850.688)[I]: [6],0,8,3,2,471,-1237,12051
(850.697)[I]: [5],3,19,136,17,83,-106,-6215(850.698)[I]: [6],0,8,3,2,401,-1160,12219
(850.707)[I]: [5],2,20,140,17,82,-106,-6215(850.708)[I]: [6],0,8,3,2,345,-1084,12399
(850.717)[I]: [5],1,19,144,19,81,-107,-6215(850.718)[I]: [6],0,8,3,2,299,-1013,12585
(850.727)[I]: [5],0,18,148,19,80,-106,-6215(850.728)[I]: [6],0,8,3,2,259,-941,12772
(850.737)[I]: [5],0,17,152,20,79,-107,-6215(850.738)[I]: [6],0,8,3,2,227,-871,12959
(850.747)[I]: [5],0,17,152,20,79,-108,-6215(850.748)[I]: [6],0,8,3,2,199,-802,13143
(850.757)[I]: [5],0,17,160,22,78,-109,-6215(850.758)[I]: [6],0,8,3,2,175,-730,13321
(850.767)[I]: [5],0,16,164,23,77,-110,-6215(850.768)[I]: [6],0,9,3,1,151,-652,13496
(850.777)[I]: [5],0,16,160,25,76,-111,-6215(850.778)[I]: [6],0,8,3,2,132,-570,13666
(850.787)[I]: [5],0,16,164,26,76,-112,-6215(850.788)[I]: [6],0,9,3,2,116,-490,13835
(850.797)[I]: [5],0,15,168,26,75,-113,-6215(850.798)[I]: [6],0,8,3,2,107,-413,13996
(850.807)[I]: [5],0,15,168,27,74,-114,-6215(850.808)[I]: [6],0,9,3,2,101,-343,14146
(850.817)[I]: [5],0,16,168,26,73,-115,-6215(850.818)[I]: [6],0,10,3,2,97,-282,14287
(850.827)[I]: [5],0,16,168,26,73,-114,-6215(850.828)[I]: [6],0,9,3,1,95,-227,14421
(850.837)[I]: [5],0,15,172,26,72,-115,-6215(850.838)[I]: [6],0,9,3,1,97,-170,14543
(850.847)[I]: [5],0,15,172,25,71,-115,-6215(850.848)[I]: [6],0,9,3,1,105,-110,14654
(850.857)[I]: [5],0,16,172,24,70,-116,-6215(850.858)[I]: [6],0,8,3,1,115,-56,14751
(850.867)[I]: [5],0,16,172,26,70,-117,-6215(850.868)[I]: [6],0,8,3,1,130,-11,14836
(850.877)[I]: [5],0,16,172,26,69,-118,-6215(850.878)[I]: [6],0,9,3,1,150,27,14908
(850.887)[I]: [5],0,17,172,26,68,-118,-6215(850.888)[I]: [6],0,10,3,1,172,58,14970
(850.897)[I]: [5],0,17,172,26,68,-119,-6215(850.898)[I]: [6],0,11,3,1,195,86,15026
(850.907)[I]: [5],0,18,176,25,67,-119,-6215(850.908)[I]: [6],0,10,3,1,214,112,15081
(850.917)[I]: [5],0,19,184,22,66,-119,-6215(850.918)[I]: [6],0,10,2,1,228,141,15133
(850.927)[I]: [5],1,21,188,20,66,-120,-6215(850.928)[I]: [6],0,11,3,1,236,172,15176
(850.937)[I]: [5],4,22,188,17,65,-120,-6215(850.938)[I]: [6],0,10,2,1,240,201,15204
(850.947)[I]: [5],5,23,196,15,64,-121,-6215(850.948)[I]: [6],0,10,2,1,242,220,15223
(850.957)[I]: [5],4,25,204,15,64,-122,-6215(850.958)[I]: [6],0,10,2,1,240,231,15234
(850.967)[I]: [5],5,28,208,15,63,-123,-6215(850.968)[I]: [6],0,10,2,1,238,221,15238
(850.977)[I]: [5],7,30,220,13,63,-122,-6207(850.978)[I]: [6],0,7,2,2,202,25,14998
(850.987)[I]: [5],10,34,236,10,64,-120,-6196(850.988)[I]: [6],0,7,3,6,253,-130,14790
(850.997)[I]: [5],14,42,252,10,63,-119,-6178(850.998)[I]: [6],0,6,2,8,322,-193,14584
(850.999)[I]: [5],19,52,252,6,64,-118,-6156(850.999)[I]: [6],0,6,5,8,276,-241,14468
(850.999)[I]: [5],23,63,268,5,64,-117,-6130(850.999)[I]: [6],0,8,4,5,244,-258,14443
(851.003)[I]: [5],35,67,268,3,64,-106,-6098(851.004)[I]: [6],0,9,3,5,226,-258,14465
(851.013)[I]: [5],44,79,272,1,62,-90,-6067(851.014)[I]: [6],0,9,4,5,235,-252,14462
(851.023)[I]: [5],54,91,272,0,62,-67,-6028(851.024)[I]: [6],0,10,7,6,249,-253,14431
(851.033)[I]: [5],66,92,272,0,59,-26,-5973(851.034)[I]: [6],0,10,11,6,250,-263,14385
(851.043)[I]: [5],75,94,252,0,56,-5,-5893(851.043)[I]: [6],0,13,10,7,252,-277,14338
(851.053)[I]: [5],79,84,252,0,53,-7,-5773(851.053)[I]: [6],0,15,10,10,251,-290,14301
(851.063)[I]: [5],77,66,216,0,50,8,-5623(851.063)[I]: [6],0,17,11,12,253,-297,14278
(851.073)[I]: [5],74,51,196,0,50,32,-5452(851.074)[I]: [6],0,19,13,17,253,-296,14262
(851.083)[I]: [5],62,35,176,0,60,55,-5271(851.084)[I]: [6],0,22,15,19,252,-295,14252
(851.093)[I]: [5],53,21,124,0,79,111,-5077(851.094)[I]: [6],0,21,18,23,252,-294,14243
(851.103)[I]: [5],42,15,76,0,95,201,-4870(851.104)[I]: [6],0,27,23,30,252,-295,14235
(851.113)[I]: [5],31,9,60,0,103,297,-4665(851.114)[I]: [6],0,30,25,36,251,-297,14232
(851.123)[I]: [5],25,5,52,0,106,371,-4460(851.124)[I]: [6],0,31,24,39,248,-298,14232
(851.133)[I]: [5],15,3,48,0,109,405,-4254(851.134)[I]: [6],0,31,25,44,246,-299,14232
(851.143)[I]: [5],10,4,32,1,124,403,-4035(851.144)[I]: [6],0,31,28,49,243,-300,14232
(851.153)[I]: [5],7,2,28,0,131,379,-3825(851.154)[I]: [6],0,31,29,51,241,-300,14232
(851.163)[I]: [5],2,3,24,1,117,339,-3616(851.164)[I]: [6],0,35,29,51,239,-301,14232
(851.173)[I]: [5],0,3,28,1,68,275,-3414(851.174)[I]: [6],0,34,31,50,236,-302,14233
(851.183)[I]: [5],0,3,12,1,-8,178,-3238(851.183)[I]: [6],0,37,35,51,234,-303,14233
(851.193)[I]: [5],0,3,12,1,-98,53,-3100(851.193)[I]: [6],0,37,34,48,231,-304,14233
(851.203)[I]: [5],0,3,12,1,-207,-70,-3013(851.203)[I]: [6],0,35,31,47,229,-305,14233
(851.213)[I]: [5],0,3,12,1,-334,-200,-2949(851.214)[I]: [6],0,36,31,43,227,-306,14233
(851.223)[I]: [5],0,3,12,1,-476,-315,-2885(851.224)[I]: [6],0,36,35,40,225,-306,14233
(851.233)[I]: [5],0,3,12,1,-629,-413,-2799(851.234)[I]: [6],0,37,38,38,222,-307,14234
(851.243)[I]: [5],0,3,12,1,-791,-492,-2687(851.244)[I]: [6],0,39,39,36,220,-307,14234
(851.253)[I]: [5],0,3,8,1,-955,-561,-2556(851.254)[I]: [6],0,37,39,35,218,-308,14234
(851.263)[I]: [5],0,3,8,1,-1110,-624,-2415(851.264)[I]: [6],0,38,39,31,216,-309,14234
(851.273)[I]: [5],0,3,12,1,-1247,-686,-2274(851.274)[I]: [6],0,34,39,31,214,-310,14234
(851.283)[I]: [5],0,3,12,0,-1357,-761,-2148(851.284)[I]: [6],0,34,40,31,211,-311,14234
(851.293)[I]: [5],0,3,12,0,-1431,-854,-2057(851.294)[I]: [6],0,31,41,27,209,-312,14235
(851.303)[I]: [5],0,3,8,1,-1468,-954,-2015(851.304)[I]: [6],0,31,42,25,207,-313,14235
(851.313)[I]: [5],0,3,8,1,-1464,-1054,-2025(851.314)[I]: [6],0,31,43,21,205,-314,14235
(851.323)[I]: [5],0,3,8,1,-1421,-1141,-2079(851.324)[I]: [6],0,30,44,22,203,-314,14235
(851.333)[I]: [5],0,3,8,0,-1348,-1208,-2164(851.334)[I]: [6],0,31,46,21,201,-314,14235
(851.343)[I]: [5],0,3,8,0,-1255,-1251,-2271(851.344)[I]: [6],0,31,47,20,199,-315,14235
(851.353)[I]: [5],0,3,12,0,-1149,-1266,-2392(851.354)[I]: [6],0,29,47,19,197,-315,14235
(851.363)[I]: [5],0,3,12,0,-1038,-1260,-2525(851.364)[I]: [6],0,27,48,18,195,-315,14236
(851.373)[I]: [5],0,3,12,0,-927,-1237,-2666(851.374)[I]: [6],0,28,48,17,193,-315,14236
(851.383)[I]: [5],0,3,12,0,-820,-1203,-2812(851.384)[I]: [6],0,28,50,17,191,-316,14236
(851.393)[I]: [5],0,3,8,0,-725,-1161,-2958(851.393)[I]: [6],0,27,52,17,189,-317,14236
(851.403)[I]: [5],0,2,12,0,-644,-1113,-3101(851.404)[I]: [6],0,25,55,17,187,-318,14236
(851.413)[I]: [5],1,3,8,0,-579,-1059,-3239(851.414)[I]: [6],0,23,60,17,186,-319,14236
(851.423)[I]: [5],1,3,8,0,-530,-997,-3375(851.423)[I]: [6],0,23,63,17,184,-319,14236
(851.433)[I]: [5],1,3,8,0,-501,-931,-3515(851.433)[I]: [6],0,23,70,15,182,-320,14237
(851.443)[I]: [5],1,2,8,1,-491,-867,-3668(851.444)[I]: [6],0,24,71,14,180,-320,14237
(851.453)[I]: [5],1,2,8,1,-498,-806,-3833(851.454)[I]: [6],0,23,73,14,178,-321,14237
(851.463)[I]: [5],1,2,8,0,-521,-748,-4007(851.463)[I]: [6],0,25,76,12,176,-321,14237
(851.473)[I]: [5],1,2,8,0,-556,-702,-4186(851.473)[I]: [6],0,25,81,12,175,-321,14237
(851.483)[I]: [5],2,1,8,0,-597,-662,-4364(851.483)[I]: [6],0,26,79,12,173,-321,14237
(851.493)[I]: [5],2,1,8,0,-639,-629,-4539(851.494)[I]: [6],0,26,83,12,171,-322,14237
(851.503)[I]: [5],2,2,12,0,-677,-602,-4709(851.504)[I]: [6],0,26,85,11,169,-323,14237
(851.513)[I]: [5],2,2,8,0,-710,-578,-4881(851.513)[I]: [6],0,27,89,11,168,-324,14237
(851.523)[I]: [5],2,2,8,0,-736,-554,-5055(851.523)[I]: [6],0,26,91,10,166,-325,14238
(851.533)[I]: [5],2,3,8,0,-756,-525,-5231(851.533)[I]: [6],0,27,91,9,164,-325,14238
(851.543)[I]: [5],2,2,4,0,-770,-484,-5406(851.543)[I]: [6],0,28,95,9,163,-326,14238
(851.553)[I]: [5],2,3,4,0,-784,-427,-5579(851.553)[I]: [6],0,29,98,8,161,-327,14238
(851.563)[I]: [5],2,3,4,0,-800,-356,-5749(851.563)[I]: [6],0,29,98,9,160,-327,14238
(851.573)[I]: [5],1,3,4,0,-818,-278,-5911(851.573)[I]: [6],0,28,101,7,158,-327,14238
(851.583)[I]: [5],1,2,4,0,-837,-200,-6066(851.583)[I]: [6],0,28,104,7,156,-328,14238
(851.593)[I]: [5],1,3,4,0,-853,-126,-6209(851.593)[I]: [6],0,27,107,6,155,-328,14238
(851.603)[I]: [5],1,3,4,0,-865,-59,-6338(851.603)[I]: [6],0,26,110,7,153,-328,14238
(851.613)[I]: [5],1,3,4,0,-868,-2,-6455(851.613)[I]: [6],0,27,110,9,152,-329,14239
(851.623)[I]: [5],1,3,4,0,-859,39,-6560(851.623)[I]: [6],0,26,110,9,150,-330,14239
(851.633)[I]: [5],1,2,4,0,-842,66,-6656(851.633)[I]: [6],0,26,110,10,149,-331,14239
(851.643)[I]: [5],0,3,4,0,-816,93,-6742(851.643)[I]: [6],0,25,110,11,148,-330,14241
(851.653)[I]: [5],0,2,4,0,-787,125,-6820(851.653)[I]: [6],0,24,109,13,147,-329,14244
(851.663)[I]: [5],0,3,4,0,-756,162,-6887(851.663)[I]: [6],0,23,108,14,146,-327,14251
(851.673)[I]: [5],0,3,4,0,-723,194,-6941(851.673)[I]: [6],0,23,106,15,144,-326,14251
(851.683)[I]: [5],0,2,4,0,-686,216,-6983(851.683)[I]: [6],0,23,105,17,143,-326,14251
(851.693)[I]: [5],0,3,4,0,-647,220,-7013(851.693)[I]: [6],0,22,105,17,142,-327,14251
(851.703)[I]: [5],0,3,4,0,-606,208,-7036(851.703)[I]: [6],0,21,106,18,140,-328,14251
(851.713)[I]: [5],0,3,4,0,-565,182,-7058(851.713)[I]: [6],0,21,107,18,139,-328,14251
(851.723)[I]: [5],0,3,4,0,-526,146,-7082(851.723)[I]: [6],0,21,109,18,137,-328,14251
(851.733)[I]: [5],0,3,4,0,-491,106,-7105(851.733)[I]: [6],0,21,110,18,136,-328,14251
(851.743)[I]: [5],2,1,8,4,-457,98,-6875(851.743)[I]: [6],0,21,112,18,135,-328,14251
(851.753)[I]: [5],0,2,4,15,-425,42,-6694(851.753)[I]: [6],0,22,115,18,133,-328,14251
(851.763)[I]: [5],0,1,0,15,-409,7,-6532(851.763)[I]: [6],0,22,115,17,132,-329,14252
(851.773)[I]: [5],0,1,8,11,-391,-37,-6446(851.773)[I]: [6],0,23,117,15,131,-329,14252
(851.783)[I]: [5],0,1,8,10,-363,-53,-6408(851.784)[I]: [6],0,24,121,12,129,-330,14252
(851.793)[I]: [5],0,1,4,9,-329,-45,-6408(851.793)[I]: [6],0,25,127,8,128,-331,14243
(851.803)[I]: [5],0,1,8,8,-298,-27,-6402(851.803)[I]: [6],0,28,136,6,128,-332,14231
(851.813)[I]: [5],0,1,8,11,-285,-17,-6376(851.814)[I]: [6],0,29,147,4,127,-333,14216
(851.823)[I]: [5],0,1,12,13,-294,-26,-6336(851.824)[I]: [6],0,31,164,3,127,-334,14197
(851.833)[I]: [5],0,3,12,17,-306,-44,-6300(851.834)[I]: [6],0,31,180,3,126,-336,14179
(851.843)[I]: [5],0,4,28,17,-306,-50,-6271(851.844)[I]: [6],0,34,196,1,125,-336,14163
(851.853)[I]: [5],0,5,28,20,-303,-55,-6248(851.854)[I]: [6],0,35,213,1,128,-320,14148
(851.863)[I]: [5],0,4,44,23,-300,-53,-6229(851.864)[I]: [6],0,34,224,1,127,-260,14109
(851.873)[I]: [5],0,7,48,28,-299,-43,-6215(851.874)[I]: [6],0,28,232,0,125,-185,14072
(851.883)[I]: [5],0,8,48,37,-297,-32,-6201(851.884)[I]: [6],0,26,226,0,130,-94,14028
(851.893)[I]: [5],0,10,56,55,-295,-27,-6192(851.894)[I]: [6],0,24,198,0,131,-3,13957
(851.903)[I]: [5],0,10,64,61,-294,-28,-6181(851.904)[I]: [6],0,20,159,0,125,55,13829
(851.913)[I]: [5],0,12,72,69,-293,-30,-6171(851.914)[I]: [6],0,17,126,0,121,138,13667
(851.923)[I]: [5],0,15,68,71,-291,-29,-6161(851.924)[I]: [6],0,15,77,0,120,233,13492
(851.933)[I]: [5],1,15,80,75,-290,-26,-6153(851.934)[I]: [6],0,10,50,0,129,318,13325
(851.943)[I]: [5],4,17,100,79,-287,-27,-6153(851.944)[I]: [6],0,9,29,0,153,402,13147
(851.953)[I]: [5],3,15,100,85,-284,-25,-6153(851.954)[I]: [6],0,9,13,0,192,480,12950
(851.963)[I]: [5],3,17,92,90,-282,-26,-6153(851.964)[I]: [6],0,10,10,0,250,570,12751
(851.973)[I]: [5],4,18,96,98,-279,-28,-6153(851.974)[I]: [6],0,9,10,0,333,637,12558
(851.983)[I]: [5],5,15,96,103,-276,-29,-6153(851.984)[I]: [6],0,7,7,0,443,642,12399
(851.993)[I]: [5],3,15,92,107,-273,-30,-6153(851.994)[I]: [6],0,9,6,0,559,563,12270
(851.999)[I]: [5],3,15,92,107,-271,-31,-6153(851.999)[I]: [6],0,9,5,0,679,431,12183
(851.999)[I]: [5],2,15,96,111,-268,-32,-6153(851.999)[I]: [6],0,9,5,0,802,251,12095
(851.999)[I]: [5],1,15,92,108,-265,-34,-6154(852.000)[I]: [6],0,9,5,0,920,43,11988
(852.009)[I]: [5],0,13,96,104,-263,-36,-6154(852.010)[I]: [6],0,9,5,0,1027,-166,11859
(852.019)[I]: [5],0,13,96,100,-260,-37,-6154(852.020)[I]: [6],0,7,3,0,1113,-358,11718
(852.029)[I]: [5],0,12,96,90,-257,-39,-6154(852.030)[I]: [6],0,9,3,0,1171,-527,11582
(852.039)[I]: [5],0,11,96,79,-255,-40,-6154(852.040)[I]: [6],0,9,3,0,1197,-673,11458
(852.049)[I]: [5],0,12,100,70,-252,-41,-6154(852.050)[I]: [6],0,10,3,1,1194,-806,11353
(852.059)[I]: [5],0,12,100,63,-250,-42,-6154(852.060)[I]: [6],0,8,4,0,1166,-928,11268
(852.069)[I]: [5],0,14,100,57,-247,-43,-6154(852.070)[I]: [6],0,8,3,1,1115,-1052,11216
(852.079)[I]: [5],0,14,100,55,-245,-45,-6154(852.080)[I]: [6],0,8,3,1,1047,-1180,11206
(852.089)[I]: [5],0,12,104,54,-242,-45,-6155(852.090)[I]: [6],0,8,2,1,962,-1293,11234
(852.099)[I]: [5],0,10,96,50,-240,-45,-6155(852.100)[I]: [6],0,8,2,1,866,-1380,11285
(852.109)[I]: [5],0,11,96,48,-238,-45,-6155(852.110)[I]: [6],0,7,2,1,771,-1442,11349
(852.119)[I]: [5],0,10,92,46,-235,-46,-6155(852.120)[I]: [6],0,9,3,1,684,-1482,11422
(852.129)[I]: [5],0,11,88,43,-233,-47,-6155(852.130)[I]: [6],0,8,2,1,610,-1504,11496
(852.139)[I]: [5],0,13,88,40,-230,-48,-6155(852.140)[I]: [6],0,8,2,1,546,-1501,11570
(852.149)[I]: [5],0,10,88,39,-228,-48,-6155(852.150)[I]: [6],0,7,3,1,498,-1473,11649
(852.159)[I]: [5],0,11,92,39,-226,-49,-6155(852.160)[I]: [6],0,8,3,1,456,-1438,11744
(852.169)[I]: [5],0,13,88,40,-224,-49,-6155(852.170)[I]: [6],0,8,2,1,419,-1408,11858
(852.179)[I]: [5],0,13,88,40,-221,-50,-6155(852.180)[I]: [6],0,8,2,1,384,-1388,11986
(852.189)[I]: [5],0,12,76,44,-221,-52,-6157(852.190)[I]: [6],0,8,3,1,349,-1379,12122
(852.199)[I]: [5],0,12,72,46,-221,-57,-6161(852.200)[I]: [6],0,8,3,1,315,-1371,12267
(852.209)[I]: [5],0,14,76,47,-219,-59,-6161(852.210)[I]: [6],0,8,3,1,276,-1354,12424
(852.219)[I]: [5],0,14,64,50,-217,-60,-6161(852.220)[I]: [6],0,7,3,1,230,-1323,12597
(852.229)[I]: [5],0,12,60,51,-214,-60,-6161(852.230)[I]: [6],0,7,3,1,184,-1271,12778
(852.239)[I]: [5],0,14,60,54,-212,-61,-6161(852.240)[I]: [6],0,8,3,1,127,-1206,12966
(852.249)[I]: [5],0,15,56,57,-210,-63,-6162(852.250)[I]: [6],0,8,3,1,63,-1130,13159
(852.259)[I]: [5],0,17,56,60,-208,-65,-6162(852.260)[I]: [6],0,8,3,1,-13,-1049,13360
(852.269)[I]: [5],1,17,56,61,-206,-66,-6162(852.270)[I]: [6],0,8,3,1,-98,-961,13567
(852.279)[I]: [5],4,17,60,60,-204,-67,-6162(852.280)[I]: [6],0,8,3,1,-188,-862,13769
(852.289)[I]: [5],4,18,60,60,-202,-68,-6162(852.290)[I]: [6],0,8,3,1,-271,-759,13957
(852.299)[I]: [5],4,19,60,60,-200,-70,-6162(852.300)[I]: [6],0,8,3,1,-340,-658,14127
(852.309)[I]: [5],5,20,60,60,-198,-70,-6162(852.310)[I]: [6],0,8,2,1,-392,-573,14284
(852.319)[I]: [5],4,20,64,63,-196,-72,-6162(852.320)[I]: [6],0,8,2,1,-430,-505,14440
(852.329)[I]: [5],3,20,60,65,-194,-73,-6162(852.330)[I]: [6],0,8,3,1,-459,-451,14609
(852.339)[I]: [5],3,20,60,69,-192,-74,-6162(852.340)[I]: [6],0,8,3,1,-482,-408,14792
(852.349)[I]: [5],3,20,56,69,-190,-76,-6162(852.350)[I]: [6],0,9,2,1,-494,-364,14973
(852.359)[I]: [5],3,20,56,70,-188,-77,-6162(852.360)[I]: [6],0,9,2,1,-493,-315,15137
(852.369)[I]: [5],3,19,52,70,-186,-78,-6163(852.370)[I]: [6],0,8,2,1,-480,-259,15278
(852.379)[I]: [5],3,21,52,69,-184,-80,-6163(852.380)[I]: [6],0,9,3,1,-454,-201,15395
(852.389)[I]: [5],3,23,52,69,-183,-81,-6163(852.390)[I]: [6],0,9,2,1,-424,-147,15489
(852.399)[I]: [5],3,24,56,70,-181,-82,-6163(852.400)[I]: [6],0,10,3,1,-401,-105,15559
(852.409)[I]: [5],3,24,68,68,-179,-84,-6163(852.410)[I]: [6],0,11,3,1,-387,-78,15596
(852.419)[I]: [5],1,25,68,66,-177,-85,-6163(852.420)[I]: [6],0,10,3,1,-387,-61,15607
(852.429)[I]: [5],0,27,72,66,-175,-86,-6163(852.430)[I]: [6],0,10,3,1,-396,-46,15623
(852.439)[I]: [5],0,26,76,66,-174,-87,-6163(852.440)[I]: [6],0,10,3,1,-405,-22,15680
(852.449)[I]: [5],0,28,88,64,-172,-88,-6163(852.450)[I]: [6],0,10,3,1,-410,17,15771
(852.459)[I]: [5],0,31,92,60,-170,-89,-6163(852.460)[I]: [6],0,11,3,1,-409,70,15864
(852.469)[I]: [5],1,31,100,57,-169,-90,-6163(852.470)[I]: [6],0,10,2,2,-312,140,15627
(852.479)[I]: [5],3,34,104,57,-168,-90,-6160(852.480)[I]: [6],0,9,3,5,-424,-78,15386
(852.489)[I]: [5],5,35,112,49,-167,-90,-6153(852.490)[I]: [6],0,5,3,6,-322,-138,15148
(852.499)[I]: [5],6,40,108,38,-167,-91,-6143(852.500)[I]: [6],0,2,3,4,-319,-180,15004
(852.509)[I]: [5],7,50,124,30,-165,-91,-6130(852.510)[I]: [6],0,5,3,6,-341,-193,14904
(852.519)[I]: [5],12,57,136,20,-164,-90,-6112(852.520)[I]: [6],0,7,4,3,-359,-204,14844
(852.529)[I]: [5],15,62,148,14,-164,-90,-6093(852.530)[I]: [6],0,8,4,3,-364,-217,14804
(852.539)[I]: [5],24,75,160,10,-163,-90,-6072(852.540)[I]: [6],0,7,4,5,-345,-236,14750
(852.549)[I]: [5],31,88,176,5,-164,-89,-6037(852.550)[I]: [6],0,9,5,6,-313,-257,14671
(852.559)[I]: [5],42,94,176,4,-165,-92,-5992(852.560)[I]: [6],0,9,7,6,-293,-292,14595
(852.569)[I]: [5],58,104,184,0,-166,-99,-5942(852.570)[I]: [6],0,10,12,8,-282,-305,14543
(852.579)[I]: [5],68,113,176,0,-169,-126,-5895(852.580)[I]: [6],0,11,14,8,-281,-320,14510
(852.589)[I]: [5],80,120,164,0,-173,-157,-5817(852.590)[I]: [6],0,12,19,10,-280,-331,14492
(852.599)[I]: [5],90,116,136,0,-175,-163,-5687(852.600)[I]: [6],0,13,22,12,-276,-331,14481
(852.609)[I]: [5],92,110,96,0,-175,-176,-5544(852.610)[I]: [6],0,14,25,14,-272,-332,14468
(852.619)[I]: [5],89,94,76,0,-172,-173,-5385(852.620)[I]: [6],0,18,28,19,-270,-335,14454
(852.629)[I]: [5],79,67,68,0,-166,-141,-5209(852.630)[I]: [6],0,19,31,23,-268,-338,14439
(852.639)[I]: [5],61,51,60,0,-154,-90,-5021(852.640)[I]: [6],0,21,41,27,-265,-342,14425
(852.649)[I]: [5],44,23,48,0,-139,-3,-4821(852.650)[I]: [6],0,21,42,28,-264,-346,14415
(852.659)[I]: [5],30,15,28,0,-134,93,-4619(852.660)[I]: [6],0,25,47,31,-263,-348,14407
(852.669)[I]: [5],17,11,28,0,-135,173,-4432(852.670)[I]: [6],0,26,50,31,-262,-348,14400
(852.679)[I]: [5],15,6,12,0,-142,228,-4247(852.680)[I]: [6],0,26,55,35,-259,-349,14400
(852.689)[I]: [5],9,4,16,0,-158,245,-4052(852.690)[I]: [6],0,26,54,37,-257,-350,14400
(852.699)[I]: [5],3,4,12,0,-189,216,-3864(852.700)[I]: [6],0,23,61,37,-254,-351,14400
(852.709)[I]: [5],3,5,12,0,-264,167,-3693(852.710)[I]: [6],0,22,62,35,-252,-351,14400
(852.719)[I]: [5],0,6,12,0,-390,81,-3565(852.719)[I]: [6],0,22,63,35,-249,-351,14400
(852.729)[I]: [5],0,6,12,0,-553,-30,-3474(852.729)[I]: [6],0,23,66,31,-247,-352,14400
(852.739)[I]: [5],0,5,8,0,-756,-125,-3434(852.739)[I]: [6],0,23,67,30,-244,-353,14399
(852.749)[I]: [5],1,6,8,0,-994,-218,-3417(852.749)[I]: [6],0,24,70,29,-242,-353,14399
(852.759)[I]: [5],0,5,4,0,-1262,-310,-3399(852.759)[I]: [6],0,24,69,27,-239,-353,14399
(852.769)[I]: [5],0,5,0,0,-1550,-400,-3360(852.769)[I]: [6],0,23,69,24,-237,-354,14399
(852.779)[I]: [5],0,5,4,0,-1843,-485,-3291(852.779)[I]: [6],0,22,69,21,-235,-354,14399
(852.789)[I]: [5],0,5,4,0,-2124,-565,-3200(852.790)[I]: [6],0,22,69,18,-232,-354,14399
(852.799)[I]: [5],0,4,0,0,-2371,-658,-3108(852.799)[I]: [6],0,23,70,16,-230,-354,14399
(852.809)[I]: [5],0,4,0,0,-2564,-785,-3043(852.809)[I]: [6],0,23,70,14,-228,-354,14399
(852.819)[I]: [5],0,5,0,0,-2691,-937,-3026(852.819)[I]: [6],0,23,74,13,-225,-354,14399
(852.829)[I]: [5],0,5,0,0,-2748,-1097,-3048(852.830)[I]: [6],0,22,75,12,-223,-356,14398
(852.839)[I]: [5],0,5,0,0,-2744,-1252,-3094(852.839)[I]: [6],0,24,77,12,-221,-357,14398
(852.849)[I]: [5],0,5,0,0,-2689,-1390,-3148(852.850)[I]: [6],0,23,78,12,-219,-357,14398
(852.859)[I]: [5],0,5,4,0,-2594,-1498,-3199(852.860)[I]: [6],0,24,82,9,-217,-358,14398
(852.869)[I]: [5],0,6,4,0,-2467,-1568,-3238(852.870)[I]: [6],0,24,84,7,-214,-358,14398
(852.879)[I]: [5],0,6,4,0,-2314,-1602,-3262(852.880)[I]: [6],0,24,83,5,-212,-357,14398
(852.889)[I]: [5],0,5,0,0,-2144,-1603,-3271(852.890)[I]: [6],0,25,84,6,-210,-357,14398
(852.899)[I]: [5],0,5,0,0,-1962,-1575,-3279(852.900)[I]: [6],0,23,87,5,-208,-358,14398
(852.909)[I]: [5],0,5,4,0,-1774,-1526,-3300(852.910)[I]: [6],0,25,90,5,-206,-358,14398
(852.919)[I]: [5],0,5,4,0,-1586,-1463,-3346(852.920)[I]: [6],0,28,90,3,-204,-358,14397
(852.929)[I]: [5],2,5,4,0,-1402,-1389,-3420(852.930)[I]: [6],0,28,91,3,-202,-358,14397
(852.939)[I]: [5],1,5,0,0,-1227,-1303,-3514(852.940)[I]: [6],0,29,92,3,-200,-358,14397
(852.949)[I]: [5],2,4,4,0,-1068,-1206,-3624(852.950)[I]: [6],0,31,94,3,-198,-359,14397
(852.959)[I]: [5],3,5,4,0,-931,-1102,-3743(852.959)[I]: [6],0,31,93,5,-196,-359,14397
(852.969)[I]: [5],3,4,4,0,-819,-998,-3871(852.969)[I]: [6],0,31,90,5,-194,-359,14397
(852.979)[I]: [5],3,4,4,0,-732,-903,-4009(852.979)[I]: [6],0,34,88,5,-192,-360,14397
(852.989)[I]: [5],2,4,4,0,-667,-823,-4154(852.989)[I]: [6],0,35,88,5,-190,-360,14397
(852.999)[I]: [5],2,4,4,0,-622,-758,-4302(852.999)[I]: [6],0,35,88,6,-188,-361,14397
(852.999)[I]: [5],2,4,4,0,-593,-706,-4451(852.999)[I]: [6],0,37,88,6,-186,-364,14396
(852.999)[I]: [5],2,4,4,0,-576,-664,-4597(852.999)[I]: [6],0,38,90,6,-184,-366,14396
(853.005)[I]: [5],1,4,4,0,-570,-622,-4745(853.005)[I]: [6],0,37,91,6,-183,-367,14396
(853.015)[I]: [5],1,4,0,0,-574,-582,-4901(853.015)[I]: [6],0,39,94,6,-181,-368,14396
(853.025)[I]: [5],1,4,4,0,-581,-541,-5068(853.025)[I]: [6],1,43,95,6,-179,-368,14396
(853.035)[I]: [5],0,4,4,0,-587,-501,-5239(853.035)[I]: [6],1,45,96,7,-177,-368,14396
(853.045)[I]: [5],0,4,0,0,-588,-459,-5410(853.045)[I]: [6],2,43,99,7,-175,-368,14396
(853.055)[I]: [5],0,5,4,0,-579,-414,-5577(853.055)[I]: [6],2,47,99,7,-174,-369,14396
(853.065)[I]: [5],0,5,4,0,-561,-373,-5744(853.065)[I]: [6],2,48,99,7,-172,-369,14396
(853.075)[I]: [5],0,5,4,0,-532,-333,-5903(853.075)[I]: [6],3,47,99,7,-170,-370,14395
(853.085)[I]: [5],0,4,4,0,-496,-289,-6049(853.085)[I]: [6],3,47,99,7,-168,-370,14395
(853.095)[I]: [5],0,5,4,0,-455,-243,-6181(853.095)[I]: [6],4,49,100,8,-167,-371,14395
(853.105)[I]: [5],0,4,4,0,-415,-197,-6304(853.105)[I]: [6],3,49,100,7,-165,-372,14395
(853.115)[I]: [5],0,5,4,0,-378,-150,-6418(853.115)[I]: [6],4,48,100,8,-163,-372,14395
(853.125)[I]: [5],0,5,4,0,-349,-99,-6527(853.125)[I]: [6],5,51,100,8,-162,-373,14395
(853.135)[I]: [5],0,5,4,0,-328,-47,-6634(853.135)[I]: [6],5,49,102,8,-160,-374,14395
(853.145)[I]: [5],0,5,4,0,-313,8,-6737(853.145)[I]: [6],5,54,101,8,-159,-375,14395
(853.155)[I]: [5],0,5,4,0,-301,65,-6834(853.155)[I]: [6],5,58,99,8,-157,-376,14395
(853.165)[I]: [5],0,5,4,0,-287,125,-6921(853.165)[I]: [6],6,53,99,7,-155,-377,14395
(853.175)[I]: [5],0,5,4,0,-273,184,-6993(853.175)[I]: [6],5,53,100,7,-154,-378,14394
(853.185)[I]: [5],0,4,8,0,-263,257,-6996(853.185)[I]: [6],6,52,99,7,-152,-378,14394
(853.195)[I]: [5],0,4,4,4,-212,175,-6894(853.195)[I]: [6],7,51,100,7,-151,-379,14394
(853.205)[I]: [5],0,3,4,6,-157,130,-6735(853.205)[I]: [6],6,50,98,7,-149,-380,14394
(853.215)[I]: [5],0,3,4,6,-106,91,-6595(853.215)[I]: [6],6,51,97,6,-148,-380,14394
(853.225)[I]: [5],0,3,16,7,-42,83,-6471(853.225)[I]: [6],7,51,95,4,-146,-381,14394
(853.235)[I]: [5],0,5,24,9,-23,59,-6429(853.235)[I]: [6],7,50,91,4,-145,-381,14394
(853.245)[I]: [5],0,4,32,10,-37,21,-6422(853.245)[I]: [6],6,49,88,4,-143,-382,14394
(853.255)[I]: [5],0,7,40,11,-46,20,-6410(853.256)[I]: [6],5,48,86,3,-142,-382,14394
(853.265)[I]: [5],0,6,44,14,-47,18,-6402(853.265)[I]: [6],5,48,82,4,-141,-383,14394
(853.275)[I]: [5],0,6,44,13,-49,13,-6395(853.275)[I]: [6],4,46,76,4,-139,-384,14393
(853.285)[I]: [5],0,7,48,14,-52,7,-6382(853.285)[I]: [6],3,46,72,5,-138,-385,14393
(853.295)[I]: [5],0,9,60,14,-54,3,-6369(853.295)[I]: [6],3,44,69,6,-136,-386,14393
(853.305)[I]: [5],0,9,56,14,-55,0,-6357(853.305)[I]: [6],3,46,67,6,-135,-386,14393
(853.315)[I]: [5],0,9,60,14,-56,-6,-6348(853.315)[I]: [6],3,45,63,6,-134,-387,14393
(853.325)[I]: [5],0,12,60,11,-58,-9,-6340(853.325)[I]: [6],3,45,61,6,-132,-387,14393
(853.335)[I]: [5],0,12,60,10,-59,-13,-6333(853.336)[I]: [6],3,45,56,6,-131,-388,14393
(853.345)[I]: [5],1,15,56,11,-60,-16,-6325(853.346)[I]: [6],3,43,54,6,-130,-389,14393
(853.355)[I]: [5],3,18,60,11,-60,-19,-6323(853.356)[I]: [6],3,41,53,6,-128,-390,14393
(853.365)[I]: [5],5,18,60,10,-59,-22,-6323(853.366)[I]: [6],2,42,49,6,-127,-391,14393
(853.375)[I]: [5],5,18,60,10,-59,-24,-6323(853.376)[I]: [6],1,42,50,6,-126,-391,14393
(853.385)[I]: [5],4,18,64,10,-58,-25,-6323(853.386)[I]: [6],1,40,45,6,-125,-391,14393
(853.395)[I]: [5],5,19,68,10,-59,-25,-6317(853.396)[I]: [6],0,36,45,6,-123,-391,14392
(853.405)[I]: [5],5,22,60,9,-60,-24,-6311(853.406)[I]: [6],0,35,45,6,-122,-391,14392
(853.415)[I]: [5],4,21,64,10,-59,-26,-6311(853.416)[I]: [6],0,35,43,6,-121,-392,14392
(853.425)[I]: [5],4,21,68,9,-59,-27,-6311(853.426)[I]: [6],0,34,43,6,-120,-393,14392
(853.435)[I]: [5],4,20,76,9,-58,-28,-6311(853.436)[I]: [6],0,35,41,6,-118,-393,14392
(853.445)[I]: [5],5,25,88,9,-57,-29,-6311(853.446)[I]: [6],0,35,41,6,-117,-394,14392
(853.455)[I]: [5],4,24,96,10,-57,-31,-6311(853.456)[I]: [6],0,36,39,6,-116,-394,14392
(853.465)[I]: [5],5,25,96,9,-56,-32,-6311(853.466)[I]: [6],0,35,41,6,-115,-395,14392
(853.475)[I]: [5],5,25,104,9,-56,-34,-6311(853.476)[I]: [6],0,35,41,6,-114,-396,14392
(853.485)[I]: [5],5,26,108,9,-55,-36,-6311(853.486)[I]: [6],0,34,41,6,-113,-396,14392
(853.495)[I]: [5],5,26,112,9,-55,-37,-6311(853.496)[I]: [6],0,34,42,6,-111,-396,14392
(853.505)[I]: [5],4,27,108,9,-54,-38,-6311(853.506)[I]: [6],0,34,38,6,-110,-397,14392
(853.515)[I]: [5],5,28,112,9,-53,-39,-6311(853.516)[I]: [6],0,31,35,6,-109,-397,14392
(853.525)[I]: [5],5,29,112,9,-53,-41,-6311(853.526)[I]: [6],0,30,34,6,-108,-398,14391
(853.535)[I]: [5],5,30,120,9,-52,-42,-6311(853.536)[I]: [6],0,28,31,6,-107,-398,14391
(853.545)[I]: [5],5,28,120,8,-52,-43,-6311(853.546)[I]: [6],0,28,31,6,-106,-399,14391
(853.555)[I]: [5],5,28,116,8,-51,-45,-6311(853.556)[I]: [6],0,26,31,6,-105,-400,14391
(853.565)[I]: [5],5,34,112,8,-51,-46,-6311(853.566)[I]: [6],0,26,28,6,-104,-400,14391
(853.575)[I]: [5],6,31,116,8,-50,-47,-6311(853.576)[I]: [6],0,26,30,6,-103,-401,14391
(853.585)[I]: [5],5,31,124,7,-50,-48,-6311(853.586)[I]: [6],0,27,27,6,-102,-401,14391
(853.595)[I]: [5],5,35,124,7,-49,-48,-6311(853.596)[I]: [6],0,27,27,6,-101,-401,14391
(853.605)[I]: [5],5,36,124,7,-49,-49,-6311(853.606)[I]: [6],0,26,27,6,-100,-402,14391
(853.615)[I]: [5],5,35,124,7,-48,-50,-6311(853.616)[I]: [6],0,26,27,6,-99,-403,14391
(853.625)[I]: [5],5,31,124,7,-48,-52,-6311(853.626)[I]: [6],0,26,26,6,-98,-403,14391
(853.635)[I]: [5],5,30,124,7,-47,-53,-6311(853.636)[I]: [6],0,26,23,6,-97,-403,14391
(853.645)[I]: [5],5,31,124,7,-47,-55,-6311(853.646)[I]: [6],0,25,22,6,-96,-404,14391
(853.655)[I]: [5],5,31,124,7,-46,-56,-6311(853.656)[I]: [6],0,25,21,6,-95,-404,14391
(853.665)[I]: [5],6,31,124,7,-46,-57,-6311(853.666)[I]: [6],0,25,22,6,-94,-404,14391
(853.675)[I]: [5],5,31,124,7,-45,-59,-6311(853.676)[I]: [6],0,25,20,6,-93,-404,14390
(853.685)[I]: [5],6,31,124,7,-45,-60,-6311(853.686)[I]: [6],0,25,21,6,-92,-405,14390
(853.695)[I]: [5],6,30,124,7,-45,-61,-6311(853.696)[I]: [6],0,26,21,6,-91,-405,14390
(853.705)[I]: [5],6,31,124,7,-44,-62,-6311(853.706)[I]: [6],0,26,19,6,-90,-406,14390
(853.715)[I]: [5],6,31,124,7,-44,-63,-6311(853.716)[I]: [6],0,26,19,5,-89,-406,14390
(853.725)[I]: [5],6,31,124,8,-43,-64,-6311(853.726)[I]: [6],0,26,22,5,-88,-407,14390
(853.735)[I]: [5],6,31,124,8,-43,-65,-6311(853.736)[I]: [6],0,26,21,5,-87,-407,14390
(853.745)[I]: [5],7,31,124,8,-42,-66,-6311(853.746)[I]: [6],0,26,21,6,-87,-408,14390
(853.755)[I]: [5],6,31,124,8,-42,-68,-6311(853.756)[I]: [6],0,26,21,5,-86,-408,14390
(853.765)[I]: [5],6,31,124,8,-41,-69,-6311(853.766)[I]: [6],0,26,22,5,-85,-409,14390
(853.775)[I]: [5],6,30,124,8,-41,-70,-6311(853.776)[I]: [6],0,27,20,5,-84,-409,14390
(853.785)[I]: [5],7,29,124,8,-41,-72,-6311(853.786)[I]: [6],0,27,20,5,-83,-409,14390
(853.795)[I]: [5],7,30,120,9,-40,-73,-6311(853.796)[I]: [6],0,27,21,5,-82,-410,14390
(853.805)[I]: [5],6,31,124,9,-40,-74,-6312(853.806)[I]: [6],0,27,22,5,-82,-410,14390
(853.815)[I]: [5],6,31,124,9,-39,-75,-6312(853.816)[I]: [6],0,27,23,5,-81,-410,14390
(853.825)[I]: [5],7,31,120,9,-39,-76,-6312(853.826)[I]: [6],0,27,24,5,-80,-411,14390
(853.835)[I]: [5],7,31,120,9,-39,-77,-6312(853.836)[I]: [6],0,27,24,5,-79,-411,14390
(853.845)[I]: [5],6,31,120,9,-38,-78,-6312(853.846)[I]: [6],0,27,24,5,-78,-411,14390
(853.855)[I]: [5],6,31,120,9,-38,-79,-6312(853.856)[I]: [6],0,27,24,5,-78,-412,14389
(853.865)[I]: [5],7,31,120,10,-37,-80,-6312(853.866)[I]: [6],0,28,25,5,-77,-412,14389
(853.875)[I]: [5],7,31,124,9,-37,-81,-6312(853.876)[I]: [6],0,28,25,5,-76,-413,14389
(853.885)[I]: [5],7,31,120,9,-37,-82,-6312(853.886)[I]: [6],0,28,25,5,-75,-413,14389
(853.895)[I]: [5],6,31,120,9,-36,-83,-6312(853.896)[I]: [6],0,28,26,5,-74,-413,14389
(853.905)[I]: [5],6,31,116,10,-36,-83,-6312(853.906)[I]: [6],0,28,26,5,-74,-413,14389
(853.915)[I]: [5],7,31,120,10,-36,-85,-6312(853.916)[I]: [6],0,28,28,5,-73,-414,14389
(853.925)[I]: [5],7,31,116,10,-35,-86,-6312(853.926)[I]: [6],0,28,28,5,-72,-414,14389
(853.935)[I]: [5],6,31,116,9,-35,-87,-6312(853.936)[I]: [6],0,28,28,6,-71,-414,14389
(853.945)[I]: [5],6,31,116,10,-35,-87,-6312(853.946)[I]: [6],0,28,29,5,-71,-414,14389
(853.955)[I]: [5],7,31,120,9,-34,-88,-6312(853.956)[I]: [6],0,28,29,6,-70,-414,14389
(853.965)[I]: [5],5,31,116,9,-34,-89,-6312(853.966)[I]: [6],0,28,29,6,-69,-414,14389
(853.975)[I]: [5],7,31,116,9,-34,-91,-6312(853.976)[I]: [6],0,28,29,6,-69,-414,14389
(853.985)[I]: [5],8,31,120,9,-33,-91,-6312(853.986)[I]: [6],0,29,30,5,-68,-415,14389
(853.995)[I]: [5],7,31,120,9,-33,-93,-6312(853.996)[I]: [6],0,29,30,5,-67,-415,14389
(853.999)[I]: [5],8,33,120,9,-33,-94,-6312(853.999)[I]: [6],0,29,31,5,-67,-415,14389
(853.999)[I]: [5],7,35,116,9,-32,-94,-6312(853.999)[I]: [6],0,29,31,5,-66,-415,14389
(854.001)[I]: [5],7,35,120,8,-32,-95,-6312(854.001)[I]: [6],0,29,31,5,-65,-415,14389
(854.011)[I]: [5],8,35,120,8,-32,-96,-6312(854.012)[I]: [6],0,29,34,5,-65,-415,14389
(854.021)[I]: [5],7,35,120,8,-31,-97,-6312(854.022)[I]: [6],0,29,34,5,-64,-415,14389
(854.031)[I]: [5],7,34,120,8,-31,-98,-6312(854.032)[I]: [6],0,29,35,5,-63,-416,14389
(854.041)[I]: [5],7,34,120,7,-31,-99,-6312(854.042)[I]: [6],0,29,35,5,-63,-416,14388
(854.051)[I]: [5],5,36,120,7,-30,-100,-6312(854.052)[I]: [6],0,29,35,4,-62,-416,14388
(854.061)[I]: [5],5,35,120,7,-30,-101,-6312(854.062)[I]: [6],0,30,37,4,-61,-417,14388
(854.071)[I]: [5],6,35,120,7,-30,-102,-6312(854.072)[I]: [6],0,30,37,4,-61,-417,14388
(854.081)[I]: [5],6,35,116,7,-29,-103,-6312(854.082)[I]: [6],0,31,38,4,-60,-417,14388
(854.091)[I]: [5],6,35,116,7,-29,-104,-6312(854.092)[I]: [6],0,31,37,4,-60,-417,14388
(854.101)[I]: [5],6,35,116,7,-29,-105,-6312(854.102)[I]: [6],0,31,38,4,-59,-419,14388
(854.111)[I]: [5],7,35,120,8,-28,-106,-6312(854.112)[I]: [6],0,31,38,4,-58,-419,14388
(854.121)[I]: [5],5,36,120,7,-28,-107,-6312(854.122)[I]: [6],0,31,39,4,-58,-420,14388
(854.131)[I]: [5],6,36,120,7,-28,-108,-6312(854.132)[I]: [6],0,31,39,4,-57,-420,14388
(854.141)[I]: [5],6,36,120,6,-28,-109,-6312(854.142)[I]: [6],0,31,39,5,-57,-420,14388
(854.151)[I]: [5],6,36,120,7,-27,-110,-6312(854.152)[I]: [6],0,31,39,5,-56,-420,14388
(854.161)[I]: [5],6,37,120,7,-27,-111,-6312(854.162)[I]: [6],0,31,39,5,-56,-420,14388
(854.171)[I]: [5],7,38,120,8,-27,-112,-6312(854.172)[I]: [6],0,31,40,5,-55,-420,14388
(854.181)[I]: [5],6,37,120,7,-27,-113,-6312(854.182)[I]: [6],0,31,41,4,-54,-419,14388
(854.191)[I]: [5],6,38,116,7,-26,-114,-6312(854.192)[I]: [6],0,33,41,4,-54,-420,14388
(854.201)[I]: [5],6,37,116,7,-26,-114,-6312(854.202)[I]: [6],0,34,42,3,-53,-421,14388
(854.211)[I]: [5],6,39,120,7,-26,-115,-6312(854.212)[I]: [6],0,34,43,3,-53,-421,14388
(854.221)[I]: [5],6,39,120,8,-25,-116,-6312(854.222)[I]: [6],0,34,43,3,-52,-421,14388
(854.231)[I]: [5],5,38,116,8,-25,-117,-6312(854.232)[I]: [6],0,35,43,3,-52,-421,14388
(854.241)[I]: [5],5,39,116,7,-25,-117,-6312(854.242)[I]: [6],0,35,43,3,-51,-422,14388
(854.251)[I]: [5],5,39,116,7,-25,-118,-6312(854.252)[I]: [6],0,35,44,3,-51,-422,14388
(854.261)[I]: [5],4,38,116,7,-24,-119,-6312(854.262)[I]: [6],0,35,43,3,-50,-422,14388
(854.271)[I]: [5],5,39,116,7,-24,-120,-6312(854.272)[I]: [6],0,35,44,3,-50,-422,14388
(854.281)[I]: [5],5,39,116,7,-24,-120,-6312(854.282)[I]: [6],0,35,44,3,-49,-422,14388
(854.291)[I]: [5],6,39,116,7,-24,-121,-6312(854.292)[I]: [6],0,37,45,3,-49,-422,14388
(854.301)[I]: [5],7,39,116,7,-23,-122,-6312(854.302)[I]: [6],0,38,45,3,-48,-422,14388
(854.311)[I]: [5],6,39,116,8,-23,-123,-6312(854.312)[I]: [6],0,38,45,3,-48,-422,14387
(854.321)[I]: [5],6,39,112,7,-23,-123,-6312(854.322)[I]: [6],0,38,47,3,-47,-423,14387
(854.331)[I]: [5],6,38,112,7,-23,-124,-6312(854.332)[I]: [6],0,38,47,3,-47,-423,14387
(854.341)[I]: [5],5,38,112,7,-23,-124,-6312(854.342)[I]: [6],0,38,47,3,-46,-423,14387
(854.351)[I]: [5],6,38,112,7,-22,-125,-6312(854.352)[I]: [6],0,38,48,3,-46,-423,14387
(854.361)[I]: [5],6,37,112,7,-22,-126,-6312(854.362)[I]: [6],0,39,47,3,-45,-423,14387
(854.371)[I]: [5],5,37,112,7,-22,-127,-6312(854.372)[I]: [6],0,39,47,3,-45,-423,14387
(854.381)[I]: [5],5,37,108,7,-22,-128,-6312(854.382)[I]: [6],0,39,48,3,-44,-424,14387
(854.391)[I]: [5],5,37,112,7,-21,-128,-6312(854.392)[I]: [6],0,39,48,3,-44,-423,14387
(854.401)[I]: [5],4,37,112,7,-21,-129,-6312(854.402)[I]: [6],0,39,49,3,-44,-424,14387
(854.411)[I]: [5],4,37,108,7,-21,-129,-6312(854.412)[I]: [6],0,39,49,4,-43,-424,14387
(854.421)[I]: [5],5,37,112,7,-21,-130,-6312(854.422)[I]: [6],0,39,50,4,-43,-424,14387
(854.431)[I]: [5],5,37,108,7,-21,-131,-6312(854.432)[I]: [6],0,39,50,3,-42,-424,14387
(854.441)[I]: [5],5,37,108,7,-20,-132,-6312(854.442)[I]: [6],0,39,51,3,-42,-424,14387
(854.451)[I]: [5],5,36,108,7,-20,-132,-6312(854.452)[I]: [6],0,39,51,3,-41,-424,14387
(854.461)[I]: [5],6,36,108,7,-20,-133,-6312(854.462)[I]: [6],0,39,51,3,-41,-424,14387
(854.471)[I]: [5],5,36,108,7,-20,-133,-6312(854.472)[I]: [6],0,40,51,3,-41,-424,14387
(854.481)[I]: [5],4,36,108,7,-20,-133,-6312(854.482)[I]: [6],0,40,51,4,-40,-424,14387
(854.491)[I]: [5],4,37,108,6,-19,-134,-6312(854.492)[I]: [6],0,40,51,4,-40,-424,14387
(854.501)[I]: [5],5,37,108,8,-19,-135,-6312(854.502)[I]: [6],0,40,51,4,-39,-425,14387
(854.511)[I]: [5],4,37,108,7,-19,-135,-6312(854.512)[I]: [6],0,40,52,3,-39,-425,14387
(854.521)[I]: [5],4,37,104,7,-19,-136,-6312(854.522)[I]: [6],0,40,52,4,-39,-425,14387
(854.531)[I]: [5],4,37,104,8,-19,-136,-6312(854.532)[I]: [6],0,40,52,4,-38,-425,14387
(854.541)[I]: [5],4,37,100,7,-18,-137,-6312(854.542)[I]: [6],0,41,52,4,-38,-425,14387
(854.551)[I]: [5],3,36,100,7,-18,-138,-6312(854.552)[I]: [6],0,41,52,4,-37,-425,14387
(854.561)[I]: [5],4,37,104,7,-18,-139,-6312(854.562)[I]: [6],0,41,52,4,-37,-426,14387
(854.571)[I]: [5],3,37,100,7,-18,-139,-6312(854.572)[I]: [6],0,41,52,4,-37,-426,14387
(854.581)[I]: [5],3,37,100,8,-18,-140,-6312(854.582)[I]: [6],0,41,53,4,-36,-426,14387
(854.591)[I]: [5],3,36,104,7,-17,-140,-6312(854.592)[I]: [6],0,41,53,4,-36,-426,14387
(854.601)[I]: [5],3,36,100,7,-17,-141,-6312(854.602)[I]: [6],0,40,52,4,-36,-426,14387
(854.611)[I]: [5],3,36,100,7,-17,-142,-6312(854.612)[I]: [6],0,40,52,4,-35,-426,14387
(854.621)[I]: [5],3,36,100,7,-17,-142,-6312(854.622)[I]: [6],0,41,52,4,-35,-426,14387
(854.631)[I]: [5],2,36,100,7,-17,-143,-6312(854.632)[I]: [6],0,41,53,4,-34,-426,14387
(854.641)[I]: [5],2,36,104,7,-17,-143,-6312(854.642)[I]: [6],0,41,53,4,-34,-426,14387
(854.651)[I]: [5],2,36,104,7,-16,-144,-6312(854.652)[I]: [6],0,41,53,4,-34,-426,14387
(854.661)[I]: [5],2,35,104,7,-16,-144,-6312(854.662)[I]: [6],0,41,54,4,-33,-427,14387
(854.671)[I]: [5],2,35,104,7,-16,-145,-6312(854.672)[I]: [6],0,41,54,4,-33,-427,14386
(854.681)[I]: [5],2,35,104,7,-16,-146,-6312(854.682)[I]: [6],0,41,55,4,-33,-427,14386
(854.691)[I]: [5],2,35,104,7,-16,-146,-6312(854.692)[I]: [6],0,41,55,4,-32,-427,14386
(854.701)[I]: [5],3,36,104,7,-16,-147,-6312(854.702)[I]: [6],0,41,55,4,-32,-427,14386
(854.711)[I]: [5],2,35,104,7,-15,-147,-6312(854.712)[I]: [6],0,41,55,4,-32,-427,14386
(854.721)[I]: [5],2,35,100,7,-15,-147,-6312(854.722)[I]: [6],0,42,55,4,-31,-427,14386
(854.731)[I]: [5],3,36,104,7,-15,-148,-6312(854.732)[I]: [6],0,42,55,4,-31,-427,14386
(854.741)[I]: [5],2,35,104,7,-15,-149,-6312(854.742)[I]: [6],0,41,55,4,-31,-427,14386
(854.751)[I]: [5],2,35,104,7,-15,-149,-6312(854.752)[I]: [6],0,42,56,4,-30,-428,14386
(854.761)[I]: [5],2,35,104,7,-15,-150,-6312(854.762)[I]: [6],0,42,55,4,-30,-428,14386
(854.771)[I]: [5],2,35,104,7,-14,-150,-6312(854.772)[I]: [6],0,42,56,4,-30,-428,14386
(854.781)[I]: [5],2,35,104,7,-14,-151,-6312(854.782)[I]: [6],0,42,56,4,-30,-428,14386
(854.791)[I]: [5],2,35,104,7,-14,-151,-6312(854.792)[I]: [6],0,42,56,4,-29,-428,14386
(854.801)[I]: [5],2,35,104,7,-14,-152,-6312(854.802)[I]: [6],0,42,57,4,-29,-428,14386
(854.811)[I]: [5],2,35,104,7,-14,-153,-6312(854.812)[I]: [6],0,42,56,4,-29,-428,14386
(854.821)[I]: [5],3,35,104,7,-14,-153,-6312(854.822)[I]: [6],0,42,56,4,-28,-428,14386
(854.831)[I]: [5],3,35,104,7,-14,-154,-6312(854.832)[I]: [6],0,42,57,4,-28,-428,14386
(854.841)[I]: [5],3,35,104,7,-13,-154,-6312(854.842)[I]: [6],0,42,57,4,-28,-428,14386
(854.851)[I]: [5],3,35,104,8,-13,-155,-6312(854.852)[I]: [6],0,42,57,4,-28,-428,14386
(854.861)[I]: [5],3,35,104,7,-13,-155,-6312(854.862)[I]: [6],0,42,57,4,-27,-428,14386
(854.871)[I]: [5],3,35,104,7,-13,-156,-6312(854.872)[I]: [6],0,42,57,4,-27,-428,14386
(854.881)[I]: [5],3,35,104,8,-13,-157,-6312(854.882)[I]: [6],0,42,57,4,-27,-428,14386
(854.891)[I]: [5],3,35,104,7,-13,-157,-6312(854.892)[I]: [6],0,42,57,4,-26,-429,14386
(854.901)[I]: [5],3,35,104,7,-13,-157,-6312(854.902)[I]: [6],0,42,57,4,-26,-429,14386
(854.911)[I]: [5],3,35,104,7,-13,-158,-6312(854.912)[I]: [6],0,42,58,4,-26,-429,14386
(854.921)[I]: [5],3,35,104,7,-12,-158,-6312(854.922)[I]: [6],0,42,57,4,-26,-429,14386
(854.931)[I]: [5],3,34,104,8,-12,-159,-6312(854.932)[I]: [6],0,43,57,3,-25,-429,14386
(854.941)[I]: [5],3,34,104,7,-12,-159,-6312(854.942)[I]: [6],0,42,57,4,-25,-429,14386
(854.951)[I]: [5],3,34,104,8,-12,-160,-6312(854.952)[I]: [6],0,42,57,3,-25,-429,14386
(854.961)[I]: [5],3,33,104,8,-12,-160,-6312(854.962)[I]: [6],0,42,57,4,-25,-430,14386
(854.971)[I]: [5],3,34,104,7,-12,-160,-6312(854.972)[I]: [6],0,42,57,4,-24,-430,14386
(854.981)[I]: [5],3,34,104,8,-12,-161,-6312(854.982)[I]: [6],0,43,57,4,-24,-430,14386
(854.991)[I]: [5],3,34,104,7,-12,-161,-6312(854.992)[I]: [6],0,42,57,4,-24,-430,14386
(854.999)[I]: [5],3,33,104,8,-11,-162,-6312(854.999)[I]: [6],0,42,57,4,-24,-430,14386
(854.999)[I]: [5],3,33,104,7,-11,-162,-6312(854.999)[I]: [6],0,42,56,4,-23,-430,14386
(854.999)[I]: [5],3,31,104,8,-11,-163,-6312(854.999)[I]: [6],0,42,57,4,-23,-430,14386
(855.007)[I]: [5],3,31,104,7,-11,-163,-6312(855.008)[I]: [6],0,43,56,4,-23,-430,14386
(855.017)[I]: [5],3,31,104,8,-11,-163,-6312(855.018)[I]: [6],0,42,57,4,-23,-431,14386
(855.027)[I]: [5],3,31,104,8,-11,-163,-6312(855.028)[I]: [6],0,43,57,4,-22,-431,14386
(855.037)[I]: [5],3,31,104,8,-11,-164,-6312(855.038)[I]: [6],0,42,57,4,-22,-431,14386
(855.047)[I]: [5],3,31,104,8,-11,-164,-6312(855.048)[I]: [6],0,42,57,4,-22,-431,14386
(855.057)[I]: [5],2,31,104,8,-10,-164,-6312(855.058)[I]: [6],0,42,57,4,-22,-431,14386
(855.067)[I]: [5],3,31,104,8,-10,-165,-6312(855.068)[I]: [6],0,42,56,4,-22,-431,14386
(855.077)[I]: [5],3,31,104,8,-10,-165,-6312(855.078)[I]: [6],0,42,57,4,-21,-431,14386
(855.087)[I]: [5],3,31,104,8,-10,-165,-6312(855.088)[I]: [6],0,42,56,4,-21,-431,14386
(855.097)[I]: [5],3,31,104,8,-10,-165,-6312(855.098)[I]: [6],0,41,56,4,-21,-431,14386
(855.107)[I]: [5],3,31,104,8,-10,-165,-6312(855.108)[I]: [6],0,41,56,4,-21,-431,14386
(855.117)[I]: [5],3,31,104,8,-10,-165,-6312(855.118)[I]: [6],0,41,56,4,-20,-431,14386
(855.127)[I]: [5],2,31,104,8,-10,-166,-6312(855.128)[I]: [6],0,41,56,4,-20,-431,14386
(855.137)[I]: [5],3,31,104,9,-10,-166,-6312(855.138)[I]: [6],0,41,56,4,-20,-431,14386
(855.147)[I]: [5],2,31,108,8,-10,-166,-6312(855.148)[I]: [6],0,42,56,4,-20,-431,14386
(855.157)[I]: [5],3,31,108,8,-9,-166,-6312(855.158)[I]: [6],0,41,55,4,-20,-431,14386
(855.167)[I]: [5],3,31,108,9,-9,-167,-6312(855.168)[I]: [6],0,41,55,4,-19,-431,14386
(855.177)[I]: [5],3,31,104,8,-9,-167,-6312(855.178)[I]: [6],0,42,55,4,-19,-431,14386
(855.187)[I]: [5],2,31,104,8,-9,-167,-6312(855.188)[I]: [6],0,41,55,4,-19,-431,14386
(855.197)[I]: [5],2,31,108,8,-9,-168,-6312(855.198)[I]: [6],0,41,54,4,-19,-431,14386
(855.207)[I]: [5],2,31,108,9,-9,-168,-6312(855.208)[I]: [6],0,41,54,4,-19,-431,14386
(855.217)[I]: [5],2,31,108,9,-9,-169,-6312(855.218)[I]: [6],0,41,54,4,-18,-431,14385
(855.227)[I]: [5],1,31,108,9,-9,-169,-6312(855.228)[I]: [6],0,41,54,4,-18,-432,14385
(855.237)[I]: [5],1,31,104,9,-9,-169,-6312(855.238)[I]: [6],0,41,54,4,-18,-432,14385
(855.247)[I]: [5],0,31,108,9,-9,-169,-6312(855.248)[I]: [6],0,41,54,4,-18,-431,14385
(855.257)[I]: [5],0,31,108,9,-8,-169,-6312(855.258)[I]: [6],0,41,54,4,-18,-431,14385
(855.267)[I]: [5],0,31,104,10,-8,-169,-6312(855.268)[I]: [6],0,41,54,4,-18,-432,14385
(855.277)[I]: [5],0,31,108,9,-8,-170,-6312(855.278)[I]: [6],0,40,54,4,-17,-432,14385
(855.287)[I]: [5],0,31,104,9,-8,-170,-6312(855.288)[I]: [6],0,40,53,4,-17,-432,14385
(855.297)[I]: [5],0,31,104,9,-8,-170,-6312(855.298)[I]: [6],0,40,53,4,-17,-432,14385
(855.307)[I]: [5],0,31,104,10,-8,-170,-6312(855.308)[I]: [6],0,40,52,4,-17,-432,14385
(855.317)[I]: [5],0,31,108,9,-8,-170,-6312(855.318)[I]: [6],0,39,52,4,-17,-432,14385
(855.327)[I]: [5],0,30,104,9,-8,-171,-6312(855.328)[I]: [6],0,39,52,4,-16,-432,14385