(332.345)[I]: [5],0,15,60,20,0,-292,2896(332.345)[I]: [6],0,23,30,8,0,-302,10021
(332.355)[I]: [5],0,15,60,20,0,-292,2896(332.355)[I]: [6],0,23,30,8,0,-302,10021
(332.365)[I]: [5],0,15,60,21,0,-292,2896(332.365)[I]: [6],0,23,30,8,0,-302,10021
(332.375)[I]: [5],0,15,60,21,0,-292,2896(332.375)[I]: [6],0,23,30,8,0,-301,10021
(332.385)[I]: [5],0,15,60,20,0,-292,2896(332.385)[I]: [6],0,23,30,8,0,-301,10021
(332.395)[I]: [5],0,15,60,20,0,-292,2896(332.395)[I]: [6],0,23,30,8,0,-301,10021
(332.405)[I]: [5],0,15,60,21,0,-292,2896(332.405)[I]: [6],0,23,30,8,0,-301,10021
(332.415)[I]: [5],0,15,60,20,0,-292,2896(332.415)[I]: [6],0,23,30,8,0,-301,10021
(332.425)[I]: [5],0,15,60,21,0,-292,2896(332.425)[I]: [6],0,23,30,8,0,-301,10021
(332.435)[I]: [5],0,15,60,21,0,-292,2896(332.435)[I]: [6],0,23,30,8,0,-300,10021
(332.445)[I]: [5],0,15,60,20,0,-291,2896(332.445)[I]: [6],0,23,30,8,0,-300,10021
(332.455)[I]: [5],0,15,60,20,0,-292,2896(332.455)[I]: [6],0,23,30,8,0,-300,10021
(332.465)[I]: [5],0,15,60,20,0,-292,2896(332.465)[I]: [6],0,23,30,8,0,-300,10021
(332.475)[I]: [5],0,15,60,21,0,-292,2896(332.475)[I]: [6],0,23,30,8,0,-300,10021
(332.485)[I]: [5],0,15,56,20,0,-292,2896(332.485)[I]: [6],0,23,30,8,0,-300,10021
(332.495)[I]: [5],0,15,60,20,0,-292,2896(332.495)[I]: [6],0,24,30,8,0,-300,10021
(332.505)[I]: [5],0,15,60,20,0,-292,2896(332.505)[I]: [6],0,23,30,8,0,-300,10021
(332.515)[I]: [5],0,15,56,21,0,-292,2896(332.515)[I]: [6],0,23,30,8,0,-300,10021
(332.525)[I]: [5],0,15,60,21,0,-292,2896(332.525)[I]: [6],0,23,30,7,0,-300,10021
(332.535)[I]: [5],0,15,60,21,0,-292,2896(332.535)[I]: [6],0,23,30,8,0,-300,10021
(332.545)[I]: [5],0,15,56,21,0,-292,2896(332.545)[I]: [6],0,23,29,8,0,-300,10021
(332.555)[I]: [5],0,15,60,21,0,-292,2896(332.555)[I]: [6],0,23,29,8,0,-299,10021
(332.565)[I]: [5],0,14,60,21,0,-292,2896(332.565)[I]: [6],0,23,29,8,0,-300,10021
(332.575)[I]: [5],0,15,56,21,0,-292,2896(332.575)[I]: [6],0,23,29,8,0,-300,10021
(332.585)[I]: [5],0,15,60,21,0,-292,2896(332.585)[I]: [6],0,23,29,8,0,-300,10021
(332.595)[I]: [5],0,14,56,21,0,-292,2896(332.595)[I]: [6],0,23,29,8,0,-300,10021
(332.605)[I]: [5],0,15,56,22,0,-292,2896(332.605)[I]: [6],0,23,28,8,0,-300,10021
(332.615)[I]: [5],0,15,56,21,0,-292,2896(332.615)[I]: [6],0,23,29,8,0,-300,10021
(332.625)[I]: [5],0,14,56,21,0,-293,2896(332.625)[I]: [6],0,23,29,8,0,-300,10021
(332.635)[I]: [5],0,14,60,22,0,-293,2896(332.635)[I]: [6],0,23,29,8,0,-300,10021
(332.645)[I]: [5],0,14,56,22,0,-293,2896(332.645)[I]: [6],0,23,29,8,0,-300,10021
(332.655)[I]: [5],0,14,60,22,0,-293,2896(332.655)[I]: [6],0,23,29,8,0,-300,10021
(332.665)[I]: [5],0,14,56,21,0,-293,2896(332.665)[I]: [6],0,23,28,9,0,-300,10021
(332.675)[I]: [5],0,14,60,22,0,-293,2896(332.675)[I]: [6],0,23,29,8,0,-299,10021
(332.685)[I]: [5],0,14,56,21,0,-293,2896(332.685)[I]: [6],0,23,28,8,0,-299,10021
(332.695)[I]: [5],0,14,56,21,0,-293,2896(332.695)[I]: [6],0,22,28,9,0,-299,10021
(332.705)[I]: [5],0,14,56,22,0,-293,2896(332.705)[I]: [6],0,23,28,9,0,-299,10021
(332.715)[I]: [5],0,14,56,22,0,-293,2896(332.715)[I]: [6],0,23,29,8,0,-299,10021
(332.725)[I]: [5],0,14,56,22,0,-293,2896(332.725)[I]: [6],0,23,28,8,0,-299,10021
(332.735)[I]: [5],0,14,56,22,0,-293,2896(332.735)[I]: [6],0,22,28,8,0,-299,10021
(332.745)[I]: [5],0,14,60,22,0,-293,2896(332.745)[I]: [6],0,23,28,8,0,-299,10021
(332.755)[I]: [5],0,14,56,21,0,-292,2896(332.755)[I]: [6],0,23,28,8,0,-299,10021
(332.765)[I]: [5],0,14,56,22,0,-292,2896(332.765)[I]: [6],0,22,28,8,0,-299,10021
(332.775)[I]: [5],0,14,56,22,0,-293,2896(332.775)[I]: [6],0,22,28,8,0,-299,10021
(332.785)[I]: [5],0,14,56,22,0,-293,2896(332.785)[I]: [6],0,22,28,8,0,-299,10021
(332.795)[I]: [5],0,14,56,21,0,-293,2896(332.795)[I]: [6],0,22,28,8,0,-299,10021
(332.805)[I]: [5],0,14,56,22,0,-292,2896(332.805)[I]: [6],0,22,28,8,0,-299,10021
(332.815)[I]: [5],0,14,56,22,0,-292,2896(332.815)[I]: [6],0,22,28,8,0,-299,10021
(332.825)[I]: [5],0,14,56,22,0,-293,2896(332.825)[I]: [6],0,22,29,8,0,-299,10021
(332.835)[I]: [5],0,14,56,22,0,-292,2896(332.835)[I]: [6],0,22,28,8,0,-300,10021
(332.845)[I]: [5],0,14,56,22,0,-292,2896(332.845)[I]: [6],0,21,28,8,0,-299,10021
(332.855)[I]: [5],0,14,56,21,0,-292,2896(332.855)[I]: [6],0,21,28,9,0,-299,10021
(332.865)[I]: [5],0,13,56,22,0,-292,2896(332.865)[I]: [6],0,21,28,9,0,-299,10021
(332.875)[I]: [5],0,14,56,22,0,-293,2896(332.875)[I]: [6],0,21,28,8,0,-299,10021
(332.885)[I]: [5],0,14,56,22,0,-293,2896(332.885)[I]: [6],0,21,28,9,0,-299,10021
(332.895)[I]: [5],0,14,56,22,0,-293,2896(332.895)[I]: [6],0,21,28,8,0,-299,10021
(332.905)[I]: [5],0,14,56,22,0,-292,2896(332.905)[I]: [6],0,21,28,8,0,-299,10021
(332.915)[I]: [5],0,13,56,22,0,-292,2896(332.915)[I]: [6],0,21,28,9,0,-299,10021
(332.925)[I]: [5],0,14,56,21,0,-292,2896(332.925)[I]: [6],0,21,28,8,0,-298,10021
(332.935)[I]: [5],0,13,56,22,0,-292,2896(332.935)[I]: [6],0,21,28,9,0,-298,10021
(332.945)[I]: [5],0,14,56,22,0,-292,2896(332.945)[I]: [6],0,21,28,9,0,-298,10021
(332.955)[I]: [5],0,13,56,22,0,-292,2896(332.955)[I]: [6],0,21,28,9,0,-298,10021
(332.965)[I]: [5],0,14,56,22,0,-292,2896(332.965)[I]: [6],0,21,28,8,0,-298,10021
(332.975)[I]: [5],0,14,56,22,0,-292,2896(332.975)[I]: [6],0,21,28,8,0,-298,10021
(332.985)[I]: [5],0,13,56,22,0,-292,2896(332.985)[I]: [6],0,21,28,8,0,-298,10021
(332.995)[I]: [5],0,13,56,22,0,-292,2896(332.995)[I]: [6],0,21,28,8,0,-298,10021
(332.999)[I]: [5],0,13,56,22,0,-291,2896(332.999)[I]: [6],0,21,28,8,0,-298,10021
(332.999)[I]: [5],0,13,56,22,0,-291,2896(332.999)[I]: [6],0,21,28,8,0,-298,10021
(333.001)[I]: [5],0,13,56,22,0,-291,2896(333.001)[I]: [6],0,21,28,8,0,-298,10021
(333.011)[I]: [5],0,12,56,22,0,-291,2896(333.011)[I]: [6],0,21,27,8,0,-298,10021
(333.021)[I]: [5],0,12,56,22,0,-292,2896(333.021)[I]: [6],0,21,27,8,0,-298,10021
(333.031)[I]: [5],0,12,56,22,0,-292,2896(333.031)[I]: [6],0,21,27,8,0,-298,10021
(333.041)[I]: [5],0,11,56,23,0,-292,2896(333.041)[I]: [6],0,21,27,8,0,-298,10021
(333.051)[I]: [5],0,11,56,23,0,-292,2896(333.051)[I]: [6],0,21,27,8,0,-297,10021
(333.061)[I]: [5],0,12,56,24,0,-293,2896(333.061)[I]: [6],0,21,26,8,0,-298,10021
(333.071)[I]: [5],0,12,56,25,0,-294,2896(333.071)[I]: [6],0,21,24,8,0,-297,10021
(333.081)[I]: [5],0,12,56,27,0,-294,2896(333.081)[I]: [6],0,20,23,8,0,-297,10021
(333.091)[I]: [5],0,11,60,28,0,-294,2896(333.091)[I]: [6],0,20,22,7,0,-298,10021
(333.101)[I]: [5],0,12,64,30,0,-294,2896(333.101)[I]: [6],0,19,22,7,0,-298,10021
(333.111)[I]: [5],0,12,68,31,0,-294,2896(333.111)[I]: [6],0,19,22,7,0,-297,10021
(333.121)[I]: [5],0,12,76,33,0,-294,2896(333.121)[I]: [6],0,18,21,7,0,-297,10021
(333.131)[I]: [5],0,12,76,34,0,-293,2896(333.131)[I]: [6],0,18,18,7,0,-297,10021
(333.141)[I]: [5],0,11,76,36,0,-293,2896(333.141)[I]: [6],0,18,18,7,0,-296,10021
(333.151)[I]: [5],0,11,80,40,0,-292,2896(333.151)[I]: [6],0,17,17,7,0,-296,10021
(333.161)[I]: [5],0,11,84,41,0,-292,2896(333.161)[I]: [6],0,16,15,7,0,-296,10021
(333.171)[I]: [5],0,11,80,41,0,-291,2896(333.171)[I]: [6],0,16,14,7,0,-296,10021
(333.181)[I]: [5],0,10,84,43,0,-290,2896(333.181)[I]: [6],0,15,14,7,0,-296,10021
(333.191)[I]: [5],0,10,88,48,0,-290,2896(333.191)[I]: [6],0,15,12,7,0,-296,10021
(333.201)[I]: [5],0,10,84,48,0,-290,2896(333.201)[I]: [6],0,15,11,7,0,-296,10021
(333.211)[I]: [5],0,10,84,49,0,-289,2896(333.211)[I]: [6],0,14,11,7,0,-296,10021
(333.221)[I]: [5],0,10,84,49,0,-289,2896(333.221)[I]: [6],0,14,12,7,0,-296,10021
(333.231)[I]: [5],0,10,88,50,0,-289,2896(333.231)[I]: [6],0,14,10,7,0,-296,10021
(333.241)[I]: [5],0,10,88,50,0,-288,2896(333.241)[I]: [6],0,13,10,6,0,-296,10021
(333.251)[I]: [5],0,10,84,50,0,-287,2896(333.251)[I]: [6],0,13,9,6,0,-296,10021
(333.261)[I]: [5],0,9,88,50,0,-287,2896(333.261)[I]: [6],0,13,9,6,0,-296,10021
(333.271)[I]: [5],0,9,88,50,0,-286,2896(333.271)[I]: [6],0,14,9,6,0,-295,10021
(333.281)[I]: [5],0,10,84,50,0,-285,2896(333.281)[I]: [6],0,14,9,6,0,-296,10021
(333.291)[I]: [5],0,10,80,50,0,-285,2896(333.291)[I]: [6],0,14,9,6,0,-296,10021
(333.301)[I]: [5],0,10,88,50,0,-285,2896(333.301)[I]: [6],0,14,9,6,0,-295,10021
(333.311)[I]: [5],0,10,88,51,0,-284,2896(333.311)[I]: [6],0,14,9,6,0,-296,10021
(333.321)[I]: [5],0,10,88,51,0,-284,2896(333.321)[I]: [6],0,14,8,6,0,-296,10021
(333.331)[I]: [5],0,10,88,51,0,-284,2896(333.331)[I]: [6],0,14,8,6,0,-296,10021
(333.341)[I]: [5],0,10,88,50,0,-283,2896(333.341)[I]: [6],0,14,9,6,0,-295,10021
(333.351)[I]: [5],0,10,92,50,0,-283,2896(333.351)[I]: [6],0,14,8,6,0,-296,10021
(333.361)[I]: [5],0,10,88,49,0,-283,2896(333.361)[I]: [6],0,14,8,6,0,-296,10021
(333.371)[I]: [5],0,10,88,48,0,-283,2896(333.371)[I]: [6],0,14,9,6,0,-296,10021
(333.381)[I]: [5],0,10,92,46,0,-283,2896(333.381)[I]: [6],0,14,9,7,0,-296,10021
(333.391)[I]: [5],0,11,92,40,0,-282,2896(333.391)[I]: [6],0,14,9,7,0,-296,10021
(333.401)[I]: [5],0,11,92,38,0,-282,2896(333.401)[I]: [6],0,14,10,7,0,-296,10021
(333.411)[I]: [5],0,13,92,32,0,-281,2896(333.411)[I]: [6],0,14,10,7,0,-296,10021
(333.421)[I]: [5],0,14,92,30,0,-281,2896(333.421)[I]: [6],0,14,10,7,0,-296,10021
(333.431)[I]: [5],0,14,92,26,0,-280,2896(333.431)[I]: [6],0,14,11,7,0,-296,10021
(333.441)[I]: [5],0,15,92,23,0,-280,2896(333.441)[I]: [6],0,15,12,8,0,-295,10021
(333.451)[I]: [5],0,15,92,21,0,-281,2898(333.451)[I]: [6],0,15,12,9,0,-296,10021
(333.461)[I]: [5],0,19,92,20,0,-284,2904(333.461)[I]: [6],0,15,12,9,0,-296,10021
(333.471)[I]: [5],0,20,92,16,-1,-287,2910(333.471)[I]: [6],0,16,13,9,0,-296,10021
(333.481)[I]: [5],0,22,92,13,-2,-291,2921(333.481)[I]: [6],0,17,13,10,0,-296,10021
(333.491)[I]: [5],0,24,92,12,-3,-296,2934(333.491)[I]: [6],0,18,16,12,0,-296,10021
(333.501)[I]: [5],0,22,92,7,-4,-300,2947(333.501)[I]: [6],0,18,18,15,0,-296,10021
(333.511)[I]: [5],0,26,92,6,-5,-305,2961(333.511)[I]: [6],0,17,19,15,0,-296,10021
(333.521)[I]: [5],0,27,88,4,-5,-306,2981(333.521)[I]: [6],0,18,20,15,0,-296,10021
(333.531)[I]: [5],0,28,88,6,-7,-304,3005(333.531)[I]: [6],0,19,22,18,0,-296,10021
(333.541)[I]: [5],0,31,84,3,-8,-300,3032(333.541)[I]: [6],0,20,27,22,0,-296,10021
(333.551)[I]: [5],1,30,76,1,-8,-300,3057(333.551)[I]: [6],0,20,26,24,0,-295,10021
(333.561)[I]: [5],3,28,68,0,-10,-298,3097(333.561)[I]: [6],0,19,26,27,0,-296,10021
(333.571)[I]: [5],3,26,56,1,-13,-299,3171(333.572)[I]: [6],0,20,28,30,0,-295,10021
(333.581)[I]: [5],4,24,40,0,-15,-307,3268(333.581)[I]: [6],0,21,30,34,0,-295,10021
(333.591)[I]: [5],4,19,20,1,-16,-308,3378(333.592)[I]: [6],0,22,35,35,0,-295,10021
(333.601)[I]: [5],5,11,12,0,-20,-286,3505(333.601)[I]: [6],0,22,38,36,0,-295,10021
(333.611)[I]: [5],4,8,8,0,-28,-254,3632(333.611)[I]: [6],0,23,44,37,0,-295,10021
(333.621)[I]: [5],2,6,12,0,-41,-235,3773(333.621)[I]: [6],0,24,50,37,0,-294,10021
(333.631)[I]: [5],0,5,8,0,-60,-229,3927(333.631)[I]: [6],0,23,51,38,0,-294,10021
(333.641)[I]: [5],0,3,4,0,-92,-241,4080(333.641)[I]: [6],0,23,56,38,0,-293,10021
(333.651)[I]: [5],0,3,4,0,-135,-273,4223(333.651)[I]: [6],0,25,58,38,0,-292,10021
(333.661)[I]: [5],0,3,0,0,-188,-313,4308(333.661)[I]: [6],0,25,63,37,0,-292,10021
(333.671)[I]: [5],0,3,0,0,-249,-354,4332(333.671)[I]: [6],0,25,69,39,0,-291,10021
(333.681)[I]: [5],0,3,0,0,-315,-390,4320(333.681)[I]: [6],0,24,72,39,0,-291,10021
(333.691)[I]: [5],0,4,0,0,-390,-427,4299(333.691)[I]: [6],0,25,73,39,0,-290,10021
(333.701)[I]: [5],0,4,0,0,-470,-469,4279(333.701)[I]: [6],0,24,73,37,0,-290,10021
(333.711)[I]: [5],0,4,0,0,-549,-515,4259(333.711)[I]: [6],0,23,76,35,0,-289,10021
(333.721)[I]: [5],0,3,0,0,-625,-568,4233(333.721)[I]: [6],0,23,74,33,0,-289,10021
(333.731)[I]: [5],0,3,0,0,-692,-635,4203(333.731)[I]: [6],0,24,75,31,0,-289,10021
(333.741)[I]: [5],0,3,0,0,-747,-712,4170(333.741)[I]: [6],0,22,76,31,0,-289,10021
(333.751)[I]: [5],0,3,0,0,-786,-795,4139(333.751)[I]: [6],0,20,79,29,0,-289,10021
(333.761)[I]: [5],0,3,0,0,-809,-876,4113(333.761)[I]: [6],0,21,81,25,0,-289,10021
(333.771)[I]: [5],0,3,0,0,-815,-947,4090(333.771)[I]: [6],0,22,82,23,0,-288,10021
(333.781)[I]: [5],0,3,0,2,-805,-1003,4072(333.781)[I]: [6],0,20,84,21,0,-287,10021
(333.791)[I]: [5],0,3,0,2,-781,-1040,4058(333.791)[I]: [6],0,19,87,20,0,-287,10021
(333.801)[I]: [5],0,3,0,2,-744,-1057,4048(333.801)[I]: [6],0,19,90,19,0,-286,10021
(333.811)[I]: [5],0,3,0,2,-699,-1052,4042(333.811)[I]: [6],0,19,91,19,0,-286,10021
(333.821)[I]: [5],0,3,0,2,-647,-1028,4037(333.821)[I]: [6],0,17,95,18,0,-286,10021
(333.831)[I]: [5],0,3,0,2,-591,-991,4034(333.831)[I]: [6],0,18,96,18,0,-286,10021
(333.841)[I]: [5],0,3,0,2,-533,-946,4027(333.841)[I]: [6],0,18,97,17,0,-285,10021
(333.851)[I]: [5],0,3,0,2,-475,-896,4017(333.851)[I]: [6],0,19,99,17,0,-285,10021
(333.861)[I]: [5],0,3,0,2,-421,-848,4002(333.861)[I]: [6],0,19,99,17,0,-285,10021
(333.871)[I]: [5],0,3,0,2,-373,-801,3977(333.871)[I]: [6],0,21,100,17,0,-285,10021
(333.881)[I]: [5],0,3,0,2,-334,-757,3942(333.881)[I]: [6],0,23,100,15,0,-285,10021
(333.891)[I]: [5],0,3,0,2,-303,-714,3896(333.891)[I]: [6],0,24,102,14,0,-285,10021
(333.901)[I]: [5],0,3,0,2,-284,-668,3838(333.901)[I]: [6],0,25,103,14,0,-284,10021
(333.911)[I]: [5],0,3,0,2,-276,-620,3770(333.911)[I]: [6],0,27,103,13,0,-284,10021
(333.921)[I]: [5],0,2,0,2,-279,-577,3694(333.921)[I]: [6],0,29,104,14,0,-283,10021
(333.931)[I]: [5],0,2,0,2,-289,-537,3613(333.931)[I]: [6],0,28,105,14,0,-283,10021
(333.941)[I]: [5],0,2,0,2,-300,-501,3524(333.941)[I]: [6],0,30,105,13,0,-283,10021
(333.951)[I]: [5],0,2,0,2,-310,-469,3432(333.951)[I]: [6],0,31,106,12,0,-282,10021
(333.961)[I]: [5],0,2,0,2,-317,-434,3341(333.961)[I]: [6],0,31,106,11,0,-282,10021
(333.971)[I]: [5],0,2,0,2,-318,-397,3250(333.971)[I]: [6],0,31,107,11,0,-282,10021
(333.981)[I]: [5],0,2,0,2,-315,-355,3158(333.981)[I]: [6],0,34,108,11,0,-282,10021
(333.991)[I]: [5],0,3,0,2,-308,-311,3067(333.991)[I]: [6],0,35,106,9,0,-282,10021
(333.999)[I]: [5],0,3,0,2,-300,-265,2975(333.999)[I]: [6],0,37,104,9,0,-282,10021
(333.999)[I]: [5],0,3,0,2,-294,-219,2881(333.999)[I]: [6],0,38,103,9,0,-282,10021
(333.999)[I]: [5],0,2,0,1,-296,-176,2783(333.999)[I]: [6],0,40,102,9,0,-282,10021
(334.007)[I]: [5],0,2,0,1,-302,-140,2686(334.007)[I]: [6],0,43,99,9,0,-282,10021
(334.017)[I]: [5],0,3,0,0,-313,-113,2592(334.017)[I]: [6],0,45,98,9,0,-281,10021
(334.027)[I]: [5],0,2,0,0,-324,-90,2505(334.027)[I]: [6],0,46,98,9,0,-282,10021
(334.037)[I]: [5],0,3,0,0,-337,-72,2427(334.037)[I]: [6],0,47,97,10,0,-283,10021
(334.047)[I]: [5],0,3,0,0,-348,-61,2356(334.047)[I]: [6],0,48,95,10,0,-283,10021
(334.057)[I]: [5],0,3,0,0,-354,-58,2297(334.057)[I]: [6],0,51,96,9,0,-283,10021
(334.067)[I]: [5],0,2,0,0,-348,-62,2245(334.067)[I]: [6],0,51,96,9,0,-283,10021
(334.077)[I]: [5],0,2,0,0,-328,-69,2205(334.077)[I]: [6],0,53,95,10,0,-284,10021
(334.087)[I]: [5],0,3,0,0,-294,-72,2172(334.087)[I]: [6],0,53,94,10,0,-284,10021
(334.097)[I]: [5],0,3,0,0,-249,-69,2148(334.097)[I]: [6],0,53,95,10,0,-284,10021
(334.107)[I]: [5],0,3,0,0,-195,-66,2128(334.107)[I]: [6],0,53,95,11,0,-284,10021
(334.117)[I]: [5],0,3,0,0,-137,-63,2110(334.117)[I]: [6],0,53,95,10,0,-284,10021
(334.127)[I]: [5],0,3,0,0,-72,-64,2101(334.127)[I]: [6],0,53,95,10,0,-284,10021
(334.137)[I]: [5],0,3,0,0,-6,-66,2105(334.137)[I]: [6],0,52,96,10,0,-284,10021
(334.147)[I]: [5],0,3,0,0,62,-70,2122(334.147)[I]: [6],0,52,97,10,0,-284,10021
(334.157)[I]: [5],0,3,0,0,133,-77,2143(334.157)[I]: [6],0,51,96,10,0,-284,10021
(334.167)[I]: [5],0,3,0,0,200,-88,2164(334.167)[I]: [6],0,51,94,10,0,-285,10021
(334.177)[I]: [5],0,5,0,4,271,-4,2345(334.177)[I]: [6],0,49,94,12,0,-285,10021
(334.187)[I]: [5],0,3,0,12,344,1,2454(334.187)[I]: [6],0,49,95,11,0,-285,10021
(334.197)[I]: [5],0,2,0,13,393,-12,2559(334.197)[I]: [6],0,48,95,11,0,-285,10021
(334.207)[I]: [5],0,2,0,10,421,-43,2644(334.207)[I]: [6],0,47,96,9,0,-285,10021
(334.217)[I]: [5],0,3,0,7,435,-81,2710(334.217)[I]: [6],0,47,96,8,0,-285,10021
(334.227)[I]: [5],0,3,0,6,446,-119,2764(334.227)[I]: [6],0,47,99,7,0,-284,10021
(334.237)[I]: [5],0,3,4,5,461,-146,2823(334.237)[I]: [6],0,48,99,7,0,-285,10021
(334.247)[I]: [5],0,3,4,6,477,-165,2885(334.247)[I]: [6],0,51,103,6,0,-285,10018
(334.257)[I]: [5],0,4,4,6,483,-182,2935(334.257)[I]: [6],0,52,108,6,0,-285,10015
(334.267)[I]: [5],0,3,8,6,472,-191,2961(334.267)[I]: [6],0,54,113,6,0,-285,10007
(334.277)[I]: [5],0,5,12,6,466,-191,2980(334.277)[I]: [6],0,56,121,4,0,-285,9997
(334.287)[I]: [5],0,6,16,6,464,-185,2992(334.287)[I]: [6],0,63,127,3,1,-285,9984
(334.297)[I]: [5],0,6,24,6,461,-187,2998(334.297)[I]: [6],0,71,140,3,3,-288,9969
(334.307)[I]: [5],0,6,24,6,457,-196,3004(334.307)[I]: [6],2,79,149,3,4,-293,9953
(334.317)[I]: [5],0,7,28,8,454,-205,3011(334.317)[I]: [6],2,83,156,2,7,-295,9935
(334.327)[I]: [5],0,9,32,9,450,-212,3018(334.327)[I]: [6],2,91,163,2,10,-296,9910
(334.337)[I]: [5],0,10,36,10,445,-215,3021(334.338)[I]: [6],3,94,168,2,14,-279,9874
(334.347)[I]: [5],0,11,28,11,441,-217,3029(334.348)[I]: [6],5,96,157,2,17,-265,9814
(334.357)[I]: [5],0,12,36,13,437,-220,3036(334.358)[I]: [6],6,101,145,2,20,-259,9718
(334.367)[I]: [5],0,16,32,14,432,-224,3045(334.368)[I]: [6],7,102,136,2,25,-240,9597
(334.377)[I]: [5],1,20,44,15,428,-228,3054(334.378)[I]: [6],8,99,115,2,29,-214,9457
(334.387)[I]: [5],4,22,52,17,423,-230,3062(334.388)[I]: [6],11,83,93,2,29,-180,9303
(334.397)[I]: [5],3,28,60,20,418,-232,3068(334.398)[I]: [6],9,73,69,2,29,-121,9135
(334.407)[I]: [5],6,27,68,22,415,-233,3071(334.408)[I]: [6],9,52,43,2,35,-50,8941
(334.417)[I]: [5],9,33,72,23,411,-235,3071(334.418)[I]: [6],8,39,26,2,46,3,8734
(334.427)[I]: [5],11,38,76,26,406,-236,3071(334.428)[I]: [6],8,28,25,2,51,40,8515
(334.437)[I]: [5],12,40,80,28,402,-236,3071(334.438)[I]: [6],11,25,14,2,54,81,8286
(334.447)[I]: [5],14,40,76,28,398,-236,3071(334.448)[I]: [6],12,22,19,2,63,123,8051
(334.457)[I]: [5],17,45,80,31,394,-235,3071(334.458)[I]: [6],9,13,13,2,86,155,7811
(334.467)[I]: [5],17,46,80,35,391,-235,3071(334.468)[I]: [6],4,9,7,2,116,164,7565
(334.477)[I]: [5],20,45,76,40,387,-236,3072(334.478)[I]: [6],0,10,9,2,164,179,7320
(334.487)[I]: [5],22,46,80,43,383,-237,3072(334.488)[I]: [6],0,10,7,2,226,175,7112
(334.497)[I]: [5],23,48,76,47,379,-237,3072(334.498)[I]: [6],0,9,6,2,314,166,6959
(334.507)[I]: [5],24,48,72,50,375,-237,3072(334.508)[I]: [6],0,7,6,2,424,121,6865
(334.517)[I]: [5],22,49,72,54,371,-237,3072(334.518)[I]: [6],0,8,5,2,533,28,6853
(334.527)[I]: [5],22,47,72,52,368,-238,3072(334.528)[I]: [6],0,10,6,2,661,-85,6916
(334.537)[I]: [5],22,49,72,53,364,-238,3072(334.538)[I]: [6],0,9,5,2,806,-233,7008
(334.547)[I]: [5],21,51,72,52,360,-238,3072(334.548)[I]: [6],0,11,5,2,966,-391,7109
(334.557)[I]: [5],21,50,76,47,357,-238,3072(334.558)[I]: [6],0,11,5,2,1133,-549,7207
(334.567)[I]: [5],19,50,72,41,353,-238,3072(334.568)[I]: [6],0,11,5,2,1292,-708,7311
(334.577)[I]: [5],19,49,72,40,350,-238,3072(334.578)[I]: [6],0,10,3,2,1431,-862,7415
(334.587)[I]: [5],17,50,72,34,346,-238,3072(334.588)[I]: [6],0,10,3,2,1538,-1031,7524
(334.597)[I]: [5],17,49,68,32,343,-238,3073(334.598)[I]: [6],0,10,3,2,1609,-1204,7632
(334.607)[I]: [5],15,47,68,30,339,-238,3073(334.608)[I]: [6],0,10,3,2,1646,-1379,7739
(334.617)[I]: [5],14,43,68,25,336,-238,3073(334.618)[I]: [6],0,9,3,2,1651,-1542,7844
(334.627)[I]: [5],11,38,64,24,333,-238,3073(334.628)[I]: [6],0,9,3,2,1631,-1676,7946
(334.637)[I]: [5],9,37,64,22,329,-237,3073(334.638)[I]: [6],0,9,4,2,1590,-1761,8044
(334.647)[I]: [5],7,31,60,21,326,-236,3073(334.648)[I]: [6],0,9,5,2,1538,-1792,8145
(334.657)[I]: [5],5,31,60,21,323,-236,3073(334.658)[I]: [6],0,9,4,2,1474,-1770,8249
(334.667)[I]: [5],5,31,60,21,320,-235,3073(334.668)[I]: [6],0,9,5,2,1402,-1705,8353
(334.677)[I]: [5],4,31,60,21,317,-235,3073(334.678)[I]: [6],0,10,5,2,1325,-1617,8456
(334.687)[I]: [5],5,31,52,21,313,-235,3073(334.688)[I]: [6],0,10,5,2,1245,-1522,8557
(334.697)[I]: [5],5,27,52,21,310,-235,3073(334.698)[I]: [6],0,10,5,2,1166,-1433,8657
(334.707)[I]: [5],4,27,52,21,307,-234,3073(334.708)[I]: [6],0,9,5,3,1090,-1355,8761
(334.717)[I]: [5],4,28,56,21,304,-234,3073(334.718)[I]: [6],0,9,5,2,1026,-1284,8874
(334.727)[I]: [5],4,28,56,21,301,-234,3073(334.728)[I]: [6],0,8,5,2,976,-1216,8996
(334.737)[I]: [5],3,29,56,20,298,-234,3073(334.738)[I]: [6],0,8,4,3,943,-1141,9127
(334.747)[I]: [5],4,30,60,22,295,-233,3073(334.748)[I]: [6],0,9,5,3,925,-1073,9268
(334.757)[I]: [5],4,30,60,21,292,-234,3073(334.758)[I]: [6],0,8,5,3,922,-1018,9413
(334.767)[I]: [5],4,30,64,22,289,-233,3073(334.768)[I]: [6],0,8,4,2,925,-972,9560
(334.777)[I]: [5],4,30,68,22,286,-233,3073(334.778)[I]: [6],0,8,4,2,924,-936,9705
(334.787)[I]: [5],4,31,72,23,283,-233,3073(334.788)[I]: [6],0,8,4,3,913,-902,9845
(334.797)[I]: [5],5,31,76,24,281,-233,3073(334.798)[I]: [6],0,8,4,3,889,-861,9980
(334.807)[I]: [5],4,31,84,28,278,-233,3073(334.808)[I]: [6],0,8,4,2,850,-810,10109
(334.817)[I]: [5],5,31,92,30,275,-233,3073(334.818)[I]: [6],0,8,5,2,801,-747,10233
(334.827)[I]: [5],5,31,96,31,272,-233,3073(334.828)[I]: [6],0,8,4,2,750,-673,10354
(334.837)[I]: [5],5,31,100,32,270,-233,3073(334.838)[I]: [6],0,8,4,2,702,-591,10470
(334.847)[I]: [5],5,30,104,33,267,-233,3073(334.848)[I]: [6],0,7,5,2,661,-512,10580
(334.857)[I]: [5],5,31,108,33,264,-233,3074(334.858)[I]: [6],0,8,3,2,629,-439,10681
(334.867)[I]: [5],6,31,108,33,262,-233,3074(334.868)[I]: [6],0,8,2,2,605,-384,10772
(334.877)[I]: [5],4,34,112,32,259,-232,3074(334.878)[I]: [6],0,8,2,2,584,-353,10851
(334.887)[I]: [5],5,31,120,33,256,-232,3074(334.888)[I]: [6],0,9,2,2,564,-344,10909
(334.897)[I]: [5],6,34,120,33,254,-232,3074(334.898)[I]: [6],0,9,2,2,542,-348,10935
(334.907)[I]: [5],4,35,120,31,251,-232,3074(334.908)[I]: [6],0,9,3,2,516,-352,10926
(334.917)[I]: [5],5,31,124,32,249,-232,3074(334.918)[I]: [6],0,8,3,2,485,-336,10894
(334.927)[I]: [5],5,31,124,31,246,-232,3074(334.928)[I]: [6],0,9,2,2,451,-298,10867
(334.937)[I]: [5],6,31,124,31,244,-232,3074(334.938)[I]: [6],0,9,3,2,412,-234,10863
(334.947)[I]: [5],5,31,124,31,241,-232,3074(334.948)[I]: [6],0,8,2,3,371,-155,10882
(334.957)[I]: [5],5,31,132,31,239,-232,3074(334.958)[I]: [6],0,9,2,2,335,-68,10913
(334.967)[I]: [5],7,31,136,31,237,-231,3074(334.968)[I]: [6],0,8,2,2,296,-9,10940
(334.977)[I]: [5],6,31,140,28,234,-231,3074(334.978)[I]: [6],0,7,3,4,214,-246,10787
(334.987)[I]: [5],7,31,144,24,232,-230,3074(334.988)[I]: [6],0,5,4,4,373,-208,10678
(334.997)[I]: [5],8,34,144,21,230,-230,3074(334.998)[I]: [6],0,5,4,4,365,-299,10562
(334.999)[I]: [5],10,35,148,21,228,-229,3077(334.999)[I]: [6],0,6,4,3,394,-310,10502
(334.999)[I]: [5],11,39,148,16,228,-227,3083(334.999)[I]: [6],0,8,4,3,395,-317,10458
(335.003)[I]: [5],13,43,148,13,227,-225,3093(335.004)[I]: [6],0,8,4,3,394,-324,10390
(335.013)[I]: [5],14,48,156,11,226,-223,3107(335.014)[I]: [6],0,9,4,3,398,-342,10291
(335.023)[I]: [5],15,56,168,9,224,-223,3128(335.024)[I]: [6],0,9,5,5,406,-368,10188
(335.033)[I]: [5],24,67,172,9,223,-226,3156(335.034)[I]: [6],0,10,10,5,413,-390,10098
(335.043)[I]: [5],28,76,172,5,221,-227,3188(335.044)[I]: [6],0,11,10,5,422,-403,10037
(335.053)[I]: [5],31,95,180,2,219,-215,3224(335.054)[I]: [6],0,11,14,5,423,-417,10000
(335.063)[I]: [5],44,107,176,0,217,-198,3268(335.064)[I]: [6],0,12,21,6,423,-423,9985
(335.073)[I]: [5],52,117,168,0,211,-164,3322(335.074)[I]: [6],0,14,18,8,421,-425,9976
(335.083)[I]: [5],66,126,164,0,205,-164,3431(335.084)[I]: [6],0,14,23,8,421,-424,9967
(335.093)[I]: [5],75,127,120,0,197,-178,3580(335.094)[I]: [6],0,17,30,9,421,-423,9953
(335.103)[I]: [5],84,113,124,0,189,-180,3752(335.104)[I]: [6],0,23,31,9,419,-426,9938
(335.113)[I]: [5],84,81,108,0,185,-177,3949(335.114)[I]: [6],0,22,37,13,419,-431,9927
(335.123)[I]: [5],79,51,76,0,189,-160,4167(335.124)[I]: [6],0,25,39,17,415,-435,9925
(335.133)[I]: [5],68,34,60,0,198,-109,4408(335.134)[I]: [6],0,25,39,19,412,-435,9927
(335.143)[I]: [5],50,18,48,0,199,-41,4658(335.144)[I]: [6],0,27,46,22,409,-430,9931
(335.153)[I]: [5],45,11,32,0,195,3,4907(335.153)[I]: [6],0,30,49,25,405,-426,9931
(335.163)[I]: [5],30,7,16,0,190,20,5150(335.164)[I]: [6],0,29,50,26,400,-424,9932
(335.173)[I]: [5],15,4,12,1,174,15,5396(335.174)[I]: [6],0,31,51,27,396,-425,9932
(335.183)[I]: [5],9,4,8,0,146,-19,5641(335.183)[I]: [6],0,37,55,28,392,-425,9933
(335.193)[I]: [5],1,5,4,0,95,-77,5872(335.193)[I]: [6],0,41,52,28,388,-424,9933
(335.203)[I]: [5],0,5,4,0,-4,-156,6049(335.203)[I]: [6],0,44,51,29,384,-423,9933
(335.213)[I]: [5],0,3,0,0,-129,-286,6207(335.213)[I]: [6],0,44,53,30,380,-423,9933
(335.223)[I]: [5],0,3,0,0,-262,-431,6281(335.223)[I]: [6],0,44,51,31,378,-423,9940
(335.233)[I]: [5],0,4,0,0,-405,-580,6311(335.233)[I]: [6],0,44,54,31,375,-421,9946
(335.243)[I]: [5],0,3,0,0,-553,-731,6318(335.243)[I]: [6],0,42,54,31,371,-421,9946
(335.253)[I]: [5],0,3,0,0,-703,-869,6325(335.253)[I]: [6],0,42,54,31,367,-420,9947
(335.263)[I]: [5],0,3,0,0,-846,-999,6345(335.263)[I]: [6],0,41,55,31,364,-420,9947
(335.273)[I]: [5],0,3,0,0,-967,-1116,6376(335.273)[I]: [6],0,40,54,30,360,-420,9947
(335.283)[I]: [5],0,3,0,0,-1054,-1225,6408(335.283)[I]: [6],0,40,53,28,357,-420,9947
(335.293)[I]: [5],0,3,0,0,-1098,-1341,6430(335.293)[I]: [6],0,40,51,28,353,-420,9948
(335.303)[I]: [5],0,3,4,0,-1095,-1466,6433(335.303)[I]: [6],0,39,49,26,349,-419,9948
(335.313)[I]: [5],0,3,4,1,-1046,-1584,6418(335.314)[I]: [6],0,39,48,25,346,-419,9948
(335.323)[I]: [5],0,3,0,0,-957,-1690,6387(335.323)[I]: [6],0,38,47,23,343,-419,9948
(335.333)[I]: [5],0,3,4,0,-839,-1771,6338(335.333)[I]: [6],0,36,47,22,339,-419,9949
(335.343)[I]: [5],0,3,0,1,-703,-1818,6277(335.343)[I]: [6],0,31,47,20,336,-419,9949
(335.353)[I]: [5],0,3,0,1,-563,-1826,6204(335.353)[I]: [6],0,30,45,19,332,-419,9949
(335.363)[I]: [5],0,3,4,1,-423,-1799,6124(335.364)[I]: [6],0,27,41,19,329,-418,9949
(335.373)[I]: [5],0,3,0,1,-291,-1738,6035(335.373)[I]: [6],0,27,36,19,326,-418,9950
(335.383)[I]: [5],0,2,4,1,-170,-1653,5936(335.383)[I]: [6],0,26,31,19,323,-419,9950
(335.393)[I]: [5],0,2,0,1,-63,-1549,5826(335.393)[I]: [6],0,26,30,19,320,-419,9953
(335.403)[I]: [5],0,3,4,1,28,-1435,5706(335.403)[I]: [6],0,25,30,19,316,-419,9953
(335.413)[I]: [5],0,3,0,1,102,-1319,5577(335.413)[I]: [6],0,25,30,19,315,-419,9956
(335.423)[I]: [5],0,2,0,1,158,-1207,5440(335.423)[I]: [6],0,23,28,19,311,-419,9956
(335.433)[I]: [5],0,3,4,1,199,-1103,5300(335.433)[I]: [6],0,24,30,19,308,-418,9957
(335.443)[I]: [5],0,2,4,1,226,-1015,5158(335.443)[I]: [6],0,25,31,18,305,-418,9957
(335.453)[I]: [5],0,2,4,1,243,-939,5016(335.453)[I]: [6],0,26,31,19,302,-418,9957
(335.463)[I]: [5],0,3,4,1,254,-872,4871(335.463)[I]: [6],0,27,31,19,299,-418,9957
(335.473)[I]: [5],0,3,4,2,262,-811,4726(335.473)[I]: [6],0,27,31,21,296,-420,9957
(335.483)[I]: [5],0,2,4,1,274,-752,4586(335.483)[I]: [6],0,29,31,21,293,-420,9958
(335.493)[I]: [5],0,3,0,1,292,-692,4453(335.493)[I]: [6],0,30,31,22,290,-419,9958
(335.503)[I]: [5],0,2,0,1,320,-628,4329(335.503)[I]: [6],0,31,35,24,287,-420,9958
(335.513)[I]: [5],0,2,4,1,362,-558,4206(335.513)[I]: [6],0,31,34,25,285,-420,9958
(335.523)[I]: [5],0,3,0,2,415,-483,4072(335.523)[I]: [6],0,31,35,28,282,-420,9958
(335.533)[I]: [5],0,3,0,2,471,-398,3927(335.533)[I]: [6],0,31,35,30,280,-419,9965
(335.543)[I]: [5],0,3,0,2,524,-308,3780(335.543)[I]: [6],0,31,35,31,279,-417,9971
(335.553)[I]: [5],0,3,0,1,563,-216,3643(335.553)[I]: [6],0,31,36,31,276,-417,9971
(335.563)[I]: [5],0,3,0,1,586,-128,3517(335.563)[I]: [6],0,31,37,31,273,-416,9972
(335.573)[I]: [5],0,3,0,2,595,-53,3398(335.573)[I]: [6],0,34,38,34,270,-416,9972
(335.583)[I]: [5],0,3,0,2,586,4,3279(335.583)[I]: [6],0,35,37,31,268,-416,9972
(335.593)[I]: [5],0,3,4,2,562,39,3160(335.593)[I]: [6],0,37,35,31,265,-416,9972
(335.603)[I]: [5],0,3,4,1,524,53,3044(335.603)[I]: [6],0,37,35,31,262,-416,9972
(335.613)[I]: [5],0,3,4,1,478,49,2935(335.613)[I]: [6],0,37,37,31,260,-416,9972
(335.623)[I]: [5],0,3,4,0,433,38,2834(335.623)[I]: [6],0,37,39,31,257,-416,9973
(335.633)[I]: [5],0,3,4,0,393,29,2744(335.633)[I]: [6],0,38,40,29,255,-416,9973
(335.643)[I]: [5],0,3,4,0,364,29,2674(335.643)[I]: [6],0,38,41,28,252,-416,9973
(335.653)[I]: [5],0,3,4,0,347,41,2624(335.653)[I]: [6],0,38,44,26,252,-416,9967
(335.663)[I]: [5],0,3,4,0,345,60,2592(335.663)[I]: [6],0,38,49,24,252,-418,9958
(335.673)[I]: [5],0,3,4,0,356,78,2568(335.673)[I]: [6],0,42,50,19,252,-421,9949
(335.683)[I]: [5],0,3,4,0,375,93,2557(335.683)[I]: [6],0,45,53,18,253,-424,9938
(335.693)[I]: [5],0,3,4,0,395,100,2553(335.693)[I]: [6],0,50,59,15,254,-427,9921
(335.703)[I]: [5],0,3,4,0,407,104,2547(335.703)[I]: [6],0,51,63,15,255,-433,9901
(335.713)[I]: [5],0,2,4,8,415,-47,2711(335.713)[I]: [6],0,59,71,11,257,-438,9878
(335.723)[I]: [5],0,2,12,13,382,-60,2687(335.723)[I]: [6],0,59,76,7,259,-442,9852
(335.733)[I]: [5],0,1,8,15,381,-103,2695(335.733)[I]: [6],0,61,80,5,260,-449,9825
(335.743)[I]: [5],0,2,8,10,386,-144,2702(335.743)[I]: [6],0,73,86,4,261,-454,9793
(335.753)[I]: [5],0,3,12,8,385,-151,2723(335.753)[I]: [6],0,74,92,3,262,-461,9762
(335.763)[I]: [5],0,3,12,10,378,-156,2770(335.763)[I]: [6],1,81,97,3,262,-467,9733
(335.773)[I]: [5],0,4,12,12,374,-159,2809(335.774)[I]: [6],1,84,100,2,264,-471,9708
(335.783)[I]: [5],0,4,32,12,374,-169,2847(335.784)[I]: [6],2,88,107,2,266,-471,9681
(335.793)[I]: [5],0,8,36,15,371,-175,2866(335.794)[I]: [6],3,94,105,2,268,-464,9645
(335.803)[I]: [5],0,14,40,18,367,-176,2876(335.804)[I]: [6],5,101,95,2,278,-453,9580
(335.813)[I]: [5],1,15,48,15,363,-178,2879(335.814)[I]: [6],7,87,81,2,284,-453,9462
(335.823)[I]: [5],1,17,48,18,360,-174,2883(335.824)[I]: [6],8,85,66,2,295,-435,9306
(335.833)[I]: [5],3,21,60,19,358,-169,2889(335.834)[I]: [6],7,72,41,2,306,-400,9136
(335.843)[I]: [5],2,20,60,22,356,-163,2893(335.844)[I]: [6],5,56,18,2,312,-344,8955
(335.853)[I]: [5],3,22,64,25,353,-160,2893(335.854)[I]: [6],4,44,12,2,329,-259,8752
(335.863)[I]: [5],3,23,76,28,350,-158,2894(335.864)[I]: [6],3,28,9,2,343,-192,8525
(335.873)[I]: [5],5,23,80,30,347,-156,2896(335.874)[I]: [6],3,25,10,2,364,-125,8291
(335.883)[I]: [5],6,25,88,35,344,-155,2899(335.884)[I]: [6],3,19,6,2,391,-70,8041
(335.893)[I]: [5],7,29,92,38,341,-155,2899(335.894)[I]: [6],1,17,6,2,405,-51,7776
(335.903)[I]: [5],8,30,104,40,337,-156,2899(335.904)[I]: [6],0,15,5,2,423,-48,7491
(335.913)[I]: [5],9,29,104,43,334,-156,2899(335.914)[I]: [6],0,15,4,2,454,-80,7240
(335.923)[I]: [5],7,31,100,43,331,-157,2899(335.924)[I]: [6],0,10,6,2,490,-155,7045
(335.933)[I]: [5],8,30,100,42,327,-156,2899(335.934)[I]: [6],0,7,6,2,540,-259,6894
(335.943)[I]: [5],8,36,104,40,324,-157,2899(335.944)[I]: [6],0,8,6,2,605,-390,6794
(335.953)[I]: [5],8,37,108,40,321,-158,2899(335.954)[I]: [6],0,8,5,2,687,-522,6782
(335.963)[I]: [5],9,36,108,38,318,-159,2900(335.964)[I]: [6],0,9,5,3,793,-649,6817
(335.973)[I]: [5],9,38,108,35,314,-160,2900(335.974)[I]: [6],0,9,5,2,923,-771,6878
(335.983)[I]: [5],9,38,112,27,311,-160,2900(335.984)[I]: [6],0,11,4,2,1074,-876,6938
(335.993)[I]: [5],9,37,116,24,308,-161,2900(335.994)[I]: [6],0,9,4,2,1238,-967,6987
(335.999)[I]: [5],10,37,116,20,306,-161,2903(335.999)[I]: [6],0,10,3,3,1401,-1047,7028
(335.999)[I]: [5],10,38,116,20,304,-162,2906(335.999)[I]: [6],0,10,3,2,1544,-1129,7065
(335.999)[I]: [5],10,38,116,20,301,-162,2906(336.000)[I]: [6],0,9,3,2,1644,-1230,7111
(336.009)[I]: [5],9,37,120,19,298,-162,2906(336.010)[I]: [6],0,8,4,2,1694,-1340,7178
(336.019)[I]: [5],7,35,120,17,295,-162,2906(336.020)[I]: [6],0,8,3,3,1685,-1462,7271
(336.029)[I]: [5],6,34,120,17,292,-162,2906(336.030)[I]: [6],0,7,3,3,1628,-1582,7387
(336.039)[I]: [5],7,31,120,17,289,-163,2906(336.040)[I]: [6],0,7,3,3,1526,-1683,7515
(336.049)[I]: [5],8,31,116,18,286,-164,2906(336.050)[I]: [6],0,7,3,2,1397,-1758,7649
(336.059)[I]: [5],7,30,116,18,283,-165,2906(336.060)[I]: [6],0,7,3,3,1256,-1793,7779
(336.069)[I]: [5],7,31,116,17,280,-165,2906(336.070)[I]: [6],0,7,3,3,1115,-1785,7899
(336.079)[I]: [5],6,28,116,17,278,-166,2906(336.080)[I]: [6],0,7,3,2,982,-1740,8004
(336.089)[I]: [5],6,27,116,17,275,-166,2907(336.090)[I]: [6],0,8,3,3,862,-1671,8099
(336.099)[I]: [5],5,25,116,17,272,-166,2907(336.100)[I]: [6],0,8,4,3,754,-1589,8189
(336.109)[I]: [5],6,24,116,17,269,-167,2907(336.110)[I]: [6],0,7,3,2,661,-1501,8279
(336.119)[I]: [5],5,23,116,17,267,-168,2907(336.120)[I]: [6],0,8,3,3,578,-1410,8379
(336.129)[I]: [5],5,21,116,18,264,-169,2907(336.130)[I]: [6],0,7,3,3,511,-1316,8493
(336.139)[I]: [5],5,21,116,18,261,-170,2907(336.140)[I]: [6],0,7,3,3,456,-1213,8620
(336.149)[I]: [5],4,19,116,19,259,-169,2904(336.150)[I]: [6],0,7,3,3,420,-1103,8757
(336.159)[I]: [5],5,19,120,20,256,-168,2904(336.160)[I]: [6],0,7,3,3,396,-999,8900
(336.169)[I]: [5],5,19,120,20,254,-169,2905(336.170)[I]: [6],0,7,3,3,395,-911,9052
(336.179)[I]: [5],5,19,120,20,251,-169,2905(336.180)[I]: [6],0,7,3,3,410,-842,9209
(336.189)[I]: [5],4,19,120,20,249,-169,2905(336.190)[I]: [6],0,8,3,3,437,-787,9366
(336.199)[I]: [5],4,18,120,20,246,-170,2905(336.200)[I]: [6],0,7,3,3,465,-743,9520
(336.209)[I]: [5],4,19,124,21,244,-170,2905(336.210)[I]: [6],0,7,3,3,489,-701,9673
(336.219)[I]: [5],3,19,124,21,241,-171,2905(336.220)[I]: [6],0,7,3,3,506,-654,9819
(336.229)[I]: [5],3,21,124,21,239,-171,2905(336.230)[I]: [6],0,7,3,2,515,-598,9956
(336.239)[I]: [5],3,21,124,23,236,-171,2905(336.240)[I]: [6],0,8,2,2,514,-531,10080
(336.249)[I]: [5],3,19,124,23,235,-171,2902(336.250)[I]: [6],0,8,2,2,505,-458,10192
(336.259)[I]: [5],3,18,124,23,232,-169,2900(336.260)[I]: [6],0,7,2,2,490,-385,10301
(336.269)[I]: [5],3,16,124,24,230,-169,2900(336.270)[I]: [6],0,8,3,3,470,-317,10408
(336.279)[I]: [5],3,16,124,26,228,-169,2900(336.280)[I]: [6],0,6,3,2,447,-262,10513
(336.289)[I]: [5],1,15,132,27,226,-169,2900(336.290)[I]: [6],0,6,2,2,426,-221,10612
(336.299)[I]: [5],1,15,132,28,223,-168,2900(336.300)[I]: [6],0,7,2,2,405,-194,10700
(336.309)[I]: [5],1,17,132,25,221,-168,2900(336.310)[I]: [6],0,6,2,2,385,-176,10775
(336.319)[I]: [5],2,19,136,23,219,-168,2900(336.320)[I]: [6],0,6,3,2,365,-164,10835
(336.329)[I]: [5],2,19,140,24,217,-169,2900(336.330)[I]: [6],0,6,3,2,345,-151,10874
(336.339)[I]: [5],3,20,140,22,215,-169,2900(336.340)[I]: [6],0,5,2,2,325,-137,10887
(336.349)[I]: [5],3,20,140,23,212,-170,2900(336.350)[I]: [6],0,5,2,2,303,-121,10873
(336.359)[I]: [5],3,22,140,20,210,-171,2900(336.360)[I]: [6],0,6,2,2,280,-97,10842
(336.369)[I]: [5],4,25,148,20,209,-171,2904(336.370)[I]: [6],0,7,2,3,256,-66,10816
(336.379)[I]: [5],3,25,152,16,208,-171,2912(336.380)[I]: [6],0,5,2,2,235,-29,10804
(336.389)[I]: [5],5,26,152,14,206,-173,2924(336.390)[I]: [6],0,6,2,2,214,4,10804
(336.399)[I]: [5],5,31,168,12,205,-175,2943(336.400)[I]: [6],0,6,2,2,200,24,10810
(336.409)[I]: [5],10,38,184,11,204,-181,2968(336.410)[I]: [6],0,6,2,2,183,24,10810
(336.419)[I]: [5],12,47,188,11,202,-189,2997(336.420)[I]: [6],0,6,2,3,221,54,10670
(336.429)[I]: [5],19,62,188,8,199,-199,3030(336.430)[I]: [6],0,6,3,4,199,29,10471
(336.439)[I]: [5],18,66,200,7,197,-209,3067(336.440)[I]: [6],0,5,3,9,200,-72,10279
(336.449)[I]: [5],27,73,204,4,195,-220,3106(336.450)[I]: [6],0,7,8,7,187,-109,10137
(336.459)[I]: [5],35,84,216,2,193,-225,3145(336.460)[I]: [6],0,8,10,6,182,-134,10078
(336.469)[I]: [5],43,95,220,0,191,-211,3188(336.470)[I]: [6],0,9,9,6,180,-148,10068
(336.479)[I]: [5],52,110,224,0,190,-187,3235(336.480)[I]: [6],0,11,10,6,188,-147,10059
(336.489)[I]: [5],63,112,232,0,186,-135,3294(336.490)[I]: [6],0,12,11,6,188,-145,10050
(336.499)[I]: [5],78,122,220,0,183,-115,3390(336.500)[I]: [6],0,12,10,8,190,-146,10037
(336.509)[I]: [5],91,114,208,0,177,-101,3534(336.510)[I]: [6],0,14,13,9,191,-152,10015
(336.519)[I]: [5],97,99,148,0,170,-84,3705(336.520)[I]: [6],0,15,11,10,192,-157,9993
(336.529)[I]: [5],97,85,140,0,166,-76,3904(336.530)[I]: [6],0,16,19,13,196,-164,9971
(336.539)[I]: [5],88,60,100,0,172,-58,4121(336.540)[I]: [6],0,19,23,17,197,-169,9954
(336.549)[I]: [5],77,40,80,0,183,4,4353(336.549)[I]: [6],0,18,19,19,197,-174,9942
(336.559)[I]: [5],63,23,68,0,192,87,4592(336.560)[I]: [6],0,25,25,24,197,-176,9934
(336.569)[I]: [5],45,13,60,0,195,162,4835(336.570)[I]: [6],0,26,31,30,196,-178,9928
(336.579)[I]: [5],38,9,48,0,194,204,5078(336.580)[I]: [6],0,27,31,37,195,-180,9922
(336.589)[I]: [5],38,5,44,0,199,207,5322(336.590)[I]: [6],0,30,31,40,193,-183,9922
(336.599)[I]: [5],19,4,24,0,198,197,5569(336.600)[I]: [6],0,31,29,42,191,-185,9922
(336.609)[I]: [5],6,2,12,1,188,159,5810(336.610)[I]: [6],0,31,34,44,189,-188,9923
(336.619)[I]: [5],4,3,8,1,168,115,6043(336.619)[I]: [6],0,35,36,45,188,-190,9923
(336.629)[I]: [5],0,3,4,1,112,58,6247(336.629)[I]: [6],0,37,37,46,186,-192,9923
(336.639)[I]: [5],0,3,4,1,30,-51,6404(336.639)[I]: [6],0,40,39,46,184,-194,9923
(336.649)[I]: [5],0,3,8,0,-55,-205,6517(336.649)[I]: [6],0,38,39,46,182,-196,9923
(336.659)[I]: [5],0,3,4,1,-150,-359,6550(336.659)[I]: [6],0,37,40,46,180,-198,9923
(336.669)[I]: [5],0,3,4,1,-254,-521,6533(336.669)[I]: [6],0,36,40,47,178,-199,9923
(336.679)[I]: [5],0,3,4,0,-360,-681,6482(336.679)[I]: [6],0,37,39,45,177,-201,9923
(336.689)[I]: [5],0,3,4,0,-471,-824,6413(336.689)[I]: [6],0,35,39,43,175,-203,9924
(336.699)[I]: [5],0,4,4,1,-583,-954,6345(336.699)[I]: [6],0,31,37,40,173,-205,9924
(336.709)[I]: [5],0,3,4,0,-690,-1068,6280(336.709)[I]: [6],0,31,36,38,171,-207,9924
(336.719)[I]: [5],0,3,4,0,-785,-1166,6224(336.719)[I]: [6],0,31,35,34,170,-209,9924
(336.729)[I]: [5],0,3,4,0,-863,-1257,6173(336.729)[I]: [6],0,30,31,31,168,-211,9924
(336.739)[I]: [5],0,2,8,0,-917,-1338,6122(336.739)[I]: [6],0,28,31,31,166,-213,9924
(336.749)[I]: [5],0,3,8,0,-941,-1419,6063(336.749)[I]: [6],0,27,31,31,165,-214,9924
(336.759)[I]: [5],0,3,8,0,-934,-1500,5990(336.759)[I]: [6],0,24,29,30,163,-215,9924
(336.769)[I]: [5],0,3,4,0,-896,-1565,5901(336.769)[I]: [6],0,23,30,30,161,-217,9924
(336.779)[I]: [5],0,2,4,0,-832,-1610,5804(336.779)[I]: [6],0,23,31,30,160,-218,9925
(336.789)[I]: [5],0,3,4,0,-749,-1624,5707(336.789)[I]: [6],0,23,31,29,158,-220,9925
(336.799)[I]: [5],0,3,8,0,-659,-1601,5613(336.799)[I]: [6],0,24,31,29,156,-222,9925
(336.809)[I]: [5],0,3,8,0,-563,-1552,5527(336.809)[I]: [6],0,23,31,28,155,-224,9925
(336.819)[I]: [5],0,3,4,0,-466,-1476,5448(336.819)[I]: [6],0,23,31,28,153,-226,9925
(336.829)[I]: [5],0,2,8,0,-369,-1385,5371(336.829)[I]: [6],0,22,31,28,152,-227,9925
(336.839)[I]: [5],0,3,8,0,-275,-1290,5289(336.839)[I]: [6],0,23,34,29,150,-228,9925
(336.849)[I]: [5],0,3,4,0,-187,-1194,5195(336.849)[I]: [6],0,24,34,29,149,-229,9925
(336.859)[I]: [5],0,3,4,0,-106,-1101,5090(336.859)[I]: [6],0,25,36,30,147,-231,9925
(336.869)[I]: [5],0,3,4,0,-35,-1007,4976(336.869)[I]: [6],0,24,39,30,146,-231,9925
(336.879)[I]: [5],0,3,8,0,22,-911,4854(336.879)[I]: [6],0,25,40,31,144,-228,9925
(336.889)[I]: [5],0,3,4,0,63,-813,4726(336.889)[I]: [6],0,24,41,31,143,-230,9925
(336.899)[I]: [5],0,3,4,0,87,-717,4585(336.899)[I]: [6],0,24,43,31,142,-229,9925
(336.909)[I]: [5],0,3,4,0,96,-625,4435(336.909)[I]: [6],0,25,47,31,140,-230,9926
(336.919)[I]: [5],0,3,4,0,88,-540,4275(336.919)[I]: [6],0,26,48,34,139,-232,9926
(336.929)[I]: [5],0,3,4,0,68,-465,4109(336.929)[I]: [6],0,25,51,34,137,-234,9926
(336.939)[I]: [5],0,3,4,0,37,-398,3942(336.939)[I]: [6],0,25,52,34,136,-236,9926
(336.949)[I]: [5],0,3,4,0,-1,-339,3775(336.949)[I]: [6],0,25,54,35,135,-237,9926
(336.959)[I]: [5],0,3,4,0,-43,-293,3610(336.959)[I]: [6],0,25,56,34,133,-238,9926
(336.969)[I]: [5],0,3,4,0,-86,-254,3449(336.969)[I]: [6],0,25,57,31,132,-240,9926
(336.979)[I]: [5],0,3,4,0,-128,-217,3294(336.979)[I]: [6],0,24,57,31,131,-241,9926
(336.989)[I]: [5],0,3,4,0,-166,-180,3149(336.989)[I]: [6],0,23,59,31,129,-242,9926
(336.999)[I]: [5],0,3,4,0,-198,-135,3011(336.999)[I]: [6],0,23,60,31,128,-243,9926
(336.999)[I]: [5],0,3,4,1,-223,-85,2881(336.999)[I]: [6],0,24,62,31,127,-244,9926
(336.999)[I]: [5],0,3,4,0,-242,-30,2757(336.999)[I]: [6],0,22,63,31,125,-246,9926
(337.005)[I]: [5],0,3,4,0,-252,26,2636(337.005)[I]: [6],0,23,63,31,124,-247,9926
(337.015)[I]: [5],0,3,4,0,-255,86,2521(337.015)[I]: [6],0,23,70,31,123,-248,9927
(337.025)[I]: [5],0,3,0,0,-252,143,2415(337.025)[I]: [6],0,24,71,31,122,-249,9927
(337.035)[I]: [5],0,3,0,0,-244,194,2322(337.035)[I]: [6],0,24,74,30,120,-250,9927
(337.045)[I]: [5],0,3,0,0,-231,236,2243(337.045)[I]: [6],0,24,78,30,119,-251,9927
(337.055)[I]: [5],0,3,0,0,-211,269,2181(337.055)[I]: [6],0,25,79,27,118,-252,9927
(337.065)[I]: [5],0,3,0,0,-185,293,2133(337.065)[I]: [6],0,26,79,27,117,-253,9927
(337.075)[I]: [5],0,3,4,0,-154,307,2098(337.075)[I]: [6],0,27,82,25,116,-254,9927
(337.085)[I]: [5],0,3,4,0,-120,314,2075(337.085)[I]: [6],0,27,83,24,115,-255,9927
(337.095)[I]: [5],0,3,4,0,-84,315,2055(337.095)[I]: [6],0,28,87,24,113,-256,9927
(337.105)[I]: [5],0,3,4,0,-50,310,2029(337.105)[I]: [6],0,29,88,20,112,-257,9927
(337.115)[I]: [5],0,2,4,6,14,252,2359(337.115)[I]: [6],0,31,90,18,111,-258,9927
(337.125)[I]: [5],0,3,4,15,45,180,2466(337.125)[I]: [6],0,34,95,15,111,-259,9924
(337.135)[I]: [5],0,1,0,14,61,80,2584(337.135)[I]: [6],0,39,102,11,110,-260,9915
(337.145)[I]: [5],0,1,0,14,76,4,2645(337.145)[I]: [6],0,44,110,8,110,-262,9901
(337.155)[I]: [5],0,2,0,10,101,-52,2680(337.155)[I]: [6],0,46,123,5,112,-265,9885
(337.165)[I]: [5],0,1,4,8,124,-69,2701(337.165)[I]: [6],0,56,134,4,112,-267,9869
(337.175)[I]: [5],0,2,4,10,136,-70,2741(337.175)[I]: [6],0,60,143,3,113,-268,9852
(337.185)[I]: [5],0,3,8,11,133,-65,2795(337.185)[I]: [6],0,63,152,3,115,-270,9833
(337.195)[I]: [5],0,3,12,13,120,-65,2831(337.195)[I]: [6],0,68,162,3,117,-273,9814
(337.205)[I]: [5],0,4,16,15,117,-56,2862(337.206)[I]: [6],0,75,168,2,118,-275,9791
(337.215)[I]: [5],0,5,28,16,116,-59,2885(337.215)[I]: [6],0,75,163,2,121,-274,9767
(337.225)[I]: [5],0,9,36,20,114,-72,2900(337.225)[I]: [6],0,71,159,2,128,-260,9721
(337.235)[I]: [5],0,11,40,22,110,-84,2910(337.236)[I]: [6],1,78,142,2,131,-259,9623
(337.245)[I]: [5],0,11,48,25,108,-84,2920(337.246)[I]: [6],2,70,131,2,137,-244,9486
(337.255)[I]: [5],0,15,44,33,106,-81,2928(337.256)[I]: [6],2,61,107,2,142,-207,9324
(337.265)[I]: [5],0,17,56,48,104,-83,2938(337.266)[I]: [6],1,54,79,2,142,-159,9152
(337.275)[I]: [5],0,16,60,60,102,-88,2947(337.276)[I]: [6],1,35,45,2,141,-61,8965
(337.285)[I]: [5],1,19,68,65,99,-91,2957(337.286)[I]: [6],1,29,26,2,147,45,8753
(337.295)[I]: [5],2,24,68,70,98,-93,2961(337.296)[I]: [6],0,16,17,2,156,137,8530
(337.305)[I]: [5],5,20,80,77,97,-95,2964(337.306)[I]: [6],0,13,11,2,174,235,8290
(337.315)[I]: [5],3,24,76,80,96,-96,2964(337.316)[I]: [6],0,9,9,2,207,347,8043
(337.325)[I]: [5],4,25,76,84,95,-98,2964(337.326)[I]: [6],0,9,9,2,262,457,7789
(337.335)[I]: [5],5,24,72,86,94,-100,2964(337.336)[I]: [6],0,9,8,2,337,552,7543
(337.345)[I]: [5],3,28,76,90,93,-102,2964(337.346)[I]: [6],0,9,8,3,445,606,7367
(337.355)[I]: [5],3,28,80,92,92,-104,2964(337.356)[I]: [6],0,7,7,2,566,574,7249
(337.365)[I]: [5],3,27,76,95,91,-105,2964(337.366)[I]: [6],0,9,5,2,698,464,7221
(337.375)[I]: [5],3,27,76,93,91,-106,2964(337.376)[I]: [6],0,12,5,2,847,293,7243
(337.385)[I]: [5],3,27,76,90,90,-107,2964(337.386)[I]: [6],0,11,5,2,1011,78,7283
(337.395)[I]: [5],3,26,72,88,89,-109,2964(337.396)[I]: [6],0,11,5,2,1183,-144,7326
(337.405)[I]: [5],3,26,72,84,88,-111,2964(337.406)[I]: [6],0,11,4,2,1352,-363,7364
(337.415)[I]: [5],4,26,68,80,87,-112,2964(337.416)[I]: [6],0,10,3,2,1493,-574,7389
(337.425)[I]: [5],3,23,68,76,86,-114,2964(337.426)[I]: [6],0,7,4,2,1607,-770,7404
(337.435)[I]: [5],3,23,72,72,85,-116,2964(337.436)[I]: [6],0,7,4,2,1671,-944,7412
(337.445)[I]: [5],3,23,72,67,84,-118,2964(337.446)[I]: [6],0,8,4,2,1687,-1097,7419
(337.455)[I]: [5],3,22,76,57,84,-116,2964(337.456)[I]: [6],0,7,3,2,1664,-1237,7447
(337.465)[I]: [5],2,19,72,50,84,-113,2963(337.466)[I]: [6],0,7,3,3,1608,-1351,7510
(337.475)[I]: [5],0,19,76,45,84,-107,2961(337.476)[I]: [6],0,7,3,2,1528,-1418,7590
(337.485)[I]: [5],0,16,76,40,84,-100,2958(337.486)[I]: [6],0,8,3,3,1441,-1441,7675
(337.495)[I]: [5],0,18,76,40,84,-94,2954(337.495)[I]: [6],0,9,3,3,1349,-1417,7761
(337.505)[I]: [5],0,17,76,33,84,-88,2951(337.505)[I]: [6],0,8,3,3,1256,-1359,7843
(337.515)[I]: [5],0,18,84,28,83,-83,2947(337.515)[I]: [6],0,8,3,3,1162,-1286,7925
(337.525)[I]: [5],0,15,88,28,83,-83,2947(337.526)[I]: [6],0,8,3,3,1065,-1210,8012
(337.535)[I]: [5],0,15,88,27,82,-83,2947(337.535)[I]: [6],0,8,4,3,962,-1139,8106
(337.545)[I]: [5],0,15,88,26,81,-84,2947(337.546)[I]: [6],0,7,4,3,854,-1074,8210
(337.555)[I]: [5],0,14,88,26,80,-83,2947(337.555)[I]: [6],0,7,3,3,745,-1011,8325
(337.565)[I]: [5],0,15,88,27,79,-83,2947(337.565)[I]: [6],0,7,3,3,638,-942,8451
(337.575)[I]: [5],0,16,88,28,79,-84,2947(337.576)[I]: [6],0,8,4,3,538,-867,8588
(337.585)[I]: [5],0,16,88,30,78,-85,2947(337.585)[I]: [6],0,7,4,3,448,-786,8730
(337.595)[I]: [5],0,17,92,38,77,-86,2947(337.595)[I]: [6],0,7,3,3,372,-701,8877
(337.605)[I]: [5],0,19,92,40,76,-87,2947(337.605)[I]: [6],0,8,3,3,310,-621,9029
(337.615)[I]: [5],0,19,96,42,75,-89,2947(337.615)[I]: [6],0,9,3,3,269,-547,9182
(337.625)[I]: [5],0,19,100,42,75,-90,2947(337.626)[I]: [6],0,8,3,3,246,-480,9333
(337.635)[I]: [5],0,20,104,46,74,-91,2947(337.636)[I]: [6],0,8,3,3,242,-421,9483
(337.645)[I]: [5],0,21,104,47,73,-92,2947(337.646)[I]: [6],0,9,3,3,254,-369,9634
(337.655)[I]: [5],0,21,108,50,72,-93,2947(337.656)[I]: [6],0,9,3,3,274,-324,9782
(337.665)[I]: [5],0,21,112,52,72,-95,2947(337.666)[I]: [6],0,10,3,2,294,-282,9920
(337.675)[I]: [5],0,21,112,54,71,-96,2947(337.676)[I]: [6],0,10,3,3,309,-243,10047
(337.685)[I]: [5],0,21,112,55,70,-97,2947(337.686)[I]: [6],0,8,3,2,311,-207,10163
(337.695)[I]: [5],0,20,116,57,70,-98,2947(337.696)[I]: [6],0,9,3,3,304,-172,10274
(337.705)[I]: [5],0,21,116,57,69,-98,2947(337.706)[I]: [6],0,8,3,2,288,-135,10378
(337.715)[I]: [5],0,21,116,57,68,-99,2947(337.716)[I]: [6],0,6,3,2,271,-91,10476
(337.725)[I]: [5],0,21,120,57,67,-100,2947(337.726)[I]: [6],0,7,4,3,253,-47,10564
(337.735)[I]: [5],0,22,120,55,67,-102,2947(337.736)[I]: [6],0,7,3,2,236,-5,10649
(337.745)[I]: [5],0,22,124,53,66,-103,2947(337.746)[I]: [6],0,7,4,2,222,26,10727
(337.755)[I]: [5],0,23,124,51,65,-105,2947(337.756)[I]: [6],0,7,3,3,209,47,10790
(337.765)[I]: [5],0,23,136,50,65,-106,2948(337.766)[I]: [6],0,7,3,3,198,58,10831
(337.775)[I]: [5],0,23,140,51,64,-106,2948(337.776)[I]: [6],0,7,3,3,186,62,10854
(337.785)[I]: [5],0,23,140,50,64,-107,2948(337.786)[I]: [6],0,7,3,3,174,67,10874
(337.795)[I]: [5],0,23,144,48,63,-108,2948(337.796)[I]: [6],0,7,3,3,163,77,10902
(337.805)[I]: [5],0,25,148,44,62,-108,2948(337.806)[I]: [6],0,8,3,3,154,93,10934
(337.815)[I]: [5],0,27,152,37,61,-108,2956(337.816)[I]: [6],0,9,3,3,147,112,10960
(337.825)[I]: [5],0,30,156,27,61,-107,2967(337.826)[I]: [6],0,8,3,3,148,124,10969
(337.835)[I]: [5],0,36,168,20,60,-107,2980(337.836)[I]: [6],0,7,3,3,144,130,10967
(337.845)[I]: [5],4,37,184,17,60,-107,2993(337.846)[I]: [6],0,7,3,3,134,129,10964
(337.855)[I]: [5],5,44,192,13,60,-107,3008(337.856)[I]: [6],0,7,3,2,120,119,10961
(337.865)[I]: [5],7,52,192,11,60,-106,3023(337.866)[I]: [6],0,7,3,3,108,105,10953
(337.875)[I]: [5],13,62,196,10,60,-104,3044(337.876)[I]: [6],0,6,2,3,65,-98,10748
(337.885)[I]: [5],19,67,212,10,60,-102,3069(337.886)[I]: [6],0,5,3,5,126,-308,10582
(337.895)[I]: [5],22,73,224,4,59,-99,3099(337.896)[I]: [6],0,6,4,9,189,-358,10407
(337.905)[I]: [5],27,87,228,3,59,-94,3129(337.906)[I]: [6],0,5,3,8,152,-418,10274
(337.915)[I]: [5],34,96,232,3,59,-76,3163(337.916)[I]: [6],0,8,4,7,91,-460,10187
(337.925)[I]: [5],40,111,236,0,57,-56,3200(337.926)[I]: [6],0,9,4,6,97,-483,10133
(337.935)[I]: [5],50,114,232,0,54,-23,3247(337.936)[I]: [6],0,9,5,7,110,-492,10090
(337.945)[I]: [5],60,120,220,0,52,-11,3328(337.946)[I]: [6],0,10,11,8,127,-491,10053
(337.955)[I]: [5],63,124,180,0,47,-17,3453(337.956)[I]: [6],0,10,15,10,131,-489,10018
(337.965)[I]: [5],68,111,148,0,43,-19,3607(337.966)[I]: [6],0,12,17,11,133,-493,9988
(337.975)[I]: [5],66,90,124,0,40,-27,3783(337.976)[I]: [6],0,13,20,13,136,-496,9963
(337.985)[I]: [5],63,73,112,0,43,-33,3980(337.986)[I]: [6],0,14,22,17,139,-499,9942
(337.995)[I]: [5],56,50,76,0,53,-13,4197(337.995)[I]: [6],0,15,27,21,140,-499,9925
(337.999)[I]: [5],46,30,60,0,63,38,4426(337.999)[I]: [6],0,17,28,27,143,-499,9914
(337.999)[I]: [5],37,21,52,0,66,91,4658(337.999)[I]: [6],0,17,34,31,141,-498,9906
(338.001)[I]: [5],31,13,44,0,65,130,4899(338.001)[I]: [6],0,19,37,38,139,-496,9899
(338.011)[I]: [5],27,10,36,0,58,159,5146(338.011)[I]: [6],0,24,41,44,138,-497,9896
(338.021)[I]: [5],16,6,20,0,39,186,5384(338.021)[I]: [6],0,25,45,48,137,-497,9896
(338.031)[I]: [5],7,3,12,0,10,181,5630(338.031)[I]: [6],0,27,39,51,135,-498,9896
(338.041)[I]: [5],3,4,4,0,-19,137,5887(338.041)[I]: [6],0,29,41,54,134,-498,9896
(338.051)[I]: [5],0,5,8,0,-82,84,6125(338.051)[I]: [6],0,27,39,56,132,-498,9897
(338.061)[I]: [5],0,4,8,0,-175,-14,6332(338.061)[I]: [6],0,29,40,59,131,-497,9897
(338.071)[I]: [5],0,4,8,1,-281,-158,6542(338.071)[I]: [6],0,29,41,61,130,-497,9897
(338.081)[I]: [5],0,3,4,1,-399,-300,6679(338.081)[I]: [6],0,30,42,62,129,-497,9897
(338.091)[I]: [5],0,3,4,1,-531,-434,6772(338.091)[I]: [6],0,28,42,62,127,-496,9897
(338.101)[I]: [5],0,4,8,1,-675,-563,6835(338.101)[I]: [6],0,29,42,60,126,-496,9897
(338.111)[I]: [5],0,3,4,0,-830,-674,6882(338.111)[I]: [6],0,29,42,57,125,-495,9897
(338.121)[I]: [5],0,3,4,1,-992,-769,6925(338.121)[I]: [6],0,29,41,54,123,-495,9897
(338.131)[I]: [5],0,3,4,0,-1147,-856,6970(338.131)[I]: [6],0,27,41,49,122,-495,9897
(338.141)[I]: [5],0,3,4,1,-1284,-928,7012(338.142)[I]: [6],0,26,40,47,121,-494,9897
(338.151)[I]: [5],0,4,4,1,-1392,-1004,7041(338.152)[I]: [6],0,25,39,45,120,-494,9897
(338.161)[I]: [5],0,3,0,1,-1462,-1091,7046(338.161)[I]: [6],0,24,35,43,119,-493,9897
(338.171)[I]: [5],0,3,4,2,-1491,-1186,7025(338.172)[I]: [6],0,24,31,39,117,-493,9897
(338.181)[I]: [5],0,3,4,2,-1479,-1274,6982(338.182)[I]: [6],0,22,31,38,116,-493,9897
(338.191)[I]: [5],0,3,8,2,-1433,-1353,6918(338.192)[I]: [6],0,21,31,36,115,-493,9898
(338.201)[I]: [5],0,3,4,2,-1361,-1425,6832(338.202)[I]: [6],0,21,29,31,114,-492,9898
(338.211)[I]: [5],0,3,4,2,-1273,-1473,6728(338.212)[I]: [6],0,21,30,31,113,-491,9898
(338.221)[I]: [5],0,3,4,2,-1179,-1490,6607(338.222)[I]: [6],0,20,31,28,112,-491,9898
(338.231)[I]: [5],0,3,4,2,-1084,-1484,6475(338.232)[I]: [6],0,20,31,27,110,-490,9898
(338.241)[I]: [5],0,3,4,2,-993,-1452,6333(338.242)[I]: [6],0,20,31,27,109,-490,9898
(338.251)[I]: [5],0,3,4,2,-911,-1404,6186(338.251)[I]: [6],0,19,31,27,108,-489,9898
(338.261)[I]: [5],0,3,4,2,-841,-1345,6034(338.261)[I]: [6],0,20,31,27,107,-488,9898
(338.271)[I]: [5],0,3,0,2,-783,-1280,5881(338.271)[I]: [6],0,20,31,27,106,-488,9898
(338.281)[I]: [5],0,3,0,2,-736,-1212,5727(338.281)[I]: [6],0,21,31,28,105,-487,9898
(338.291)[I]: [5],0,3,4,2,-696,-1141,5571(338.291)[I]: [6],0,22,31,28,104,-487,9898
(338.301)[I]: [5],0,3,4,2,-661,-1071,5411(338.301)[I]: [6],0,23,31,28,103,-488,9898
(338.311)[I]: [5],0,3,4,2,-628,-1002,5247(338.311)[I]: [6],0,23,35,28,102,-488,9898
(338.321)[I]: [5],0,2,4,2,-598,-933,5075(338.321)[I]: [6],0,23,37,28,101,-488,9898
(338.331)[I]: [5],0,2,4,2,-570,-863,4892(338.331)[I]: [6],0,23,38,28,100,-487,9898
(338.341)[I]: [5],0,2,4,2,-546,-795,4700(338.341)[I]: [6],0,24,39,28,99,-487,9898
(338.351)[I]: [5],0,2,4,2,-527,-724,4505(338.351)[I]: [6],0,25,42,29,98,-487,9898
(338.361)[I]: [5],0,3,4,2,-515,-657,4313(338.361)[I]: [6],0,25,43,30,97,-487,9898
(338.371)[I]: [5],0,3,4,2,-505,-593,4126(338.371)[I]: [6],0,25,45,31,96,-486,9898
(338.381)[I]: [5],0,3,4,2,-497,-536,3947(338.381)[I]: [6],0,24,45,31,95,-486,9899
(338.391)[I]: [5],0,3,4,2,-493,-492,3773(338.391)[I]: [6],0,25,47,31,94,-486,9899
(338.401)[I]: [5],0,3,4,2,-488,-462,3600(338.401)[I]: [6],0,24,48,31,93,-485,9899
(338.411)[I]: [5],0,3,4,2,-488,-437,3425(338.411)[I]: [6],0,25,49,34,92,-486,9899
(338.421)[I]: [5],0,3,0,2,-495,-410,3251(338.421)[I]: [6],0,24,49,36,91,-485,9899
(338.431)[I]: [5],0,3,4,2,-511,-381,3079(338.431)[I]: [6],0,24,49,36,90,-485,9899
(338.441)[I]: [5],0,3,4,2,-534,-353,2911(338.441)[I]: [6],0,25,49,37,89,-485,9899
(338.451)[I]: [5],0,3,4,2,-564,-333,2751(338.451)[I]: [6],0,24,51,38,88,-485,9899
(338.461)[I]: [5],0,3,4,2,-591,-329,2601(338.461)[I]: [6],0,26,52,39,88,-485,9899
(338.471)[I]: [5],0,2,0,2,-607,-340,2465(338.471)[I]: [6],0,27,54,40,87,-484,9899
(338.481)[I]: [5],0,2,0,2,-604,-365,2347(338.481)[I]: [6],0,28,56,40,86,-484,9899
(338.491)[I]: [5],0,3,4,2,-580,-395,2249(338.491)[I]: [6],0,28,57,40,85,-484,9899
(338.501)[I]: [5],0,3,0,2,-540,-422,2166(338.501)[I]: [6],0,27,57,39,84,-484,9899
(338.511)[I]: [5],0,2,4,2,-494,-431,2091(338.511)[I]: [6],0,27,56,39,83,-484,9899
(338.521)[I]: [5],0,2,0,2,-451,-416,2019(338.521)[I]: [6],0,29,55,39,82,-484,9899
(338.531)[I]: [5],0,2,0,1,-410,-383,1953(338.531)[I]: [6],0,28,57,37,82,-484,9899
(338.541)[I]: [5],0,2,0,1,-367,-348,1897(338.541)[I]: [6],0,28,58,31,81,-484,9899
(338.551)[I]: [5],0,2,4,1,-320,-324,1851(338.551)[I]: [6],0,29,63,30,80,-484,9899
(338.561)[I]: [5],0,2,4,2,-261,-316,1818(338.561)[I]: [6],0,31,63,28,79,-484,9899
(338.571)[I]: [5],0,1,0,6,-198,-184,2008(338.571)[I]: [6],0,35,63,23,79,-483,9896
(338.581)[I]: [5],0,1,0,13,-90,-133,2194(338.581)[I]: [6],0,40,72,16,80,-484,9887
(338.591)[I]: [5],0,1,0,20,-8,-97,2363(338.591)[I]: [6],0,45,84,13,82,-486,9874
(338.601)[I]: [5],0,1,0,13,41,-121,2488(338.601)[I]: [6],0,49,90,9,82,-489,9856
(338.611)[I]: [5],0,1,0,12,72,-175,2597(338.611)[I]: [6],0,58,103,5,84,-491,9837
(338.621)[I]: [5],0,1,4,13,98,-238,2676(338.621)[I]: [6],0,63,111,4,86,-492,9817
(338.631)[I]: [5],0,1,4,14,128,-285,2756(338.631)[I]: [6],0,70,120,3,89,-495,9793
(338.641)[I]: [5],0,1,8,20,160,-294,2821(338.641)[I]: [6],0,70,131,3,91,-504,9765
(338.651)[I]: [5],0,2,12,25,156,-277,2871(338.652)[I]: [6],1,76,127,2,95,-510,9736
(338.661)[I]: [5],0,3,4,28,138,-257,2900(338.661)[I]: [6],1,83,132,2,96,-512,9711
(338.671)[I]: [5],0,4,20,34,132,-245,2926(338.672)[I]: [6],1,81,127,2,105,-470,9675
(338.681)[I]: [5],0,6,28,40,130,-246,2951(338.682)[I]: [6],1,75,120,2,108,-456,9604
(338.691)[I]: [5],0,10,36,47,126,-256,2971(338.692)[I]: [6],1,69,98,2,115,-454,9487
(338.701)[I]: [5],0,15,48,57,122,-258,2988(338.702)[I]: [6],2,63,73,2,129,-426,9334
(338.711)[I]: [5],0,15,60,64,118,-256,3002(338.712)[I]: [6],1,61,47,2,136,-389,9156
(338.721)[I]: [5],0,19,60,69,115,-260,3016(338.722)[I]: [6],1,40,24,2,144,-312,8973
(338.731)[I]: [5],0,21,68,70,113,-261,3029(338.732)[I]: [6],1,28,17,2,167,-203,8770
(338.741)[I]: [5],1,18,72,71,111,-258,3041(338.742)[I]: [6],0,19,11,2,204,-107,8548
(338.751)[I]: [5],3,26,72,75,110,-257,3051(338.752)[I]: [6],0,13,11,2,265,-18,8307
(338.761)[I]: [5],3,31,76,75,108,-259,3058(338.762)[I]: [6],0,12,9,2,348,51,8042
(338.771)[I]: [5],2,34,76,76,107,-263,3064(338.772)[I]: [6],0,11,7,2,444,95,7762
(338.781)[I]: [5],6,39,88,74,107,-265,3067(338.782)[I]: [6],0,9,9,3,568,110,7523
(338.791)[I]: [5],8,44,88,71,106,-268,3069(338.792)[I]: [6],0,7,7,2,711,77,7350
(338.801)[I]: [5],8,45,92,68,105,-269,3069(338.802)[I]: [6],0,7,6,3,861,1,7226
(338.811)[I]: [5],9,45,92,66,104,-271,3069(338.812)[I]: [6],0,8,6,2,1009,-98,7175
(338.821)[I]: [5],9,45,92,65,103,-272,3069(338.822)[I]: [6],0,10,7,3,1159,-210,7138
(338.831)[I]: [5],8,43,92,64,102,-274,3069(338.832)[I]: [6],0,14,7,3,1306,-329,7094
(338.841)[I]: [5],8,44,92,60,101,-275,3069(338.842)[I]: [6],0,15,5,3,1442,-447,7034
(338.851)[I]: [5],7,42,92,51,100,-275,3070(338.852)[I]: [6],0,12,5,2,1554,-565,6966
(338.861)[I]: [5],6,43,92,43,99,-276,3070(338.862)[I]: [6],0,12,5,3,1635,-682,6902
(338.871)[I]: [5],4,38,96,39,98,-273,3071(338.872)[I]: [6],0,13,5,2,1686,-788,6845
(338.881)[I]: [5],4,37,96,30,98,-270,3071(338.882)[I]: [6],0,12,4,3,1694,-907,6806
(338.891)[I]: [5],5,35,100,27,97,-270,3071(338.892)[I]: [6],0,12,4,3,1680,-1019,6779
(338.901)[I]: [5],4,35,100,23,96,-271,3071(338.902)[I]: [6],0,12,4,3,1645,-1125,6766
(338.911)[I]: [5],3,31,100,21,95,-271,3071(338.912)[I]: [6],0,11,5,2,1594,-1221,6766
(338.921)[I]: [5],3,31,104,20,94,-271,3071(338.922)[I]: [6],0,10,4,3,1529,-1292,6781
(338.931)[I]: [5],4,27,108,20,93,-271,3071(338.932)[I]: [6],0,11,4,3,1453,-1331,6806
(338.941)[I]: [5],3,25,104,19,93,-270,3071(338.942)[I]: [6],0,10,5,3,1368,-1334,6843
(338.951)[I]: [5],3,21,104,17,92,-271,3071(338.952)[I]: [6],0,10,4,3,1276,-1304,6894
(338.961)[I]: [5],2,21,104,18,91,-271,3071(338.962)[I]: [6],0,10,3,3,1177,-1247,6959
(338.971)[I]: [5],2,24,108,17,90,-271,3071(338.972)[I]: [6],0,11,3,3,1073,-1176,7036
(338.981)[I]: [5],0,24,108,17,89,-271,3071(338.982)[I]: [6],0,10,4,3,963,-1097,7126
(338.991)[I]: [5],0,25,108,17,88,-270,3071(338.992)[I]: [6],0,10,3,3,849,-1024,7232
(338.999)[I]: [5],0,24,112,18,87,-269,3071(338.999)[I]: [6],0,11,3,3,741,-956,7353
(338.999)[I]: [5],0,24,112,19,86,-269,3071(338.999)[I]: [6],0,10,3,3,639,-902,7487
(338.999)[I]: [5],0,23,108,20,85,-269,3071(338.999)[I]: [6],0,10,4,3,547,-857,7630
(339.007)[I]: [5],0,23,108,20,85,-270,3071(339.007)[I]: [6],0,9,4,3,464,-818,7783
(339.017)[I]: [5],0,24,112,21,84,-269,3071(339.018)[I]: [6],0,10,4,3,391,-772,7948
(339.027)[I]: [5],2,25,112,21,83,-270,3071(339.028)[I]: [6],0,10,4,3,329,-712,8124
(339.037)[I]: [5],2,25,116,20,82,-271,3071(339.038)[I]: [6],0,10,5,3,281,-636,8309
(339.047)[I]: [5],2,25,120,20,81,-271,3071(339.048)[I]: [6],0,10,4,3,247,-546,8497
(339.057)[I]: [5],1,26,120,21,80,-271,3071(339.058)[I]: [6],0,9,4,3,223,-457,8685
(339.067)[I]: [5],1,26,120,20,80,-272,3071(339.068)[I]: [6],0,11,4,3,208,-373,8876
(339.077)[I]: [5],2,27,120,21,79,-273,3071(339.078)[I]: [6],0,10,3,3,199,-299,9066
(339.087)[I]: [5],2,27,124,22,78,-273,3071(339.088)[I]: [6],0,12,4,3,197,-236,9253
(339.097)[I]: [5],2,27,124,22,77,-273,3071(339.098)[I]: [6],0,13,4,3,201,-188,9431
(339.107)[I]: [5],2,27,124,23,76,-274,3071(339.108)[I]: [6],0,11,4,3,208,-149,9593
(339.117)[I]: [5],3,27,136,24,76,-274,3071(339.118)[I]: [6],0,12,3,3,212,-112,9744
(339.127)[I]: [5],3,28,136,22,75,-275,3071(339.128)[I]: [6],0,10,4,3,210,-74,9895
(339.137)[I]: [5],3,28,136,21,74,-275,3071(339.138)[I]: [6],0,9,4,3,199,-29,10052
(339.147)[I]: [5],3,28,140,20,73,-276,3071(339.148)[I]: [6],0,8,3,3,178,22,10207
(339.157)[I]: [5],4,28,140,20,73,-276,3071(339.158)[I]: [6],0,8,4,3,148,79,10350
(339.167)[I]: [5],3,28,148,21,72,-276,3071(339.168)[I]: [6],0,9,4,3,110,136,10475
(339.177)[I]: [5],3,29,152,20,71,-277,3071(339.178)[I]: [6],0,9,4,2,66,187,10578
(339.187)[I]: [5],3,28,152,20,71,-276,3071(339.188)[I]: [6],0,8,5,2,19,229,10659
(339.197)[I]: [5],3,28,156,20,70,-277,3071(339.198)[I]: [6],0,8,3,3,-24,259,10720
(339.207)[I]: [5],3,29,160,20,69,-277,3071(339.208)[I]: [6],0,7,3,2,-67,276,10761
(339.217)[I]: [5],3,30,168,20,68,-277,3071(339.218)[I]: [6],0,7,3,3,-109,283,10789
(339.227)[I]: [5],4,31,172,19,68,-277,3071(339.228)[I]: [6],0,6,3,3,-150,277,10819
(339.237)[I]: [5],4,36,180,17,67,-278,3071(339.238)[I]: [6],0,6,3,3,-187,267,10865
(339.247)[I]: [5],5,40,184,15,66,-279,3071(339.248)[I]: [6],0,7,4,3,-218,253,10930
(339.257)[I]: [5],6,43,188,15,66,-279,3074(339.258)[I]: [6],0,7,4,2,-240,238,10997
(339.267)[I]: [5],9,49,192,13,65,-278,3081(339.268)[I]: [6],0,8,3,4,-224,274,10945
(339.277)[I]: [5],8,54,196,13,65,-276,3089(339.278)[I]: [6],0,7,3,4,-214,116,10772
(339.287)[I]: [5],12,57,200,11,64,-275,3099(339.288)[I]: [6],0,6,4,6,-163,-92,10581
(339.297)[I]: [5],15,60,208,7,64,-274,3113(339.298)[I]: [6],0,3,3,7,-140,-148,10446
(339.307)[I]: [5],19,63,204,4,64,-272,3134(339.308)[I]: [6],0,5,3,5,-184,-193,10369
(339.317)[I]: [5],27,78,228,5,63,-271,3162(339.318)[I]: [6],0,5,3,3,-244,-210,10329
(339.327)[I]: [5],31,85,232,4,61,-267,3192(339.328)[I]: [6],0,6,3,3,-287,-227,10303
(339.337)[I]: [5],41,94,240,1,60,-264,3221(339.338)[I]: [6],0,6,3,3,-298,-250,10257
(339.347)[I]: [5],52,107,240,0,59,-251,3251(339.348)[I]: [6],0,7,3,5,-283,-276,10186
(339.357)[I]: [5],63,114,240,0,54,-231,3281(339.358)[I]: [6],0,8,12,7,-259,-299,10104
(339.367)[I]: [5],72,115,232,0,49,-213,3353(339.368)[I]: [6],0,7,13,9,-255,-309,10041
(339.377)[I]: [5],76,113,216,0,44,-216,3463(339.378)[I]: [6],0,9,17,14,-246,-322,9994
(339.387)[I]: [5],79,104,188,0,37,-216,3591(339.388)[I]: [6],0,12,17,15,-242,-334,9969
(339.397)[I]: [5],78,92,160,0,33,-204,3732(339.398)[I]: [6],0,13,21,15,-240,-341,9955
(339.407)[I]: [5],76,71,136,0,32,-175,3902(339.408)[I]: [6],0,15,23,20,-237,-343,9941
(339.417)[I]: [5],69,44,120,0,38,-134,4090(339.418)[I]: [6],0,15,25,24,-234,-346,9927
(339.427)[I]: [5],58,22,100,0,53,-62,4290(339.428)[I]: [6],0,18,27,29,-230,-351,9914
(339.437)[I]: [5],44,15,76,0,66,39,4502(339.437)[I]: [6],0,18,27,31,-226,-355,9903
(339.447)[I]: [5],31,8,60,0,78,150,4712(339.447)[I]: [6],0,19,28,36,-224,-360,9893
(339.457)[I]: [5],27,5,48,0,85,248,4920(339.457)[I]: [6],0,23,35,39,-221,-364,9883
(339.467)[I]: [5],15,3,40,0,95,306,5120(339.467)[I]: [6],0,30,35,40,-218,-368,9874
(339.477)[I]: [5],11,4,40,0,118,322,5325(339.478)[I]: [6],0,31,34,41,-216,-370,9871
(339.487)[I]: [5],7,3,20,0,137,308,5523(339.487)[I]: [6],0,31,31,43,-214,-371,9871
(339.497)[I]: [5],3,4,16,0,136,286,5708(339.497)[I]: [6],1,37,35,44,-212,-372,9871
(339.507)[I]: [5],0,3,8,0,97,241,5888(339.507)[I]: [6],1,35,31,44,-210,-373,9871
(339.517)[I]: [5],0,3,8,0,12,147,6014(339.517)[I]: [6],0,34,31,45,-207,-374,9871
(339.527)[I]: [5],0,2,8,0,-100,10,6114(339.527)[I]: [6],0,35,31,45,-205,-375,9871
(339.537)[I]: [5],0,2,12,0,-236,-139,6134(339.537)[I]: [6],0,35,31,45,-203,-375,9871
(339.547)[I]: [5],0,3,8,0,-390,-295,6115(339.547)[I]: [6],0,35,30,44,-201,-376,9871
(339.557)[I]: [5],0,3,8,0,-563,-436,6065(339.557)[I]: [6],0,35,30,43,-199,-376,9871
(339.567)[I]: [5],0,3,8,0,-748,-560,6004(339.567)[I]: [6],0,35,29,40,-197,-376,9871
(339.577)[I]: [5],0,3,8,0,-939,-668,5943(339.577)[I]: [6],0,34,30,38,-195,-377,9871
(339.587)[I]: [5],0,3,8,0,-1130,-755,5891(339.587)[I]: [6],0,31,28,37,-193,-377,9871
(339.597)[I]: [5],0,3,4,0,-1312,-834,5850(339.597)[I]: [6],0,35,24,35,-191,-377,9870
(339.607)[I]: [5],0,3,8,0,-1478,-913,5812(339.607)[I]: [6],0,34,22,34,-189,-377,9870
(339.617)[I]: [5],0,3,8,0,-1617,-1003,5766(339.617)[I]: [6],0,31,21,31,-188,-377,9870
(339.627)[I]: [5],0,3,8,0,-1720,-1109,5704(339.627)[I]: [6],0,31,21,30,-186,-377,9870
(339.637)[I]: [5],0,3,8,0,-1781,-1224,5625(339.637)[I]: [6],0,28,20,28,-184,-378,9870
(339.647)[I]: [5],0,3,8,0,-1802,-1332,5540(339.647)[I]: [6],0,30,22,28,-182,-378,9870
(339.657)[I]: [5],0,3,8,0,-1787,-1417,5457(339.657)[I]: [6],0,27,23,27,-180,-378,9870
(339.667)[I]: [5],0,3,12,0,-1746,-1483,5379(339.668)[I]: [6],0,27,22,27,-178,-378,9870
(339.677)[I]: [5],0,2,8,0,-1687,-1529,5306(339.677)[I]: [6],0,28,23,26,-177,-378,9870
(339.687)[I]: [5],0,2,8,0,-1615,-1538,5244(339.687)[I]: [6],0,28,23,26,-175,-378,9870
(339.697)[I]: [5],0,1,8,0,-1534,-1518,5188(339.698)[I]: [6],0,28,23,26,-173,-378,9870
(339.707)[I]: [5],0,2,8,0,-1450,-1473,5130(339.707)[I]: [6],0,29,25,26,-171,-378,9870
(339.717)[I]: [5],0,2,8,0,-1365,-1412,5064(339.718)[I]: [6],0,29,26,27,-170,-377,9870
(339.727)[I]: [5],0,2,8,0,-1280,-1341,4987(339.727)[I]: [6],0,30,26,28,-168,-378,9870
(339.737)[I]: [5],0,2,8,0,-1203,-1261,4895(339.738)[I]: [6],0,31,27,28,-166,-379,9870
(339.747)[I]: [5],0,2,8,0,-1138,-1174,4791(339.747)[I]: [6],0,31,30,28,-165,-379,9870
(339.757)[I]: [5],0,2,8,0,-1087,-1089,4673(339.758)[I]: [6],0,30,30,28,-163,-379,9870
(339.767)[I]: [5],0,2,8,0,-1056,-1007,4543(339.768)[I]: [6],0,31,35,29,-161,-379,9870
(339.777)[I]: [5],0,2,8,0,-1048,-933,4401(339.777)[I]: [6],0,31,37,29,-160,-380,9870
(339.787)[I]: [5],0,2,4,0,-1059,-870,4247(339.787)[I]: [6],0,30,39,29,-158,-380,9870
(339.797)[I]: [5],0,2,4,0,-1088,-823,4086(339.797)[I]: [6],0,30,40,30,-157,-380,9870
(339.807)[I]: [5],0,2,4,0,-1129,-792,3918(339.807)[I]: [6],0,31,43,31,-155,-380,9870
(339.817)[I]: [5],0,2,4,0,-1177,-779,3744(339.817)[I]: [6],0,31,44,31,-153,-380,9870
(339.827)[I]: [5],0,2,4,0,-1231,-769,3567(339.827)[I]: [6],0,31,46,31,-152,-380,9869
(339.837)[I]: [5],0,3,4,0,-1283,-764,3396(339.837)[I]: [6],0,31,50,31,-150,-380,9869
(339.847)[I]: [5],0,3,4,0,-1326,-762,3239(339.847)[I]: [6],0,34,53,31,-149,-380,9869
(339.857)[I]: [5],0,3,4,0,-1352,-759,3100(339.857)[I]: [6],0,35,55,31,-147,-381,9869
(339.867)[I]: [5],0,3,4,0,-1353,-762,2981(339.867)[I]: [6],0,36,56,31,-146,-381,9869
(339.877)[I]: [5],0,3,4,0,-1326,-769,2884(339.877)[I]: [6],0,37,56,31,-144,-381,9869
(339.887)[I]: [5],0,3,4,0,-1273,-767,2804(339.887)[I]: [6],0,38,57,31,-143,-382,9869
(339.897)[I]: [5],0,2,4,0,-1200,-746,2734(339.897)[I]: [6],0,38,59,31,-142,-382,9869
(339.907)[I]: [5],0,2,4,0,-1116,-693,2666(339.907)[I]: [6],0,39,60,29,-140,-382,9869
(339.917)[I]: [5],0,2,4,0,-1029,-605,2591(339.917)[I]: [6],0,40,61,28,-139,-382,9869
(339.927)[I]: [5],0,2,4,0,-946,-490,2510(339.927)[I]: [6],0,40,62,27,-137,-382,9869
(339.937)[I]: [5],0,1,4,0,-868,-367,2427(339.937)[I]: [6],0,40,62,26,-136,-382,9869
(339.947)[I]: [5],0,1,4,0,-796,-254,2343(339.947)[I]: [6],0,41,63,25,-135,-382,9869
(339.957)[I]: [5],0,1,4,0,-732,-166,2264(339.957)[I]: [6],0,40,66,23,-133,-382,9869
(339.967)[I]: [5],0,1,4,0,-676,-105,2189(339.967)[I]: [6],0,41,66,23,-132,-382,9869
(339.977)[I]: [5],0,1,4,0,-628,-69,2121(339.977)[I]: [6],0,42,68,22,-131,-383,9869
(339.987)[I]: [5],0,1,4,0,-589,-52,2061(339.987)[I]: [6],0,42,69,22,-129,-383,9869
(339.997)[I]: [5],0,1,4,0,-557,-43,2010(339.997)[I]: [6],0,42,69,20,-128,-384,9869
(339.999)[I]: [5],0,1,4,0,-533,-27,1970(339.999)[I]: [6],0,42,70,19,-127,-384,9869
(339.999)[I]: [5],0,1,4,2,-495,-85,2181(339.999)[I]: [6],0,42,70,19,-125,-384,9869
(340.003)[I]: [5],0,1,4,5,-479,-123,2322(340.003)[I]: [6],0,42,70,19,-124,-384,9869
(340.013)[I]: [5],0,1,4,12,-463,-197,2488(340.013)[I]: [6],0,43,70,17,-123,-384,9869
(340.023)[I]: [5],0,0,4,13,-429,-227,2615(340.023)[I]: [6],0,43,70,15,-122,-384,9869
(340.033)[I]: [5],0,1,4,15,-391,-223,2700(340.033)[I]: [6],0,43,68,14,-121,-384,9869
(340.043)[I]: [5],0,2,8,14,-386,-209,2740(340.043)[I]: [6],0,42,66,14,-119,-384,9869
(340.053)[I]: [5],0,2,12,13,-397,-203,2754(340.053)[I]: [6],0,41,63,11,-118,-384,9868
(340.063)[I]: [5],0,3,12,15,-403,-193,2765(340.063)[I]: [6],0,39,63,10,-117,-384,9868
(340.073)[I]: [5],0,3,16,15,-404,-189,2779(340.073)[I]: [6],0,37,60,9,-116,-384,9868
(340.083)[I]: [5],0,5,12,14,-401,-191,2791(340.083)[I]: [6],0,36,59,9,-115,-384,9868
(340.093)[I]: [5],0,6,20,13,-400,-195,2802(340.093)[I]: [6],0,35,58,9,-113,-384,9868
(340.103)[I]: [5],0,6,28,13,-399,-192,2812(340.104)[I]: [6],0,31,54,8,-112,-384,9868
(340.113)[I]: [5],0,7,28,13,-398,-186,2821(340.114)[I]: [6],0,31,51,7,-111,-384,9868
(340.123)[I]: [5],0,7,32,13,-396,-183,2829(340.124)[I]: [6],0,31,52,6,-110,-384,9868
(340.133)[I]: [5],0,10,44,13,-396,-180,2836(340.134)[I]: [6],0,31,50,6,-109,-384,9868
(340.143)[I]: [5],0,9,40,13,-396,-180,2844(340.144)[I]: [6],0,29,49,6,-108,-384,9868
(340.153)[I]: [5],0,12,52,13,-395,-180,2853(340.154)[I]: [6],0,30,49,6,-107,-384,9868
(340.163)[I]: [5],0,13,56,13,-394,-179,2860(340.164)[I]: [6],0,29,49,6,-106,-384,9868
(340.173)[I]: [5],0,14,60,13,-394,-176,2865(340.174)[I]: [6],0,28,47,6,-105,-385,9868
(340.183)[I]: [5],0,17,60,12,-392,-173,2871(340.184)[I]: [6],0,27,46,6,-104,-385,9868
(340.193)[I]: [5],0,14,68,12,-391,-171,2877(340.194)[I]: [6],0,27,45,6,-103,-385,9868
(340.203)[I]: [5],0,17,76,13,-390,-169,2883(340.204)[I]: [6],0,28,45,6,-102,-384,9868
(340.213)[I]: [5],0,19,84,12,-388,-166,2889(340.214)[I]: [6],0,27,44,6,-101,-384,9868
(340.223)[I]: [5],0,22,88,12,-387,-163,2895(340.224)[I]: [6],0,26,43,6,-100,-384,9868
(340.233)[I]: [5],0,20,96,12,-385,-162,2898(340.234)[I]: [6],0,27,39,6,-99,-385,9868
(340.243)[I]: [5],1,21,104,10,-383,-162,2900(340.244)[I]: [6],0,27,39,6,-98,-384,9868
(340.253)[I]: [5],1,20,108,10,-379,-163,2900(340.254)[I]: [6],0,27,40,5,-97,-384,9868
(340.263)[I]: [5],2,23,112,10,-375,-163,2900(340.264)[I]: [6],0,26,40,5,-96,-385,9868
(340.273)[I]: [5],2,28,112,10,-371,-164,2900(340.274)[I]: [6],0,26,39,5,-95,-385,9868
(340.283)[I]: [5],3,27,112,10,-368,-165,2900(340.284)[I]: [6],0,25,38,5,-94,-385,9868
(340.293)[I]: [5],3,28,116,10,-364,-166,2900(340.294)[I]: [6],0,26,38,5,-93,-386,9868
(340.303)[I]: [5],2,30,120,10,-360,-168,2900(340.304)[I]: [6],0,25,37,5,-92,-386,9868
(340.313)[I]: [5],3,31,124,10,-357,-169,2900(340.314)[I]: [6],0,25,38,5,-91,-385,9868
(340.323)[I]: [5],3,31,124,10,-353,-170,2900(340.324)[I]: [6],0,24,38,6,-90,-385,9868
(340.333)[I]: [5],5,31,124,10,-350,-172,2900(340.334)[I]: [6],0,25,35,5,-89,-385,9868
(340.343)[I]: [5],6,34,124,9,-346,-172,2900(340.344)[I]: [6],0,24,35,6,-88,-384,9868
(340.353)[I]: [5],6,33,136,8,-343,-174,2900(340.354)[I]: [6],0,24,35,5,-87,-385,9868
(340.363)[I]: [5],5,34,136,6,-341,-174,2903(340.364)[I]: [6],0,24,31,5,-86,-386,9868
(340.373)[I]: [5],4,35,132,6,-337,-176,2903(340.374)[I]: [6],0,25,34,5,-86,-387,9867
(340.383)[I]: [5],5,36,132,6,-334,-177,2903(340.384)[I]: [6],0,25,31,5,-85,-388,9867
(340.393)[I]: [5],6,36,136,6,-331,-177,2903(340.394)[I]: [6],0,24,31,4,-84,-388,9867
(340.403)[I]: [5],7,36,136,6,-327,-178,2903(340.404)[I]: [6],0,24,33,4,-83,-388,9867
(340.413)[I]: [5],6,39,136,6,-324,-179,2903(340.414)[I]: [6],0,24,34,5,-82,-387,9867
(340.423)[I]: [5],7,40,140,6,-321,-180,2903(340.424)[I]: [6],0,24,34,5,-81,-387,9867
(340.433)[I]: [5],6,40,140,5,-318,-181,2903(340.434)[I]: [6],0,24,35,5,-81,-388,9867
(340.443)[I]: [5],7,41,132,6,-314,-182,2903(340.444)[I]: [6],0,24,35,5,-80,-388,9867
(340.453)[I]: [5],6,40,132,6,-311,-183,2903(340.454)[I]: [6],0,24,35,5,-79,-388,9867
(340.463)[I]: [5],6,40,136,6,-308,-185,2903(340.464)[I]: [6],0,25,35,5,-78,-388,9867
(340.473)[I]: [5],6,39,140,6,-305,-186,2903(340.474)[I]: [6],0,25,35,5,-77,-388,9867
(340.483)[I]: [5],5,40,140,5,-302,-187,2903(340.484)[I]: [6],0,25,35,5,-77,-388,9867
(340.493)[I]: [5],5,40,140,6,-299,-188,2903(340.494)[I]: [6],0,25,37,5,-76,-388,9867
(340.503)[I]: [5],6,38,144,6,-296,-189,2903(340.504)[I]: [6],0,25,38,5,-75,-388,9867
(340.513)[I]: [5],5,37,144,6,-293,-190,2903(340.514)[I]: [6],0,25,38,5,-74,-389,9867
(340.523)[I]: [5],5,37,140,5,-290,-190,2903(340.524)[I]: [6],0,25,38,5,-74,-389,9867
(340.533)[I]: [5],5,36,148,6,-287,-191,2903(340.534)[I]: [6],0,25,37,5,-73,-389,9867
(340.543)[I]: [5],5,36,148,6,-284,-192,2903(340.544)[I]: [6],0,25,38,5,-72,-389,9867
(340.553)[I]: [5],5,37,148,6,-282,-193,2903(340.554)[I]: [6],0,25,38,5,-71,-389,9867
(340.563)[I]: [5],6,35,148,6,-279,-194,2903(340.564)[I]: [6],0,26,39,5,-71,-389,9867
(340.573)[I]: [5],5,34,148,6,-276,-195,2903(340.574)[I]: [6],0,26,38,5,-70,-389,9867
(340.583)[I]: [5],4,35,144,6,-273,-195,2903(340.584)[I]: [6],0,26,39,5,-69,-389,9867
(340.593)[I]: [5],3,34,148,6,-271,-196,2903(340.594)[I]: [6],0,26,38,5,-69,-389,9867
(340.603)[I]: [5],3,35,144,6,-268,-197,2903(340.604)[I]: [6],0,26,39,5,-68,-390,9867