(387.284)[I]: [5],0,17,84,19,0,-292,4226(387.284)[I]: [6],0,17,31,7,0,-298,9830
(387.294)[I]: [5],0,17,84,19,0,-292,4226(387.294)[I]: [6],0,17,31,7,0,-298,9830
(387.304)[I]: [5],0,17,84,19,0,-292,4226(387.304)[I]: [6],0,17,31,7,0,-298,9830
(387.314)[I]: [5],0,17,84,20,0,-292,4226(387.314)[I]: [6],0,17,31,7,0,-298,9830
(387.324)[I]: [5],0,17,84,19,0,-291,4226(387.324)[I]: [6],0,17,31,7,0,-298,9830
(387.334)[I]: [5],0,17,84,19,0,-291,4226(387.334)[I]: [6],0,17,31,8,0,-298,9830
(387.344)[I]: [5],0,17,84,20,0,-291,4226(387.344)[I]: [6],0,17,31,8,0,-298,9830
(387.354)[I]: [5],0,17,84,19,0,-291,4226(387.354)[I]: [6],0,17,31,8,0,-298,9830
(387.364)[I]: [5],0,17,84,19,0,-291,4226(387.364)[I]: [6],0,17,31,8,0,-298,9830
(387.374)[I]: [5],0,17,84,19,0,-291,4226(387.374)[I]: [6],0,17,31,8,0,-298,9830
(387.384)[I]: [5],0,17,84,19,0,-291,4226(387.384)[I]: [6],0,17,31,8,0,-298,9830
(387.394)[I]: [5],0,17,84,19,0,-291,4226(387.394)[I]: [6],0,17,31,8,0,-298,9830
(387.404)[I]: [5],0,17,84,20,0,-291,4226(387.404)[I]: [6],0,17,31,8,0,-298,9830
(387.414)[I]: [5],0,17,84,20,0,-292,4226(387.414)[I]: [6],0,17,31,8,0,-298,9830
(387.424)[I]: [5],0,17,80,19,0,-292,4226(387.424)[I]: [6],0,17,31,8,0,-298,9830
(387.434)[I]: [5],0,17,84,20,0,-292,4226(387.434)[I]: [6],0,16,31,8,0,-298,9830
(387.444)[I]: [5],0,17,80,20,0,-292,4226(387.444)[I]: [6],0,17,31,8,0,-298,9830
(387.454)[I]: [5],0,17,80,19,0,-292,4226(387.454)[I]: [6],0,16,31,8,0,-298,9830
(387.464)[I]: [5],0,17,80,20,0,-292,4226(387.464)[I]: [6],0,16,31,8,0,-298,9830
(387.474)[I]: [5],0,17,80,19,0,-292,4226(387.474)[I]: [6],0,17,31,8,0,-298,9830
(387.484)[I]: [5],0,17,80,19,0,-292,4226(387.484)[I]: [6],0,16,31,8,0,-298,9830
(387.494)[I]: [5],0,17,80,19,0,-291,4226(387.494)[I]: [6],0,16,31,8,0,-298,9830
(387.504)[I]: [5],0,17,80,20,0,-292,4226(387.504)[I]: [6],0,17,31,8,0,-298,9830
(387.514)[I]: [5],0,17,80,19,0,-292,4226(387.514)[I]: [6],0,17,31,8,0,-298,9830
(387.524)[I]: [5],0,17,80,19,0,-291,4226(387.524)[I]: [6],0,16,31,8,0,-298,9830
(387.534)[I]: [5],0,17,80,20,0,-292,4226(387.534)[I]: [6],0,16,31,8,0,-298,9830
(387.544)[I]: [5],0,17,80,20,0,-292,4226(387.544)[I]: [6],0,16,31,8,0,-298,9830
(387.554)[I]: [5],0,17,80,20,0,-292,4226(387.554)[I]: [6],0,16,31,8,0,-298,9830
(387.564)[I]: [5],0,17,80,19,0,-292,4226(387.564)[I]: [6],0,16,31,8,0,-298,9830
(387.574)[I]: [5],0,17,80,19,0,-292,4226(387.574)[I]: [6],0,16,31,8,0,-298,9830
(387.584)[I]: [5],0,17,80,20,0,-292,4226(387.584)[I]: [6],0,16,31,8,0,-298,9830
(387.594)[I]: [5],0,16,80,20,0,-292,4226(387.594)[I]: [6],0,16,31,8,0,-298,9830
(387.604)[I]: [5],0,17,80,20,0,-292,4226(387.604)[I]: [6],0,17,31,8,0,-298,9830
(387.614)[I]: [5],0,16,80,20,0,-292,4226(387.614)[I]: [6],0,16,31,8,0,-298,9830
(387.624)[I]: [5],0,16,80,19,0,-292,4226(387.624)[I]: [6],0,16,31,8,0,-299,9830
(387.634)[I]: [5],0,16,80,20,0,-292,4226(387.634)[I]: [6],0,16,31,8,0,-299,9830
(387.644)[I]: [5],0,15,76,20,0,-292,4226(387.644)[I]: [6],0,16,31,8,0,-299,9830
(387.654)[I]: [5],0,15,76,20,0,-292,4226(387.654)[I]: [6],0,16,31,8,0,-298,9830
(387.664)[I]: [5],0,15,76,20,0,-292,4226(387.664)[I]: [6],0,16,31,8,0,-298,9830
(387.674)[I]: [5],0,15,76,20,0,-292,4226(387.674)[I]: [6],0,16,31,8,0,-298,9830
(387.684)[I]: [5],0,15,76,20,0,-292,4226(387.684)[I]: [6],0,16,31,8,0,-298,9830
(387.694)[I]: [5],0,15,76,20,0,-292,4226(387.694)[I]: [6],0,16,31,8,0,-299,9830
(387.704)[I]: [5],0,15,76,20,0,-292,4226(387.704)[I]: [6],0,16,31,8,0,-299,9830
(387.714)[I]: [5],0,15,76,20,0,-292,4226(387.714)[I]: [6],0,16,31,8,0,-298,9830
(387.724)[I]: [5],0,15,76,20,0,-292,4226(387.724)[I]: [6],0,16,31,8,0,-299,9830
(387.734)[I]: [5],0,15,76,20,0,-292,4226(387.734)[I]: [6],0,16,31,8,0,-299,9830
(387.744)[I]: [5],0,15,76,20,0,-292,4226(387.744)[I]: [6],0,16,31,8,0,-299,9830
(387.754)[I]: [5],0,15,76,20,0,-292,4226(387.754)[I]: [6],0,16,31,8,0,-299,9830
(387.764)[I]: [5],0,15,76,20,0,-292,4226(387.764)[I]: [6],0,16,31,8,0,-299,9830
(387.774)[I]: [5],0,15,76,20,0,-293,4226(387.774)[I]: [6],0,16,31,8,0,-299,9830
(387.784)[I]: [5],0,15,76,20,0,-293,4226(387.784)[I]: [6],0,16,31,8,0,-299,9830
(387.794)[I]: [5],0,15,76,20,0,-293,4226(387.794)[I]: [6],0,16,31,8,0,-299,9830
(387.804)[I]: [5],0,15,76,20,0,-293,4226(387.804)[I]: [6],0,16,31,8,0,-299,9830
(387.814)[I]: [5],0,15,76,20,0,-293,4226(387.814)[I]: [6],0,16,31,8,0,-299,9830
(387.824)[I]: [5],0,15,76,20,0,-293,4226(387.824)[I]: [6],0,16,31,8,0,-299,9830
(387.834)[I]: [5],0,15,76,20,0,-293,4226(387.834)[I]: [6],0,16,31,8,0,-299,9830
(387.844)[I]: [5],0,15,76,20,0,-293,4226(387.844)[I]: [6],0,16,31,8,0,-299,9830
(387.854)[I]: [5],0,15,76,20,0,-293,4226(387.854)[I]: [6],0,16,31,8,0,-299,9830
(387.864)[I]: [5],0,15,76,20,0,-293,4226(387.864)[I]: [6],0,17,31,8,0,-298,9830
(387.874)[I]: [5],0,15,76,20,0,-293,4226(387.874)[I]: [6],0,16,31,8,0,-298,9830
(387.884)[I]: [5],0,15,76,20,0,-293,4226(387.884)[I]: [6],0,15,31,8,0,-298,9830
(387.894)[I]: [5],0,15,76,20,0,-293,4226(387.894)[I]: [6],0,15,31,8,0,-298,9830
(387.904)[I]: [5],0,15,76,20,0,-292,4226(387.904)[I]: [6],0,16,31,8,0,-297,9830
(387.914)[I]: [5],0,15,76,20,0,-293,4226(387.914)[I]: [6],0,16,31,8,0,-297,9830
(387.924)[I]: [5],0,15,76,20,0,-293,4226(387.924)[I]: [6],0,16,31,8,0,-297,9830
(387.934)[I]: [5],0,15,76,20,0,-293,4226(387.934)[I]: [6],0,16,31,8,0,-297,9830
(387.944)[I]: [5],0,15,76,20,0,-293,4226(387.944)[I]: [6],0,16,31,8,0,-297,9830
(387.954)[I]: [5],0,15,76,20,0,-293,4226(387.954)[I]: [6],0,16,31,8,0,-297,9830
(387.964)[I]: [5],0,15,76,20,0,-293,4226(387.964)[I]: [6],0,16,31,8,0,-297,9830
(387.974)[I]: [5],0,15,76,20,0,-293,4226(387.974)[I]: [6],0,16,31,8,0,-297,9830
(387.984)[I]: [5],0,14,76,20,0,-293,4226(387.984)[I]: [6],0,16,31,8,0,-298,9830
(387.994)[I]: [5],0,14,76,20,0,-293,4226(387.994)[I]: [6],0,16,31,8,0,-297,9830
(387.999)[I]: [5],0,14,76,20,0,-293,4226(387.999)[I]: [6],0,16,31,8,0,-297,9830
(387.999)[I]: [5],0,14,76,20,0,-293,4226(387.999)[I]: [6],0,16,31,8,0,-297,9830
(388.000)[I]: [5],0,14,80,20,0,-294,4226(388.000)[I]: [6],0,15,31,8,0,-297,9830
(388.010)[I]: [5],0,14,76,21,0,-294,4226(388.010)[I]: [6],0,15,31,8,0,-298,9830
(388.020)[I]: [5],0,13,76,22,0,-294,4226(388.020)[I]: [6],0,15,30,8,0,-298,9830
(388.030)[I]: [5],0,13,80,22,0,-294,4226(388.030)[I]: [6],0,15,29,8,0,-298,9830
(388.040)[I]: [5],0,13,84,24,0,-294,4226(388.040)[I]: [6],0,15,28,8,0,-297,9830
(388.050)[I]: [5],0,13,84,26,0,-294,4226(388.050)[I]: [6],0,15,28,8,0,-297,9830
(388.060)[I]: [5],0,13,84,27,0,-294,4226(388.060)[I]: [6],0,15,28,8,0,-297,9830
(388.070)[I]: [5],0,13,88,28,0,-294,4226(388.070)[I]: [6],0,14,26,8,0,-297,9830
(388.080)[I]: [5],0,13,92,31,0,-294,4226(388.080)[I]: [6],0,14,24,8,0,-297,9830
(388.090)[I]: [5],0,12,92,34,0,-293,4226(388.090)[I]: [6],0,15,23,8,0,-297,9830
(388.100)[I]: [5],0,12,92,35,0,-293,4226(388.100)[I]: [6],0,14,22,8,0,-297,9830
(388.110)[I]: [5],0,12,96,36,0,-293,4226(388.110)[I]: [6],0,14,19,8,0,-297,9830
(388.120)[I]: [5],0,12,96,36,0,-292,4226(388.120)[I]: [6],0,13,19,8,0,-297,9830
(388.130)[I]: [5],0,12,96,39,0,-292,4226(388.130)[I]: [6],0,13,19,8,0,-298,9830
(388.140)[I]: [5],0,12,100,40,0,-291,4226(388.140)[I]: [6],0,12,18,8,0,-298,9830
(388.150)[I]: [5],0,12,100,40,0,-291,4226(388.150)[I]: [6],0,11,17,7,0,-297,9830
(388.160)[I]: [5],0,12,104,40,0,-291,4226(388.160)[I]: [6],0,12,14,8,0,-297,9830
(388.170)[I]: [5],0,11,104,40,0,-290,4226(388.170)[I]: [6],0,13,12,7,0,-297,9830
(388.180)[I]: [5],0,12,108,40,0,-290,4226(388.180)[I]: [6],0,12,12,7,0,-297,9830
(388.190)[I]: [5],0,12,108,40,0,-289,4226(388.190)[I]: [6],0,12,13,7,0,-296,9830
(388.200)[I]: [5],0,11,108,40,0,-289,4226(388.200)[I]: [6],0,12,12,7,0,-296,9830
(388.210)[I]: [5],0,11,108,40,0,-289,4226(388.210)[I]: [6],0,12,11,7,0,-297,9830
(388.220)[I]: [5],0,11,112,38,0,-288,4226(388.220)[I]: [6],0,12,12,7,0,-297,9830
(388.230)[I]: [5],0,12,112,37,0,-287,4226(388.230)[I]: [6],0,11,12,7,0,-297,9830
(388.240)[I]: [5],0,12,112,38,0,-287,4226(388.240)[I]: [6],0,12,12,7,0,-296,9830
(388.250)[I]: [5],0,12,112,37,0,-287,4226(388.250)[I]: [6],0,12,12,7,0,-296,9830
(388.260)[I]: [5],0,12,116,37,0,-287,4226(388.260)[I]: [6],0,12,12,7,0,-297,9830
(388.270)[I]: [5],0,12,116,35,0,-286,4226(388.270)[I]: [6],0,11,12,7,0,-297,9830
(388.280)[I]: [5],0,13,116,33,0,-286,4226(388.280)[I]: [6],0,11,12,7,0,-297,9830
(388.290)[I]: [5],0,15,120,33,0,-286,4226(388.291)[I]: [6],0,11,12,7,0,-296,9830
(388.300)[I]: [5],0,15,120,28,0,-285,4226(388.301)[I]: [6],0,11,13,7,0,-296,9830
(388.310)[I]: [5],0,18,124,27,0,-285,4226(388.310)[I]: [6],0,12,12,7,0,-296,9830
(388.320)[I]: [5],0,18,124,26,0,-285,4226(388.320)[I]: [6],0,13,12,7,0,-296,9830
(388.330)[I]: [5],0,23,124,21,0,-284,4226(388.331)[I]: [6],0,13,13,7,0,-296,9830
(388.340)[I]: [5],0,23,124,20,0,-284,4226(388.341)[I]: [6],0,13,13,8,0,-296,9830
(388.350)[I]: [5],0,23,124,18,0,-284,4229(388.350)[I]: [6],0,14,14,8,0,-297,9830
(388.360)[I]: [5],0,24,132,17,0,-284,4236(388.361)[I]: [6],0,14,15,8,0,-297,9830
(388.370)[I]: [5],0,27,136,15,0,-286,4244(388.370)[I]: [6],0,15,15,9,0,-297,9830
(388.380)[I]: [5],0,28,140,10,-1,-286,4256(388.381)[I]: [6],0,14,15,10,0,-296,9830
(388.390)[I]: [5],0,31,140,8,-1,-287,4271(388.390)[I]: [6],0,14,15,11,0,-297,9830
(388.400)[I]: [5],0,36,144,5,-1,-284,4290(388.401)[I]: [6],0,15,20,13,0,-297,9830
(388.410)[I]: [5],3,39,140,2,-2,-277,4322(388.411)[I]: [6],0,15,21,15,0,-297,9830
(388.420)[I]: [5],3,43,140,1,-3,-265,4357(388.421)[I]: [6],0,18,23,17,0,-297,9830
(388.430)[I]: [5],5,46,136,0,-4,-243,4392(388.430)[I]: [6],0,18,26,20,0,-297,9830
(388.440)[I]: [5],7,45,124,0,-9,-228,4462(388.440)[I]: [6],0,19,24,24,0,-296,9830
(388.450)[I]: [5],7,43,108,0,-15,-231,4579(388.451)[I]: [6],0,18,29,29,0,-296,9830
(388.460)[I]: [5],7,31,60,0,-20,-232,4739(388.461)[I]: [6],0,20,27,31,0,-296,9830
(388.470)[I]: [5],7,19,32,0,-21,-217,4938(388.470)[I]: [6],0,20,27,35,0,-298,9830
(388.480)[I]: [5],7,10,16,0,-23,-165,5161(388.480)[I]: [6],0,19,31,39,0,-297,9830
(388.490)[I]: [5],2,7,12,0,-35,-109,5381(388.490)[I]: [6],0,19,35,43,0,-296,9830
(388.500)[I]: [5],3,6,4,0,-50,-73,5604(388.500)[I]: [6],0,22,39,47,0,-296,9830
(388.510)[I]: [5],3,5,8,1,-70,-61,5832(388.510)[I]: [6],0,23,41,50,0,-295,9830
(388.520)[I]: [5],0,3,12,1,-98,-78,6031(388.520)[I]: [6],0,23,39,55,0,-295,9830
(388.530)[I]: [5],0,3,8,1,-154,-103,6195(388.530)[I]: [6],0,23,43,57,0,-295,9830
(388.540)[I]: [5],0,3,4,2,-227,-169,6305(388.540)[I]: [6],0,25,44,61,0,-294,9830
(388.550)[I]: [5],0,3,8,1,-307,-250,6331(388.550)[I]: [6],0,25,45,61,0,-293,9830
(388.560)[I]: [5],0,3,8,0,-396,-326,6325(388.560)[I]: [6],0,26,43,58,0,-293,9830
(388.570)[I]: [5],0,3,8,0,-490,-399,6321(388.570)[I]: [6],0,26,39,55,0,-293,9830
(388.580)[I]: [5],0,3,8,0,-585,-472,6327(388.580)[I]: [6],0,26,40,52,0,-293,9830
(388.590)[I]: [5],0,3,4,1,-673,-553,6331(388.590)[I]: [6],0,26,40,49,0,-292,9830
(388.600)[I]: [5],0,3,4,1,-742,-648,6318(388.600)[I]: [6],0,27,39,48,0,-292,9830
(388.610)[I]: [5],0,3,0,1,-788,-760,6281(388.610)[I]: [6],0,27,39,47,0,-292,9830
(388.620)[I]: [5],0,3,0,1,-805,-872,6227(388.620)[I]: [6],0,27,38,44,0,-292,9830
(388.630)[I]: [5],0,3,0,1,-795,-981,6165(388.630)[I]: [6],0,26,38,42,0,-291,9830
(388.640)[I]: [5],0,3,0,1,-763,-1076,6106(388.640)[I]: [6],0,26,39,41,0,-291,9830
(388.650)[I]: [5],0,3,4,1,-715,-1151,6052(388.650)[I]: [6],0,27,39,42,0,-291,9830
(388.660)[I]: [5],0,3,4,1,-656,-1198,6004(388.661)[I]: [6],0,26,38,42,0,-291,9830
(388.670)[I]: [5],0,3,4,1,-589,-1218,5959(388.671)[I]: [6],0,27,37,41,0,-292,9830
(388.680)[I]: [5],0,3,4,1,-521,-1210,5913(388.680)[I]: [6],0,27,37,40,0,-292,9830
(388.690)[I]: [5],0,3,4,2,-452,-1176,5863(388.690)[I]: [6],0,27,37,39,0,-292,9830
(388.700)[I]: [5],0,3,4,1,-389,-1122,5806(388.700)[I]: [6],0,27,37,39,0,-292,9830
(388.710)[I]: [5],0,2,4,1,-335,-1056,5741(388.710)[I]: [6],0,27,38,38,0,-292,9830
(388.720)[I]: [5],0,2,4,1,-292,-987,5671(388.720)[I]: [6],0,27,37,37,0,-292,9830
(388.730)[I]: [5],0,2,4,1,-260,-919,5596(388.730)[I]: [6],0,28,38,38,0,-291,9830
(388.740)[I]: [5],0,2,4,1,-238,-856,5516(388.740)[I]: [6],0,29,38,38,0,-292,9830
(388.750)[I]: [5],0,2,4,2,-222,-800,5426(388.750)[I]: [6],0,30,38,37,0,-291,9830
(388.760)[I]: [5],0,2,4,1,-214,-750,5326(388.760)[I]: [6],0,31,37,35,0,-291,9830
(388.770)[I]: [5],0,2,4,1,-212,-703,5218(388.770)[I]: [6],0,31,37,35,0,-291,9830
(388.780)[I]: [5],0,2,4,1,-215,-656,5105(388.780)[I]: [6],0,34,36,35,0,-291,9830
(388.790)[I]: [5],0,2,4,1,-221,-609,4990(388.790)[I]: [6],0,35,36,31,0,-291,9830
(388.800)[I]: [5],0,2,4,1,-230,-560,4874(388.800)[I]: [6],0,36,37,31,0,-292,9830
(388.810)[I]: [5],0,2,4,1,-240,-508,4758(388.810)[I]: [6],0,39,37,31,0,-292,9830
(388.820)[I]: [5],0,2,4,1,-247,-462,4641(388.820)[I]: [6],0,39,37,31,0,-292,9830
(388.830)[I]: [5],0,2,4,1,-250,-415,4523(388.830)[I]: [6],0,40,39,30,0,-292,9830
(388.840)[I]: [5],0,2,4,1,-248,-366,4405(388.840)[I]: [6],0,41,39,28,0,-292,9830
(388.850)[I]: [5],0,3,4,1,-245,-313,4291(388.850)[I]: [6],0,41,40,27,0,-292,9830
(388.860)[I]: [5],0,3,4,1,-242,-259,4182(388.860)[I]: [6],0,41,42,27,0,-292,9830
(388.870)[I]: [5],0,3,4,1,-240,-200,4084(388.870)[I]: [6],0,41,43,25,0,-293,9830
(388.880)[I]: [5],0,3,4,1,-239,-144,3994(388.880)[I]: [6],0,41,44,25,0,-293,9830
(388.890)[I]: [5],0,3,4,1,-237,-94,3912(388.890)[I]: [6],0,41,45,25,0,-293,9830
(388.900)[I]: [5],0,3,4,1,-234,-52,3835(388.900)[I]: [6],0,41,45,26,0,-293,9830
(388.910)[I]: [5],0,2,4,1,-228,-20,3764(388.910)[I]: [6],0,41,51,25,0,-294,9830
(388.920)[I]: [5],0,3,4,1,-212,1,3702(388.920)[I]: [6],0,42,52,25,0,-294,9830
(388.930)[I]: [5],0,3,4,1,-184,14,3646(388.930)[I]: [6],0,43,56,24,0,-294,9830
(388.940)[I]: [5],0,2,4,1,-146,27,3594(388.940)[I]: [6],0,43,60,23,0,-294,9830
(388.950)[I]: [5],0,3,4,1,-106,49,3544(388.950)[I]: [6],0,44,62,21,0,-294,9830
(388.960)[I]: [5],0,3,4,1,-69,84,3499(388.960)[I]: [6],0,46,67,19,0,-294,9830
(388.970)[I]: [5],0,3,4,1,-39,129,3462(388.970)[I]: [6],0,46,70,17,0,-293,9830
(388.980)[I]: [5],0,2,4,1,-15,177,3441(388.980)[I]: [6],0,48,71,17,0,-293,9830
(388.990)[I]: [5],0,2,0,1,6,216,3435(388.990)[I]: [6],0,50,74,15,0,-294,9830
(388.999)[I]: [5],0,2,0,0,29,241,3440(388.999)[I]: [6],0,51,74,14,0,-294,9830
(388.999)[I]: [5],0,2,0,0,56,251,3451(388.999)[I]: [6],0,52,76,14,0,-293,9830
(388.999)[I]: [5],0,2,0,0,86,249,3458(388.999)[I]: [6],0,54,82,12,0,-293,9830
(389.006)[I]: [5],0,2,0,0,119,239,3458(389.006)[I]: [6],0,55,89,10,0,-293,9830
(389.016)[I]: [5],0,1,4,4,164,253,3527(389.016)[I]: [6],0,55,92,9,0,-292,9830
(389.026)[I]: [5],0,1,0,8,252,138,3629(389.026)[I]: [6],0,57,96,8,0,-292,9830
(389.036)[I]: [5],0,1,0,9,288,113,3721(389.036)[I]: [6],0,59,97,7,0,-292,9830
(389.046)[I]: [5],0,1,0,5,317,88,3789(389.046)[I]: [6],0,60,97,7,0,-293,9830
(389.056)[I]: [5],0,1,4,5,333,57,3838(389.056)[I]: [6],0,61,102,6,0,-293,9830
(389.066)[I]: [5],0,1,4,6,336,40,3879(389.066)[I]: [6],0,62,106,6,0,-293,9830
(389.076)[I]: [5],0,2,4,6,332,33,3948(389.076)[I]: [6],0,63,110,6,0,-292,9830
(389.086)[I]: [5],0,2,4,5,322,31,4045(389.086)[I]: [6],0,63,112,5,0,-292,9830
(389.096)[I]: [5],0,3,4,5,308,13,4155(389.096)[I]: [6],0,63,116,5,0,-293,9824
(389.106)[I]: [5],0,4,12,6,297,-29,4244(389.106)[I]: [6],0,66,121,4,1,-295,9816
(389.116)[I]: [5],0,4,12,6,291,-59,4285(389.116)[I]: [6],0,70,126,4,3,-297,9806
(389.126)[I]: [5],0,6,12,5,282,-99,4312(389.126)[I]: [6],0,75,134,3,4,-299,9796
(389.136)[I]: [5],0,5,16,6,278,-120,4325(389.136)[I]: [6],0,79,139,3,6,-302,9785
(389.146)[I]: [5],0,5,16,6,275,-127,4318(389.146)[I]: [6],0,85,143,3,7,-306,9771
(389.156)[I]: [5],0,5,28,6,273,-127,4308(389.157)[I]: [6],0,90,154,3,8,-305,9754
(389.166)[I]: [5],0,5,28,6,271,-125,4304(389.166)[I]: [6],0,92,159,3,10,-305,9734
(389.176)[I]: [5],0,7,32,7,268,-124,4304(389.176)[I]: [6],0,95,164,3,12,-285,9706
(389.186)[I]: [5],0,8,36,9,265,-127,4304(389.186)[I]: [6],0,97,168,3,15,-247,9667
(389.196)[I]: [5],0,10,44,10,262,-140,4305(389.197)[I]: [6],0,97,166,3,15,-229,9611
(389.206)[I]: [5],0,11,44,11,258,-148,4306(389.207)[I]: [6],2,92,156,3,18,-205,9530
(389.216)[I]: [5],0,14,52,13,255,-151,4306(389.217)[I]: [6],1,83,143,3,22,-173,9427
(389.226)[I]: [5],1,15,56,15,253,-155,4306(389.227)[I]: [6],1,78,126,3,26,-138,9305
(389.236)[I]: [5],2,16,56,22,250,-150,4304(389.237)[I]: [6],1,70,104,3,27,-97,9167
(389.246)[I]: [5],2,22,76,24,247,-142,4301(389.247)[I]: [6],1,53,79,3,28,-30,9011
(389.256)[I]: [5],3,21,80,27,245,-131,4296(389.257)[I]: [6],1,35,58,3,30,45,8834
(389.266)[I]: [5],3,20,92,31,244,-121,4291(389.267)[I]: [6],0,30,36,3,37,102,8644
(389.276)[I]: [5],4,22,108,35,243,-114,4285(389.277)[I]: [6],1,19,24,3,45,159,8452
(389.286)[I]: [5],3,22,104,39,243,-107,4280(389.287)[I]: [6],0,12,14,3,47,212,8248
(389.296)[I]: [5],6,26,108,40,242,-101,4276(389.297)[I]: [6],0,9,12,3,64,287,8046
(389.306)[I]: [5],4,26,104,48,241,-98,4274(389.307)[I]: [6],0,9,11,3,107,377,7841
(389.316)[I]: [5],5,28,108,52,238,-98,4274(389.317)[I]: [6],0,7,7,3,177,468,7632
(389.326)[I]: [5],5,30,100,50,236,-97,4275(389.327)[I]: [6],0,9,7,3,283,558,7456
(389.336)[I]: [5],7,34,104,55,234,-98,4275(389.337)[I]: [6],0,11,5,3,420,610,7330
(389.346)[I]: [5],7,37,100,55,231,-99,4275(389.347)[I]: [6],0,9,5,3,567,604,7245
(389.356)[I]: [5],8,37,104,54,229,-100,4275(389.357)[I]: [6],0,10,5,3,724,541,7225
(389.366)[I]: [5],7,35,100,57,227,-101,4275(389.367)[I]: [6],0,11,7,3,896,434,7228
(389.376)[I]: [5],8,34,100,57,225,-102,4275(389.377)[I]: [6],0,10,6,3,1080,285,7230
(389.386)[I]: [5],7,31,100,57,222,-102,4275(389.387)[I]: [6],0,11,6,3,1267,109,7216
(389.396)[I]: [5],6,35,100,56,220,-102,4275(389.397)[I]: [6],0,10,5,3,1443,-89,7198
(389.406)[I]: [5],6,31,96,55,218,-101,4275(389.407)[I]: [6],0,9,4,3,1597,-304,7182
(389.416)[I]: [5],5,31,96,51,216,-102,4275(389.417)[I]: [6],0,8,5,3,1716,-526,7172
(389.426)[I]: [5],5,31,96,48,214,-103,4275(389.427)[I]: [6],0,8,5,3,1800,-744,7166
(389.436)[I]: [5],5,31,92,45,211,-103,4275(389.437)[I]: [6],0,8,3,3,1850,-946,7159
(389.446)[I]: [5],6,31,92,37,209,-104,4275(389.447)[I]: [6],0,7,3,3,1869,-1131,7158
(389.456)[I]: [5],6,28,92,32,207,-104,4275(389.457)[I]: [6],0,8,4,3,1860,-1290,7167
(389.466)[I]: [5],6,29,92,30,205,-103,4275(389.467)[I]: [6],0,7,3,3,1817,-1414,7191
(389.476)[I]: [5],5,29,88,27,203,-104,4275(389.477)[I]: [6],0,7,3,3,1753,-1499,7225
(389.486)[I]: [5],5,31,88,25,201,-105,4275(389.487)[I]: [6],0,7,3,3,1665,-1553,7270
(389.496)[I]: [5],5,30,84,24,199,-105,4275(389.497)[I]: [6],0,7,3,3,1562,-1580,7323
(389.506)[I]: [5],5,31,84,23,197,-105,4275(389.507)[I]: [6],0,7,3,3,1447,-1587,7380
(389.516)[I]: [5],6,31,84,23,195,-105,4275(389.517)[I]: [6],0,7,3,3,1328,-1577,7437
(389.526)[I]: [5],5,31,84,22,193,-106,4275(389.527)[I]: [6],0,7,3,3,1208,-1553,7498
(389.536)[I]: [5],5,31,88,21,191,-106,4276(389.537)[I]: [6],0,7,3,3,1093,-1519,7566
(389.546)[I]: [5],5,31,88,22,189,-107,4276(389.547)[I]: [6],0,7,3,3,987,-1477,7645
(389.556)[I]: [5],5,31,80,22,187,-107,4276(389.557)[I]: [6],0,7,3,3,894,-1428,7731
(389.566)[I]: [5],5,34,80,23,186,-108,4276(389.567)[I]: [6],0,7,3,3,810,-1377,7825
(389.576)[I]: [5],5,34,76,24,184,-108,4276(389.577)[I]: [6],0,7,3,3,743,-1321,7926
(389.586)[I]: [5],5,35,76,24,182,-109,4276(389.587)[I]: [6],0,7,4,3,689,-1261,8037
(389.596)[I]: [5],5,35,76,25,180,-110,4276(389.597)[I]: [6],0,7,3,3,649,-1201,8162
(389.606)[I]: [5],5,35,76,25,178,-112,4276(389.607)[I]: [6],0,7,3,3,621,-1142,8303
(389.616)[I]: [5],5,34,76,26,176,-113,4276(389.617)[I]: [6],0,7,4,3,606,-1080,8455
(389.626)[I]: [5],5,35,76,26,175,-115,4276(389.627)[I]: [6],0,7,4,3,602,-1019,8614
(389.636)[I]: [5],6,35,80,28,173,-115,4276(389.637)[I]: [6],0,7,3,3,605,-961,8776
(389.646)[I]: [5],6,35,84,31,171,-116,4276(389.647)[I]: [6],0,6,3,3,613,-906,8943
(389.656)[I]: [5],7,37,84,33,170,-118,4276(389.657)[I]: [6],0,6,3,3,617,-854,9117
(389.666)[I]: [5],7,37,84,35,168,-118,4276(389.667)[I]: [6],0,7,3,3,620,-800,9294
(389.676)[I]: [5],6,36,84,37,166,-119,4276(389.677)[I]: [6],0,7,3,3,619,-747,9468
(389.686)[I]: [5],7,35,84,39,164,-120,4276(389.687)[I]: [6],0,7,3,4,616,-693,9634
(389.696)[I]: [5],6,35,84,39,163,-120,4276(389.697)[I]: [6],0,7,3,3,615,-637,9792
(389.706)[I]: [5],7,35,88,40,161,-120,4276(389.707)[I]: [6],0,6,3,3,616,-579,9935
(389.716)[I]: [5],6,36,88,40,160,-120,4276(389.717)[I]: [6],0,6,3,3,617,-522,10067
(389.726)[I]: [5],6,37,96,39,158,-121,4276(389.727)[I]: [6],0,7,3,3,615,-463,10193
(389.736)[I]: [5],5,37,96,38,156,-122,4276(389.737)[I]: [6],0,7,3,3,610,-402,10316
(389.746)[I]: [5],6,37,100,39,155,-122,4276(389.747)[I]: [6],0,7,3,3,605,-341,10439
(389.756)[I]: [5],6,37,100,39,153,-123,4277(389.757)[I]: [6],0,7,3,3,601,-284,10560
(389.766)[I]: [5],6,38,100,40,152,-123,4277(389.767)[I]: [6],0,7,2,3,595,-236,10676
(389.776)[I]: [5],5,37,108,40,150,-124,4277(389.777)[I]: [6],0,6,3,3,584,-199,10781
(389.786)[I]: [5],5,36,108,40,150,-123,4274(389.787)[I]: [6],0,5,2,3,565,-172,10873
(389.796)[I]: [5],6,31,108,46,148,-124,4274(389.797)[I]: [6],0,7,3,3,535,-151,10942
(389.806)[I]: [5],4,33,108,47,147,-121,4272(389.807)[I]: [6],0,7,3,3,497,-136,10981
(389.816)[I]: [5],4,31,112,40,145,-121,4272(389.817)[I]: [6],0,6,2,3,454,-125,10984
(389.826)[I]: [5],5,31,112,36,144,-120,4272(389.827)[I]: [6],0,7,2,4,409,-116,10958
(389.836)[I]: [5],5,37,112,36,143,-123,4278(389.837)[I]: [6],0,7,1,4,378,-100,10919
(389.846)[I]: [5],5,40,120,32,142,-125,4285(389.847)[I]: [6],0,7,1,4,346,-85,10889
(389.856)[I]: [5],5,43,124,27,141,-127,4292(389.857)[I]: [6],0,7,1,4,328,-69,10875
(389.866)[I]: [5],5,44,124,24,139,-129,4301(389.867)[I]: [6],0,7,1,6,335,-286,10650
(389.876)[I]: [5],5,46,136,22,138,-131,4311(389.877)[I]: [6],0,7,3,7,386,-275,10505
(389.886)[I]: [5],5,47,140,17,137,-132,4325(389.887)[I]: [6],0,5,2,7,375,-343,10394
(389.896)[I]: [5],8,55,148,15,136,-135,4343(389.897)[I]: [6],0,5,3,6,376,-353,10338
(389.906)[I]: [5],14,62,164,12,135,-139,4367(389.907)[I]: [6],0,7,2,5,370,-366,10314
(389.916)[I]: [5],19,68,172,9,133,-145,4398(389.917)[I]: [6],0,9,3,5,375,-367,10282
(389.926)[I]: [5],23,75,172,9,131,-156,4436(389.927)[I]: [6],0,10,3,5,389,-370,10201
(389.936)[I]: [5],25,92,176,5,129,-168,4473(389.937)[I]: [6],0,11,5,6,407,-383,10087
(389.946)[I]: [5],31,99,184,3,127,-170,4507(389.947)[I]: [6],0,11,11,7,417,-419,9979
(389.956)[I]: [5],38,111,188,1,124,-160,4548(389.957)[I]: [6],0,15,14,7,431,-430,9910
(389.966)[I]: [5],51,124,196,0,120,-147,4597(389.967)[I]: [6],0,19,19,8,433,-446,9860
(389.976)[I]: [5],60,131,184,0,114,-143,4679(389.977)[I]: [6],0,16,22,8,435,-455,9836
(389.986)[I]: [5],72,142,172,0,109,-157,4805(389.987)[I]: [6],0,21,26,9,436,-458,9827
(389.996)[I]: [5],82,135,124,0,102,-161,4963(389.997)[I]: [6],0,25,26,9,435,-456,9818
(389.999)[I]: [5],86,116,108,0,98,-160,5147(389.999)[I]: [6],0,31,29,10,439,-457,9807
(389.999)[I]: [5],86,87,68,0,98,-150,5362(389.999)[I]: [6],0,34,27,11,439,-460,9796
(390.002)[I]: [5],79,63,64,0,107,-116,5599(390.003)[I]: [6],0,31,31,13,439,-466,9785
(390.012)[I]: [5],69,40,52,0,116,-54,5851(390.012)[I]: [6],0,41,31,15,437,-469,9777
(390.022)[I]: [5],55,27,36,0,119,13,6114(390.022)[I]: [6],0,49,34,15,435,-470,9771
(390.032)[I]: [5],51,12,28,0,119,62,6381(390.032)[I]: [6],0,51,40,16,434,-473,9764
(390.042)[I]: [5],33,11,24,0,118,90,6649(390.042)[I]: [6],0,55,39,17,435,-477,9758
(390.052)[I]: [5],19,4,12,0,109,124,6919(390.052)[I]: [6],2,60,38,17,435,-484,9752
(390.062)[I]: [5],9,3,4,0,91,134,7179(390.062)[I]: [6],4,62,39,17,436,-487,9750
(390.072)[I]: [5],6,6,4,0,66,113,7436(390.072)[I]: [6],3,61,37,18,430,-488,9749
(390.082)[I]: [5],0,4,4,0,1,66,7657(390.082)[I]: [6],3,63,36,17,426,-487,9749
(390.092)[I]: [5],0,3,0,0,-98,-56,7821(390.092)[I]: [6],3,67,36,17,422,-488,9750
(390.102)[I]: [5],0,3,0,0,-211,-243,7941(390.102)[I]: [6],3,63,35,17,417,-488,9750
(390.112)[I]: [5],0,3,0,0,-337,-443,7954(390.112)[I]: [6],4,62,34,17,413,-490,9751
(390.122)[I]: [5],0,3,0,0,-479,-660,7899(390.122)[I]: [6],5,67,35,17,409,-490,9751
(390.132)[I]: [5],0,3,0,0,-629,-853,7803(390.132)[I]: [6],4,66,35,15,405,-490,9751
(390.142)[I]: [5],0,3,0,0,-780,-1010,7693(390.142)[I]: [6],5,68,31,14,401,-490,9752
(390.152)[I]: [5],0,3,0,0,-928,-1119,7590(390.152)[I]: [6],5,66,29,14,397,-491,9752
(390.162)[I]: [5],0,3,0,0,-1065,-1192,7495(390.162)[I]: [6],5,63,28,14,393,-492,9752
(390.172)[I]: [5],0,3,0,0,-1181,-1241,7401(390.172)[I]: [6],3,63,27,13,389,-491,9753
(390.182)[I]: [5],0,3,0,0,-1267,-1287,7302(390.182)[I]: [6],2,63,28,13,385,-491,9753
(390.192)[I]: [5],0,3,0,0,-1309,-1348,7196(390.192)[I]: [6],2,62,27,13,381,-490,9753
(390.202)[I]: [5],0,3,0,0,-1304,-1424,7087(390.202)[I]: [6],1,63,24,13,378,-490,9754
(390.212)[I]: [5],0,3,0,0,-1254,-1514,6987(390.212)[I]: [6],1,62,26,14,374,-491,9754
(390.222)[I]: [5],0,3,0,0,-1166,-1611,6898(390.222)[I]: [6],1,63,25,13,370,-491,9754
(390.232)[I]: [5],0,2,0,0,-1049,-1698,6822(390.232)[I]: [6],0,63,24,14,366,-490,9755
(390.242)[I]: [5],0,2,0,0,-915,-1759,6754(390.242)[I]: [6],0,62,24,13,363,-491,9755
(390.252)[I]: [5],0,2,0,0,-773,-1785,6690(390.252)[I]: [6],0,60,23,14,359,-492,9755
(390.262)[I]: [5],0,3,0,0,-631,-1770,6627(390.262)[I]: [6],0,60,22,14,355,-492,9755
(390.272)[I]: [5],0,3,0,0,-497,-1714,6561(390.272)[I]: [6],0,57,23,15,352,-491,9756
(390.282)[I]: [5],0,3,0,0,-374,-1620,6492(390.282)[I]: [6],0,55,22,15,348,-491,9756
(390.292)[I]: [5],0,3,0,0,-266,-1500,6417(390.292)[I]: [6],0,56,23,16,345,-491,9756
(390.302)[I]: [5],0,2,0,0,-174,-1369,6330(390.302)[I]: [6],0,55,22,18,342,-491,9757
(390.312)[I]: [5],0,2,0,0,-94,-1240,6232(390.312)[I]: [6],0,56,23,18,340,-489,9763
(390.322)[I]: [5],0,2,0,0,-29,-1124,6120(390.322)[I]: [6],0,54,23,18,341,-488,9770
(390.332)[I]: [5],0,2,0,0,18,-1023,5999(390.332)[I]: [6],0,52,23,19,341,-487,9777
(390.342)[I]: [5],0,2,0,0,50,-938,5874(390.342)[I]: [6],0,53,24,19,337,-487,9777
(390.352)[I]: [5],0,2,0,0,68,-865,5745(390.352)[I]: [6],0,54,23,19,334,-486,9777
(390.362)[I]: [5],0,2,0,0,74,-798,5612(390.362)[I]: [6],0,54,25,20,331,-486,9777
(390.372)[I]: [5],0,2,0,0,71,-734,5475(390.372)[I]: [6],0,53,26,20,327,-487,9778
(390.382)[I]: [5],0,2,0,0,62,-665,5338(390.382)[I]: [6],0,52,27,21,324,-486,9778
(390.392)[I]: [5],0,2,0,0,48,-591,5200(390.392)[I]: [6],0,54,28,22,321,-487,9778
(390.402)[I]: [5],0,3,0,0,33,-513,5061(390.402)[I]: [6],0,53,29,23,318,-487,9778
(390.412)[I]: [5],0,3,0,0,20,-432,4923(390.412)[I]: [6],0,52,31,23,315,-487,9779
(390.422)[I]: [5],0,3,0,0,13,-352,4786(390.422)[I]: [6],0,51,31,24,311,-487,9779
(390.432)[I]: [5],0,3,0,0,12,-267,4649(390.432)[I]: [6],0,51,34,25,308,-486,9779
(390.442)[I]: [5],0,3,0,0,11,-176,4512(390.442)[I]: [6],0,51,35,25,305,-486,9779
(390.452)[I]: [5],0,3,0,0,10,-89,4376(390.452)[I]: [6],0,51,35,25,302,-485,9779
(390.462)[I]: [5],0,3,0,0,6,-2,4247(390.462)[I]: [6],0,51,39,25,299,-485,9780
(390.472)[I]: [5],0,3,0,0,-1,79,4126(390.472)[I]: [6],0,51,41,25,296,-485,9780
(390.482)[I]: [5],0,3,0,0,-11,151,4014(390.482)[I]: [6],0,51,42,25,293,-484,9780
(390.492)[I]: [5],0,3,0,0,-24,219,3908(390.492)[I]: [6],0,51,44,26,290,-483,9780
(390.502)[I]: [5],0,3,0,0,-38,282,3806(390.502)[I]: [6],0,54,46,23,287,-483,9780
(390.512)[I]: [5],0,3,0,0,-53,342,3713(390.512)[I]: [6],0,53,49,20,284,-483,9781
(390.522)[I]: [5],0,3,0,0,-70,396,3631(390.522)[I]: [6],0,52,53,20,282,-483,9781
(390.532)[I]: [5],0,3,0,0,-85,441,3565(390.532)[I]: [6],0,54,55,18,279,-482,9781
(390.542)[I]: [5],0,3,0,0,-91,473,3517(390.542)[I]: [6],0,54,58,15,277,-481,9774
(390.552)[I]: [5],0,3,0,0,-85,492,3488(390.552)[I]: [6],0,54,66,15,276,-479,9767
(390.562)[I]: [5],0,3,0,0,-66,512,3480(390.562)[I]: [6],0,56,71,12,275,-478,9760
(390.572)[I]: [5],0,3,0,0,-31,532,3488(390.572)[I]: [6],0,53,74,9,275,-477,9750
(390.582)[I]: [5],0,3,0,1,20,556,3500(390.582)[I]: [6],0,56,79,8,275,-480,9739
(390.592)[I]: [5],0,3,0,0,86,580,3507(390.592)[I]: [6],1,62,82,7,275,-482,9725
(390.602)[I]: [5],1,2,0,6,174,329,3789(390.602)[I]: [6],1,66,83,6,275,-484,9709
(390.612)[I]: [5],0,2,4,12,188,252,3917(390.612)[I]: [6],3,71,90,5,275,-488,9693
(390.622)[I]: [5],0,2,0,11,180,98,4020(390.622)[I]: [6],3,73,96,5,276,-492,9677
(390.632)[I]: [5],0,1,0,12,177,2,4077(390.632)[I]: [6],3,79,94,5,277,-497,9660
(390.642)[I]: [5],0,1,4,11,190,-42,4090(390.642)[I]: [6],5,82,99,4,277,-501,9644
(390.652)[I]: [5],0,2,4,12,206,-39,4105(390.652)[I]: [6],7,90,101,4,278,-504,9629
(390.662)[I]: [5],0,2,8,12,200,-32,4152(390.662)[I]: [6],9,103,103,4,279,-501,9609
(390.672)[I]: [5],0,3,12,15,180,-46,4211(390.672)[I]: [6],9,114,105,3,280,-498,9585
(390.682)[I]: [5],0,2,28,16,174,-69,4258(390.682)[I]: [6],9,117,100,3,282,-495,9561
(390.692)[I]: [5],0,4,36,18,172,-95,4292(390.692)[I]: [6],12,116,94,3,286,-490,9515
(390.702)[I]: [5],0,8,40,20,170,-112,4314(390.703)[I]: [6],14,118,81,3,292,-494,9431
(390.712)[I]: [5],0,9,48,20,166,-125,4329(390.713)[I]: [6],13,112,72,3,300,-487,9314
(390.722)[I]: [5],1,12,44,24,163,-124,4342(390.723)[I]: [6],15,103,53,3,311,-472,9178
(390.732)[I]: [5],1,17,56,31,161,-122,4350(390.733)[I]: [6],14,84,29,3,317,-447,9034
(390.742)[I]: [5],2,19,60,40,159,-121,4355(390.743)[I]: [6],12,71,17,3,320,-393,8879
(390.752)[I]: [5],2,20,68,53,158,-123,4359(390.753)[I]: [6],9,39,10,3,333,-318,8699
(390.762)[I]: [5],2,19,68,61,156,-126,4366(390.763)[I]: [6],7,30,7,3,339,-265,8504
(390.772)[I]: [5],5,22,76,70,154,-128,4372(390.773)[I]: [6],5,24,4,3,355,-192,8299
(390.782)[I]: [5],5,25,80,70,153,-132,4375(390.783)[I]: [6],5,15,6,3,390,-112,8091
(390.792)[I]: [5],5,27,84,73,151,-134,4376(390.793)[I]: [6],3,17,8,3,428,-54,7872
(390.802)[I]: [5],9,27,84,75,150,-136,4376(390.803)[I]: [6],0,12,6,3,478,-6,7633
(390.812)[I]: [5],7,30,92,75,148,-138,4376(390.813)[I]: [6],0,11,5,3,543,13,7424
(390.822)[I]: [5],7,35,88,75,147,-140,4376(390.823)[I]: [6],0,10,5,3,609,4,7262
(390.832)[I]: [5],9,38,88,78,145,-141,4376(390.833)[I]: [6],0,10,5,3,686,-36,7156
(390.842)[I]: [5],8,36,88,74,144,-144,4376(390.843)[I]: [6],0,10,5,3,769,-126,7107
(390.852)[I]: [5],9,39,88,70,142,-145,4376(390.853)[I]: [6],0,11,5,3,866,-233,7114
(390.862)[I]: [5],10,41,88,68,141,-146,4376(390.863)[I]: [6],0,11,4,3,970,-366,7136
(390.872)[I]: [5],11,42,92,62,140,-148,4376(390.873)[I]: [6],0,10,4,3,1077,-504,7159
(390.882)[I]: [5],10,42,92,57,138,-149,4376(390.883)[I]: [6],0,10,4,3,1177,-641,7170
(390.892)[I]: [5],9,40,92,57,137,-151,4376(390.893)[I]: [6],0,10,4,3,1258,-780,7179
(390.902)[I]: [5],9,39,84,51,135,-152,4376(390.903)[I]: [6],0,10,2,3,1308,-924,7186
(390.912)[I]: [5],9,37,84,47,134,-153,4376(390.913)[I]: [6],0,10,2,4,1319,-1065,7193
(390.922)[I]: [5],9,37,84,38,133,-155,4376(390.923)[I]: [6],0,10,2,4,1296,-1203,7203
(390.932)[I]: [5],9,31,84,31,131,-157,4376(390.933)[I]: [6],0,10,1,4,1242,-1321,7217
(390.942)[I]: [5],7,30,84,28,130,-158,4376(390.943)[I]: [6],0,10,1,4,1166,-1404,7234
(390.952)[I]: [5],7,31,84,25,129,-159,4376(390.953)[I]: [6],0,9,2,4,1079,-1456,7259
(390.962)[I]: [5],6,25,84,23,127,-159,4376(390.963)[I]: [6],0,9,3,4,984,-1481,7304
(390.972)[I]: [5],6,25,84,24,126,-160,4376(390.973)[I]: [6],0,9,3,4,886,-1474,7365
(390.982)[I]: [5],6,26,84,23,125,-161,4376(390.983)[I]: [6],0,9,3,4,792,-1449,7436
(390.992)[I]: [5],5,26,84,21,124,-162,4376(390.993)[I]: [6],0,9,3,4,708,-1411,7510
(390.999)[I]: [5],5,26,84,21,122,-163,4377(390.999)[I]: [6],0,9,3,4,637,-1367,7582
(390.999)[I]: [5],5,23,88,21,121,-164,4377(390.999)[I]: [6],0,10,3,4,581,-1323,7655
(390.999)[I]: [5],4,23,88,21,120,-166,4377(390.999)[I]: [6],0,10,3,4,534,-1285,7733
(391.008)[I]: [5],5,23,88,22,119,-167,4377(391.009)[I]: [6],0,10,3,4,501,-1250,7820
(391.018)[I]: [5],5,22,88,21,118,-166,4377(391.019)[I]: [6],0,10,3,4,474,-1216,7919
(391.028)[I]: [5],3,22,92,22,116,-165,4377(391.029)[I]: [6],0,10,3,4,456,-1180,8026
(391.038)[I]: [5],4,23,88,22,115,-166,4377(391.039)[I]: [6],0,10,3,4,443,-1138,8139
(391.048)[I]: [5],5,24,92,26,114,-166,4377(391.049)[I]: [6],0,10,3,4,430,-1091,8261
(391.058)[I]: [5],5,24,104,28,113,-168,4377(391.059)[I]: [6],0,10,3,4,415,-1043,8393
(391.068)[I]: [5],5,25,104,28,112,-169,4377(391.069)[I]: [6],0,10,3,4,395,-991,8533
(391.078)[I]: [5],7,25,104,31,111,-171,4377(391.079)[I]: [6],0,10,3,4,375,-933,8680
(391.088)[I]: [5],7,25,108,30,110,-172,4377(391.089)[I]: [6],0,9,3,4,358,-867,8832
(391.098)[I]: [5],6,26,108,30,109,-173,4377(391.099)[I]: [6],0,9,2,4,345,-788,8987
(391.108)[I]: [5],7,28,112,30,107,-174,4377(391.109)[I]: [6],0,9,3,4,341,-711,9146
(391.118)[I]: [5],7,29,116,30,106,-174,4377(391.119)[I]: [6],0,9,3,4,346,-634,9309
(391.128)[I]: [5],7,30,116,28,105,-176,4377(391.129)[I]: [6],0,9,3,4,359,-561,9473
(391.138)[I]: [5],8,30,120,28,104,-177,4377(391.139)[I]: [6],0,9,3,4,379,-493,9632
(391.148)[I]: [5],7,31,120,30,103,-177,4377(391.149)[I]: [6],0,9,3,4,401,-437,9786
(391.158)[I]: [5],7,31,124,28,102,-179,4377(391.159)[I]: [6],0,9,3,4,422,-398,9935
(391.168)[I]: [5],8,31,124,25,101,-180,4377(391.169)[I]: [6],0,8,3,4,439,-369,10075
(391.178)[I]: [5],10,31,124,24,100,-181,4377(391.179)[I]: [6],0,8,3,4,454,-343,10208
(391.188)[I]: [5],8,31,124,22,99,-181,4377(391.189)[I]: [6],0,9,3,4,468,-316,10332
(391.198)[I]: [5],8,31,140,20,98,-182,4377(391.199)[I]: [6],0,9,2,4,479,-286,10443
(391.208)[I]: [5],10,31,140,21,97,-183,4377(391.209)[I]: [6],0,9,3,4,485,-249,10542
(391.218)[I]: [5],8,33,148,20,96,-184,4377(391.219)[I]: [6],0,9,3,4,481,-206,10626
(391.228)[I]: [5],9,34,152,20,95,-185,4377(391.229)[I]: [6],0,9,3,4,468,-158,10693
(391.238)[I]: [5],9,34,152,20,94,-186,4377(391.239)[I]: [6],0,9,3,4,448,-109,10741
(391.248)[I]: [5],7,35,156,19,93,-186,4377(391.249)[I]: [6],0,9,1,4,420,-67,10765
(391.258)[I]: [5],10,37,164,18,92,-187,4377(391.259)[I]: [6],0,9,0,4,385,-33,10764
(391.268)[I]: [5],9,41,168,19,91,-188,4377(391.269)[I]: [6],0,9,0,4,344,-4,10750
(391.278)[I]: [5],10,45,172,19,91,-189,4377(391.279)[I]: [6],0,8,0,4,300,25,10734
(391.288)[I]: [5],12,49,172,19,90,-188,4381(391.289)[I]: [6],0,8,0,4,255,50,10716
(391.298)[I]: [5],15,52,176,17,90,-185,4386(391.299)[I]: [6],0,7,0,4,203,56,10693
(391.308)[I]: [5],15,55,184,12,89,-181,4395(391.309)[I]: [6],0,7,0,4,165,57,10661
(391.318)[I]: [5],18,59,192,10,89,-176,4407(391.319)[I]: [6],0,7,0,4,121,40,10630
(391.328)[I]: [5],20,61,196,10,88,-172,4421(391.329)[I]: [6],0,7,0,4,81,11,10609
(391.338)[I]: [5],23,63,200,8,88,-168,4439(391.339)[I]: [6],0,7,3,5,59,-308,10419
(391.348)[I]: [5],27,67,216,7,88,-164,4459(391.349)[I]: [6],0,7,4,10,83,-363,10292
(391.358)[I]: [5],36,78,224,5,87,-159,4482(391.359)[I]: [6],0,8,7,9,68,-445,10142
(391.368)[I]: [5],39,89,240,3,86,-148,4507(391.369)[I]: [6],0,8,9,8,90,-458,10097
(391.378)[I]: [5],43,93,248,2,85,-128,4536(391.379)[I]: [6],0,9,9,6,62,-477,10087
(391.388)[I]: [5],46,96,252,1,85,-102,4567(391.389)[I]: [6],0,12,11,6,68,-475,10068
(391.398)[I]: [5],48,97,252,0,84,-57,4604(391.399)[I]: [6],0,11,11,8,75,-475,10046
(391.408)[I]: [5],49,98,252,0,81,1,4662(391.408)[I]: [6],0,14,12,9,78,-475,10025
(391.418)[I]: [5],49,85,220,0,79,31,4751(391.419)[I]: [6],0,15,17,11,83,-482,9998
(391.428)[I]: [5],46,63,180,0,75,59,4884(391.429)[I]: [6],0,17,26,13,87,-492,9974
(391.438)[I]: [5],43,46,156,0,72,102,5049(391.439)[I]: [6],0,21,28,22,90,-497,9957
(391.448)[I]: [5],37,31,148,0,74,139,5230(391.449)[I]: [6],0,23,26,24,92,-499,9949
(391.458)[I]: [5],31,17,104,0,88,183,5427(391.459)[I]: [6],0,25,27,31,91,-497,9944
(391.468)[I]: [5],24,10,72,0,104,260,5638(391.469)[I]: [6],0,26,36,38,91,-496,9944
(391.478)[I]: [5],12,7,60,0,113,337,5852(391.479)[I]: [6],0,27,38,41,90,-494,9944
(391.488)[I]: [5],11,5,40,1,113,379,6056(391.489)[I]: [6],0,27,38,42,89,-493,9944
(391.498)[I]: [5],8,3,24,1,121,373,6263(391.499)[I]: [6],0,29,39,44,91,-492,9943
(391.508)[I]: [5],6,4,24,1,127,339,6481(391.509)[I]: [6],0,36,44,45,90,-491,9943
(391.518)[I]: [5],2,4,8,1,120,290,6681(391.518)[I]: [6],0,39,46,45,89,-490,9943
(391.528)[I]: [5],0,3,4,1,85,235,6881(391.528)[I]: [6],0,39,51,44,88,-489,9943
(391.538)[I]: [5],0,3,4,1,11,141,7040(391.538)[I]: [6],0,41,50,44,87,-488,9943
(391.548)[I]: [5],0,3,4,1,-79,1,7176(391.548)[I]: [6],0,39,51,43,86,-487,9943
(391.558)[I]: [5],0,3,4,1,-189,-142,7246(391.558)[I]: [6],0,39,50,42,85,-486,9943
(391.568)[I]: [5],0,3,4,1,-318,-285,7289(391.568)[I]: [6],0,40,51,40,85,-485,9944
(391.578)[I]: [5],0,3,4,1,-465,-414,7318(391.578)[I]: [6],0,40,53,38,84,-484,9944
(391.588)[I]: [5],0,3,0,1,-624,-527,7350(391.588)[I]: [6],0,40,55,31,83,-483,9944
(391.598)[I]: [5],0,3,0,1,-785,-617,7395(391.598)[I]: [6],0,39,55,31,82,-482,9944
(391.608)[I]: [5],0,3,0,1,-941,-687,7458(391.608)[I]: [6],0,39,56,30,81,-481,9944
(391.618)[I]: [5],0,3,0,1,-1079,-747,7534(391.618)[I]: [6],0,39,56,29,80,-480,9944
(391.628)[I]: [5],0,3,0,1,-1193,-804,7613(391.628)[I]: [6],0,38,57,27,80,-479,9944
(391.638)[I]: [5],0,3,4,1,-1276,-871,7687(391.638)[I]: [6],0,35,57,25,79,-477,9944
(391.648)[I]: [5],0,3,4,1,-1322,-964,7737(391.648)[I]: [6],0,30,56,22,78,-476,9944
(391.658)[I]: [5],0,3,4,1,-1331,-1076,7755(391.659)[I]: [6],0,30,54,21,77,-475,9944
(391.668)[I]: [5],0,3,4,1,-1306,-1192,7742(391.669)[I]: [6],0,30,54,21,76,-474,9944
(391.678)[I]: [5],0,3,4,1,-1251,-1297,7709(391.679)[I]: [6],0,29,53,21,76,-473,9944
(391.688)[I]: [5],0,3,4,1,-1177,-1379,7663(391.689)[I]: [6],0,27,52,22,75,-471,9944
(391.698)[I]: [5],0,3,0,2,-1093,-1433,7610(391.698)[I]: [6],0,27,51,23,74,-470,9944
(391.708)[I]: [5],0,3,0,2,-1004,-1455,7553(391.709)[I]: [6],0,26,48,23,73,-469,9944
(391.718)[I]: [5],0,3,0,2,-916,-1446,7493(391.718)[I]: [6],0,24,48,24,72,-467,9947
(391.728)[I]: [5],0,3,0,2,-833,-1409,7428(391.728)[I]: [6],0,23,47,25,71,-465,9950
(391.738)[I]: [5],0,3,0,2,-756,-1352,7354(391.738)[I]: [6],0,23,44,26,70,-464,9953
(391.748)[I]: [5],0,3,0,2,-686,-1290,7269(391.748)[I]: [6],0,23,43,27,70,-462,9953
(391.758)[I]: [5],0,2,0,2,-625,-1227,7170(391.758)[I]: [6],0,22,43,28,69,-461,9953
(391.768)[I]: [5],0,3,0,2,-567,-1173,7058(391.768)[I]: [6],0,22,43,28,68,-460,9953
(391.778)[I]: [5],0,3,0,2,-511,-1122,6935(391.778)[I]: [6],0,22,43,29,68,-459,9953
(391.788)[I]: [5],0,2,0,2,-458,-1074,6805(391.788)[I]: [6],0,22,44,29,67,-459,9953
(391.798)[I]: [5],0,2,0,2,-405,-1027,6667(391.798)[I]: [6],0,21,44,30,66,-457,9953
(391.808)[I]: [5],0,2,0,1,-353,-976,6520(391.808)[I]: [6],0,21,44,30,66,-456,9953
(391.818)[I]: [5],0,2,0,1,-305,-917,6365(391.818)[I]: [6],0,21,45,31,65,-455,9953
(391.828)[I]: [5],0,3,0,1,-261,-849,6205(391.828)[I]: [6],0,21,46,34,64,-454,9953
(391.838)[I]: [5],0,3,0,1,-223,-776,6041(391.838)[I]: [6],0,21,46,35,64,-452,9953
(391.848)[I]: [5],0,2,0,1,-189,-699,5874(391.848)[I]: [6],0,21,49,37,63,-452,9953
(391.858)[I]: [5],0,2,0,1,-158,-621,5701(391.858)[I]: [6],0,21,49,39,62,-451,9953
(391.868)[I]: [5],0,3,0,1,-132,-537,5521(391.868)[I]: [6],0,20,50,39,62,-450,9953
(391.878)[I]: [5],0,2,0,1,-115,-455,5336(391.878)[I]: [6],0,21,50,41,61,-449,9953
(391.888)[I]: [5],0,2,0,2,-105,-370,5146(391.888)[I]: [6],0,21,51,43,60,-449,9953
(391.898)[I]: [5],0,2,0,1,-102,-287,4956(391.898)[I]: [6],0,21,51,43,60,-448,9953
(391.908)[I]: [5],0,2,0,1,-99,-208,4768(391.908)[I]: [6],0,21,50,43,59,-447,9953
(391.918)[I]: [5],0,3,0,1,-91,-131,4585(391.918)[I]: [6],0,21,50,43,59,-446,9953
(391.928)[I]: [5],0,3,0,1,-74,-58,4407(391.928)[I]: [6],0,21,50,44,58,-445,9953
(391.938)[I]: [5],0,3,0,1,-47,6,4235(391.938)[I]: [6],0,19,49,44,57,-444,9953
(391.948)[I]: [5],0,3,0,1,-14,74,4074(391.948)[I]: [6],0,19,49,44,57,-443,9953
(391.958)[I]: [5],0,3,0,0,22,139,3925(391.958)[I]: [6],0,19,49,43,56,-442,9953
(391.968)[I]: [5],0,3,0,0,63,198,3794(391.968)[I]: [6],0,19,49,43,56,-441,9953
(391.978)[I]: [5],0,3,0,0,105,248,3684(391.978)[I]: [6],0,20,49,41,55,-440,9953
(391.988)[I]: [5],0,3,0,0,148,286,3595(391.988)[I]: [6],0,19,50,42,55,-439,9953
(391.998)[I]: [5],0,3,0,0,186,311,3528(391.998)[I]: [6],0,20,52,41,54,-439,9953
(391.999)[I]: [5],0,3,0,0,214,328,3474(391.999)[I]: [6],0,21,54,44,54,-438,9953
(391.999)[I]: [5],0,3,0,0,226,338,3426(391.999)[I]: [6],0,20,55,42,53,-437,9953
(392.004)[I]: [5],0,3,0,0,220,344,3380(392.004)[I]: [6],0,20,57,43,52,-437,9953
(392.014)[I]: [5],0,3,0,0,201,345,3339(392.014)[I]: [6],0,19,60,42,52,-436,9953
(392.024)[I]: [5],0,3,0,0,172,334,3308(392.024)[I]: [6],0,20,63,40,51,-435,9953
(392.034)[I]: [5],0,3,4,0,139,314,3287(392.034)[I]: [6],0,22,63,40,51,-434,9953
(392.044)[I]: [5],0,2,0,0,108,286,3269(392.044)[I]: [6],0,24,63,38,50,-433,9953
(392.054)[I]: [5],0,1,4,4,80,252,3257(392.054)[I]: [6],0,25,66,35,50,-432,9953
(392.064)[I]: [5],0,1,4,13,94,227,3509(392.064)[I]: [6],0,28,71,31,50,-432,9950
(392.074)[I]: [5],0,1,0,15,105,146,3616(392.074)[I]: [6],0,29,75,30,51,-434,9944
(392.084)[I]: [5],0,1,0,13,112,89,3736(392.084)[I]: [6],0,31,83,24,51,-436,9937
(392.094)[I]: [5],0,1,0,10,119,27,3815(392.094)[I]: [6],0,35,85,18,52,-437,9928
(392.104)[I]: [5],0,1,0,11,133,-9,3854(392.104)[I]: [6],0,38,90,12,52,-439,9918
(392.114)[I]: [5],0,1,4,12,145,-28,3878(392.114)[I]: [6],0,45,93,7,54,-440,9905
(392.124)[I]: [5],0,1,4,13,142,-36,3922(392.124)[I]: [6],0,56,100,6,55,-442,9889
(392.134)[I]: [5],0,1,4,17,126,-50,3981(392.134)[I]: [6],0,57,104,3,57,-442,9870
(392.144)[I]: [5],0,2,12,19,112,-65,4035(392.144)[I]: [6],0,60,105,4,59,-446,9849
(392.154)[I]: [5],0,2,16,19,107,-70,4072(392.155)[I]: [6],0,69,111,3,61,-453,9827
(392.164)[I]: [5],0,3,28,20,107,-75,4103(392.165)[I]: [6],1,70,109,3,64,-455,9801
(392.174)[I]: [5],0,7,36,23,105,-81,4127(392.175)[I]: [6],1,75,103,3,70,-451,9768
(392.184)[I]: [5],0,9,44,30,103,-81,4140(392.185)[I]: [6],2,76,99,3,77,-447,9703
(392.194)[I]: [5],0,10,44,38,102,-75,4148(392.195)[I]: [6],3,71,87,3,85,-448,9587
(392.204)[I]: [5],0,11,48,50,100,-72,4156(392.205)[I]: [6],3,63,67,3,95,-434,9435
(392.214)[I]: [5],0,14,60,57,98,-75,4166(392.214)[I]: [6],3,53,55,3,106,-403,9267
(392.224)[I]: [5],0,14,72,64,95,-79,4176(392.225)[I]: [6],3,44,20,3,111,-355,9096
(392.234)[I]: [5],0,19,72,69,94,-80,4186(392.234)[I]: [6],2,29,13,3,124,-267,8909
(392.244)[I]: [5],0,19,84,70,92,-78,4196(392.244)[I]: [6],2,26,9,3,137,-194,8704
(392.254)[I]: [5],0,25,92,70,91,-78,4205(392.254)[I]: [6],1,14,7,3,159,-121,8491
(392.264)[I]: [5],0,28,100,70,91,-76,4215(392.265)[I]: [6],1,15,7,3,191,-52,8270
(392.274)[I]: [5],0,27,108,71,89,-76,4217(392.275)[I]: [6],1,11,7,3,229,-4,8041
(392.284)[I]: [5],1,27,104,70,88,-77,4217(392.285)[I]: [6],0,9,7,3,276,15,7805
(392.294)[I]: [5],2,27,112,71,88,-78,4217(392.295)[I]: [6],0,12,7,3,339,5,7600
(392.304)[I]: [5],2,29,120,70,87,-80,4217(392.305)[I]: [6],0,13,6,3,426,-43,7438
(392.314)[I]: [5],3,29,116,68,86,-81,4217(392.315)[I]: [6],0,10,7,3,544,-135,7315
(392.324)[I]: [5],3,30,120,64,85,-82,4217(392.325)[I]: [6],0,11,7,3,685,-248,7248
(392.334)[I]: [5],3,31,120,63,84,-83,4218(392.335)[I]: [6],0,11,6,3,857,-362,7205
(392.344)[I]: [5],3,31,120,61,83,-84,4218(392.345)[I]: [6],0,12,5,3,1052,-471,7157
(392.354)[I]: [5],3,31,116,57,82,-85,4218(392.355)[I]: [6],0,13,5,3,1261,-563,7088
(392.364)[I]: [5],3,31,116,55,82,-87,4218(392.365)[I]: [6],0,12,4,3,1472,-642,7001
(392.374)[I]: [5],2,30,112,50,81,-87,4218(392.375)[I]: [6],0,12,4,3,1666,-716,6911
(392.384)[I]: [5],1,31,112,47,80,-87,4218(392.385)[I]: [6],0,11,4,3,1828,-797,6830
(392.394)[I]: [5],0,29,112,44,79,-89,4218(392.395)[I]: [6],0,11,3,3,1944,-893,6772
(392.404)[I]: [5],0,27,112,40,78,-90,4218(392.405)[I]: [6],0,11,3,3,2006,-1011,6748
(392.414)[I]: [5],0,28,112,35,78,-91,4218(392.415)[I]: [6],0,11,3,3,2012,-1148,6770
(392.424)[I]: [5],0,27,116,25,77,-92,4218(392.425)[I]: [6],0,12,3,3,1962,-1274,6833
(392.434)[I]: [5],0,25,116,23,76,-93,4218(392.435)[I]: [6],0,12,3,3,1861,-1398,6930
(392.444)[I]: [5],0,23,120,20,75,-94,4218(392.445)[I]: [6],0,11,3,3,1722,-1497,7033
(392.454)[I]: [5],0,26,120,19,75,-95,4218(392.455)[I]: [6],0,11,4,3,1566,-1563,7132
(392.464)[I]: [5],0,24,120,16,74,-96,4218(392.465)[I]: [6],0,11,4,3,1405,-1593,7220
(392.474)[I]: [5],0,21,124,16,73,-97,4218(392.475)[I]: [6],0,11,3,3,1248,-1589,7304
(392.484)[I]: [5],0,24,124,16,72,-96,4218(392.485)[I]: [6],0,10,4,3,1104,-1551,7387
(392.494)[I]: [5],0,23,124,15,72,-96,4218(392.495)[I]: [6],0,9,4,3,974,-1488,7472
(392.504)[I]: [5],0,23,124,15,71,-97,4218(392.505)[I]: [6],0,8,4,3,860,-1408,7560
(392.514)[I]: [5],0,23,124,15,70,-97,4218(392.515)[I]: [6],0,8,3,3,762,-1319,7656
(392.524)[I]: [5],0,22,124,15,69,-97,4218(392.525)[I]: [6],0,8,4,3,676,-1231,7767
(392.534)[I]: [5],0,22,124,15,69,-98,4218(392.535)[I]: [6],0,8,4,3,602,-1143,7893
(392.544)[I]: [5],0,25,124,16,68,-99,4218(392.545)[I]: [6],0,8,4,3,545,-1057,8029
(392.554)[I]: [5],0,23,132,16,67,-99,4218(392.555)[I]: [6],0,8,3,3,504,-973,8168
(392.564)[I]: [5],0,24,136,17,67,-101,4218(392.565)[I]: [6],0,8,3,3,485,-889,8310
(392.574)[I]: [5],0,21,140,18,66,-102,4218(392.575)[I]: [6],0,8,3,3,488,-808,8453
(392.584)[I]: [5],0,19,140,19,65,-103,4218(392.585)[I]: [6],0,7,3,3,512,-738,8601
(392.594)[I]: [5],0,17,144,20,65,-102,4218(392.595)[I]: [6],0,7,3,3,548,-681,8753
(392.604)[I]: [5],0,15,148,20,64,-104,4218(392.605)[I]: [6],0,8,3,3,591,-636,8907
(392.614)[I]: [5],0,15,152,21,63,-105,4218(392.615)[I]: [6],0,7,3,3,634,-605,9062
(392.624)[I]: [5],0,14,156,24,63,-106,4218(392.625)[I]: [6],0,7,3,3,669,-581,9217
(392.634)[I]: [5],0,13,164,27,62,-107,4218(392.635)[I]: [6],0,7,3,3,693,-559,9373
(392.644)[I]: [5],0,15,168,28,62,-107,4218(392.645)[I]: [6],0,7,3,3,705,-525,9530
(392.654)[I]: [5],0,13,172,28,61,-108,4218(392.655)[I]: [6],0,7,3,3,703,-475,9684
(392.664)[I]: [5],0,13,176,28,60,-108,4218(392.665)[I]: [6],0,7,3,3,691,-409,9830
(392.674)[I]: [5],0,13,176,28,60,-108,4218(392.675)[I]: [6],0,8,3,3,673,-333,9968
(392.684)[I]: [5],0,12,172,28,59,-109,4218(392.685)[I]: [6],0,8,3,3,650,-253,10094
(392.694)[I]: [5],0,12,172,28,58,-109,4218(392.695)[I]: [6],0,7,3,3,626,-178,10211
(392.704)[I]: [5],0,13,172,28,58,-109,4218(392.705)[I]: [6],0,9,3,3,604,-113,10323
(392.714)[I]: [5],0,12,176,28,57,-109,4218(392.715)[I]: [6],0,8,3,3,588,-59,10432
(392.724)[I]: [5],0,12,180,28,57,-109,4218(392.725)[I]: [6],0,8,3,3,577,-15,10539
(392.734)[I]: [5],0,12,184,24,56,-110,4218(392.735)[I]: [6],0,7,2,3,567,18,10644
(392.744)[I]: [5],0,14,188,23,56,-111,4218(392.745)[I]: [6],0,7,2,3,557,40,10745
(392.754)[I]: [5],0,14,192,22,55,-111,4218(392.755)[I]: [6],0,7,2,3,543,53,10837
(392.764)[I]: [5],0,15,200,20,54,-112,4218(392.765)[I]: [6],0,7,2,3,523,59,10917
(392.774)[I]: [5],0,15,204,18,54,-112,4218(392.775)[I]: [6],0,8,2,3,498,61,10981
(392.784)[I]: [5],0,15,200,17,53,-112,4218(392.785)[I]: [6],0,9,3,3,465,63,11023
(392.794)[I]: [5],0,16,204,17,53,-112,4218(392.795)[I]: [6],0,8,3,3,427,64,11043
(392.804)[I]: [5],0,17,204,17,52,-112,4218(392.805)[I]: [6],0,8,3,3,389,67,11048
(392.814)[I]: [5],0,17,204,17,52,-112,4218(392.815)[I]: [6],0,8,3,3,351,70,11048
(392.824)[I]: [5],0,18,208,16,51,-113,4218(392.825)[I]: [6],0,7,3,3,313,72,11044
(392.834)[I]: [5],0,19,212,16,51,-113,4218(392.835)[I]: [6],0,7,3,3,275,67,11032
(392.844)[I]: [5],2,19,220,15,50,-114,4221(392.845)[I]: [6],0,8,3,3,237,58,11012
(392.854)[I]: [5],1,19,224,12,50,-114,4224(392.855)[I]: [6],0,7,3,4,244,13,10829
(392.864)[I]: [5],2,19,228,11,49,-114,4231(392.865)[I]: [6],0,7,3,4,211,-125,10646
(392.874)[I]: [5],2,21,236,11,49,-115,4238(392.875)[I]: [6],0,7,4,6,241,-188,10442
(392.884)[I]: [5],2,23,252,10,48,-116,4246(392.885)[I]: [6],0,7,3,6,248,-235,10263
(392.894)[I]: [5],2,25,252,8,47,-116,4256(392.895)[I]: [6],0,9,3,6,242,-283,10106
(392.904)[I]: [5],4,27,268,6,47,-116,4269(392.905)[I]: [6],0,11,5,6,228,-313,10017
(392.914)[I]: [5],7,35,284,6,47,-114,4282(392.915)[I]: [6],0,11,4,5,236,-329,9988
(392.924)[I]: [5],12,41,300,4,47,-110,4299(392.925)[I]: [6],0,12,4,4,236,-332,9991
(392.934)[I]: [5],15,46,312,6,46,-103,4321(392.935)[I]: [6],0,13,6,5,236,-327,9998
(392.944)[I]: [5],23,51,324,5,45,-94,4348(392.945)[I]: [6],0,13,6,5,234,-323,9998
(392.954)[I]: [5],28,60,336,1,44,-79,4379(392.955)[I]: [6],0,14,7,6,233,-328,9986
(392.964)[I]: [5],39,61,340,0,44,-65,4409(392.965)[I]: [6],0,14,7,6,236,-337,9964
(392.974)[I]: [5],44,59,336,0,42,-32,4452(392.975)[I]: [6],0,14,8,6,239,-347,9939
(392.984)[I]: [5],50,72,324,0,38,1,4509(392.984)[I]: [6],0,17,11,7,240,-355,9915
(392.994)[I]: [5],56,61,312,0,36,3,4595(392.994)[I]: [6],0,18,12,10,242,-359,9890
(392.999)[I]: [5],60,63,276,0,32,9,4721(392.999)[I]: [6],0,22,12,9,243,-366,9865
(392.999)[I]: [5],61,53,220,0,31,34,4866(392.999)[I]: [6],0,21,17,11,244,-372,9846
(393.000)[I]: [5],54,31,188,0,31,70,5023(393.000)[I]: [6],0,27,21,14,245,-375,9832
(393.010)[I]: [5],46,19,156,0,40,102,5190(393.011)[I]: [6],0,28,19,20,245,-377,9825
(393.020)[I]: [5],37,12,116,0,58,158,5380(393.021)[I]: [6],0,27,23,22,243,-378,9825
(393.030)[I]: [5],27,7,92,0,73,238,5584(393.030)[I]: [6],0,29,24,29,240,-379,9825
(393.040)[I]: [5],19,5,60,0,81,313,5791(393.040)[I]: [6],0,29,24,35,238,-379,9825
(393.050)[I]: [5],19,2,44,0,81,360,6002(393.050)[I]: [6],0,27,26,41,236,-380,9825
(393.060)[I]: [5],14,3,32,0,87,362,6220(393.060)[I]: [6],0,27,30,45,233,-380,9825
(393.070)[I]: [5],9,3,20,0,93,335,6450(393.070)[I]: [6],0,28,28,48,231,-380,9826
(393.080)[I]: [5],6,3,12,0,89,284,6677(393.080)[I]: [6],0,31,25,51,229,-380,9826
(393.090)[I]: [5],1,3,12,0,63,232,6908(393.090)[I]: [6],0,29,24,54,226,-381,9826
(393.100)[I]: [5],0,3,16,0,-2,157,7102(393.100)[I]: [6],0,30,24,56,224,-381,9826
(393.110)[I]: [5],0,3,12,0,-97,38,7273(393.110)[I]: [6],0,30,24,58,222,-381,9826
(393.120)[I]: [5],0,3,12,0,-211,-101,7392(393.120)[I]: [6],0,29,24,58,220,-381,9826
(393.130)[I]: [5],0,3,8,0,-343,-234,7460(393.130)[I]: [6],0,28,25,58,217,-381,9826
(393.140)[I]: [5],0,3,4,0,-490,-373,7495(393.140)[I]: [6],0,29,25,57,215,-382,9827
(393.150)[I]: [5],0,3,4,0,-649,-499,7518(393.150)[I]: [6],0,29,25,56,213,-382,9827
(393.160)[I]: [5],0,3,4,0,-811,-615,7548(393.160)[I]: [6],0,29,25,53,211,-382,9827
(393.170)[I]: [5],0,3,4,0,-972,-717,7592(393.170)[I]: [6],0,28,24,49,209,-382,9827
(393.180)[I]: [5],0,3,4,0,-1123,-803,7652(393.180)[I]: [6],0,29,24,46,207,-382,9827
(393.190)[I]: [5],0,3,4,0,-1259,-876,7725(393.190)[I]: [6],0,31,24,44,205,-382,9827
(393.200)[I]: [5],0,3,4,0,-1370,-942,7802(393.200)[I]: [6],0,30,24,40,203,-382,9827
(393.210)[I]: [5],0,2,4,0,-1449,-1012,7873(393.210)[I]: [6],0,29,24,37,201,-382,9827
(393.220)[I]: [5],0,2,4,0,-1488,-1100,7921(393.220)[I]: [6],0,27,24,35,199,-382,9827
(393.230)[I]: [5],0,2,4,0,-1484,-1203,7934(393.230)[I]: [6],0,28,25,34,197,-382,9828
(393.240)[I]: [5],0,2,4,0,-1435,-1311,7912(393.240)[I]: [6],0,27,25,34,195,-382,9828
(393.250)[I]: [5],0,2,4,0,-1349,-1408,7868(393.251)[I]: [6],0,22,23,34,193,-381,9831
(393.260)[I]: [5],0,2,4,0,-1239,-1486,7808(393.260)[I]: [6],0,22,23,34,192,-378,9838
(393.270)[I]: [5],0,2,4,0,-1111,-1531,7741(393.270)[I]: [6],0,19,22,31,191,-375,9845
(393.280)[I]: [5],0,2,4,0,-977,-1538,7669(393.280)[I]: [6],0,19,19,34,190,-372,9851
(393.290)[I]: [5],0,2,4,0,-842,-1507,7594(393.290)[I]: [6],0,19,20,35,188,-370,9854
(393.300)[I]: [5],0,2,4,0,-713,-1444,7517(393.300)[I]: [6],0,17,22,39,187,-369,9857
(393.310)[I]: [5],0,2,4,0,-594,-1357,7433(393.310)[I]: [6],0,17,23,41,185,-369,9857
(393.320)[I]: [5],0,2,4,0,-487,-1255,7342(393.320)[I]: [6],0,17,22,44,183,-369,9857
(393.330)[I]: [5],0,2,4,0,-392,-1148,7241(393.330)[I]: [6],0,17,22,45,181,-369,9857
(393.340)[I]: [5],0,2,0,0,-308,-1043,7129(393.340)[I]: [6],0,17,23,46,179,-369,9857
(393.350)[I]: [5],0,2,0,0,-237,-945,7002(393.350)[I]: [6],0,17,24,45,178,-369,9857
(393.360)[I]: [5],0,2,0,0,-181,-854,6856(393.360)[I]: [6],0,17,26,46,176,-369,9857
(393.370)[I]: [5],0,2,0,0,-142,-768,6693(393.370)[I]: [6],0,17,27,46,174,-369,9857
(393.380)[I]: [5],0,2,0,0,-119,-693,6519(393.380)[I]: [6],0,16,28,49,172,-369,9858
(393.390)[I]: [5],0,2,0,0,-112,-624,6338(393.390)[I]: [6],0,17,29,49,171,-369,9858
(393.400)[I]: [5],0,3,0,0,-117,-562,6158(393.400)[I]: [6],0,17,29,51,169,-369,9858
(393.410)[I]: [5],0,2,0,0,-133,-510,5978(393.410)[I]: [6],0,18,28,52,167,-369,9858
(393.420)[I]: [5],0,3,0,0,-155,-468,5804(393.420)[I]: [6],0,18,29,55,166,-369,9858
(393.430)[I]: [5],0,2,0,0,-177,-436,5634(393.430)[I]: [6],0,17,29,55,164,-369,9858
(393.440)[I]: [5],0,2,0,0,-199,-407,5465(393.440)[I]: [6],0,17,30,55,162,-369,9858
(393.450)[I]: [5],0,2,0,0,-223,-380,5293(393.450)[I]: [6],0,17,29,56,161,-369,9858
(393.460)[I]: [5],0,1,0,0,-253,-348,5116(393.460)[I]: [6],0,18,30,54,159,-369,9858
(393.470)[I]: [5],0,2,0,0,-287,-307,4934(393.470)[I]: [6],0,17,30,54,157,-369,9858
(393.480)[I]: [5],0,2,0,0,-328,-258,4745(393.480)[I]: [6],0,17,30,53,156,-369,9858
(393.490)[I]: [5],0,2,0,0,-371,-206,4557(393.490)[I]: [6],0,18,30,53,154,-369,9858
(393.500)[I]: [5],0,2,0,0,-417,-154,4381(393.500)[I]: [6],0,18,31,52,153,-369,9859
(393.510)[I]: [5],0,2,0,0,-462,-107,4219(393.510)[I]: [6],0,17,30,51,151,-369,9859
(393.520)[I]: [5],0,2,0,0,-502,-72,4078(393.520)[I]: [6],0,17,30,51,150,-370,9859
(393.530)[I]: [5],0,2,0,0,-534,-50,3956(393.530)[I]: [6],0,18,31,50,148,-370,9859
(393.540)[I]: [5],0,2,0,0,-552,-40,3855(393.540)[I]: [6],0,18,31,49,147,-370,9859
(393.550)[I]: [5],0,2,4,0,-555,-36,3776(393.550)[I]: [6],0,19,31,49,145,-370,9859
(393.560)[I]: [5],0,2,4,0,-548,-36,3708(393.560)[I]: [6],0,19,31,50,144,-370,9859
(393.570)[I]: [5],0,2,4,0,-533,-28,3641(393.570)[I]: [6],0,19,31,48,142,-370,9859
(393.580)[I]: [5],0,2,0,0,-513,-12,3566(393.580)[I]: [6],0,19,31,47,141,-370,9859
(393.590)[I]: [5],0,2,4,0,-486,17,3487(393.590)[I]: [6],0,21,31,46,140,-370,9859
(393.600)[I]: [5],0,2,4,0,-454,60,3413(393.600)[I]: [6],0,23,34,42,138,-370,9859
(393.610)[I]: [5],0,2,4,0,-421,121,3351(393.610)[I]: [6],0,25,41,39,137,-370,9859
(393.620)[I]: [5],0,2,4,0,-392,196,3307(393.620)[I]: [6],0,26,43,35,135,-370,9859
(393.630)[I]: [5],0,1,4,0,-373,273,3280(393.630)[I]: [6],0,31,47,34,134,-370,9860
(393.640)[I]: [5],0,0,4,2,-362,340,3268(393.640)[I]: [6],0,34,49,30,133,-370,9860
(393.650)[I]: [5],0,1,0,10,-294,184,3574(393.650)[I]: [6],0,35,58,27,133,-372,9854
(393.660)[I]: [5],0,1,0,11,-287,102,3723(393.660)[I]: [6],0,40,61,21,133,-373,9845
(393.670)[I]: [5],0,1,0,11,-307,-30,3878(393.670)[I]: [6],0,43,67,16,133,-374,9837
(393.680)[I]: [5],0,1,4,10,-315,-100,3973(393.680)[I]: [6],0,44,75,12,134,-376,9826
(393.690)[I]: [5],0,1,4,10,-306,-147,4010(393.690)[I]: [6],0,49,83,9,134,-377,9813
(393.700)[I]: [5],0,1,4,10,-294,-157,4025(393.700)[I]: [6],1,58,86,5,134,-375,9796
(393.710)[I]: [5],0,1,8,12,-293,-145,4049(393.710)[I]: [6],1,63,90,5,135,-375,9779
(393.720)[I]: [5],0,1,16,15,-301,-144,4080(393.721)[I]: [6],2,67,92,3,136,-376,9759
(393.730)[I]: [5],0,1,36,18,-303,-156,4112(393.731)[I]: [6],3,63,92,3,137,-384,9738
(393.740)[I]: [5],0,3,40,20,-302,-174,4142(393.741)[I]: [6],3,73,95,3,138,-386,9716
(393.750)[I]: [5],0,6,48,22,-302,-187,4166(393.751)[I]: [6],3,67,93,3,141,-377,9693
(393.760)[I]: [5],0,8,60,31,-302,-195,4188(393.761)[I]: [6],3,66,88,3,147,-350,9649
(393.770)[I]: [5],0,8,76,35,-301,-193,4207(393.771)[I]: [6],3,62,78,3,150,-360,9563
(393.780)[I]: [5],0,12,88,49,-299,-185,4224(393.781)[I]: [6],4,58,63,3,155,-363,9444
(393.790)[I]: [5],0,12,92,57,-299,-179,4235(393.791)[I]: [6],3,55,50,3,165,-342,9305
(393.800)[I]: [5],0,18,108,69,-298,-177,4244(393.801)[I]: [6],3,31,23,3,171,-306,9154
(393.810)[I]: [5],0,19,108,73,-296,-172,4251(393.811)[I]: [6],1,23,15,3,182,-238,9002
(393.820)[I]: [5],0,20,124,76,-294,-164,4258(393.821)[I]: [6],0,19,11,3,197,-166,8828
(393.830)[I]: [5],0,18,136,80,-291,-158,4263(393.831)[I]: [6],2,13,7,3,230,-84,8640
(393.840)[I]: [5],0,19,124,82,-288,-159,4263(393.841)[I]: [6],0,9,7,3,281,3,8438
(393.850)[I]: [5],0,23,124,79,-285,-160,4263(393.851)[I]: [6],0,10,6,3,339,74,8231
(393.860)[I]: [5],0,22,124,79,-282,-162,4263(393.861)[I]: [6],0,9,5,3,403,128,8011
(393.870)[I]: [5],0,27,124,80,-280,-162,4263(393.871)[I]: [6],0,11,6,3,474,159,7807
(393.880)[I]: [5],0,27,124,80,-277,-163,4263(393.881)[I]: [6],0,11,7,3,549,142,7637
(393.890)[I]: [5],0,30,136,71,-274,-164,4263(393.891)[I]: [6],0,11,7,3,622,84,7490
(393.900)[I]: [5],0,31,132,65,-271,-165,4263(393.901)[I]: [6],0,10,7,3,700,15,7390
(393.910)[I]: [5],0,31,136,57,-269,-167,4263(393.911)[I]: [6],0,9,6,3,788,-54,7301
(393.920)[I]: [5],0,30,136,55,-266,-170,4263(393.921)[I]: [6],0,10,5,3,886,-110,7206
(393.930)[I]: [5],0,30,136,50,-263,-171,4263(393.931)[I]: [6],0,10,5,3,993,-146,7095
(393.940)[I]: [5],0,28,136,46,-261,-172,4263(393.941)[I]: [6],0,10,3,3,1102,-173,6972
(393.950)[I]: [5],0,27,136,38,-258,-172,4263(393.951)[I]: [6],0,10,3,3,1210,-202,6845
(393.960)[I]: [5],0,26,136,31,-257,-170,4263(393.961)[I]: [6],0,9,3,3,1309,-245,6719
(393.970)[I]: [5],0,25,136,27,-254,-172,4263(393.971)[I]: [6],0,9,3,3,1397,-302,6596
(393.980)[I]: [5],0,25,132,24,-252,-172,4263(393.981)[I]: [6],0,9,3,3,1466,-375,6483
(393.990)[I]: [5],0,21,124,22,-249,-172,4263(393.991)[I]: [6],0,8,3,3,1513,-461,6383
(393.999)[I]: [5],0,21,124,21,-247,-173,4263(393.999)[I]: [6],0,9,3,3,1534,-558,6303
(393.999)[I]: [5],0,21,124,20,-244,-173,4263(393.999)[I]: [6],0,9,3,3,1525,-658,6243
(393.999)[I]: [5],0,17,124,21,-242,-174,4263(393.999)[I]: [6],0,8,3,3,1485,-749,6204
(394.006)[I]: [5],0,14,124,21,-239,-175,4263(394.007)[I]: [6],0,8,2,3,1414,-827,6186
(394.016)[I]: [5],0,15,124,21,-237,-176,4263(394.017)[I]: [6],0,8,3,3,1314,-890,6190
(394.026)[I]: [5],0,15,124,21,-235,-176,4263(394.027)[I]: [6],0,8,3,3,1192,-929,6215
(394.036)[I]: [5],0,16,124,21,-232,-177,4263(394.037)[I]: [6],0,8,3,3,1046,-957,6264
(394.046)[I]: [5],0,15,124,22,-230,-177,4263(394.047)[I]: [6],0,8,3,3,891,-966,6332
(394.056)[I]: [5],0,15,124,22,-228,-177,4263(394.057)[I]: [6],0,9,2,3,728,-963,6419
(394.066)[I]: [5],0,15,124,23,-225,-178,4263(394.067)[I]: [6],0,8,3,3,569,-952,6528
(394.076)[I]: [5],0,17,124,24,-223,-182,4262(394.077)[I]: [6],0,8,2,3,423,-932,6654
(394.086)[I]: [5],0,17,124,23,-221,-183,4262(394.087)[I]: [6],0,8,2,3,299,-906,6795
(394.096)[I]: [5],0,17,136,23,-219,-183,4262(394.097)[I]: [6],0,8,2,3,200,-876,6945
(394.106)[I]: [5],0,17,140,23,-216,-184,4262(394.107)[I]: [6],0,8,2,3,127,-840,7101
(394.116)[I]: [5],0,17,140,23,-214,-185,4262(394.117)[I]: [6],0,8,3,3,79,-798,7264
(394.126)[I]: [5],0,15,144,24,-212,-185,4262(394.127)[I]: [6],0,8,3,3,51,-753,7435
(394.136)[I]: [5],0,15,148,25,-210,-185,4262(394.137)[I]: [6],0,8,3,3,40,-710,7615
(394.146)[I]: [5],0,15,152,24,-208,-185,4262(394.147)[I]: [6],0,8,3,3,38,-671,7803
(394.156)[I]: [5],0,16,156,24,-206,-186,4262(394.157)[I]: [6],0,8,3,3,44,-637,7997
(394.166)[I]: [5],0,16,164,24,-204,-192,4262(394.167)[I]: [6],0,9,3,3,51,-614,8193
(394.176)[I]: [5],0,17,168,25,-202,-193,4262(394.177)[I]: [6],0,9,3,3,56,-595,8387
(394.186)[I]: [5],0,17,172,22,-200,-193,4262(394.187)[I]: [6],0,9,3,3,58,-567,8579
(394.196)[I]: [5],0,17,172,22,-198,-195,4262(394.197)[I]: [6],0,8,3,3,57,-529,8768
(394.206)[I]: [5],0,18,176,20,-196,-196,4262(394.207)[I]: [6],0,8,3,3,58,-478,8949
(394.216)[I]: [5],0,19,176,20,-194,-197,4262(394.217)[I]: [6],0,9,3,3,58,-419,9123
(394.226)[I]: [5],0,19,184,20,-192,-198,4262(394.227)[I]: [6],0,9,3,3,60,-358,9293
(394.236)[I]: [5],0,19,188,20,-190,-198,4262(394.237)[I]: [6],0,9,3,3,62,-300,9462
(394.246)[I]: [5],0,19,188,22,-188,-197,4262(394.247)[I]: [6],0,9,3,3,65,-245,9627
(394.256)[I]: [5],0,20,192,22,-186,-195,4262(394.257)[I]: [6],0,7,3,3,69,-196,9787
(394.266)[I]: [5],0,21,196,23,-184,-194,4262(394.267)[I]: [6],0,7,3,3,74,-150,9936
(394.276)[I]: [5],0,21,196,26,-183,-195,4262(394.277)[I]: [6],0,7,3,3,79,-108,10074
(394.286)[I]: [5],0,21,200,27,-181,-195,4262(394.287)[I]: [6],0,7,2,3,85,-72,10199
(394.296)[I]: [5],0,22,204,26,-179,-196,4262(394.297)[I]: [6],0,7,3,3,85,-42,10309
(394.306)[I]: [5],0,23,204,25,-177,-198,4262(394.307)[I]: [6],0,7,3,3,77,-17,10406
(394.316)[I]: [5],0,23,208,25,-175,-199,4262(394.317)[I]: [6],0,6,3,3,58,3,10492
(394.326)[I]: [5],0,23,212,23,-174,-200,4262(394.327)[I]: [6],0,7,2,3,33,20,10572
(394.336)[I]: [5],0,22,208,21,-172,-201,4262(394.337)[I]: [6],0,7,2,3,1,34,10643
(394.346)[I]: [5],0,22,208,21,-170,-202,4262(394.347)[I]: [6],0,7,2,3,-32,42,10702
(394.356)[I]: [5],0,22,208,21,-168,-203,4262(394.357)[I]: [6],0,8,2,3,-69,44,10748
(394.366)[I]: [5],0,21,208,21,-167,-202,4262(394.367)[I]: [6],0,7,2,3,-108,42,10777
(394.376)[I]: [5],0,20,204,20,-165,-202,4262(394.377)[I]: [6],0,7,2,3,-147,35,10792
(394.386)[I]: [5],0,20,204,20,-163,-202,4262(394.387)[I]: [6],0,7,2,3,-185,25,10794
(394.396)[I]: [5],0,20,204,21,-162,-202,4262(394.397)[I]: [6],0,7,2,3,-221,12,10781
(394.406)[I]: [5],0,19,204,21,-160,-203,4262(394.407)[I]: [6],0,7,1,3,-256,-2,10755
(394.416)[I]: [5],0,19,200,22,-159,-204,4262(394.417)[I]: [6],0,7,2,3,-288,-16,10725
(394.426)[I]: [5],0,19,196,24,-157,-204,4262(394.427)[I]: [6],0,7,2,3,-319,-28,10705
(394.436)[I]: [5],0,19,196,25,-155,-205,4262(394.437)[I]: [6],0,7,2,3,-343,-30,10680
(394.446)[I]: [5],0,18,196,28,-154,-205,4262(394.447)[I]: [6],0,6,0,3,-347,-180,10528
(394.456)[I]: [5],0,18,200,28,-152,-205,4262(394.457)[I]: [6],0,6,2,5,-345,-207,10348
(394.466)[I]: [5],0,19,204,28,-151,-206,4262(394.467)[I]: [6],0,6,2,5,-325,-250,10218
(394.476)[I]: [5],0,20,208,25,-149,-206,4262(394.477)[I]: [6],0,8,3,5,-326,-267,10130
(394.486)[I]: [5],0,22,216,22,-148,-207,4265(394.487)[I]: [6],0,9,3,4,-334,-285,10096
(394.496)[I]: [5],0,26,224,18,-147,-207,4272(394.497)[I]: [6],0,9,3,3,-334,-290,10101
(394.506)[I]: [5],0,29,232,16,-147,-208,4280(394.507)[I]: [6],0,9,3,3,-331,-293,10104
(394.516)[I]: [5],0,30,244,13,-147,-208,4290(394.517)[I]: [6],0,9,3,3,-323,-289,10103
(394.526)[I]: [5],1,35,252,9,-147,-209,4304(394.527)[I]: [6],0,9,4,3,-315,-289,10089
(394.536)[I]: [5],3,37,276,8,-147,-210,4322(394.537)[I]: [6],0,9,5,4,-308,-291,10064
(394.546)[I]: [5],5,43,300,6,-148,-211,4345(394.547)[I]: [6],0,11,5,6,-301,-299,10029
(394.556)[I]: [5],10,47,308,4,-150,-210,4374(394.557)[I]: [6],0,9,8,7,-295,-310,9990
(394.566)[I]: [5],16,63,316,4,-151,-204,4407(394.567)[I]: [6],0,11,11,8,-288,-325,9948
(394.576)[I]: [5],20,63,328,0,-151,-183,4441(394.577)[I]: [6],0,13,12,8,-284,-340,9917
(394.586)[I]: [5],24,71,328,0,-153,-149,4478(394.587)[I]: [6],0,13,15,9,-282,-348,9896
(394.596)[I]: [5],27,71,324,0,-157,-95,4536(394.597)[I]: [6],0,14,15,11,-277,-354,9879
(394.606)[I]: [5],28,75,288,0,-160,-85,4641(394.607)[I]: [6],0,14,15,15,-273,-358,9864
(394.616)[I]: [5],27,63,244,0,-163,-70,4786(394.617)[I]: [6],0,14,20,22,-269,-364,9849
(394.626)[I]: [5],23,45,204,0,-166,-24,4957(394.627)[I]: [6],0,15,21,25,-265,-370,9836
(394.636)[I]: [5],19,31,144,0,-164,11,5150(394.637)[I]: [6],0,19,28,31,-262,-373,9827
(394.646)[I]: [5],16,21,96,0,-146,46,5357(394.647)[I]: [6],0,19,25,35,-258,-374,9823
(394.656)[I]: [5],14,11,68,0,-127,125,5577(394.657)[I]: [6],0,22,25,39,-256,-374,9823
(394.666)[I]: [5],7,7,60,0,-118,211,5789(394.666)[I]: [6],0,24,27,44,-253,-374,9823
(394.676)[I]: [5],11,3,40,0,-119,270,5993(394.677)[I]: [6],1,23,24,45,-251,-374,9823
(394.686)[I]: [5],6,4,40,0,-117,285,6205(394.686)[I]: [6],1,21,25,47,-248,-374,9823
(394.696)[I]: [5],4,2,20,0,-126,268,6432(394.696)[I]: [6],1,25,30,48,-246,-374,9823
(394.706)[I]: [5],3,2,24,0,-150,224,6645(394.706)[I]: [6],0,29,26,50,-243,-374,9823
(394.716)[I]: [5],0,3,20,0,-211,184,6848(394.716)[I]: [6],1,34,25,49,-241,-375,9823
(394.726)[I]: [5],0,2,12,0,-317,110,7007(394.726)[I]: [6],2,34,22,48,-239,-376,9823
(394.736)[I]: [5],0,2,8,0,-449,-15,7140(394.736)[I]: [6],0,31,22,48,-236,-377,9823
(394.746)[I]: [5],0,2,8,0,-600,-168,7193(394.746)[I]: [6],1,31,20,48,-234,-377,9823
(394.756)[I]: [5],0,3,8,0,-768,-339,7198(394.756)[I]: [6],1,31,18,48,-231,-378,9823
(394.766)[I]: [5],0,3,4,0,-948,-537,7175(394.766)[I]: [6],1,31,19,48,-229,-378,9822
(394.776)[I]: [5],0,3,4,0,-1127,-753,7143(394.776)[I]: [6],1,30,18,47,-227,-378,9822
(394.786)[I]: [5],0,3,4,0,-1291,-971,7112(394.786)[I]: [6],1,30,19,45,-225,-378,9822
(394.796)[I]: [5],0,3,4,0,-1428,-1183,7092(394.796)[I]: [6],0,29,17,44,-222,-378,9822
(394.806)[I]: [5],0,3,4,0,-1528,-1384,7078(394.806)[I]: [6],0,29,18,43,-220,-379,9822
(394.816)[I]: [5],0,3,8,0,-1586,-1560,7057(394.816)[I]: [6],0,28,19,41,-218,-379,9822
(394.826)[I]: [5],0,3,8,0,-1604,-1707,7021(394.826)[I]: [6],0,27,19,37,-216,-379,9822
(394.836)[I]: [5],0,3,8,0,-1586,-1820,6971(394.836)[I]: [6],0,28,19,34,-214,-379,9822
(394.846)[I]: [5],0,3,8,0,-1539,-1897,6913(394.847)[I]: [6],0,26,19,31,-211,-379,9822
(394.856)[I]: [5],0,3,8,0,-1473,-1933,6857(394.856)[I]: [6],0,25,19,31,-209,-380,9822
(394.866)[I]: [5],0,3,4,0,-1394,-1942,6805(394.866)[I]: [6],0,23,19,30,-207,-380,9822
(394.876)[I]: [5],0,3,4,0,-1309,-1931,6755(394.876)[I]: [6],0,23,20,29,-205,-379,9822
(394.886)[I]: [5],0,3,8,0,-1219,-1903,6708(394.886)[I]: [6],0,24,22,27,-203,-379,9822
(394.896)[I]: [5],0,3,8,0,-1130,-1864,6659(394.896)[I]: [6],0,23,23,27,-201,-379,9822
(394.906)[I]: [5],0,2,8,0,-1042,-1812,6608(394.906)[I]: [6],0,23,23,27,-199,-379,9822
(394.916)[I]: [5],0,2,8,0,-957,-1750,6551(394.916)[I]: [6],0,22,23,26,-197,-378,9822
(394.926)[I]: [5],0,2,8,0,-877,-1679,6488(394.926)[I]: [6],0,22,24,27,-195,-378,9822
(394.936)[I]: [5],0,1,8,0,-803,-1604,6416(394.936)[I]: [6],0,23,23,26,-193,-378,9822
(394.946)[I]: [5],0,1,8,0,-737,-1520,6332(394.946)[I]: [6],0,23,24,27,-191,-378,9822
(394.956)[I]: [5],0,1,0,0,-681,-1430,6236(394.956)[I]: [6],0,24,25,27,-189,-378,9822
(394.966)[I]: [5],0,1,0,0,-635,-1339,6131(394.966)[I]: [6],0,25,26,28,-187,-378,9822
(394.976)[I]: [5],0,1,0,0,-603,-1251,6015(394.976)[I]: [6],0,26,27,29,-186,-378,9822
(394.986)[I]: [5],0,1,0,0,-586,-1165,5890(394.986)[I]: [6],0,26,31,29,-184,-378,9822
(394.996)[I]: [5],0,1,4,0,-583,-1081,5759(394.996)[I]: [6],0,27,37,29,-182,-378,9822
(394.999)[I]: [5],0,1,4,0,-595,-1002,5624(394.999)[I]: [6],0,28,39,30,-180,-378,9821
(394.999)[I]: [5],0,1,4,0,-616,-930,5489(394.999)[I]: [6],0,28,41,30,-178,-378,9821
(395.002)[I]: [5],0,1,4,0,-641,-863,5356(395.002)[I]: [6],0,29,43,31,-176,-378,9821
(395.012)[I]: [5],0,1,4,0,-662,-800,5225(395.012)[I]: [6],0,30,43,31,-175,-378,9821
(395.022)[I]: [5],0,1,4,0,-680,-737,5094(395.022)[I]: [6],0,29,47,31,-173,-378,9821
(395.032)[I]: [5],0,1,0,0,-690,-673,4963(395.032)[I]: [6],0,31,49,31,-171,-378,9821
(395.042)[I]: [5],0,3,4,0,-692,-607,4834(395.042)[I]: [6],0,31,49,31,-170,-379,9821
(395.052)[I]: [5],0,2,0,0,-682,-541,4716(395.052)[I]: [6],0,31,52,35,-168,-379,9821
(395.062)[I]: [5],0,2,0,0,-659,-473,4608(395.062)[I]: [6],0,31,53,34,-166,-379,9821
(395.072)[I]: [5],0,2,0,0,-623,-406,4510(395.072)[I]: [6],0,31,55,34,-164,-379,9821
(395.082)[I]: [5],0,2,0,0,-576,-339,4419(395.082)[I]: [6],0,31,57,31,-163,-379,9821
(395.092)[I]: [5],0,2,0,0,-527,-271,4328(395.092)[I]: [6],0,31,59,31,-161,-379,9821
(395.102)[I]: [5],0,1,0,0,-479,-198,4230(395.102)[I]: [6],0,31,62,30,-160,-379,9821
(395.112)[I]: [5],0,1,0,0,-436,-121,4127(395.112)[I]: [6],0,31,63,29,-158,-379,9821
(395.122)[I]: [5],0,1,0,0,-401,-42,4022(395.122)[I]: [6],0,31,63,29,-156,-379,9821
(395.132)[I]: [5],0,1,0,0,-370,38,3922(395.132)[I]: [6],0,31,66,26,-155,-379,9821
(395.142)[I]: [5],0,1,0,0,-345,118,3829(395.142)[I]: [6],0,31,63,25,-153,-379,9821
(395.152)[I]: [5],0,1,0,0,-325,194,3744(395.152)[I]: [6],0,31,63,24,-152,-379,9821
(395.162)[I]: [5],0,0,0,0,-306,264,3668(395.162)[I]: [6],0,31,63,24,-150,-379,9821
(395.172)[I]: [5],0,1,0,0,-287,326,3599(395.172)[I]: [6],0,31,67,23,-149,-379,9821
(395.182)[I]: [5],0,1,0,0,-268,375,3541(395.182)[I]: [6],0,31,67,22,-147,-379,9821
(395.192)[I]: [5],0,1,0,2,-253,432,3569(395.192)[I]: [6],0,31,68,23,-146,-379,9821
(395.202)[I]: [5],0,1,4,4,-202,297,3685(395.202)[I]: [6],0,31,69,22,-144,-379,9821
(395.212)[I]: [5],0,1,0,6,-179,202,3786(395.212)[I]: [6],0,31,70,21,-143,-379,9821
(395.222)[I]: [5],0,1,4,10,-173,39,3863(395.222)[I]: [6],0,31,69,20,-141,-379,9821
(395.232)[I]: [5],0,1,4,13,-164,-36,3910(395.232)[I]: [6],0,31,69,19,-140,-379,9821
(395.242)[I]: [5],0,1,12,13,-160,-111,3943(395.243)[I]: [6],0,31,69,17,-139,-379,9820
(395.252)[I]: [5],0,3,12,14,-163,-148,3966(395.253)[I]: [6],0,31,67,15,-137,-379,9820
(395.262)[I]: [5],0,2,20,13,-167,-165,3983(395.263)[I]: [6],0,31,63,14,-136,-378,9820
(395.272)[I]: [5],0,3,20,12,-170,-169,4000(395.273)[I]: [6],0,31,62,13,-134,-378,9820
(395.282)[I]: [5],0,3,20,12,-171,-177,4018(395.283)[I]: [6],0,31,60,11,-133,-378,9820
(395.292)[I]: [5],0,6,32,12,-172,-189,4035(395.293)[I]: [6],0,30,57,10,-132,-378,9820
(395.302)[I]: [5],0,9,28,13,-174,-198,4049(395.303)[I]: [6],0,28,53,9,-130,-379,9820
(395.312)[I]: [5],0,10,36,13,-175,-203,4058(395.313)[I]: [6],0,28,51,9,-129,-378,9820
(395.322)[I]: [5],0,11,40,13,-174,-203,4060(395.323)[I]: [6],0,28,49,9,-128,-379,9820
(395.332)[I]: [5],0,13,44,13,-173,-198,4064(395.333)[I]: [6],0,26,45,8,-127,-379,9820
(395.342)[I]: [5],0,11,40,15,-173,-193,4068(395.343)[I]: [6],0,26,42,8,-125,-379,9820
(395.352)[I]: [5],0,11,40,14,-172,-190,4073(395.353)[I]: [6],0,26,41,6,-124,-379,9820
(395.362)[I]: [5],0,12,40,14,-170,-192,4073(395.363)[I]: [6],0,26,40,6,-123,-379,9820
(395.372)[I]: [5],0,15,44,14,-169,-192,4073(395.373)[I]: [6],0,25,43,6,-122,-379,9820
(395.382)[I]: [5],0,15,44,15,-167,-193,4073(395.383)[I]: [6],0,25,42,7,-120,-379,9820
(395.392)[I]: [5],0,15,52,14,-165,-194,4073(395.393)[I]: [6],0,26,41,6,-119,-379,9820
(395.402)[I]: [5],0,18,56,14,-165,-195,4076(395.403)[I]: [6],0,26,40,6,-118,-378,9820
(395.412)[I]: [5],0,19,60,14,-163,-197,4076(395.413)[I]: [6],0,26,41,6,-117,-379,9820
(395.422)[I]: [5],0,19,60,14,-161,-199,4076(395.423)[I]: [6],0,27,39,5,-116,-379,9820
(395.432)[I]: [5],0,19,64,13,-160,-201,4076(395.433)[I]: [6],0,27,39,6,-114,-379,9820
(395.442)[I]: [5],0,19,64,13,-158,-202,4076(395.443)[I]: [6],0,27,38,5,-113,-379,9820
(395.452)[I]: [5],0,18,68,13,-156,-203,4076(395.453)[I]: [6],0,27,37,5,-112,-379,9820
(395.462)[I]: [5],0,24,68,13,-156,-203,4079(395.463)[I]: [6],0,27,37,5,-111,-379,9820
(395.472)[I]: [5],0,23,76,13,-155,-203,4082(395.473)[I]: [6],0,28,36,5,-110,-379,9820
(395.482)[I]: [5],0,23,84,12,-153,-204,4081(395.483)[I]: [6],0,27,37,5,-109,-379,9820
(395.492)[I]: [5],0,25,80,12,-152,-205,4081(395.493)[I]: [6],0,28,36,5,-108,-379,9820
(395.502)[I]: [5],0,23,88,12,-150,-205,4081(395.503)[I]: [6],0,27,36,5,-107,-379,9820
(395.512)[I]: [5],0,25,96,12,-149,-206,4081(395.513)[I]: [6],0,28,39,5,-106,-379,9820
(395.522)[I]: [5],0,26,100,13,-147,-208,4081(395.523)[I]: [6],0,28,40,5,-105,-379,9820
(395.532)[I]: [5],0,25,108,12,-146,-209,4081(395.533)[I]: [6],0,28,41,5,-104,-379,9820
(395.542)[I]: [5],0,30,112,11,-144,-210,4081(395.543)[I]: [6],0,29,42,5,-102,-379,9819
(395.552)[I]: [5],0,28,112,12,-143,-212,4081(395.553)[I]: [6],0,29,41,5,-101,-379,9819
(395.562)[I]: [5],2,30,116,11,-141,-214,4081(395.563)[I]: [6],0,29,42,5,-100,-379,9819