(439.030)[I]: [5],0,23,104,11,-5671,737,4066(439.031)[I]: [6],0,37,48,5,-6082,294,6066
(439.040)[I]: [5],0,23,108,11,-5643,736,4077(439.041)[I]: [6],0,36,48,5,-6051,308,6098
(439.050)[I]: [5],0,24,104,11,-5615,734,4088(439.051)[I]: [6],0,37,47,5,-6020,320,6127
(439.060)[I]: [5],0,24,108,11,-5586,732,4099(439.061)[I]: [6],0,36,47,5,-5989,332,6157
(439.070)[I]: [5],0,24,108,11,-5558,730,4109(439.071)[I]: [6],0,36,46,5,-5958,343,6185
(439.080)[I]: [5],0,24,108,12,-5529,728,4119(439.081)[I]: [6],0,35,47,5,-5927,355,6214
(439.090)[I]: [5],0,23,108,12,-5500,726,4130(439.091)[I]: [6],0,34,46,5,-5896,366,6242
(439.100)[I]: [5],0,23,108,11,-5472,723,4140(439.101)[I]: [6],0,34,47,5,-5864,376,6270
(439.110)[I]: [5],0,23,108,12,-5443,721,4149(439.111)[I]: [6],0,31,45,5,-5832,387,6297
(439.120)[I]: [5],0,24,108,11,-5414,718,4160(439.121)[I]: [6],0,31,44,5,-5801,396,6324
(439.130)[I]: [5],0,25,112,11,-5385,716,4170(439.131)[I]: [6],0,31,44,5,-5769,406,6350
(439.140)[I]: [5],0,25,112,11,-5355,714,4180(439.141)[I]: [6],0,31,44,5,-5737,414,6376
(439.150)[I]: [5],0,25,112,11,-5326,711,4189(439.151)[I]: [6],0,31,44,6,-5705,422,6401
(439.160)[I]: [5],0,25,112,11,-5297,708,4199(439.161)[I]: [6],0,31,44,5,-5673,430,6426
(439.170)[I]: [5],0,25,112,12,-5268,705,4208(439.171)[I]: [6],0,30,43,5,-5641,438,6451
(439.180)[I]: [5],0,24,116,12,-5238,702,4217(439.181)[I]: [6],0,29,42,5,-5608,445,6475
(439.190)[I]: [5],0,24,116,11,-5209,700,4227(439.191)[I]: [6],0,29,42,5,-5576,452,6499
(439.200)[I]: [5],0,24,116,12,-5179,696,4235(439.201)[I]: [6],0,29,42,5,-5544,459,6522
(439.210)[I]: [5],0,24,116,12,-5150,692,4244(439.211)[I]: [6],0,28,42,5,-5511,465,6545
(439.220)[I]: [5],0,25,116,12,-5120,689,4253(439.221)[I]: [6],0,27,42,5,-5479,471,6567
(439.230)[I]: [5],0,24,120,12,-5091,685,4262(439.231)[I]: [6],0,27,40,5,-5446,476,6589
(439.240)[I]: [5],0,25,120,13,-5061,682,4270(439.241)[I]: [6],0,27,38,6,-5414,481,6611
(439.250)[I]: [5],0,24,120,13,-5031,677,4278(439.251)[I]: [6],0,27,35,5,-5381,487,6633
(439.260)[I]: [5],0,25,124,13,-5002,671,4284(439.261)[I]: [6],0,26,31,5,-5348,491,6653
(439.270)[I]: [5],0,24,124,13,-4972,665,4291(439.271)[I]: [6],0,25,31,6,-5316,495,6674
(439.280)[I]: [5],0,23,124,14,-4950,665,4296(439.281)[I]: [6],0,23,30,5,-5283,498,6694
(439.290)[I]: [5],0,23,136,14,-4927,665,4302(439.291)[I]: [6],0,22,28,5,-5250,502,6714
(439.300)[I]: [5],0,23,136,15,-4905,664,4307(439.301)[I]: [6],0,21,27,5,-5217,505,6734
(439.310)[I]: [5],0,23,124,15,-4883,664,4312(439.311)[I]: [6],0,20,25,6,-5184,508,6753
(439.320)[I]: [5],0,22,140,16,-4853,661,4320(439.321)[I]: [6],0,19,23,6,-5151,511,6772
(439.330)[I]: [5],0,23,140,16,-4823,657,4329(439.331)[I]: [6],0,19,23,6,-5119,514,6790
(439.340)[I]: [5],0,22,140,16,-4793,654,4337(439.341)[I]: [6],0,19,19,6,-5086,516,6809
(439.350)[I]: [5],0,22,148,17,-4763,651,4345(439.351)[I]: [6],0,16,21,6,-5053,517,6825
(439.360)[I]: [5],0,22,144,17,-4733,646,4352(439.361)[I]: [6],0,17,20,6,-5028,522,6842
(439.370)[I]: [5],0,22,148,17,-4703,643,4360(439.371)[I]: [6],0,15,19,6,-5003,528,6860
(439.380)[I]: [5],0,22,156,17,-4673,639,4367(439.381)[I]: [6],0,14,19,6,-4978,533,6878
(439.390)[I]: [5],0,22,152,17,-4643,634,4374(439.391)[I]: [6],0,13,18,6,-4945,535,6895
(439.400)[I]: [5],0,21,156,17,-4613,630,4381(439.401)[I]: [6],0,12,18,6,-4912,536,6912
(439.410)[I]: [5],0,21,160,17,-4583,626,4389(439.411)[I]: [6],0,13,18,6,-4879,537,6929
(439.420)[I]: [5],0,21,160,17,-4553,622,4397(439.421)[I]: [6],0,15,17,5,-4846,539,6946
(439.430)[I]: [5],0,21,156,17,-4523,619,4404(439.431)[I]: [6],0,14,15,5,-4813,539,6962
(439.440)[I]: [5],0,22,160,17,-4493,615,4411(439.441)[I]: [6],0,15,15,5,-4781,539,6977
(439.450)[I]: [5],0,22,160,17,-4463,611,4418(439.451)[I]: [6],0,14,15,5,-4748,538,6992
(439.460)[I]: [5],0,23,160,17,-4433,607,4425(439.461)[I]: [6],0,14,15,5,-4715,538,7006
(439.470)[I]: [5],0,23,164,18,-4403,603,4432(439.471)[I]: [6],0,14,14,5,-4683,537,7021
(439.480)[I]: [5],0,22,164,18,-4373,598,4439(439.481)[I]: [6],0,13,13,5,-4650,536,7035
(439.490)[I]: [5],0,23,164,17,-4344,594,4445(439.491)[I]: [6],0,13,14,5,-4617,535,7049
(439.500)[I]: [5],0,23,164,17,-4314,590,4452(439.501)[I]: [6],0,12,13,6,-4585,533,7063
(439.510)[I]: [5],0,23,160,17,-4284,586,4458(439.511)[I]: [6],0,13,13,6,-4552,532,7076
(439.520)[I]: [5],0,24,164,17,-4254,582,4465(439.521)[I]: [6],0,13,13,6,-4520,530,7089
(439.530)[I]: [5],0,24,164,17,-4225,577,4471(439.531)[I]: [6],0,14,14,6,-4488,530,7103
(439.540)[I]: [5],0,25,160,16,-4195,573,4477(439.541)[I]: [6],0,14,14,6,-4455,529,7117
(439.550)[I]: [5],0,25,160,13,-4165,568,4483(439.551)[I]: [6],0,14,15,6,-4423,527,7129
(439.560)[I]: [5],0,27,160,13,-4136,563,4489(439.561)[I]: [6],0,14,15,6,-4391,524,7141
(439.570)[I]: [5],0,30,164,13,-4120,565,4501(439.571)[I]: [6],0,15,16,7,-4359,523,7154
(439.580)[I]: [5],0,31,164,10,-4105,569,4516(439.581)[I]: [6],0,15,18,7,-4327,520,7166
(439.590)[I]: [5],2,31,164,8,-4088,577,4534(439.591)[I]: [6],0,17,19,7,-4295,518,7177
(439.600)[I]: [5],3,35,164,5,-4072,590,4555(439.601)[I]: [6],0,17,19,7,-4263,515,7189
(439.610)[I]: [5],4,35,164,4,-4055,612,4584(439.611)[I]: [6],0,19,20,7,-4231,512,7200
(439.620)[I]: [5],4,34,164,2,-4038,644,4620(439.621)[I]: [6],0,21,23,9,-4199,510,7212
(439.630)[I]: [5],5,34,168,0,-4020,679,4655(439.631)[I]: [6],0,22,26,10,-4168,508,7223
(439.640)[I]: [5],4,34,160,0,-4004,733,4697(439.641)[I]: [6],0,25,26,10,-4136,505,7234
(439.650)[I]: [5],5,29,144,0,-3986,803,4765(439.651)[I]: [6],0,26,30,10,-4105,502,7244
(439.660)[I]: [5],4,25,120,0,-3959,878,4891(439.661)[I]: [6],0,27,31,12,-4074,499,7255
(439.670)[I]: [5],4,18,80,0,-3926,994,5061(439.671)[I]: [6],0,30,31,15,-4042,496,7266
(439.680)[I]: [5],4,12,52,0,-3879,1148,5270(439.681)[I]: [6],0,31,35,17,-4011,494,7276
(439.690)[I]: [5],3,7,28,0,-3817,1360,5522(439.691)[I]: [6],0,35,40,18,-3980,491,7286
(439.700)[I]: [5],2,5,20,0,-3755,1635,5794(439.701)[I]: [6],0,39,44,23,-3949,488,7296
(439.710)[I]: [5],3,6,12,0,-3700,1901,6046(439.711)[I]: [6],0,41,45,24,-3918,485,7306
(439.720)[I]: [5],1,5,12,0,-3635,2155,6305(439.721)[I]: [6],0,41,47,28,-3888,483,7317
(439.730)[I]: [5],0,3,8,0,-3549,2386,6567(439.730)[I]: [6],0,42,49,31,-3857,480,7326
(439.740)[I]: [5],0,3,8,0,-3466,2607,6797(439.740)[I]: [6],0,42,52,34,-3827,477,7336
(439.750)[I]: [5],0,3,8,0,-3384,2817,7021(439.750)[I]: [6],0,45,55,34,-3796,474,7345
(439.760)[I]: [5],0,3,8,0,-3319,2941,7189(439.760)[I]: [6],0,50,52,34,-3766,472,7355
(439.770)[I]: [5],0,4,8,0,-3283,2945,7262(439.770)[I]: [6],0,50,53,31,-3736,469,7364
(439.780)[I]: [5],0,4,8,0,-3272,2880,7263(439.780)[I]: [6],0,50,53,30,-3706,465,7373
(439.790)[I]: [5],0,4,8,0,-3280,2772,7223(439.790)[I]: [6],0,50,55,28,-3676,462,7381
(439.800)[I]: [5],0,4,8,0,-3301,2650,7170(439.800)[I]: [6],0,51,55,24,-3646,458,7389
(439.810)[I]: [5],0,4,12,0,-3331,2535,7121(439.811)[I]: [6],0,54,54,23,-3617,454,7397
(439.820)[I]: [5],0,4,8,0,-3373,2433,7077(439.820)[I]: [6],0,56,57,21,-3587,449,7405
(439.830)[I]: [5],0,4,8,0,-3428,2341,7034(439.830)[I]: [6],0,56,58,19,-3558,445,7412
(439.840)[I]: [5],0,3,8,0,-3495,2251,6984(439.840)[I]: [6],0,58,59,17,-3529,441,7420
(439.850)[I]: [5],0,3,8,0,-3572,2161,6930(439.850)[I]: [6],0,61,59,14,-3500,437,7427
(439.860)[I]: [5],0,3,8,0,-3653,2066,6872(439.860)[I]: [6],0,63,60,14,-3471,433,7435
(439.870)[I]: [5],0,3,8,0,-3735,1967,6811(439.870)[I]: [6],0,63,61,12,-3442,428,7442
(439.880)[I]: [5],0,2,4,0,-3813,1855,6747(439.880)[I]: [6],0,63,62,11,-3414,424,7449
(439.890)[I]: [5],0,2,0,0,-3884,1734,6679(439.890)[I]: [6],0,67,62,10,-3385,419,7455
(439.900)[I]: [5],0,2,0,0,-3946,1614,6611(439.900)[I]: [6],0,68,63,7,-3357,414,7462
(439.910)[I]: [5],0,2,0,0,-3997,1496,6541(439.910)[I]: [6],0,67,63,7,-3329,409,7468
(439.920)[I]: [5],0,2,0,0,-4037,1389,6470(439.920)[I]: [6],0,69,63,8,-3301,404,7474
(439.930)[I]: [5],0,2,0,0,-4067,1299,6399(439.930)[I]: [6],0,68,67,7,-3273,400,7480
(439.940)[I]: [5],0,2,0,0,-4086,1226,6327(439.940)[I]: [6],0,69,68,6,-3246,395,7487
(439.950)[I]: [5],0,2,4,0,-4098,1173,6250(439.950)[I]: [6],0,70,69,6,-3218,391,7493
(439.960)[I]: [5],0,3,0,0,-4099,1141,6173(439.960)[I]: [6],0,69,70,6,-3191,386,7499
(439.970)[I]: [5],0,3,0,0,-4091,1118,6089(439.970)[I]: [6],0,71,72,6,-3164,382,7505
(439.980)[I]: [5],0,3,0,0,-4075,1105,6001(439.980)[I]: [6],0,71,72,6,-3137,377,7511
(439.990)[I]: [5],0,2,0,0,-4053,1096,5909(439.990)[I]: [6],0,71,74,6,-3110,372,7516
(439.999)[I]: [5],0,2,0,0,-4029,1085,5808(439.999)[I]: [6],0,71,76,5,-3083,366,7521
(439.999)[I]: [5],0,2,0,0,-4007,1070,5698(439.999)[I]: [6],1,73,76,5,-3056,362,7527
(439.999)[I]: [5],0,2,0,0,-3987,1052,5579(439.999)[I]: [6],1,75,79,5,-3030,357,7532
(440.006)[I]: [5],0,2,0,0,-3972,1029,5451(440.006)[I]: [6],2,75,81,5,-3004,353,7537
(440.016)[I]: [5],0,2,0,0,-3963,1004,5316(440.016)[I]: [6],2,77,84,5,-2978,347,7542
(440.026)[I]: [5],0,3,4,0,-3958,978,5180(440.026)[I]: [6],2,78,88,5,-2952,343,7547
(440.036)[I]: [5],0,3,0,0,-3957,950,5046(440.036)[I]: [6],2,77,88,4,-2926,338,7552
(440.046)[I]: [5],0,3,0,0,-3958,917,4916(440.046)[I]: [6],2,77,91,4,-2901,333,7556
(440.056)[I]: [5],0,2,0,0,-3961,878,4790(440.056)[I]: [6],2,76,93,5,-2875,328,7561
(440.066)[I]: [5],0,2,0,0,-3965,830,4661(440.066)[I]: [6],2,75,96,5,-2850,323,7565
(440.076)[I]: [5],0,3,0,0,-3974,771,4528(440.076)[I]: [6],2,76,98,4,-2825,318,7570
(440.086)[I]: [5],0,2,0,0,-3985,701,4386(440.086)[I]: [6],3,75,102,5,-2800,313,7574
(440.096)[I]: [5],0,3,0,0,-3998,625,4238(440.096)[I]: [6],3,74,104,4,-2775,308,7578
(440.106)[I]: [5],0,2,0,0,-4011,549,4090(440.106)[I]: [6],3,74,107,4,-2751,303,7583
(440.116)[I]: [5],0,2,0,0,-4024,478,3949(440.116)[I]: [6],3,72,108,4,-2726,299,7587
(440.126)[I]: [5],0,1,0,0,-4034,416,3821(440.126)[I]: [6],3,71,110,5,-2702,294,7591
(440.136)[I]: [5],0,2,0,0,-4042,361,3711(440.136)[I]: [6],3,70,110,4,-2678,290,7595
(440.146)[I]: [5],0,3,0,0,-4045,314,3623(440.146)[I]: [6],3,69,113,5,-2654,285,7599
(440.156)[I]: [5],0,3,0,0,-4042,278,3565(440.156)[I]: [6],2,67,115,4,-2630,281,7603
(440.166)[I]: [5],0,2,0,0,-4035,251,3538(440.166)[I]: [6],2,67,117,4,-2606,277,7607
(440.176)[I]: [5],0,2,0,0,-4023,236,3538(440.176)[I]: [6],2,66,118,4,-2583,272,7611
(440.186)[I]: [5],0,2,0,0,-4007,232,3557(440.186)[I]: [6],2,63,119,5,-2560,268,7615
(440.196)[I]: [5],0,1,0,0,-3987,220,3572(440.196)[I]: [6],2,63,120,4,-2537,264,7618
(440.206)[I]: [5],0,1,0,1,-3964,199,3570(440.206)[I]: [6],2,63,121,5,-2514,260,7622
(440.216)[I]: [5],0,2,0,4,-3930,302,3710(440.216)[I]: [6],2,63,121,5,-2491,255,7626
(440.226)[I]: [5],0,1,0,5,-3890,297,3848(440.226)[I]: [6],1,63,123,4,-2468,251,7629
(440.236)[I]: [5],0,1,0,5,-3855,359,3974(440.236)[I]: [6],1,62,123,4,-2446,247,7633
(440.246)[I]: [5],0,1,0,4,-3827,397,4076(440.246)[I]: [6],0,62,121,4,-2423,243,7636
(440.256)[I]: [5],0,2,0,4,-3809,415,4155(440.256)[I]: [6],0,62,125,4,-2401,239,7639
(440.266)[I]: [5],0,2,0,3,-3799,432,4230(440.266)[I]: [6],0,63,127,3,-2379,234,7642
(440.276)[I]: [5],0,2,0,2,-3796,459,4324(440.276)[I]: [6],0,63,127,3,-2358,229,7645
(440.286)[I]: [5],0,4,4,2,-3794,489,4419(440.286)[I]: [6],0,63,131,3,-2336,225,7648
(440.296)[I]: [5],0,3,4,2,-3783,511,4480(440.296)[I]: [6],0,63,131,3,-2315,220,7651
(440.306)[I]: [5],0,3,8,2,-3769,538,4514(440.306)[I]: [6],0,63,134,3,-2293,216,7654
(440.316)[I]: [5],0,5,12,2,-3753,559,4536(440.317)[I]: [6],0,62,138,3,-2272,213,7657
(440.326)[I]: [5],0,5,16,2,-3738,572,4547(440.327)[I]: [6],0,62,140,3,-2251,209,7660
(440.336)[I]: [5],0,6,16,3,-3709,572,4554(440.337)[I]: [6],0,62,147,3,-2230,204,7663
(440.346)[I]: [5],0,7,16,3,-3688,566,4558(440.346)[I]: [6],0,63,150,3,-2210,200,7665
(440.356)[I]: [5],0,5,16,3,-3675,556,4562(440.357)[I]: [6],0,63,156,3,-2189,195,7668
(440.366)[I]: [5],0,7,16,4,-3662,548,4568(440.367)[I]: [6],0,66,163,3,-2174,191,7666
(440.376)[I]: [5],0,7,20,4,-3647,542,4577(440.377)[I]: [6],0,69,167,3,-2164,191,7659
(440.386)[I]: [5],0,7,20,4,-3634,536,4586(440.387)[I]: [6],0,71,177,3,-2154,192,7647
(440.396)[I]: [5],0,6,24,4,-3620,529,4594(440.397)[I]: [6],0,75,188,2,-2145,203,7626
(440.406)[I]: [5],0,9,20,4,-3607,518,4597(440.407)[I]: [6],3,78,195,2,-2137,220,7598
(440.416)[I]: [5],0,12,28,5,-3595,504,4597(440.417)[I]: [6],3,84,199,2,-2129,237,7566
(440.426)[I]: [5],0,15,24,6,-3582,490,4595(440.427)[I]: [6],3,87,197,2,-2119,250,7525
(440.436)[I]: [5],0,15,24,6,-3562,480,4594(440.437)[I]: [6],4,93,193,2,-2113,240,7457
(440.446)[I]: [5],2,19,36,10,-3535,472,4597(440.447)[I]: [6],6,96,182,2,-2105,219,7357
(440.456)[I]: [5],4,22,36,10,-3507,464,4599(440.457)[I]: [6],5,92,170,2,-2099,197,7241
(440.466)[I]: [5],5,22,44,13,-3494,470,4610(440.467)[I]: [6],6,87,146,2,-2093,170,7114
(440.476)[I]: [5],6,29,44,14,-3481,479,4627(440.477)[I]: [6],7,79,131,2,-2088,160,6977
(440.486)[I]: [5],6,34,56,16,-3467,487,4645(440.487)[I]: [6],6,67,97,2,-2080,164,6817
(440.496)[I]: [5],9,37,64,17,-3453,492,4659(440.497)[I]: [6],5,54,68,2,-2071,147,6640
(440.506)[I]: [5],14,40,72,18,-3426,485,4662(440.507)[I]: [6],6,45,44,2,-2057,115,6450
(440.516)[I]: [5],17,41,80,20,-3398,478,4665(440.517)[I]: [6],6,29,26,2,-2037,88,6254
(440.526)[I]: [5],23,44,84,20,-3385,479,4663(440.527)[I]: [6],6,31,24,2,-2027,34,6053
(440.536)[I]: [5],27,47,80,23,-3372,479,4660(440.537)[I]: [6],8,22,22,2,-2021,-17,5848
(440.546)[I]: [5],26,48,80,24,-3352,476,4659(440.547)[I]: [6],5,23,12,2,-1990,-53,5647
(440.556)[I]: [5],27,48,76,27,-3332,471,4658(440.557)[I]: [6],5,17,10,2,-1952,-116,5447
(440.566)[I]: [5],26,50,76,31,-3318,469,4653(440.567)[I]: [6],3,11,7,2,-1910,-205,5252
(440.576)[I]: [5],27,51,76,34,-3306,465,4646(440.577)[I]: [6],0,12,6,2,-1843,-293,5058
(440.586)[I]: [5],26,51,76,36,-3293,462,4641(440.587)[I]: [6],0,12,6,3,-1764,-379,4911
(440.596)[I]: [5],24,52,80,42,-3273,459,4641(440.597)[I]: [6],0,14,6,3,-1658,-468,4819
(440.606)[I]: [5],24,51,84,41,-3254,455,4640(440.607)[I]: [6],0,14,6,3,-1523,-571,4763
(440.616)[I]: [5],22,49,84,43,-3227,449,4643(440.617)[I]: [6],0,14,6,3,-1366,-658,4772
(440.626)[I]: [5],21,50,88,42,-3208,446,4642(440.627)[I]: [6],0,14,5,3,-1184,-722,4819
(440.636)[I]: [5],20,48,88,42,-3181,440,4645(440.637)[I]: [6],0,13,5,2,-976,-788,4877
(440.646)[I]: [5],18,47,84,42,-3162,437,4645(440.647)[I]: [6],0,13,4,2,-755,-864,4927
(440.656)[I]: [5],17,44,84,41,-3136,433,4649(440.657)[I]: [6],0,12,4,2,-540,-962,4964
(440.666)[I]: [5],17,44,84,40,-3110,428,4652(440.667)[I]: [6],0,11,3,2,-351,-1081,4992
(440.676)[I]: [5],16,43,88,39,-3084,424,4656(440.677)[I]: [6],0,11,3,2,-204,-1218,5016
(440.686)[I]: [5],15,42,88,33,-3058,419,4659(440.687)[I]: [6],0,10,3,2,-106,-1368,5039
(440.696)[I]: [5],14,40,88,32,-3033,414,4662(440.697)[I]: [6],0,9,3,3,-61,-1523,5066
(440.706)[I]: [5],12,38,84,31,-3008,410,4665(440.707)[I]: [6],0,9,3,3,-59,-1671,5102
(440.716)[I]: [5],11,35,84,31,-2982,405,4668(440.717)[I]: [6],0,9,3,3,-108,-1808,5154
(440.726)[I]: [5],7,34,80,28,-2957,399,4671(440.727)[I]: [6],0,8,3,3,-188,-1919,5218
(440.736)[I]: [5],6,31,80,28,-2932,395,4674(440.737)[I]: [6],0,8,3,3,-293,-2002,5283
(440.746)[I]: [5],6,31,84,28,-2907,391,4677(440.747)[I]: [6],0,8,3,3,-410,-2055,5346
(440.756)[I]: [5],5,28,76,27,-2883,387,4680(440.757)[I]: [6],0,8,4,3,-532,-2077,5405
(440.766)[I]: [5],3,28,72,26,-2858,383,4683(440.767)[I]: [6],0,8,3,3,-655,-2060,5460
(440.776)[I]: [5],3,25,72,25,-2833,377,4685(440.777)[I]: [6],0,8,3,3,-777,-2006,5514
(440.786)[I]: [5],3,26,72,25,-2809,372,4688(440.787)[I]: [6],0,8,3,3,-893,-1921,5575
(440.796)[I]: [5],4,26,68,26,-2792,369,4687(440.797)[I]: [6],0,8,3,3,-1001,-1817,5645
(440.806)[I]: [5],5,27,68,27,-2767,365,4690(440.807)[I]: [6],0,9,3,3,-1103,-1711,5727
(440.816)[I]: [5],4,23,68,28,-2750,361,4689(440.817)[I]: [6],0,8,3,3,-1197,-1604,5822
(440.826)[I]: [5],3,24,68,28,-2739,356,4683(440.827)[I]: [6],0,8,3,3,-1283,-1501,5933
(440.836)[I]: [5],3,23,68,28,-2729,351,4676(440.837)[I]: [6],0,8,3,3,-1357,-1400,6060
(440.846)[I]: [5],4,22,68,30,-2719,346,4670(440.847)[I]: [6],0,8,3,3,-1420,-1295,6203
(440.856)[I]: [5],3,23,72,32,-2696,341,4673(440.857)[I]: [6],0,8,3,3,-1467,-1183,6359
(440.866)[I]: [5],3,24,72,32,-2672,334,4674(440.867)[I]: [6],0,9,3,3,-1495,-1061,6524
(440.876)[I]: [5],3,24,76,35,-2649,330,4676(440.877)[I]: [6],0,8,3,3,-1505,-942,6692
(440.886)[I]: [5],4,23,76,40,-2626,324,4678(440.887)[I]: [6],0,8,3,3,-1504,-824,6864
(440.896)[I]: [5],4,24,76,46,-2603,320,4681(440.897)[I]: [6],0,8,3,3,-1496,-703,7041
(440.906)[I]: [5],3,24,76,48,-2580,316,4683(440.907)[I]: [6],0,8,3,3,-1485,-583,7222
(440.916)[I]: [5],3,25,72,48,-2557,312,4685(440.917)[I]: [6],0,9,3,3,-1473,-466,7403
(440.926)[I]: [5],3,25,76,51,-2535,306,4687(440.927)[I]: [6],0,9,3,3,-1462,-352,7577
(440.936)[I]: [5],3,25,76,53,-2512,303,4690(440.937)[I]: [6],0,9,3,3,-1454,-242,7739
(440.946)[I]: [5],4,26,76,54,-2490,300,4692(440.947)[I]: [6],0,9,2,3,-1451,-136,7888
(440.956)[I]: [5],3,26,80,55,-2468,296,4694(440.957)[I]: [6],0,7,2,3,-1451,-28,8025
(440.966)[I]: [5],3,27,84,55,-2446,292,4696(440.967)[I]: [6],0,7,3,3,-1451,82,8150
(440.976)[I]: [5],3,27,84,57,-2424,289,4699(440.977)[I]: [6],0,7,3,3,-1452,194,8264
(440.986)[I]: [5],3,27,84,57,-2403,285,4701(440.987)[I]: [6],0,7,3,3,-1451,303,8365
(440.996)[I]: [5],3,29,84,56,-2381,281,4703(440.997)[I]: [6],0,6,3,3,-1452,402,8459
(440.999)[I]: [5],3,30,88,57,-2360,276,4705(440.999)[I]: [6],0,7,3,3,-1454,492,8546
(440.999)[I]: [5],3,30,92,55,-2338,272,4706(440.999)[I]: [6],0,7,3,3,-1456,566,8626
(441.002)[I]: [5],3,29,96,55,-2317,268,4708(441.003)[I]: [6],0,9,3,3,-1457,622,8695
(441.012)[I]: [5],1,30,96,56,-2296,265,4710(441.013)[I]: [6],0,7,3,3,-1458,661,8745
(441.022)[I]: [5],0,31,96,54,-2276,261,4712(441.023)[I]: [6],0,5,2,3,-1459,685,8776
(441.032)[I]: [5],0,31,100,54,-2255,256,4713(441.033)[I]: [6],0,7,3,3,-1463,703,8786
(441.042)[I]: [5],0,31,108,52,-2235,252,4715(441.043)[I]: [6],0,5,3,3,-1471,714,8778
(441.052)[I]: [5],0,31,116,53,-2214,249,4717(441.053)[I]: [6],0,6,1,3,-1481,711,8756
(441.062)[I]: [5],0,36,120,52,-2194,245,4719(441.063)[I]: [6],0,5,1,3,-1492,721,8737
(441.072)[I]: [5],0,35,124,50,-2184,245,4726(441.073)[I]: [6],0,5,1,3,-1502,718,8721
(441.082)[I]: [5],0,38,136,43,-2173,244,4736(441.083)[I]: [6],0,5,3,3,-1536,491,8559
(441.092)[I]: [5],3,39,140,28,-2163,244,4751(441.093)[I]: [6],0,5,3,5,-1448,448,8386
(441.102)[I]: [5],3,51,144,21,-2152,245,4769(441.103)[I]: [6],0,5,3,3,-1497,317,8235
(441.112)[I]: [5],3,57,156,19,-2141,246,4793(441.113)[I]: [6],0,4,3,3,-1487,282,8183
(441.122)[I]: [5],8,71,160,13,-2129,248,4820(441.123)[I]: [6],0,6,4,3,-1506,279,8190
(441.132)[I]: [5],11,77,164,10,-2118,253,4850(441.133)[I]: [6],0,7,5,3,-1500,290,8198
(441.142)[I]: [5],15,84,168,10,-2106,257,4882(441.143)[I]: [6],0,7,5,3,-1482,278,8162
(441.152)[I]: [5],21,97,176,6,-2095,263,4922(441.153)[I]: [6],0,8,8,5,-1461,247,8092
(441.162)[I]: [5],25,107,180,4,-2083,269,4966(441.163)[I]: [6],0,9,15,6,-1450,201,8006
(441.172)[I]: [5],31,118,176,4,-2072,277,5013(441.173)[I]: [6],0,12,23,8,-1441,142,7915
(441.182)[I]: [5],35,134,176,0,-2061,305,5071(441.183)[I]: [6],0,13,25,8,-1433,87,7844
(441.192)[I]: [5],42,143,172,0,-2052,328,5135(441.193)[I]: [6],0,15,29,8,-1426,58,7811
(441.202)[I]: [5],51,153,124,0,-2038,352,5263(441.203)[I]: [6],0,15,37,9,-1419,57,7805
(441.212)[I]: [5],57,143,92,0,-2019,378,5438(441.213)[I]: [6],0,19,40,11,-1413,66,7804
(441.222)[I]: [5],57,125,60,0,-1994,416,5636(441.223)[I]: [6],0,18,45,15,-1399,65,7805
(441.232)[I]: [5],52,83,40,0,-1964,482,5866(441.233)[I]: [6],0,20,47,19,-1386,61,7806
(441.242)[I]: [5],43,50,28,0,-1920,579,6121(441.243)[I]: [6],0,21,51,19,-1372,53,7806
(441.252)[I]: [5],31,34,24,0,-1873,699,6396(441.253)[I]: [6],0,24,55,22,-1368,56,7810
(441.262)[I]: [5],31,15,12,0,-1828,832,6690(441.263)[I]: [6],0,27,53,23,-1362,60,7815
(441.272)[I]: [5],20,9,12,0,-1786,962,6977(441.273)[I]: [6],0,24,57,25,-1349,57,7816
(441.282)[I]: [5],12,5,8,0,-1757,1077,7249(441.283)[I]: [6],0,30,59,25,-1336,53,7816
(441.292)[I]: [5],8,2,4,0,-1736,1140,7520(441.293)[I]: [6],0,31,62,27,-1323,48,7817
(441.302)[I]: [5],0,4,8,0,-1725,1145,7805(441.302)[I]: [6],0,31,63,27,-1310,49,7819
(441.312)[I]: [5],0,6,0,0,-1764,1097,8036(441.312)[I]: [6],0,34,66,28,-1297,45,7819
(441.322)[I]: [5],0,6,4,0,-1845,998,8240(441.322)[I]: [6],0,31,71,28,-1285,39,7819
(441.332)[I]: [5],0,6,4,0,-1969,864,8378(441.332)[I]: [6],0,31,74,27,-1272,36,7820
(441.342)[I]: [5],0,5,0,0,-2134,728,8439(441.342)[I]: [6],0,31,76,27,-1260,32,7821
(441.352)[I]: [5],0,5,0,0,-2323,575,8446(441.352)[I]: [6],0,31,75,26,-1247,28,7821
(441.362)[I]: [5],0,6,0,0,-2511,417,8433(441.362)[I]: [6],0,31,76,26,-1235,24,7821
(441.372)[I]: [5],0,6,0,0,-2680,273,8424(441.372)[I]: [6],0,31,76,26,-1223,20,7822
(441.382)[I]: [5],0,5,0,0,-2814,143,8427(441.382)[I]: [6],0,31,74,25,-1211,16,7822
(441.392)[I]: [5],0,5,4,0,-2905,37,8443(441.392)[I]: [6],0,31,75,25,-1200,11,7823
(441.402)[I]: [5],0,4,0,0,-2947,-56,8463(441.402)[I]: [6],0,34,74,24,-1188,8,7823
(441.412)[I]: [5],0,4,0,0,-2937,-153,8473(441.412)[I]: [6],0,31,74,24,-1176,4,7823
(441.422)[I]: [5],0,4,4,0,-2879,-249,8465(441.422)[I]: [6],0,31,71,22,-1165,0,7824
(441.432)[I]: [5],0,4,0,0,-2777,-331,8447(441.432)[I]: [6],0,30,70,21,-1153,-3,7824
(441.442)[I]: [5],0,4,0,0,-2641,-393,8426(441.442)[I]: [6],0,29,69,19,-1142,-6,7825
(441.452)[I]: [5],0,4,0,0,-2485,-425,8406(441.452)[I]: [6],0,30,69,18,-1131,-10,7825
(441.462)[I]: [5],0,4,0,0,-2320,-427,8383(441.462)[I]: [6],0,29,69,18,-1120,-13,7825
(441.472)[I]: [5],0,3,0,0,-2156,-400,8352(441.472)[I]: [6],0,29,68,15,-1109,-17,7826
(441.482)[I]: [5],0,4,0,0,-2001,-348,8307(441.482)[I]: [6],0,29,67,15,-1098,-21,7826
(441.492)[I]: [5],0,3,0,0,-1858,-274,8250(441.492)[I]: [6],0,28,63,13,-1087,-24,7826
(441.502)[I]: [5],0,3,0,0,-1732,-186,8183(441.502)[I]: [6],0,28,63,12,-1077,-28,7827
(441.512)[I]: [5],0,3,0,0,-1628,-95,8106(441.512)[I]: [6],0,28,62,12,-1066,-31,7827
(441.522)[I]: [5],0,3,0,0,-1542,-5,8022(441.522)[I]: [6],0,29,62,13,-1056,-35,7827
(441.532)[I]: [5],0,3,0,0,-1477,74,7929(441.532)[I]: [6],0,29,61,12,-1045,-39,7827
(441.542)[I]: [5],0,3,0,0,-1431,141,7827(441.542)[I]: [6],0,29,61,13,-1035,-42,7828
(441.552)[I]: [5],0,3,0,0,-1402,188,7710(441.552)[I]: [6],0,29,60,13,-1025,-46,7828
(441.562)[I]: [5],0,3,0,0,-1388,226,7578(441.562)[I]: [6],0,29,60,13,-1015,-49,7828
(441.572)[I]: [5],0,2,0,0,-1385,255,7432(441.572)[I]: [6],0,29,60,13,-1005,-53,7828
(441.582)[I]: [5],0,2,0,0,-1392,273,7276(441.582)[I]: [6],0,29,62,13,-995,-56,7829
(441.592)[I]: [5],0,2,0,0,-1406,307,7110(441.592)[I]: [6],0,28,63,13,-985,-60,7829
(441.602)[I]: [5],0,2,0,0,-1424,343,6936(441.602)[I]: [6],0,28,63,14,-976,-63,7829
(441.612)[I]: [5],0,2,0,0,-1443,374,6752(441.612)[I]: [6],0,28,67,14,-966,-67,7829
(441.622)[I]: [5],0,2,0,0,-1461,396,6562(441.622)[I]: [6],0,29,69,14,-957,-70,7829
(441.632)[I]: [5],0,2,0,0,-1480,408,6367(441.632)[I]: [6],0,29,69,14,-947,-73,7830
(441.642)[I]: [5],0,3,0,0,-1500,410,6172(441.642)[I]: [6],0,30,70,15,-938,-77,7830
(441.652)[I]: [5],0,3,0,0,-1524,404,5978(441.652)[I]: [6],0,30,72,15,-929,-80,7830
(441.662)[I]: [5],0,3,0,0,-1553,391,5789(441.662)[I]: [6],0,30,73,17,-920,-83,7830
(441.672)[I]: [5],0,3,0,0,-1585,373,5609(441.672)[I]: [6],0,31,75,17,-910,-86,7830
(441.682)[I]: [5],0,3,0,0,-1618,352,5436(441.682)[I]: [6],0,31,76,17,-902,-89,7830
(441.692)[I]: [5],0,3,0,0,-1650,328,5269(441.692)[I]: [6],0,30,78,18,-893,-91,7831
(441.702)[I]: [5],0,3,0,0,-1679,308,5108(441.702)[I]: [6],0,30,79,18,-884,-94,7831
(441.712)[I]: [5],0,3,0,0,-1703,291,4955(441.712)[I]: [6],0,31,79,18,-875,-98,7831
(441.722)[I]: [5],0,3,0,0,-1721,283,4813(441.722)[I]: [6],0,31,80,18,-866,-100,7831
(441.732)[I]: [5],0,3,0,0,-1733,276,4686(441.732)[I]: [6],0,31,80,18,-858,-103,7831
(441.742)[I]: [5],0,3,0,0,-1743,264,4572(441.742)[I]: [6],0,31,81,18,-849,-106,7831
(441.752)[I]: [5],0,3,0,0,-1750,245,4465(441.752)[I]: [6],0,31,81,18,-841,-108,7832
(441.762)[I]: [5],0,3,0,0,-1752,221,4366(441.762)[I]: [6],0,35,79,17,-833,-111,7832
(441.772)[I]: [5],0,3,0,0,-1752,197,4275(441.772)[I]: [6],0,35,79,17,-825,-114,7832
(441.782)[I]: [5],0,3,0,0,-1752,171,4192(441.782)[I]: [6],0,35,79,18,-816,-117,7832
(441.792)[I]: [5],0,3,0,0,-1746,142,4123(441.792)[I]: [6],0,35,79,18,-808,-120,7832
(441.802)[I]: [5],0,3,0,0,-1730,107,4069(441.802)[I]: [6],0,37,78,18,-800,-123,7832
(441.812)[I]: [5],0,3,0,0,-1698,74,4034(441.812)[I]: [6],0,38,81,18,-793,-126,7832
(441.822)[I]: [5],0,3,0,0,-1650,41,4014(441.822)[I]: [6],0,44,81,17,-785,-129,7829
(441.832)[I]: [5],0,3,0,0,-1593,13,4001(441.832)[I]: [6],0,48,88,17,-780,-132,7827
(441.842)[I]: [5],0,3,0,0,-1534,-8,3991(441.842)[I]: [6],0,54,88,14,-776,-137,7820
(441.852)[I]: [5],2,1,0,10,-1477,117,4178(441.853)[I]: [6],0,57,91,13,-771,-142,7812
(441.862)[I]: [5],0,2,0,15,-1403,129,4355(441.862)[I]: [6],0,57,94,9,-766,-149,7801
(441.872)[I]: [5],0,1,0,16,-1364,122,4491(441.872)[I]: [6],0,63,94,5,-761,-160,7783
(441.882)[I]: [5],0,1,0,15,-1353,97,4552(441.882)[I]: [6],0,71,98,5,-755,-174,7760
(441.892)[I]: [5],0,1,0,11,-1345,60,4591(441.892)[I]: [6],1,76,105,3,-750,-191,7735
(441.902)[I]: [5],0,1,0,12,-1339,31,4614(441.902)[I]: [6],2,83,106,3,-745,-207,7709
(441.912)[I]: [5],0,3,12,15,-1335,26,4660(441.913)[I]: [6],4,91,108,3,-741,-223,7687
(441.922)[I]: [5],0,3,12,17,-1333,54,4717(441.923)[I]: [6],5,94,110,3,-736,-237,7666
(441.932)[I]: [5],0,5,36,20,-1329,77,4762(441.933)[I]: [6],6,95,107,2,-731,-247,7644
(441.942)[I]: [5],0,10,40,21,-1322,95,4795(441.943)[I]: [6],7,97,89,2,-725,-254,7613
(441.952)[I]: [5],0,11,52,24,-1316,99,4818(441.953)[I]: [6],6,99,89,2,-717,-267,7567
(441.962)[I]: [5],1,12,68,30,-1311,98,4836(441.963)[I]: [6],6,95,79,2,-710,-285,7475
(441.972)[I]: [5],2,14,68,38,-1306,101,4848(441.973)[I]: [6],6,86,60,2,-701,-298,7344
(441.982)[I]: [5],1,18,76,48,-1301,103,4858(441.983)[I]: [6],6,67,47,2,-693,-302,7191
(441.992)[I]: [5],2,19,84,54,-1296,102,4867(441.993)[I]: [6],4,56,25,2,-686,-292,7033
(441.999)[I]: [5],3,21,88,56,-1291,100,4874(441.999)[I]: [6],3,37,15,2,-678,-246,6861
(441.999)[I]: [5],3,25,92,60,-1285,101,4881(441.999)[I]: [6],2,25,10,2,-658,-185,6664
(441.999)[I]: [5],4,26,96,63,-1278,103,4887(441.999)[I]: [6],3,16,10,2,-636,-130,6451
(442.008)[I]: [5],5,25,84,64,-1266,100,4888(442.009)[I]: [6],2,12,9,2,-596,-71,6230
(442.018)[I]: [5],5,29,96,66,-1254,97,4888(442.019)[I]: [6],1,15,7,2,-548,-17,5995
(442.028)[I]: [5],8,31,104,69,-1241,93,4888(442.029)[I]: [6],0,12,8,3,-484,21,5741
(442.038)[I]: [5],7,31,104,68,-1229,88,4888(442.039)[I]: [6],0,15,6,2,-396,36,5519
(442.048)[I]: [5],6,37,96,69,-1218,83,4888(442.049)[I]: [6],0,11,7,3,-287,32,5346
(442.058)[I]: [5],7,41,100,68,-1206,79,4889(442.059)[I]: [6],0,10,6,2,-165,-12,5223
(442.068)[I]: [5],5,39,96,67,-1194,76,4889(442.069)[I]: [6],0,13,6,3,-35,-93,5176
(442.078)[I]: [5],5,39,100,60,-1183,71,4889(442.079)[I]: [6],0,14,6,2,105,-195,5167
(442.088)[I]: [5],6,38,108,56,-1171,67,4889(442.089)[I]: [6],0,14,5,3,253,-317,5173
(442.098)[I]: [5],4,36,108,54,-1160,63,4889(442.099)[I]: [6],0,15,3,2,403,-441,5179
(442.108)[I]: [5],5,31,112,50,-1154,67,4888(442.109)[I]: [6],0,14,4,2,545,-568,5179
(442.118)[I]: [5],5,31,116,44,-1148,71,4888(442.119)[I]: [6],0,13,4,3,668,-695,5177
(442.128)[I]: [5],5,29,120,43,-1142,77,4888(442.129)[I]: [6],0,13,4,3,763,-823,5174
(442.138)[I]: [5],4,28,124,30,-1136,82,4889(442.139)[I]: [6],0,10,4,3,817,-957,5172
(442.148)[I]: [5],3,23,124,27,-1131,88,4890(442.149)[I]: [6],0,10,4,3,851,-1075,5183
(442.158)[I]: [5],4,21,124,24,-1125,93,4891(442.159)[I]: [6],0,10,4,2,845,-1202,5215
(442.168)[I]: [5],3,20,124,21,-1119,99,4892(442.169)[I]: [6],0,10,3,2,807,-1319,5275
(442.178)[I]: [5],3,19,124,20,-1110,101,4893(442.179)[I]: [6],0,9,3,3,740,-1408,5351
(442.188)[I]: [5],3,19,124,19,-1100,99,4893(442.189)[I]: [6],0,9,4,3,654,-1465,5433
(442.198)[I]: [5],2,18,124,18,-1089,97,4894(442.199)[I]: [6],0,9,3,3,558,-1491,5518
(442.208)[I]: [5],2,22,124,18,-1078,95,4894(442.209)[I]: [6],0,10,4,3,457,-1482,5603
(442.218)[I]: [5],1,21,124,17,-1068,91,4894(442.219)[I]: [6],0,9,3,2,355,-1440,5686
(442.228)[I]: [5],0,19,132,17,-1057,87,4894(442.229)[I]: [6],0,10,3,3,254,-1375,5768
(442.238)[I]: [5],0,19,136,17,-1047,84,4894(442.239)[I]: [6],0,10,3,3,157,-1294,5850
(442.248)[I]: [5],0,18,136,17,-1037,82,4895(442.249)[I]: [6],0,9,3,3,61,-1207,5938
(442.258)[I]: [5],0,17,140,17,-1027,78,4895(442.259)[I]: [6],0,10,3,3,-28,-1118,6033
(442.268)[I]: [5],0,16,140,17,-1017,75,4895(442.269)[I]: [6],0,10,3,3,-111,-1023,6137
(442.278)[I]: [5],0,15,140,17,-1007,73,4895(442.279)[I]: [6],0,9,4,3,-179,-929,6249
(442.288)[I]: [5],0,18,140,17,-997,70,4895(442.289)[I]: [6],0,10,4,3,-233,-831,6371
(442.298)[I]: [5],0,17,140,17,-987,62,4895(442.299)[I]: [6],0,9,4,3,-260,-723,6509
(442.308)[I]: [5],0,17,144,18,-978,60,4895(442.309)[I]: [6],0,9,4,3,-266,-611,6665
(442.318)[I]: [5],0,17,148,19,-968,58,4895(442.319)[I]: [6],0,9,4,3,-246,-508,6836
(442.328)[I]: [5],0,16,148,20,-959,57,4896(442.329)[I]: [6],0,9,4,3,-212,-416,7011
(442.338)[I]: [5],0,16,148,22,-949,54,4896(442.339)[I]: [6],0,9,4,3,-170,-344,7184
(442.348)[I]: [5],0,15,148,23,-940,52,4896(442.349)[I]: [6],0,9,4,3,-133,-296,7348
(442.358)[I]: [5],0,15,148,25,-931,48,4896(442.359)[I]: [6],0,9,4,3,-104,-265,7504
(442.368)[I]: [5],0,13,144,27,-922,45,4896(442.369)[I]: [6],0,8,4,3,-88,-236,7648
(442.378)[I]: [5],0,12,144,28,-912,42,4896(442.379)[I]: [6],0,9,3,3,-85,-200,7779
(442.388)[I]: [5],0,10,144,31,-904,39,4896(442.389)[I]: [6],0,7,3,3,-90,-146,7894
(442.398)[I]: [5],0,11,140,41,-897,35,4894(442.399)[I]: [6],0,8,4,3,-102,-74,8000
(442.408)[I]: [5],0,13,136,46,-888,33,4894(442.409)[I]: [6],0,8,4,3,-118,11,8105
(442.418)[I]: [5],0,13,124,49,-886,28,4889(442.419)[I]: [6],0,7,2,3,-136,100,8213
(442.428)[I]: [5],0,13,124,51,-877,25,4889(442.429)[I]: [6],0,8,3,3,-157,181,8327
(442.438)[I]: [5],0,13,124,55,-869,22,4889(442.439)[I]: [6],0,9,2,3,-179,251,8444
(442.448)[I]: [5],0,11,124,57,-860,20,4889(442.449)[I]: [6],0,9,3,3,-200,305,8557
(442.458)[I]: [5],0,11,124,57,-852,17,4889(442.459)[I]: [6],0,8,2,3,-217,350,8662
(442.468)[I]: [5],0,10,120,57,-843,14,4889(442.469)[I]: [6],0,10,2,3,-221,391,8754
(442.478)[I]: [5],0,10,120,60,-835,11,4889(442.479)[I]: [6],0,10,3,3,-209,428,8827
(442.488)[I]: [5],0,9,120,57,-827,8,4889(442.488)[I]: [6],0,9,3,3,-184,457,8876
(442.498)[I]: [5],0,9,120,57,-819,6,4889(442.498)[I]: [6],0,9,3,3,-154,472,8897
(442.508)[I]: [5],0,9,120,56,-811,3,4889(442.508)[I]: [6],0,9,3,3,-128,470,8895
(442.518)[I]: [5],0,10,124,55,-803,1,4889(442.519)[I]: [6],0,8,3,3,-113,454,8883
(442.528)[I]: [5],0,11,124,56,-795,-1,4889(442.529)[I]: [6],0,9,2,3,-108,429,8882
(442.538)[I]: [5],0,11,124,53,-787,-3,4889(442.539)[I]: [6],0,9,2,3,-113,408,8901
(442.548)[I]: [5],0,17,140,50,-779,-5,4890(442.549)[I]: [6],0,8,3,3,-119,383,8932
(442.558)[I]: [5],0,19,140,45,-775,-6,4897(442.559)[I]: [6],0,9,2,3,-136,354,8959
(442.568)[I]: [5],2,22,148,40,-770,-6,4906(442.569)[I]: [6],0,8,4,4,-203,304,8798
(442.578)[I]: [5],3,29,156,24,-764,-4,4916(442.579)[I]: [6],0,7,3,8,-162,301,8578
(442.588)[I]: [5],3,34,172,19,-759,0,4929(442.589)[I]: [6],0,5,4,7,-113,216,8402
(442.598)[I]: [5],5,40,180,12,-754,7,4946(442.599)[I]: [6],0,7,4,6,-131,170,8266
(442.608)[I]: [5],7,57,192,11,-748,14,4967(442.609)[I]: [6],0,9,5,6,-162,139,8187
(442.618)[I]: [5],15,63,204,7,-743,23,4994(442.619)[I]: [6],0,10,9,6,-154,122,8150
(442.628)[I]: [5],22,71,216,3,-737,35,5029(442.629)[I]: [6],0,11,11,6,-152,114,8124
(442.638)[I]: [5],26,83,224,3,-733,51,5070(442.639)[I]: [6],0,11,15,7,-149,111,8103
(442.648)[I]: [5],31,90,232,1,-729,88,5110(442.649)[I]: [6],0,12,19,10,-151,102,8079
(442.658)[I]: [5],31,78,228,0,-727,134,5155(442.659)[I]: [6],0,15,22,12,-150,89,8053
(442.668)[I]: [5],33,75,212,0,-725,195,5242(442.669)[I]: [6],0,15,27,14,-149,79,8031
(442.678)[I]: [5],35,63,168,0,-720,226,5381(442.679)[I]: [6],0,18,31,15,-148,74,8018
(442.688)[I]: [5],34,46,124,0,-713,273,5569(442.689)[I]: [6],0,23,34,21,-148,73,8009
(442.698)[I]: [5],31,22,100,0,-696,329,5794(442.699)[I]: [6],0,25,31,24,-147,69,8009
(442.708)[I]: [5],27,15,48,0,-663,399,6043(442.709)[I]: [6],0,29,36,31,-145,65,8009
(442.718)[I]: [5],15,7,48,0,-632,519,6314(442.719)[I]: [6],0,31,38,37,-144,63,8003
(442.728)[I]: [5],10,4,36,0,-612,626,6584(442.729)[I]: [6],0,31,39,43,-142,57,8003
(442.738)[I]: [5],9,5,20,0,-584,698,6858(442.738)[I]: [6],0,34,40,47,-141,53,8003
(442.748)[I]: [5],4,4,12,0,-550,740,7143(442.749)[I]: [6],0,35,48,49,-139,49,8003
(442.758)[I]: [5],3,3,4,0,-512,735,7408(442.758)[I]: [6],0,38,49,51,-138,45,8003
(442.768)[I]: [5],0,3,4,0,-495,709,7662(442.768)[I]: [6],0,31,45,51,-137,41,8002
(442.778)[I]: [5],0,3,4,0,-512,616,7879(442.778)[I]: [6],0,36,52,51,-135,37,8002
(442.788)[I]: [5],0,3,4,0,-544,464,8081(442.788)[I]: [6],0,31,54,49,-134,32,8002
(442.798)[I]: [5],0,3,4,0,-595,301,8217(442.798)[I]: [6],0,35,54,48,-133,29,8002
(442.808)[I]: [5],0,3,4,0,-667,140,8321(442.808)[I]: [6],0,36,54,46,-131,25,8002
(442.818)[I]: [5],0,3,4,0,-753,-13,8409(442.818)[I]: [6],0,38,56,45,-130,21,8002
(442.828)[I]: [5],0,3,4,0,-848,-149,8501(442.828)[I]: [6],0,37,55,43,-129,17,8002
(442.838)[I]: [5],0,3,0,0,-945,-265,8605(442.838)[I]: [6],0,36,55,41,-127,13,8002
(442.848)[I]: [5],0,3,4,0,-1038,-364,8720(442.848)[I]: [6],0,34,54,39,-126,9,8002
(442.858)[I]: [5],0,3,4,0,-1121,-455,8842(442.858)[I]: [6],0,31,54,37,-125,5,8002
(442.868)[I]: [5],0,3,8,0,-1185,-546,8964(442.868)[I]: [6],0,31,54,35,-124,2,8002
(442.878)[I]: [5],0,4,8,0,-1224,-642,9076(442.878)[I]: [6],0,31,53,31,-122,-1,8002
(442.888)[I]: [5],0,3,8,0,-1236,-742,9173(442.888)[I]: [6],0,30,53,31,-121,-5,8002
(442.898)[I]: [5],0,4,8,0,-1217,-849,9241(442.898)[I]: [6],0,29,52,28,-120,-8,8002
(442.908)[I]: [5],0,3,4,0,-1168,-943,9277(442.908)[I]: [6],0,27,51,23,-119,-12,8001
(442.918)[I]: [5],0,3,4,0,-1092,-1013,9282(442.918)[I]: [6],0,28,53,22,-117,-15,8001
(442.928)[I]: [5],0,3,4,0,-996,-1057,9259(442.928)[I]: [6],0,27,51,21,-116,-19,8001
(442.938)[I]: [5],0,3,8,0,-890,-1073,9212(442.938)[I]: [6],0,25,47,20,-115,-21,8001
(442.948)[I]: [5],0,3,4,0,-781,-1070,9142(442.948)[I]: [6],0,26,47,19,-114,-25,8001
(442.958)[I]: [5],0,3,0,0,-674,-1052,9053(442.958)[I]: [6],0,24,47,20,-113,-28,8001
(442.968)[I]: [5],0,3,0,1,-575,-1023,8947(442.968)[I]: [6],0,23,46,20,-112,-31,8001
(442.978)[I]: [5],0,3,0,0,-486,-985,8827(442.978)[I]: [6],0,19,48,20,-111,-35,8001
(442.988)[I]: [5],0,3,0,0,-410,-940,8694(442.988)[I]: [6],0,19,47,20,-109,-38,8001
(442.998)[I]: [5],0,3,0,0,-350,-887,8553(442.998)[I]: [6],0,20,49,20,-108,-41,8001
(442.999)[I]: [5],0,3,0,0,-305,-828,8407(442.999)[I]: [6],0,21,51,19,-107,-43,8001
(442.999)[I]: [5],0,3,0,0,-272,-768,8256(442.999)[I]: [6],0,20,51,20,-106,-47,8001
(443.004)[I]: [5],0,3,0,0,-251,-707,8100(443.004)[I]: [6],0,19,53,21,-105,-50,8001
(443.014)[I]: [5],0,3,0,0,-238,-648,7940(443.014)[I]: [6],0,18,54,21,-104,-53,8001
(443.024)[I]: [5],0,3,0,0,-234,-594,7774(443.024)[I]: [6],0,18,55,22,-103,-56,8001
(443.034)[I]: [5],0,3,0,0,-234,-544,7603(443.034)[I]: [6],0,18,57,23,-102,-59,8001
(443.044)[I]: [5],0,2,0,0,-238,-504,7423(443.044)[I]: [6],0,18,61,22,-101,-62,8001
(443.054)[I]: [5],0,3,0,0,-246,-460,7239(443.054)[I]: [6],0,18,63,22,-100,-65,8001
(443.064)[I]: [5],0,3,0,0,-260,-419,7050(443.064)[I]: [6],0,19,68,22,-99,-68,8001
(443.074)[I]: [5],0,3,0,0,-281,-379,6861(443.074)[I]: [6],0,19,71,21,-98,-71,8001
(443.084)[I]: [5],0,3,0,0,-309,-341,6674(443.084)[I]: [6],0,20,76,21,-97,-73,8000
(443.094)[I]: [5],0,3,0,0,-344,-306,6488(443.094)[I]: [6],0,21,73,20,-96,-76,8000
(443.104)[I]: [5],0,2,0,0,-387,-276,6303(443.104)[I]: [6],0,21,77,21,-95,-79,8000
(443.114)[I]: [5],0,2,0,0,-433,-250,6118(443.114)[I]: [6],0,23,80,23,-94,-81,8000
(443.124)[I]: [5],0,2,0,0,-482,-226,5934(443.124)[I]: [6],0,22,83,23,-93,-84,8000
(443.134)[I]: [5],0,2,0,0,-532,-202,5752(443.134)[I]: [6],0,22,87,24,-92,-87,8000
(443.144)[I]: [5],0,2,0,0,-579,-170,5575(443.144)[I]: [6],0,23,88,23,-91,-89,8000
(443.154)[I]: [5],0,3,0,0,-616,-122,5405(443.154)[I]: [6],0,23,92,22,-90,-92,8000
(443.164)[I]: [5],0,3,0,0,-643,-58,5244(443.164)[I]: [6],0,23,92,22,-90,-95,8000
(443.174)[I]: [5],0,3,0,0,-662,14,5093(443.174)[I]: [6],0,24,95,21,-89,-97,8000
(443.184)[I]: [5],0,2,0,0,-670,92,4952(443.184)[I]: [6],0,24,99,21,-88,-100,8000
(443.194)[I]: [5],0,3,0,0,-673,163,4821(443.194)[I]: [6],0,24,99,20,-87,-102,8000
(443.204)[I]: [5],0,2,0,0,-671,219,4701(443.204)[I]: [6],0,25,102,20,-86,-105,8000
(443.214)[I]: [5],0,3,0,0,-666,258,4593(443.214)[I]: [6],0,26,103,19,-85,-107,8000
(443.224)[I]: [5],0,2,0,0,-657,281,4500(443.224)[I]: [6],0,26,107,18,-84,-110,8000
(443.234)[I]: [5],0,2,0,0,-646,299,4420(443.234)[I]: [6],0,27,108,18,-83,-112,8000
(443.244)[I]: [5],0,2,0,0,-635,309,4355(443.244)[I]: [6],0,28,108,18,-83,-114,8000
(443.254)[I]: [5],0,2,0,0,-627,317,4299(443.254)[I]: [6],0,31,109,15,-82,-117,8000
(443.264)[I]: [5],0,2,0,0,-626,324,4249(443.264)[I]: [6],0,31,114,14,-81,-119,8000
(443.274)[I]: [5],0,2,4,3,-636,327,4199(443.274)[I]: [6],0,35,115,14,-80,-121,8000
(443.284)[I]: [5],0,1,4,6,-607,216,4418(443.284)[I]: [6],0,36,119,14,-79,-124,8000
(443.294)[I]: [5],0,3,0,13,-608,145,4478(443.294)[I]: [6],0,37,124,12,-79,-126,8000
(443.304)[I]: [5],0,2,0,6,-616,61,4531(443.304)[I]: [6],0,39,127,11,-78,-128,8000
(443.314)[I]: [5],0,3,0,5,-615,44,4522(443.314)[I]: [6],0,40,135,8,-77,-131,7993
(443.324)[I]: [5],0,2,0,4,-618,45,4494(443.324)[I]: [6],0,43,143,6,-76,-132,7985
(443.334)[I]: [5],0,2,0,4,-626,76,4497(443.334)[I]: [6],0,48,149,5,-75,-134,7975
(443.344)[I]: [5],0,4,4,4,-634,98,4544(443.344)[I]: [6],0,53,154,4,-74,-137,7963
(443.354)[I]: [5],0,6,12,6,-647,119,4571(443.354)[I]: [6],0,61,157,3,-71,-141,7950
(443.364)[I]: [5],0,4,12,8,-647,121,4582(443.364)[I]: [6],0,68,165,3,-69,-144,7935
(443.374)[I]: [5],0,6,20,12,-644,116,4587(443.375)[I]: [6],0,71,167,3,-67,-149,7917
(443.384)[I]: [5],0,6,20,12,-642,94,4602(443.384)[I]: [6],0,75,172,3,-65,-153,7894
(443.394)[I]: [5],0,10,28,13,-641,76,4621(443.395)[I]: [6],0,79,178,2,-63,-153,7870
(443.404)[I]: [5],0,12,40,17,-639,64,4632(443.405)[I]: [6],1,83,171,2,-58,-142,7847
(443.414)[I]: [5],0,12,48,20,-636,67,4638(443.415)[I]: [6],1,81,161,2,-57,-121,7799
(443.424)[I]: [5],0,18,48,20,-633,80,4643(443.425)[I]: [6],1,73,154,2,-56,-120,7709
(443.434)[I]: [5],0,20,56,25,-630,93,4649(443.435)[I]: [6],1,73,122,2,-54,-99,7587
(443.444)[I]: [5],0,23,64,32,-627,100,4658(443.445)[I]: [6],1,63,107,2,-54,-62,7446
(443.454)[I]: [5],0,25,64,35,-626,101,4668(443.455)[I]: [6],1,47,79,2,-57,-9,7291
(443.464)[I]: [5],2,24,80,44,-623,100,4680(443.465)[I]: [6],0,35,57,2,-60,78,7124
(443.474)[I]: [5],3,31,88,50,-621,102,4690(443.475)[I]: [6],1,19,37,2,-62,172,6933
(443.484)[I]: [5],4,35,100,53,-618,102,4697(443.485)[I]: [6],0,15,24,2,-54,264,6734
(443.494)[I]: [5],3,29,104,54,-612,99,4697(443.495)[I]: [6],0,15,13,2,-41,347,6515
(443.504)[I]: [5],4,34,104,57,-605,97,4697(443.505)[I]: [6],0,12,10,2,-16,423,6277
(443.514)[I]: [5],6,34,108,60,-599,95,4697(443.515)[I]: [6],0,13,10,2,25,490,6018
(443.524)[I]: [5],6,40,108,57,-594,93,4697(443.525)[I]: [6],0,12,8,2,82,536,5739
(443.534)[I]: [5],6,42,112,57,-588,91,4697(443.535)[I]: [6],0,9,7,3,167,560,5502
(443.544)[I]: [5],6,39,112,57,-582,89,4697(443.545)[I]: [6],0,6,7,3,271,542,5313
(443.554)[I]: [5],7,41,112,57,-576,85,4697(443.555)[I]: [6],0,8,6,2,393,469,5171
(443.564)[I]: [5],7,42,112,57,-570,83,4697(443.565)[I]: [6],0,8,6,2,532,358,5097
(443.574)[I]: [5],5,43,108,57,-565,80,4697(443.575)[I]: [6],0,8,4,2,687,214,5047
(443.584)[I]: [5],6,43,108,57,-559,77,4697(443.585)[I]: [6],0,9,3,3,849,50,5009
(443.594)[I]: [5],6,43,100,57,-554,75,4697(443.595)[I]: [6],0,9,3,2,1013,-118,4971
(443.604)[I]: [5],6,42,100,53,-548,73,4697(443.605)[I]: [6],0,9,3,3,1165,-293,4935
(443.614)[I]: [5],5,40,96,49,-543,70,4697(443.615)[I]: [6],0,8,3,2,1296,-473,4901
(443.624)[I]: [5],5,39,92,46,-537,67,4697(443.625)[I]: [6],0,8,3,2,1391,-654,4870
(443.634)[I]: [5],5,36,92,40,-532,64,4696(443.635)[I]: [6],0,8,3,2,1457,-823,4853
(443.644)[I]: [5],5,31,88,32,-527,62,4696(443.645)[I]: [6],0,8,3,3,1483,-996,4860
(443.654)[I]: [5],6,35,84,25,-521,59,4696(443.655)[I]: [6],0,7,3,3,1468,-1173,4906
(443.664)[I]: [5],5,34,84,25,-516,56,4696(443.665)[I]: [6],0,8,2,3,1415,-1330,4988
(443.674)[I]: [5],3,31,88,23,-511,54,4696(443.675)[I]: [6],0,7,2,3,1324,-1452,5084
(443.684)[I]: [5],3,31,84,20,-506,51,4696(443.685)[I]: [6],0,7,3,3,1212,-1535,5183
(443.694)[I]: [5],3,28,88,19,-501,49,4696(443.695)[I]: [6],0,8,3,3,1087,-1573,5283
(443.704)[I]: [5],3,27,88,19,-496,47,4696(443.705)[I]: [6],0,8,3,3,955,-1569,5379
(443.714)[I]: [5],3,28,92,20,-491,44,4696(443.715)[I]: [6],0,8,3,3,826,-1531,5468
(443.724)[I]: [5],3,28,96,19,-486,43,4696(443.725)[I]: [6],0,8,3,3,703,-1471,5559
(443.734)[I]: [5],3,26,100,19,-481,40,4696(443.735)[I]: [6],0,7,3,3,591,-1390,5657
(443.744)[I]: [5],3,25,104,19,-477,37,4696(443.745)[I]: [6],0,7,3,3,490,-1296,5766
(443.754)[I]: [5],3,25,108,19,-472,35,4696(443.755)[I]: [6],0,7,3,3,401,-1196,5886
(443.764)[I]: [5],3,25,112,19,-467,32,4696(443.765)[I]: [6],0,7,3,3,323,-1093,6017
(443.774)[I]: [5],3,25,124,19,-463,31,4696(443.775)[I]: [6],0,7,3,3,256,-994,6153
(443.784)[I]: [5],3,25,124,19,-458,29,4696(443.785)[I]: [6],0,7,3,3,205,-899,6296
(443.794)[I]: [5],3,25,124,19,-453,26,4696(443.795)[I]: [6],0,7,3,3,167,-812,6447
(443.804)[I]: [5],3,25,136,19,-449,25,4696(443.805)[I]: [6],0,7,3,3,142,-747,6607
(443.814)[I]: [5],3,25,140,19,-444,23,4696(443.815)[I]: [6],0,7,3,3,123,-691,6775
(443.824)[I]: [5],3,26,140,19,-440,20,4696(443.825)[I]: [6],0,7,3,3,108,-639,6949
(443.834)[I]: [5],3,26,140,19,-436,18,4696(443.835)[I]: [6],0,7,3,3,98,-583,7125
(443.844)[I]: [5],3,26,144,20,-431,16,4696(443.845)[I]: [6],0,7,3,3,97,-525,7299
(443.854)[I]: [5],4,27,148,20,-427,13,4696(443.855)[I]: [6],0,7,3,3,98,-463,7469
(443.864)[I]: [5],4,27,152,19,-423,11,4695(443.865)[I]: [6],0,7,3,3,106,-397,7629
(443.874)[I]: [5],4,27,156,19,-419,9,4695(443.875)[I]: [6],0,7,3,3,113,-332,7780
(443.884)[I]: [5],3,29,164,18,-414,7,4695(443.885)[I]: [6],0,7,3,3,115,-269,7922
(443.894)[I]: [5],3,29,164,18,-410,6,4695(443.895)[I]: [6],0,7,3,3,108,-208,8062
(443.904)[I]: [5],3,30,168,17,-406,4,4695(443.905)[I]: [6],0,7,3,3,91,-149,8196
(443.914)[I]: [5],3,31,172,17,-402,2,4695(443.915)[I]: [6],0,7,3,3,68,-89,8326
(443.924)[I]: [5],3,30,176,17,-398,0,4695(443.925)[I]: [6],0,6,3,3,41,-24,8449
(443.934)[I]: [5],3,31,176,17,-394,-1,4695(443.935)[I]: [6],0,6,2,3,13,41,8567
(443.944)[I]: [5],3,30,180,18,-390,-2,4695(443.945)[I]: [6],0,7,3,3,-13,106,8676
(443.954)[I]: [5],3,31,184,19,-386,-5,4695(443.955)[I]: [6],0,7,2,3,-40,165,8775
(443.964)[I]: [5],4,30,184,18,-383,-7,4695(443.965)[I]: [6],0,7,3,3,-63,219,8860
(443.974)[I]: [5],3,31,188,19,-379,-9,4695(443.975)[I]: [6],0,8,3,3,-84,265,8931
(443.984)[I]: [5],3,31,192,18,-375,-10,4695(443.985)[I]: [6],0,7,3,3,-102,301,8986
(443.994)[I]: [5],3,31,200,18,-371,-11,4695(443.995)[I]: [6],0,8,3,3,-119,329,9024
(443.999)[I]: [5],3,34,204,13,-370,-11,4702(443.999)[I]: [6],0,8,3,3,-140,348,9048
(443.999)[I]: [5],6,35,212,13,-369,-12,4710(443.999)[I]: [6],0,8,2,3,-166,363,9064
(444.000)[I]: [5],6,37,216,12,-367,-13,4719(444.000)[I]: [6],0,8,3,3,-198,378,9079
(444.010)[I]: [5],7,38,220,13,-366,-14,4727(444.011)[I]: [6],0,8,3,3,-231,386,9101
(444.020)[I]: [5],7,42,228,10,-364,-14,4737(444.021)[I]: [6],0,8,2,3,-262,386,9122
(444.030)[I]: [5],9,49,236,10,-362,-14,4747(444.031)[I]: [6],0,8,2,4,-285,371,9132
(444.040)[I]: [5],12,53,248,10,-360,-13,4762(444.041)[I]: [6],0,6,3,5,-314,55,8847
(444.050)[I]: [5],16,57,268,9,-358,-12,4782(444.051)[I]: [6],0,5,4,7,-230,-135,8639
(444.060)[I]: [5],19,66,268,7,-356,-10,4806(444.061)[I]: [6],0,7,4,8,-237,-192,8485
(444.070)[I]: [5],22,71,272,4,-355,-8,4833(444.071)[I]: [6],0,7,4,7,-288,-240,8375
(444.080)[I]: [5],29,77,276,3,-353,0,4856(444.080)[I]: [6],0,7,5,6,-330,-272,8304
(444.090)[I]: [5],37,88,276,3,-352,17,4879(444.091)[I]: [6],0,8,4,6,-333,-304,8240
(444.100)[I]: [5],37,93,284,0,-350,39,4912(444.101)[I]: [6],0,9,5,7,-309,-330,8177
(444.110)[I]: [5],41,99,276,0,-349,72,4957(444.111)[I]: [6],0,10,11,8,-289,-340,8130
(444.120)[I]: [5],43,101,296,0,-350,113,5017(444.121)[I]: [6],0,12,12,9,-283,-344,8091
(444.130)[I]: [5],49,97,268,0,-348,141,5123(444.131)[I]: [6],0,11,18,12,-279,-356,8051
(444.140)[I]: [5],53,80,212,0,-346,170,5272(444.141)[I]: [6],0,13,20,15,-274,-370,8018
(444.150)[I]: [5],52,67,188,0,-342,208,5447(444.151)[I]: [6],0,15,22,17,-267,-377,7998
(444.160)[I]: [5],48,47,148,0,-333,247,5642(444.161)[I]: [6],0,11,26,20,-264,-378,7983
(444.170)[I]: [5],39,31,116,0,-311,288,5852(444.171)[I]: [6],0,16,31,24,-261,-379,7972
(444.180)[I]: [5],34,18,88,0,-285,363,6078(444.181)[I]: [6],0,18,31,30,-258,-381,7961
(444.190)[I]: [5],24,9,76,0,-266,451,6310(444.191)[I]: [6],0,21,35,31,-254,-384,7950
(444.200)[I]: [5],23,9,56,0,-253,521,6542(444.201)[I]: [6],0,26,39,34,-253,-385,7940
(444.210)[I]: [5],18,6,44,0,-238,558,6785(444.211)[I]: [6],0,29,39,34,-250,-387,7933
(444.220)[I]: [5],11,4,32,0,-223,574,7027(444.221)[I]: [6],0,30,42,35,-247,-388,7933
(444.230)[I]: [5],9,2,12,0,-216,572,7275(444.230)[I]: [6],0,37,45,35,-245,-388,7933
(444.240)[I]: [5],3,3,12,1,-212,542,7521(444.240)[I]: [6],0,37,46,35,-243,-389,7933
(444.250)[I]: [5],0,4,12,0,-233,508,7777(444.250)[I]: [6],0,37,46,36,-240,-390,7933
(444.260)[I]: [5],0,3,8,0,-286,432,8010(444.260)[I]: [6],0,38,44,36,-238,-390,7933
(444.270)[I]: [5],0,3,8,0,-354,315,8251(444.270)[I]: [6],0,39,44,35,-235,-391,7933
(444.280)[I]: [5],0,3,4,0,-434,179,8445(444.280)[I]: [6],0,38,44,35,-233,-392,7933
(444.290)[I]: [5],0,3,8,0,-527,40,8600(444.290)[I]: [6],0,37,44,35,-231,-392,7932
(444.300)[I]: [5],0,3,4,1,-632,-99,8720(444.300)[I]: [6],0,36,42,35,-228,-392,7932
(444.310)[I]: [5],0,3,0,1,-746,-230,8819(444.310)[I]: [6],0,35,42,34,-226,-393,7932
(444.320)[I]: [5],0,3,0,0,-866,-338,8910(444.320)[I]: [6],0,31,42,31,-224,-393,7932
(444.330)[I]: [5],0,3,0,1,-987,-425,8998(444.330)[I]: [6],0,31,40,31,-222,-393,7932
(444.340)[I]: [5],0,3,0,1,-1106,-485,9094(444.340)[I]: [6],0,31,40,31,-219,-394,7932
(444.350)[I]: [5],0,3,0,1,-1212,-519,9198(444.350)[I]: [6],0,30,39,30,-217,-394,7932
(444.360)[I]: [5],0,3,4,1,-1299,-536,9312(444.361)[I]: [6],0,28,39,28,-215,-394,7932
(444.370)[I]: [5],0,3,4,1,-1362,-548,9429(444.370)[I]: [6],0,27,39,26,-213,-395,7932
(444.380)[I]: [5],0,3,4,1,-1397,-559,9538(444.380)[I]: [6],0,27,38,25,-211,-395,7932
(444.390)[I]: [5],0,3,4,1,-1403,-571,9629(444.390)[I]: [6],0,24,39,23,-209,-395,7932
(444.400)[I]: [5],0,2,4,1,-1380,-584,9693(444.400)[I]: [6],0,24,39,22,-207,-396,7932
(444.410)[I]: [5],0,2,0,1,-1331,-599,9723(444.410)[I]: [6],0,24,41,20,-204,-395,7932
(444.420)[I]: [5],0,1,4,1,-1262,-612,9711(444.420)[I]: [6],0,23,40,19,-202,-396,7932
(444.430)[I]: [5],0,2,4,1,-1175,-621,9653(444.430)[I]: [6],0,23,42,19,-200,-395,7932
(444.440)[I]: [5],0,2,4,1,-1076,-624,9551(444.440)[I]: [6],0,22,43,19,-198,-395,7932
(444.450)[I]: [5],0,3,4,1,-973,-617,9415(444.450)[I]: [6],0,23,46,19,-196,-395,7932
(444.460)[I]: [5],0,2,4,1,-871,-602,9259(444.460)[I]: [6],0,23,45,18,-194,-395,7932
(444.470)[I]: [5],0,2,4,0,-769,-576,9093(444.470)[I]: [6],0,24,47,18,-192,-395,7932
(444.480)[I]: [5],0,2,4,0,-673,-539,8921(444.480)[I]: [6],0,24,48,19,-191,-395,7932
(444.490)[I]: [5],0,2,4,0,-585,-492,8744(444.490)[I]: [6],0,24,49,19,-189,-396,7932
(444.500)[I]: [5],0,1,0,0,-508,-437,8561(444.500)[I]: [6],0,24,50,19,-187,-396,7932
(444.510)[I]: [5],0,2,0,0,-445,-378,8365(444.510)[I]: [6],0,24,51,19,-185,-397,7932
(444.520)[I]: [5],0,2,4,0,-395,-319,8153(444.520)[I]: [6],0,24,51,20,-183,-397,7932
(444.530)[I]: [5],0,2,4,0,-360,-262,7926(444.530)[I]: [6],0,24,53,22,-181,-397,7932
(444.540)[I]: [5],0,2,4,0,-338,-206,7687(444.540)[I]: [6],0,24,54,22,-179,-398,7932
(444.550)[I]: [5],0,1,0,0,-331,-150,7441(444.550)[I]: [6],0,24,54,23,-178,-398,7932
(444.560)[I]: [5],0,2,4,0,-338,-91,7196(444.560)[I]: [6],0,24,55,24,-176,-399,7932
(444.570)[I]: [5],0,2,4,0,-360,-35,6958(444.570)[I]: [6],0,24,56,24,-174,-399,7932
(444.580)[I]: [5],0,2,0,0,-393,22,6731(444.580)[I]: [6],0,24,59,24,-172,-399,7932
(444.590)[I]: [5],0,2,0,0,-431,59,6514(444.590)[I]: [6],0,23,61,27,-171,-399,7932
(444.600)[I]: [5],0,2,4,1,-474,87,6305(444.600)[I]: [6],0,24,63,28,-169,-399,7932
(444.610)[I]: [5],0,2,0,0,-517,99,6097(444.610)[I]: [6],0,24,63,29,-167,-399,7932
(444.620)[I]: [5],0,2,4,0,-557,100,5890(444.620)[I]: [6],0,23,66,30,-166,-399,7932
(444.630)[I]: [5],0,2,4,0,-597,96,5683(444.630)[I]: [6],0,23,67,31,-164,-400,7931
(444.640)[I]: [5],0,2,4,1,-638,93,5476(444.640)[I]: [6],0,23,67,31,-162,-399,7931
(444.650)[I]: [5],0,2,4,1,-682,96,5268(444.650)[I]: [6],0,23,66,31,-161,-400,7931
(444.660)[I]: [5],0,2,4,1,-727,103,5064(444.660)[I]: [6],0,23,67,31,-159,-400,7931
(444.670)[I]: [5],0,1,4,1,-768,115,4866(444.670)[I]: [6],0,23,67,31,-157,-400,7931
(444.680)[I]: [5],0,2,4,1,-803,130,4679(444.680)[I]: [6],0,24,67,31,-156,-400,7931
(444.690)[I]: [5],0,2,4,1,-826,143,4506(444.690)[I]: [6],0,23,67,30,-154,-400,7931
(444.700)[I]: [5],0,1,4,1,-833,151,4348(444.700)[I]: [6],0,24,68,28,-153,-400,7931
(444.710)[I]: [5],0,1,4,1,-819,155,4207(444.710)[I]: [6],0,24,71,28,-151,-401,7931
(444.720)[I]: [5],0,2,4,0,-785,155,4083(444.720)[I]: [6],0,25,74,27,-150,-401,7931
(444.730)[I]: [5],0,2,4,0,-737,157,3980(444.730)[I]: [6],0,26,75,26,-148,-401,7931
(444.740)[I]: [5],0,2,4,0,-673,160,3898(444.740)[I]: [6],0,27,77,25,-147,-401,7931
(444.750)[I]: [5],0,1,4,1,-599,169,3840(444.750)[I]: [6],0,28,79,25,-145,-401,7931
(444.760)[I]: [5],0,2,4,0,-519,191,3802(444.760)[I]: [6],0,30,84,22,-144,-402,7928
(444.770)[I]: [5],1,1,4,5,-435,243,3880(444.770)[I]: [6],0,31,90,16,-142,-403,7922
(444.780)[I]: [5],0,1,0,11,-313,105,4170(444.780)[I]: [6],0,35,94,13,-140,-403,7914
(444.790)[I]: [5],0,1,0,13,-258,41,4403(444.790)[I]: [6],0,38,102,10,-138,-405,7905
(444.800)[I]: [5],0,1,0,14,-219,-62,4523(444.800)[I]: [6],0,43,107,8,-136,-406,7892
(444.810)[I]: [5],0,1,4,13,-199,-138,4555(444.810)[I]: [6],0,46,119,6,-135,-408,7879
(444.820)[I]: [5],0,1,0,10,-191,-192,4535(444.820)[I]: [6],0,49,124,4,-133,-410,7862
(444.830)[I]: [5],0,1,0,6,-185,-218,4501(444.830)[I]: [6],0,54,131,4,-131,-413,7845
(444.840)[I]: [5],0,1,0,8,-190,-217,4497(444.840)[I]: [6],1,66,147,3,-129,-418,7825
(444.850)[I]: [5],0,1,4,11,-203,-212,4536(444.850)[I]: [6],1,67,153,3,-125,-423,7802
(444.860)[I]: [5],0,2,12,14,-212,-196,4595(444.861)[I]: [6],2,70,159,3,-122,-431,7778
(444.870)[I]: [5],0,3,20,17,-221,-170,4647(444.871)[I]: [6],3,71,164,2,-119,-436,7746
(444.880)[I]: [5],2,6,20,17,-223,-165,4685(444.881)[I]: [6],3,73,172,2,-115,-426,7718
(444.890)[I]: [5],5,9,28,17,-223,-175,4709(444.891)[I]: [6],4,67,173,2,-109,-379,7668
(444.900)[I]: [5],3,13,40,19,-225,-189,4720(444.901)[I]: [6],4,71,159,2,-105,-347,7599
(444.910)[I]: [5],6,10,44,23,-227,-195,4728(444.911)[I]: [6],6,63,146,2,-99,-326,7493
(444.920)[I]: [5],6,11,44,27,-228,-192,4736(444.921)[I]: [6],4,61,133,2,-92,-284,7359
(444.930)[I]: [5],5,15,52,31,-228,-187,4746(444.931)[I]: [6],4,43,108,2,-90,-229,7210
(444.940)[I]: [5],8,20,60,35,-229,-183,4759(444.941)[I]: [6],3,31,78,2,-91,-140,7052
(444.950)[I]: [5],5,23,72,46,-229,-182,4772(444.951)[I]: [6],2,25,50,2,-90,-26,6884
(444.960)[I]: [5],11,28,76,45,-228,-178,4784(444.961)[I]: [6],2,15,36,2,-84,68,6707
(444.970)[I]: [5],10,27,84,47,-228,-177,4792(444.971)[I]: [6],1,12,18,2,-81,145,6517
(444.980)[I]: [5],12,23,88,54,-227,-177,4795(444.981)[I]: [6],0,10,12,2,-73,203,6310
(444.990)[I]: [5],12,31,104,56,-224,-179,4795(444.991)[I]: [6],0,8,5,2,-51,258,6090
(444.999)[I]: [5],14,36,100,57,-222,-180,4795(444.999)[I]: [6],0,7,9,3,-7,303,5848
(444.999)[I]: [5],19,40,100,56,-220,-182,4795(444.999)[I]: [6],0,8,8,2,49,331,5597
(444.999)[I]: [5],22,46,92,52,-218,-183,4795(444.999)[I]: [6],0,7,9,3,132,351,5392
(445.006)[I]: [5],24,45,92,50,-216,-185,4795(445.007)[I]: [6],0,9,8,3,242,339,5228
(445.016)[I]: [5],25,45,100,45,-213,-187,4795(445.017)[I]: [6],0,10,5,3,358,275,5107
(445.026)[I]: [5],24,43,100,43,-211,-189,4795(445.027)[I]: [6],0,11,6,3,480,188,5048
(445.036)[I]: [5],25,43,96,42,-209,-189,4795(445.037)[I]: [6],0,12,6,3,612,72,5010
(445.046)[I]: [5],22,44,100,38,-207,-191,4794(445.047)[I]: [6],0,11,5,3,751,-59,4981
(445.056)[I]: [5],23,43,104,30,-205,-193,4794(445.057)[I]: [6],0,9,4,3,894,-199,4951
(445.066)[I]: [5],20,43,104,26,-203,-194,4794(445.067)[I]: [6],0,7,4,3,1034,-344,4922
(445.076)[I]: [5],17,42,104,22,-201,-195,4794(445.077)[I]: [6],0,8,3,3,1161,-492,4900
(445.086)[I]: [5],15,42,108,19,-199,-196,4794(445.087)[I]: [6],0,8,4,3,1271,-641,4886
(445.096)[I]: [5],14,40,108,19,-197,-197,4794(445.097)[I]: [6],0,8,3,3,1358,-799,4881
(445.106)[I]: [5],14,37,108,17,-195,-198,4794(445.107)[I]: [6],0,8,3,3,1420,-942,4889
(445.116)[I]: [5],13,35,108,17,-193,-199,4794(445.117)[I]: [6],0,8,2,3,1457,-1100,4923
(445.126)[I]: [5],13,39,112,17,-191,-199,4794(445.127)[I]: [6],0,8,2,3,1464,-1265,4993
(445.136)[I]: [5],11,39,112,18,-189,-200,4794(445.137)[I]: [6],0,8,3,3,1443,-1409,5088
(445.146)[I]: [5],8,36,112,17,-187,-201,4794(445.147)[I]: [6],0,8,3,3,1396,-1526,5190
(445.156)[I]: [5],9,35,112,17,-186,-202,4794(445.157)[I]: [6],0,8,4,3,1338,-1610,5297
(445.166)[I]: [5],9,34,112,17,-184,-203,4794(445.167)[I]: [6],0,8,3,3,1267,-1658,5403
(445.176)[I]: [5],9,31,112,17,-182,-203,4794(445.177)[I]: [6],0,8,3,3,1192,-1666,5504
(445.186)[I]: [5],9,30,112,17,-180,-204,4794(445.187)[I]: [6],0,7,3,3,1112,-1636,5599
(445.196)[I]: [5],8,27,112,17,-178,-205,4794(445.197)[I]: [6],0,8,3,3,1027,-1574,5693
(445.206)[I]: [5],8,26,116,17,-176,-205,4794(445.207)[I]: [6],0,7,3,3,937,-1491,5792
(445.216)[I]: [5],8,26,112,17,-175,-207,4794(445.217)[I]: [6],0,7,3,3,838,-1400,5899
(445.226)[I]: [5],7,26,116,17,-173,-208,4794(445.227)[I]: [6],0,8,3,3,734,-1312,6014
(445.236)[I]: [5],8,26,116,17,-171,-209,4794(445.237)[I]: [6],0,8,3,3,626,-1227,6136
(445.246)[I]: [5],8,27,120,17,-170,-210,4794(445.247)[I]: [6],0,8,3,3,520,-1142,6264
(445.256)[I]: [5],8,27,124,17,-168,-210,4794(445.257)[I]: [6],0,8,3,3,420,-1054,6402
(445.266)[I]: [5],8,27,124,17,-166,-211,4794(445.267)[I]: [6],0,8,3,3,333,-958,6557
(445.276)[I]: [5],8,27,124,17,-164,-212,4794(445.277)[I]: [6],0,8,4,3,262,-854,6727
(445.286)[I]: [5],9,27,124,17,-163,-213,4794(445.287)[I]: [6],0,8,4,3,207,-749,6908
(445.296)[I]: [5],10,27,124,18,-161,-213,4794(445.297)[I]: [6],0,7,4,3,170,-648,7092
(445.306)[I]: [5],9,27,136,18,-160,-215,4794(445.307)[I]: [6],0,8,4,3,149,-555,7275
(445.316)[I]: [5],9,28,140,18,-158,-216,4794(445.317)[I]: [6],0,8,3,3,139,-475,7454
(445.326)[I]: [5],9,28,140,18,-156,-217,4794(445.327)[I]: [6],0,7,3,3,131,-406,7630
(445.336)[I]: [5],10,28,144,19,-155,-218,4794(445.337)[I]: [6],0,7,4,3,123,-348,7801
(445.346)[I]: [5],10,28,148,19,-153,-219,4794(445.347)[I]: [6],0,8,3,3,110,-299,7965
(445.356)[I]: [5],10,28,148,19,-152,-220,4794(445.357)[I]: [6],0,6,3,3,90,-253,8123
(445.366)[I]: [5],9,29,152,19,-150,-220,4794(445.367)[I]: [6],0,7,3,3,62,-207,8274
(445.376)[I]: [5],10,29,156,18,-149,-221,4794(445.377)[I]: [6],0,7,3,3,23,-159,8422
(445.386)[I]: [5],12,29,160,18,-147,-221,4794(445.387)[I]: [6],0,7,3,3,-21,-104,8569
(445.396)[I]: [5],11,30,164,18,-146,-221,4794(445.397)[I]: [6],0,8,4,3,-74,-41,8712
(445.406)[I]: [5],9,30,164,18,-144,-221,4794(445.407)[I]: [6],0,7,4,3,-131,25,8847
(445.416)[I]: [5],9,30,168,18,-143,-222,4794(445.417)[I]: [6],0,6,3,3,-194,86,8966
(445.426)[I]: [5],9,31,168,18,-141,-223,4794(445.427)[I]: [6],0,7,4,3,-259,136,9066
(445.436)[I]: [5],10,30,168,17,-140,-224,4794(445.437)[I]: [6],0,7,3,3,-321,173,9141
(445.446)[I]: [5],10,30,172,17,-139,-225,4794(445.447)[I]: [6],0,7,3,3,-380,196,9195
(445.456)[I]: [5],11,31,172,18,-137,-225,4794(445.457)[I]: [6],0,7,3,3,-439,204,9231
(445.466)[I]: [5],11,31,172,18,-136,-226,4794(445.467)[I]: [6],0,10,3,3,-492,204,9254
(445.476)[I]: [5],11,31,180,18,-135,-227,4794(445.477)[I]: [6],0,10,3,3,-540,199,9270
(445.486)[I]: [5],11,37,184,16,-133,-227,4794(445.487)[I]: [6],0,10,3,3,-580,200,9282
(445.496)[I]: [5],12,40,184,15,-132,-227,4794(445.497)[I]: [6],0,9,3,3,-610,210,9303
(445.506)[I]: [5],13,44,192,14,-131,-229,4794(445.507)[I]: [6],0,9,2,3,-631,228,9333
(445.516)[I]: [5],15,47,196,11,-131,-229,4800(445.517)[I]: [6],0,9,2,2,-652,248,9362
(445.526)[I]: [5],16,51,200,10,-130,-229,4806(445.527)[I]: [6],0,6,3,3,-648,150,9150
(445.536)[I]: [5],19,53,208,10,-130,-229,4813(445.537)[I]: [6],0,7,3,5,-694,-14,8946
(445.546)[I]: [5],21,55,216,10,-129,-227,4822(445.547)[I]: [6],0,7,3,6,-642,-110,8730
(445.556)[I]: [5],26,55,224,8,-129,-225,4833(445.557)[I]: [6],0,5,3,6,-617,-196,8551
(445.566)[I]: [5],28,62,236,5,-129,-223,4847(445.567)[I]: [6],0,4,3,6,-615,-220,8412
(445.576)[I]: [5],31,69,252,5,-130,-220,4865(445.577)[I]: [6],0,5,3,5,-638,-256,8310
(445.586)[I]: [5],39,77,252,3,-130,-216,4888(445.587)[I]: [6],0,5,3,5,-644,-284,8231
(445.596)[I]: [5],47,83,268,0,-130,-203,4913(445.597)[I]: [6],0,6,4,6,-630,-306,8178
(445.606)[I]: [5],53,92,276,0,-130,-183,4941(445.607)[I]: [6],0,6,5,6,-614,-317,8145
(445.616)[I]: [5],63,97,276,0,-134,-153,4973(445.617)[I]: [6],0,6,8,7,-603,-325,8111
(445.626)[I]: [5],71,97,276,0,-138,-117,5032(445.627)[I]: [6],0,6,12,9,-599,-336,8072
(445.636)[I]: [5],75,91,272,0,-140,-108,5133(445.637)[I]: [6],0,6,10,12,-593,-350,8034
(445.646)[I]: [5],74,82,236,0,-143,-85,5267(445.647)[I]: [6],0,7,15,13,-585,-363,8003
(445.656)[I]: [5],70,60,208,0,-146,-48,5420(445.657)[I]: [6],0,7,19,17,-577,-368,7983
(445.666)[I]: [5],62,42,164,0,-146,-3,5591(445.667)[I]: [6],0,9,26,19,-570,-368,7966
(445.676)[I]: [5],50,28,140,0,-137,38,5775(445.677)[I]: [6],0,10,27,24,-567,-370,7948
(445.686)[I]: [5],39,16,92,0,-117,105,5974(445.687)[I]: [6],0,13,31,30,-563,-373,7932
(445.696)[I]: [5],30,10,76,0,-100,207,6177(445.697)[I]: [6],0,13,36,35,-559,-377,7920
(445.706)[I]: [5],24,5,72,0,-89,311,6376(445.706)[I]: [6],0,14,39,44,-557,-378,7913
(445.716)[I]: [5],20,5,60,0,-87,394,6567(445.716)[I]: [6],0,13,42,48,-552,-379,7913
(445.726)[I]: [5],10,3,36,1,-80,434,6760(445.727)[I]: [6],0,15,45,53,-546,-378,7913
(445.736)[I]: [5],9,1,24,0,-69,438,6963(445.736)[I]: [6],0,19,48,57,-541,-378,7913
(445.746)[I]: [5],3,5,16,1,-70,425,7155(445.746)[I]: [6],0,18,51,61,-536,-378,7913
(445.756)[I]: [5],1,5,8,1,-93,415,7344(445.756)[I]: [6],0,19,51,61,-530,-378,7913
(445.766)[I]: [5],0,3,8,1,-150,396,7519(445.766)[I]: [6],0,16,50,60,-525,-378,7913
(445.776)[I]: [5],0,3,12,0,-231,339,7662(445.776)[I]: [6],0,17,51,59,-520,-378,7913
(445.786)[I]: [5],0,3,12,0,-324,255,7765(445.786)[I]: [6],0,17,51,57,-515,-378,7913
(445.796)[I]: [5],0,3,4,0,-428,165,7809(445.796)[I]: [6],0,17,51,55,-509,-378,7913
(445.806)[I]: [5],0,3,4,0,-540,64,7819(445.806)[I]: [6],0,17,52,53,-504,-377,7914
(445.816)[I]: [5],0,3,4,1,-660,-42,7808(445.816)[I]: [6],0,17,52,52,-499,-377,7914
(445.826)[I]: [5],0,3,4,1,-787,-153,7798(445.826)[I]: [6],0,17,53,47,-494,-376,7914
(445.836)[I]: [5],0,3,4,1,-918,-263,7798(445.836)[I]: [6],0,16,52,43,-489,-376,7914
(445.846)[I]: [5],0,3,4,1,-1052,-366,7815(445.846)[I]: [6],0,17,51,40,-485,-376,7914
(445.856)[I]: [5],0,3,0,1,-1184,-458,7846(445.856)[I]: [6],0,18,52,38,-480,-375,7914
(445.866)[I]: [5],0,3,4,1,-1310,-540,7886(445.866)[I]: [6],0,18,52,34,-475,-375,7914
(445.876)[I]: [5],0,3,0,1,-1429,-616,7923(445.876)[I]: [6],0,18,54,31,-470,-374,7914
(445.886)[I]: [5],0,2,0,1,-1538,-692,7946(445.886)[I]: [6],0,18,52,31,-466,-374,7914
(445.896)[I]: [5],0,2,0,1,-1633,-778,7940(445.896)[I]: [6],0,18,49,29,-461,-374,7915
(445.906)[I]: [5],0,2,0,1,-1709,-875,7900(445.906)[I]: [6],0,18,49,29,-456,-373,7915
(445.916)[I]: [5],0,2,0,1,-1758,-976,7831(445.916)[I]: [6],0,19,48,28,-452,-373,7915
(445.926)[I]: [5],0,2,4,1,-1782,-1079,7745(445.927)[I]: [6],0,20,49,27,-447,-373,7915
(445.936)[I]: [5],0,2,4,1,-1782,-1166,7652(445.937)[I]: [6],0,20,48,26,-443,-373,7915
(445.946)[I]: [5],0,2,0,1,-1764,-1237,7558(445.946)[I]: [6],0,20,49,24,-438,-373,7915
(445.956)[I]: [5],0,2,0,1,-1730,-1290,7464(445.957)[I]: [6],0,20,49,23,-434,-373,7915
(445.966)[I]: [5],0,2,0,1,-1685,-1318,7371(445.966)[I]: [6],0,19,47,23,-430,-373,7915
(445.976)[I]: [5],0,2,0,1,-1634,-1320,7276(445.977)[I]: [6],0,21,45,23,-425,-372,7915
(445.986)[I]: [5],0,2,4,1,-1580,-1298,7174(445.987)[I]: [6],0,21,47,23,-421,-372,7915
(445.996)[I]: [5],0,2,4,1,-1526,-1253,7066(445.997)[I]: [6],0,22,47,23,-417,-371,7915
(445.999)[I]: [5],0,2,4,1,-1476,-1190,6952(445.999)[I]: [6],0,23,48,23,-413,-371,7915
(445.999)[I]: [5],0,2,4,1,-1432,-1114,6834(445.999)[I]: [6],0,23,47,23,-409,-371,7915
(446.002)[I]: [5],0,2,0,1,-1397,-1026,6706(446.002)[I]: [6],0,24,47,24,-405,-371,7915
(446.012)[I]: [5],0,1,0,0,-1370,-940,6564(446.012)[I]: [6],0,25,46,24,-401,-371,7915
(446.022)[I]: [5],0,2,0,0,-1347,-854,6409(446.022)[I]: [6],0,26,49,25,-397,-370,7916
(446.032)[I]: [5],0,2,0,0,-1329,-769,6242(446.032)[I]: [6],0,28,51,25,-393,-370,7916
(446.042)[I]: [5],0,2,0,0,-1318,-687,6064(446.042)[I]: [6],0,29,55,26,-389,-371,7916
(446.052)[I]: [5],0,2,0,0,-1315,-596,5880(446.052)[I]: [6],0,31,56,27,-385,-371,7916
(446.062)[I]: [5],0,2,0,0,-1315,-510,5693(446.062)[I]: [6],0,31,56,27,-381,-370,7916
(446.072)[I]: [5],0,2,0,0,-1310,-429,5511(446.072)[I]: [6],0,34,59,27,-377,-370,7916
(446.082)[I]: [5],0,2,0,0,-1290,-361,5339(446.082)[I]: [6],0,34,61,27,-374,-370,7916
(446.092)[I]: [5],0,3,0,0,-1250,-302,5185(446.092)[I]: [6],0,35,60,27,-370,-370,7916
(446.102)[I]: [5],0,2,0,0,-1189,-258,5047(446.102)[I]: [6],0,34,62,27,-366,-370,7916
(446.112)[I]: [5],0,2,0,0,-1109,-221,4924(446.112)[I]: [6],0,35,67,27,-362,-371,7916
(446.122)[I]: [5],0,2,0,0,-1017,-187,4811(446.122)[I]: [6],0,35,67,27,-359,-371,7916
(446.132)[I]: [5],0,2,0,0,-916,-150,4700(446.132)[I]: [6],0,35,67,26,-355,-371,7916
(446.142)[I]: [5],0,2,0,0,-812,-104,4584(446.142)[I]: [6],0,35,67,26,-352,-371,7916
(446.152)[I]: [5],0,2,0,0,-710,-48,4460(446.152)[I]: [6],0,36,67,25,-348,-371,7916
(446.162)[I]: [5],0,2,0,0,-614,14,4330(446.162)[I]: [6],0,36,67,24,-345,-371,7916
(446.172)[I]: [5],0,2,0,0,-531,83,4199(446.172)[I]: [6],0,38,70,24,-341,-371,7916
(446.182)[I]: [5],0,1,0,0,-460,148,4073(446.182)[I]: [6],0,38,70,23,-338,-371,7916
(446.192)[I]: [5],0,1,0,0,-403,208,3959(446.192)[I]: [6],0,38,72,22,-335,-371,7916
(446.202)[I]: [5],0,1,0,0,-357,258,3864(446.202)[I]: [6],0,39,72,20,-331,-371,7916
(446.212)[I]: [5],0,1,0,2,-306,237,3988(446.212)[I]: [6],0,39,71,18,-328,-371,7916
(446.222)[I]: [5],0,0,0,2,-262,167,4077(446.222)[I]: [6],0,39,70,17,-325,-372,7916
(446.232)[I]: [5],0,1,4,4,-247,92,4242(446.232)[I]: [6],0,38,71,15,-321,-372,7916
(446.242)[I]: [5],0,1,8,6,-250,-18,4362(446.242)[I]: [6],0,37,71,15,-318,-372,7916
(446.252)[I]: [5],0,4,16,15,-243,-102,4426(446.253)[I]: [6],0,36,70,14,-315,-372,7916
(446.262)[I]: [5],0,3,28,16,-242,-141,4446(446.263)[I]: [6],0,31,69,14,-312,-372,7916
(446.272)[I]: [5],0,4,36,17,-247,-194,4453(446.273)[I]: [6],0,31,67,13,-309,-372,7916
(446.282)[I]: [5],0,6,40,17,-252,-199,4464(446.283)[I]: [6],0,30,63,12,-306,-372,7916
(446.292)[I]: [5],0,10,48,17,-251,-197,4478(446.293)[I]: [6],0,28,61,11,-303,-372,7916
(446.302)[I]: [5],0,10,56,15,-252,-197,4496(446.303)[I]: [6],0,27,57,11,-300,-372,7916
(446.312)[I]: [5],0,14,60,15,-251,-195,4516(446.313)[I]: [6],0,27,54,12,-297,-372,7916
(446.322)[I]: [5],0,16,60,13,-251,-190,4531(446.323)[I]: [6],0,27,50,11,-294,-372,7916
(446.332)[I]: [5],0,14,68,13,-250,-183,4543(446.333)[I]: [6],0,26,46,9,-291,-372,7916
(446.342)[I]: [5],0,19,84,13,-249,-175,4553(446.343)[I]: [6],0,26,44,7,-288,-372,7916
(446.352)[I]: [5],0,21,92,12,-249,-168,4563(446.353)[I]: [6],0,26,42,6,-285,-372,7916
(446.362)[I]: [5],0,19,100,10,-249,-163,4573(446.363)[I]: [6],0,26,41,6,-282,-372,7916
(446.372)[I]: [5],0,22,108,8,-249,-162,4583(446.373)[I]: [6],0,25,37,6,-279,-372,7916
(446.382)[I]: [5],0,24,116,8,-250,-163,4590(446.383)[I]: [6],0,25,38,6,-276,-372,7916
(446.392)[I]: [5],0,25,116,8,-250,-166,4595(446.393)[I]: [6],0,25,38,6,-274,-372,7916
(446.402)[I]: [5],0,20,120,8,-250,-171,4601(446.403)[I]: [6],0,25,38,6,-271,-372,7916
(446.412)[I]: [5],0,23,124,8,-251,-175,4606(446.413)[I]: [6],0,25,36,5,-268,-372,7916
(446.422)[I]: [5],2,25,124,8,-249,-178,4608(446.423)[I]: [6],0,25,35,5,-266,-371,7916
(446.432)[I]: [5],3,27,136,8,-246,-179,4608(446.433)[I]: [6],0,25,34,4,-263,-371,7916
(446.442)[I]: [5],3,28,140,6,-244,-181,4608(446.443)[I]: [6],0,25,31,5,-260,-371,7916
(446.452)[I]: [5],4,30,144,6,-243,-181,4611(446.453)[I]: [6],0,25,31,4,-258,-371,7916
(446.462)[I]: [5],4,29,148,5,-240,-182,4611(446.463)[I]: [6],0,25,31,4,-255,-372,7916
(446.472)[I]: [5],3,29,152,5,-238,-184,4611(446.473)[I]: [6],0,24,34,4,-253,-372,7916
(446.482)[I]: [5],4,29,156,5,-235,-184,4611(446.483)[I]: [6],0,25,34,4,-250,-373,7916
(446.492)[I]: [5],4,31,156,5,-233,-185,4611(446.493)[I]: [6],0,25,31,3,-248,-373,7916
(446.502)[I]: [5],5,31,152,5,-231,-186,4611(446.503)[I]: [6],0,25,34,3,-245,-374,7916
(446.512)[I]: [5],6,37,156,5,-229,-186,4614(446.513)[I]: [6],0,25,31,3,-243,-374,7916
(446.522)[I]: [5],7,35,156,4,-227,-187,4617(446.523)[I]: [6],0,25,31,3,-240,-374,7916
(446.532)[I]: [5],8,38,152,3,-227,-187,4623(446.533)[I]: [6],0,24,31,3,-238,-374,7915
(446.542)[I]: [5],10,39,156,2,-225,-188,4623(446.543)[I]: [6],0,24,31,3,-235,-374,7915
(446.552)[I]: [5],11,41,156,4,-222,-189,4623(446.553)[I]: [6],0,24,31,3,-233,-374,7915
(446.562)[I]: [5],13,43,152,3,-220,-190,4623(446.563)[I]: [6],0,24,31,4,-231,-374,7915
(446.572)[I]: [5],14,43,156,3,-218,-190,4623(446.573)[I]: [6],0,24,31,3,-228,-374,7915
(446.582)[I]: [5],14,44,156,3,-216,-190,4623(446.583)[I]: [6],0,24,31,4,-226,-374,7915
(446.592)[I]: [5],15,47,156,3,-214,-190,4623(446.593)[I]: [6],0,25,31,3,-224,-373,7915
(446.602)[I]: [5],17,46,156,3,-212,-190,4623(446.603)[I]: [6],0,25,31,3,-222,-373,7915
(446.612)[I]: [5],19,49,156,2,-210,-192,4626(446.613)[I]: [6],0,25,34,3,-219,-373,7915
(446.622)[I]: [5],23,46,156,3,-210,-194,4631(446.623)[I]: [6],0,25,35,3,-217,-373,7915
(446.632)[I]: [5],27,49,156,2,-209,-195,4637(446.633)[I]: [6],0,24,35,3,-215,-373,7915
(446.642)[I]: [5],27,49,152,0,-209,-197,4644(446.643)[I]: [6],0,24,35,3,-213,-374,7915
(446.652)[I]: [5],31,47,152,0,-209,-198,4651(446.653)[I]: [6],0,24,35,3,-211,-374,7915
(446.662)[I]: [5],34,50,152,0,-209,-200,4659(446.663)[I]: [6],0,23,37,3,-209,-374,7915
(446.672)[I]: [5],37,49,148,0,-208,-200,4662(446.673)[I]: [6],0,23,37,3,-207,-374,7915
(446.682)[I]: [5],38,51,152,0,-207,-200,4668(446.683)[I]: [6],0,23,36,3,-205,-374,7915
(446.692)[I]: [5],38,55,152,0,-205,-201,4668(446.693)[I]: [6],0,23,37,3,-203,-374,7915
(446.702)[I]: [5],40,56,148,0,-203,-202,4668(446.703)[I]: [6],0,23,37,3,-201,-374,7915
(446.712)[I]: [5],42,58,148,0,-201,-203,4668(446.713)[I]: [6],0,23,38,3,-198,-374,7915
(446.722)[I]: [5],43,56,148,0,-199,-203,4668(446.723)[I]: [6],0,24,38,3,-197,-374,7915
(446.732)[I]: [5],45,57,148,0,-197,-204,4668(446.733)[I]: [6],0,25,38,3,-195,-374,7915
(446.742)[I]: [5],44,58,144,0,-195,-205,4668(446.743)[I]: [6],0,25,38,3,-193,-374,7915
(446.752)[I]: [5],44,60,144,0,-193,-205,4668(446.753)[I]: [6],0,25,39,3,-191,-374,7915
(446.762)[I]: [5],44,60,144,0,-192,-206,4668(446.763)[I]: [6],0,24,39,3,-189,-375,7915
(446.772)[I]: [5],43,59,144,0,-190,-206,4668(446.773)[I]: [6],0,24,40,3,-187,-375,7915
(446.782)[I]: [5],43,60,144,0,-188,-207,4668(446.783)[I]: [6],0,24,40,3,-185,-375,7915
(446.792)[I]: [5],43,60,144,0,-186,-207,4668(446.793)[I]: [6],0,25,41,3,-183,-375,7915
(446.802)[I]: [5],44,59,140,0,-184,-208,4668(446.803)[I]: [6],0,25,42,3,-181,-375,7915
(446.812)[I]: [5],44,59,144,0,-182,-209,4668(446.813)[I]: [6],0,26,42,3,-180,-376,7915
(446.822)[I]: [5],44,59,144,0,-180,-210,4668(446.823)[I]: [6],0,26,43,3,-178,-376,7915
(446.832)[I]: [5],44,60,144,0,-179,-210,4668(446.833)[I]: [6],0,26,43,3,-176,-376,7915
(446.842)[I]: [5],44,60,144,0,-177,-210,4668(446.843)[I]: [6],0,26,42,3,-174,-376,7915
(446.852)[I]: [5],43,60,140,0,-175,-211,4668(446.853)[I]: [6],0,26,42,3,-172,-376,7915
(446.862)[I]: [5],43,61,140,0,-173,-212,4668(446.863)[I]: [6],0,26,43,3,-171,-376,7915
(446.872)[I]: [5],42,61,140,0,-172,-213,4668(446.873)[I]: [6],0,26,43,3,-169,-376,7915
(446.882)[I]: [5],41,60,140,0,-170,-213,4668(446.883)[I]: [6],0,26,43,3,-167,-376,7915
(446.892)[I]: [5],41,61,140,0,-168,-214,4667(446.893)[I]: [6],0,26,44,3,-166,-376,7915
(446.902)[I]: [5],40,61,140,0,-166,-215,4667(446.903)[I]: [6],0,27,43,3,-164,-376,7915
(446.912)[I]: [5],41,61,144,0,-165,-215,4667(446.913)[I]: [6],0,27,44,3,-162,-376,7915
(446.922)[I]: [5],40,62,140,0,-163,-216,4667(446.923)[I]: [6],0,27,44,3,-161,-376,7915
(446.932)[I]: [5],39,61,148,0,-162,-217,4667(446.933)[I]: [6],0,27,44,3,-159,-376,7915
(446.942)[I]: [5],40,62,144,0,-160,-218,4667(446.943)[I]: [6],0,28,44,3,-158,-376,7915
(446.952)[I]: [5],40,63,144,0,-158,-219,4667(446.953)[I]: [6],0,28,45,3,-156,-376,7915
(446.962)[I]: [5],40,63,144,0,-157,-219,4667(446.963)[I]: [6],0,28,44,3,-154,-376,7915
(446.972)[I]: [5],41,63,144,0,-155,-220,4667(446.973)[I]: [6],0,28,44,3,-153,-376,7915
(446.982)[I]: [5],41,63,144,0,-154,-221,4667(446.983)[I]: [6],0,28,44,3,-151,-376,7915
(446.992)[I]: [5],42,63,140,0,-152,-221,4667(446.993)[I]: [6],0,28,44,3,-150,-376,7915
(446.999)[I]: [5],42,63,140,0,-151,-222,4667(446.999)[I]: [6],0,28,45,3,-148,-377,7915
(446.999)[I]: [5],42,63,140,0,-149,-223,4667(446.999)[I]: [6],0,28,46,3,-147,-377,7915
(446.999)[I]: [5],42,63,140,0,-148,-223,4667(446.999)[I]: [6],0,28,45,3,-145,-377,7914
(447.008)[I]: [5],42,63,140,0,-146,-224,4667(447.009)[I]: [6],0,28,45,3,-144,-377,7914
(447.018)[I]: [5],42,63,140,0,-145,-225,4667(447.019)[I]: [6],0,31,45,3,-142,-377,7914
(447.028)[I]: [5],41,63,140,0,-143,-226,4667(447.029)[I]: [6],0,31,46,3,-141,-377,7914
(447.038)[I]: [5],39,63,140,0,-142,-226,4667(447.039)[I]: [6],0,31,47,3,-140,-377,7914
(447.048)[I]: [5],39,63,140,0,-140,-227,4667(447.049)[I]: [6],0,31,47,3,-138,-377,7914
(447.058)[I]: [5],38,62,140,0,-139,-227,4667(447.059)[I]: [6],0,31,48,3,-137,-377,7914
(447.068)[I]: [5],38,62,136,0,-138,-228,4667(447.069)[I]: [6],0,31,48,3,-135,-377,7914
(447.078)[I]: [5],38,62,136,0,-136,-229,4667(447.079)[I]: [6],0,31,51,3,-134,-377,7914
(447.088)[I]: [5],39,61,136,0,-135,-229,4667(447.089)[I]: [6],0,31,51,3,-133,-378,7914
(447.098)[I]: [5],39,62,140,0,-133,-229,4667(447.099)[I]: [6],0,31,53,3,-131,-378,7914
(447.108)[I]: [5],39,62,136,0,-132,-229,4667(447.109)[I]: [6],0,31,54,3,-130,-378,7914
(447.118)[I]: [5],40,62,140,0,-131,-230,4667(447.119)[I]: [6],0,31,54,3,-129,-379,7914
(447.128)[I]: [5],40,62,136,0,-130,-230,4667(447.129)[I]: [6],0,31,55,3,-128,-379,7914
(447.138)[I]: [5],40,62,140,0,-128,-231,4667(447.139)[I]: [6],0,31,54,3,-126,-379,7914
(447.148)[I]: [5],39,62,140,0,-127,-231,4667(447.149)[I]: [6],0,31,54,3,-125,-379,7914
(447.158)[I]: [5],39,62,136,0,-126,-232,4667(447.159)[I]: [6],0,31,54,3,-124,-379,7914
(447.168)[I]: [5],39,62,136,0,-124,-233,4667(447.169)[I]: [6],0,31,55,3,-123,-379,7914