(500.327)[I]: [5],0,15,76,17,-7,-310,5483(500.328)[I]: [6],0,23,35,6,-7,-286,9802
(500.337)[I]: [5],0,15,76,17,-7,-311,5483(500.338)[I]: [6],0,23,35,6,-7,-286,9802
(500.347)[I]: [5],0,14,80,17,-7,-311,5483(500.348)[I]: [6],0,23,35,6,-7,-286,9802
(500.357)[I]: [5],0,14,76,17,-6,-311,5483(500.358)[I]: [6],0,23,35,6,-7,-286,9802
(500.367)[I]: [5],0,15,80,18,-6,-311,5483(500.368)[I]: [6],0,23,35,6,-7,-286,9802
(500.377)[I]: [5],0,15,76,18,-6,-311,5483(500.378)[I]: [6],0,23,35,6,-7,-285,9802
(500.387)[I]: [5],0,15,76,18,-6,-311,5483(500.388)[I]: [6],0,23,35,6,-7,-286,9802
(500.397)[I]: [5],0,15,80,17,-6,-311,5483(500.398)[I]: [6],0,23,35,6,-7,-286,9802
(500.407)[I]: [5],0,15,76,17,-6,-311,5483(500.408)[I]: [6],0,24,35,6,-6,-286,9802
(500.417)[I]: [5],0,15,76,17,-6,-311,5483(500.418)[I]: [6],0,24,35,6,-6,-286,9802
(500.427)[I]: [5],0,15,80,18,-6,-311,5483(500.428)[I]: [6],0,24,35,6,-6,-286,9802
(500.437)[I]: [5],0,15,76,18,-6,-311,5483(500.438)[I]: [6],0,24,35,6,-6,-285,9802
(500.447)[I]: [5],0,14,76,18,-6,-311,5483(500.448)[I]: [6],0,24,35,6,-6,-285,9802
(500.457)[I]: [5],0,15,76,17,-6,-311,5483(500.458)[I]: [6],0,24,35,6,-6,-286,9802
(500.467)[I]: [5],0,15,76,17,-6,-311,5483(500.468)[I]: [6],0,24,35,6,-6,-286,9802
(500.477)[I]: [5],0,15,76,17,-6,-311,5483(500.478)[I]: [6],0,24,35,6,-6,-286,9802
(500.487)[I]: [5],0,15,76,18,-6,-311,5483(500.488)[I]: [6],0,24,35,6,-6,-286,9802
(500.497)[I]: [5],0,15,76,18,-6,-311,5483(500.498)[I]: [6],0,23,35,6,-6,-286,9802
(500.507)[I]: [5],0,15,76,18,-5,-311,5483(500.508)[I]: [6],0,24,35,6,-6,-286,9802
(500.517)[I]: [5],0,15,76,17,-5,-311,5483(500.518)[I]: [6],0,24,35,6,-6,-286,9802
(500.527)[I]: [5],0,15,76,18,-5,-311,5483(500.528)[I]: [6],0,24,35,6,-6,-286,9802
(500.537)[I]: [5],0,15,76,17,-5,-311,5483(500.538)[I]: [6],0,24,35,6,-6,-286,9802
(500.547)[I]: [5],0,15,76,17,-5,-311,5483(500.548)[I]: [6],0,23,35,6,-6,-286,9802
(500.557)[I]: [5],0,15,76,18,-5,-311,5483(500.558)[I]: [6],0,24,35,6,-5,-286,9802
(500.567)[I]: [5],0,15,76,17,-5,-311,5483(500.568)[I]: [6],0,24,35,6,-5,-286,9802
(500.577)[I]: [5],0,15,76,18,-5,-311,5483(500.578)[I]: [6],0,24,35,6,-5,-286,9802
(500.587)[I]: [5],0,15,76,17,-5,-311,5483(500.588)[I]: [6],0,24,35,6,-5,-286,9802
(500.597)[I]: [5],0,15,80,17,-5,-311,5483(500.598)[I]: [6],0,24,35,6,-5,-286,9802
(500.607)[I]: [5],0,15,80,17,-5,-311,5483(500.608)[I]: [6],0,24,35,6,-5,-286,9802
(500.617)[I]: [5],0,15,76,17,-5,-311,5483(500.618)[I]: [6],0,24,35,6,-5,-286,9802
(500.627)[I]: [5],0,15,76,17,-5,-311,5483(500.628)[I]: [6],0,24,35,6,-5,-286,9802
(500.637)[I]: [5],0,15,76,17,-5,-311,5483(500.638)[I]: [6],0,24,35,6,-5,-286,9802
(500.647)[I]: [5],0,15,80,17,-5,-311,5483(500.648)[I]: [6],0,24,35,6,-5,-286,9802
(500.657)[I]: [5],0,15,76,18,-5,-311,5483(500.658)[I]: [6],0,24,35,6,-5,-286,9802
(500.667)[I]: [5],0,15,76,18,-5,-311,5483(500.668)[I]: [6],0,24,35,6,-5,-286,9802
(500.677)[I]: [5],0,15,76,17,-5,-312,5483(500.678)[I]: [6],0,24,35,6,-5,-286,9802
(500.687)[I]: [5],0,15,76,17,-4,-311,5483(500.688)[I]: [6],0,24,35,6,-5,-286,9802
(500.697)[I]: [5],0,15,76,17,-4,-312,5483(500.698)[I]: [6],0,24,35,6,-5,-286,9802
(500.707)[I]: [5],0,15,76,17,-4,-311,5483(500.708)[I]: [6],0,24,35,6,-5,-286,9802
(500.717)[I]: [5],0,15,76,17,-4,-311,5483(500.718)[I]: [6],0,24,36,6,-5,-286,9802
(500.727)[I]: [5],0,15,80,18,-4,-311,5483(500.728)[I]: [6],0,24,36,6,-5,-286,9802
(500.737)[I]: [5],0,15,76,18,-4,-311,5483(500.738)[I]: [6],0,24,35,6,-5,-286,9802
(500.747)[I]: [5],0,15,76,17,-4,-311,5483(500.748)[I]: [6],0,24,36,6,-4,-286,9802
(500.757)[I]: [5],0,15,76,17,-4,-311,5483(500.758)[I]: [6],0,24,36,6,-4,-286,9802
(500.767)[I]: [5],0,15,76,17,-4,-311,5483(500.768)[I]: [6],0,24,36,6,-4,-286,9802
(500.777)[I]: [5],0,15,76,17,-4,-310,5483(500.778)[I]: [6],0,24,36,6,-4,-286,9802
(500.787)[I]: [5],0,15,76,17,-4,-311,5483(500.788)[I]: [6],0,24,36,6,-4,-286,9802
(500.797)[I]: [5],0,15,76,17,-4,-310,5483(500.798)[I]: [6],0,24,36,6,-4,-286,9802
(500.807)[I]: [5],0,15,76,17,-4,-311,5483(500.808)[I]: [6],0,24,36,6,-4,-286,9802
(500.817)[I]: [5],0,15,76,18,-4,-310,5483(500.818)[I]: [6],0,24,36,6,-4,-287,9802
(500.827)[I]: [5],0,15,76,17,-4,-311,5483(500.828)[I]: [6],0,24,36,6,-4,-287,9802
(500.837)[I]: [5],0,15,76,17,-4,-310,5483(500.838)[I]: [6],0,24,36,6,-4,-287,9802
(500.847)[I]: [5],0,15,76,17,-4,-311,5483(500.848)[I]: [6],0,24,37,6,-4,-287,9802
(500.857)[I]: [5],0,15,76,17,-4,-311,5483(500.858)[I]: [6],0,24,37,6,-4,-287,9802
(500.867)[I]: [5],0,15,76,17,-4,-311,5483(500.868)[I]: [6],0,24,37,6,-4,-287,9802
(500.877)[I]: [5],0,15,76,17,-4,-311,5483(500.878)[I]: [6],0,24,37,6,-4,-287,9802
(500.887)[I]: [5],0,15,76,17,-4,-311,5483(500.888)[I]: [6],0,24,37,6,-4,-286,9802
(500.897)[I]: [5],0,15,76,17,-4,-311,5483(500.898)[I]: [6],0,24,37,6,-4,-287,9802
(500.907)[I]: [5],0,15,76,17,-4,-311,5483(500.908)[I]: [6],0,24,37,6,-4,-287,9802
(500.917)[I]: [5],0,15,76,18,-3,-311,5483(500.918)[I]: [6],0,25,37,6,-4,-287,9802
(500.927)[I]: [5],0,15,76,18,-3,-311,5483(500.928)[I]: [6],0,24,37,6,-4,-287,9802
(500.937)[I]: [5],0,15,76,17,-3,-311,5483(500.938)[I]: [6],0,25,37,6,-4,-287,9802
(500.947)[I]: [5],0,15,76,17,-3,-312,5483(500.948)[I]: [6],0,25,37,6,-4,-287,9802
(500.957)[I]: [5],0,15,76,17,-3,-312,5483(500.958)[I]: [6],0,25,37,6,-4,-286,9802
(500.967)[I]: [5],0,15,76,17,-3,-312,5483(500.968)[I]: [6],0,25,37,6,-3,-287,9802
(500.977)[I]: [5],0,15,76,17,-3,-312,5483(500.978)[I]: [6],0,25,37,6,-3,-287,9802
(500.987)[I]: [5],0,15,76,17,-3,-312,5483(500.988)[I]: [6],0,24,37,6,-3,-287,9802
(500.997)[I]: [5],0,15,76,17,-3,-312,5483(500.998)[I]: [6],0,24,37,6,-3,-286,9802
(500.999)[I]: [5],0,15,76,17,-3,-312,5483(500.999)[I]: [6],0,24,37,6,-3,-287,9802
(500.999)[I]: [5],0,15,76,17,-3,-311,5483(500.999)[I]: [6],0,24,36,6,-3,-287,9802
(501.003)[I]: [5],0,15,76,18,-3,-312,5483(501.003)[I]: [6],0,24,35,6,-3,-287,9802
(501.013)[I]: [5],0,15,80,17,-3,-311,5483(501.014)[I]: [6],0,24,35,6,-3,-287,9802
(501.023)[I]: [5],0,15,80,17,-3,-312,5483(501.024)[I]: [6],0,24,35,6,-3,-287,9802
(501.033)[I]: [5],0,15,80,17,-3,-312,5483(501.034)[I]: [6],0,24,35,6,-3,-287,9802
(501.043)[I]: [5],0,15,80,17,-3,-313,5483(501.044)[I]: [6],0,23,35,6,-3,-287,9802
(501.053)[I]: [5],0,15,84,18,-3,-313,5483(501.053)[I]: [6],0,24,35,6,-3,-287,9802
(501.063)[I]: [5],0,15,84,19,-3,-313,5483(501.063)[I]: [6],0,23,34,6,-3,-287,9802
(501.073)[I]: [5],0,15,84,19,-3,-313,5483(501.073)[I]: [6],0,23,34,6,-3,-287,9802
(501.083)[I]: [5],0,15,84,20,-3,-312,5483(501.084)[I]: [6],0,23,31,6,-3,-287,9802
(501.093)[I]: [5],0,15,88,19,-3,-313,5483(501.093)[I]: [6],0,23,31,6,-3,-286,9802
(501.103)[I]: [5],0,14,92,20,-3,-313,5483(501.104)[I]: [6],0,22,31,5,-3,-286,9802
(501.113)[I]: [5],0,14,92,20,-3,-313,5483(501.114)[I]: [6],0,22,30,5,-3,-286,9802
(501.123)[I]: [5],0,14,92,20,-3,-313,5483(501.124)[I]: [6],0,22,29,5,-3,-286,9802
(501.133)[I]: [5],0,13,92,20,-3,-313,5483(501.134)[I]: [6],0,22,28,6,-3,-286,9802
(501.143)[I]: [5],0,13,92,22,-3,-313,5483(501.144)[I]: [6],0,20,27,5,-3,-286,9802
(501.153)[I]: [5],0,12,92,24,-3,-312,5483(501.154)[I]: [6],0,20,27,5,-3,-285,9802
(501.163)[I]: [5],0,11,92,24,-3,-312,5483(501.164)[I]: [6],0,19,25,5,-3,-285,9802
(501.173)[I]: [5],0,10,92,25,-2,-311,5483(501.174)[I]: [6],0,18,25,5,-3,-286,9802
(501.183)[I]: [5],0,10,92,25,-2,-311,5483(501.184)[I]: [6],0,17,23,5,-3,-286,9802
(501.193)[I]: [5],0,10,92,27,-2,-310,5483(501.194)[I]: [6],0,17,21,5,-3,-286,9802
(501.203)[I]: [5],0,10,92,28,-2,-310,5483(501.204)[I]: [6],0,16,23,5,-3,-286,9802
(501.213)[I]: [5],0,9,92,31,-2,-310,5483(501.213)[I]: [6],0,17,24,5,-3,-286,9802
(501.223)[I]: [5],0,9,92,31,-2,-309,5483(501.223)[I]: [6],0,16,22,5,-2,-286,9802
(501.233)[I]: [5],0,9,92,32,-2,-309,5483(501.233)[I]: [6],0,17,20,5,-2,-286,9802
(501.243)[I]: [5],0,9,92,33,-2,-309,5483(501.243)[I]: [6],0,17,17,5,-2,-286,9802
(501.253)[I]: [5],0,9,92,33,-2,-308,5483(501.253)[I]: [6],0,17,15,5,-2,-285,9802
(501.263)[I]: [5],0,10,92,33,-2,-308,5483(501.264)[I]: [6],0,16,17,5,-2,-285,9802
(501.273)[I]: [5],0,11,92,34,-2,-308,5483(501.274)[I]: [6],0,16,15,5,-2,-285,9802
(501.283)[I]: [5],0,11,92,33,-2,-307,5483(501.284)[I]: [6],0,15,17,5,-2,-284,9802
(501.293)[I]: [5],0,12,96,34,-2,-307,5483(501.294)[I]: [6],0,15,17,5,-2,-284,9802
(501.303)[I]: [5],0,13,96,34,-2,-307,5483(501.304)[I]: [6],0,15,15,5,-2,-284,9802
(501.313)[I]: [5],0,14,96,33,-2,-306,5483(501.314)[I]: [6],0,15,15,5,-2,-285,9802
(501.323)[I]: [5],0,15,96,33,-2,-306,5483(501.324)[I]: [6],0,15,15,5,-2,-285,9802
(501.333)[I]: [5],0,17,96,34,-2,-306,5483(501.334)[I]: [6],0,15,15,5,-2,-285,9802
(501.343)[I]: [5],0,17,96,32,-2,-305,5483(501.344)[I]: [6],0,15,15,5,-2,-285,9802
(501.353)[I]: [5],0,17,100,28,-2,-305,5483(501.354)[I]: [6],0,15,15,5,-2,-285,9802
(501.363)[I]: [5],0,19,100,27,-2,-305,5483(501.364)[I]: [6],0,15,15,6,-2,-285,9802
(501.373)[I]: [5],0,20,100,24,-2,-305,5483(501.374)[I]: [6],0,16,16,6,-2,-285,9802
(501.383)[I]: [5],0,22,100,21,-2,-304,5483(501.384)[I]: [6],0,16,16,6,-2,-286,9802
(501.393)[I]: [5],0,24,108,19,-2,-304,5483(501.394)[I]: [6],0,15,16,6,-2,-286,9802
(501.403)[I]: [5],0,23,108,18,-3,-305,5489(501.404)[I]: [6],0,16,16,6,-2,-285,9802
(501.413)[I]: [5],1,26,108,16,-3,-306,5497(501.414)[I]: [6],0,17,17,6,-2,-285,9802
(501.423)[I]: [5],3,30,108,13,-3,-308,5506(501.424)[I]: [6],0,17,17,7,-2,-285,9802
(501.433)[I]: [5],3,31,108,11,-4,-310,5516(501.434)[I]: [6],0,17,18,7,-2,-285,9802
(501.443)[I]: [5],3,33,112,10,-4,-313,5530(501.444)[I]: [6],0,18,21,9,-2,-285,9802
(501.453)[I]: [5],3,37,112,7,-5,-316,5546(501.454)[I]: [6],0,20,20,10,-2,-286,9802
(501.463)[I]: [5],3,40,112,4,-6,-316,5572(501.464)[I]: [6],0,22,23,12,-2,-286,9802
(501.473)[I]: [5],5,41,112,3,-7,-308,5603(501.474)[I]: [6],0,23,24,13,-2,-287,9802
(501.483)[I]: [5],5,41,108,2,-10,-299,5635(501.484)[I]: [6],0,22,27,15,-2,-287,9802
(501.493)[I]: [5],6,41,108,0,-14,-290,5665(501.494)[I]: [6],0,22,27,17,-2,-286,9802
(501.503)[I]: [5],6,39,100,1,-18,-290,5739(501.504)[I]: [6],0,23,28,20,-2,-286,9802
(501.513)[I]: [5],6,36,76,1,-23,-294,5848(501.514)[I]: [6],0,25,31,23,-2,-285,9802
(501.523)[I]: [5],6,24,60,1,-28,-294,5980(501.524)[I]: [6],0,26,36,25,-2,-284,9802
(501.533)[I]: [5],5,18,40,0,-30,-275,6131(501.534)[I]: [6],0,27,37,28,-2,-284,9802
(501.543)[I]: [5],5,11,20,0,-33,-222,6303(501.544)[I]: [6],0,27,36,30,-2,-283,9802
(501.553)[I]: [5],5,7,20,0,-44,-144,6484(501.553)[I]: [6],0,28,37,31,-2,-283,9802
(501.563)[I]: [5],6,3,8,0,-65,-67,6669(501.563)[I]: [6],0,27,38,35,-2,-283,9802
(501.573)[I]: [5],4,3,8,0,-91,1,6864(501.573)[I]: [6],0,30,38,37,-2,-282,9802
(501.583)[I]: [5],2,2,12,0,-116,41,7068(501.584)[I]: [6],0,31,38,41,-2,-282,9802
(501.593)[I]: [5],0,5,8,0,-144,57,7251(501.593)[I]: [6],0,35,48,44,-2,-282,9802
(501.603)[I]: [5],0,3,8,0,-190,62,7416(501.603)[I]: [6],0,35,43,47,-2,-282,9802
(501.613)[I]: [5],0,3,8,0,-253,16,7537(501.613)[I]: [6],0,35,47,49,-2,-281,9802
(501.623)[I]: [5],0,3,8,0,-322,-71,7577(501.623)[I]: [6],0,36,45,49,-2,-280,9802
(501.633)[I]: [5],0,3,12,0,-398,-173,7563(501.633)[I]: [6],0,37,47,48,-1,-280,9802
(501.643)[I]: [5],0,3,12,0,-482,-276,7530(501.643)[I]: [6],0,37,49,47,-1,-280,9802
(501.653)[I]: [5],0,3,12,0,-572,-370,7504(501.653)[I]: [6],0,36,46,43,-1,-280,9802
(501.663)[I]: [5],0,3,8,0,-665,-451,7488(501.663)[I]: [6],0,37,47,42,-1,-279,9802
(501.673)[I]: [5],0,3,8,0,-754,-525,7471(501.673)[I]: [6],0,39,48,41,-1,-279,9802
(501.683)[I]: [5],0,3,8,0,-836,-600,7448(501.683)[I]: [6],0,37,47,39,-1,-279,9802
(501.693)[I]: [5],0,2,4,0,-903,-678,7420(501.693)[I]: [6],0,37,45,38,-1,-279,9802
(501.703)[I]: [5],0,3,4,1,-953,-755,7393(501.703)[I]: [6],0,38,43,37,-1,-279,9802
(501.713)[I]: [5],0,3,4,1,-984,-830,7366(501.713)[I]: [6],0,36,43,38,-1,-279,9802
(501.723)[I]: [5],0,3,4,1,-992,-901,7339(501.723)[I]: [6],0,35,42,35,-1,-279,9802
(501.733)[I]: [5],0,3,4,1,-981,-965,7309(501.733)[I]: [6],0,35,43,34,-1,-279,9802
(501.743)[I]: [5],0,2,4,1,-952,-1016,7277(501.744)[I]: [6],0,35,44,34,-1,-278,9802
(501.753)[I]: [5],0,3,4,1,-911,-1043,7244(501.754)[I]: [6],0,36,44,34,-1,-278,9802
(501.763)[I]: [5],0,3,4,1,-862,-1043,7210(501.764)[I]: [6],0,35,44,31,-1,-278,9802
(501.773)[I]: [5],0,3,4,1,-807,-1015,7178(501.774)[I]: [6],0,36,44,31,-1,-278,9802
(501.783)[I]: [5],0,2,4,1,-750,-965,7146(501.783)[I]: [6],0,35,44,31,-1,-278,9802
(501.793)[I]: [5],0,2,4,1,-692,-902,7112(501.793)[I]: [6],0,35,43,31,-1,-278,9802
(501.803)[I]: [5],0,2,4,1,-634,-835,7072(501.803)[I]: [6],0,36,43,31,-1,-278,9802
(501.813)[I]: [5],0,2,4,1,-578,-769,7022(501.813)[I]: [6],0,37,44,31,-1,-279,9802
(501.823)[I]: [5],0,2,4,1,-523,-703,6962(501.823)[I]: [6],0,37,46,30,-1,-278,9802
(501.833)[I]: [5],0,2,4,1,-474,-637,6891(501.833)[I]: [6],0,37,46,28,-1,-278,9802
(501.843)[I]: [5],0,2,4,1,-434,-569,6812(501.843)[I]: [6],0,37,47,27,-1,-279,9802
(501.853)[I]: [5],0,2,4,1,-405,-501,6723(501.853)[I]: [6],0,38,47,26,-1,-278,9802
(501.863)[I]: [5],0,2,4,1,-387,-435,6625(501.863)[I]: [6],0,38,47,26,-1,-278,9802
(501.873)[I]: [5],0,2,4,1,-380,-376,6517(501.873)[I]: [6],0,39,48,24,-1,-278,9802
(501.883)[I]: [5],0,2,4,1,-383,-323,6403(501.883)[I]: [6],0,40,49,24,-1,-277,9802
(501.893)[I]: [5],0,2,4,1,-394,-276,6284(501.893)[I]: [6],0,41,49,24,-1,-277,9802
(501.903)[I]: [5],0,2,4,1,-412,-232,6164(501.903)[I]: [6],0,41,49,23,-1,-277,9802
(501.913)[I]: [5],0,2,0,1,-436,-187,6043(501.913)[I]: [6],0,43,48,23,-1,-277,9802
(501.923)[I]: [5],0,3,0,1,-463,-148,5924(501.923)[I]: [6],0,44,51,24,-1,-277,9802
(501.933)[I]: [5],0,3,0,1,-495,-109,5813(501.933)[I]: [6],0,43,52,24,-1,-277,9802
(501.943)[I]: [5],0,3,0,1,-531,-83,5709(501.943)[I]: [6],0,42,55,24,-1,-277,9802
(501.953)[I]: [5],0,3,0,1,-571,-67,5613(501.953)[I]: [6],0,42,54,24,-1,-277,9802
(501.963)[I]: [5],0,3,0,0,-616,-62,5518(501.963)[I]: [6],0,43,53,24,-1,-277,9802
(501.973)[I]: [5],0,3,0,0,-665,-65,5416(501.973)[I]: [6],0,44,55,23,-1,-277,9802
(501.983)[I]: [5],0,3,0,0,-718,-65,5302(501.983)[I]: [6],0,44,57,21,-1,-277,9802
(501.993)[I]: [5],0,3,0,0,-773,-61,5175(501.993)[I]: [6],0,45,58,20,-1,-277,9802
(501.999)[I]: [5],0,3,0,0,-827,-40,5044(501.999)[I]: [6],0,45,61,19,-1,-277,9802
(501.999)[I]: [5],0,3,0,0,-873,-9,4917(501.999)[I]: [6],0,47,61,18,-1,-277,9802
(501.999)[I]: [5],0,3,0,0,-904,26,4802(501.999)[I]: [6],0,48,63,18,-1,-277,9802
(502.009)[I]: [5],0,3,0,0,-918,61,4701(502.009)[I]: [6],0,48,66,17,-1,-278,9802
(502.019)[I]: [5],0,3,0,0,-914,91,4616(502.019)[I]: [6],0,49,68,17,-1,-278,9802
(502.029)[I]: [5],0,3,0,0,-894,114,4548(502.029)[I]: [6],0,50,69,17,-1,-278,9802
(502.039)[I]: [5],0,3,0,0,-862,128,4503(502.039)[I]: [6],0,51,70,15,-1,-278,9802
(502.049)[I]: [5],0,3,0,0,-819,133,4486(502.049)[I]: [6],0,50,72,15,-1,-278,9802
(502.059)[I]: [5],0,3,0,0,-766,130,4495(502.059)[I]: [6],0,51,72,15,-1,-277,9802
(502.069)[I]: [5],0,2,0,0,-706,121,4511(502.069)[I]: [6],0,51,74,15,-1,-277,9802
(502.079)[I]: [5],0,2,0,0,-639,97,4517(502.079)[I]: [6],0,51,74,15,-1,-277,9802
(502.089)[I]: [5],0,0,0,6,-564,120,4746(502.089)[I]: [6],0,51,76,15,-1,-277,9802
(502.099)[I]: [5],0,2,0,9,-517,86,4886(502.099)[I]: [6],0,51,77,15,-1,-277,9802
(502.109)[I]: [5],0,2,0,10,-486,42,5013(502.109)[I]: [6],0,51,78,14,-1,-277,9802
(502.119)[I]: [5],0,1,0,10,-468,-8,5096(502.119)[I]: [6],0,52,78,14,-1,-277,9802
(502.129)[I]: [5],0,2,0,7,-449,-49,5144(502.129)[I]: [6],0,52,78,12,-1,-277,9802
(502.139)[I]: [5],0,2,0,6,-425,-74,5158(502.139)[I]: [6],0,54,79,11,-1,-276,9802
(502.149)[I]: [5],0,2,0,4,-403,-81,5176(502.149)[I]: [6],0,56,78,9,-1,-276,9802
(502.159)[I]: [5],0,2,0,4,-384,-76,5212(502.159)[I]: [6],0,58,79,7,-1,-276,9802
(502.169)[I]: [5],0,1,0,4,-372,-70,5271(502.169)[I]: [6],0,60,81,6,0,-277,9799
(502.179)[I]: [5],0,1,0,6,-371,-68,5354(502.179)[I]: [6],0,63,83,4,0,-279,9794
(502.189)[I]: [5],0,1,4,10,-377,-83,5438(502.189)[I]: [6],0,69,87,3,1,-281,9786
(502.199)[I]: [5],0,3,8,10,-388,-112,5497(502.200)[I]: [6],0,78,88,3,2,-285,9774
(502.209)[I]: [5],0,3,12,10,-387,-129,5521(502.210)[I]: [6],0,91,90,3,4,-290,9759
(502.219)[I]: [5],0,4,20,11,-386,-147,5527(502.220)[I]: [6],0,108,97,3,5,-297,9740
(502.229)[I]: [5],0,4,20,11,-384,-154,5528(502.230)[I]: [6],0,125,92,3,7,-307,9720
(502.239)[I]: [5],0,3,24,12,-380,-155,5528(502.240)[I]: [6],0,145,101,3,9,-319,9700
(502.249)[I]: [5],0,3,28,13,-376,-157,5528(502.250)[I]: [6],1,159,96,2,11,-330,9675
(502.259)[I]: [5],0,3,32,18,-374,-158,5531(502.260)[I]: [6],3,175,91,2,14,-364,9637
(502.269)[I]: [5],0,4,36,19,-373,-158,5541(502.270)[I]: [6],3,193,81,2,20,-409,9573
(502.279)[I]: [5],0,7,36,21,-373,-157,5555(502.280)[I]: [6],5,200,66,2,26,-427,9476
(502.289)[I]: [5],0,10,64,24,-374,-158,5571(502.290)[I]: [6],7,201,44,2,32,-440,9361
(502.299)[I]: [5],0,12,76,27,-375,-158,5589(502.300)[I]: [6],9,181,31,2,41,-440,9229
(502.309)[I]: [5],0,14,72,28,-375,-158,5606(502.310)[I]: [6],8,156,17,2,51,-430,9086
(502.319)[I]: [5],0,19,76,31,-374,-159,5616(502.320)[I]: [6],8,123,16,2,57,-414,8929
(502.329)[I]: [5],2,19,76,35,-374,-159,5624(502.330)[I]: [6],7,89,9,2,64,-372,8752
(502.339)[I]: [5],3,19,88,44,-370,-160,5624(502.340)[I]: [6],5,63,7,2,76,-328,8550
(502.349)[I]: [5],4,17,96,51,-366,-158,5624(502.350)[I]: [6],6,47,6,2,88,-291,8340
(502.359)[I]: [5],4,17,92,62,-363,-158,5624(502.360)[I]: [6],5,34,6,2,109,-245,8131
(502.369)[I]: [5],5,17,96,66,-359,-158,5624(502.370)[I]: [6],5,21,5,2,139,-214,7921
(502.379)[I]: [5],4,23,92,71,-355,-157,5624(502.380)[I]: [6],2,19,3,2,170,-220,7701
(502.389)[I]: [5],5,22,96,76,-352,-158,5624(502.390)[I]: [6],0,15,3,2,201,-230,7457
(502.399)[I]: [5],3,22,96,80,-348,-158,5624(502.400)[I]: [6],0,10,4,2,253,-248,7239
(502.409)[I]: [5],3,22,100,78,-345,-159,5624(502.410)[I]: [6],0,10,3,2,319,-274,7061
(502.419)[I]: [5],4,22,100,79,-341,-159,5624(502.420)[I]: [6],0,12,4,2,412,-296,6942
(502.429)[I]: [5],5,23,104,80,-338,-160,5624(502.430)[I]: [6],0,12,4,2,524,-326,6869
(502.439)[I]: [5],5,21,100,80,-335,-160,5624(502.440)[I]: [6],0,14,3,2,656,-356,6863
(502.449)[I]: [5],4,23,96,80,-331,-160,5624(502.450)[I]: [6],0,15,3,2,814,-394,6881
(502.459)[I]: [5],3,22,96,80,-328,-161,5624(502.460)[I]: [6],0,14,3,2,991,-465,6889
(502.469)[I]: [5],3,23,96,78,-325,-161,5624(502.470)[I]: [6],0,13,3,2,1178,-562,6878
(502.479)[I]: [5],3,22,92,75,-322,-161,5624(502.480)[I]: [6],0,13,3,2,1362,-684,6852
(502.489)[I]: [5],2,21,92,73,-318,-162,5624(502.490)[I]: [6],0,11,3,2,1529,-826,6829
(502.499)[I]: [5],1,23,92,72,-315,-162,5624(502.500)[I]: [6],0,10,2,2,1663,-975,6816
(502.509)[I]: [5],0,19,88,71,-312,-163,5624(502.510)[I]: [6],0,10,2,2,1756,-1128,6820
(502.519)[I]: [5],0,18,88,69,-309,-163,5624(502.520)[I]: [6],0,11,2,3,1801,-1283,6848
(502.529)[I]: [5],0,17,84,66,-307,-162,5622(502.530)[I]: [6],0,11,1,3,1810,-1418,6901
(502.539)[I]: [5],0,16,80,63,-304,-162,5622(502.540)[I]: [6],0,10,1,3,1776,-1531,6970
(502.549)[I]: [5],0,17,76,60,-301,-162,5622(502.550)[I]: [6],0,10,1,3,1715,-1616,7045
(502.559)[I]: [5],0,15,72,57,-298,-162,5622(502.560)[I]: [6],0,10,2,2,1637,-1679,7127
(502.569)[I]: [5],0,16,72,55,-295,-161,5622(502.570)[I]: [6],0,10,2,2,1541,-1721,7219
(502.579)[I]: [5],0,15,72,51,-292,-161,5622(502.580)[I]: [6],0,10,2,3,1436,-1733,7315
(502.589)[I]: [5],0,16,72,50,-289,-161,5622(502.590)[I]: [6],0,11,3,2,1325,-1719,7416
(502.599)[I]: [5],0,15,68,49,-286,-162,5622(502.600)[I]: [6],0,10,3,3,1215,-1677,7513
(502.609)[I]: [5],0,15,68,48,-283,-162,5622(502.610)[I]: [6],0,10,3,3,1108,-1616,7606
(502.619)[I]: [5],0,15,68,47,-280,-160,5622(502.620)[I]: [6],0,9,3,3,1005,-1547,7696
(502.629)[I]: [5],0,14,68,47,-278,-161,5622(502.630)[I]: [6],0,9,3,3,908,-1471,7786
(502.639)[I]: [5],0,14,68,49,-275,-162,5622(502.640)[I]: [6],0,9,3,3,815,-1395,7882
(502.649)[I]: [5],0,7,68,49,-272,-162,5622(502.650)[I]: [6],0,9,3,3,730,-1322,7990
(502.659)[I]: [5],0,8,68,50,-269,-163,5622(502.660)[I]: [6],0,10,3,3,656,-1242,8109
(502.669)[I]: [5],0,9,72,50,-267,-163,5622(502.670)[I]: [6],0,10,3,3,595,-1159,8239
(502.679)[I]: [5],0,7,72,51,-264,-164,5622(502.680)[I]: [6],0,10,3,3,550,-1073,8380
(502.689)[I]: [5],0,9,76,53,-261,-157,5623(502.690)[I]: [6],0,9,3,3,519,-983,8525
(502.699)[I]: [5],0,9,80,54,-259,-158,5623(502.700)[I]: [6],0,10,3,3,495,-898,8674
(502.709)[I]: [5],0,9,84,56,-256,-159,5623(502.710)[I]: [6],0,9,3,3,476,-822,8826
(502.719)[I]: [5],0,9,92,54,-254,-158,5623(502.720)[I]: [6],0,9,3,3,458,-752,8977
(502.729)[I]: [5],0,9,96,53,-251,-159,5623(502.730)[I]: [6],0,9,3,3,442,-689,9130
(502.739)[I]: [5],0,10,100,55,-249,-160,5623(502.740)[I]: [6],0,9,2,3,427,-626,9278
(502.749)[I]: [5],0,11,108,56,-246,-160,5623(502.750)[I]: [6],0,9,2,3,412,-568,9422
(502.759)[I]: [5],0,11,120,57,-244,-160,5623(502.760)[I]: [6],0,9,3,3,396,-513,9563
(502.769)[I]: [5],0,11,124,56,-241,-161,5623(502.770)[I]: [6],0,8,3,3,381,-457,9703
(502.779)[I]: [5],0,11,124,56,-239,-160,5623(502.780)[I]: [6],0,8,3,3,370,-401,9844
(502.789)[I]: [5],0,11,124,55,-237,-176,5622(502.790)[I]: [6],0,9,3,2,366,-342,9982
(502.799)[I]: [5],0,10,124,56,-234,-176,5622(502.800)[I]: [6],0,9,3,2,369,-286,10111
(502.809)[I]: [5],0,10,124,56,-232,-177,5622(502.810)[I]: [6],0,9,2,3,376,-235,10228
(502.819)[I]: [5],0,11,136,54,-230,-176,5622(502.820)[I]: [6],0,9,3,3,380,-193,10330
(502.829)[I]: [5],0,11,140,54,-227,-176,5622(502.830)[I]: [6],0,9,3,3,378,-159,10416
(502.839)[I]: [5],0,11,148,52,-225,-176,5622(502.840)[I]: [6],0,9,3,3,367,-129,10478
(502.849)[I]: [5],0,11,144,53,-223,-176,5622(502.850)[I]: [6],0,8,3,3,345,-99,10525
(502.859)[I]: [5],0,12,148,52,-221,-175,5622(502.860)[I]: [6],0,7,2,3,315,-66,10558
(502.869)[I]: [5],0,12,152,52,-218,-175,5622(502.870)[I]: [6],0,7,2,3,282,-31,10583
(502.879)[I]: [5],0,11,152,51,-216,-175,5622(502.880)[I]: [6],0,7,2,3,248,2,10606
(502.889)[I]: [5],0,12,148,50,-214,-175,5622(502.890)[I]: [6],0,7,2,3,214,32,10633
(502.899)[I]: [5],0,12,152,50,-212,-175,5622(502.900)[I]: [6],0,7,2,3,184,57,10666
(502.909)[I]: [5],0,12,156,50,-210,-175,5622(502.910)[I]: [6],0,7,3,3,160,70,10704
(502.919)[I]: [5],0,12,156,51,-208,-175,5622(502.920)[I]: [6],0,7,3,3,147,77,10738
(502.929)[I]: [5],0,13,160,51,-206,-175,5622(502.930)[I]: [6],0,7,3,3,136,69,10762
(502.939)[I]: [5],0,15,164,50,-204,-175,5623(502.940)[I]: [6],0,7,5,3,168,-22,10669
(502.949)[I]: [5],0,15,168,48,-202,-175,5623(502.950)[I]: [6],0,7,4,3,179,-186,10494
(502.959)[I]: [5],0,18,176,40,-201,-174,5630(502.960)[I]: [6],0,5,5,3,277,-265,10313
(502.969)[I]: [5],0,22,188,28,-200,-173,5640(502.970)[I]: [6],0,5,6,3,268,-284,10200
(502.979)[I]: [5],0,26,196,21,-199,-172,5654(502.980)[I]: [6],0,7,6,3,255,-304,10123
(502.989)[I]: [5],0,31,204,13,-198,-170,5670(502.990)[I]: [6],0,8,6,3,229,-316,10065
(502.999)[I]: [5],4,38,220,11,-197,-170,5689(502.999)[I]: [6],0,8,6,3,217,-332,10005
(502.999)[I]: [5],6,45,232,9,-196,-171,5711(502.999)[I]: [6],0,8,6,3,224,-345,9943
(502.999)[I]: [5],13,57,248,7,-197,-170,5739(502.999)[I]: [6],0,9,11,4,235,-358,9887
(503.005)[I]: [5],21,63,248,4,-197,-168,5774(503.006)[I]: [6],0,9,9,4,244,-366,9832
(503.015)[I]: [5],24,70,252,3,-197,-155,5812(503.016)[I]: [6],0,11,13,4,247,-376,9780
(503.025)[I]: [5],30,78,252,0,-198,-135,5852(503.026)[I]: [6],0,13,19,6,251,-384,9743
(503.035)[I]: [5],38,84,248,1,-203,-95,5907(503.036)[I]: [6],0,17,22,7,254,-395,9716
(503.045)[I]: [5],43,81,224,0,-206,-94,6012(503.046)[I]: [6],0,19,26,8,257,-401,9692
(503.055)[I]: [5],45,73,204,0,-210,-97,6151(503.056)[I]: [6],0,20,28,10,260,-405,9674
(503.065)[I]: [5],39,63,176,0,-215,-71,6309(503.066)[I]: [6],0,22,34,11,262,-406,9657
(503.075)[I]: [5],35,45,124,0,-214,-45,6490(503.076)[I]: [6],0,27,31,14,263,-410,9641
(503.085)[I]: [5],31,29,84,0,-204,-18,6689(503.086)[I]: [6],0,29,40,14,265,-414,9628
(503.095)[I]: [5],27,23,48,0,-189,42,6909(503.096)[I]: [6],0,31,39,16,265,-418,9620
(503.105)[I]: [5],23,9,56,0,-181,130,7140(503.106)[I]: [6],0,35,38,19,262,-418,9620
(503.115)[I]: [5],18,8,36,0,-181,202,7375(503.116)[I]: [6],0,35,45,22,260,-419,9620
(503.125)[I]: [5],17,5,24,0,-184,256,7618(503.126)[I]: [6],0,42,41,24,257,-418,9620
(503.135)[I]: [5],11,3,12,0,-187,303,7863(503.136)[I]: [6],1,45,37,28,254,-419,9620
(503.145)[I]: [5],7,3,12,0,-193,339,8107(503.146)[I]: [6],2,50,37,27,252,-419,9621
(503.155)[I]: [5],3,4,16,0,-206,364,8334(503.156)[I]: [6],0,57,35,28,249,-420,9621
(503.165)[I]: [5],0,2,12,1,-250,359,8538(503.166)[I]: [6],0,56,34,28,247,-422,9621
(503.175)[I]: [5],0,3,8,1,-315,284,8708(503.175)[I]: [6],0,60,31,29,244,-423,9621
(503.185)[I]: [5],0,3,8,1,-384,159,8833(503.186)[I]: [6],0,61,31,30,242,-424,9621
(503.195)[I]: [5],0,2,8,0,-459,15,8888(503.195)[I]: [6],1,59,30,30,240,-427,9622
(503.205)[I]: [5],0,2,8,0,-541,-147,8904(503.205)[I]: [6],0,60,29,31,237,-428,9622
(503.215)[I]: [5],0,3,4,0,-627,-322,8896(503.215)[I]: [6],0,57,28,31,235,-429,9622
(503.225)[I]: [5],0,3,4,0,-716,-482,8881(503.225)[I]: [6],0,57,29,30,232,-429,9622
(503.235)[I]: [5],0,2,8,0,-804,-634,8871(503.235)[I]: [6],0,57,29,29,230,-431,9622
(503.245)[I]: [5],0,2,4,0,-888,-764,8865(503.245)[I]: [6],0,57,27,27,228,-432,9623
(503.255)[I]: [5],0,2,4,0,-962,-870,8863(503.255)[I]: [6],0,55,26,25,226,-432,9623
(503.265)[I]: [5],0,2,4,0,-1020,-960,8859(503.265)[I]: [6],0,55,27,23,223,-433,9623
(503.275)[I]: [5],0,2,4,1,-1053,-1042,8845(503.276)[I]: [6],0,55,28,22,221,-434,9623
(503.285)[I]: [5],0,2,4,1,-1057,-1128,8811(503.286)[I]: [6],0,53,26,21,219,-434,9623
(503.295)[I]: [5],0,2,4,1,-1031,-1210,8750(503.296)[I]: [6],0,53,26,19,217,-436,9624
(503.305)[I]: [5],0,2,4,1,-975,-1282,8668(503.306)[I]: [6],0,51,26,17,215,-437,9624
(503.315)[I]: [5],0,2,4,1,-894,-1331,8580(503.316)[I]: [6],1,47,26,16,212,-437,9624
(503.325)[I]: [5],0,2,4,1,-798,-1358,8493(503.326)[I]: [6],0,46,25,16,210,-439,9624
(503.335)[I]: [5],0,2,4,1,-694,-1359,8408(503.336)[I]: [6],0,43,27,16,208,-440,9624
(503.345)[I]: [5],0,2,4,1,-586,-1338,8324(503.346)[I]: [6],0,41,26,16,206,-441,9624
(503.355)[I]: [5],0,2,4,1,-476,-1293,8240(503.356)[I]: [6],0,39,25,17,204,-442,9624
(503.365)[I]: [5],0,2,4,1,-372,-1228,8158(503.366)[I]: [6],0,39,25,18,202,-442,9625
(503.375)[I]: [5],0,1,0,1,-275,-1147,8072(503.375)[I]: [6],0,38,26,18,200,-442,9625
(503.385)[I]: [5],0,1,0,2,-188,-1055,7981(503.385)[I]: [6],0,35,25,19,198,-443,9625
(503.395)[I]: [5],0,1,0,2,-112,-955,7881(503.395)[I]: [6],0,36,24,20,197,-442,9628
(503.405)[I]: [5],0,1,0,2,-51,-853,7771(503.405)[I]: [6],0,35,25,22,197,-444,9631
(503.415)[I]: [5],0,1,0,2,-4,-757,7649(503.415)[I]: [6],0,34,26,22,195,-444,9631
(503.425)[I]: [5],0,1,0,2,29,-667,7516(503.425)[I]: [6],0,34,25,23,193,-445,9631
(503.435)[I]: [5],0,1,0,2,51,-586,7373(503.435)[I]: [6],0,31,27,24,192,-447,9631
(503.445)[I]: [5],0,2,0,2,63,-514,7224(503.445)[I]: [6],0,31,27,25,190,-447,9631
(503.455)[I]: [5],0,1,0,1,66,-447,7075(503.455)[I]: [6],0,29,27,25,190,-448,9633
(503.465)[I]: [5],0,1,0,2,63,-386,6925(503.465)[I]: [6],0,30,28,25,188,-445,9633
(503.475)[I]: [5],0,2,0,2,53,-331,6772(503.475)[I]: [6],0,30,28,26,186,-446,9633
(503.485)[I]: [5],0,1,0,2,41,-278,6619(503.485)[I]: [6],0,28,29,27,184,-447,9633
(503.495)[I]: [5],0,1,0,2,23,-226,6463(503.495)[I]: [6],0,27,28,28,183,-446,9633
(503.505)[I]: [5],0,1,0,1,1,-173,6306(503.505)[I]: [6],0,28,31,28,181,-446,9633
(503.515)[I]: [5],0,2,0,1,-22,-119,6150(503.515)[I]: [6],0,29,31,28,179,-446,9633
(503.525)[I]: [5],0,1,0,2,-46,-63,5993(503.525)[I]: [6],0,29,35,30,177,-445,9634
(503.535)[I]: [5],0,2,0,1,-73,-2,5836(503.535)[I]: [6],0,29,38,31,175,-446,9634
(503.545)[I]: [5],0,2,0,1,-103,61,5679(503.545)[I]: [6],0,28,37,31,174,-446,9634
(503.555)[I]: [5],0,2,0,1,-135,121,5523(503.555)[I]: [6],0,29,38,31,172,-446,9634
(503.565)[I]: [5],0,2,0,1,-166,172,5372(503.565)[I]: [6],0,28,37,31,170,-447,9634
(503.575)[I]: [5],0,3,0,0,-194,206,5231(503.575)[I]: [6],0,28,38,34,168,-447,9634
(503.585)[I]: [5],0,3,0,0,-219,227,5106(503.585)[I]: [6],0,30,40,34,167,-447,9634
(503.595)[I]: [5],0,3,0,0,-239,236,5000(503.595)[I]: [6],0,30,42,31,165,-447,9634
(503.605)[I]: [5],0,3,0,0,-253,238,4909(503.605)[I]: [6],0,30,43,31,163,-447,9634
(503.615)[I]: [5],0,3,0,0,-259,240,4830(503.615)[I]: [6],0,30,44,31,162,-447,9634
(503.625)[I]: [5],0,3,0,0,-258,244,4764(503.625)[I]: [6],0,30,44,31,160,-447,9635
(503.635)[I]: [5],0,3,0,0,-248,256,4712(503.635)[I]: [6],0,31,44,30,159,-447,9635
(503.645)[I]: [5],0,2,0,0,-232,274,4678(503.645)[I]: [6],0,31,45,31,157,-447,9635
(503.655)[I]: [5],0,2,0,0,-208,286,4660(503.655)[I]: [6],0,31,45,31,155,-447,9635
(503.665)[I]: [5],0,1,0,0,-176,283,4652(503.665)[I]: [6],0,31,46,31,154,-446,9635
(503.675)[I]: [5],0,2,0,0,-141,261,4646(503.675)[I]: [6],0,33,46,31,152,-446,9635
(503.685)[I]: [5],0,1,0,0,-104,225,4643(503.685)[I]: [6],0,35,46,31,151,-446,9635
(503.695)[I]: [5],0,1,0,0,-71,176,4645(503.695)[I]: [6],0,35,45,31,149,-446,9635
(503.705)[I]: [5],0,2,4,6,-56,103,4906(503.705)[I]: [6],0,36,45,30,148,-446,9635
(503.715)[I]: [5],0,2,0,13,-71,22,5016(503.715)[I]: [6],0,39,47,28,146,-446,9635
(503.725)[I]: [5],0,2,4,13,-77,-45,5113(503.725)[I]: [6],0,40,47,24,146,-448,9632
(503.735)[I]: [5],0,2,4,13,-58,-114,5182(503.735)[I]: [6],0,40,50,21,146,-450,9625
(503.745)[I]: [5],0,1,4,11,-19,-162,5217(503.745)[I]: [6],0,44,54,15,146,-451,9615
(503.755)[I]: [5],0,1,8,10,22,-187,5264(503.755)[I]: [6],0,49,58,13,146,-453,9600
(503.765)[I]: [5],0,2,8,12,52,-207,5327(503.765)[I]: [6],0,52,63,8,146,-456,9585
(503.775)[I]: [5],0,2,12,15,56,-223,5391(503.776)[I]: [6],0,57,68,3,146,-456,9568
(503.785)[I]: [5],0,0,16,17,48,-225,5431(503.786)[I]: [6],0,62,74,3,146,-456,9551
(503.795)[I]: [5],0,3,28,17,47,-216,5452(503.796)[I]: [6],2,67,77,3,148,-458,9529
(503.805)[I]: [5],0,3,32,19,47,-211,5465(503.806)[I]: [6],3,73,79,3,149,-466,9503
(503.815)[I]: [5],0,4,44,24,47,-211,5477(503.816)[I]: [6],3,76,77,2,151,-474,9481
(503.825)[I]: [5],0,6,60,34,46,-210,5487(503.826)[I]: [6],3,77,69,2,152,-477,9463
(503.835)[I]: [5],0,6,68,41,45,-204,5495(503.836)[I]: [6],4,75,62,2,156,-477,9440
(503.845)[I]: [5],0,7,72,53,44,-199,5504(503.846)[I]: [6],4,73,49,2,161,-480,9373
(503.855)[I]: [5],0,9,84,63,42,-196,5514(503.856)[I]: [6],4,63,38,2,169,-478,9267
(503.865)[I]: [5],0,9,92,71,41,-195,5523(503.866)[I]: [6],3,48,31,2,177,-460,9141
(503.875)[I]: [5],0,11,104,77,41,-193,5531(503.876)[I]: [6],3,34,15,2,182,-421,9009
(503.885)[I]: [5],0,12,100,81,40,-189,5537(503.886)[I]: [6],0,25,13,2,189,-355,8873
(503.895)[I]: [5],0,9,108,90,39,-189,5537(503.896)[I]: [6],1,18,7,2,207,-261,8713
(503.905)[I]: [5],0,10,108,101,39,-189,5537(503.906)[I]: [6],1,7,6,2,238,-162,8538
(503.915)[I]: [5],0,12,116,98,38,-189,5537(503.916)[I]: [6],0,9,5,2,286,-77,8355
(503.925)[I]: [5],0,12,116,103,38,-190,5537(503.926)[I]: [6],0,8,4,2,334,-16,8160
(503.935)[I]: [5],0,11,124,106,38,-190,5537(503.936)[I]: [6],0,10,6,2,391,30,7966
(503.945)[I]: [5],0,11,120,102,37,-190,5537(503.946)[I]: [6],0,12,5,2,453,46,7807
(503.955)[I]: [5],0,10,124,100,37,-191,5537(503.956)[I]: [6],0,12,5,2,524,24,7691
(503.965)[I]: [5],0,10,120,93,37,-192,5537(503.966)[I]: [6],0,12,5,2,601,-45,7636
(503.975)[I]: [5],0,9,120,92,37,-188,5532(503.976)[I]: [6],0,12,3,2,707,-128,7609
(503.985)[I]: [5],0,9,124,93,37,-188,5532(503.986)[I]: [6],0,12,3,2,841,-217,7580
(503.995)[I]: [5],0,9,124,88,37,-188,5532(503.996)[I]: [6],0,11,3,2,999,-305,7536
(503.999)[I]: [5],0,9,124,84,36,-188,5532(503.999)[I]: [6],0,12,3,2,1169,-400,7480
(503.999)[I]: [5],0,9,124,77,36,-187,5532(503.999)[I]: [6],0,11,3,2,1336,-503,7425
(504.001)[I]: [5],0,10,124,66,36,-188,5532(504.002)[I]: [6],0,11,3,2,1483,-614,7380
(504.011)[I]: [5],0,11,124,60,35,-188,5532(504.012)[I]: [6],0,11,3,2,1598,-730,7346
(504.021)[I]: [5],0,9,124,57,35,-188,5532(504.022)[I]: [6],0,11,3,2,1676,-834,7325
(504.031)[I]: [5],0,9,124,55,34,-189,5532(504.032)[I]: [6],0,11,2,2,1718,-979,7322
(504.041)[I]: [5],0,10,124,53,34,-189,5532(504.042)[I]: [6],0,11,3,2,1712,-1025,7328
(504.051)[I]: [5],0,10,116,50,34,-189,5532(504.052)[I]: [6],0,11,3,2,1646,-1142,7368
(504.061)[I]: [5],0,8,112,46,34,-185,5527(504.062)[I]: [6],0,11,3,2,1609,-1174,7386
(504.071)[I]: [5],0,7,116,44,34,-182,5525(504.072)[I]: [6],0,11,2,2,1468,-1239,7444
(504.081)[I]: [5],0,5,104,42,35,-181,5522(504.082)[I]: [6],0,10,3,2,1359,-1254,7485
(504.091)[I]: [5],0,5,104,40,35,-178,5519(504.092)[I]: [6],0,10,3,2,1245,-1241,7527
(504.101)[I]: [5],0,6,104,36,35,-177,5519(504.102)[I]: [6],0,10,2,2,1131,-1204,7577
(504.111)[I]: [5],0,5,104,37,34,-176,5519(504.112)[I]: [6],0,10,3,2,1020,-1145,7634
(504.121)[I]: [5],0,5,108,31,34,-177,5519(504.122)[I]: [6],0,9,3,2,915,-1072,7699
(504.131)[I]: [5],0,6,104,32,34,-176,5519(504.132)[I]: [6],0,9,4,2,819,-990,7770
(504.141)[I]: [5],0,5,108,31,33,-175,5519(504.142)[I]: [6],0,10,4,2,731,-909,7847
(504.151)[I]: [5],0,3,108,32,33,-176,5519(504.152)[I]: [6],0,9,4,2,655,-832,7933
(504.161)[I]: [5],0,2,108,39,33,-176,5519(504.162)[I]: [6],0,9,4,2,587,-765,8030
(504.171)[I]: [5],0,2,108,42,32,-176,5519(504.172)[I]: [6],0,9,4,2,529,-703,8137
(504.181)[I]: [5],0,1,108,43,32,-176,5519(504.182)[I]: [6],0,9,4,2,479,-647,8255
(504.191)[I]: [5],0,1,108,44,32,-176,5519(504.192)[I]: [6],0,9,4,2,439,-591,8384
(504.201)[I]: [5],0,1,112,46,31,-176,5519(504.202)[I]: [6],0,9,5,2,407,-532,8524
(504.211)[I]: [5],0,1,116,48,31,-175,5519(504.212)[I]: [6],0,10,5,3,385,-468,8675
(504.221)[I]: [5],0,1,120,48,31,-175,5519(504.222)[I]: [6],0,9,4,3,372,-401,8831
(504.231)[I]: [5],0,1,124,49,30,-174,5519(504.232)[I]: [6],0,9,5,3,368,-334,8988
(504.241)[I]: [5],0,2,124,49,30,-174,5519(504.242)[I]: [6],0,9,4,3,371,-272,9141
(504.251)[I]: [5],0,2,124,50,30,-175,5519(504.252)[I]: [6],0,9,4,3,375,-220,9289
(504.261)[I]: [5],0,2,124,53,29,-174,5519(504.262)[I]: [6],0,9,3,3,378,-199,9361
(504.271)[I]: [5],0,2,124,54,29,-174,5519(504.272)[I]: [6],0,10,3,2,383,-160,9502
(504.281)[I]: [5],0,3,124,56,29,-173,5519(504.282)[I]: [6],0,9,3,2,387,-109,9706
(504.291)[I]: [5],0,2,124,60,28,-175,5517(504.292)[I]: [6],0,9,2,2,387,-75,9843
(504.301)[I]: [5],0,3,124,61,27,-175,5517(504.302)[I]: [6],0,9,3,2,385,-38,9981
(504.311)[I]: [5],0,2,124,60,27,-176,5517(504.312)[I]: [6],0,9,3,3,382,1,10123
(504.321)[I]: [5],0,4,124,61,27,-175,5517(504.322)[I]: [6],0,9,3,3,379,42,10262
(504.331)[I]: [5],0,5,124,65,27,-176,5517(504.332)[I]: [6],0,8,3,2,377,63,10331
(504.341)[I]: [5],0,6,124,66,26,-180,5522(504.342)[I]: [6],0,9,3,2,374,105,10462
(504.351)[I]: [5],0,7,124,65,25,-180,5522(504.352)[I]: [6],0,9,2,3,357,158,10634
(504.361)[I]: [5],0,7,132,64,25,-181,5522(504.362)[I]: [6],0,10,3,2,335,180,10728
(504.371)[I]: [5],0,8,136,60,25,-186,5522(504.372)[I]: [6],0,10,3,2,306,188,10799
(504.381)[I]: [5],0,8,136,57,25,-187,5522(504.382)[I]: [6],0,10,3,2,273,185,10844
(504.391)[I]: [5],0,8,132,57,24,-187,5522(504.392)[I]: [6],0,10,3,2,237,171,10855
(504.401)[I]: [5],0,8,124,57,24,-187,5522(504.402)[I]: [6],0,10,3,2,200,152,10839
(504.411)[I]: [5],0,8,132,55,24,-187,5522(504.412)[I]: [6],0,9,3,2,153,121,10813
(504.421)[I]: [5],0,8,136,55,24,-188,5522(504.422)[I]: [6],0,7,3,2,118,96,10796
(504.431)[I]: [5],0,8,136,54,23,-188,5522(504.432)[I]: [6],0,6,3,2,85,74,10796
(504.441)[I]: [5],0,8,140,52,23,-188,5522(504.442)[I]: [6],0,7,3,2,57,56,10814
(504.451)[I]: [5],0,10,144,50,23,-188,5522(504.452)[I]: [6],0,9,3,2,38,42,10838
(504.461)[I]: [5],0,11,152,47,23,-187,5522(504.462)[I]: [6],0,9,3,3,24,27,10856
(504.471)[I]: [5],0,12,164,44,22,-187,5530(504.472)[I]: [6],0,10,2,3,-7,-45,10628
(504.481)[I]: [5],0,15,168,38,21,-188,5540(504.482)[I]: [6],0,7,3,4,71,-78,10404
(504.491)[I]: [5],0,17,176,25,21,-190,5551(504.492)[I]: [6],0,7,2,3,114,-134,10234
(504.501)[I]: [5],0,19,184,20,21,-190,5566(504.502)[I]: [6],0,6,2,3,127,-175,10092
(504.511)[I]: [5],0,25,196,14,21,-191,5585(504.512)[I]: [6],0,8,2,3,117,-210,9986
(504.521)[I]: [5],5,33,220,15,21,-192,5612(504.522)[I]: [6],0,9,3,4,109,-233,9936
(504.531)[I]: [5],6,37,232,10,20,-195,5644(504.532)[I]: [6],0,10,5,4,109,-245,9916
(504.541)[I]: [5],10,53,248,9,20,-196,5683(504.542)[I]: [6],0,9,6,4,112,-248,9914
(504.551)[I]: [5],16,60,252,5,19,-195,5722(504.552)[I]: [6],0,10,6,4,111,-249,9914
(504.561)[I]: [5],22,66,264,3,18,-186,5761(504.562)[I]: [6],0,12,7,5,112,-253,9902
(504.571)[I]: [5],30,72,268,2,17,-162,5804(504.572)[I]: [6],0,13,9,6,115,-259,9882
(504.581)[I]: [5],39,79,268,0,16,-131,5852(504.582)[I]: [6],0,13,10,7,117,-267,9859
(504.591)[I]: [5],43,84,264,0,11,-84,5930(504.592)[I]: [6],0,14,11,8,118,-273,9835
(504.601)[I]: [5],47,88,248,0,8,-83,6056(504.602)[I]: [6],0,19,14,8,122,-279,9809
(504.611)[I]: [5],52,82,224,0,3,-67,6217(504.612)[I]: [6],0,22,23,10,124,-283,9787
(504.621)[I]: [5],54,66,184,0,0,-33,6407(504.621)[I]: [6],0,25,27,12,129,-286,9772
(504.631)[I]: [5],50,36,124,1,7,-11,6616(504.632)[I]: [6],0,28,25,15,127,-286,9763
(504.641)[I]: [5],43,25,92,1,22,43,6850(504.642)[I]: [6],0,27,27,19,131,-286,9756
(504.651)[I]: [5],34,15,60,1,36,133,7094(504.652)[I]: [6],0,31,29,25,129,-286,9749
(504.661)[I]: [5],24,9,48,1,39,220,7338(504.662)[I]: [6],0,34,31,28,128,-287,9749
(504.671)[I]: [5],22,4,32,1,33,280,7586(504.672)[I]: [6],0,37,37,31,126,-288,9749
(504.681)[I]: [5],15,3,36,1,25,319,7836(504.682)[I]: [6],0,38,39,31,125,-288,9750
(504.691)[I]: [5],11,3,28,1,9,347,8087(504.692)[I]: [6],0,39,39,34,124,-287,9750
(504.701)[I]: [5],4,2,20,1,-22,376,8319(504.702)[I]: [6],0,40,45,35,123,-288,9750
(504.711)[I]: [5],0,2,16,1,-89,408,8547(504.711)[I]: [6],0,45,44,34,121,-291,9750
(504.721)[I]: [5],0,3,12,1,-192,389,8715(504.722)[I]: [6],0,44,45,31,120,-291,9750
(504.731)[I]: [5],0,2,12,2,-297,312,8841(504.732)[I]: [6],0,48,43,31,119,-291,9750
(504.741)[I]: [5],0,3,8,2,-404,207,8880(504.741)[I]: [6],0,45,46,31,118,-292,9750
(504.751)[I]: [5],0,2,8,1,-514,72,8883(504.751)[I]: [6],0,45,47,30,117,-292,9750
(504.761)[I]: [5],0,3,8,1,-631,-88,8865(504.761)[I]: [6],0,47,46,28,116,-293,9750
(504.771)[I]: [5],0,2,8,1,-748,-254,8849(504.771)[I]: [6],0,47,48,26,114,-295,9750
(504.781)[I]: [5],0,3,4,1,-863,-412,8844(504.781)[I]: [6],0,47,49,23,113,-295,9750
(504.791)[I]: [5],0,3,4,1,-966,-555,8853(504.791)[I]: [6],0,43,49,20,112,-296,9750
(504.801)[I]: [5],0,3,4,1,-1054,-680,8870(504.802)[I]: [6],0,42,49,18,111,-297,9750
(504.811)[I]: [5],0,2,4,1,-1117,-787,8891(504.812)[I]: [6],0,42,49,17,110,-297,9750
(504.821)[I]: [5],0,2,4,1,-1153,-883,8906(504.822)[I]: [6],0,39,49,17,109,-298,9750
(504.831)[I]: [5],0,2,4,2,-1158,-984,8902(504.832)[I]: [6],0,39,49,15,108,-298,9750
(504.841)[I]: [5],0,1,4,1,-1131,-1079,8876(504.842)[I]: [6],0,39,49,15,107,-298,9750
(504.851)[I]: [5],0,1,8,1,-1074,-1161,8834(504.852)[I]: [6],0,37,50,14,105,-299,9751
(504.861)[I]: [5],0,1,4,1,-995,-1219,8782(504.862)[I]: [6],0,37,48,13,104,-300,9751
(504.871)[I]: [5],0,1,4,1,-899,-1259,8719(504.872)[I]: [6],0,35,47,13,103,-301,9751
(504.881)[I]: [5],0,1,4,1,-792,-1271,8646(504.882)[I]: [6],0,31,46,12,102,-301,9751
(504.891)[I]: [5],0,1,4,1,-680,-1257,8569(504.892)[I]: [6],0,31,45,13,101,-301,9751
(504.901)[I]: [5],0,1,4,1,-571,-1218,8492(504.902)[I]: [6],0,34,46,13,100,-301,9751
(504.911)[I]: [5],0,1,4,1,-466,-1159,8411(504.912)[I]: [6],0,35,45,14,99,-302,9751
(504.921)[I]: [5],0,1,4,2,-368,-1086,8329(504.922)[I]: [6],0,36,44,14,98,-303,9751
(504.931)[I]: [5],0,2,0,2,-279,-1008,8240(504.932)[I]: [6],0,37,44,15,97,-306,9751
(504.941)[I]: [5],0,2,0,2,-198,-931,8140(504.941)[I]: [6],0,36,43,15,96,-307,9751
(504.951)[I]: [5],0,2,0,1,-127,-857,8030(504.951)[I]: [6],0,36,42,15,95,-307,9751
(504.961)[I]: [5],0,2,0,1,-64,-791,7907(504.961)[I]: [6],0,36,43,16,94,-308,9751
(504.971)[I]: [5],0,2,0,1,-9,-729,7776(504.971)[I]: [6],0,35,44,17,93,-309,9751
(504.981)[I]: [5],0,2,0,1,34,-664,7636(504.981)[I]: [6],0,35,45,17,93,-310,9751
(504.991)[I]: [5],0,1,0,2,67,-591,7491(504.991)[I]: [6],0,36,47,18,92,-309,9751
(504.999)[I]: [5],0,1,0,2,85,-515,7337(504.999)[I]: [6],0,37,48,19,91,-310,9751
(504.999)[I]: [5],0,1,0,2,92,-444,7176(504.999)[I]: [6],0,37,48,21,90,-310,9751
(504.999)[I]: [5],0,2,4,2,87,-381,7008(504.999)[I]: [6],0,37,50,22,89,-310,9751
(505.007)[I]: [5],0,2,4,2,75,-326,6837(505.007)[I]: [6],0,37,51,23,88,-311,9751
(505.017)[I]: [5],0,2,4,2,56,-277,6665(505.017)[I]: [6],0,37,52,23,87,-311,9751
(505.027)[I]: [5],0,2,4,2,31,-233,6493(505.027)[I]: [6],0,37,55,23,86,-312,9751
(505.037)[I]: [5],0,2,4,2,2,-191,6325(505.037)[I]: [6],0,36,56,23,85,-313,9752
(505.047)[I]: [5],0,2,4,1,-26,-153,6160(505.047)[I]: [6],0,37,58,22,85,-313,9752
(505.057)[I]: [5],0,2,4,1,-56,-101,6000(505.057)[I]: [6],0,36,59,22,84,-314,9752
(505.067)[I]: [5],0,2,4,1,-82,-47,5848(505.067)[I]: [6],0,36,60,21,83,-314,9752
(505.077)[I]: [5],0,2,4,1,-105,13,5705(505.077)[I]: [6],0,38,61,22,82,-314,9752
(505.087)[I]: [5],0,3,4,1,-120,71,5570(505.087)[I]: [6],0,38,61,21,81,-315,9752
(505.097)[I]: [5],0,3,0,1,-128,125,5439(505.097)[I]: [6],0,38,63,19,80,-315,9752
(505.107)[I]: [5],0,3,0,1,-130,167,5314(505.107)[I]: [6],0,38,63,20,80,-316,9752
(505.117)[I]: [5],0,2,0,1,-127,198,5197(505.117)[I]: [6],0,38,66,18,79,-316,9752
(505.127)[I]: [5],0,3,0,1,-120,217,5084(505.127)[I]: [6],0,39,68,19,78,-317,9752
(505.137)[I]: [5],0,3,0,1,-110,228,4980(505.137)[I]: [6],0,38,71,17,77,-317,9752
(505.147)[I]: [5],0,3,0,0,-97,242,4887(505.147)[I]: [6],0,39,74,18,76,-318,9752
(505.157)[I]: [5],0,2,0,0,-82,263,4807(505.157)[I]: [6],0,39,75,19,76,-318,9752
(505.167)[I]: [5],0,2,0,0,-68,291,4743(505.167)[I]: [6],0,41,78,19,75,-318,9752
(505.177)[I]: [5],0,2,0,0,-53,317,4693(505.177)[I]: [6],0,40,77,19,74,-319,9752
(505.187)[I]: [5],0,2,0,0,-38,336,4657(505.187)[I]: [6],0,41,78,19,73,-319,9752
(505.197)[I]: [5],0,1,0,0,-20,341,4633(505.197)[I]: [6],0,41,80,19,73,-320,9752
(505.207)[I]: [5],0,2,0,0,1,332,4614(505.207)[I]: [6],0,41,81,18,72,-320,9752
(505.217)[I]: [5],0,1,0,0,24,311,4598(505.217)[I]: [6],0,41,80,17,71,-320,9752
(505.227)[I]: [5],0,0,0,4,43,305,4682(505.227)[I]: [6],0,43,83,14,70,-320,9752
(505.237)[I]: [5],0,0,0,10,89,167,4866(505.237)[I]: [6],0,43,85,12,70,-321,9752
(505.247)[I]: [5],0,1,0,12,98,76,5018(505.247)[I]: [6],0,45,87,13,70,-322,9749
(505.257)[I]: [5],0,0,0,10,104,-8,5100(505.257)[I]: [6],0,47,88,10,69,-323,9746
(505.267)[I]: [5],0,1,0,8,119,-69,5156(505.267)[I]: [6],0,52,90,7,69,-324,9740
(505.277)[I]: [5],0,1,0,8,140,-100,5173(505.277)[I]: [6],0,55,95,6,69,-323,9732
(505.287)[I]: [5],0,1,0,8,151,-109,5201(505.287)[I]: [6],0,60,100,4,69,-322,9722
(505.297)[I]: [5],0,0,4,10,143,-106,5241(505.297)[I]: [6],0,63,104,3,70,-322,9710
(505.307)[I]: [5],0,2,12,11,128,-103,5274(505.308)[I]: [6],0,67,110,3,71,-322,9695
(505.317)[I]: [5],0,2,24,14,122,-94,5295(505.318)[I]: [6],1,71,116,3,72,-327,9675
(505.327)[I]: [5],0,3,36,15,120,-85,5317(505.328)[I]: [6],1,73,118,3,73,-335,9656
(505.337)[I]: [5],0,6,44,16,118,-88,5335(505.338)[I]: [6],3,77,124,2,75,-337,9635
(505.347)[I]: [5],0,7,44,20,115,-96,5347(505.348)[I]: [6],3,79,121,2,78,-338,9613
(505.357)[I]: [5],0,9,60,24,113,-99,5354(505.358)[I]: [6],3,77,102,2,84,-329,9570
(505.367)[I]: [5],0,11,68,28,110,-95,5362(505.368)[I]: [6],4,72,94,2,88,-340,9485
(505.377)[I]: [5],0,11,76,37,108,-89,5372(505.378)[I]: [6],4,67,85,2,94,-341,9372
(505.387)[I]: [5],0,14,68,51,107,-90,5381(505.388)[I]: [6],6,55,70,2,101,-324,9246
(505.397)[I]: [5],1,12,84,60,105,-95,5390(505.398)[I]: [6],5,41,49,2,105,-293,9111
(505.407)[I]: [5],2,15,84,66,103,-95,5397(505.408)[I]: [6],3,28,31,2,107,-236,8974
(505.417)[I]: [5],2,19,96,71,102,-96,5397(505.418)[I]: [6],3,24,15,2,121,-147,8826
(505.427)[I]: [5],4,15,92,77,101,-95,5397(505.428)[I]: [6],1,12,13,2,145,-57,8664
(505.437)[I]: [5],5,18,100,80,100,-97,5397(505.438)[I]: [6],1,9,9,2,185,36,8499
(505.447)[I]: [5],5,21,96,81,99,-99,5397(505.448)[I]: [6],1,7,7,2,237,124,8321
(505.457)[I]: [5],3,19,92,82,98,-101,5397(505.458)[I]: [6],0,7,8,2,299,188,8132
(505.467)[I]: [5],5,23,92,83,97,-102,5397(505.468)[I]: [6],0,9,8,2,361,220,7938
(505.477)[I]: [5],5,22,96,82,96,-103,5397(505.478)[I]: [6],0,9,7,2,415,207,7799
(505.487)[I]: [5],5,25,92,82,95,-104,5397(505.488)[I]: [6],0,10,7,2,473,156,7709
(505.497)[I]: [5],6,30,92,80,94,-104,5397(505.498)[I]: [6],0,10,7,2,537,66,7665
(505.507)[I]: [5],6,31,88,80,93,-106,5397(505.508)[I]: [6],0,11,6,2,626,-21,7656
(505.517)[I]: [5],7,36,88,75,92,-108,5398(505.518)[I]: [6],0,11,6,2,741,-116,7650
(505.527)[I]: [5],7,38,88,71,92,-110,5398(505.528)[I]: [6],0,11,6,2,877,-207,7633
(505.537)[I]: [5],7,38,88,67,91,-111,5398(505.538)[I]: [6],0,10,5,2,1024,-303,7609
(505.547)[I]: [5],6,37,88,60,90,-113,5398(505.548)[I]: [6],0,9,5,2,1168,-407,7588
(505.557)[I]: [5],5,36,92,57,89,-114,5398(505.558)[I]: [6],0,9,3,2,1298,-523,7578
(505.567)[I]: [5],7,34,92,57,88,-116,5398(505.568)[I]: [6],0,9,3,2,1407,-649,7579
(505.577)[I]: [5],5,31,92,50,87,-117,5398(505.578)[I]: [6],0,10,4,2,1487,-780,7586
(505.587)[I]: [5],6,30,92,46,87,-114,5398(505.588)[I]: [6],0,9,3,2,1543,-903,7599
(505.597)[I]: [5],4,30,92,42,87,-108,5398(505.598)[I]: [6],0,9,3,2,1570,-1023,7615
(505.607)[I]: [5],4,27,96,39,87,-102,5399(505.608)[I]: [6],0,8,3,2,1571,-1130,7635
(505.617)[I]: [5],5,24,96,28,87,-97,5397(505.618)[I]: [6],0,9,3,2,1551,-1219,7658
(505.627)[I]: [5],5,25,96,26,87,-98,5397(505.628)[I]: [6],0,8,3,2,1514,-1290,7686
(505.637)[I]: [5],3,21,96,25,86,-95,5395(505.638)[I]: [6],0,8,3,2,1454,-1345,7723
(505.647)[I]: [5],2,20,96,24,85,-95,5395(505.648)[I]: [6],0,9,3,2,1383,-1375,7762
(505.657)[I]: [5],1,20,96,23,84,-95,5395(505.658)[I]: [6],0,8,3,2,1301,-1379,7806
(505.667)[I]: [5],1,17,96,23,83,-95,5395(505.668)[I]: [6],0,8,3,2,1213,-1352,7853
(505.677)[I]: [5],0,17,92,23,82,-96,5395(505.678)[I]: [6],0,8,3,2,1120,-1304,7902
(505.687)[I]: [5],0,18,92,23,81,-97,5395(505.688)[I]: [6],0,7,3,2,1027,-1243,7955
(505.697)[I]: [5],0,15,96,24,81,-98,5395(505.698)[I]: [6],0,8,4,2,933,-1179,8016
(505.707)[I]: [5],0,15,92,26,80,-99,5395(505.708)[I]: [6],0,7,3,2,844,-1115,8090
(505.717)[I]: [5],0,15,92,27,79,-99,5395(505.718)[I]: [6],0,8,4,2,764,-1051,8175
(505.727)[I]: [5],0,14,96,32,78,-99,5395(505.728)[I]: [6],0,7,4,2,694,-989,8269
(505.737)[I]: [5],0,14,96,35,77,-99,5395(505.738)[I]: [6],0,7,4,2,638,-927,8368
(505.747)[I]: [5],0,11,96,40,77,-99,5396(505.748)[I]: [6],0,7,3,2,595,-866,8474
(505.757)[I]: [5],0,10,96,42,76,-100,5396(505.758)[I]: [6],0,7,3,2,565,-801,8592
(505.767)[I]: [5],0,11,104,45,75,-101,5396(505.768)[I]: [6],0,7,2,2,546,-735,8722
(505.777)[I]: [5],0,11,104,47,74,-102,5396(505.778)[I]: [6],0,7,2,2,538,-672,8861
(505.787)[I]: [5],0,10,108,49,74,-102,5396(505.788)[I]: [6],0,7,2,2,535,-614,9002
(505.797)[I]: [5],0,10,112,50,73,-103,5396(505.798)[I]: [6],0,8,2,3,537,-565,9146
(505.807)[I]: [5],0,9,112,52,72,-104,5396(505.808)[I]: [6],0,7,2,2,538,-522,9293
(505.817)[I]: [5],0,8,116,54,71,-104,5396(505.818)[I]: [6],0,8,2,3,536,-483,9442
(505.827)[I]: [5],0,8,124,51,71,-105,5396(505.828)[I]: [6],0,8,3,3,530,-445,9589
(505.837)[I]: [5],0,8,124,54,70,-106,5396(505.838)[I]: [6],0,8,2,3,518,-407,9732
(505.847)[I]: [5],0,8,124,55,69,-107,5396(505.848)[I]: [6],0,8,2,3,502,-366,9866
(505.857)[I]: [5],0,8,124,57,69,-108,5396(505.858)[I]: [6],0,8,2,3,484,-323,9988
(505.867)[I]: [5],0,9,124,57,68,-108,5396(505.868)[I]: [6],0,8,2,3,462,-275,10097
(505.877)[I]: [5],0,10,132,60,67,-108,5396(505.878)[I]: [6],0,8,2,3,437,-224,10197
(505.887)[I]: [5],0,9,136,60,66,-108,5396(505.888)[I]: [6],0,7,1,3,407,-169,10296
(505.897)[I]: [5],0,10,136,59,66,-108,5396(505.898)[I]: [6],0,6,0,3,371,-114,10397
(505.907)[I]: [5],0,10,136,57,65,-109,5396(505.908)[I]: [6],0,7,1,3,330,-66,10498
(505.917)[I]: [5],0,12,140,53,64,-110,5399(505.918)[I]: [6],0,6,1,3,288,-23,10594
(505.927)[I]: [5],0,12,140,50,64,-111,5402(505.928)[I]: [6],0,6,1,3,247,11,10679
(505.937)[I]: [5],0,14,144,48,63,-112,5408(505.938)[I]: [6],0,6,1,3,210,39,10746
(505.947)[I]: [5],0,15,148,46,62,-113,5408(505.948)[I]: [6],0,6,1,3,179,57,10789
(505.957)[I]: [5],0,15,152,44,62,-113,5411(505.958)[I]: [6],0,6,1,3,152,67,10810
(505.967)[I]: [5],0,19,156,38,61,-114,5414(505.968)[I]: [6],0,7,1,3,130,69,10820
(505.977)[I]: [5],0,18,156,30,60,-116,5420(505.978)[I]: [6],0,7,1,3,111,64,10819
(505.987)[I]: [5],0,19,168,28,60,-117,5420(505.988)[I]: [6],0,7,1,3,102,70,10813
(505.997)[I]: [5],0,20,172,25,59,-118,5423(505.998)[I]: [6],0,7,1,3,80,53,10806
(505.999)[I]: [5],0,22,184,19,58,-118,5433(505.999)[I]: [6],0,7,1,3,56,45,10803
(505.999)[I]: [5],3,27,200,13,57,-119,5444(505.999)[I]: [6],0,7,1,3,34,43,10810
(506.003)[I]: [5],5,31,204,15,56,-121,5458(506.004)[I]: [6],0,7,1,4,-24,-29,10617
(506.013)[I]: [5],5,35,216,12,55,-123,5472(506.014)[I]: [6],0,6,2,5,18,-47,10391
(506.023)[I]: [5],6,44,220,11,54,-125,5488(506.024)[I]: [6],0,6,2,5,19,-110,10228
(506.033)[I]: [5],11,55,232,8,54,-128,5508(506.034)[I]: [6],0,4,2,4,23,-143,10108
(506.043)[I]: [5],17,58,236,8,54,-128,5532(506.044)[I]: [6],0,5,3,4,5,-174,10012
(506.053)[I]: [5],19,62,244,7,52,-127,5560(506.054)[I]: [6],0,7,3,3,0,-195,9944
(506.063)[I]: [5],19,63,248,4,51,-124,5589(506.064)[I]: [6],0,8,5,4,11,-211,9894
(506.073)[I]: [5],30,75,252,2,50,-112,5621(506.074)[I]: [6],0,8,4,4,20,-218,9868
(506.083)[I]: [5],35,90,264,1,49,-94,5656(506.084)[I]: [6],0,9,8,5,25,-222,9848
(506.093)[I]: [5],41,95,264,1,46,-69,5698(506.094)[I]: [6],0,10,10,5,28,-228,9827
(506.103)[I]: [5],48,100,252,1,42,-46,5770(506.104)[I]: [6],0,11,12,7,31,-236,9806
(506.113)[I]: [5],61,105,244,0,40,-47,5882(506.114)[I]: [6],0,13,14,8,34,-244,9784
(506.123)[I]: [5],67,93,200,0,37,-32,6023(506.124)[I]: [6],0,14,18,9,36,-250,9763
(506.133)[I]: [5],69,89,164,0,36,-12,6183(506.134)[I]: [6],0,19,19,12,39,-255,9742
(506.143)[I]: [5],68,75,132,0,38,9,6364(506.144)[I]: [6],0,19,25,12,41,-259,9726
(506.153)[I]: [5],61,49,112,0,49,42,6561(506.154)[I]: [6],0,22,25,13,41,-262,9716
(506.163)[I]: [5],50,35,80,1,63,107,6782(506.164)[I]: [6],0,24,28,17,42,-265,9708
(506.173)[I]: [5],40,16,72,1,76,187,7015(506.174)[I]: [6],0,27,27,22,43,-270,9701
(506.183)[I]: [5],29,12,56,0,82,253,7255(506.184)[I]: [6],1,31,26,27,46,-273,9693
(506.193)[I]: [5],26,10,40,1,85,293,7499(506.194)[I]: [6],0,34,31,29,45,-275,9690
(506.203)[I]: [5],14,4,32,1,88,300,7746(506.204)[I]: [6],0,39,35,31,44,-277,9690
(506.213)[I]: [5],10,3,16,1,82,291,7993(506.214)[I]: [6],1,40,36,31,44,-279,9690
(506.223)[I]: [5],6,3,12,1,68,271,8229(506.224)[I]: [6],0,43,41,31,44,-280,9690
(506.233)[I]: [5],1,4,12,1,22,252,8460(506.234)[I]: [6],0,44,41,31,43,-280,9690
(506.243)[I]: [5],0,4,8,1,-60,199,8639(506.243)[I]: [6],0,46,39,34,43,-282,9690
(506.253)[I]: [5],0,3,8,2,-158,96,8808(506.253)[I]: [6],0,47,38,31,42,-284,9690
(506.263)[I]: [5],0,3,8,1,-266,-25,8894(506.263)[I]: [6],0,46,37,31,42,-285,9690
(506.273)[I]: [5],0,3,8,1,-385,-153,8942(506.274)[I]: [6],0,46,37,31,41,-286,9690
(506.283)[I]: [5],0,3,12,1,-514,-298,8972(506.284)[I]: [6],0,46,39,30,41,-287,9690
(506.293)[I]: [5],0,3,8,1,-649,-434,9000(506.293)[I]: [6],0,45,38,27,41,-288,9690
(506.303)[I]: [5],0,3,8,1,-783,-557,9040(506.303)[I]: [6],0,44,38,25,40,-289,9690
(506.313)[I]: [5],0,4,8,1,-912,-659,9101(506.313)[I]: [6],0,43,37,24,40,-290,9690
(506.323)[I]: [5],0,4,8,1,-1027,-740,9184(506.324)[I]: [6],1,40,36,23,39,-291,9690
(506.333)[I]: [5],0,4,4,1,-1119,-804,9284(506.334)[I]: [6],1,39,35,21,39,-292,9690
(506.343)[I]: [5],0,3,4,0,-1182,-859,9392(506.343)[I]: [6],0,38,35,21,39,-293,9690
(506.353)[I]: [5],0,3,4,2,-1212,-917,9498(506.354)[I]: [6],0,38,31,20,38,-295,9690
(506.363)[I]: [5],0,3,4,2,-1208,-991,9581(506.364)[I]: [6],0,36,31,18,38,-295,9690
(506.373)[I]: [5],0,2,4,2,-1171,-1078,9628(506.374)[I]: [6],0,35,31,17,37,-295,9690
(506.383)[I]: [5],0,2,4,2,-1103,-1154,9628(506.384)[I]: [6],0,35,29,17,37,-296,9690
(506.393)[I]: [5],0,2,4,2,-1010,-1216,9588(506.394)[I]: [6],0,34,27,17,37,-297,9690
(506.403)[I]: [5],0,2,4,2,-900,-1258,9517(506.404)[I]: [6],0,35,26,18,36,-298,9690
(506.413)[I]: [5],0,2,4,2,-780,-1276,9425(506.414)[I]: [6],0,36,25,17,36,-299,9690
(506.423)[I]: [5],0,3,4,2,-657,-1267,9317(506.424)[I]: [6],0,36,28,18,36,-300,9690
(506.433)[I]: [5],0,3,4,2,-538,-1232,9202(506.434)[I]: [6],0,37,28,18,35,-301,9690
(506.443)[I]: [5],0,3,4,2,-424,-1184,9075(506.444)[I]: [6],0,37,28,18,35,-302,9690
(506.453)[I]: [5],0,3,0,2,-322,-1127,8940(506.454)[I]: [6],0,37,28,19,35,-303,9690
(506.463)[I]: [5],0,3,0,2,-233,-1061,8798(506.464)[I]: [6],0,37,29,21,34,-305,9690
(506.473)[I]: [5],0,3,0,2,-163,-990,8648(506.473)[I]: [6],0,37,28,21,34,-307,9690
(506.483)[I]: [5],0,2,0,2,-110,-914,8490(506.483)[I]: [6],0,38,29,21,33,-308,9690
(506.493)[I]: [5],0,2,0,2,-73,-840,8323(506.493)[I]: [6],0,39,30,21,33,-309,9690
(506.503)[I]: [5],0,2,0,2,-49,-765,8147(506.503)[I]: [6],0,39,30,22,33,-309,9690
(506.513)[I]: [5],0,2,0,2,-37,-696,7961(506.513)[I]: [6],0,39,30,22,32,-312,9690
(506.523)[I]: [5],0,2,0,2,-33,-632,7770(506.523)[I]: [6],0,41,31,23,32,-311,9690
(506.533)[I]: [5],0,2,0,2,-37,-567,7576(506.533)[I]: [6],0,41,31,24,32,-312,9691
(506.543)[I]: [5],0,2,0,2,-46,-502,7381(506.543)[I]: [6],0,41,31,23,31,-312,9691
(506.553)[I]: [5],0,2,0,2,-57,-435,7183(506.553)[I]: [6],0,41,35,23,31,-313,9691
(506.563)[I]: [5],0,2,0,2,-69,-368,6984(506.563)[I]: [6],0,41,35,24,31,-314,9691
(506.573)[I]: [5],0,3,0,2,-80,-297,6782(506.573)[I]: [6],0,43,39,25,31,-315,9691
(506.583)[I]: [5],0,3,0,2,-92,-232,6579(506.583)[I]: [6],0,43,41,25,30,-316,9691
(506.593)[I]: [5],0,3,0,2,-105,-158,6377(506.593)[I]: [6],0,44,42,25,30,-316,9691
(506.603)[I]: [5],0,3,0,1,-124,-84,6180(506.603)[I]: [6],0,43,44,26,30,-317,9691
(506.613)[I]: [5],0,3,0,1,-146,-17,5989(506.613)[I]: [6],0,43,49,27,29,-317,9691
(506.623)[I]: [5],0,3,0,1,-171,46,5810(506.623)[I]: [6],0,42,51,26,29,-318,9691
(506.633)[I]: [5],0,3,0,1,-199,104,5643(506.633)[I]: [6],0,43,53,25,29,-319,9691
(506.643)[I]: [5],0,3,0,0,-229,156,5493(506.643)[I]: [6],0,45,57,25,28,-320,9691
(506.653)[I]: [5],0,3,0,0,-258,199,5366(506.653)[I]: [6],0,47,58,23,28,-320,9691
(506.663)[I]: [5],0,3,0,0,-283,235,5267(506.663)[I]: [6],0,49,61,20,28,-321,9691
(506.673)[I]: [5],0,3,0,0,-300,266,5197(506.673)[I]: [6],0,51,63,17,28,-321,9691
(506.683)[I]: [5],0,3,0,0,-302,293,5146(506.683)[I]: [6],0,48,67,16,27,-322,9691
(506.693)[I]: [5],0,2,0,0,-291,317,5102(506.693)[I]: [6],0,49,69,17,27,-323,9691
(506.703)[I]: [5],0,2,0,0,-273,342,5051(506.703)[I]: [6],0,53,72,14,27,-324,9691
(506.713)[I]: [5],0,2,0,0,-254,374,4989(506.713)[I]: [6],0,52,74,13,26,-324,9691
(506.723)[I]: [5],0,2,0,0,-241,416,4923(506.723)[I]: [6],0,55,77,10,26,-325,9691
(506.733)[I]: [5],0,2,0,0,-235,462,4867(506.733)[I]: [6],0,56,79,7,26,-325,9691
(506.743)[I]: [5],0,2,0,0,-232,504,4823(506.743)[I]: [6],1,58,79,7,26,-325,9688
(506.753)[I]: [5],0,2,0,1,-229,531,4786(506.753)[I]: [6],1,62,84,5,26,-325,9681
(506.763)[I]: [5],0,2,0,1,-223,540,4753(506.763)[I]: [6],2,66,91,5,26,-326,9673
(506.773)[I]: [5],0,2,4,3,-220,550,4740(506.773)[I]: [6],2,74,98,4,27,-325,9664
(506.783)[I]: [5],0,1,0,6,-201,300,4989(506.783)[I]: [6],2,74,101,3,27,-325,9654
(506.793)[I]: [5],0,1,0,10,-237,162,5113(506.793)[I]: [6],2,79,107,3,29,-327,9643
(506.803)[I]: [5],0,1,0,11,-272,8,5216(506.803)[I]: [6],2,84,109,3,30,-332,9628
(506.813)[I]: [5],0,1,4,11,-269,-101,5287(506.814)[I]: [6],4,87,113,3,31,-338,9612
(506.823)[I]: [5],0,1,8,12,-243,-175,5317(506.824)[I]: [6],7,96,122,3,33,-341,9597
(506.833)[I]: [5],0,1,4,10,-211,-202,5347(506.833)[I]: [6],7,101,122,2,34,-341,9579
(506.843)[I]: [5],0,2,16,12,-209,-205,5376(506.844)[I]: [6],7,105,116,2,35,-342,9557
(506.853)[I]: [5],0,3,24,14,-217,-207,5400(506.854)[I]: [6],7,108,114,2,40,-334,9533
(506.863)[I]: [5],0,5,36,17,-218,-201,5425(506.864)[I]: [6],7,104,104,2,40,-328,9481
(506.873)[I]: [5],0,8,52,19,-218,-204,5448(506.874)[I]: [6],9,103,90,2,44,-330,9404
(506.883)[I]: [5],0,11,72,21,-220,-213,5467(506.884)[I]: [6],11,101,79,2,48,-329,9307
(506.893)[I]: [5],2,12,76,25,-221,-217,5485(506.894)[I]: [6],10,79,56,2,54,-321,9195
(506.903)[I]: [5],3,13,88,28,-223,-210,5502(506.904)[I]: [6],10,73,40,2,58,-308,9071
(506.913)[I]: [5],4,21,92,33,-222,-202,5515(506.914)[I]: [6],7,63,15,2,62,-285,8941
(506.923)[I]: [5],4,20,96,35,-222,-198,5527(506.924)[I]: [6],6,47,11,2,68,-246,8797
(506.933)[I]: [5],4,23,96,40,-221,-198,5534(506.934)[I]: [6],4,31,7,2,75,-207,8636
(506.943)[I]: [5],5,28,108,48,-219,-200,5534(506.944)[I]: [6],2,22,5,2,87,-171,8471
(506.953)[I]: [5],6,29,120,51,-217,-203,5534(506.954)[I]: [6],4,17,4,2,104,-127,8304
(506.963)[I]: [5],8,31,116,55,-215,-203,5534(506.964)[I]: [6],3,11,5,2,133,-90,8126
(506.973)[I]: [5],10,35,112,57,-212,-204,5534(506.974)[I]: [6],1,12,5,2,172,-73,7935
(506.983)[I]: [5],10,35,116,57,-210,-204,5534(506.984)[I]: [6],0,9,6,2,228,-78,7721
(506.993)[I]: [5],12,38,124,57,-208,-206,5534(506.994)[I]: [6],0,11,6,2,312,-100,7536
(506.999)[I]: [5],12,41,124,60,-206,-207,5534(506.999)[I]: [6],0,12,5,2,424,-132,7395
(506.999)[I]: [5],12,42,124,57,-204,-208,5533(506.999)[I]: [6],0,12,5,2,558,-175,7275
(506.999)[I]: [5],12,41,124,60,-202,-210,5533(507.000)[I]: [6],0,13,4,2,712,-208,7197
(507.009)[I]: [5],10,41,124,57,-200,-211,5533(507.010)[I]: [6],0,14,3,2,885,-224,7136
(507.019)[I]: [5],10,41,124,55,-198,-212,5533(507.020)[I]: [6],0,13,3,2,1068,-242,7086
(507.029)[I]: [5],10,40,124,53,-196,-213,5533(507.030)[I]: [6],0,13,3,2,1250,-275,7035
(507.039)[I]: [5],9,38,124,50,-194,-214,5533(507.040)[I]: [6],0,13,3,2,1414,-340,6991
(507.049)[I]: [5],7,35,124,46,-192,-214,5533(507.050)[I]: [6],0,13,3,2,1548,-437,6963
(507.059)[I]: [5],7,34,124,42,-190,-215,5533(507.060)[I]: [6],0,12,3,2,1644,-568,6955
(507.069)[I]: [5],5,31,124,30,-188,-215,5533(507.070)[I]: [6],0,12,3,2,1701,-723,6966
(507.079)[I]: [5],4,31,124,28,-186,-216,5533(507.080)[I]: [6],0,11,3,2,1718,-888,6995
(507.089)[I]: [5],3,31,136,24,-185,-217,5533(507.090)[I]: [6],0,10,2,3,1709,-1044,7047
(507.099)[I]: [5],3,31,136,21,-183,-218,5533(507.100)[I]: [6],0,11,2,3,1672,-1196,7127
(507.109)[I]: [5],3,31,140,18,-181,-218,5533(507.110)[I]: [6],0,10,2,3,1617,-1339,7236
(507.119)[I]: [5],3,27,140,16,-179,-218,5533(507.120)[I]: [6],0,10,3,3,1554,-1446,7360
(507.129)[I]: [5],3,29,140,15,-177,-218,5533(507.130)[I]: [6],0,12,3,3,1478,-1525,7489
(507.139)[I]: [5],3,25,140,13,-176,-218,5533(507.140)[I]: [6],0,12,3,3,1396,-1565,7611
(507.149)[I]: [5],3,25,140,14,-174,-217,5533(507.150)[I]: [6],0,12,3,3,1310,-1568,7720
(507.159)[I]: [5],3,23,144,13,-172,-216,5533(507.160)[I]: [6],0,12,3,3,1219,-1547,7820
(507.169)[I]: [5],3,24,144,13,-170,-216,5533(507.170)[I]: [6],0,12,3,3,1125,-1512,7917
(507.179)[I]: [5],2,26,144,13,-169,-217,5533(507.180)[I]: [6],0,12,4,3,1031,-1471,8015
(507.189)[I]: [5],3,24,148,13,-167,-218,5533(507.190)[I]: [6],0,12,4,3,941,-1427,8117
(507.199)[I]: [5],3,24,152,13,-165,-218,5533(507.200)[I]: [6],0,12,4,3,859,-1377,8223
(507.209)[I]: [5],3,25,156,13,-164,-218,5533(507.210)[I]: [6],0,12,3,3,787,-1316,8330
(507.219)[I]: [5],3,26,156,13,-162,-218,5533(507.220)[I]: [6],0,12,3,3,731,-1245,8436
(507.229)[I]: [5],3,26,156,13,-160,-218,5533(507.230)[I]: [6],0,11,3,3,687,-1167,8543
(507.239)[I]: [5],2,26,164,14,-159,-218,5533(507.240)[I]: [6],0,12,3,3,656,-1087,8656
(507.249)[I]: [5],2,25,168,15,-157,-219,5533(507.250)[I]: [6],0,12,3,3,632,-1011,8777
(507.259)[I]: [5],2,25,172,15,-156,-219,5533(507.260)[I]: [6],0,12,3,3,610,-937,8910
(507.269)[I]: [5],2,26,180,15,-154,-219,5533(507.270)[I]: [6],0,11,3,3,591,-867,9053
(507.279)[I]: [5],2,27,180,16,-153,-219,5533(507.280)[I]: [6],0,11,3,3,574,-799,9201
(507.289)[I]: [5],3,27,184,15,-151,-220,5533(507.290)[I]: [6],0,11,3,3,565,-730,9349
(507.299)[I]: [5],3,28,184,15,-150,-219,5533(507.300)[I]: [6],0,11,3,3,559,-660,9493
(507.309)[I]: [5],2,28,188,16,-148,-220,5533(507.310)[I]: [6],0,11,3,3,551,-593,9634
(507.319)[I]: [5],2,28,192,16,-147,-220,5533(507.320)[I]: [6],0,11,3,3,540,-526,9774
(507.329)[I]: [5],3,28,200,16,-145,-221,5533(507.330)[I]: [6],0,10,3,3,528,-458,9913
(507.339)[I]: [5],3,27,208,17,-144,-221,5533(507.340)[I]: [6],0,10,3,3,516,-390,10050
(507.349)[I]: [5],3,27,212,16,-142,-221,5533(507.350)[I]: [6],0,11,3,3,504,-321,10182
(507.359)[I]: [5],3,27,216,17,-141,-220,5533(507.360)[I]: [6],0,11,3,3,489,-259,10310
(507.369)[I]: [5],3,28,220,17,-139,-220,5533(507.370)[I]: [6],0,11,2,3,469,-205,10438
(507.379)[I]: [5],5,28,228,17,-138,-220,5533(507.380)[I]: [6],0,9,2,3,442,-156,10563
(507.389)[I]: [5],5,30,228,17,-137,-220,5533(507.390)[I]: [6],0,9,3,3,411,-109,10686
(507.399)[I]: [5],6,30,228,17,-135,-221,5533(507.400)[I]: [6],0,9,3,3,376,-61,10798
(507.409)[I]: [5],4,31,228,16,-134,-221,5533(507.410)[I]: [6],0,9,3,2,336,-15,10896
(507.419)[I]: [5],4,31,228,16,-133,-223,5533(507.420)[I]: [6],0,8,3,3,289,21,10977
(507.429)[I]: [5],4,31,228,16,-131,-224,5533(507.430)[I]: [6],0,8,3,2,237,50,11042
(507.439)[I]: [5],5,31,228,15,-130,-224,5533(507.440)[I]: [6],0,7,3,3,184,72,11097
(507.449)[I]: [5],4,31,228,14,-129,-224,5533(507.450)[I]: [6],0,7,3,3,137,91,11141
(507.459)[I]: [5],3,31,232,13,-127,-224,5533(507.460)[I]: [6],0,7,2,3,100,107,11172
(507.469)[I]: [5],3,31,232,13,-126,-223,5533(507.470)[I]: [6],0,7,2,3,73,123,11189
(507.479)[I]: [5],5,33,232,13,-125,-223,5533(507.480)[I]: [6],0,7,2,3,50,138,11201
(507.489)[I]: [5],4,34,236,13,-124,-222,5533(507.490)[I]: [6],0,7,2,3,20,157,11215
(507.499)[I]: [5],4,37,236,12,-122,-222,5533(507.500)[I]: [6],0,7,3,3,-4,160,11233
(507.509)[I]: [5],6,40,236,11,-122,-225,5535(507.510)[I]: [6],0,7,3,3,-43,151,11245
(507.519)[I]: [5],6,46,240,11,-121,-226,5535(507.520)[I]: [6],0,7,3,3,-92,130,11240
(507.529)[I]: [5],7,51,248,11,-120,-227,5535(507.530)[I]: [6],0,6,2,3,-158,72,10998
(507.539)[I]: [5],9,54,252,10,-119,-229,5535(507.540)[I]: [6],0,7,2,3,-125,1,10793
(507.549)[I]: [5],10,60,264,12,-118,-229,5538(507.550)[I]: [6],0,6,2,6,-105,-76,10610
(507.559)[I]: [5],13,63,272,8,-118,-228,5548(507.560)[I]: [6],0,6,2,4,-117,-129,10469
(507.569)[I]: [5],16,69,284,6,-117,-226,5563(507.570)[I]: [6],0,6,2,4,-158,-143,10361
(507.579)[I]: [5],19,72,300,6,-117,-225,5579(507.580)[I]: [6],0,7,3,4,-217,-145,10284
(507.589)[I]: [5],20,79,312,5,-117,-222,5598(507.590)[I]: [6],0,7,2,3,-267,-142,10219
(507.599)[I]: [5],27,88,316,2,-118,-216,5622(507.600)[I]: [6],0,7,2,4,-289,-159,10160
(507.609)[I]: [5],31,95,324,2,-118,-204,5649(507.610)[I]: [6],0,7,3,4,-280,-189,10097
(507.619)[I]: [5],41,103,328,0,-120,-189,5674(507.620)[I]: [6],0,7,3,5,-255,-219,10023
(507.629)[I]: [5],48,113,328,0,-124,-158,5706(507.630)[I]: [6],0,8,3,6,-233,-245,9936
(507.639)[I]: [5],57,119,316,0,-127,-141,5766(507.640)[I]: [6],0,8,5,7,-230,-248,9852
(507.649)[I]: [5],69,125,304,0,-130,-149,5854(507.650)[I]: [6],0,8,10,8,-229,-259,9800
(507.659)[I]: [5],82,125,292,0,-133,-140,5961(507.660)[I]: [6],0,11,11,8,-226,-272,9764
(507.669)[I]: [5],83,115,252,0,-135,-111,6082(507.670)[I]: [6],0,12,14,9,-223,-282,9740
(507.679)[I]: [5],83,92,224,0,-134,-72,6224(507.680)[I]: [6],0,14,15,11,-219,-287,9722
(507.689)[I]: [5],79,78,180,0,-132,-32,6388(507.690)[I]: [6],0,14,16,14,-219,-288,9709
(507.699)[I]: [5],71,58,176,0,-121,8,6564(507.700)[I]: [6],0,16,21,17,-212,-292,9692
(507.709)[I]: [5],63,39,112,0,-104,72,6756(507.710)[I]: [6],0,19,20,21,-211,-298,9672
(507.719)[I]: [5],53,26,104,0,-87,156,6955(507.720)[I]: [6],0,21,26,26,-207,-306,9655
(507.729)[I]: [5],45,14,92,0,-71,237,7153(507.730)[I]: [6],0,21,28,31,-205,-310,9646
(507.739)[I]: [5],40,11,72,0,-62,302,7349(507.740)[I]: [6],0,26,28,39,-203,-312,9643
(507.749)[I]: [5],31,8,56,0,-56,336,7544(507.750)[I]: [6],0,27,29,43,-201,-313,9643
(507.759)[I]: [5],31,5,44,0,-43,326,7733(507.760)[I]: [6],0,29,35,46,-199,-314,9642
(507.769)[I]: [5],11,3,28,0,-33,287,7929(507.770)[I]: [6],0,26,35,47,-197,-314,9642
(507.779)[I]: [5],10,5,16,0,-33,222,8118(507.780)[I]: [6],0,29,39,48,-195,-315,9642
(507.789)[I]: [5],5,5,12,0,-47,157,8307(507.789)[I]: [6],0,28,37,50,-193,-316,9642
(507.799)[I]: [5],0,3,12,0,-94,93,8483(507.799)[I]: [6],0,28,37,51,-191,-317,9642
(507.809)[I]: [5],0,4,8,0,-169,2,8626(507.809)[I]: [6],0,28,37,52,-189,-318,9642
(507.819)[I]: [5],0,3,12,1,-257,-114,8754(507.820)[I]: [6],0,29,38,52,-187,-318,9642
(507.829)[I]: [5],0,3,12,0,-353,-229,8807(507.829)[I]: [6],0,29,39,53,-186,-319,9642
(507.839)[I]: [5],0,3,8,0,-455,-341,8819(507.839)[I]: [6],0,28,39,51,-184,-319,9642
(507.849)[I]: [5],0,3,12,0,-560,-452,8806(507.849)[I]: [6],0,28,39,50,-182,-320,9642
(507.859)[I]: [5],0,4,8,0,-665,-546,8790(507.859)[I]: [6],0,29,39,46,-180,-321,9642
(507.869)[I]: [5],0,3,8,0,-769,-628,8782(507.869)[I]: [6],0,30,39,43,-178,-322,9642
(507.879)[I]: [5],0,3,8,0,-872,-690,8789(507.879)[I]: [6],0,31,39,38,-176,-322,9642
(507.889)[I]: [5],0,3,8,0,-971,-743,8811(507.889)[I]: [6],0,31,40,36,-175,-323,9642
(507.899)[I]: [5],0,3,8,0,-1063,-790,8838(507.899)[I]: [6],0,29,39,35,-173,-323,9642
(507.909)[I]: [5],0,3,8,0,-1145,-840,8856(507.909)[I]: [6],0,29,39,30,-171,-324,9642
(507.919)[I]: [5],0,2,8,0,-1217,-906,8854(507.919)[I]: [6],0,29,37,27,-170,-325,9642
(507.929)[I]: [5],0,3,8,2,-1276,-979,8824(507.930)[I]: [6],0,28,36,24,-168,-325,9642
(507.939)[I]: [5],0,2,8,2,-1317,-1048,8767(507.940)[I]: [6],0,28,36,22,-166,-326,9642
(507.949)[I]: [5],0,2,4,2,-1340,-1117,8689(507.950)[I]: [6],0,30,35,19,-164,-327,9642
(507.959)[I]: [5],0,2,4,2,-1347,-1168,8594(507.960)[I]: [6],0,31,35,19,-163,-327,9641
(507.969)[I]: [5],0,3,8,1,-1338,-1205,8489(507.970)[I]: [6],0,31,37,16,-161,-327,9641
(507.979)[I]: [5],0,3,4,1,-1317,-1228,8383(507.980)[I]: [6],0,31,38,15,-160,-327,9641
(507.989)[I]: [5],0,3,4,2,-1286,-1233,8281(507.990)[I]: [6],0,34,38,15,-158,-327,9641
(507.999)[I]: [5],0,3,4,2,-1246,-1227,8183(507.999)[I]: [6],0,34,37,15,-156,-329,9641
(507.999)[I]: [5],0,3,4,2,-1201,-1209,8090(507.999)[I]: [6],0,35,37,15,-155,-330,9641
(507.999)[I]: [5],0,2,8,2,-1151,-1186,7996(507.999)[I]: [6],0,35,38,15,-153,-331,9641
(508.005)[I]: [5],0,2,4,2,-1098,-1157,7898(508.005)[I]: [6],0,38,39,16,-152,-331,9641
(508.015)[I]: [5],0,2,0,2,-1046,-1121,7794(508.016)[I]: [6],0,39,40,16,-150,-332,9641
(508.025)[I]: [5],0,2,0,2,-994,-1078,7678(508.025)[I]: [6],0,39,41,16,-149,-332,9641
(508.035)[I]: [5],0,1,0,2,-944,-1029,7550(508.035)[I]: [6],0,41,42,17,-147,-333,9641
(508.045)[I]: [5],0,1,0,2,-893,-974,7408(508.045)[I]: [6],0,42,45,18,-146,-333,9641
(508.055)[I]: [5],0,1,4,2,-843,-917,7254(508.055)[I]: [6],0,44,47,17,-144,-333,9641
(508.065)[I]: [5],0,1,0,2,-792,-856,7083(508.065)[I]: [6],0,47,51,17,-143,-334,9641
(508.075)[I]: [5],0,1,0,1,-744,-786,6902(508.075)[I]: [6],0,47,54,17,-141,-335,9641
(508.085)[I]: [5],0,1,0,0,-703,-710,6715(508.085)[I]: [6],0,48,55,17,-140,-335,9641
(508.095)[I]: [5],0,1,0,1,-672,-632,6529(508.095)[I]: [6],0,50,60,17,-139,-336,9641
(508.105)[I]: [5],0,1,0,0,-651,-557,6350(508.105)[I]: [6],0,51,62,17,-137,-337,9641
(508.115)[I]: [5],0,1,0,0,-634,-491,6185(508.115)[I]: [6],0,50,63,16,-136,-337,9641
(508.125)[I]: [5],0,1,0,0,-617,-442,6032(508.125)[I]: [6],1,48,63,15,-135,-338,9641
(508.135)[I]: [5],0,1,0,0,-592,-414,5891(508.135)[I]: [6],0,51,66,15,-133,-339,9641
(508.145)[I]: [5],0,0,0,0,-554,-402,5757(508.145)[I]: [6],0,52,67,16,-132,-339,9641
(508.155)[I]: [5],0,1,0,0,-502,-395,5624(508.155)[I]: [6],1,51,71,15,-131,-339,9641
(508.165)[I]: [5],0,1,0,0,-441,-378,5487(508.165)[I]: [6],0,51,70,15,-129,-340,9640
(508.175)[I]: [5],0,1,4,0,-377,-338,5343(508.175)[I]: [6],0,51,72,15,-128,-340,9640
(508.185)[I]: [5],0,2,0,0,-314,-276,5195(508.185)[I]: [6],0,51,73,15,-127,-341,9640
(508.195)[I]: [5],0,2,0,0,-255,-199,5050(508.195)[I]: [6],0,53,73,14,-125,-341,9640
(508.205)[I]: [5],0,2,0,0,-199,-120,4914(508.205)[I]: [6],0,54,73,14,-124,-342,9640
(508.215)[I]: [5],0,1,0,0,-148,-51,4788(508.215)[I]: [6],0,54,77,14,-123,-343,9640
(508.225)[I]: [5],0,1,0,0,-102,-3,4677(508.225)[I]: [6],1,54,79,13,-122,-343,9640
(508.235)[I]: [5],0,1,0,0,-58,25,4582(508.235)[I]: [6],1,54,81,13,-120,-344,9640
(508.245)[I]: [5],0,1,4,0,-19,38,4505(508.245)[I]: [6],2,53,81,13,-119,-344,9640
(508.255)[I]: [5],0,1,4,3,20,-74,4695(508.255)[I]: [6],2,53,79,12,-118,-344,9640
(508.265)[I]: [5],0,1,4,5,40,-143,4831(508.265)[I]: [6],2,53,79,12,-117,-345,9640
(508.275)[I]: [5],0,1,4,5,44,-263,4970(508.275)[I]: [6],1,53,80,11,-116,-345,9640
(508.285)[I]: [5],0,1,0,8,54,-363,5091(508.285)[I]: [6],1,53,81,9,-114,-345,9640
(508.295)[I]: [5],0,2,4,10,83,-394,5182(508.295)[I]: [6],1,52,81,10,-113,-345,9640
(508.305)[I]: [5],0,3,4,10,96,-392,5222(508.305)[I]: [6],0,50,79,8,-112,-346,9640
(508.315)[I]: [5],0,4,12,10,85,-406,5235(508.316)[I]: [6],1,50,79,7,-111,-346,9640
(508.325)[I]: [5],0,5,16,10,77,-402,5245(508.326)[I]: [6],1,49,77,5,-110,-346,9640
(508.335)[I]: [5],0,5,24,10,74,-401,5253(508.336)[I]: [6],0,49,75,4,-109,-347,9640
(508.345)[I]: [5],0,6,20,10,72,-400,5257(508.346)[I]: [6],0,48,73,4,-108,-347,9640
(508.355)[I]: [5],0,7,28,11,70,-402,5266(508.356)[I]: [6],0,47,71,3,-107,-347,9640
(508.365)[I]: [5],0,8,32,11,68,-397,5275(508.366)[I]: [6],0,45,68,3,-106,-348,9640
(508.375)[I]: [5],0,8,48,11,67,-386,5285(508.376)[I]: [6],0,44,67,3,-105,-348,9640
(508.385)[I]: [5],0,10,36,10,65,-377,5294(508.386)[I]: [6],0,42,63,3,-104,-349,9640
(508.395)[I]: [5],0,11,48,10,64,-367,5302(508.396)[I]: [6],0,43,63,3,-102,-349,9640
(508.405)[I]: [5],0,11,52,10,62,-360,5309(508.406)[I]: [6],0,43,63,4,-101,-350,9640
(508.415)[I]: [5],0,14,56,10,61,-355,5315(508.416)[I]: [6],0,42,62,3,-100,-350,9640
(508.425)[I]: [5],0,14,68,10,60,-353,5319(508.426)[I]: [6],0,42,61,4,-99,-351,9640
(508.435)[I]: [5],0,14,76,10,59,-351,5319(508.436)[I]: [6],0,42,61,3,-98,-351,9640
(508.445)[I]: [5],0,16,80,8,57,-351,5322(508.446)[I]: [6],0,42,61,3,-97,-351,9640
(508.455)[I]: [5],0,22,80,8,56,-352,5324(508.456)[I]: [6],0,43,61,3,-96,-352,9639
(508.465)[I]: [5],0,26,92,8,56,-352,5324(508.466)[I]: [6],0,43,62,3,-96,-352,9639
(508.475)[I]: [5],0,22,92,8,55,-352,5324(508.476)[I]: [6],0,43,62,3,-95,-352,9639
(508.485)[I]: [5],0,21,100,8,55,-352,5324(508.486)[I]: [6],0,43,62,3,-94,-353,9639
(508.495)[I]: [5],0,23,100,8,54,-353,5324(508.496)[I]: [6],0,42,61,3,-93,-352,9639
(508.505)[I]: [5],1,25,108,8,54,-352,5324(508.506)[I]: [6],0,42,62,3,-92,-352,9639
(508.515)[I]: [5],2,25,116,8,53,-351,5324(508.516)[I]: [6],0,43,62,3,-91,-352,9639
(508.525)[I]: [5],3,27,116,7,53,-350,5324(508.526)[I]: [6],0,42,61,3,-90,-353,9639
(508.535)[I]: [5],5,27,120,7,52,-349,5324(508.536)[I]: [6],0,42,60,3,-89,-354,9639
(508.545)[I]: [5],5,27,120,6,52,-348,5324(508.546)[I]: [6],0,43,59,3,-88,-354,9639
(508.555)[I]: [5],5,27,124,6,51,-348,5324(508.556)[I]: [6],0,42,58,3,-87,-355,9639
(508.565)[I]: [5],5,30,124,6,51,-347,5324(508.566)[I]: [6],0,41,57,3,-86,-355,9639
(508.575)[I]: [5],5,28,124,5,50,-347,5324(508.576)[I]: [6],0,39,57,3,-85,-356,9639
(508.585)[I]: [5],6,30,124,5,50,-346,5324(508.586)[I]: [6],0,39,55,3,-85,-356,9639
(508.595)[I]: [5],6,31,124,5,49,-346,5324(508.596)[I]: [6],0,39,55,3,-84,-357,9639
(508.605)[I]: [5],5,31,124,5,49,-345,5324(508.606)[I]: [6],0,38,55,3,-83,-356,9639
(508.615)[I]: [5],5,31,124,5,48,-345,5324(508.616)[I]: [6],0,36,56,3,-82,-357,9639
(508.625)[I]: [5],5,33,124,5,48,-345,5324(508.626)[I]: [6],0,37,55,3,-81,-357,9639
(508.635)[I]: [5],5,35,124,5,47,-345,5324(508.636)[I]: [6],0,37,56,3,-80,-357,9639
(508.645)[I]: [5],6,35,124,5,47,-344,5324(508.646)[I]: [6],0,37,57,3,-80,-358,9639
(508.655)[I]: [5],6,35,132,5,46,-344,5324(508.656)[I]: [6],0,38,56,3,-79,-358,9639
(508.665)[I]: [5],6,35,136,5,46,-343,5324(508.666)[I]: [6],0,38,55,3,-78,-358,9639
(508.675)[I]: [5],6,34,136,5,45,-343,5324(508.676)[I]: [6],0,38,55,3,-77,-358,9639
(508.685)[I]: [5],6,37,140,5,45,-342,5324(508.686)[I]: [6],0,38,54,3,-77,-359,9639
(508.695)[I]: [5],7,35,140,5,44,-341,5324(508.696)[I]: [6],0,38,53,3,-76,-359,9639
(508.705)[I]: [5],7,36,140,5,44,-341,5324(508.706)[I]: [6],0,38,53,3,-75,-359,9639
(508.715)[I]: [5],7,38,140,5,43,-340,5324(508.716)[I]: [6],0,38,51,3,-74,-360,9639
(508.725)[I]: [5],7,37,140,5,43,-340,5324(508.726)[I]: [6],0,38,50,3,-73,-360,9639
(508.735)[I]: [5],7,37,140,5,43,-340,5324(508.736)[I]: [6],0,38,49,3,-73,-359,9639
(508.745)[I]: [5],7,39,140,5,42,-340,5324(508.746)[I]: [6],0,37,47,3,-72,-359,9639
(508.755)[I]: [5],7,39,144,5,42,-339,5324(508.756)[I]: [6],0,37,47,3,-71,-359,9639
(508.765)[I]: [5],6,39,144,5,41,-339,5325(508.766)[I]: [6],0,37,47,3,-71,-360,9639
(508.775)[I]: [5],7,38,144,5,41,-339,5325(508.776)[I]: [6],0,37,46,3,-70,-361,9639
(508.785)[I]: [5],7,39,148,5,40,-339,5325(508.786)[I]: [6],0,37,46,3,-69,-361,9639
(508.795)[I]: [5],6,39,148,5,40,-338,5325(508.796)[I]: [6],0,36,47,3,-68,-362,9639
(508.805)[I]: [5],7,38,152,5,40,-338,5325(508.806)[I]: [6],0,36,46,3,-68,-362,9639
(508.815)[I]: [5],6,39,152,5,39,-337,5325(508.816)[I]: [6],0,36,45,3,-67,-363,9639
(508.825)[I]: [5],7,37,156,5,39,-337,5325(508.826)[I]: [6],0,35,45,3,-66,-363,9639
(508.835)[I]: [5],6,37,156,5,38,-337,5325(508.836)[I]: [6],0,35,46,3,-66,-363,9638