(582.230)[I]: [5],0,17,84,18,-150,-271,4770(582.231)[I]: [6],0,27,35,7,-138,-290,6599
(582.240)[I]: [5],0,17,84,18,-149,-271,4770(582.241)[I]: [6],0,27,35,7,-136,-290,6599
(582.250)[I]: [5],0,17,84,18,-147,-271,4770(582.251)[I]: [6],0,27,35,7,-135,-290,6599
(582.260)[I]: [5],0,17,84,18,-146,-272,4770(582.261)[I]: [6],0,27,35,7,-134,-289,6599
(582.270)[I]: [5],0,17,84,18,-144,-272,4770(582.271)[I]: [6],0,27,35,7,-132,-289,6599
(582.280)[I]: [5],0,17,84,18,-143,-272,4770(582.281)[I]: [6],0,27,35,7,-131,-289,6599
(582.290)[I]: [5],0,17,84,18,-142,-272,4770(582.291)[I]: [6],0,27,35,7,-130,-289,6599
(582.300)[I]: [5],0,17,84,18,-140,-273,4770(582.301)[I]: [6],0,28,35,7,-128,-289,6599
(582.310)[I]: [5],0,17,84,18,-139,-274,4770(582.311)[I]: [6],0,28,35,7,-127,-289,6599
(582.320)[I]: [5],0,17,84,18,-137,-274,4770(582.321)[I]: [6],0,28,35,7,-126,-290,6599
(582.330)[I]: [5],0,17,84,18,-136,-274,4770(582.331)[I]: [6],0,28,35,7,-125,-290,6599
(582.340)[I]: [5],0,17,84,18,-135,-274,4770(582.341)[I]: [6],0,29,35,6,-123,-290,6599
(582.350)[I]: [5],0,17,84,18,-133,-275,4770(582.351)[I]: [6],0,28,35,7,-122,-290,6599
(582.360)[I]: [5],0,17,84,18,-132,-275,4770(582.361)[I]: [6],0,28,35,7,-121,-290,6599
(582.370)[I]: [5],0,17,84,18,-131,-275,4770(582.371)[I]: [6],0,28,35,6,-120,-290,6599
(582.380)[I]: [5],0,17,84,18,-129,-276,4770(582.381)[I]: [6],0,28,35,7,-118,-290,6599
(582.390)[I]: [5],0,17,84,18,-128,-276,4770(582.391)[I]: [6],0,28,35,7,-117,-291,6599
(582.400)[I]: [5],0,17,84,18,-127,-276,4770(582.401)[I]: [6],0,28,35,7,-116,-291,6599
(582.410)[I]: [5],0,17,84,18,-125,-277,4769(582.411)[I]: [6],0,28,35,6,-115,-291,6599
(582.420)[I]: [5],0,17,84,18,-124,-278,4769(582.421)[I]: [6],0,28,36,7,-114,-291,6599
(582.430)[I]: [5],0,17,84,18,-123,-278,4769(582.431)[I]: [6],0,28,36,6,-113,-291,6599
(582.440)[I]: [5],0,17,84,17,-122,-278,4769(582.441)[I]: [6],0,28,36,6,-111,-291,6599
(582.450)[I]: [5],0,17,84,18,-121,-278,4769(582.451)[I]: [6],0,29,36,6,-110,-292,6599
(582.460)[I]: [5],0,17,84,18,-119,-278,4769(582.461)[I]: [6],0,29,36,7,-109,-292,6599
(582.470)[I]: [5],0,17,84,18,-118,-279,4769(582.471)[I]: [6],0,29,36,7,-108,-292,6599
(582.480)[I]: [5],0,17,84,18,-117,-279,4769(582.481)[I]: [6],0,29,36,7,-107,-292,6599
(582.490)[I]: [5],0,17,84,18,-116,-279,4769(582.491)[I]: [6],0,29,36,7,-106,-292,6599
(582.500)[I]: [5],0,17,84,18,-115,-280,4769(582.501)[I]: [6],0,28,36,6,-105,-292,6599
(582.510)[I]: [5],0,17,84,18,-113,-280,4769(582.511)[I]: [6],0,28,36,6,-104,-293,6599
(582.520)[I]: [5],0,17,84,17,-112,-280,4769(582.521)[I]: [6],0,29,37,7,-103,-293,6599
(582.530)[I]: [5],0,17,84,17,-111,-280,4769(582.531)[I]: [6],0,29,36,6,-102,-292,6599
(582.540)[I]: [5],0,18,84,18,-110,-280,4769(582.541)[I]: [6],0,29,37,7,-101,-292,6599
(582.550)[I]: [5],0,18,84,18,-109,-281,4769(582.551)[I]: [6],0,29,36,6,-100,-293,6599
(582.560)[I]: [5],0,17,84,18,-108,-281,4769(582.561)[I]: [6],0,30,36,7,-99,-293,6599
(582.570)[I]: [5],0,18,84,18,-107,-281,4769(582.571)[I]: [6],0,30,38,6,-98,-293,6599
(582.580)[I]: [5],0,17,84,18,-106,-281,4769(582.581)[I]: [6],0,29,37,6,-97,-293,6599
(582.590)[I]: [5],0,17,84,17,-105,-282,4769(582.591)[I]: [6],0,30,37,7,-96,-293,6599
(582.600)[I]: [5],0,18,84,18,-104,-282,4769(582.601)[I]: [6],0,30,37,6,-95,-293,6599
(582.610)[I]: [5],0,17,84,18,-103,-282,4769(582.611)[I]: [6],0,30,38,6,-94,-293,6599
(582.620)[I]: [5],0,18,84,17,-102,-282,4769(582.621)[I]: [6],0,30,37,7,-93,-293,6599
(582.630)[I]: [5],0,17,84,18,-101,-283,4769(582.631)[I]: [6],0,30,38,7,-92,-293,6599
(582.640)[I]: [5],0,18,84,18,-100,-282,4769(582.641)[I]: [6],0,30,37,6,-91,-293,6599
(582.650)[I]: [5],0,18,84,18,-99,-282,4769(582.651)[I]: [6],0,30,37,7,-90,-293,6599
(582.660)[I]: [5],0,17,84,17,-98,-283,4769(582.660)[I]: [6],0,30,37,7,-89,-293,6599
(582.670)[I]: [5],0,18,84,18,-97,-283,4769(582.671)[I]: [6],0,30,37,7,-88,-293,6599
(582.680)[I]: [5],0,17,84,18,-96,-283,4769(582.681)[I]: [6],0,30,36,7,-88,-293,6599
(582.690)[I]: [5],0,18,88,18,-95,-283,4769(582.690)[I]: [6],0,29,36,7,-87,-293,6599
(582.700)[I]: [5],0,17,88,18,-94,-283,4769(582.700)[I]: [6],0,29,36,7,-86,-294,6599
(582.710)[I]: [5],0,17,88,18,-93,-283,4769(582.710)[I]: [6],0,29,36,7,-85,-294,6599
(582.720)[I]: [5],0,17,88,18,-92,-284,4769(582.720)[I]: [6],0,29,35,7,-84,-294,6599
(582.730)[I]: [5],0,17,88,19,-91,-284,4769(582.731)[I]: [6],0,28,35,6,-83,-294,6599
(582.740)[I]: [5],0,17,88,19,-90,-284,4769(582.741)[I]: [6],0,26,31,7,-82,-294,6599
(582.750)[I]: [5],0,18,88,19,-89,-284,4769(582.751)[I]: [6],0,25,31,7,-82,-295,6599
(582.760)[I]: [5],0,17,92,19,-88,-285,4769(582.761)[I]: [6],0,24,31,7,-81,-295,6599
(582.770)[I]: [5],0,17,96,20,-87,-285,4769(582.771)[I]: [6],0,22,30,7,-80,-294,6599
(582.780)[I]: [5],0,17,100,20,-86,-285,4769(582.781)[I]: [6],0,21,28,7,-79,-295,6599
(582.790)[I]: [5],0,18,100,20,-86,-285,4769(582.791)[I]: [6],0,21,24,7,-78,-295,6599
(582.800)[I]: [5],0,18,100,20,-85,-285,4769(582.801)[I]: [6],0,20,23,7,-78,-295,6599
(582.810)[I]: [5],0,18,104,20,-84,-285,4769(582.811)[I]: [6],0,19,21,7,-77,-295,6599
(582.820)[I]: [5],0,18,104,20,-83,-285,4769(582.821)[I]: [6],0,18,19,7,-76,-295,6599
(582.830)[I]: [5],0,18,108,20,-82,-285,4769(582.831)[I]: [6],0,18,19,7,-75,-295,6599
(582.840)[I]: [5],0,19,112,21,-81,-285,4769(582.841)[I]: [6],0,17,19,6,-74,-295,6599
(582.850)[I]: [5],0,19,112,21,-81,-285,4769(582.851)[I]: [6],0,17,18,7,-74,-295,6599
(582.860)[I]: [5],0,19,112,22,-80,-284,4769(582.861)[I]: [6],0,17,19,7,-73,-295,6599
(582.870)[I]: [5],0,19,116,22,-79,-283,4769(582.871)[I]: [6],0,15,18,7,-72,-295,6599
(582.880)[I]: [5],0,19,112,23,-78,-283,4769(582.881)[I]: [6],0,15,14,7,-72,-295,6599
(582.890)[I]: [5],0,19,112,22,-77,-283,4769(582.891)[I]: [6],0,15,11,6,-71,-294,6599
(582.900)[I]: [5],0,19,112,23,-77,-283,4769(582.901)[I]: [6],0,15,11,6,-70,-294,6599
(582.910)[I]: [5],0,20,116,25,-76,-283,4769(582.911)[I]: [6],0,15,11,6,-69,-294,6599
(582.920)[I]: [5],0,20,116,27,-75,-283,4769(582.921)[I]: [6],0,15,10,6,-69,-293,6599
(582.930)[I]: [5],0,21,116,27,-74,-283,4769(582.931)[I]: [6],0,15,11,6,-68,-293,6599
(582.940)[I]: [5],0,20,120,27,-74,-283,4769(582.941)[I]: [6],0,15,9,6,-67,-293,6599
(582.950)[I]: [5],0,22,116,28,-73,-283,4769(582.951)[I]: [6],0,15,7,6,-67,-293,6599
(582.960)[I]: [5],0,23,116,27,-72,-283,4769(582.961)[I]: [6],0,15,7,6,-66,-294,6599
(582.970)[I]: [5],0,23,124,28,-71,-282,4769(582.971)[I]: [6],0,15,7,6,-65,-294,6599
(582.980)[I]: [5],0,23,124,28,-71,-282,4769(582.981)[I]: [6],0,14,7,6,-65,-294,6599
(582.990)[I]: [5],0,24,124,27,-70,-282,4769(582.991)[I]: [6],0,14,7,6,-64,-294,6599
(582.999)[I]: [5],0,24,124,26,-69,-281,4769(582.999)[I]: [6],0,15,7,6,-63,-295,6599
(582.999)[I]: [5],0,22,124,22,-69,-281,4769(582.999)[I]: [6],0,14,7,6,-63,-295,6599
(582.999)[I]: [5],0,24,124,21,-68,-280,4769(582.999)[I]: [6],0,14,9,7,-62,-295,6599
(583.006)[I]: [5],0,26,124,20,-67,-280,4769(583.006)[I]: [6],0,15,10,7,-61,-295,6599
(583.016)[I]: [5],0,25,124,19,-67,-281,4772(583.017)[I]: [6],0,15,11,7,-61,-295,6599
(583.026)[I]: [5],0,27,124,18,-67,-283,4780(583.027)[I]: [6],0,15,11,7,-60,-295,6599
(583.036)[I]: [5],0,29,136,16,-67,-285,4790(583.037)[I]: [6],0,15,11,8,-60,-295,6599
(583.046)[I]: [5],0,35,140,12,-67,-289,4801(583.047)[I]: [6],0,15,12,9,-59,-294,6599
(583.056)[I]: [5],0,34,140,10,-67,-293,4816(583.057)[I]: [6],0,16,12,10,-58,-294,6599
(583.066)[I]: [5],2,39,148,9,-68,-296,4833(583.066)[I]: [6],0,17,13,10,-58,-294,6599
(583.076)[I]: [5],5,43,144,6,-69,-298,4858(583.077)[I]: [6],0,19,13,10,-57,-294,6599
(583.086)[I]: [5],5,44,144,5,-70,-297,4887(583.086)[I]: [6],0,19,15,11,-57,-294,6599
(583.096)[I]: [5],6,48,144,3,-71,-289,4919(583.097)[I]: [6],0,20,17,12,-56,-294,6599
(583.106)[I]: [5],6,53,140,2,-72,-284,4953(583.107)[I]: [6],0,25,19,13,-56,-295,6599
(583.116)[I]: [5],7,55,124,1,-76,-280,4994(583.117)[I]: [6],0,26,20,15,-55,-295,6599
(583.126)[I]: [5],9,50,112,1,-81,-292,5086(583.127)[I]: [6],0,27,24,17,-54,-295,6599
(583.136)[I]: [5],10,41,84,1,-88,-301,5215(583.137)[I]: [6],0,27,28,18,-54,-295,6599
(583.146)[I]: [5],11,31,64,1,-94,-303,5376(583.147)[I]: [6],0,28,31,19,-53,-296,6599
(583.156)[I]: [5],9,19,36,1,-93,-289,5567(583.157)[I]: [6],0,29,31,22,-53,-295,6599
(583.166)[I]: [5],7,12,28,1,-101,-221,5780(583.167)[I]: [6],0,28,34,25,-52,-295,6598
(583.176)[I]: [5],4,7,20,1,-130,-123,5997(583.177)[I]: [6],0,30,41,27,-52,-295,6598
(583.186)[I]: [5],2,3,20,1,-170,-17,6213(583.186)[I]: [6],0,31,42,31,-51,-295,6598
(583.196)[I]: [5],2,4,12,1,-208,59,6434(583.196)[I]: [6],0,31,47,34,-51,-295,6598
(583.206)[I]: [5],0,3,12,1,-239,110,6626(583.206)[I]: [6],0,31,50,37,-50,-294,6598
(583.216)[I]: [5],0,3,12,2,-283,167,6785(583.216)[I]: [6],0,34,55,39,-50,-294,6598
(583.226)[I]: [5],0,3,12,2,-340,166,6904(583.226)[I]: [6],0,31,56,42,-49,-294,6598
(583.236)[I]: [5],0,3,12,2,-390,98,6942(583.236)[I]: [6],0,34,59,41,-49,-293,6598
(583.246)[I]: [5],0,3,12,2,-436,11,6927(583.246)[I]: [6],0,35,60,41,-48,-293,6598
(583.256)[I]: [5],0,3,12,1,-483,-92,6897(583.256)[I]: [6],0,35,60,37,-48,-292,6598
(583.266)[I]: [5],0,3,12,1,-532,-196,6869(583.266)[I]: [6],0,36,63,35,-47,-292,6598
(583.276)[I]: [5],0,3,8,1,-579,-297,6840(583.276)[I]: [6],0,37,63,33,-47,-292,6598
(583.286)[I]: [5],0,3,8,1,-620,-393,6800(583.286)[I]: [6],0,38,63,30,-46,-291,6598
(583.296)[I]: [5],0,3,12,2,-649,-488,6740(583.297)[I]: [6],0,38,66,27,-46,-291,6598
(583.306)[I]: [5],0,3,8,2,-664,-578,6665(583.306)[I]: [6],0,39,69,24,-45,-291,6598
(583.316)[I]: [5],0,3,8,2,-666,-660,6580(583.316)[I]: [6],0,38,69,22,-45,-291,6598
(583.326)[I]: [5],0,3,8,1,-656,-730,6495(583.326)[I]: [6],0,39,71,19,-44,-291,6598
(583.336)[I]: [5],0,3,4,1,-637,-787,6415(583.336)[I]: [6],0,38,70,19,-44,-290,6598
(583.346)[I]: [5],0,3,4,1,-611,-831,6341(583.346)[I]: [6],0,39,71,19,-44,-290,6598
(583.356)[I]: [5],0,3,4,2,-575,-860,6273(583.356)[I]: [6],0,38,72,19,-43,-290,6598
(583.366)[I]: [5],0,3,4,2,-533,-875,6210(583.366)[I]: [6],0,38,71,20,-43,-290,6598
(583.376)[I]: [5],0,3,4,2,-488,-874,6152(583.376)[I]: [6],0,38,72,19,-42,-290,6598
(583.386)[I]: [5],0,2,4,2,-442,-853,6099(583.386)[I]: [6],0,38,72,19,-42,-290,6598
(583.396)[I]: [5],0,2,4,2,-395,-815,6051(583.396)[I]: [6],0,38,72,19,-41,-290,6598
(583.406)[I]: [5],0,2,4,2,-348,-765,6003(583.406)[I]: [6],0,38,72,19,-41,-290,6598
(583.416)[I]: [5],0,2,4,2,-300,-707,5949(583.416)[I]: [6],0,37,73,19,-41,-289,6598
(583.426)[I]: [5],0,2,4,2,-250,-643,5891(583.426)[I]: [6],0,37,73,18,-40,-288,6598
(583.436)[I]: [5],0,1,4,2,-200,-575,5825(583.436)[I]: [6],0,37,73,19,-40,-288,6598
(583.446)[I]: [5],0,1,4,2,-152,-501,5754(583.446)[I]: [6],0,37,73,19,-39,-288,6598
(583.456)[I]: [5],0,1,4,2,-113,-422,5678(583.456)[I]: [6],0,37,73,20,-39,-288,6598
(583.466)[I]: [5],0,1,4,2,-86,-338,5598(583.466)[I]: [6],0,36,74,19,-39,-288,6598
(583.476)[I]: [5],0,1,4,2,-73,-254,5513(583.476)[I]: [6],0,36,74,21,-38,-288,6598
(583.486)[I]: [5],0,1,4,2,-75,-176,5425(583.486)[I]: [6],0,36,74,21,-38,-288,6598
(583.496)[I]: [5],0,1,4,2,-91,-104,5334(583.496)[I]: [6],0,35,72,21,-37,-288,6598
(583.506)[I]: [5],0,2,4,2,-120,-38,5244(583.506)[I]: [6],0,35,73,21,-37,-288,6598
(583.516)[I]: [5],0,1,4,2,-161,23,5156(583.516)[I]: [6],0,34,73,22,-37,-288,6598
(583.526)[I]: [5],0,1,4,2,-206,69,5071(583.526)[I]: [6],0,34,73,23,-36,-287,6598
(583.536)[I]: [5],0,2,4,2,-250,99,4987(583.536)[I]: [6],0,31,73,23,-36,-287,6598
(583.546)[I]: [5],0,2,4,2,-292,118,4903(583.546)[I]: [6],0,31,71,23,-36,-287,6598
(583.556)[I]: [5],0,2,4,2,-332,131,4819(583.556)[I]: [6],0,31,70,23,-35,-287,6598
(583.566)[I]: [5],0,2,4,1,-368,146,4733(583.566)[I]: [6],0,31,68,23,-35,-287,6598
(583.576)[I]: [5],0,3,4,1,-396,164,4648(583.576)[I]: [6],0,31,67,23,-34,-287,6598
(583.586)[I]: [5],0,3,4,1,-409,183,4561(583.586)[I]: [6],0,31,66,25,-34,-286,6598
(583.596)[I]: [5],0,3,4,1,-407,206,4476(583.596)[I]: [6],0,31,63,27,-34,-287,6598
(583.606)[I]: [5],0,3,4,1,-390,229,4399(583.606)[I]: [6],0,30,63,29,-33,-287,6598
(583.616)[I]: [5],0,3,4,1,-361,252,4330(583.616)[I]: [6],0,31,63,30,-33,-287,6598
(583.626)[I]: [5],0,3,4,1,-325,274,4272(583.626)[I]: [6],0,29,63,31,-33,-287,6598
(583.636)[I]: [5],0,2,4,1,-285,291,4222(583.636)[I]: [6],0,30,62,31,-32,-286,6598
(583.646)[I]: [5],0,2,4,1,-242,301,4181(583.646)[I]: [6],0,29,61,31,-32,-286,6598
(583.656)[I]: [5],0,2,4,1,-201,304,4150(583.656)[I]: [6],0,30,61,34,-32,-285,6598
(583.666)[I]: [5],0,2,4,1,-160,299,4126(583.666)[I]: [6],0,29,60,34,-31,-285,6598
(583.676)[I]: [5],0,2,4,1,-120,289,4106(583.676)[I]: [6],0,30,60,35,-31,-285,6598
(583.686)[I]: [5],0,2,4,1,-79,274,4087(583.686)[I]: [6],0,30,59,39,-31,-285,6598
(583.696)[I]: [5],0,2,4,1,-38,260,4073(583.696)[I]: [6],0,29,61,38,-31,-284,6598
(583.706)[I]: [5],0,2,4,1,0,245,4060(583.706)[I]: [6],0,30,61,38,-30,-284,6598
(583.716)[I]: [5],0,2,4,1,36,233,4051(583.716)[I]: [6],0,30,61,37,-30,-283,6598
(583.726)[I]: [5],0,2,4,1,66,217,4050(583.726)[I]: [6],0,30,61,36,-30,-283,6598
(583.736)[I]: [5],0,2,4,1,90,192,4059(583.736)[I]: [6],0,30,61,35,-29,-283,6598
(583.746)[I]: [5],0,2,4,1,113,158,4078(583.746)[I]: [6],0,31,63,31,-29,-283,6598
(583.756)[I]: [5],0,3,4,4,128,159,4141(583.756)[I]: [6],0,31,63,31,-29,-283,6598
(583.766)[I]: [5],0,2,4,6,152,87,4274(583.766)[I]: [6],0,34,63,29,-28,-282,6598
(583.776)[I]: [5],0,2,4,8,154,58,4366(583.776)[I]: [6],0,36,66,25,-28,-282,6598
(583.786)[I]: [5],0,2,4,8,167,7,4444(583.786)[I]: [6],0,38,69,22,-28,-281,6598
(583.796)[I]: [5],0,2,4,7,187,-60,4523(583.796)[I]: [6],0,39,73,20,-27,-283,6592
(583.806)[I]: [5],0,2,4,6,210,-113,4586(583.806)[I]: [6],0,46,79,17,-26,-285,6584
(583.816)[I]: [5],0,2,4,6,236,-159,4653(583.816)[I]: [6],0,53,83,12,-24,-287,6574
(583.826)[I]: [5],0,3,8,6,260,-195,4719(583.826)[I]: [6],0,59,92,7,-23,-289,6561
(583.836)[I]: [5],0,5,12,7,263,-215,4769(583.836)[I]: [6],0,63,97,5,-21,-293,6545
(583.846)[I]: [5],0,4,20,7,253,-232,4793(583.846)[I]: [6],0,76,103,5,-20,-296,6528
(583.856)[I]: [5],0,5,24,9,247,-227,4810(583.856)[I]: [6],0,83,107,5,-18,-299,6508
(583.866)[I]: [5],0,6,24,12,245,-218,4817(583.867)[I]: [6],0,93,118,3,-16,-305,6486
(583.876)[I]: [5],0,7,44,13,243,-212,4816(583.877)[I]: [6],0,101,118,3,-13,-315,6462
(583.886)[I]: [5],0,6,48,13,240,-205,4818(583.887)[I]: [6],0,109,120,3,-10,-319,6432
(583.896)[I]: [5],0,8,48,15,239,-195,4819(583.897)[I]: [6],0,118,112,3,-5,-325,6398
(583.906)[I]: [5],0,8,60,18,238,-183,4822(583.907)[I]: [6],2,120,102,2,0,-336,6330
(583.916)[I]: [5],0,9,60,19,236,-172,4826(583.917)[I]: [6],3,127,92,2,4,-353,6225
(583.926)[I]: [5],0,10,64,23,234,-163,4832(583.927)[I]: [6],3,127,79,2,11,-355,6096
(583.936)[I]: [5],0,15,76,27,232,-159,4837(583.937)[I]: [6],4,119,63,2,21,-344,5946
(583.946)[I]: [5],0,16,76,30,229,-158,4840(583.947)[I]: [6],5,108,44,2,30,-329,5786
(583.956)[I]: [5],0,17,96,40,227,-160,4840(583.957)[I]: [6],5,87,21,2,35,-292,5604
(583.966)[I]: [5],0,15,96,40,225,-153,4836(583.967)[I]: [6],6,62,21,2,55,-223,5392
(583.976)[I]: [5],0,19,100,50,225,-147,4829(583.977)[I]: [6],6,41,14,2,73,-176,5162
(583.986)[I]: [5],0,20,104,57,224,-142,4823(583.987)[I]: [6],4,29,15,2,92,-125,4924
(583.996)[I]: [5],0,22,104,61,222,-140,4821(583.997)[I]: [6],4,22,12,2,124,-65,4679
(583.999)[I]: [5],0,22,104,66,220,-141,4821(583.999)[I]: [6],3,19,12,2,166,-12,4428
(583.999)[I]: [5],0,23,104,72,219,-140,4814(583.999)[I]: [6],0,18,6,2,206,32,4160
(584.002)[I]: [5],0,22,100,75,218,-139,4807(584.003)[I]: [6],0,15,6,2,267,83,3908
(584.012)[I]: [5],0,23,96,79,217,-137,4800(584.013)[I]: [6],0,15,4,2,351,124,3715
(584.022)[I]: [5],0,23,96,80,215,-135,4792(584.023)[I]: [6],0,11,7,2,462,143,3574
(584.032)[I]: [5],0,21,92,80,214,-133,4784(584.033)[I]: [6],0,11,6,2,585,132,3482
(584.042)[I]: [5],0,22,92,81,212,-131,4777(584.043)[I]: [6],0,12,5,2,718,93,3465
(584.052)[I]: [5],0,20,92,84,211,-130,4774(584.053)[I]: [6],0,12,5,2,864,26,3483
(584.062)[I]: [5],0,19,96,84,209,-130,4774(584.063)[I]: [6],0,11,5,2,1026,-63,3513
(584.072)[I]: [5],0,20,92,81,207,-129,4774(584.073)[I]: [6],0,11,4,2,1200,-161,3540
(584.082)[I]: [5],0,21,92,80,205,-129,4774(584.083)[I]: [6],0,11,3,2,1375,-271,3569
(584.092)[I]: [5],0,22,92,76,203,-129,4774(584.093)[I]: [6],0,11,3,2,1542,-396,3607
(584.102)[I]: [5],0,22,92,74,201,-129,4774(584.103)[I]: [6],0,11,3,2,1683,-537,3658
(584.112)[I]: [5],0,21,88,71,199,-129,4774(584.113)[I]: [6],0,10,2,2,1793,-692,3722
(584.122)[I]: [5],0,20,88,68,197,-129,4774(584.123)[I]: [6],0,7,3,3,1868,-851,3790
(584.132)[I]: [5],0,20,88,67,195,-130,4774(584.133)[I]: [6],0,7,3,3,1913,-1009,3868
(584.142)[I]: [5],0,19,76,64,193,-130,4774(584.143)[I]: [6],0,8,3,3,1925,-1164,3954
(584.152)[I]: [5],0,18,72,62,192,-127,4766(584.153)[I]: [6],0,8,3,2,1913,-1302,4044
(584.162)[I]: [5],0,15,72,59,191,-124,4758(584.163)[I]: [6],0,9,3,3,1881,-1413,4137
(584.172)[I]: [5],0,12,68,57,190,-121,4750(584.173)[I]: [6],0,9,5,3,1835,-1487,4230
(584.182)[I]: [5],0,11,60,55,189,-121,4746(584.183)[I]: [6],0,9,5,3,1774,-1517,4319
(584.192)[I]: [5],0,10,60,53,187,-120,4746(584.193)[I]: [6],0,9,5,3,1704,-1504,4406
(584.202)[I]: [5],0,11,60,52,185,-121,4746(584.203)[I]: [6],0,9,5,3,1623,-1459,4492
(584.212)[I]: [5],0,12,60,50,183,-120,4746(584.213)[I]: [6],0,9,4,3,1533,-1394,4584
(584.222)[I]: [5],0,14,64,50,182,-120,4746(584.223)[I]: [6],0,10,4,3,1435,-1323,4681
(584.232)[I]: [5],0,12,60,50,180,-120,4747(584.233)[I]: [6],0,10,5,3,1331,-1254,4782
(584.242)[I]: [5],0,12,60,50,178,-121,4747(584.243)[I]: [6],0,11,4,3,1225,-1187,4886
(584.252)[I]: [5],0,11,60,48,176,-121,4744(584.253)[I]: [6],0,11,3,3,1121,-1118,4997
(584.262)[I]: [5],0,12,56,48,174,-121,4744(584.263)[I]: [6],0,11,3,3,1025,-1043,5120
(584.272)[I]: [5],0,11,56,49,173,-122,4744(584.273)[I]: [6],0,11,3,3,936,-955,5253
(584.282)[I]: [5],0,14,56,50,171,-122,4744(584.283)[I]: [6],0,11,4,3,857,-856,5388
(584.292)[I]: [5],0,14,60,50,169,-121,4744(584.293)[I]: [6],0,10,4,3,789,-747,5520
(584.302)[I]: [5],0,13,56,52,168,-120,4744(584.303)[I]: [6],0,10,4,3,727,-642,5650
(584.312)[I]: [5],0,13,52,55,166,-121,4741(584.313)[I]: [6],0,10,4,3,670,-550,5782
(584.322)[I]: [5],0,15,52,57,164,-122,4738(584.323)[I]: [6],0,11,4,3,618,-472,5912
(584.332)[I]: [5],0,14,56,60,162,-122,4738(584.333)[I]: [6],0,11,4,3,574,-404,6040
(584.342)[I]: [5],0,14,52,68,161,-123,4738(584.343)[I]: [6],0,10,4,3,541,-336,6166
(584.352)[I]: [5],0,14,60,67,158,-121,4732(584.353)[I]: [6],0,10,4,2,518,-273,6299
(584.362)[I]: [5],0,14,56,69,156,-119,4724(584.363)[I]: [6],0,10,4,2,502,-219,6445
(584.372)[I]: [5],0,12,56,74,154,-117,4716(584.373)[I]: [6],0,10,5,3,493,-170,6596
(584.382)[I]: [5],0,12,56,74,152,-114,4710(584.383)[I]: [6],0,10,4,3,491,-129,6743
(584.392)[I]: [5],0,11,56,77,151,-114,4710(584.393)[I]: [6],0,10,5,3,494,-98,6876
(584.402)[I]: [5],0,10,56,80,148,-113,4707(584.403)[I]: [6],0,9,5,2,495,-77,6994
(584.412)[I]: [5],0,10,56,77,144,-111,4702(584.413)[I]: [6],0,9,4,2,493,-65,7099
(584.422)[I]: [5],0,10,64,81,140,-110,4695(584.423)[I]: [6],0,8,4,3,481,-54,7192
(584.432)[I]: [5],0,10,60,80,136,-108,4689(584.433)[I]: [6],0,9,4,3,466,-40,7271
(584.442)[I]: [5],0,10,56,80,133,-108,4683(584.443)[I]: [6],0,11,4,2,452,-27,7330
(584.452)[I]: [5],0,10,60,82,132,-107,4683(584.453)[I]: [6],0,10,5,3,439,-20,7366
(584.462)[I]: [5],0,11,60,80,131,-108,4683(584.463)[I]: [6],0,10,5,3,425,-20,7381
(584.472)[I]: [5],0,10,60,79,127,-107,4680(584.473)[I]: [6],0,12,4,3,410,-24,7396
(584.482)[I]: [5],0,11,60,79,122,-105,4676(584.483)[I]: [6],0,11,4,3,392,-31,7425
(584.492)[I]: [5],0,12,64,79,117,-103,4671(584.493)[I]: [6],0,11,3,3,374,-35,7461
(584.502)[I]: [5],0,12,68,78,116,-103,4671(584.503)[I]: [6],0,10,5,3,362,-33,7485
(584.512)[I]: [5],0,13,76,75,114,-103,4676(584.513)[I]: [6],0,9,5,3,347,-47,7489
(584.522)[I]: [5],0,16,80,68,113,-106,4692(584.523)[I]: [6],0,9,4,3,338,-64,7470
(584.532)[I]: [5],0,20,92,63,111,-111,4714(584.533)[I]: [6],0,9,4,4,354,-2,7408
(584.542)[I]: [5],0,27,100,54,109,-116,4741(584.543)[I]: [6],0,10,3,5,393,-165,7146
(584.552)[I]: [5],0,31,120,48,107,-125,4776(584.553)[I]: [6],0,5,6,7,442,-143,6969
(584.562)[I]: [5],0,40,124,26,106,-138,4815(584.563)[I]: [6],0,5,7,6,437,-194,6845
(584.572)[I]: [5],2,53,140,17,105,-151,4859(584.573)[I]: [6],0,7,6,5,398,-216,6786
(584.582)[I]: [5],6,68,164,13,104,-164,4904(584.583)[I]: [6],0,11,6,5,378,-227,6754
(584.592)[I]: [5],13,81,168,10,102,-177,4953(584.593)[I]: [6],0,10,9,5,380,-239,6700
(584.602)[I]: [5],20,89,176,5,100,-195,5010(584.603)[I]: [6],0,10,14,5,394,-254,6636
(584.612)[I]: [5],24,108,180,5,97,-210,5070(584.613)[I]: [6],0,11,17,7,398,-260,6582
(584.622)[I]: [5],30,117,184,2,94,-207,5133(584.623)[I]: [6],0,14,27,8,398,-272,6522
(584.632)[I]: [5],39,125,160,0,88,-209,5199(584.633)[I]: [6],0,21,31,9,401,-287,6471
(584.642)[I]: [5],45,127,144,0,79,-240,5339(584.643)[I]: [6],0,26,41,13,400,-298,6446
(584.652)[I]: [5],50,119,96,0,72,-298,5514(584.653)[I]: [6],0,30,46,14,405,-295,6436
(584.662)[I]: [5],54,107,60,0,62,-343,5720(584.663)[I]: [6],0,29,55,19,403,-293,6434
(584.672)[I]: [5],48,79,40,0,55,-362,5953(584.673)[I]: [6],0,31,56,22,399,-292,6434
(584.682)[I]: [5],38,51,20,0,45,-347,6203(584.683)[I]: [6],0,31,50,23,395,-295,6434
(584.692)[I]: [5],30,24,8,0,14,-297,6473(584.692)[I]: [6],0,31,55,26,391,-299,6435
(584.702)[I]: [5],20,15,12,0,-31,-228,6753(584.703)[I]: [6],0,31,62,27,387,-302,6435
(584.712)[I]: [5],17,7,12,0,-88,-154,7019(584.712)[I]: [6],0,34,68,28,383,-302,6435
(584.722)[I]: [5],9,4,8,0,-153,-111,7277(584.722)[I]: [6],0,37,74,28,379,-303,6436
(584.732)[I]: [5],1,7,8,0,-213,-127,7545(584.732)[I]: [6],0,34,79,28,374,-300,6435
(584.742)[I]: [5],0,6,4,0,-286,-182,7759(584.742)[I]: [6],0,35,81,27,371,-307,6436
(584.752)[I]: [5],0,5,8,1,-377,-280,7947(584.752)[I]: [6],0,34,85,26,371,-310,6436
(584.762)[I]: [5],0,6,4,1,-478,-414,8045(584.762)[I]: [6],0,39,84,24,367,-311,6436
(584.772)[I]: [5],0,6,4,1,-596,-545,8071(584.772)[I]: [6],0,39,86,23,363,-312,6436
(584.782)[I]: [5],0,6,4,0,-733,-683,8066(584.782)[I]: [6],0,43,83,23,360,-313,6436
(584.792)[I]: [5],0,6,4,0,-883,-811,8058(584.792)[I]: [6],0,41,85,23,356,-314,6437
(584.802)[I]: [5],0,3,4,0,-1034,-925,8062(584.802)[I]: [6],0,40,83,22,353,-315,6437
(584.812)[I]: [5],0,3,4,0,-1170,-1032,8073(584.813)[I]: [6],0,40,83,22,349,-316,6437
(584.822)[I]: [5],0,3,0,0,-1276,-1138,8088(584.822)[I]: [6],0,38,84,20,346,-317,6437
(584.832)[I]: [5],0,3,0,0,-1337,-1251,8101(584.832)[I]: [6],0,37,83,18,342,-318,6437
(584.842)[I]: [5],0,4,4,0,-1350,-1367,8107(584.842)[I]: [6],0,36,83,17,339,-321,6438
(584.852)[I]: [5],0,4,0,0,-1312,-1480,8105(584.852)[I]: [6],0,36,85,15,335,-323,6438
(584.862)[I]: [5],0,4,0,1,-1230,-1586,8092(584.862)[I]: [6],0,34,83,13,332,-324,6438
(584.872)[I]: [5],0,3,0,1,-1115,-1667,8066(584.873)[I]: [6],0,31,85,13,329,-325,6438
(584.882)[I]: [5],0,3,0,1,-976,-1719,8027(584.882)[I]: [6],0,31,84,12,325,-326,6439
(584.892)[I]: [5],0,3,4,1,-828,-1736,7981(584.893)[I]: [6],0,30,83,9,322,-328,6439
(584.902)[I]: [5],0,3,0,1,-681,-1718,7930(584.902)[I]: [6],0,30,83,9,319,-328,6439
(584.912)[I]: [5],0,3,4,1,-544,-1672,7872(584.913)[I]: [6],0,29,81,9,316,-328,6439
(584.922)[I]: [5],0,4,0,1,-421,-1609,7807(584.922)[I]: [6],0,28,81,9,313,-328,6439
(584.932)[I]: [5],0,4,0,1,-312,-1527,7732(584.932)[I]: [6],0,28,82,9,309,-328,6439
(584.942)[I]: [5],0,4,4,1,-217,-1433,7647(584.942)[I]: [6],0,27,81,7,306,-327,6439
(584.952)[I]: [5],0,3,4,1,-137,-1336,7554(584.953)[I]: [6],0,25,80,7,303,-328,6440
(584.962)[I]: [5],0,3,4,1,-70,-1239,7455(584.962)[I]: [6],0,25,81,7,300,-331,6440
(584.972)[I]: [5],0,4,4,1,-14,-1147,7351(584.972)[I]: [6],0,24,79,7,297,-331,6440
(584.982)[I]: [5],0,3,4,1,31,-1060,7241(584.982)[I]: [6],0,25,79,7,294,-332,6440
(584.992)[I]: [5],0,4,4,1,67,-974,7123(584.992)[I]: [6],0,25,79,7,291,-336,6441
(584.999)[I]: [5],0,4,4,1,96,-892,6997(584.999)[I]: [6],0,25,79,7,289,-333,6441
(584.999)[I]: [5],0,3,4,1,123,-809,6864(584.999)[I]: [6],0,24,79,7,286,-334,6441
(584.999)[I]: [5],0,3,4,1,152,-728,6729(584.999)[I]: [6],0,24,79,9,283,-335,6441
(585.008)[I]: [5],0,3,4,1,185,-647,6592(585.008)[I]: [6],0,25,79,9,280,-336,6441
(585.018)[I]: [5],0,3,4,1,221,-567,6452(585.018)[I]: [6],0,26,81,9,277,-337,6441
(585.028)[I]: [5],0,3,4,1,255,-486,6307(585.028)[I]: [6],0,26,82,9,274,-337,6441
(585.038)[I]: [5],0,3,4,1,287,-409,6158(585.038)[I]: [6],0,26,82,9,272,-338,6441
(585.048)[I]: [5],0,2,4,1,314,-335,6002(585.048)[I]: [6],0,26,85,9,269,-339,6442
(585.058)[I]: [5],0,2,4,1,333,-262,5840(585.058)[I]: [6],0,27,86,10,266,-339,6442
(585.068)[I]: [5],0,2,4,1,343,-190,5674(585.068)[I]: [6],0,28,90,12,264,-340,6442
(585.078)[I]: [5],0,3,4,0,345,-122,5504(585.078)[I]: [6],0,29,92,12,261,-340,6442
(585.088)[I]: [5],0,3,4,0,339,-54,5335(585.088)[I]: [6],0,31,93,13,258,-341,6442
(585.098)[I]: [5],0,4,4,0,326,8,5166(585.098)[I]: [6],0,31,94,13,256,-341,6442
(585.108)[I]: [5],0,3,4,0,307,66,5002(585.108)[I]: [6],0,31,94,13,253,-342,6442
(585.118)[I]: [5],0,3,4,0,282,112,4844(585.118)[I]: [6],0,35,97,13,251,-343,6442
(585.128)[I]: [5],0,3,4,0,256,144,4701(585.128)[I]: [6],0,36,100,12,248,-344,6443
(585.138)[I]: [5],0,4,4,0,236,157,4580(585.138)[I]: [6],0,38,103,11,246,-345,6443
(585.148)[I]: [5],0,3,4,0,224,156,4480(585.148)[I]: [6],0,39,104,12,243,-346,6443
(585.158)[I]: [5],0,4,4,0,220,151,4397(585.158)[I]: [6],0,39,108,11,241,-347,6443
(585.168)[I]: [5],0,3,4,0,222,150,4328(585.168)[I]: [6],0,39,112,9,240,-348,6440
(585.178)[I]: [5],0,3,4,0,233,156,4270(585.178)[I]: [6],0,40,114,7,238,-349,6437
(585.188)[I]: [5],0,3,4,0,256,169,4219(585.188)[I]: [6],0,43,118,6,238,-351,6431
(585.198)[I]: [5],0,3,4,1,290,185,4179(585.198)[I]: [6],0,44,123,6,237,-353,6424
(585.208)[I]: [5],0,3,4,1,334,197,4155(585.208)[I]: [6],0,42,125,5,237,-354,6417
(585.218)[I]: [5],0,3,4,1,377,199,4147(585.218)[I]: [6],0,46,127,4,238,-356,6409
(585.228)[I]: [5],3,1,0,6,431,107,4376(585.228)[I]: [6],0,52,135,4,239,-359,6397
(585.238)[I]: [5],0,1,0,13,448,-12,4497(585.238)[I]: [6],0,57,140,4,240,-363,6384
(585.248)[I]: [5],0,1,0,13,433,-103,4592(585.248)[I]: [6],0,61,146,3,240,-366,6370
(585.258)[I]: [5],0,1,0,12,423,-155,4622(585.258)[I]: [6],1,63,151,3,239,-370,6355
(585.268)[I]: [5],0,1,4,11,429,-179,4631(585.268)[I]: [6],3,67,159,3,240,-373,6341
(585.278)[I]: [5],0,1,4,11,433,-168,4655(585.278)[I]: [6],1,70,168,3,240,-372,6329
(585.288)[I]: [5],0,2,12,13,423,-167,4715(585.289)[I]: [6],3,73,174,3,239,-368,6315
(585.298)[I]: [5],0,4,28,17,408,-170,4772(585.299)[I]: [6],2,73,178,2,238,-360,6299
(585.308)[I]: [5],0,5,40,19,404,-178,4818(585.309)[I]: [6],3,73,181,2,237,-349,6283
(585.318)[I]: [5],0,7,60,23,400,-191,4847(585.319)[I]: [6],3,67,176,2,241,-311,6248
(585.328)[I]: [5],0,9,52,27,396,-200,4865(585.329)[I]: [6],3,60,162,2,244,-287,6187
(585.338)[I]: [5],0,14,60,33,393,-198,4878(585.339)[I]: [6],3,51,138,2,247,-270,6089
(585.348)[I]: [5],0,19,56,38,391,-191,4889(585.349)[I]: [6],3,44,112,2,251,-233,5969
(585.358)[I]: [5],0,22,80,50,388,-185,4899(585.359)[I]: [6],3,35,95,2,252,-180,5836
(585.368)[I]: [5],1,20,68,57,385,-184,4910(585.369)[I]: [6],2,28,61,2,251,-103,5693
(585.378)[I]: [5],2,22,96,68,382,-184,4918(585.379)[I]: [6],2,21,44,2,253,-1,5535
(585.388)[I]: [5],3,26,92,70,381,-181,4924(585.389)[I]: [6],0,11,30,2,266,103,5357
(585.398)[I]: [5],3,25,92,71,378,-180,4927(585.399)[I]: [6],0,11,18,2,300,220,5154
(585.408)[I]: [5],5,30,92,73,374,-180,4927(585.409)[I]: [6],0,9,15,2,344,355,4939
(585.418)[I]: [5],4,31,108,78,370,-181,4927(585.419)[I]: [6],0,9,11,2,413,502,4721
(585.428)[I]: [5],4,31,108,77,367,-181,4927(585.429)[I]: [6],0,8,9,2,489,622,4494
(585.438)[I]: [5],4,34,108,76,363,-181,4927(585.439)[I]: [6],0,8,8,3,581,694,4320
(585.448)[I]: [5],3,35,108,77,359,-182,4928(585.449)[I]: [6],0,10,8,3,669,679,4173
(585.458)[I]: [5],3,38,104,72,356,-183,4928(585.459)[I]: [6],0,9,6,2,760,577,4094
(585.468)[I]: [5],3,39,100,69,352,-183,4928(585.469)[I]: [6],0,10,5,2,860,432,4039
(585.478)[I]: [5],3,41,100,67,349,-184,4928(585.479)[I]: [6],0,9,5,2,965,260,3984
(585.488)[I]: [5],5,41,96,60,345,-185,4928(585.489)[I]: [6],0,9,5,2,1075,94,3919
(585.498)[I]: [5],5,40,100,57,342,-185,4928(585.499)[I]: [6],0,9,6,3,1183,-59,3842
(585.508)[I]: [5],5,39,96,55,338,-186,4928(585.509)[I]: [6],0,10,5,2,1280,-197,3760
(585.518)[I]: [5],5,38,92,51,335,-187,4928(585.519)[I]: [6],0,10,5,3,1357,-317,3678
(585.528)[I]: [5],5,35,92,51,332,-188,4929(585.529)[I]: [6],0,10,4,2,1403,-419,3602
(585.538)[I]: [5],5,35,92,49,328,-188,4929(585.539)[I]: [6],0,9,4,2,1422,-502,3542
(585.548)[I]: [5],5,34,92,44,325,-189,4929(585.549)[I]: [6],0,9,4,3,1409,-601,3509
(585.558)[I]: [5],5,31,92,35,322,-189,4929(585.559)[I]: [6],0,8,3,3,1367,-715,3516
(585.568)[I]: [5],4,31,88,31,319,-190,4929(585.569)[I]: [6],0,8,3,3,1300,-824,3557
(585.578)[I]: [5],4,28,76,28,315,-191,4929(585.579)[I]: [6],0,9,4,3,1210,-921,3621
(585.588)[I]: [5],3,23,76,28,312,-191,4929(585.589)[I]: [6],0,9,4,3,1109,-1002,3705
(585.598)[I]: [5],2,23,76,28,309,-192,4929(585.599)[I]: [6],0,9,4,3,1009,-1054,3806
(585.608)[I]: [5],1,27,68,27,306,-192,4930(585.609)[I]: [6],0,9,4,3,917,-1064,3910
(585.618)[I]: [5],1,26,72,27,303,-192,4930(585.619)[I]: [6],0,9,4,3,839,-1036,4013
(585.628)[I]: [5],1,24,72,25,300,-193,4930(585.629)[I]: [6],0,9,4,3,780,-977,4117
(585.638)[I]: [5],0,22,72,26,297,-193,4930(585.639)[I]: [6],0,8,5,3,735,-897,4226
(585.648)[I]: [5],0,19,72,26,294,-195,4930(585.649)[I]: [6],0,8,4,3,701,-815,4346
(585.658)[I]: [5],0,19,76,26,291,-196,4930(585.659)[I]: [6],0,8,4,3,671,-744,4478
(585.668)[I]: [5],0,17,80,26,288,-195,4930(585.669)[I]: [6],0,8,4,3,643,-690,4622
(585.678)[I]: [5],0,18,84,26,285,-196,4930(585.679)[I]: [6],0,8,4,3,615,-652,4775
(585.688)[I]: [5],0,19,84,27,283,-198,4930(585.689)[I]: [6],0,8,3,3,590,-620,4940
(585.698)[I]: [5],0,19,92,28,280,-198,4931(585.699)[I]: [6],0,9,3,3,570,-585,5112
(585.708)[I]: [5],0,19,96,27,277,-198,4931(585.709)[I]: [6],0,9,4,3,562,-538,5290
(585.718)[I]: [5],2,19,96,27,274,-199,4931(585.719)[I]: [6],0,9,3,3,566,-487,5475
(585.728)[I]: [5],2,22,100,28,271,-200,4931(585.729)[I]: [6],0,8,4,3,577,-432,5660
(585.738)[I]: [5],2,24,104,27,269,-200,4931(585.739)[I]: [6],0,9,4,3,593,-380,5843
(585.748)[I]: [5],3,24,112,27,266,-200,4931(585.749)[I]: [6],0,9,4,3,607,-335,6025
(585.758)[I]: [5],3,25,116,27,263,-201,4931(585.759)[I]: [6],0,9,3,3,616,-296,6200
(585.768)[I]: [5],3,25,124,26,261,-202,4931(585.769)[I]: [6],0,9,3,3,618,-262,6360
(585.778)[I]: [5],3,26,124,28,258,-203,4931(585.779)[I]: [6],0,9,3,3,616,-224,6508
(585.788)[I]: [5],3,27,136,25,256,-203,4931(585.789)[I]: [6],0,9,3,2,611,-184,6648
(585.798)[I]: [5],4,28,140,22,253,-204,4931(585.799)[I]: [6],0,9,4,2,597,-142,6783
(585.808)[I]: [5],4,29,152,20,251,-204,4932(585.809)[I]: [6],0,9,3,2,577,-96,6907
(585.818)[I]: [5],4,31,156,20,248,-204,4932(585.819)[I]: [6],0,9,3,3,548,-48,7016
(585.828)[I]: [5],5,34,160,18,246,-204,4932(585.829)[I]: [6],0,9,3,3,511,-1,7113
(585.838)[I]: [5],4,37,156,18,243,-205,4932(585.839)[I]: [6],0,9,3,3,466,37,7202
(585.848)[I]: [5],4,38,164,17,241,-205,4932(585.849)[I]: [6],0,9,3,3,416,68,7288
(585.858)[I]: [5],6,39,168,17,239,-206,4935(585.859)[I]: [6],0,9,3,3,367,96,7372
(585.868)[I]: [5],6,41,172,15,237,-206,4943(585.869)[I]: [6],0,9,3,3,326,127,7445
(585.878)[I]: [5],7,43,180,15,235,-208,4952(585.879)[I]: [6],0,9,3,3,298,168,7503
(585.888)[I]: [5],7,47,180,13,233,-211,4961(585.889)[I]: [6],0,9,2,3,288,216,7542
(585.898)[I]: [5],8,50,188,12,232,-212,4972(585.899)[I]: [6],0,9,3,3,293,265,7568
(585.908)[I]: [5],9,57,192,10,230,-214,4985(585.909)[I]: [6],0,7,3,3,307,301,7583
(585.918)[I]: [5],13,58,196,9,229,-216,5001(585.919)[I]: [6],0,9,3,3,314,315,7583
(585.928)[I]: [5],15,62,204,8,227,-218,5020(585.929)[I]: [6],0,9,3,3,329,301,7568
(585.938)[I]: [5],21,66,216,9,225,-218,5040(585.939)[I]: [6],0,9,2,3,257,73,7307
(585.948)[I]: [5],22,70,220,4,223,-215,5059(585.949)[I]: [6],0,8,5,5,352,-66,7095
(585.958)[I]: [5],25,77,228,3,221,-208,5078(585.959)[I]: [6],0,7,3,7,441,-151,6913
(585.968)[I]: [5],30,80,236,2,219,-193,5102(585.969)[I]: [6],0,7,5,8,393,-213,6825
(585.978)[I]: [5],39,84,244,2,218,-174,5129(585.979)[I]: [6],0,9,6,7,376,-228,6797
(585.988)[I]: [5],39,87,244,1,215,-145,5162(585.989)[I]: [6],0,9,6,5,370,-239,6796
(585.998)[I]: [5],41,91,244,1,212,-100,5206(585.999)[I]: [6],0,9,10,5,383,-234,6777
(585.999)[I]: [5],46,89,252,1,209,-69,5271(585.999)[I]: [6],0,11,12,8,388,-231,6748
(585.999)[I]: [5],52,80,252,1,204,-46,5369(585.999)[I]: [6],0,14,11,9,384,-235,6719
(586.004)[I]: [5],52,70,252,1,200,-16,5491(586.005)[I]: [6],0,16,18,11,383,-242,6691
(586.014)[I]: [5],49,60,212,1,194,18,5630(586.015)[I]: [6],0,15,23,12,384,-248,6673
(586.024)[I]: [5],43,41,208,1,192,58,5784(586.025)[I]: [6],0,18,27,14,385,-250,6659
(586.034)[I]: [5],36,27,176,1,199,102,5950(586.035)[I]: [6],0,20,24,20,384,-251,6645
(586.044)[I]: [5],31,17,156,1,213,176,6128(586.045)[I]: [6],0,21,31,26,384,-253,6632
(586.054)[I]: [5],27,9,120,0,227,268,6316(586.055)[I]: [6],0,19,35,31,384,-255,6623
(586.064)[I]: [5],18,8,68,0,236,359,6512(586.064)[I]: [6],0,21,36,39,381,-256,6619
(586.074)[I]: [5],12,4,56,0,234,430,6705(586.074)[I]: [6],0,22,36,44,377,-257,6617
(586.084)[I]: [5],11,3,40,0,235,456,6908(586.084)[I]: [6],0,26,43,47,373,-258,6617
(586.094)[I]: [5],9,4,36,0,243,441,7127(586.094)[I]: [6],0,29,44,53,369,-259,6617
(586.104)[I]: [5],6,4,24,1,245,409,7341(586.105)[I]: [6],0,29,45,56,365,-261,6617
(586.114)[I]: [5],3,4,16,1,229,379,7551(586.115)[I]: [6],0,29,45,58,362,-263,6618
(586.124)[I]: [5],0,3,20,1,181,322,7761(586.124)[I]: [6],0,31,43,60,358,-263,6618
(586.134)[I]: [5],0,3,12,1,111,210,7949(586.134)[I]: [6],0,31,40,61,355,-265,6618
(586.144)[I]: [5],0,3,16,1,38,63,8096(586.144)[I]: [6],0,31,41,60,351,-266,6618
(586.154)[I]: [5],0,3,8,1,-36,-84,8178(586.154)[I]: [6],0,31,40,59,348,-267,6618
(586.164)[I]: [5],0,3,8,1,-116,-234,8218(586.164)[I]: [6],0,31,41,57,344,-269,6619
(586.174)[I]: [5],0,3,8,1,-192,-383,8239(586.174)[I]: [6],0,31,42,56,341,-269,6619
(586.184)[I]: [5],0,3,12,1,-271,-520,8251(586.184)[I]: [6],0,31,43,55,337,-270,6619
(586.194)[I]: [5],0,3,8,1,-349,-641,8266(586.194)[I]: [6],0,29,43,54,334,-271,6619
(586.204)[I]: [5],0,3,12,1,-425,-744,8287(586.204)[I]: [6],0,27,42,50,331,-272,6619
(586.214)[I]: [5],0,3,8,1,-496,-827,8312(586.214)[I]: [6],0,25,38,47,327,-273,6620
(586.224)[I]: [5],0,3,8,1,-557,-897,8331(586.224)[I]: [6],0,24,38,46,325,-273,6623
(586.234)[I]: [5],0,3,8,2,-604,-971,8334(586.234)[I]: [6],0,24,35,44,322,-274,6623
(586.244)[I]: [5],0,3,4,2,-630,-1057,8307(586.244)[I]: [6],0,24,31,43,319,-275,6623
(586.254)[I]: [5],0,2,8,2,-634,-1135,8249(586.254)[I]: [6],0,23,30,40,316,-275,6623
(586.264)[I]: [5],0,2,4,2,-614,-1204,8158(586.264)[I]: [6],0,23,30,38,312,-276,6623
(586.274)[I]: [5],0,2,4,2,-573,-1258,8045(586.274)[I]: [6],0,22,27,36,309,-277,6627
(586.284)[I]: [5],0,2,4,2,-516,-1288,7913(586.284)[I]: [6],0,20,27,35,306,-278,6627
(586.294)[I]: [5],0,2,4,2,-451,-1298,7769(586.294)[I]: [6],0,21,27,36,304,-279,6633
(586.304)[I]: [5],0,2,4,2,-383,-1281,7625(586.305)[I]: [6],0,20,24,36,302,-279,6636
(586.314)[I]: [5],0,2,4,2,-317,-1236,7489(586.314)[I]: [6],0,18,22,36,301,-279,6639
(586.324)[I]: [5],0,3,4,2,-257,-1172,7365(586.324)[I]: [6],0,17,24,36,298,-280,6639
(586.334)[I]: [5],0,3,4,2,-204,-1094,7252(586.334)[I]: [6],0,17,23,37,295,-281,6639
(586.344)[I]: [5],0,3,4,2,-159,-1012,7144(586.344)[I]: [6],0,18,23,38,292,-281,6639
(586.354)[I]: [5],0,3,0,2,-118,-934,7034(586.354)[I]: [6],0,18,23,39,289,-282,6640
(586.364)[I]: [5],0,3,0,2,-82,-866,6917(586.364)[I]: [6],0,19,24,41,286,-282,6640
(586.374)[I]: [5],0,2,0,2,-47,-804,6789(586.374)[I]: [6],0,19,26,42,283,-283,6640
(586.384)[I]: [5],0,2,0,2,-15,-746,6648(586.384)[I]: [6],0,19,27,43,281,-284,6640
(586.394)[I]: [5],0,2,0,2,9,-684,6498(586.394)[I]: [6],0,19,28,43,278,-285,6640
(586.404)[I]: [5],0,2,0,2,27,-614,6339(586.404)[I]: [6],0,19,28,43,275,-285,6640
(586.414)[I]: [5],0,2,0,2,34,-537,6177(586.414)[I]: [6],0,19,29,44,272,-286,6640
(586.424)[I]: [5],0,3,0,2,30,-458,6012(586.424)[I]: [6],0,19,30,45,270,-287,6641
(586.434)[I]: [5],0,3,0,2,17,-383,5846(586.434)[I]: [6],0,19,30,46,267,-288,6641
(586.444)[I]: [5],0,3,0,2,-3,-315,5678(586.444)[I]: [6],0,19,31,46,264,-289,6641
(586.454)[I]: [5],0,3,0,2,-27,-253,5509(586.454)[I]: [6],0,19,31,45,262,-289,6641
(586.464)[I]: [5],0,3,0,2,-53,-202,5341(586.464)[I]: [6],0,19,34,46,259,-290,6641
(586.474)[I]: [5],0,3,4,2,-82,-153,5179(586.474)[I]: [6],0,19,36,46,256,-290,6641
(586.484)[I]: [5],0,3,4,2,-114,-109,5026(586.484)[I]: [6],0,19,36,45,254,-291,6641
(586.494)[I]: [5],0,3,4,2,-150,-66,4882(586.494)[I]: [6],0,19,37,45,251,-292,6641
(586.504)[I]: [5],0,3,4,2,-191,-29,4747(586.504)[I]: [6],0,19,38,44,249,-292,6641
(586.514)[I]: [5],0,3,4,2,-234,7,4617(586.514)[I]: [6],0,19,41,42,246,-293,6642
(586.524)[I]: [5],0,3,4,2,-278,45,4492(586.524)[I]: [6],0,19,43,41,244,-293,6642
(586.534)[I]: [5],0,2,4,2,-316,83,4377(586.534)[I]: [6],0,19,46,40,241,-294,6642
(586.544)[I]: [5],0,2,4,1,-342,118,4274(586.544)[I]: [6],0,19,49,39,239,-295,6642
(586.554)[I]: [5],0,2,4,1,-350,147,4185(586.554)[I]: [6],0,20,49,39,237,-296,6642
(586.564)[I]: [5],0,3,4,1,-339,168,4109(586.564)[I]: [6],0,20,53,38,234,-297,6642
(586.574)[I]: [5],0,3,4,1,-314,185,4046(586.574)[I]: [6],0,20,55,37,232,-298,6642
(586.584)[I]: [5],0,3,4,1,-280,207,3998(586.584)[I]: [6],0,20,57,35,230,-298,6642
(586.594)[I]: [5],0,3,0,0,-243,239,3969(586.594)[I]: [6],0,21,61,31,227,-299,6642
(586.604)[I]: [5],0,3,0,0,-204,276,3959(586.604)[I]: [6],0,21,63,28,225,-299,6643
(586.614)[I]: [5],0,3,0,0,-165,311,3965(586.614)[I]: [6],0,24,68,26,223,-299,6643
(586.624)[I]: [5],0,2,0,3,-128,341,3976(586.624)[I]: [6],0,25,71,23,221,-300,6643
(586.634)[I]: [5],0,1,0,6,-32,116,4270(586.634)[I]: [6],0,26,79,20,219,-301,6640
(586.644)[I]: [5],0,1,0,13,-37,81,4356(586.644)[I]: [6],0,31,82,19,219,-302,6634
(586.654)[I]: [5],0,1,0,13,-48,5,4412(586.654)[I]: [6],0,35,83,15,219,-303,6626
(586.664)[I]: [5],0,1,0,8,-66,-41,4445(586.664)[I]: [6],0,43,91,12,220,-305,6618
(586.674)[I]: [5],0,1,0,7,-89,-73,4453(586.674)[I]: [6],0,48,96,8,221,-306,6607
(586.684)[I]: [5],0,1,0,6,-114,-78,4487(586.684)[I]: [6],0,52,105,5,221,-307,6593
(586.694)[I]: [5],0,1,0,9,-136,-80,4549(586.694)[I]: [6],0,56,115,4,221,-307,6577
(586.704)[I]: [5],0,1,8,12,-149,-91,4620(586.704)[I]: [6],0,63,127,3,221,-307,6560
(586.714)[I]: [5],0,2,16,13,-151,-94,4675(586.714)[I]: [6],0,67,142,3,223,-309,6538
(586.724)[I]: [5],3,4,16,13,-151,-107,4710(586.725)[I]: [6],1,76,147,3,224,-313,6513
(586.734)[I]: [5],3,6,24,15,-151,-123,4738(586.735)[I]: [6],1,77,159,2,225,-313,6490
(586.744)[I]: [5],3,9,20,17,-153,-132,4750(586.745)[I]: [6],2,81,159,2,226,-302,6464
(586.754)[I]: [5],4,9,28,19,-152,-141,4750(586.755)[I]: [6],3,83,159,2,233,-265,6420
(586.764)[I]: [5],5,9,40,20,-152,-136,4749(586.765)[I]: [6],3,82,150,2,231,-255,6338
(586.774)[I]: [5],7,11,40,21,-153,-127,4747(586.775)[I]: [6],4,75,135,2,235,-232,6222
(586.784)[I]: [5],3,15,52,27,-154,-121,4751(586.785)[I]: [6],4,63,123,2,237,-189,6087
(586.794)[I]: [5],4,17,60,30,-156,-119,4760(586.795)[I]: [6],4,51,92,2,238,-134,5944
(586.804)[I]: [5],7,17,60,37,-157,-119,4772(586.805)[I]: [6],3,40,71,2,233,-51,5794
(586.814)[I]: [5],5,16,60,46,-158,-117,4785(586.815)[I]: [6],2,31,42,2,232,55,5629
(586.824)[I]: [5],3,21,68,55,-160,-117,4794(586.825)[I]: [6],1,20,28,2,236,145,5448
(586.834)[I]: [5],7,23,68,60,-159,-117,4798(586.835)[I]: [6],1,13,19,2,239,225,5249
(586.844)[I]: [5],9,24,68,65,-158,-119,4798(586.845)[I]: [6],0,14,12,2,248,298,5031
(586.854)[I]: [5],9,22,68,68,-156,-120,4798(586.855)[I]: [6],0,10,11,2,272,376,4799
(586.864)[I]: [5],9,26,80,70,-155,-121,4797(586.865)[I]: [6],0,12,9,3,312,447,4552
(586.874)[I]: [5],8,25,76,70,-153,-122,4797(586.875)[I]: [6],0,12,7,3,366,500,4292
(586.884)[I]: [5],9,30,76,71,-151,-123,4797(586.885)[I]: [6],0,10,7,3,447,532,4086
(586.894)[I]: [5],8,31,76,73,-150,-124,4797(586.895)[I]: [6],0,8,5,3,554,519,3938
(586.904)[I]: [5],9,31,76,71,-148,-125,4797(586.905)[I]: [6],0,8,5,3,668,425,3834
(586.914)[I]: [5],8,31,76,73,-147,-126,4797(586.915)[I]: [6],0,8,5,3,798,280,3796
(586.924)[I]: [5],9,31,76,73,-146,-127,4797(586.925)[I]: [6],0,8,4,3,945,90,3777
(586.934)[I]: [5],7,33,76,71,-144,-128,4797(586.935)[I]: [6],0,8,4,2,1106,-123,3765
(586.944)[I]: [5],6,31,76,70,-143,-129,4797(586.945)[I]: [6],0,7,3,3,1275,-344,3752
(586.954)[I]: [5],4,34,72,70,-141,-130,4797(586.955)[I]: [6],0,8,3,3,1439,-574,3741
(586.964)[I]: [5],4,31,68,69,-140,-131,4797(586.965)[I]: [6],0,7,3,3,1590,-810,3733
(586.974)[I]: [5],3,31,68,65,-138,-132,4797(586.975)[I]: [6],0,8,3,3,1719,-1049,3725
(586.984)[I]: [5],3,30,72,61,-137,-134,4797(586.985)[I]: [6],0,8,3,3,1810,-1270,3724
(586.994)[I]: [5],3,30,68,55,-136,-135,4797(586.995)[I]: [6],0,8,3,3,1870,-1489,3747
(586.999)[I]: [5],3,28,68,55,-134,-136,4797(586.999)[I]: [6],0,9,3,3,1886,-1688,3808
(586.999)[I]: [5],3,27,68,52,-133,-136,4797(586.999)[I]: [6],0,9,3,3,1867,-1833,3887
(587.000)[I]: [5],3,28,64,49,-132,-137,4797(587.001)[I]: [6],0,8,3,3,1824,-1932,3973
(587.010)[I]: [5],3,25,68,47,-130,-138,4797(587.011)[I]: [6],0,8,3,3,1762,-1982,4066
(587.020)[I]: [5],3,23,64,44,-129,-138,4797(587.021)[I]: [6],0,8,3,3,1683,-1983,4156
(587.030)[I]: [5],3,22,64,38,-128,-139,4797(587.031)[I]: [6],0,8,3,3,1593,-1946,4235
(587.040)[I]: [5],3,22,60,35,-126,-139,4797(587.041)[I]: [6],0,8,3,3,1497,-1882,4306
(587.050)[I]: [5],3,23,60,34,-125,-140,4797(587.051)[I]: [6],0,8,3,3,1396,-1800,4376
(587.060)[I]: [5],3,24,60,33,-124,-141,4797(587.061)[I]: [6],0,7,3,3,1293,-1709,4458
(587.070)[I]: [5],1,24,60,32,-123,-142,4797(587.071)[I]: [6],0,7,3,3,1189,-1612,4555
(587.080)[I]: [5],2,24,68,34,-121,-144,4797(587.081)[I]: [6],0,7,2,3,1086,-1516,4665
(587.090)[I]: [5],1,23,68,34,-120,-145,4797(587.091)[I]: [6],0,7,2,3,989,-1422,4784
(587.100)[I]: [5],1,22,72,35,-119,-146,4797(587.101)[I]: [6],0,7,3,3,907,-1330,4909
(587.110)[I]: [5],1,22,76,34,-118,-145,4797(587.111)[I]: [6],0,7,3,3,854,-1232,5040
(587.120)[I]: [5],1,23,76,35,-117,-146,4797(587.121)[I]: [6],0,7,3,3,845,-1144,5181
(587.130)[I]: [5],1,23,88,35,-115,-146,4797(587.131)[I]: [6],0,8,4,3,880,-1067,5333
(587.140)[I]: [5],0,25,96,35,-114,-146,4797(587.141)[I]: [6],0,7,3,3,940,-1011,5497
(587.150)[I]: [5],0,28,104,36,-113,-147,4797(587.151)[I]: [6],0,8,3,3,1011,-976,5672
(587.160)[I]: [5],0,27,112,37,-112,-147,4800(587.161)[I]: [6],0,8,3,3,1063,-952,5849
(587.170)[I]: [5],0,26,120,37,-111,-148,4800(587.171)[I]: [6],0,9,2,3,1087,-929,6026
(587.180)[I]: [5],0,28,120,37,-110,-149,4800(587.181)[I]: [6],0,9,2,3,1075,-897,6197
(587.190)[I]: [5],0,28,124,38,-109,-149,4800(587.191)[I]: [6],0,9,2,3,1035,-850,6362
(587.200)[I]: [5],0,29,136,38,-108,-150,4800(587.201)[I]: [6],0,9,2,3,979,-785,6518
(587.210)[I]: [5],0,29,136,38,-107,-150,4800(587.211)[I]: [6],0,9,2,3,916,-706,6666
(587.220)[I]: [5],0,28,144,37,-106,-151,4800(587.221)[I]: [6],0,9,2,3,851,-619,6807
(587.230)[I]: [5],0,28,148,33,-105,-151,4800(587.231)[I]: [6],0,8,1,3,787,-531,6939
(587.240)[I]: [5],0,31,156,28,-104,-151,4800(587.241)[I]: [6],0,7,1,3,726,-451,7063
(587.250)[I]: [5],0,31,164,24,-104,-152,4807(587.251)[I]: [6],0,7,0,3,668,-388,7179
(587.260)[I]: [5],0,34,168,22,-103,-151,4813(587.261)[I]: [6],0,6,0,3,610,-342,7286
(587.270)[I]: [5],0,37,180,21,-103,-151,4823(587.271)[I]: [6],0,7,0,3,560,-311,7384
(587.280)[I]: [5],0,43,180,19,-102,-151,4833(587.281)[I]: [6],0,7,0,3,522,-286,7471
(587.290)[I]: [5],0,44,188,16,-102,-151,4843(587.291)[I]: [6],0,7,0,3,501,-261,7548
(587.300)[I]: [5],0,49,200,13,-102,-152,4853(587.301)[I]: [6],0,7,0,3,498,-231,7610
(587.310)[I]: [5],0,47,204,12,-102,-153,4863(587.311)[I]: [6],0,8,1,3,507,-202,7653
(587.320)[I]: [5],0,56,208,12,-101,-155,4875(587.321)[I]: [6],0,9,0,3,517,-178,7682
(587.330)[I]: [5],4,56,216,13,-101,-156,4890(587.331)[I]: [6],0,9,0,3,521,-160,7698
(587.340)[I]: [5],4,63,220,10,-101,-158,4908(587.341)[I]: [6],0,9,1,3,512,-145,7706
(587.350)[I]: [5],5,72,236,6,-101,-161,4928(587.351)[I]: [6],0,9,1,3,487,-134,7710
(587.360)[I]: [5],8,77,240,6,-101,-162,4953(587.361)[I]: [6],0,9,1,3,536,15,7421
(587.370)[I]: [5],12,82,252,6,-102,-161,4979(587.371)[I]: [6],0,6,3,8,472,-23,7252
(587.380)[I]: [5],15,99,252,4,-102,-159,5003(587.381)[I]: [6],0,5,2,10,437,-63,7053
(587.390)[I]: [5],21,106,252,2,-102,-148,5028(587.391)[I]: [6],0,4,2,9,428,-104,6926
(587.400)[I]: [5],22,112,252,2,-102,-130,5057(587.401)[I]: [6],0,6,3,9,407,-130,6848
(587.410)[I]: [5],25,116,252,1,-102,-110,5088(587.411)[I]: [6],0,7,3,8,400,-140,6807
(587.420)[I]: [5],28,121,252,0,-104,-81,5129(587.421)[I]: [6],0,7,3,9,409,-144,6754
(587.430)[I]: [5],31,124,252,0,-107,-63,5193(587.431)[I]: [6],0,8,7,12,422,-151,6685
(587.440)[I]: [5],37,118,240,0,-109,-57,5301(587.441)[I]: [6],0,11,12,15,418,-168,6613
(587.450)[I]: [5],36,111,196,0,-113,-45,5439(587.451)[I]: [6],0,10,22,22,410,-184,6557
(587.460)[I]: [5],35,85,172,0,-114,-30,5599(587.461)[I]: [6],0,9,24,28,410,-198,6523
(587.470)[I]: [5],34,60,116,0,-111,-20,5784(587.471)[I]: [6],0,11,35,31,409,-199,6503
(587.480)[I]: [5],30,31,84,0,-98,8,5986(587.480)[I]: [6],0,14,31,38,414,-195,6488
(587.490)[I]: [5],22,24,60,0,-85,69,6207(587.490)[I]: [6],0,15,40,43,411,-196,6479
(587.500)[I]: [5],18,12,48,0,-82,144,6435(587.501)[I]: [6],0,17,47,46,410,-197,6471
(587.510)[I]: [5],14,8,32,0,-91,211,6667(587.510)[I]: [6],0,19,43,47,410,-197,6465
(587.520)[I]: [5],11,4,24,0,-105,267,6897(587.521)[I]: [6],0,18,46,50,408,-198,6462
(587.530)[I]: [5],11,3,28,0,-125,300,7124(587.531)[I]: [6],0,24,43,51,405,-201,6459
(587.540)[I]: [5],5,4,12,0,-142,299,7348(587.540)[I]: [6],0,24,51,53,404,-203,6453
(587.550)[I]: [5],0,4,8,0,-172,288,7566(587.550)[I]: [6],0,27,51,51,403,-206,6447
(587.560)[I]: [5],0,4,12,0,-224,234,7734(587.560)[I]: [6],0,26,45,51,399,-208,6447
(587.570)[I]: [5],0,4,12,0,-280,116,7875(587.570)[I]: [6],0,27,50,50,395,-210,6448
(587.580)[I]: [5],0,4,8,0,-337,-34,7933(587.580)[I]: [6],0,28,51,51,391,-212,6448
(587.590)[I]: [5],0,3,8,0,-404,-184,7948(587.590)[I]: [6],0,28,51,51,387,-214,6448
(587.600)[I]: [5],0,3,8,0,-474,-353,7943(587.600)[I]: [6],0,28,51,51,384,-215,6449
(587.610)[I]: [5],0,3,8,0,-554,-509,7936(587.610)[I]: [6],0,27,51,50,380,-217,6449
(587.620)[I]: [5],0,3,8,0,-638,-653,7938(587.620)[I]: [6],0,30,52,48,376,-219,6449
(587.630)[I]: [5],0,3,8,0,-724,-784,7952(587.630)[I]: [6],0,30,52,45,372,-220,6449
(587.640)[I]: [5],0,3,4,0,-809,-892,7978(587.640)[I]: [6],0,28,52,41,369,-222,6450
(587.650)[I]: [5],0,3,8,0,-888,-985,8008(587.650)[I]: [6],0,30,51,39,365,-224,6450
(587.660)[I]: [5],0,3,4,0,-954,-1069,8030(587.660)[I]: [6],0,27,52,38,361,-225,6450
(587.670)[I]: [5],0,3,4,1,-1003,-1152,8032(587.671)[I]: [6],0,27,51,34,358,-227,6450
(587.680)[I]: [5],0,3,4,1,-1028,-1241,8005(587.681)[I]: [6],0,25,49,31,354,-228,6451
(587.690)[I]: [5],0,3,4,1,-1026,-1327,7949(587.691)[I]: [6],0,24,49,31,351,-230,6451
(587.700)[I]: [5],0,3,4,1,-995,-1392,7876(587.701)[I]: [6],0,22,49,31,348,-229,6458
(587.710)[I]: [5],0,3,4,1,-944,-1437,7796(587.710)[I]: [6],0,19,50,31,347,-228,6466
(587.720)[I]: [5],0,3,4,1,-879,-1461,7712(587.720)[I]: [6],0,16,48,31,345,-226,6473
(587.730)[I]: [5],0,3,4,1,-805,-1462,7627(587.730)[I]: [6],0,17,45,31,344,-225,6480
(587.740)[I]: [5],0,3,4,1,-726,-1435,7544(587.741)[I]: [6],0,15,49,30,342,-223,6485
(587.750)[I]: [5],0,3,4,1,-647,-1386,7464(587.750)[I]: [6],0,14,46,28,340,-221,6487
(587.760)[I]: [5],0,3,0,1,-571,-1326,7379(587.760)[I]: [6],0,14,45,27,337,-222,6487
(587.770)[I]: [5],0,3,4,1,-501,-1257,7293(587.771)[I]: [6],0,12,47,26,333,-223,6488
(587.780)[I]: [5],0,3,0,1,-437,-1185,7200(587.780)[I]: [6],0,13,47,27,330,-224,6488
(587.790)[I]: [5],0,3,4,2,-383,-1110,7098(587.790)[I]: [6],0,11,47,28,327,-226,6488
(587.800)[I]: [5],0,3,4,2,-342,-1031,6982(587.800)[I]: [6],0,11,48,30,324,-227,6488
(587.810)[I]: [5],0,3,4,2,-317,-952,6852(587.810)[I]: [6],0,11,49,31,320,-229,6488
(587.820)[I]: [5],0,3,4,2,-305,-876,6713(587.820)[I]: [6],0,10,49,31,317,-230,6489
(587.830)[I]: [5],0,2,4,2,-303,-808,6565(587.830)[I]: [6],0,10,52,35,314,-233,6489
(587.840)[I]: [5],0,3,4,2,-310,-747,6415(587.840)[I]: [6],0,11,54,36,311,-234,6489
(587.850)[I]: [5],0,3,4,2,-317,-692,6261(587.850)[I]: [6],0,8,57,35,308,-235,6489
(587.860)[I]: [5],0,2,4,2,-321,-648,6107(587.860)[I]: [6],0,11,63,34,305,-237,6489
(587.870)[I]: [5],0,2,4,2,-316,-605,5952(587.870)[I]: [6],0,8,68,31,302,-238,6490
(587.880)[I]: [5],0,2,4,2,-301,-557,5798(587.880)[I]: [6],0,10,67,31,299,-239,6490
(587.890)[I]: [5],0,2,4,2,-279,-498,5646(587.890)[I]: [6],0,11,74,31,296,-240,6490
(587.900)[I]: [5],0,2,4,2,-258,-425,5496(587.900)[I]: [6],0,10,77,31,293,-241,6490
(587.910)[I]: [5],0,2,4,2,-243,-342,5347(587.910)[I]: [6],0,9,82,31,290,-242,6490
(587.920)[I]: [5],0,2,4,2,-237,-254,5196(587.920)[I]: [6],0,11,83,34,287,-243,6490
(587.930)[I]: [5],0,3,4,2,-242,-171,5048(587.930)[I]: [6],0,11,86,34,284,-245,6491
(587.940)[I]: [5],0,2,4,2,-254,-99,4904(587.940)[I]: [6],0,12,85,31,281,-246,6491
(587.950)[I]: [5],0,2,4,2,-269,-41,4771(587.950)[I]: [6],0,11,90,31,278,-247,6491
(587.960)[I]: [5],0,3,4,2,-285,1,4650(587.960)[I]: [6],0,11,94,28,276,-248,6491
(587.970)[I]: [5],0,3,4,2,-298,31,4542(587.970)[I]: [6],0,15,95,25,273,-250,6491
(587.980)[I]: [5],0,3,4,1,-307,58,4445(587.980)[I]: [6],0,13,95,23,270,-251,6491
(587.990)[I]: [5],0,3,0,1,-312,89,4358(587.990)[I]: [6],0,14,97,19,267,-252,6491
(587.999)[I]: [5],0,3,0,1,-316,129,4282(587.999)[I]: [6],0,14,104,18,265,-253,6492
(587.999)[I]: [5],0,3,0,1,-320,180,4216(587.999)[I]: [6],0,15,107,17,262,-254,6492
(587.999)[I]: [5],0,2,0,1,-323,233,4156(587.999)[I]: [6],0,16,106,17,260,-255,6492
(588.006)[I]: [5],0,2,0,1,-325,283,4099(588.006)[I]: [6],0,17,107,17,257,-256,6492
(588.016)[I]: [5],0,2,0,1,-328,324,4048(588.016)[I]: [6],0,17,106,16,254,-257,6492
(588.026)[I]: [5],0,3,0,1,-329,348,4006(588.026)[I]: [6],0,19,107,15,252,-258,6492
(588.036)[I]: [5],0,2,0,0,-328,352,3974(588.036)[I]: [6],0,20,112,14,249,-259,6492
(588.046)[I]: [5],0,2,0,1,-322,333,3952(588.046)[I]: [6],0,22,115,14,247,-261,6493
(588.056)[I]: [5],0,2,0,0,-311,294,3944(588.056)[I]: [6],0,24,118,13,244,-262,6493
(588.066)[I]: [5],0,1,0,6,-274,204,4149(588.066)[I]: [6],0,25,123,12,242,-263,6493
(588.076)[I]: [5],0,2,0,13,-245,73,4289(588.076)[I]: [6],0,25,125,11,241,-264,6490
(588.086)[I]: [5],0,1,0,14,-233,-17,4419(588.086)[I]: [6],0,28,126,8,241,-265,6483
(588.096)[I]: [5],0,1,4,13,-222,-110,4501(588.096)[I]: [6],0,31,132,5,241,-267,6475
(588.106)[I]: [5],0,1,4,11,-204,-178,4552(588.106)[I]: [6],0,37,142,4,241,-269,6463
(588.116)[I]: [5],0,2,4,10,-182,-205,4561(588.116)[I]: [6],0,40,149,4,241,-271,6451
(588.126)[I]: [5],0,3,4,10,-168,-196,4578(588.126)[I]: [6],0,42,159,3,240,-273,6437
(588.136)[I]: [5],0,2,4,13,-177,-174,4618(588.136)[I]: [6],0,45,161,2,241,-278,6422
(588.146)[I]: [5],0,3,4,18,-206,-166,4671(588.146)[I]: [6],0,49,170,3,241,-285,6405
(588.156)[I]: [5],0,4,12,19,-229,-171,4731(588.157)[I]: [6],0,53,172,2,242,-289,6387
(588.166)[I]: [5],0,6,28,20,-230,-182,4791(588.167)[I]: [6],0,63,169,2,244,-288,6363
(588.176)[I]: [5],0,9,44,20,-230,-206,4840(588.177)[I]: [6],0,59,168,2,249,-287,6341
(588.186)[I]: [5],0,11,60,24,-233,-222,4870(588.187)[I]: [6],0,61,148,2,252,-288,6277
(588.196)[I]: [5],0,13,60,31,-234,-214,4882(588.197)[I]: [6],1,56,132,2,257,-297,6175
(588.206)[I]: [5],0,17,68,47,-232,-201,4886(588.207)[I]: [6],1,52,116,2,263,-287,6056
(588.216)[I]: [5],0,22,68,57,-232,-197,4892(588.217)[I]: [6],0,42,86,2,268,-253,5926
(588.226)[I]: [5],0,23,84,66,-231,-196,4901(588.227)[I]: [6],0,31,60,2,265,-204,5784
(588.236)[I]: [5],0,26,92,69,-230,-195,4911(588.237)[I]: [6],0,23,31,2,262,-108,5630
(588.246)[I]: [5],0,25,108,70,-229,-193,4919(588.247)[I]: [6],0,17,21,2,271,12,5450
(588.256)[I]: [5],0,26,100,71,-227,-195,4919(588.257)[I]: [6],0,12,11,2,291,122,5252
(588.266)[I]: [5],0,28,112,71,-225,-196,4919(588.267)[I]: [6],0,8,11,2,323,232,5033
(588.276)[I]: [5],0,31,124,70,-222,-197,4919(588.277)[I]: [6],0,9,11,2,366,354,4804
(588.286)[I]: [5],0,38,124,70,-220,-197,4919(588.287)[I]: [6],0,12,8,2,419,464,4564
(588.296)[I]: [5],2,35,124,69,-218,-198,4919(588.297)[I]: [6],0,11,7,2,490,552,4341
(588.306)[I]: [5],1,38,124,67,-216,-200,4919(588.307)[I]: [6],0,6,7,2,580,582,4157
(588.316)[I]: [5],1,39,124,66,-214,-201,4919(588.317)[I]: [6],0,9,5,2,681,536,4016
(588.326)[I]: [5],1,36,124,65,-212,-202,4919(588.327)[I]: [6],0,10,6,3,793,439,3943
(588.336)[I]: [5],0,35,124,60,-209,-203,4919(588.337)[I]: [6],0,9,5,3,916,299,3895
(588.346)[I]: [5],0,33,136,55,-207,-204,4919(588.347)[I]: [6],0,9,5,3,1048,140,3851
(588.356)[I]: [5],0,31,140,50,-205,-204,4919(588.357)[I]: [6],0,10,5,3,1181,-16,3803
(588.366)[I]: [5],0,31,140,46,-203,-206,4919(588.367)[I]: [6],0,9,5,2,1308,-170,3758
(588.376)[I]: [5],0,28,140,46,-202,-203,4920(588.377)[I]: [6],0,9,4,3,1420,-322,3723
(588.386)[I]: [5],0,27,144,37,-200,-200,4921(588.387)[I]: [6],0,9,3,3,1510,-480,3703
(588.396)[I]: [5],0,27,148,27,-198,-201,4921(588.397)[I]: [6],0,9,3,3,1574,-644,3698
(588.406)[I]: [5],0,24,148,24,-196,-201,4921(588.407)[I]: [6],0,9,3,3,1609,-817,3712
(588.416)[I]: [5],0,27,148,20,-194,-202,4921(588.417)[I]: [6],0,9,3,3,1616,-994,3751
(588.426)[I]: [5],0,28,148,17,-192,-202,4921(588.427)[I]: [6],0,9,3,3,1593,-1164,3813
(588.436)[I]: [5],0,27,144,16,-190,-202,4921(588.437)[I]: [6],0,8,3,3,1539,-1316,3895
(588.446)[I]: [5],0,27,140,17,-188,-202,4921(588.447)[I]: [6],0,9,3,3,1457,-1435,3982
(588.456)[I]: [5],0,25,140,17,-187,-202,4921(588.457)[I]: [6],0,8,3,3,1357,-1519,4066
(588.466)[I]: [5],0,24,140,16,-185,-202,4921(588.467)[I]: [6],0,9,3,3,1245,-1565,4143
(588.476)[I]: [5],0,21,140,16,-183,-203,4921(588.477)[I]: [6],0,9,3,3,1130,-1574,4208
(588.486)[I]: [5],0,22,140,17,-181,-202,4921(588.487)[I]: [6],0,9,3,3,1017,-1549,4269
(588.496)[I]: [5],0,21,140,16,-179,-201,4921(588.497)[I]: [6],0,8,3,3,913,-1498,4337
(588.506)[I]: [5],0,21,140,16,-177,-202,4921(588.507)[I]: [6],0,9,3,3,822,-1429,4419
(588.516)[I]: [5],0,20,140,17,-176,-202,4921(588.517)[I]: [6],0,9,2,3,746,-1358,4516
(588.526)[I]: [5],0,19,144,18,-174,-203,4921(588.527)[I]: [6],0,9,2,3,685,-1299,4622
(588.536)[I]: [5],0,19,144,18,-172,-203,4921(588.537)[I]: [6],0,9,2,3,638,-1249,4730
(588.546)[I]: [5],0,19,148,19,-170,-203,4921(588.547)[I]: [6],0,9,3,3,602,-1202,4840
(588.556)[I]: [5],0,19,148,19,-169,-204,4921(588.557)[I]: [6],0,9,3,3,575,-1154,4957
(588.566)[I]: [5],0,21,152,19,-167,-206,4921(588.567)[I]: [6],0,8,3,3,559,-1101,5082
(588.576)[I]: [5],0,21,156,20,-165,-206,4921(588.577)[I]: [6],0,9,3,3,549,-1047,5215
(588.586)[I]: [5],0,21,160,21,-164,-206,4921(588.587)[I]: [6],0,9,3,3,538,-991,5355
(588.596)[I]: [5],0,21,168,23,-162,-207,4921(588.597)[I]: [6],0,9,3,3,523,-929,5499
(588.606)[I]: [5],0,21,172,24,-160,-207,4921(588.607)[I]: [6],0,9,3,3,506,-860,5645
(588.616)[I]: [5],0,22,172,25,-159,-208,4921(588.617)[I]: [6],0,9,2,3,487,-784,5792
(588.626)[I]: [5],0,22,176,26,-157,-209,4921(588.627)[I]: [6],0,9,2,3,465,-702,5943
(588.636)[I]: [5],0,21,176,26,-156,-210,4921(588.637)[I]: [6],0,9,2,3,441,-615,6094
(588.646)[I]: [5],0,21,176,26,-154,-210,4921(588.647)[I]: [6],0,10,3,3,415,-522,6247
(588.656)[I]: [5],0,20,180,27,-153,-211,4921(588.657)[I]: [6],0,9,3,3,392,-427,6396
(588.666)[I]: [5],0,21,180,27,-151,-211,4921(588.667)[I]: [6],0,7,2,3,375,-332,6540
(588.676)[I]: [5],0,20,180,26,-150,-211,4921(588.677)[I]: [6],0,8,3,3,362,-244,6678
(588.686)[I]: [5],0,20,184,23,-148,-211,4921(588.687)[I]: [6],0,10,3,3,353,-166,6809
(588.696)[I]: [5],0,21,180,23,-147,-211,4921(588.697)[I]: [6],0,10,3,3,345,-95,6931
(588.706)[I]: [5],0,21,184,20,-145,-211,4921(588.707)[I]: [6],0,10,3,3,339,-31,7046
(588.716)[I]: [5],0,21,188,20,-144,-211,4921(588.717)[I]: [6],0,9,3,3,330,27,7155
(588.726)[I]: [5],0,22,188,20,-142,-211,4921(588.727)[I]: [6],0,8,3,3,320,83,7263
(588.736)[I]: [5],0,22,188,20,-141,-211,4921(588.737)[I]: [6],0,8,3,3,305,138,7367
(588.746)[I]: [5],0,22,192,20,-139,-211,4921(588.747)[I]: [6],0,8,3,3,287,192,7466
(588.756)[I]: [5],0,22,196,20,-138,-212,4921(588.757)[I]: [6],0,8,2,3,262,241,7555
(588.766)[I]: [5],0,22,196,20,-137,-212,4921(588.767)[I]: [6],0,8,2,3,229,285,7633
(588.776)[I]: [5],0,23,192,20,-135,-212,4921(588.777)[I]: [6],0,8,2,3,186,322,7695
(588.786)[I]: [5],0,23,196,20,-134,-212,4921(588.787)[I]: [6],0,9,2,3,134,349,7742
(588.796)[I]: [5],0,24,196,20,-133,-212,4921(588.797)[I]: [6],0,9,2,3,77,362,7773
(588.806)[I]: [5],0,25,196,20,-131,-213,4921(588.807)[I]: [6],0,9,2,3,19,361,7787
(588.816)[I]: [5],0,27,192,20,-131,-215,4922(588.817)[I]: [6],0,9,2,3,-38,352,7790
(588.826)[I]: [5],0,30,188,20,-129,-215,4922(588.827)[I]: [6],0,9,2,3,-94,338,7787
(588.836)[I]: [5],0,36,188,19,-130,-221,4926(588.837)[I]: [6],0,8,2,3,-150,324,7781
(588.846)[I]: [5],0,38,192,18,-130,-227,4929(588.847)[I]: [6],0,8,2,3,-205,319,7762
(588.856)[I]: [5],0,42,192,16,-129,-230,4930(588.857)[I]: [6],0,10,3,3,-235,99,7545
(588.866)[I]: [5],2,55,196,16,-130,-235,4939(588.867)[I]: [6],0,8,2,4,-247,-44,7304
(588.876)[I]: [5],4,57,200,14,-129,-240,4949(588.877)[I]: [6],0,7,2,6,-216,-124,7146
(588.886)[I]: [5],3,63,208,11,-129,-244,4962(588.887)[I]: [6],0,6,2,6,-212,-156,7032
(588.896)[I]: [5],7,72,220,11,-129,-246,4980(588.897)[I]: [6],0,7,3,4,-227,-168,6970
(588.906)[I]: [5],11,83,232,8,-129,-248,5004(588.907)[I]: [6],0,8,3,4,-246,-172,6947
(588.916)[I]: [5],16,103,244,6,-130,-251,5029(588.917)[I]: [6],0,9,3,4,-261,-174,6923
(588.926)[I]: [5],20,115,248,4,-131,-252,5057(588.927)[I]: [6],0,9,4,4,-263,-181,6881
(588.936)[I]: [5],25,125,244,2,-132,-246,5088(588.937)[I]: [6],0,11,5,5,-250,-205,6807
(588.946)[I]: [5],31,143,252,0,-135,-234,5123(588.947)[I]: [6],0,9,9,7,-235,-242,6698
(588.956)[I]: [5],34,159,248,0,-140,-221,5163(588.957)[I]: [6],0,10,15,11,-220,-262,6619
(588.966)[I]: [5],39,170,236,0,-144,-220,5244(588.967)[I]: [6],0,11,22,13,-216,-279,6575
(588.976)[I]: [5],45,176,204,0,-149,-231,5363(588.977)[I]: [6],0,14,25,15,-215,-287,6557
(588.986)[I]: [5],49,163,180,0,-153,-231,5503(588.987)[I]: [6],0,15,31,20,-213,-287,6541
(588.996)[I]: [5],45,135,116,0,-155,-223,5660(588.997)[I]: [6],0,19,38,26,-210,-289,6525
(588.999)[I]: [5],39,93,68,0,-155,-203,5844(588.999)[I]: [6],0,17,46,30,-208,-292,6512
(588.999)[I]: [5],31,55,60,0,-148,-169,6049(588.999)[I]: [6],0,18,46,37,-207,-296,6502
(589.002)[I]: [5],25,28,32,0,-139,-114,6267(589.002)[I]: [6],0,24,46,39,-206,-299,6494
(589.012)[I]: [5],17,18,20,0,-142,-51,6484(589.012)[I]: [6],0,25,49,41,-204,-299,6486
(589.022)[I]: [5],11,10,28,0,-154,0,6696(589.022)[I]: [6],0,26,58,41,-203,-298,6480
(589.032)[I]: [5],12,5,12,0,-171,17,6908(589.032)[I]: [6],0,24,59,42,-201,-298,6480
(589.042)[I]: [5],5,3,16,0,-199,1,7120(589.042)[I]: [6],0,26,63,42,-199,-298,6480
(589.052)[I]: [5],2,4,16,0,-234,-41,7328(589.052)[I]: [6],0,31,68,41,-197,-299,6480
(589.062)[I]: [5],0,5,12,0,-304,-88,7498(589.062)[I]: [6],0,31,67,39,-195,-299,6480
(589.072)[I]: [5],0,5,12,0,-407,-164,7631(589.072)[I]: [6],0,36,75,37,-193,-300,6480
(589.082)[I]: [5],0,5,8,0,-533,-277,7696(589.082)[I]: [6],0,36,76,35,-191,-301,6480
(589.092)[I]: [5],0,6,8,0,-680,-393,7692(589.092)[I]: [6],0,36,75,31,-189,-301,6480
(589.102)[I]: [5],0,6,8,0,-841,-521,7653(589.102)[I]: [6],0,38,71,31,-187,-302,6480
(589.112)[I]: [5],0,7,8,0,-1011,-660,7607(589.112)[I]: [6],0,39,70,30,-185,-303,6480
(589.122)[I]: [5],0,6,8,0,-1187,-794,7575(589.122)[I]: [6],0,40,70,27,-183,-304,6480
(589.132)[I]: [5],0,6,8,0,-1361,-920,7562(589.132)[I]: [6],0,39,71,23,-182,-304,6480
(589.142)[I]: [5],0,6,4,0,-1526,-1041,7562(589.142)[I]: [6],0,39,73,20,-180,-305,6480
(589.152)[I]: [5],0,5,4,0,-1673,-1162,7563(589.152)[I]: [6],0,39,71,18,-178,-306,6480
(589.162)[I]: [5],0,5,4,0,-1789,-1287,7552(589.163)[I]: [6],0,38,70,16,-176,-306,6480
(589.172)[I]: [5],0,5,4,0,-1865,-1416,7522(589.173)[I]: [6],0,37,70,13,-174,-307,6480
(589.182)[I]: [5],0,5,8,0,-1897,-1536,7476(589.183)[I]: [6],0,37,70,12,-173,-308,6480
(589.192)[I]: [5],0,5,8,0,-1887,-1640,7423(589.192)[I]: [6],0,36,67,12,-171,-308,6480
(589.202)[I]: [5],0,5,8,0,-1843,-1727,7370(589.202)[I]: [6],0,36,66,12,-169,-309,6479
(589.212)[I]: [5],0,5,8,0,-1771,-1791,7319(589.212)[I]: [6],0,35,66,12,-168,-309,6479
(589.222)[I]: [5],0,5,8,0,-1677,-1831,7272(589.222)[I]: [6],0,34,63,11,-166,-310,6479
(589.232)[I]: [5],0,5,8,0,-1567,-1846,7231(589.232)[I]: [6],0,31,63,12,-164,-311,6479
(589.242)[I]: [5],0,4,12,0,-1447,-1839,7194(589.243)[I]: [6],0,34,63,10,-163,-311,6479
(589.252)[I]: [5],0,4,12,0,-1323,-1811,7158(589.253)[I]: [6],0,35,63,9,-161,-312,6479
(589.262)[I]: [5],0,3,8,0,-1199,-1765,7114(589.262)[I]: [6],0,35,62,9,-159,-313,6479
(589.272)[I]: [5],0,3,8,0,-1078,-1706,7060(589.273)[I]: [6],0,36,62,9,-158,-314,6479
(589.282)[I]: [5],0,3,12,0,-966,-1634,6989(589.282)[I]: [6],0,37,63,9,-156,-314,6479
(589.292)[I]: [5],0,3,8,0,-866,-1553,6902(589.292)[I]: [6],0,37,63,9,-155,-315,6479
(589.302)[I]: [5],0,4,4,0,-784,-1464,6800(589.302)[I]: [6],0,38,63,9,-153,-315,6479
(589.312)[I]: [5],0,4,4,0,-723,-1374,6687(589.312)[I]: [6],0,39,69,9,-152,-316,6479
(589.322)[I]: [5],0,3,4,0,-689,-1286,6564(589.322)[I]: [6],0,41,70,9,-150,-317,6479
(589.332)[I]: [5],0,4,4,0,-682,-1204,6432(589.332)[I]: [6],0,39,75,10,-149,-318,6479
(589.342)[I]: [5],0,3,4,0,-701,-1126,6292(589.342)[I]: [6],0,41,76,11,-147,-319,6479
(589.352)[I]: [5],0,3,4,0,-741,-1051,6148(589.352)[I]: [6],0,42,81,11,-146,-319,6479
(589.362)[I]: [5],0,3,4,0,-798,-978,6000(589.362)[I]: [6],1,44,83,11,-144,-320,6479
(589.372)[I]: [5],0,3,4,0,-861,-908,5854(589.372)[I]: [6],1,45,87,11,-143,-321,6479
(589.382)[I]: [5],0,3,4,0,-920,-844,5714(589.382)[I]: [6],1,49,89,11,-141,-321,6479
(589.392)[I]: [5],0,3,4,0,-967,-788,5586(589.392)[I]: [6],1,47,91,11,-140,-322,6479
(589.402)[I]: [5],0,3,4,0,-996,-738,5470(589.402)[I]: [6],1,49,90,11,-138,-323,6479
(589.412)[I]: [5],0,4,4,0,-1003,-696,5362(589.412)[I]: [6],1,54,93,11,-137,-323,6479
(589.422)[I]: [5],0,3,4,0,-986,-656,5258(589.422)[I]: [6],1,52,95,11,-136,-324,6479
(589.432)[I]: [5],0,3,4,0,-947,-610,5155(589.432)[I]: [6],2,57,95,10,-134,-325,6479
(589.442)[I]: [5],0,3,4,0,-894,-546,5048(589.442)[I]: [6],2,54,97,10,-133,-326,6479
(589.452)[I]: [5],0,3,4,0,-832,-462,4936(589.452)[I]: [6],1,52,99,8,-132,-326,6479
(589.462)[I]: [5],0,3,4,0,-765,-360,4823(589.462)[I]: [6],1,54,100,8,-130,-327,6479
(589.472)[I]: [5],0,3,4,0,-695,-246,4708(589.472)[I]: [6],2,57,99,8,-129,-327,6479
(589.482)[I]: [5],0,3,4,0,-627,-130,4592(589.482)[I]: [6],1,56,100,8,-128,-327,6479
(589.492)[I]: [5],0,3,4,0,-560,-17,4477(589.492)[I]: [6],2,55,101,8,-126,-328,6479
(589.502)[I]: [5],0,3,4,0,-497,86,4364(589.502)[I]: [6],2,55,103,7,-125,-328,6479
(589.512)[I]: [5],0,3,4,0,-437,180,4258(589.512)[I]: [6],2,55,103,7,-124,-329,6479
(589.522)[I]: [5],0,3,4,0,-383,264,4163(589.522)[I]: [6],1,55,103,7,-123,-329,6479
(589.532)[I]: [5],0,3,4,1,-340,356,4139(589.532)[I]: [6],2,54,103,7,-122,-330,6479
(589.542)[I]: [5],0,1,4,3,-256,243,4249(589.542)[I]: [6],2,54,105,6,-120,-331,6479
(589.552)[I]: [5],0,1,4,4,-188,167,4383(589.552)[I]: [6],1,54,103,6,-119,-332,6479
(589.562)[I]: [5],0,1,0,5,-149,59,4479(589.562)[I]: [6],3,52,106,6,-118,-332,6479
(589.572)[I]: [5],0,1,4,10,-107,-33,4558(589.572)[I]: [6],2,49,105,6,-117,-333,6479
(589.582)[I]: [5],0,1,8,12,-71,-106,4617(589.582)[I]: [6],1,49,101,6,-116,-334,6479
(589.592)[I]: [5],0,2,12,12,-54,-144,4639(589.592)[I]: [6],0,47,97,6,-114,-334,6479
(589.602)[I]: [5],0,3,12,14,-59,-176,4653(589.602)[I]: [6],0,45,93,6,-113,-335,6479
(589.612)[I]: [5],0,3,20,15,-65,-180,4663(589.613)[I]: [6],0,42,87,6,-112,-335,6479
(589.622)[I]: [5],0,3,12,15,-69,-176,4674(589.623)[I]: [6],0,40,84,6,-111,-335,6479
(589.632)[I]: [5],0,5,24,15,-70,-172,4686(589.633)[I]: [6],0,40,79,6,-110,-336,6479
(589.642)[I]: [5],0,4,44,15,-71,-168,4700(589.642)[I]: [6],0,39,73,6,-109,-337,6479
(589.652)[I]: [5],0,4,48,15,-72,-162,4715(589.652)[I]: [6],0,38,67,6,-108,-337,6479
(589.662)[I]: [5],0,7,60,15,-73,-155,4729(589.662)[I]: [6],0,35,63,6,-107,-338,6478
(589.672)[I]: [5],0,9,68,14,-73,-147,4741(589.672)[I]: [6],0,31,56,6,-106,-339,6478
(589.682)[I]: [5],0,11,76,15,-73,-140,4750(589.683)[I]: [6],0,31,53,5,-104,-341,6478
(589.692)[I]: [5],0,10,76,13,-74,-134,4759(589.693)[I]: [6],0,31,49,5,-103,-341,6478
(589.702)[I]: [5],0,12,72,13,-74,-132,4766(589.703)[I]: [6],0,31,48,5,-102,-342,6478
(589.712)[I]: [5],0,14,84,13,-75,-132,4774(589.713)[I]: [6],0,31,46,5,-101,-342,6478
(589.722)[I]: [5],0,18,92,13,-76,-133,4783(589.723)[I]: [6],0,31,47,6,-100,-344,6478
(589.732)[I]: [5],0,21,104,11,-78,-135,4793(589.733)[I]: [6],0,30,47,4,-99,-344,6478
(589.742)[I]: [5],0,20,112,11,-78,-138,4801(589.743)[I]: [6],0,30,46,4,-98,-344,6478
(589.752)[I]: [5],0,23,120,11,-78,-139,4808(589.753)[I]: [6],0,31,44,5,-97,-345,6478
(589.762)[I]: [5],0,23,116,10,-78,-138,4815(589.763)[I]: [6],0,30,42,4,-96,-347,6478
(589.772)[I]: [5],0,22,116,11,-78,-138,4822(589.773)[I]: [6],0,31,41,4,-95,-347,6478
(589.782)[I]: [5],0,25,124,10,-78,-137,4829(589.783)[I]: [6],0,31,39,5,-94,-347,6478
(589.792)[I]: [5],0,26,124,9,-78,-139,4829(589.793)[I]: [6],0,31,39,4,-94,-347,6478
(589.802)[I]: [5],1,25,124,8,-77,-140,4829(589.803)[I]: [6],0,31,37,4,-93,-348,6478
(589.812)[I]: [5],3,26,140,8,-76,-141,4829(589.813)[I]: [6],0,30,37,4,-92,-348,6478
(589.822)[I]: [5],5,25,140,7,-75,-142,4829(589.823)[I]: [6],0,31,38,4,-91,-349,6478
(589.832)[I]: [5],6,27,136,7,-74,-143,4829(589.833)[I]: [6],0,30,35,3,-90,-349,6478
(589.842)[I]: [5],7,29,144,7,-74,-144,4828(589.843)[I]: [6],0,30,37,4,-89,-350,6478
(589.852)[I]: [5],5,29,152,7,-74,-146,4831(589.853)[I]: [6],0,31,37,4,-88,-350,6478
(589.862)[I]: [5],6,30,152,6,-73,-148,4831(589.863)[I]: [6],0,31,36,4,-87,-351,6478
(589.872)[I]: [5],6,34,156,6,-72,-149,4831(589.873)[I]: [6],0,31,35,5,-86,-351,6478
(589.882)[I]: [5],6,33,160,6,-72,-150,4831(589.883)[I]: [6],0,31,37,4,-85,-352,6478
(589.892)[I]: [5],5,37,160,6,-71,-153,4831(589.893)[I]: [6],0,31,38,4,-85,-352,6478
(589.902)[I]: [5],5,39,156,5,-70,-155,4831(589.903)[I]: [6],0,31,37,4,-84,-352,6478
(589.912)[I]: [5],7,39,156,6,-69,-157,4831(589.913)[I]: [6],0,28,35,3,-83,-353,6478
(589.922)[I]: [5],7,40,160,6,-69,-159,4831(589.923)[I]: [6],0,27,34,4,-82,-353,6478
(589.932)[I]: [5],9,41,164,6,-68,-161,4831(589.933)[I]: [6],0,27,31,4,-81,-353,6478
(589.942)[I]: [5],9,43,164,5,-67,-163,4831(589.943)[I]: [6],0,26,31,4,-80,-354,6478
(589.952)[I]: [5],8,41,168,6,-67,-164,4831(589.953)[I]: [6],0,27,31,3,-80,-354,6478
(589.962)[I]: [5],9,43,168,6,-66,-165,4831(589.963)[I]: [6],0,27,31,3,-79,-355,6478
(589.972)[I]: [5],10,43,168,5,-65,-166,4831(589.973)[I]: [6],0,27,31,3,-78,-355,6478
(589.982)[I]: [5],9,42,172,5,-65,-166,4831(589.983)[I]: [6],0,26,34,3,-77,-355,6478
(589.992)[I]: [5],6,45,172,5,-64,-167,4831(589.993)[I]: [6],0,26,34,3,-76,-356,6478
(589.999)[I]: [5],6,45,172,5,-63,-168,4831(589.999)[I]: [6],0,26,35,3,-76,-356,6478
(589.999)[I]: [5],7,46,176,5,-63,-169,4830(589.999)[I]: [6],0,26,36,3,-75,-356,6478
(589.999)[I]: [5],7,46,176,5,-62,-170,4830(589.999)[I]: [6],0,26,37,3,-74,-357,6478
(590.008)[I]: [5],9,47,176,5,-61,-171,4830(590.008)[I]: [6],0,26,34,4,-73,-357,6478
(590.018)[I]: [5],9,46,176,5,-61,-172,4830(590.019)[I]: [6],0,27,36,4,-73,-357,6478
(590.028)[I]: [5],10,44,176,5,-60,-174,4830(590.029)[I]: [6],0,26,36,4,-72,-358,6478
(590.038)[I]: [5],9,44,176,5,-60,-175,4830(590.039)[I]: [6],0,27,38,4,-71,-358,6478
(590.048)[I]: [5],8,44,180,5,-59,-176,4830(590.049)[I]: [6],0,27,38,4,-71,-359,6478
(590.058)[I]: [5],7,46,176,5,-58,-177,4830(590.059)[I]: [6],0,27,39,4,-70,-359,6478
(590.068)[I]: [5],8,45,180,5,-58,-178,4830(590.069)[I]: [6],0,28,39,4,-69,-359,6478
(590.078)[I]: [5],9,46,180,5,-57,-179,4830(590.079)[I]: [6],0,28,38,4,-68,-359,6478
(590.088)[I]: [5],10,47,180,5,-57,-180,4830(590.089)[I]: [6],0,28,38,4,-68,-360,6478
(590.098)[I]: [5],11,48,180,5,-56,-181,4830(590.099)[I]: [6],0,29,37,4,-67,-360,6478
(590.108)[I]: [5],11,49,176,5,-56,-182,4830(590.109)[I]: [6],0,28,37,3,-66,-360,6478
(590.118)[I]: [5],10,49,176,5,-55,-183,4830(590.119)[I]: [6],0,28,38,4,-66,-360,6478
(590.128)[I]: [5],12,49,180,5,-54,-184,4830(590.129)[I]: [6],0,28,39,3,-65,-361,6478
(590.138)[I]: [5],13,49,180,5,-54,-185,4830(590.139)[I]: [6],0,28,38,3,-64,-361,6478
(590.148)[I]: [5],14,50,180,5,-53,-186,4830(590.149)[I]: [6],0,28,37,3,-64,-362,6478
(590.158)[I]: [5],13,52,184,5,-53,-187,4830(590.159)[I]: [6],0,28,37,4,-63,-362,6478
(590.168)[I]: [5],11,53,184,5,-52,-188,4830(590.169)[I]: [6],0,29,38,4,-62,-362,6478
(590.178)[I]: [5],9,53,184,5,-52,-189,4830(590.179)[I]: [6],0,29,39,4,-62,-363,6478
(590.188)[I]: [5],8,54,188,4,-51,-190,4830(590.189)[I]: [6],0,28,39,4,-61,-363,6478
(590.198)[I]: [5],5,54,188,5,-51,-191,4830(590.199)[I]: [6],0,28,39,3,-61,-363,6478
(590.208)[I]: [5],5,54,188,5,-50,-192,4830(590.209)[I]: [6],0,28,39,4,-60,-363,6478
(590.218)[I]: [5],6,54,188,5,-50,-192,4830(590.219)[I]: [6],0,28,39,3,-59,-363,6478
(590.228)[I]: [5],6,54,188,5,-49,-193,4830(590.229)[I]: [6],0,28,38,4,-59,-364,6478