(905.891)[I]: [5],0,23,72,17,0,-284,1208(905.891)[I]: [6],0,28,31,4,0,-251,-13832
(905.901)[I]: [5],0,22,72,17,0,-284,1208(905.901)[I]: [6],0,28,31,4,0,-251,-13832
(905.911)[I]: [5],0,23,72,16,0,-284,1208(905.911)[I]: [6],0,28,31,4,0,-250,-13832
(905.921)[I]: [5],0,22,72,16,0,-284,1208(905.921)[I]: [6],0,28,31,4,0,-250,-13832
(905.931)[I]: [5],0,22,72,17,0,-283,1208(905.931)[I]: [6],0,28,31,4,0,-250,-13832
(905.941)[I]: [5],0,22,72,16,0,-283,1208(905.941)[I]: [6],0,29,31,4,0,-250,-13832
(905.951)[I]: [5],0,22,72,16,0,-283,1208(905.951)[I]: [6],0,28,31,4,0,-250,-13832
(905.961)[I]: [5],0,22,72,16,0,-284,1208(905.961)[I]: [6],0,28,31,4,0,-250,-13832
(905.971)[I]: [5],0,22,72,16,0,-284,1208(905.971)[I]: [6],0,28,31,4,0,-250,-13832
(905.981)[I]: [5],0,22,72,17,0,-284,1208(905.981)[I]: [6],0,28,31,4,0,-250,-13832
(905.991)[I]: [5],0,22,72,17,0,-284,1208(905.991)[I]: [6],0,28,31,4,0,-250,-13832
(905.999)[I]: [5],0,21,72,16,0,-284,1208(905.999)[I]: [6],0,29,31,4,0,-250,-13832
(905.999)[I]: [5],0,22,72,17,0,-284,1208(905.999)[I]: [6],0,29,31,4,0,-250,-13832
(905.999)[I]: [5],0,22,72,17,0,-284,1208(905.999)[I]: [6],0,28,31,4,0,-251,-13832
(906.007)[I]: [5],0,22,72,17,0,-284,1208(906.007)[I]: [6],0,28,30,4,0,-251,-13832
(906.017)[I]: [5],0,21,72,17,0,-284,1208(906.017)[I]: [6],0,28,30,4,0,-251,-13832
(906.027)[I]: [5],0,21,72,17,0,-284,1208(906.027)[I]: [6],0,28,30,4,0,-251,-13832
(906.037)[I]: [5],0,21,72,17,0,-284,1208(906.037)[I]: [6],0,28,30,4,0,-251,-13832
(906.047)[I]: [5],0,21,72,17,0,-284,1208(906.047)[I]: [6],0,28,30,4,0,-251,-13832
(906.057)[I]: [5],0,21,72,17,0,-284,1208(906.057)[I]: [6],0,28,30,4,0,-251,-13832
(906.067)[I]: [5],0,21,72,17,0,-284,1208(906.067)[I]: [6],0,28,30,4,0,-251,-13832
(906.077)[I]: [5],0,21,72,17,0,-284,1208(906.077)[I]: [6],0,28,30,4,0,-251,-13832
(906.087)[I]: [5],0,21,72,17,0,-284,1208(906.087)[I]: [6],0,28,30,4,0,-251,-13832
(906.097)[I]: [5],0,21,68,17,0,-284,1208(906.097)[I]: [6],0,28,30,4,0,-251,-13832
(906.107)[I]: [5],0,21,68,17,0,-285,1208(906.107)[I]: [6],0,28,31,4,0,-251,-13832
(906.117)[I]: [5],0,21,72,17,0,-284,1208(906.117)[I]: [6],0,28,30,4,0,-252,-13832
(906.127)[I]: [5],0,21,72,17,0,-284,1208(906.127)[I]: [6],0,28,31,4,0,-252,-13832
(906.137)[I]: [5],0,21,72,17,0,-285,1208(906.137)[I]: [6],0,29,31,4,0,-252,-13832
(906.147)[I]: [5],0,21,68,17,0,-285,1208(906.147)[I]: [6],0,28,31,4,0,-251,-13832
(906.157)[I]: [5],0,21,72,17,0,-285,1208(906.157)[I]: [6],0,28,30,4,0,-251,-13832
(906.167)[I]: [5],0,21,68,17,0,-285,1208(906.167)[I]: [6],0,28,30,4,0,-251,-13832
(906.177)[I]: [5],0,21,72,17,0,-285,1208(906.177)[I]: [6],0,28,31,4,0,-251,-13832
(906.187)[I]: [5],0,21,72,17,0,-285,1208(906.187)[I]: [6],0,29,30,4,0,-251,-13832
(906.197)[I]: [5],0,21,68,17,0,-285,1208(906.197)[I]: [6],0,29,31,4,0,-251,-13832
(906.207)[I]: [5],0,21,68,17,0,-286,1208(906.207)[I]: [6],0,29,31,4,0,-251,-13832
(906.217)[I]: [5],0,21,72,17,0,-285,1208(906.217)[I]: [6],0,29,31,4,0,-251,-13832
(906.227)[I]: [5],0,21,72,17,0,-285,1208(906.227)[I]: [6],0,29,31,4,0,-251,-13832
(906.237)[I]: [5],0,21,72,17,0,-286,1208(906.237)[I]: [6],0,28,30,4,0,-251,-13832
(906.247)[I]: [5],0,22,68,17,0,-286,1208(906.247)[I]: [6],0,28,30,4,0,-251,-13832
(906.257)[I]: [5],0,22,72,17,0,-285,1208(906.257)[I]: [6],0,28,30,4,0,-251,-13832
(906.267)[I]: [5],0,22,72,17,0,-285,1208(906.267)[I]: [6],0,29,31,4,0,-251,-13832
(906.277)[I]: [5],0,21,72,17,0,-285,1208(906.277)[I]: [6],0,29,30,4,0,-251,-13832
(906.287)[I]: [5],0,22,72,17,0,-285,1208(906.287)[I]: [6],0,28,30,4,0,-251,-13832
(906.297)[I]: [5],0,22,72,17,0,-285,1208(906.297)[I]: [6],0,28,30,4,0,-250,-13832
(906.307)[I]: [5],0,22,72,17,0,-284,1208(906.307)[I]: [6],0,28,29,4,0,-250,-13832
(906.317)[I]: [5],0,22,72,17,0,-285,1208(906.317)[I]: [6],0,27,28,4,0,-250,-13832
(906.327)[I]: [5],0,21,72,17,0,-284,1208(906.327)[I]: [6],0,27,28,4,0,-250,-13832
(906.337)[I]: [5],0,22,72,17,0,-284,1208(906.337)[I]: [6],0,27,27,4,0,-250,-13832
(906.347)[I]: [5],0,22,72,17,0,-284,1208(906.347)[I]: [6],0,27,27,5,0,-250,-13832
(906.357)[I]: [5],0,22,72,17,0,-284,1208(906.357)[I]: [6],0,27,28,4,0,-250,-13832
(906.367)[I]: [5],0,22,72,17,0,-284,1208(906.367)[I]: [6],0,26,27,4,0,-250,-13832
(906.377)[I]: [5],0,22,72,17,0,-284,1208(906.377)[I]: [6],0,27,28,4,0,-250,-13832
(906.387)[I]: [5],0,22,72,18,0,-285,1208(906.387)[I]: [6],0,26,27,4,0,-250,-13832
(906.397)[I]: [5],0,22,76,17,0,-285,1208(906.397)[I]: [6],0,26,27,5,0,-250,-13832
(906.407)[I]: [5],0,22,76,18,0,-285,1208(906.407)[I]: [6],0,26,27,4,0,-250,-13832
(906.417)[I]: [5],0,22,80,18,0,-285,1208(906.417)[I]: [6],0,26,27,4,0,-250,-13832
(906.427)[I]: [5],0,22,80,17,0,-284,1208(906.427)[I]: [6],0,26,26,4,0,-250,-13832
(906.437)[I]: [5],0,22,80,19,0,-284,1208(906.437)[I]: [6],0,26,26,5,0,-250,-13832
(906.447)[I]: [5],0,22,80,18,0,-284,1208(906.447)[I]: [6],0,25,24,4,0,-250,-13832
(906.457)[I]: [5],0,22,84,19,0,-284,1208(906.457)[I]: [6],0,24,23,4,0,-250,-13832
(906.467)[I]: [5],0,23,84,19,0,-284,1208(906.467)[I]: [6],0,23,22,4,0,-250,-13832
(906.477)[I]: [5],0,23,84,19,0,-284,1208(906.477)[I]: [6],0,21,22,5,0,-250,-13832
(906.487)[I]: [5],0,23,88,19,0,-283,1208(906.487)[I]: [6],0,22,21,5,0,-249,-13832
(906.497)[I]: [5],0,24,96,20,0,-283,1208(906.497)[I]: [6],0,21,21,5,0,-249,-13832
(906.507)[I]: [5],0,24,96,19,0,-283,1208(906.507)[I]: [6],0,19,20,4,0,-249,-13832
(906.517)[I]: [5],0,24,100,20,0,-282,1208(906.517)[I]: [6],0,18,18,5,0,-250,-13832
(906.527)[I]: [5],0,25,100,20,0,-282,1208(906.527)[I]: [6],0,17,17,4,0,-249,-13832
(906.537)[I]: [5],0,25,104,20,0,-281,1208(906.537)[I]: [6],0,17,18,4,0,-248,-13832
(906.547)[I]: [5],0,26,108,19,0,-281,1208(906.547)[I]: [6],0,17,15,4,0,-248,-13832
(906.557)[I]: [5],0,27,108,19,0,-280,1208(906.557)[I]: [6],0,17,15,4,0,-248,-13832
(906.567)[I]: [5],0,27,112,18,0,-280,1208(906.567)[I]: [6],0,17,15,4,0,-248,-13832
(906.577)[I]: [5],0,28,112,18,0,-280,1208(906.578)[I]: [6],0,17,14,4,0,-248,-13832
(906.587)[I]: [5],0,29,112,18,0,-280,1208(906.587)[I]: [6],0,17,12,4,0,-248,-13832
(906.597)[I]: [5],0,29,112,17,0,-280,1208(906.598)[I]: [6],0,17,11,4,0,-249,-13832
(906.607)[I]: [5],0,29,116,17,0,-279,1208(906.607)[I]: [6],0,17,9,4,0,-250,-13832
(906.617)[I]: [5],0,29,120,16,0,-279,1208(906.618)[I]: [6],0,17,9,4,0,-250,-13832
(906.627)[I]: [5],0,31,124,16,0,-279,1208(906.628)[I]: [6],0,17,9,4,0,-249,-13832
(906.637)[I]: [5],0,31,124,16,0,-279,1208(906.638)[I]: [6],0,16,10,4,0,-249,-13832
(906.647)[I]: [5],0,31,124,16,0,-279,1208(906.648)[I]: [6],0,17,10,4,0,-249,-13832
(906.657)[I]: [5],0,33,124,15,0,-279,1208(906.658)[I]: [6],0,17,10,4,0,-249,-13832
(906.667)[I]: [5],0,35,124,13,0,-279,1208(906.668)[I]: [6],0,17,11,4,0,-249,-13832
(906.677)[I]: [5],0,38,124,11,0,-280,1214(906.678)[I]: [6],0,17,11,4,0,-249,-13832
(906.687)[I]: [5],0,39,124,10,0,-282,1221(906.687)[I]: [6],0,18,11,5,0,-249,-13832
(906.697)[I]: [5],0,39,124,8,0,-283,1229(906.697)[I]: [6],0,18,11,5,0,-249,-13832
(906.707)[I]: [5],3,41,124,7,0,-284,1237(906.707)[I]: [6],0,19,12,6,0,-249,-13832
(906.717)[I]: [5],6,41,124,9,0,-283,1250(906.717)[I]: [6],0,20,13,7,0,-249,-13832
(906.727)[I]: [5],7,41,124,6,0,-280,1268(906.727)[I]: [6],0,21,14,7,0,-249,-13832
(906.737)[I]: [5],5,41,124,5,-1,-272,1288(906.738)[I]: [6],0,23,19,7,0,-250,-13832
(906.747)[I]: [5],5,42,124,1,-2,-264,1312(906.748)[I]: [6],0,24,21,9,0,-250,-13832
(906.757)[I]: [5],5,42,116,0,-3,-254,1337(906.757)[I]: [6],0,26,22,10,0,-250,-13832
(906.767)[I]: [5],6,41,112,0,-6,-238,1376(906.767)[I]: [6],0,28,26,11,0,-250,-13832
(906.777)[I]: [5],5,36,100,0,-9,-238,1450(906.777)[I]: [6],0,29,26,12,0,-250,-13832
(906.787)[I]: [5],5,31,76,0,-12,-238,1546(906.788)[I]: [6],0,29,31,13,0,-249,-13832
(906.797)[I]: [5],5,27,60,0,-14,-237,1662(906.798)[I]: [6],0,29,31,15,0,-247,-13832
(906.807)[I]: [5],5,19,32,0,-14,-221,1799(906.807)[I]: [6],0,31,34,17,0,-247,-13832
(906.817)[I]: [5],5,12,12,0,-14,-177,1956(906.817)[I]: [6],0,31,39,18,0,-246,-13832
(906.827)[I]: [5],3,9,16,0,-21,-111,2119(906.827)[I]: [6],0,31,40,20,0,-245,-13832
(906.837)[I]: [5],2,8,16,0,-35,-51,2284(906.837)[I]: [6],0,34,43,21,0,-245,-13832
(906.847)[I]: [5],0,5,12,0,-52,0,2460(906.847)[I]: [6],0,31,48,24,0,-245,-13832
(906.857)[I]: [5],0,6,12,0,-67,19,2653(906.857)[I]: [6],0,36,51,28,0,-245,-13832
(906.867)[I]: [5],0,6,12,0,-83,15,2824(906.867)[I]: [6],0,37,54,30,0,-244,-13832
(906.877)[I]: [5],0,3,8,0,-121,-7,2967(906.877)[I]: [6],0,38,57,34,0,-243,-13832
(906.887)[I]: [5],0,3,12,0,-175,-84,3051(906.887)[I]: [6],0,37,60,35,0,-242,-13832
(906.897)[I]: [5],0,3,16,0,-246,-172,3071(906.897)[I]: [6],0,37,60,35,0,-242,-13832
(906.907)[I]: [5],0,3,12,0,-334,-262,3061(906.907)[I]: [6],0,37,58,35,0,-241,-13832
(906.917)[I]: [5],0,3,12,0,-441,-344,3045(906.917)[I]: [6],0,38,59,34,0,-241,-13832
(906.927)[I]: [5],0,3,12,0,-561,-418,3026(906.927)[I]: [6],0,38,54,31,0,-240,-13832
(906.937)[I]: [5],0,3,8,0,-687,-491,2999(906.937)[I]: [6],0,37,52,31,0,-240,-13832
(906.947)[I]: [5],0,3,8,0,-810,-566,2960(906.947)[I]: [6],0,36,51,31,0,-240,-13832
(906.957)[I]: [5],0,3,8,0,-925,-646,2914(906.957)[I]: [6],0,35,50,31,0,-240,-13832
(906.967)[I]: [5],0,3,8,0,-1024,-729,2868(906.967)[I]: [6],0,35,51,30,0,-240,-13832
(906.977)[I]: [5],0,3,4,0,-1102,-817,2821(906.977)[I]: [6],0,34,50,28,0,-240,-13832
(906.987)[I]: [5],0,3,8,0,-1152,-914,2766(906.987)[I]: [6],0,31,51,26,0,-240,-13832
(906.997)[I]: [5],0,3,4,0,-1170,-1011,2707(906.997)[I]: [6],0,31,51,25,0,-239,-13832
(906.999)[I]: [5],0,3,12,0,-1157,-1098,2648(906.999)[I]: [6],0,31,53,23,0,-239,-13832
(906.999)[I]: [5],0,3,12,0,-1116,-1165,2596(906.999)[I]: [6],0,30,55,22,0,-239,-13832
(907.003)[I]: [5],0,3,8,0,-1056,-1204,2553(907.003)[I]: [6],0,30,59,21,0,-239,-13832
(907.013)[I]: [5],0,3,8,0,-983,-1209,2521(907.013)[I]: [6],0,29,60,20,0,-238,-13832
(907.023)[I]: [5],0,3,8,0,-901,-1179,2498(907.023)[I]: [6],0,28,62,19,0,-237,-13832
(907.033)[I]: [5],0,3,8,0,-817,-1123,2478(907.033)[I]: [6],0,28,61,19,0,-237,-13832
(907.043)[I]: [5],0,3,8,0,-734,-1047,2457(907.043)[I]: [6],0,29,61,19,0,-236,-13832
(907.053)[I]: [5],0,3,8,0,-653,-962,2430(907.053)[I]: [6],0,29,63,19,0,-235,-13832
(907.063)[I]: [5],0,3,8,0,-580,-875,2394(907.063)[I]: [6],0,29,63,19,0,-235,-13832
(907.073)[I]: [5],0,3,8,0,-517,-791,2349(907.073)[I]: [6],0,30,62,19,0,-234,-13832
(907.083)[I]: [5],0,2,8,0,-468,-712,2291(907.083)[I]: [6],0,29,62,19,0,-234,-13832
(907.093)[I]: [5],0,3,8,0,-435,-641,2218(907.093)[I]: [6],0,29,62,20,0,-234,-13832
(907.103)[I]: [5],0,3,8,0,-418,-580,2134(907.103)[I]: [6],0,28,62,21,0,-234,-13832
(907.113)[I]: [5],0,2,8,0,-414,-529,2040(907.113)[I]: [6],0,28,62,22,0,-234,-13832
(907.123)[I]: [5],0,3,8,0,-420,-488,1940(907.123)[I]: [6],0,28,62,22,0,-233,-13832
(907.133)[I]: [5],0,3,8,0,-434,-453,1835(907.133)[I]: [6],0,28,62,22,0,-233,-13832
(907.143)[I]: [5],0,3,8,0,-451,-418,1725(907.143)[I]: [6],0,27,62,22,0,-233,-13832
(907.153)[I]: [5],0,3,8,0,-469,-386,1613(907.153)[I]: [6],0,27,62,23,0,-233,-13832
(907.163)[I]: [5],0,3,8,0,-484,-351,1504(907.163)[I]: [6],0,26,62,25,0,-232,-13832
(907.173)[I]: [5],0,3,8,0,-495,-311,1399(907.173)[I]: [6],0,26,62,25,0,-232,-13832
(907.183)[I]: [5],0,3,4,0,-503,-266,1298(907.183)[I]: [6],0,25,62,25,0,-232,-13832
(907.193)[I]: [5],0,3,4,0,-508,-218,1197(907.193)[I]: [6],0,25,62,25,0,-232,-13832
(907.203)[I]: [5],0,3,4,0,-509,-171,1095(907.203)[I]: [6],0,25,62,27,0,-232,-13832
(907.213)[I]: [5],0,3,4,0,-509,-127,991(907.213)[I]: [6],0,23,62,27,0,-231,-13832
(907.223)[I]: [5],0,3,4,0,-509,-81,892(907.223)[I]: [6],0,23,60,27,0,-231,-13832
(907.233)[I]: [5],0,3,4,0,-513,-40,799(907.233)[I]: [6],0,21,59,29,0,-231,-13832
(907.243)[I]: [5],0,3,4,0,-519,-8,719(907.243)[I]: [6],0,21,59,29,0,-230,-13832
(907.253)[I]: [5],0,3,4,0,-525,13,653(907.253)[I]: [6],0,21,59,29,0,-230,-13832
(907.263)[I]: [5],0,3,4,0,-531,24,598(907.263)[I]: [6],0,20,59,31,0,-230,-13832
(907.273)[I]: [5],0,3,4,0,-535,32,551(907.273)[I]: [6],0,19,59,31,0,-230,-13832
(907.283)[I]: [5],0,3,0,0,-533,37,514(907.283)[I]: [6],0,18,59,31,0,-230,-13832
(907.293)[I]: [5],0,2,0,0,-520,40,489(907.293)[I]: [6],0,18,59,31,0,-229,-13832
(907.303)[I]: [5],0,3,0,0,-496,42,475(907.303)[I]: [6],0,18,58,31,0,-229,-13832
(907.313)[I]: [5],0,2,4,0,-461,39,472(907.313)[I]: [6],0,17,57,31,0,-228,-13832
(907.323)[I]: [5],0,2,0,0,-418,28,475(907.323)[I]: [6],0,17,56,31,0,-228,-13832
(907.333)[I]: [5],0,2,0,0,-371,4,480(907.333)[I]: [6],0,18,57,31,0,-227,-13832
(907.343)[I]: [5],0,2,4,0,-322,-24,482(907.343)[I]: [6],0,20,58,35,0,-227,-13832
(907.353)[I]: [5],0,2,4,0,-272,-53,480(907.353)[I]: [6],0,21,59,31,0,-227,-13832
(907.363)[I]: [5],0,2,4,0,-222,-75,472(907.363)[I]: [6],0,22,60,31,0,-227,-13832
(907.373)[I]: [5],0,2,4,0,-172,-89,462(907.373)[I]: [6],0,24,61,31,0,-227,-13832
(907.383)[I]: [5],0,3,4,7,-117,33,561(907.383)[I]: [6],0,25,62,31,0,-227,-13832
(907.393)[I]: [5],0,3,4,8,-43,38,584(907.393)[I]: [6],0,25,63,28,0,-227,-13832
(907.403)[I]: [5],0,3,0,9,0,44,630(907.403)[I]: [6],0,26,63,27,0,-227,-13832
(907.413)[I]: [5],0,3,0,6,19,30,668(907.413)[I]: [6],0,27,66,24,0,-227,-13832
(907.423)[I]: [5],0,3,0,6,21,11,698(907.423)[I]: [6],0,27,69,21,0,-226,-13832
(907.433)[I]: [5],0,3,0,5,17,-12,734(907.433)[I]: [6],0,28,72,19,0,-226,-13832
(907.443)[I]: [5],0,3,0,3,14,-32,781(907.443)[I]: [6],0,31,74,17,0,-225,-13832
(907.453)[I]: [5],0,3,0,4,13,-48,838(907.453)[I]: [6],0,31,79,15,0,-224,-13832
(907.463)[I]: [5],0,3,0,5,17,-58,902(907.463)[I]: [6],0,35,84,12,1,-225,-13838
(907.473)[I]: [5],0,3,0,6,33,-67,974(907.473)[I]: [6],0,40,91,9,1,-226,-13845
(907.483)[I]: [5],0,3,0,7,60,-77,1052(907.483)[I]: [6],0,42,95,6,1,-228,-13852
(907.493)[I]: [5],0,5,12,7,86,-94,1124(907.493)[I]: [6],0,45,102,5,2,-229,-13860
(907.503)[I]: [5],0,5,12,8,85,-103,1163(907.503)[I]: [6],0,47,108,5,3,-231,-13872
(907.513)[I]: [5],0,5,12,8,81,-121,1178(907.513)[I]: [6],0,50,113,3,3,-234,-13884
(907.523)[I]: [5],0,5,12,8,79,-121,1185(907.523)[I]: [6],0,54,125,3,5,-238,-13897
(907.533)[I]: [5],0,4,16,8,79,-116,1176(907.533)[I]: [6],0,58,133,2,5,-239,-13910
(907.543)[I]: [5],0,3,16,8,77,-117,1165(907.543)[I]: [6],0,61,140,2,6,-241,-13926
(907.553)[I]: [5],0,4,24,8,75,-119,1160(907.553)[I]: [6],0,70,145,1,6,-240,-13947
(907.563)[I]: [5],0,4,24,10,73,-122,1163(907.564)[I]: [6],0,74,157,1,7,-230,-13971
(907.573)[I]: [5],0,7,24,10,70,-128,1173(907.573)[I]: [6],0,78,159,1,7,-196,-14004
(907.583)[I]: [5],0,8,36,10,68,-131,1185(907.584)[I]: [6],0,81,170,1,8,-155,-14044
(907.593)[I]: [5],0,7,40,10,66,-133,1197(907.593)[I]: [6],0,85,169,1,10,-125,-14082
(907.603)[I]: [5],0,11,44,10,63,-133,1208(907.604)[I]: [6],2,85,167,1,10,-116,-14145
(907.613)[I]: [5],0,11,52,11,62,-132,1218(907.614)[I]: [6],2,84,157,1,12,-97,-14237
(907.623)[I]: [5],0,13,60,13,59,-130,1225(907.624)[I]: [6],3,84,142,1,13,-74,-14351
(907.633)[I]: [5],0,14,68,17,58,-131,1225(907.634)[I]: [6],3,79,120,1,14,-44,-14478
(907.643)[I]: [5],0,18,60,18,58,-131,1225(907.644)[I]: [6],3,67,102,1,16,6,-14616
(907.653)[I]: [5],0,20,56,20,57,-132,1225(907.654)[I]: [6],3,59,75,0,18,58,-14769
(907.663)[I]: [5],0,23,68,20,55,-132,1229(907.664)[I]: [6],6,39,57,0,19,101,-14932
(907.673)[I]: [5],5,25,68,21,54,-133,1239(907.674)[I]: [6],3,33,31,0,26,148,-15110
(907.683)[I]: [5],7,31,76,22,53,-135,1245(907.684)[I]: [6],3,26,28,0,33,193,-15293
(907.693)[I]: [5],6,35,72,25,53,-137,1245(907.694)[I]: [6],3,23,25,0,29,223,-15490
(907.703)[I]: [5],8,39,76,27,52,-138,1245(907.704)[I]: [6],4,19,18,0,28,260,-15686
(907.713)[I]: [5],8,40,80,28,52,-137,1245(907.714)[I]: [6],1,15,14,1,38,308,-15883
(907.723)[I]: [5],10,43,84,31,51,-137,1245(907.724)[I]: [6],0,15,12,1,57,353,-16074
(907.733)[I]: [5],12,41,84,33,51,-137,1245(907.734)[I]: [6],0,14,11,1,90,411,-16258
(907.743)[I]: [5],12,43,84,40,50,-138,1245(907.744)[I]: [6],0,12,9,1,145,474,-16430
(907.753)[I]: [5],12,47,80,42,50,-139,1245(907.754)[I]: [6],0,11,7,2,224,511,-16546
(907.763)[I]: [5],13,51,76,45,49,-139,1245(907.764)[I]: [6],0,12,7,2,333,511,-16626
(907.773)[I]: [5],12,53,76,46,49,-139,1245(907.774)[I]: [6],0,12,6,2,454,442,-16678
(907.783)[I]: [5],10,53,76,45,48,-140,1245(907.784)[I]: [6],0,12,5,1,592,348,-16690
(907.793)[I]: [5],10,55,76,47,48,-141,1245(907.794)[I]: [6],0,12,5,1,746,240,-16695
(907.803)[I]: [5],10,58,76,45,47,-141,1245(907.804)[I]: [6],0,12,4,1,917,126,-16701
(907.813)[I]: [5],12,62,76,44,47,-142,1245(907.814)[I]: [6],0,11,5,1,1098,7,-16711
(907.823)[I]: [5],13,61,76,42,46,-142,1245(907.824)[I]: [6],0,11,4,1,1278,-120,-16720
(907.833)[I]: [5],14,60,76,40,46,-143,1245(907.834)[I]: [6],0,11,4,1,1444,-256,-16724
(907.843)[I]: [5],14,61,76,33,45,-143,1245(907.844)[I]: [6],0,11,4,1,1586,-396,-16717
(907.853)[I]: [5],15,63,76,27,45,-144,1245(907.854)[I]: [6],0,12,3,1,1694,-539,-16695
(907.863)[I]: [5],15,63,76,26,44,-144,1245(907.864)[I]: [6],0,11,3,1,1772,-683,-16662
(907.873)[I]: [5],15,63,76,24,44,-144,1245(907.874)[I]: [6],0,11,2,1,1817,-831,-16617
(907.883)[I]: [5],15,65,76,21,44,-145,1245(907.884)[I]: [6],0,10,2,1,1832,-980,-16561
(907.893)[I]: [5],17,65,76,20,43,-146,1245(907.894)[I]: [6],0,11,2,1,1823,-1124,-16496
(907.903)[I]: [5],17,63,76,19,43,-146,1248(907.904)[I]: [6],0,11,2,1,1794,-1250,-16423
(907.913)[I]: [5],17,63,80,18,43,-146,1251(907.914)[I]: [6],0,11,3,1,1746,-1351,-16347
(907.923)[I]: [5],15,63,84,16,43,-146,1254(907.924)[I]: [6],0,11,3,1,1693,-1415,-16267
(907.933)[I]: [5],15,63,88,13,42,-146,1254(907.934)[I]: [6],0,11,3,1,1629,-1443,-16180
(907.943)[I]: [5],15,63,92,12,42,-147,1254(907.944)[I]: [6],0,10,3,1,1560,-1433,-16086
(907.953)[I]: [5],15,62,96,12,41,-147,1254(907.954)[I]: [6],0,10,3,1,1482,-1400,-15988
(907.963)[I]: [5],14,62,100,10,41,-148,1254(907.964)[I]: [6],0,11,3,1,1399,-1348,-15886
(907.973)[I]: [5],14,59,100,10,40,-148,1254(907.974)[I]: [6],0,11,3,1,1312,-1286,-15779
(907.983)[I]: [5],13,56,104,10,40,-149,1254(907.984)[I]: [6],0,10,3,1,1222,-1220,-15668
(907.993)[I]: [5],15,56,108,10,40,-149,1254(907.994)[I]: [6],0,10,3,1,1135,-1153,-15551
(907.999)[I]: [5],12,55,116,10,39,-149,1254(907.999)[I]: [6],0,10,2,1,1052,-1083,-15427
(907.999)[I]: [5],12,55,120,10,39,-149,1254(907.999)[I]: [6],0,10,3,1,974,-1006,-15295
(907.999)[I]: [5],10,54,120,10,38,-149,1254(908.000)[I]: [6],0,10,3,1,903,-927,-15154
(908.009)[I]: [5],10,53,124,10,38,-149,1254(908.010)[I]: [6],0,10,3,1,843,-844,-15006
(908.019)[I]: [5],9,51,124,9,38,-149,1254(908.020)[I]: [6],0,9,3,1,799,-762,-14851
(908.029)[I]: [5],9,50,140,9,37,-150,1254(908.030)[I]: [6],0,9,3,1,771,-691,-14689
(908.039)[I]: [5],9,50,140,9,37,-150,1254(908.039)[I]: [6],0,9,4,1,767,-627,-14526
(908.049)[I]: [5],10,49,140,10,37,-150,1254(908.050)[I]: [6],0,9,4,1,781,-572,-14365
(908.059)[I]: [5],11,47,140,9,36,-150,1254(908.060)[I]: [6],0,9,4,1,811,-534,-14206
(908.069)[I]: [5],10,47,148,9,36,-151,1254(908.070)[I]: [6],0,10,4,1,843,-508,-14054
(908.079)[I]: [5],12,48,148,9,35,-151,1254(908.080)[I]: [6],0,10,4,1,870,-490,-13916
(908.089)[I]: [5],12,48,152,9,35,-151,1254(908.090)[I]: [6],0,9,4,1,883,-468,-13792
(908.099)[I]: [5],12,48,160,9,35,-152,1254(908.100)[I]: [6],0,9,4,1,879,-434,-13679
(908.109)[I]: [5],12,47,168,9,34,-153,1254(908.110)[I]: [6],0,9,3,1,854,-378,-13576
(908.119)[I]: [5],12,46,172,9,34,-153,1254(908.120)[I]: [6],0,9,4,2,811,-303,-13475
(908.129)[I]: [5],12,45,176,9,34,-153,1254(908.130)[I]: [6],0,8,3,1,757,-218,-13367
(908.139)[I]: [5],12,45,180,9,33,-153,1254(908.140)[I]: [6],0,9,4,1,701,-132,-13256
(908.149)[I]: [5],11,43,180,8,33,-153,1254(908.150)[I]: [6],0,8,4,2,652,-54,-13149
(908.159)[I]: [5],10,43,188,9,33,-153,1254(908.160)[I]: [6],0,9,3,2,611,10,-13052
(908.169)[I]: [5],10,42,188,8,32,-153,1254(908.170)[I]: [6],0,9,3,1,583,62,-12968
(908.179)[I]: [5],10,41,192,9,32,-152,1254(908.180)[I]: [6],0,9,3,2,566,97,-12902
(908.189)[I]: [5],8,40,192,8,32,-151,1254(908.190)[I]: [6],0,9,3,1,561,119,-12860
(908.199)[I]: [5],9,39,196,9,31,-150,1254(908.200)[I]: [6],0,9,3,1,563,125,-12850
(908.209)[I]: [5],8,38,200,9,31,-150,1254(908.210)[I]: [6],0,7,3,2,571,120,-12866
(908.219)[I]: [5],9,37,204,8,31,-149,1254(908.220)[I]: [6],0,9,3,2,582,112,-12888
(908.229)[I]: [5],9,37,212,8,30,-149,1254(908.230)[I]: [6],0,9,3,2,591,110,-12905
(908.239)[I]: [5],9,37,216,9,30,-149,1254(908.240)[I]: [6],0,9,3,2,595,123,-12903
(908.249)[I]: [5],8,38,220,9,30,-150,1254(908.250)[I]: [6],0,9,3,2,595,147,-12885
(908.259)[I]: [5],7,37,220,9,29,-150,1254(908.260)[I]: [6],0,9,3,2,628,-35,-12983
(908.269)[I]: [5],6,36,228,8,29,-150,1254(908.270)[I]: [6],0,8,3,2,556,-194,-13125
(908.279)[I]: [5],6,35,232,9,29,-149,1254(908.280)[I]: [6],0,8,4,3,550,-336,-13253
(908.289)[I]: [5],5,36,232,8,29,-149,1254(908.290)[I]: [6],0,6,4,2,558,-361,-13322
(908.299)[I]: [5],6,37,236,6,28,-145,1260(908.300)[I]: [6],0,7,5,2,553,-375,-13363
(908.309)[I]: [5],5,37,244,8,28,-142,1267(908.310)[I]: [6],0,9,5,2,555,-366,-13394
(908.319)[I]: [5],7,39,248,6,27,-141,1276(908.320)[I]: [6],0,10,5,2,578,-348,-13439
(908.329)[I]: [5],8,42,252,7,26,-141,1287(908.330)[I]: [6],0,10,4,2,612,-329,-13500
(908.339)[I]: [5],9,46,252,6,25,-142,1301(908.340)[I]: [6],0,9,5,2,648,-322,-13568
(908.349)[I]: [5],12,48,252,4,24,-142,1318(908.350)[I]: [6],0,9,7,3,672,-327,-13640
(908.359)[I]: [5],18,54,272,3,23,-141,1341(908.360)[I]: [6],0,12,10,3,677,-346,-13700
(908.369)[I]: [5],24,63,284,0,23,-139,1372(908.370)[I]: [6],0,15,9,3,673,-364,-13743
(908.379)[I]: [5],31,68,284,0,21,-122,1410(908.380)[I]: [6],0,14,8,3,671,-381,-13765
(908.389)[I]: [5],39,74,280,0,16,-80,1455(908.390)[I]: [6],0,15,8,3,673,-394,-13771
(908.399)[I]: [5],51,76,264,0,13,-61,1527(908.400)[I]: [6],0,15,8,2,666,-398,-13770
(908.409)[I]: [5],60,76,252,0,12,-68,1625(908.410)[I]: [6],0,16,9,3,661,-397,-13773
(908.419)[I]: [5],67,73,240,0,10,-54,1732(908.420)[I]: [6],0,17,9,3,661,-400,-13781
(908.429)[I]: [5],73,71,240,0,9,-25,1847(908.429)[I]: [6],0,17,11,3,662,-403,-13791
(908.439)[I]: [5],77,69,200,0,9,9,1977(908.439)[I]: [6],0,20,12,3,662,-408,-13803
(908.449)[I]: [5],83,55,176,0,16,37,2121(908.450)[I]: [6],0,23,12,3,661,-413,-13815
(908.459)[I]: [5],83,41,156,0,28,79,2275(908.460)[I]: [6],0,28,15,5,661,-416,-13826
(908.469)[I]: [5],76,33,136,0,41,137,2445(908.470)[I]: [6],0,29,14,7,660,-417,-13835
(908.479)[I]: [5],72,18,100,0,55,206,2627(908.480)[I]: [6],0,30,16,7,656,-418,-13839
(908.489)[I]: [5],61,14,72,0,65,273,2824(908.490)[I]: [6],0,34,17,11,650,-419,-13838
(908.499)[I]: [5],53,10,72,0,74,329,3031(908.500)[I]: [6],0,38,22,15,643,-418,-13838
(908.509)[I]: [5],48,9,60,0,79,378,3247(908.510)[I]: [6],0,45,22,19,641,-419,-13845
(908.519)[I]: [5],42,7,48,0,86,399,3456(908.519)[I]: [6],1,41,25,22,639,-419,-13851
(908.529)[I]: [5],36,6,40,0,101,389,3663(908.530)[I]: [6],2,48,27,24,633,-421,-13850
(908.539)[I]: [5],22,3,28,0,108,372,3860(908.540)[I]: [6],0,52,29,27,626,-421,-13850
(908.549)[I]: [5],9,4,20,0,108,337,4035(908.549)[I]: [6],1,53,29,29,620,-421,-13850
(908.559)[I]: [5],5,3,20,0,91,310,4208(908.559)[I]: [6],1,57,25,30,614,-422,-13850
(908.569)[I]: [5],3,3,16,0,48,255,4347(908.569)[I]: [6],1,58,29,31,608,-422,-13849
(908.579)[I]: [5],0,3,12,0,-15,145,4444(908.579)[I]: [6],1,60,27,31,602,-423,-13849
(908.589)[I]: [5],2,3,12,0,-91,-4,4502(908.589)[I]: [6],0,61,30,31,596,-424,-13849
(908.599)[I]: [5],2,3,12,0,-191,-163,4518(908.599)[I]: [6],1,61,31,31,590,-424,-13849
(908.609)[I]: [5],2,3,12,0,-324,-341,4510(908.609)[I]: [6],1,58,31,30,584,-424,-13848
(908.619)[I]: [5],2,3,16,0,-487,-517,4505(908.619)[I]: [6],0,57,31,29,578,-424,-13848
(908.629)[I]: [5],1,4,12,0,-671,-685,4514(908.629)[I]: [6],0,57,34,27,572,-425,-13848
(908.639)[I]: [5],1,3,12,0,-863,-838,4535(908.639)[I]: [6],1,58,37,23,567,-425,-13848
(908.649)[I]: [5],1,3,8,0,-1049,-974,4565(908.649)[I]: [6],0,57,35,22,561,-425,-13848
(908.659)[I]: [5],0,3,4,0,-1211,-1107,4594(908.659)[I]: [6],0,55,35,18,555,-425,-13847
(908.669)[I]: [5],0,3,4,0,-1332,-1246,4600(908.669)[I]: [6],0,53,36,14,550,-426,-13847
(908.679)[I]: [5],1,3,8,0,-1402,-1389,4578(908.679)[I]: [6],0,51,38,13,544,-426,-13847
(908.689)[I]: [5],2,3,8,0,-1415,-1528,4528(908.690)[I]: [6],0,49,38,12,540,-423,-13846
(908.699)[I]: [5],2,3,8,0,-1374,-1650,4459(908.700)[I]: [6],0,47,39,12,534,-422,-13846
(908.709)[I]: [5],2,3,8,0,-1288,-1748,4384(908.710)[I]: [6],0,44,40,11,530,-420,-13844
(908.719)[I]: [5],4,3,8,0,-1167,-1813,4308(908.720)[I]: [6],0,40,40,11,525,-420,-13844
(908.729)[I]: [5],5,3,8,0,-1023,-1840,4237(908.730)[I]: [6],0,36,41,11,520,-419,-13844
(908.739)[I]: [5],4,3,8,0,-865,-1830,4170(908.739)[I]: [6],0,34,41,9,515,-419,-13843
(908.749)[I]: [5],4,3,4,0,-702,-1786,4104(908.749)[I]: [6],0,34,40,9,510,-418,-13843
(908.759)[I]: [5],3,3,8,0,-540,-1716,4033(908.759)[I]: [6],0,31,41,9,504,-417,-13843
(908.769)[I]: [5],3,3,8,0,-383,-1627,3953(908.769)[I]: [6],0,34,41,10,499,-417,-13843
(908.779)[I]: [5],3,3,8,0,-236,-1525,3864(908.779)[I]: [6],0,31,41,10,494,-417,-13843
(908.789)[I]: [5],3,3,8,0,-103,-1421,3764(908.789)[I]: [6],0,31,42,11,491,-416,-13840
(908.799)[I]: [5],3,3,8,0,13,-1316,3652(908.799)[I]: [6],0,31,43,11,488,-416,-13836
(908.809)[I]: [5],3,3,4,0,110,-1213,3525(908.809)[I]: [6],0,30,43,12,484,-414,-13833
(908.819)[I]: [5],3,3,8,0,186,-1113,3383(908.819)[I]: [6],0,29,44,13,479,-414,-13833
(908.829)[I]: [5],4,3,4,0,241,-1018,3228(908.829)[I]: [6],0,28,44,13,474,-413,-13833
(908.839)[I]: [5],4,3,8,0,272,-927,3066(908.839)[I]: [6],0,29,46,13,469,-413,-13833
(908.849)[I]: [5],4,3,8,0,281,-845,2898(908.849)[I]: [6],0,29,47,13,465,-413,-13833
(908.859)[I]: [5],4,3,8,0,272,-775,2721(908.859)[I]: [6],0,30,51,13,460,-412,-13833
(908.869)[I]: [5],4,3,4,0,254,-718,2536(908.869)[I]: [6],0,31,54,13,455,-412,-13832
(908.879)[I]: [5],4,3,4,0,232,-668,2344(908.879)[I]: [6],0,31,53,14,451,-412,-13832
(908.889)[I]: [5],4,3,8,0,213,-637,2150(908.889)[I]: [6],0,31,56,14,446,-411,-13832
(908.899)[I]: [5],4,3,8,0,193,-579,1952(908.899)[I]: [6],0,31,57,13,442,-411,-13832
(908.909)[I]: [5],4,3,8,0,175,-508,1756(908.909)[I]: [6],0,31,58,14,438,-411,-13832
(908.919)[I]: [5],4,3,8,0,158,-429,1565(908.919)[I]: [6],0,31,58,15,433,-411,-13832
(908.929)[I]: [5],4,3,8,0,148,-345,1382(908.929)[I]: [6],0,35,59,15,429,-410,-13832
(908.939)[I]: [5],3,3,8,0,146,-263,1212(908.939)[I]: [6],0,35,61,15,425,-410,-13831
(908.949)[I]: [5],4,3,8,0,149,-189,1052(908.949)[I]: [6],0,35,61,16,420,-410,-13831
(908.959)[I]: [5],4,3,8,0,154,-129,901(908.959)[I]: [6],0,35,62,16,416,-409,-13831
(908.969)[I]: [5],3,3,8,0,159,-83,763(908.969)[I]: [6],0,35,63,16,412,-409,-13831
(908.979)[I]: [5],4,3,8,0,161,-52,638(908.979)[I]: [6],0,36,63,17,408,-409,-13831
(908.989)[I]: [5],3,3,8,0,157,-27,528(908.989)[I]: [6],0,37,63,16,404,-409,-13831
(908.999)[I]: [5],4,3,4,0,145,-6,431(908.999)[I]: [6],0,36,63,17,400,-409,-13831
(908.999)[I]: [5],4,3,8,0,126,12,349(908.999)[I]: [6],0,37,63,18,396,-409,-13830
(908.999)[I]: [5],4,3,8,0,103,29,280(908.999)[I]: [6],0,36,63,19,392,-408,-13830
(909.005)[I]: [5],4,3,4,0,84,42,225(909.005)[I]: [6],0,36,63,20,388,-408,-13830
(909.015)[I]: [5],3,2,4,0,74,50,185(909.015)[I]: [6],0,36,63,20,384,-408,-13830
(909.025)[I]: [5],2,2,4,0,78,50,157(909.025)[I]: [6],0,35,63,21,380,-408,-13830
(909.035)[I]: [5],2,2,4,0,93,36,144(909.035)[I]: [6],0,35,66,21,376,-408,-13830
(909.045)[I]: [5],2,3,4,0,116,4,144(909.045)[I]: [6],0,38,68,21,373,-408,-13830
(909.055)[I]: [5],3,3,8,6,162,28,396(909.055)[I]: [6],0,39,70,20,369,-408,-13829
(909.065)[I]: [5],0,3,4,12,192,-43,506(909.065)[I]: [6],0,39,71,17,365,-408,-13829
(909.075)[I]: [5],0,3,4,13,209,-80,593(909.075)[I]: [6],0,43,74,14,364,-409,-13838
(909.085)[I]: [5],0,3,4,11,227,-133,642(909.085)[I]: [6],0,46,78,11,364,-409,-13849
(909.095)[I]: [5],1,3,12,9,250,-170,659(909.095)[I]: [6],0,54,85,7,362,-409,-13864
(909.105)[I]: [5],1,3,12,9,268,-195,701(909.105)[I]: [6],0,57,88,7,362,-410,-13879
(909.115)[I]: [5],1,3,8,11,280,-212,771(909.115)[I]: [6],0,63,95,5,361,-412,-13897
(909.125)[I]: [5],1,3,12,16,288,-216,852(909.126)[I]: [6],0,68,102,5,362,-416,-13916
(909.135)[I]: [5],0,4,12,19,299,-207,925(909.135)[I]: [6],0,68,109,2,363,-421,-13939
(909.145)[I]: [5],1,3,20,21,294,-200,979(909.146)[I]: [6],2,81,112,2,364,-423,-13969
(909.155)[I]: [5],0,4,24,21,289,-196,1014(909.156)[I]: [6],1,86,111,2,365,-419,-14002
(909.165)[I]: [5],0,6,32,24,289,-194,1041(909.166)[I]: [6],2,89,104,1,370,-400,-14038
(909.175)[I]: [5],0,10,52,28,287,-197,1059(909.176)[I]: [6],3,83,96,1,371,-375,-14102
(909.185)[I]: [5],0,12,52,40,284,-195,1070(909.186)[I]: [6],3,78,89,1,375,-363,-14212
(909.195)[I]: [5],0,15,56,52,282,-189,1080(909.196)[I]: [6],3,68,79,1,380,-332,-14360
(909.205)[I]: [5],0,15,56,60,280,-185,1089(909.206)[I]: [6],3,55,53,1,385,-275,-14533
(909.215)[I]: [5],0,16,60,67,277,-183,1097(909.216)[I]: [6],2,41,23,0,388,-190,-14720
(909.225)[I]: [5],0,18,52,73,275,-180,1103(909.226)[I]: [6],1,26,14,0,400,-90,-14926
(909.235)[I]: [5],0,16,52,81,272,-180,1103(909.236)[I]: [6],1,17,10,0,421,6,-15154
(909.245)[I]: [5],0,19,60,84,269,-180,1103(909.246)[I]: [6],0,11,7,0,457,115,-15388
(909.255)[I]: [5],0,17,60,91,267,-181,1103(909.256)[I]: [6],0,12,7,1,505,218,-15630
(909.265)[I]: [5],0,18,60,97,264,-181,1103(909.266)[I]: [6],0,11,4,1,563,307,-15879
(909.275)[I]: [5],0,20,52,98,261,-181,1103(909.276)[I]: [6],0,11,6,2,657,370,-16087
(909.285)[I]: [5],0,27,52,92,259,-183,1106(909.286)[I]: [6],0,12,6,1,778,366,-16219
(909.295)[I]: [5],0,24,60,90,257,-183,1106(909.296)[I]: [6],0,11,5,2,910,278,-16282
(909.305)[I]: [5],1,28,60,88,254,-185,1109(909.306)[I]: [6],0,11,6,1,1058,139,-16270
(909.315)[I]: [5],2,29,60,82,251,-187,1115(909.316)[I]: [6],0,9,6,1,1227,-38,-16245
(909.325)[I]: [5],3,28,60,79,249,-187,1115(909.326)[I]: [6],0,9,6,1,1404,-223,-16227
(909.335)[I]: [5],3,29,60,76,246,-188,1115(909.336)[I]: [6],0,9,4,1,1582,-399,-16219
(909.345)[I]: [5],1,26,60,74,245,-188,1111(909.346)[I]: [6],0,10,4,1,1739,-576,-16216
(909.355)[I]: [5],0,25,60,73,243,-186,1106(909.356)[I]: [6],0,10,4,1,1865,-754,-16214
(909.365)[I]: [5],0,23,60,70,242,-185,1098(909.366)[I]: [6],0,10,4,1,1952,-928,-16214
(909.375)[I]: [5],0,23,60,66,240,-184,1091(909.376)[I]: [6],0,10,3,2,1999,-1096,-16207
(909.385)[I]: [5],0,19,56,63,238,-183,1087(909.386)[I]: [6],0,10,3,2,2008,-1262,-16182
(909.395)[I]: [5],0,20,52,57,236,-184,1087(909.396)[I]: [6],0,9,3,2,1983,-1419,-16128
(909.405)[I]: [5],0,19,48,54,233,-184,1087(909.406)[I]: [6],0,9,4,2,1921,-1538,-16054
(909.415)[I]: [5],0,20,48,52,231,-185,1087(909.416)[I]: [6],0,10,4,2,1839,-1603,-15971
(909.425)[I]: [5],0,20,48,49,229,-185,1088(909.426)[I]: [6],0,10,4,2,1743,-1624,-15883
(909.435)[I]: [5],0,21,48,46,226,-186,1088(909.436)[I]: [6],0,10,4,2,1636,-1602,-15794
(909.445)[I]: [5],0,20,48,47,224,-187,1088(909.446)[I]: [6],0,10,3,2,1523,-1545,-15709
(909.455)[I]: [5],0,17,48,45,222,-187,1088(909.456)[I]: [6],0,10,3,2,1406,-1468,-15625
(909.465)[I]: [5],0,19,48,44,220,-188,1088(909.466)[I]: [6],0,10,3,2,1290,-1380,-15542
(909.475)[I]: [5],0,19,48,44,218,-189,1088(909.476)[I]: [6],0,10,3,2,1176,-1289,-15457
(909.485)[I]: [5],0,19,48,44,215,-190,1088(909.486)[I]: [6],0,10,3,2,1067,-1201,-15364
(909.495)[I]: [5],0,19,52,45,213,-191,1088(909.496)[I]: [6],0,10,3,2,961,-1115,-15255
(909.505)[I]: [5],0,19,52,46,211,-192,1088(909.506)[I]: [6],0,10,3,2,867,-1032,-15127
(909.515)[I]: [5],0,20,56,46,209,-194,1088(909.516)[I]: [6],0,9,3,2,781,-954,-14982
(909.525)[I]: [5],0,22,56,45,207,-194,1088(909.526)[I]: [6],0,9,3,2,705,-880,-14820
(909.535)[I]: [5],0,22,56,44,205,-194,1088(909.536)[I]: [6],0,9,3,2,646,-805,-14644
(909.545)[I]: [5],0,22,60,47,203,-194,1088(909.546)[I]: [6],0,9,3,2,603,-737,-14457
(909.555)[I]: [5],0,23,60,46,201,-195,1088(909.556)[I]: [6],0,10,3,2,571,-680,-14268
(909.565)[I]: [5],0,23,60,48,199,-196,1088(909.566)[I]: [6],0,9,3,2,543,-626,-14083
(909.575)[I]: [5],0,24,60,46,197,-196,1088(909.576)[I]: [6],0,9,3,2,518,-577,-13903
(909.585)[I]: [5],0,23,68,44,195,-196,1088(909.586)[I]: [6],0,9,3,2,494,-525,-13730
(909.595)[I]: [5],0,24,68,48,193,-197,1088(909.596)[I]: [6],0,8,3,2,467,-471,-13568
(909.605)[I]: [5],0,26,68,50,191,-197,1088(909.606)[I]: [6],0,9,3,2,435,-418,-13417
(909.615)[I]: [5],0,27,72,49,189,-198,1088(909.616)[I]: [6],0,9,3,2,399,-369,-13280
(909.625)[I]: [5],0,27,76,49,187,-199,1088(909.626)[I]: [6],0,10,3,2,359,-325,-13153
(909.635)[I]: [5],0,26,80,46,185,-199,1088(909.636)[I]: [6],0,10,3,2,321,-277,-13030
(909.645)[I]: [5],0,25,80,44,183,-200,1088(909.646)[I]: [6],0,9,3,2,290,-225,-12907
(909.655)[I]: [5],0,27,84,43,182,-201,1088(909.656)[I]: [6],0,10,3,2,269,-170,-12788
(909.665)[I]: [5],0,27,88,44,180,-201,1088(909.666)[I]: [6],0,10,3,2,255,-123,-12681
(909.675)[I]: [5],0,27,92,42,178,-202,1088(909.676)[I]: [6],0,11,3,1,248,-85,-12592
(909.685)[I]: [5],0,26,100,41,176,-203,1088(909.686)[I]: [6],0,12,3,1,246,-58,-12523
(909.695)[I]: [5],0,27,104,40,174,-204,1088(909.696)[I]: [6],0,11,2,1,248,-42,-12476
(909.705)[I]: [5],0,26,104,38,173,-205,1088(909.706)[I]: [6],0,10,2,1,251,-34,-12455
(909.715)[I]: [5],0,25,108,36,171,-205,1088(909.716)[I]: [6],0,9,2,1,253,-30,-12461
(909.725)[I]: [5],0,26,116,34,169,-205,1088(909.726)[I]: [6],0,10,2,1,252,-23,-12493
(909.735)[I]: [5],0,27,124,31,168,-206,1088(909.736)[I]: [6],0,9,2,1,248,-16,-12533
(909.745)[I]: [5],0,28,124,28,166,-206,1088(909.746)[I]: [6],0,9,2,1,246,-6,-12563
(909.755)[I]: [5],0,29,124,27,164,-206,1088(909.756)[I]: [6],0,9,2,1,250,3,-12570
(909.765)[I]: [5],0,28,136,27,163,-206,1088(909.766)[I]: [6],0,9,2,2,287,80,-12594
(909.775)[I]: [5],0,29,136,23,161,-207,1088(909.776)[I]: [6],0,10,3,3,299,-201,-12806
(909.785)[I]: [5],0,29,140,24,159,-208,1089(909.786)[I]: [6],0,9,2,3,368,-222,-13019
(909.795)[I]: [5],0,30,140,23,158,-208,1089(909.796)[I]: [6],0,10,3,3,383,-311,-13186
(909.805)[I]: [5],0,30,144,21,156,-208,1089(909.806)[I]: [6],0,11,3,3,355,-342,-13275
(909.815)[I]: [5],0,31,148,17,155,-209,1093(909.816)[I]: [6],0,12,3,4,346,-342,-13290
(909.825)[I]: [5],0,35,156,18,154,-209,1105(909.826)[I]: [6],0,11,4,3,351,-342,-13296
(909.835)[I]: [5],4,39,164,15,153,-210,1122(909.836)[I]: [6],0,11,8,3,357,-337,-13311
(909.845)[I]: [5],7,42,176,11,152,-212,1145(909.846)[I]: [6],0,11,8,3,361,-333,-13321
(909.855)[I]: [5],8,49,180,10,150,-215,1174(909.856)[I]: [6],0,13,9,5,363,-333,-13335
(909.865)[I]: [5],10,59,188,6,150,-219,1210(909.866)[I]: [6],0,13,10,6,364,-336,-13356
(909.875)[I]: [5],11,68,204,4,148,-219,1245(909.876)[I]: [6],0,15,12,6,364,-341,-13377
(909.885)[I]: [5],16,75,212,3,146,-207,1285(909.886)[I]: [6],0,15,12,7,362,-345,-13398
(909.895)[I]: [5],18,81,208,0,143,-185,1332(909.896)[I]: [6],0,18,15,11,362,-347,-13419
(909.905)[I]: [5],21,75,204,0,135,-142,1393(909.906)[I]: [6],0,18,20,14,362,-349,-13435
(909.915)[I]: [5],23,68,184,0,131,-137,1514(909.916)[I]: [6],0,21,24,22,360,-348,-13449
(909.925)[I]: [5],22,60,152,0,124,-130,1671(909.926)[I]: [6],0,25,31,26,360,-348,-13459
(909.935)[I]: [5],19,44,108,0,122,-104,1859(909.936)[I]: [6],0,27,34,31,358,-349,-13467
(909.945)[I]: [5],15,19,64,0,130,-73,2069(909.946)[I]: [6],0,31,39,39,355,-351,-13470
(909.955)[I]: [5],14,8,48,0,138,4,2290(909.955)[I]: [6],0,31,39,43,352,-353,-13469
(909.965)[I]: [5],9,9,32,0,130,94,2507(909.965)[I]: [6],0,34,39,45,348,-351,-13470
(909.975)[I]: [5],7,4,24,0,104,167,2729(909.975)[I]: [6],0,34,41,48,345,-346,-13469
(909.985)[I]: [5],4,4,20,0,72,221,2975(909.985)[I]: [6],0,31,49,48,341,-346,-13469
(909.995)[I]: [5],3,3,16,0,40,253,3209(909.995)[I]: [6],0,31,48,49,338,-346,-13468
(909.999)[I]: [5],0,3,12,0,-18,274,3430(909.999)[I]: [6],0,34,50,48,334,-347,-13468
(909.999)[I]: [5],0,3,8,0,-114,224,3614(909.999)[I]: [6],0,34,51,47,331,-348,-13468
(910.001)[I]: [5],0,3,8,0,-229,111,3723(910.001)[I]: [6],0,34,53,46,328,-349,-13468
(910.011)[I]: [5],0,3,8,0,-369,-20,3774(910.011)[I]: [6],0,34,56,46,324,-350,-13468
(910.021)[I]: [5],0,3,8,0,-537,-172,3800(910.021)[I]: [6],0,34,54,45,321,-350,-13468
(910.031)[I]: [5],0,3,8,0,-731,-328,3821(910.031)[I]: [6],0,34,55,42,318,-351,-13467
(910.041)[I]: [5],0,3,4,0,-938,-479,3843(910.041)[I]: [6],0,31,54,40,315,-352,-13467
(910.051)[I]: [5],0,3,8,0,-1144,-626,3865(910.051)[I]: [6],0,31,54,37,312,-353,-13467
(910.061)[I]: [5],0,3,4,0,-1332,-772,3880(910.061)[I]: [6],0,31,54,36,309,-354,-13467
(910.071)[I]: [5],0,3,4,0,-1486,-921,3887(910.071)[I]: [6],0,31,54,31,305,-355,-13467
(910.081)[I]: [5],0,3,4,0,-1595,-1067,3879(910.081)[I]: [6],0,31,55,27,302,-355,-13467
(910.091)[I]: [5],0,3,4,0,-1651,-1209,3854(910.091)[I]: [6],0,30,55,24,299,-356,-13467
(910.101)[I]: [5],0,3,4,0,-1652,-1342,3816(910.101)[I]: [6],0,31,56,19,296,-357,-13466
(910.111)[I]: [5],0,3,4,0,-1601,-1456,3771(910.111)[I]: [6],0,31,57,16,293,-358,-13466
(910.121)[I]: [5],1,3,4,0,-1508,-1543,3730(910.122)[I]: [6],0,31,56,15,290,-359,-13466
(910.131)[I]: [5],2,3,4,0,-1384,-1591,3696(910.132)[I]: [6],0,30,56,13,288,-359,-13466
(910.141)[I]: [5],2,3,4,0,-1242,-1595,3671(910.142)[I]: [6],0,31,55,13,285,-360,-13466
(910.151)[I]: [5],2,3,8,0,-1093,-1559,3650(910.152)[I]: [6],0,30,54,12,282,-361,-13466
(910.161)[I]: [5],2,3,4,1,-943,-1489,3624(910.162)[I]: [6],0,27,53,11,279,-361,-13466
(910.171)[I]: [5],2,3,4,1,-796,-1394,3588(910.172)[I]: [6],0,24,51,11,277,-362,-13463
(910.181)[I]: [5],2,3,4,1,-656,-1282,3536(910.182)[I]: [6],0,22,49,11,274,-362,-13462
(910.191)[I]: [5],2,3,8,1,-527,-1162,3465(910.192)[I]: [6],0,21,47,11,272,-363,-13462
(910.201)[I]: [5],2,3,4,1,-415,-1046,3381(910.202)[I]: [6],0,20,46,13,269,-364,-13462
(910.211)[I]: [5],1,4,8,1,-320,-940,3286(910.211)[I]: [6],0,19,47,15,266,-365,-13462
(910.221)[I]: [5],1,3,8,1,-248,-849,3185(910.221)[I]: [6],0,19,45,17,264,-365,-13459
(910.231)[I]: [5],1,3,4,1,-198,-774,3078(910.231)[I]: [6],0,19,45,16,261,-365,-13459
(910.241)[I]: [5],1,4,8,1,-169,-710,2964(910.241)[I]: [6],0,19,44,18,259,-366,-13459
(910.251)[I]: [5],1,3,8,1,-159,-653,2838(910.251)[I]: [6],0,19,46,18,256,-367,-13459
(910.261)[I]: [5],1,3,8,1,-168,-601,2699(910.261)[I]: [6],0,19,46,19,254,-367,-13459
(910.271)[I]: [5],1,3,8,1,-191,-555,2547(910.271)[I]: [6],0,20,50,20,251,-368,-13459
(910.281)[I]: [5],1,3,4,1,-225,-515,2384(910.281)[I]: [6],0,20,50,22,249,-370,-13458
(910.291)[I]: [5],2,3,8,0,-265,-480,2218(910.291)[I]: [6],0,19,51,24,246,-370,-13458
(910.301)[I]: [5],3,3,4,0,-306,-449,2050(910.301)[I]: [6],0,20,51,27,244,-370,-13458
(910.311)[I]: [5],3,3,4,0,-343,-422,1882(910.311)[I]: [6],0,20,54,28,241,-371,-13458
(910.321)[I]: [5],3,3,4,0,-376,-390,1713(910.321)[I]: [6],0,20,54,30,239,-372,-13458
(910.331)[I]: [5],3,3,4,0,-403,-355,1548(910.331)[I]: [6],0,20,55,31,236,-373,-13458
(910.341)[I]: [5],3,3,4,0,-429,-309,1387(910.341)[I]: [6],0,20,56,33,234,-373,-13458
(910.351)[I]: [5],4,3,4,0,-452,-252,1233(910.351)[I]: [6],0,20,56,35,232,-374,-13457
(910.361)[I]: [5],3,3,4,0,-472,-190,1087(910.361)[I]: [6],0,19,56,34,229,-374,-13457
(910.371)[I]: [5],3,3,4,0,-488,-129,947(910.371)[I]: [6],0,19,56,34,227,-374,-13457
(910.381)[I]: [5],2,3,0,0,-500,-71,808(910.381)[I]: [6],0,19,55,36,225,-375,-13457
(910.391)[I]: [5],3,3,0,0,-508,-15,670(910.391)[I]: [6],0,20,55,38,223,-376,-13457
(910.401)[I]: [5],2,3,0,0,-512,37,540(910.401)[I]: [6],0,21,56,38,220,-377,-13457
(910.411)[I]: [5],3,3,0,0,-508,83,422(910.411)[I]: [6],0,21,56,37,218,-378,-13457
(910.421)[I]: [5],3,2,0,0,-493,120,326(910.421)[I]: [6],0,22,56,37,216,-378,-13457
(910.431)[I]: [5],3,2,0,0,-466,145,249(910.431)[I]: [6],0,23,57,35,214,-379,-13457
(910.441)[I]: [5],2,2,0,0,-434,162,181(910.441)[I]: [6],0,23,58,34,212,-380,-13456
(910.451)[I]: [5],2,3,0,0,-406,177,120(910.451)[I]: [6],0,23,59,31,210,-380,-13456
(910.461)[I]: [5],1,3,0,0,-382,189,66(910.461)[I]: [6],0,23,61,31,207,-380,-13456
(910.471)[I]: [5],1,3,0,0,-357,195,23(910.471)[I]: [6],0,25,63,34,205,-381,-13456
(910.481)[I]: [5],1,2,0,6,-328,212,1(910.481)[I]: [6],0,25,63,34,203,-381,-13456
(910.491)[I]: [5],2,2,0,10,-216,111,293(910.491)[I]: [6],0,26,63,34,201,-381,-13456
(910.501)[I]: [5],0,1,0,10,-180,94,447(910.501)[I]: [6],0,27,63,31,199,-382,-13456
(910.511)[I]: [5],0,2,0,8,-158,53,541(910.511)[I]: [6],0,27,63,31,197,-383,-13456
(910.521)[I]: [5],0,1,0,7,-141,1,589(910.521)[I]: [6],0,27,68,29,195,-384,-13456
(910.531)[I]: [5],0,1,4,7,-131,-24,585(910.531)[I]: [6],0,29,71,26,193,-385,-13455
(910.541)[I]: [5],0,1,0,6,-130,-38,575(910.541)[I]: [6],0,31,75,23,191,-385,-13455
(910.551)[I]: [5],0,1,0,8,-137,-34,576(910.551)[I]: [6],0,31,75,19,190,-386,-13458
(910.561)[I]: [5],0,1,0,8,-154,-25,590(910.561)[I]: [6],0,35,81,15,191,-390,-13467
(910.571)[I]: [5],0,1,0,9,-182,-11,627(910.571)[I]: [6],0,40,83,12,191,-395,-13478
(910.581)[I]: [5],0,1,4,10,-209,-7,690(910.581)[I]: [6],0,43,90,7,193,-399,-13493
(910.591)[I]: [5],0,3,8,15,-222,-14,768(910.591)[I]: [6],0,47,92,5,193,-404,-13515
(910.601)[I]: [5],0,6,12,17,-220,-21,822(910.601)[I]: [6],0,54,97,4,193,-407,-13539
(910.611)[I]: [5],0,4,20,17,-219,-31,855(910.611)[I]: [6],0,63,101,4,195,-411,-13564
(910.621)[I]: [5],0,6,28,18,-218,-41,881(910.621)[I]: [6],0,72,104,3,196,-416,-13591
(910.631)[I]: [5],1,7,36,20,-220,-40,891(910.631)[I]: [6],1,78,105,2,197,-418,-13616
(910.641)[I]: [5],3,12,56,24,-221,-31,897(910.642)[I]: [6],3,83,98,2,195,-412,-13644
(910.651)[I]: [5],3,15,60,30,-220,-20,907(910.652)[I]: [6],2,79,88,2,202,-359,-13686
(910.661)[I]: [5],5,19,60,39,-221,-17,921(910.662)[I]: [6],2,78,83,2,202,-350,-13765
(910.671)[I]: [5],4,22,60,44,-222,-20,941(910.672)[I]: [6],2,69,67,3,206,-348,-13883
(910.681)[I]: [5],5,22,60,52,-223,-23,958(910.682)[I]: [6],2,53,48,2,215,-310,-14036
(910.691)[I]: [5],3,25,60,57,-222,-22,971(910.692)[I]: [6],2,37,29,2,220,-250,-14205
(910.701)[I]: [5],5,28,76,61,-220,-22,974(910.702)[I]: [6],1,23,15,2,240,-154,-14381
(910.711)[I]: [5],5,31,80,60,-218,-24,974(910.712)[I]: [6],0,15,12,3,272,-51,-14574
(910.721)[I]: [5],7,34,80,62,-216,-24,974(910.722)[I]: [6],0,12,9,3,330,53,-14778
(910.731)[I]: [5],7,36,80,64,-214,-24,974(910.732)[I]: [6],0,11,7,2,387,132,-14989
(910.741)[I]: [5],9,40,84,64,-212,-26,974(910.742)[I]: [6],0,11,7,3,455,193,-15204
(910.751)[I]: [5],12,41,88,67,-210,-27,974(910.752)[I]: [6],0,10,7,3,543,215,-15393
(910.761)[I]: [5],13,45,84,67,-208,-29,974(910.762)[I]: [6],0,10,6,3,651,176,-15530
(910.771)[I]: [5],11,46,80,65,-205,-30,974(910.772)[I]: [6],0,10,6,2,775,67,-15615
(910.781)[I]: [5],12,47,84,66,-203,-32,973(910.782)[I]: [6],0,9,6,3,923,-71,-15650
(910.791)[I]: [5],11,47,76,62,-201,-33,973(910.792)[I]: [6],0,10,5,3,1089,-227,-15682
(910.801)[I]: [5],11,49,76,57,-199,-35,973(910.802)[I]: [6],0,10,5,2,1262,-378,-15724
(910.811)[I]: [5],11,49,76,55,-197,-36,973(910.812)[I]: [6],0,9,5,2,1430,-522,-15783
(910.821)[I]: [5],11,50,76,51,-195,-38,973(910.822)[I]: [6],0,10,5,2,1577,-665,-15847
(910.831)[I]: [5],11,51,76,47,-193,-40,973(910.832)[I]: [6],0,10,4,2,1691,-807,-15912
(910.841)[I]: [5],9,50,76,40,-192,-41,973(910.842)[I]: [6],0,8,3,2,1763,-949,-15969
(910.851)[I]: [5],9,49,76,35,-190,-43,973(910.851)[I]: [6],0,9,3,2,1788,-1088,-16013
(910.861)[I]: [5],7,47,76,27,-188,-45,973(910.862)[I]: [6],0,10,3,2,1766,-1222,-16034
(910.871)[I]: [5],7,43,80,25,-186,-47,973(910.872)[I]: [6],0,10,2,2,1701,-1346,-16025
(910.881)[I]: [5],6,39,76,22,-184,-48,973(910.882)[I]: [6],0,10,3,2,1599,-1442,-15985
(910.891)[I]: [5],5,37,76,20,-182,-49,973(910.892)[I]: [6],0,10,3,3,1474,-1509,-15922
(910.901)[I]: [5],5,34,76,21,-181,-44,971(910.902)[I]: [6],0,10,3,3,1332,-1545,-15845
(910.911)[I]: [5],4,37,80,20,-179,-44,971(910.912)[I]: [6],0,10,2,2,1187,-1548,-15761
(910.921)[I]: [5],5,35,84,19,-178,-44,971(910.922)[I]: [6],0,10,3,3,1043,-1526,-15674
(910.931)[I]: [5],6,34,88,19,-176,-45,971(910.932)[I]: [6],0,9,3,2,907,-1485,-15589
(910.941)[I]: [5],6,31,88,20,-174,-45,971(910.942)[I]: [6],0,9,3,3,780,-1434,-15505
(910.951)[I]: [5],5,31,92,19,-172,-46,971(910.952)[I]: [6],0,9,3,3,664,-1381,-15419
(910.961)[I]: [5],4,31,92,19,-171,-47,971(910.962)[I]: [6],0,9,3,3,555,-1328,-15329
(910.971)[I]: [5],3,31,92,19,-169,-47,971(910.972)[I]: [6],0,9,3,2,456,-1270,-15231
(910.981)[I]: [5],3,31,96,20,-167,-48,971(910.982)[I]: [6],0,9,2,3,367,-1206,-15127
(910.991)[I]: [5],4,35,100,20,-166,-48,971(910.992)[I]: [6],0,9,2,3,288,-1131,-15017
(910.999)[I]: [5],5,35,104,20,-164,-50,971(910.999)[I]: [6],0,9,2,3,225,-1049,-14898
(910.999)[I]: [5],3,34,104,20,-162,-51,971(910.999)[I]: [6],0,9,2,3,172,-963,-14770
(910.999)[I]: [5],4,31,108,20,-161,-50,971(910.999)[I]: [6],0,10,2,2,128,-879,-14636
(911.007)[I]: [5],3,34,112,20,-159,-52,971(911.007)[I]: [6],0,9,2,3,96,-811,-14497
(911.017)[I]: [5],3,34,116,20,-157,-53,971(911.018)[I]: [6],0,8,2,2,62,-751,-14353
(911.027)[I]: [5],4,34,120,20,-156,-53,971(911.028)[I]: [6],0,9,2,3,30,-691,-14203
(911.037)[I]: [5],4,35,124,20,-154,-54,971(911.038)[I]: [6],0,9,3,2,2,-621,-14049
(911.047)[I]: [5],4,36,124,20,-153,-55,971(911.048)[I]: [6],0,9,3,3,-18,-541,-13892
(911.057)[I]: [5],4,37,124,20,-151,-57,971(911.058)[I]: [6],0,10,3,3,-30,-456,-13742
(911.067)[I]: [5],3,37,136,20,-150,-58,971(911.068)[I]: [6],0,10,2,3,-33,-374,-13603
(911.077)[I]: [5],3,37,140,21,-148,-60,971(911.078)[I]: [6],0,10,2,2,-32,-299,-13476
(911.087)[I]: [5],3,37,144,21,-147,-60,971(911.088)[I]: [6],0,10,2,3,-33,-234,-13357
(911.097)[I]: [5],3,37,148,21,-145,-60,971(911.098)[I]: [6],0,11,2,2,-35,-175,-13240
(911.107)[I]: [5],2,37,152,21,-144,-61,971(911.108)[I]: [6],0,11,2,2,-36,-119,-13124
(911.117)[I]: [5],3,38,156,21,-142,-62,971(911.118)[I]: [6],0,10,2,2,-36,-61,-13007
(911.127)[I]: [5],3,39,156,20,-141,-62,971(911.128)[I]: [6],0,9,2,2,-35,0,-12893
(911.137)[I]: [5],3,39,156,20,-140,-62,971(911.138)[I]: [6],0,10,2,2,-35,60,-12784
(911.147)[I]: [5],4,41,156,20,-138,-63,971(911.148)[I]: [6],0,10,2,2,-38,113,-12687
(911.157)[I]: [5],4,41,164,20,-137,-64,970(911.158)[I]: [6],0,10,2,2,-45,159,-12606
(911.167)[I]: [5],3,41,164,20,-135,-65,970(911.168)[I]: [6],0,10,2,2,-55,198,-12545
(911.177)[I]: [5],3,42,168,19,-134,-66,970(911.178)[I]: [6],0,10,2,2,-66,230,-12506
(911.187)[I]: [5],4,41,172,19,-133,-67,970(911.188)[I]: [6],0,11,2,2,-75,257,-12491
(911.197)[I]: [5],3,41,176,18,-131,-68,970(911.198)[I]: [6],0,11,2,2,-81,278,-12494
(911.207)[I]: [5],3,40,180,17,-130,-68,970(911.208)[I]: [6],0,11,1,2,-80,301,-12505
(911.217)[I]: [5],4,40,184,16,-129,-68,970(911.218)[I]: [6],0,10,1,2,-74,326,-12512
(911.227)[I]: [5],4,39,188,15,-127,-68,970(911.228)[I]: [6],0,11,1,2,-63,354,-12501
(911.237)[I]: [5],4,40,196,13,-128,-67,977(911.238)[I]: [6],0,11,1,2,-50,383,-12458
(911.247)[I]: [5],3,42,200,13,-128,-67,984(911.248)[I]: [6],0,9,1,3,-1,488,-12445
(911.257)[I]: [5],4,44,204,11,-127,-67,993(911.258)[I]: [6],0,8,3,5,2,112,-12642
(911.267)[I]: [5],5,45,208,11,-128,-68,1002(911.268)[I]: [6],0,7,3,7,103,66,-12872
(911.277)[I]: [5],5,47,220,11,-127,-72,1011(911.278)[I]: [6],0,5,3,6,64,-15,-12963
(911.287)[I]: [5],5,48,228,9,-127,-72,1022(911.288)[I]: [6],0,7,3,3,8,-37,-12999
(911.297)[I]: [5],7,50,228,8,-126,-70,1032(911.298)[I]: [6],0,8,4,3,-15,-40,-13004
(911.307)[I]: [5],7,51,232,8,-125,-67,1043(911.308)[I]: [6],0,10,4,3,-7,-43,-13015
(911.317)[I]: [5],7,55,240,7,-124,-63,1060(911.318)[I]: [6],0,10,5,3,22,-47,-13057
(911.327)[I]: [5],11,60,248,5,-124,-58,1083(911.328)[I]: [6],0,10,5,3,44,-50,-13106
(911.337)[I]: [5],15,66,252,3,-124,-55,1109(911.338)[I]: [6],0,11,11,4,47,-63,-13145
(911.347)[I]: [5],17,72,260,2,-125,-47,1137(911.348)[I]: [6],0,11,10,5,49,-76,-13176
(911.357)[I]: [5],22,76,252,0,-126,-39,1169(911.358)[I]: [6],0,12,12,6,45,-92,-13197
(911.367)[I]: [5],23,80,268,0,-130,-8,1218(911.368)[I]: [6],0,13,14,7,46,-106,-13210
(911.377)[I]: [5],25,79,252,0,-135,14,1286(911.378)[I]: [6],0,10,15,9,47,-111,-13222
(911.387)[I]: [5],28,74,252,0,-136,12,1395(911.388)[I]: [6],0,14,15,14,45,-110,-13235
(911.397)[I]: [5],30,66,224,0,-139,30,1538(911.398)[I]: [6],0,15,21,19,45,-109,-13252
(911.407)[I]: [5],30,52,184,0,-138,60,1701(911.408)[I]: [6],0,17,30,24,42,-110,-13268
(911.417)[I]: [5],28,31,156,0,-130,85,1882(911.418)[I]: [6],0,15,31,28,40,-114,-13282
(911.427)[I]: [5],24,21,112,0,-110,126,2078(911.428)[I]: [6],0,20,42,31,38,-113,-13292
(911.437)[I]: [5],22,9,80,0,-95,202,2293(911.437)[I]: [6],0,21,42,35,37,-114,-13296
(911.447)[I]: [5],18,7,60,0,-91,279,2504(911.447)[I]: [6],0,23,43,38,35,-113,-13302
(911.457)[I]: [5],18,5,40,0,-106,345,2716(911.458)[I]: [6],0,23,49,39,34,-118,-13302
(911.467)[I]: [5],15,4,32,0,-127,382,2941(911.468)[I]: [6],0,23,46,43,34,-121,-13302
(911.477)[I]: [5],9,2,24,0,-148,390,3164(911.477)[I]: [6],0,20,54,49,33,-123,-13302
(911.487)[I]: [5],3,3,24,0,-182,382,3362(911.487)[I]: [6],0,23,53,51,33,-127,-13302
(911.497)[I]: [5],0,3,12,0,-253,346,3529(911.497)[I]: [6],0,23,53,55,33,-131,-13302
(911.507)[I]: [5],0,3,16,0,-345,230,3653(911.507)[I]: [6],0,22,52,55,32,-134,-13302
(911.517)[I]: [5],0,3,12,0,-451,71,3690(911.517)[I]: [6],0,23,54,53,32,-135,-13299
(911.527)[I]: [5],1,3,12,0,-574,-100,3683(911.527)[I]: [6],0,22,53,51,32,-138,-13299
(911.537)[I]: [5],1,3,12,0,-712,-281,3663(911.537)[I]: [6],0,21,52,51,32,-140,-13299
(911.547)[I]: [5],1,3,12,0,-863,-450,3659(911.547)[I]: [6],0,21,56,48,31,-143,-13299
(911.557)[I]: [5],0,3,8,0,-1019,-607,3679(911.557)[I]: [6],0,21,56,45,31,-146,-13299
(911.567)[I]: [5],0,3,8,0,-1171,-749,3722(911.567)[I]: [6],0,21,56,40,31,-149,-13299
(911.577)[I]: [5],0,3,4,0,-1307,-879,3783(911.577)[I]: [6],0,20,57,36,30,-152,-13299
(911.587)[I]: [5],0,3,4,0,-1415,-1007,3847(911.587)[I]: [6],0,17,57,31,31,-153,-13296
(911.597)[I]: [5],0,3,8,0,-1484,-1138,3900(911.598)[I]: [6],0,15,56,30,31,-150,-13290
(911.607)[I]: [5],0,3,4,0,-1507,-1270,3931(911.607)[I]: [6],0,13,56,29,31,-148,-13284
(911.617)[I]: [5],0,3,8,0,-1480,-1395,3940(911.618)[I]: [6],0,12,54,25,31,-146,-13278
(911.627)[I]: [5],0,3,4,0,-1407,-1500,3936(911.628)[I]: [6],0,11,54,21,31,-144,-13272
(911.637)[I]: [5],2,3,4,0,-1300,-1573,3927(911.638)[I]: [6],0,11,52,21,31,-142,-13266
(911.647)[I]: [5],2,3,8,0,-1169,-1608,3914(911.648)[I]: [6],0,11,53,20,31,-144,-13266
(911.657)[I]: [5],2,3,8,0,-1027,-1601,3896(911.658)[I]: [6],0,10,52,19,30,-146,-13266
(911.667)[I]: [5],2,3,8,0,-881,-1559,3871(911.667)[I]: [6],0,12,52,19,30,-148,-13266
(911.677)[I]: [5],1,3,8,0,-738,-1493,3837(911.677)[I]: [6],0,13,51,19,30,-148,-13266
(911.687)[I]: [5],1,3,8,0,-604,-1411,3794(911.687)[I]: [6],0,12,51,19,29,-150,-13266
(911.697)[I]: [5],2,3,8,0,-483,-1320,3742(911.697)[I]: [6],0,13,51,20,29,-154,-13266
(911.707)[I]: [5],2,3,8,0,-381,-1225,3679(911.707)[I]: [6],0,13,49,23,29,-157,-13263
(911.717)[I]: [5],2,3,8,0,-300,-1134,3602(911.717)[I]: [6],0,13,50,24,29,-159,-13263
(911.727)[I]: [5],1,3,8,0,-242,-1054,3512(911.727)[I]: [6],0,12,50,24,28,-162,-13263
(911.737)[I]: [5],2,3,8,0,-206,-981,3409(911.737)[I]: [6],0,12,51,26,28,-165,-13263
(911.747)[I]: [5],2,3,8,0,-191,-915,3291(911.747)[I]: [6],0,12,52,30,28,-168,-13263
(911.757)[I]: [5],2,2,8,0,-194,-860,3158(911.757)[I]: [6],0,13,54,30,27,-171,-13263
(911.767)[I]: [5],2,3,8,0,-212,-816,3012(911.767)[I]: [6],0,14,55,30,27,-174,-13263
(911.777)[I]: [5],2,2,4,0,-239,-781,2856(911.777)[I]: [6],0,15,57,29,28,-177,-13269
(911.787)[I]: [5],2,3,4,0,-270,-742,2698(911.787)[I]: [6],0,15,60,28,28,-180,-13271
(911.797)[I]: [5],2,3,4,0,-305,-707,2538(911.797)[I]: [6],0,15,61,28,28,-183,-13271
(911.807)[I]: [5],2,3,4,0,-340,-674,2375(911.807)[I]: [6],0,17,63,29,27,-186,-13271
(911.817)[I]: [5],2,3,4,0,-369,-639,2210(911.817)[I]: [6],0,17,63,30,27,-188,-13271
(911.827)[I]: [5],2,3,4,0,-389,-602,2041(911.827)[I]: [6],0,18,63,29,27,-191,-13271
(911.837)[I]: [5],2,2,4,0,-400,-558,1869(911.837)[I]: [6],0,17,66,29,26,-194,-13271
(911.847)[I]: [5],2,2,4,0,-405,-502,1695(911.847)[I]: [6],0,18,63,29,26,-197,-13271
(911.857)[I]: [5],2,2,4,0,-408,-432,1524(911.857)[I]: [6],0,17,67,26,26,-200,-13271
(911.867)[I]: [5],2,2,4,0,-412,-353,1357(911.867)[I]: [6],0,18,69,24,26,-202,-13271
(911.877)[I]: [5],2,2,4,0,-418,-270,1197(911.877)[I]: [6],0,19,70,21,25,-205,-13271
(911.887)[I]: [5],2,2,4,0,-426,-185,1045(911.887)[I]: [6],0,18,71,21,25,-207,-13271
(911.897)[I]: [5],2,2,4,0,-436,-105,903(911.897)[I]: [6],0,19,73,20,25,-210,-13271
(911.907)[I]: [5],2,2,4,0,-447,-33,773(911.907)[I]: [6],0,19,76,21,25,-212,-13271
(911.917)[I]: [5],3,3,4,0,-454,21,656(911.917)[I]: [6],0,19,76,22,24,-214,-13271
(911.927)[I]: [5],2,2,4,0,-455,58,547(911.927)[I]: [6],0,21,79,22,24,-217,-13271
(911.937)[I]: [5],2,2,4,0,-448,82,447(911.937)[I]: [6],0,21,80,22,24,-220,-13271
(911.947)[I]: [5],2,2,4,0,-437,99,351(911.947)[I]: [6],0,21,83,22,24,-223,-13271
(911.957)[I]: [5],2,2,4,0,-424,121,258(911.957)[I]: [6],0,21,85,23,23,-225,-13271
(911.967)[I]: [5],3,3,0,0,-410,148,172(911.967)[I]: [6],0,21,87,23,23,-228,-13271
(911.977)[I]: [5],3,3,0,0,-393,174,94(911.977)[I]: [6],0,21,88,24,23,-230,-13271
(911.987)[I]: [5],2,3,0,0,-373,201,24(911.987)[I]: [6],0,22,89,23,23,-232,-13271
(911.997)[I]: [5],3,3,0,0,-354,226,-33(911.997)[I]: [6],0,22,95,24,22,-234,-13271
(911.999)[I]: [5],2,2,0,0,-336,245,-81(911.999)[I]: [6],0,22,96,23,22,-236,-13271
(911.999)[I]: [5],2,2,0,0,-320,256,-115(911.999)[I]: [6],0,23,97,23,22,-238,-13271
(912.003)[I]: [5],3,1,4,7,-247,211,170(912.003)[I]: [6],0,25,97,21,22,-240,-13271
(912.013)[I]: [5],0,1,4,10,-218,156,291(912.013)[I]: [6],0,25,96,22,22,-242,-13271
(912.023)[I]: [5],0,3,4,13,-200,66,408(912.023)[I]: [6],0,26,95,21,21,-245,-13271
(912.033)[I]: [5],0,2,0,9,-195,-3,468(912.033)[I]: [6],0,26,92,21,21,-248,-13271
(912.043)[I]: [5],0,2,4,7,-201,-42,488(912.043)[I]: [6],0,27,95,20,21,-250,-13271
(912.053)[I]: [5],0,2,4,6,-217,-69,502(912.053)[I]: [6],0,27,97,19,21,-252,-13271
(912.063)[I]: [5],0,2,4,7,-242,-86,541(912.063)[I]: [6],0,28,100,17,20,-254,-13271
(912.073)[I]: [5],0,2,4,7,-271,-99,604(912.073)[I]: [6],0,29,101,12,21,-256,-13278
(912.083)[I]: [5],0,2,4,8,-295,-97,689(912.083)[I]: [6],0,31,105,10,21,-258,-13288
(912.093)[I]: [5],0,3,4,13,-305,-92,784(912.093)[I]: [6],0,35,109,8,23,-263,-13301
(912.103)[I]: [5],0,2,12,17,-298,-92,868(912.103)[I]: [6],0,38,113,4,24,-267,-13315
(912.113)[I]: [5],0,3,12,17,-295,-100,912(912.113)[I]: [6],0,45,115,3,26,-272,-13331
(912.123)[I]: [5],0,4,24,17,-294,-113,928(912.123)[I]: [6],0,45,120,3,28,-277,-13346
(912.133)[I]: [5],0,4,32,18,-294,-117,945(912.133)[I]: [6],0,46,122,2,30,-280,-13361
(912.143)[I]: [5],0,5,32,21,-294,-114,958(912.144)[I]: [6],0,47,126,2,31,-285,-13376
(912.153)[I]: [5],0,6,40,22,-293,-109,975(912.153)[I]: [6],0,51,127,1,31,-288,-13395
(912.163)[I]: [5],0,8,56,28,-292,-106,996(912.163)[I]: [6],0,51,125,2,32,-284,-13423
(912.173)[I]: [5],0,11,56,32,-291,-105,1017(912.174)[I]: [6],0,52,122,1,35,-245,-13462
(912.183)[I]: [5],0,15,68,44,-291,-106,1035(912.184)[I]: [6],0,49,113,1,39,-197,-13524
(912.193)[I]: [5],0,17,84,53,-291,-104,1052(912.194)[I]: [6],1,44,91,1,39,-197,-13619
(912.203)[I]: [5],0,20,100,57,-290,-101,1068(912.204)[I]: [6],1,40,79,1,42,-179,-13748
(912.213)[I]: [5],0,19,108,63,-291,-101,1080(912.214)[I]: [6],0,35,54,1,44,-122,-13901
(912.223)[I]: [5],0,23,108,66,-290,-101,1087(912.224)[I]: [6],0,21,31,0,47,-27,-14068
(912.233)[I]: [5],0,26,108,71,-287,-105,1087(912.234)[I]: [6],0,14,19,0,69,91,-14245
(912.243)[I]: [5],0,25,120,72,-284,-107,1087(912.244)[I]: [6],0,13,13,1,108,204,-14441
(912.253)[I]: [5],0,24,136,77,-282,-107,1087(912.254)[I]: [6],0,9,13,1,160,309,-14652
(912.263)[I]: [5],0,22,124,82,-279,-108,1087(912.264)[I]: [6],0,9,9,2,215,400,-14865
(912.273)[I]: [5],0,23,124,82,-276,-109,1087(912.274)[I]: [6],0,9,7,2,283,462,-15093
(912.283)[I]: [5],0,23,124,81,-273,-111,1087(912.284)[I]: [6],0,8,8,2,378,479,-15296
(912.293)[I]: [5],0,23,132,78,-270,-112,1087(912.294)[I]: [6],0,9,8,2,491,432,-15468
(912.303)[I]: [5],0,23,136,73,-268,-114,1087(912.304)[I]: [6],0,9,7,2,613,327,-15585
(912.313)[I]: [5],0,24,124,73,-265,-115,1087(912.314)[I]: [6],0,8,6,2,744,189,-15647
(912.323)[I]: [5],0,26,124,72,-262,-116,1087(912.324)[I]: [6],0,9,6,2,884,24,-15684
(912.333)[I]: [5],0,26,136,70,-260,-119,1087(912.334)[I]: [6],0,9,6,2,1030,-144,-15713
(912.343)[I]: [5],0,27,136,64,-257,-120,1087(912.344)[I]: [6],0,8,6,2,1178,-304,-15745
(912.353)[I]: [5],0,27,136,60,-255,-121,1087(912.354)[I]: [6],0,8,5,2,1317,-450,-15777
(912.363)[I]: [5],0,28,136,56,-252,-122,1087(912.364)[I]: [6],0,8,5,2,1436,-580,-15807
(912.373)[I]: [5],0,29,136,50,-250,-123,1086(912.374)[I]: [6],0,8,5,2,1527,-700,-15835
(912.383)[I]: [5],0,29,124,48,-247,-124,1086(912.384)[I]: [6],0,7,4,2,1584,-812,-15860
(912.393)[I]: [5],0,31,124,41,-245,-126,1086(912.394)[I]: [6],0,7,4,2,1604,-924,-15877
(912.403)[I]: [5],0,29,124,34,-242,-128,1086(912.404)[I]: [6],0,7,3,2,1588,-1042,-15875
(912.413)[I]: [5],0,28,124,28,-240,-129,1086(912.414)[I]: [6],0,7,2,2,1528,-1166,-15842
(912.423)[I]: [5],0,27,124,25,-237,-130,1086(912.424)[I]: [6],0,7,2,2,1433,-1284,-15777
(912.433)[I]: [5],0,24,124,21,-235,-131,1086(912.434)[I]: [6],0,7,2,2,1309,-1391,-15691
(912.443)[I]: [5],0,27,124,20,-233,-132,1086(912.444)[I]: [6],0,8,2,2,1170,-1469,-15599
(912.453)[I]: [5],0,27,124,20,-230,-134,1086(912.454)[I]: [6],0,8,3,2,1025,-1514,-15511
(912.463)[I]: [5],0,29,124,19,-228,-135,1086(912.464)[I]: [6],0,8,2,2,883,-1525,-15428
(912.473)[I]: [5],0,31,124,17,-226,-136,1086(912.474)[I]: [6],0,9,2,2,746,-1501,-15348
(912.483)[I]: [5],0,28,124,17,-224,-137,1086(912.484)[I]: [6],0,8,2,2,616,-1449,-15265
(912.493)[I]: [5],0,25,124,17,-221,-137,1086(912.494)[I]: [6],0,9,2,2,489,-1381,-15180
(912.503)[I]: [5],0,24,124,17,-219,-138,1086(912.504)[I]: [6],0,9,2,2,375,-1307,-15090
(912.513)[I]: [5],0,22,124,17,-217,-140,1086(912.514)[I]: [6],0,9,2,2,266,-1238,-14994
(912.523)[I]: [5],0,22,124,17,-215,-141,1086(912.524)[I]: [6],0,9,2,2,168,-1175,-14887
(912.533)[I]: [5],0,22,136,18,-213,-142,1086(912.534)[I]: [6],0,9,2,2,74,-1114,-14767
(912.543)[I]: [5],0,22,136,19,-211,-143,1086(912.544)[I]: [6],0,9,2,2,0,-1049,-14636
(912.553)[I]: [5],0,22,136,19,-208,-144,1086(912.554)[I]: [6],0,9,2,2,-59,-973,-14495
(912.563)[I]: [5],0,23,140,19,-206,-146,1086(912.564)[I]: [6],0,9,2,2,-97,-892,-14345
(912.573)[I]: [5],0,23,140,19,-204,-147,1086(912.574)[I]: [6],0,9,2,2,-123,-799,-14187
(912.583)[I]: [5],0,23,144,20,-202,-149,1086(912.584)[I]: [6],0,9,2,2,-129,-695,-14025
(912.593)[I]: [5],0,24,152,20,-200,-150,1086(912.594)[I]: [6],0,9,2,2,-119,-597,-13867
(912.603)[I]: [5],0,24,156,20,-198,-151,1086(912.604)[I]: [6],0,9,2,2,-94,-504,-13712
(912.613)[I]: [5],0,23,156,21,-196,-152,1086(912.614)[I]: [6],0,9,2,2,-59,-422,-13559
(912.623)[I]: [5],0,24,160,22,-194,-153,1086(912.624)[I]: [6],0,9,2,2,-25,-353,-13404
(912.633)[I]: [5],0,24,168,22,-192,-155,1085(912.634)[I]: [6],0,9,1,2,1,-293,-13246
(912.643)[I]: [5],0,23,172,23,-190,-155,1085(912.644)[I]: [6],0,9,3,2,16,-235,-13089
(912.653)[I]: [5],0,23,176,24,-189,-156,1085(912.654)[I]: [6],0,9,1,2,19,-170,-12936
(912.663)[I]: [5],0,25,176,23,-187,-157,1085(912.664)[I]: [6],0,9,2,2,10,-96,-12792
(912.673)[I]: [5],0,25,180,22,-185,-158,1085(912.674)[I]: [6],0,8,3,2,-3,-20,-12663
(912.683)[I]: [5],0,26,184,22,-183,-159,1085(912.684)[I]: [6],0,11,3,2,-20,49,-12544
(912.693)[I]: [5],0,26,192,20,-181,-160,1085(912.694)[I]: [6],0,10,3,2,-40,112,-12436
(912.703)[I]: [5],0,27,196,20,-179,-160,1085(912.704)[I]: [6],0,10,3,2,-63,165,-12337
(912.713)[I]: [5],0,27,200,19,-178,-161,1085(912.714)[I]: [6],0,11,3,2,-91,208,-12248
(912.723)[I]: [5],0,27,200,19,-176,-161,1085(912.724)[I]: [6],0,11,2,2,-126,242,-12168
(912.733)[I]: [5],0,28,204,19,-174,-162,1085(912.734)[I]: [6],0,10,2,2,-167,271,-12090
(912.743)[I]: [5],0,27,204,19,-172,-163,1085(912.744)[I]: [6],0,11,2,2,-208,301,-12014
(912.753)[I]: [5],0,27,204,17,-171,-164,1085(912.754)[I]: [6],0,11,0,2,-242,330,-11939
(912.763)[I]: [5],0,29,204,18,-169,-165,1085(912.764)[I]: [6],0,10,0,2,-267,355,-11868
(912.773)[I]: [5],0,30,204,17,-167,-166,1085(912.774)[I]: [6],0,10,1,2,-287,373,-11803
(912.783)[I]: [5],0,30,212,17,-166,-167,1085(912.784)[I]: [6],0,11,1,2,-310,380,-11751
(912.793)[I]: [5],0,31,216,16,-164,-168,1085(912.794)[I]: [6],0,11,1,2,-342,376,-11723
(912.803)[I]: [5],0,34,220,16,-162,-169,1085(912.804)[I]: [6],0,11,1,2,-388,358,-11717
(912.813)[I]: [5],3,34,224,15,-161,-170,1085(912.814)[I]: [6],0,10,1,3,-427,340,-11747
(912.823)[I]: [5],4,35,228,13,-159,-174,1091(912.824)[I]: [6],0,8,2,3,-471,103,-12018
(912.833)[I]: [5],5,38,232,10,-159,-175,1097(912.834)[I]: [6],0,8,3,5,-463,88,-12290
(912.843)[I]: [5],5,41,236,9,-158,-177,1105(912.844)[I]: [6],0,6,3,6,-472,30,-12469
(912.853)[I]: [5],5,44,240,9,-158,-180,1114(912.854)[I]: [6],0,4,2,5,-486,6,-12556
(912.863)[I]: [5],9,47,248,9,-157,-182,1126(912.864)[I]: [6],0,8,2,3,-506,-7,-12579
(912.873)[I]: [5],10,53,252,7,-157,-183,1141(912.874)[I]: [6],0,8,2,3,-517,-7,-12554
(912.883)[I]: [5],13,60,264,6,-156,-184,1159(912.884)[I]: [6],0,8,2,3,-501,-9,-12533
(912.893)[I]: [5],16,69,272,4,-157,-181,1185(912.894)[I]: [6],0,8,3,3,-475,-11,-12537
(912.903)[I]: [5],21,75,280,0,-157,-178,1215(912.904)[I]: [6],0,8,3,4,-455,-17,-12580
(912.913)[I]: [5],30,83,284,0,-159,-170,1246(912.914)[I]: [6],0,8,3,4,-436,-22,-12661
(912.923)[I]: [5],37,91,288,0,-165,-146,1278(912.924)[I]: [6],0,10,5,5,-436,-40,-12770
(912.933)[I]: [5],55,99,276,0,-167,-130,1351(912.934)[I]: [6],0,11,12,7,-447,-71,-12865
(912.943)[I]: [5],69,99,252,0,-169,-136,1462(912.944)[I]: [6],0,11,13,6,-432,-99,-12917
(912.953)[I]: [5],76,103,240,0,-171,-130,1583(912.954)[I]: [6],0,12,15,6,-429,-112,-12936
(912.963)[I]: [5],81,88,208,0,-173,-112,1714(912.964)[I]: [6],0,15,16,7,-427,-116,-12939
(912.973)[I]: [5],84,84,180,0,-169,-84,1867(912.974)[I]: [6],0,16,16,8,-423,-118,-12947
(912.983)[I]: [5],79,61,144,0,-162,-48,2038(912.984)[I]: [6],0,19,22,14,-418,-129,-12965
(912.993)[I]: [5],74,40,120,0,-144,1,2229(912.994)[I]: [6],0,23,23,17,-413,-139,-12990
(912.999)[I]: [5],63,23,88,0,-126,83,2436(912.999)[I]: [6],0,25,23,20,-410,-151,-13012
(912.999)[I]: [5],52,15,80,0,-111,177,2648(912.999)[I]: [6],0,31,27,22,-407,-160,-13023
(912.999)[I]: [5],39,5,64,0,-98,268,2858(912.999)[I]: [6],0,31,30,25,-404,-163,-13030
(913.009)[I]: [5],35,7,52,0,-90,348,3062(913.009)[I]: [6],0,37,29,27,-401,-165,-13033
(913.019)[I]: [5],27,4,56,0,-83,397,3253(913.019)[I]: [6],0,43,31,27,-399,-169,-13040
(913.029)[I]: [5],17,3,44,0,-67,418,3449(913.029)[I]: [6],0,47,29,27,-396,-173,-13048
(913.039)[I]: [5],8,2,28,0,-55,407,3629(913.039)[I]: [6],1,56,31,28,-393,-178,-13055
(913.049)[I]: [5],4,2,28,0,-70,375,3790(913.049)[I]: [6],2,61,34,27,-389,-180,-13055
(913.059)[I]: [5],3,3,16,0,-143,331,3927(913.059)[I]: [6],1,58,31,27,-385,-183,-13055
(913.069)[I]: [5],0,3,20,0,-277,263,4012(913.069)[I]: [6],1,60,30,26,-382,-185,-13056
(913.079)[I]: [5],1,2,20,0,-452,190,4059(913.079)[I]: [6],2,62,31,26,-378,-188,-13056
(913.089)[I]: [5],3,3,20,0,-663,144,4047(913.089)[I]: [6],2,63,30,25,-374,-191,-13056
(913.099)[I]: [5],3,3,16,0,-897,98,4018(913.099)[I]: [6],2,66,30,24,-370,-193,-13057
(913.109)[I]: [5],3,3,16,0,-1140,44,3992(913.110)[I]: [6],1,67,31,23,-367,-195,-13057
(913.119)[I]: [5],1,3,12,0,-1373,-28,3979(913.119)[I]: [6],0,68,29,23,-363,-198,-13057
(913.129)[I]: [5],1,3,12,0,-1576,-134,3979(913.130)[I]: [6],1,67,27,22,-359,-200,-13058
(913.139)[I]: [5],1,3,8,0,-1738,-274,3983(913.139)[I]: [6],0,67,27,19,-356,-203,-13058
(913.149)[I]: [5],0,3,8,0,-1850,-453,3979(913.149)[I]: [6],0,63,23,18,-352,-205,-13058
(913.159)[I]: [5],0,3,8,0,-1908,-652,3963(913.159)[I]: [6],0,63,22,17,-349,-207,-13059
(913.169)[I]: [5],0,3,8,0,-1917,-850,3937(913.169)[I]: [6],0,61,23,16,-345,-209,-13059
(913.179)[I]: [5],0,3,8,0,-1885,-1029,3903(913.179)[I]: [6],0,62,23,15,-342,-212,-13059
(913.189)[I]: [5],0,3,8,0,-1823,-1180,3852(913.190)[I]: [6],0,60,22,15,-338,-214,-13060
(913.199)[I]: [5],0,3,8,0,-1736,-1292,3784(913.199)[I]: [6],0,62,22,14,-335,-216,-13060
(913.209)[I]: [5],0,3,4,0,-1630,-1357,3701(913.209)[I]: [6],0,56,23,14,-332,-218,-13060
(913.219)[I]: [5],0,3,4,0,-1515,-1375,3609(913.219)[I]: [6],0,55,23,14,-328,-220,-13061
(913.229)[I]: [5],0,3,8,0,-1396,-1358,3517(913.229)[I]: [6],1,57,22,13,-325,-221,-13061
(913.239)[I]: [5],0,3,8,0,-1280,-1324,3428(913.239)[I]: [6],1,57,23,12,-322,-223,-13061
(913.249)[I]: [5],0,3,8,0,-1171,-1277,3343(913.249)[I]: [6],1,55,23,11,-319,-226,-13061
(913.259)[I]: [5],0,3,4,0,-1071,-1220,3259(913.259)[I]: [6],0,55,22,11,-315,-227,-13062
(913.269)[I]: [5],0,3,4,0,-983,-1157,3166(913.269)[I]: [6],0,56,24,11,-312,-229,-13062
(913.279)[I]: [5],1,3,4,0,-909,-1088,3061(913.279)[I]: [6],2,55,25,12,-309,-231,-13062
(913.289)[I]: [5],1,3,4,0,-848,-1013,2943(913.289)[I]: [6],1,55,25,13,-306,-233,-13063
(913.299)[I]: [5],1,3,4,0,-804,-932,2817(913.299)[I]: [6],2,56,27,13,-303,-235,-13063
(913.309)[I]: [5],1,3,4,0,-779,-846,2681(913.309)[I]: [6],2,56,30,13,-300,-236,-13063
(913.319)[I]: [5],1,3,4,0,-771,-761,2536(913.319)[I]: [6],2,58,31,14,-297,-239,-13063
(913.329)[I]: [5],1,3,4,0,-773,-688,2378(913.329)[I]: [6],1,60,31,14,-294,-241,-13064
(913.339)[I]: [5],1,3,4,0,-782,-629,2214(913.339)[I]: [6],0,62,36,15,-291,-242,-13064
(913.349)[I]: [5],1,3,4,0,-789,-581,2048(913.349)[I]: [6],1,61,38,14,-288,-244,-13064
(913.359)[I]: [5],1,0,4,0,-783,-545,1886(913.359)[I]: [6],0,63,39,14,-285,-246,-13064
(913.369)[I]: [5],1,3,4,0,-757,-520,1731(913.369)[I]: [6],0,66,43,14,-282,-247,-13065
(913.379)[I]: [5],1,3,4,0,-703,-496,1581(913.379)[I]: [6],1,70,44,14,-280,-248,-13065
(913.389)[I]: [5],1,3,4,0,-626,-469,1437(913.389)[I]: [6],4,72,46,14,-277,-249,-13065
(913.399)[I]: [5],0,3,4,0,-533,-423,1313(913.399)[I]: [6],3,77,47,13,-274,-251,-13065
(913.409)[I]: [5],0,3,4,0,-437,-360,1215(913.409)[I]: [6],3,80,51,12,-271,-253,-13065
(913.419)[I]: [5],0,3,4,0,-346,-287,1137(913.419)[I]: [6],6,79,50,12,-269,-255,-13066
(913.429)[I]: [5],0,2,4,0,-267,-211,1061(913.429)[I]: [6],6,80,53,10,-266,-257,-13066
(913.439)[I]: [5],0,2,4,0,-203,-140,975(913.439)[I]: [6],6,79,54,11,-263,-260,-13066
(913.449)[I]: [5],0,2,4,0,-155,-79,886(913.449)[I]: [6],6,79,57,9,-261,-261,-13066
(913.459)[I]: [5],0,2,4,0,-123,-34,795(913.459)[I]: [6],6,80,58,10,-258,-262,-13067
(913.469)[I]: [5],0,2,4,0,-107,-2,707(913.469)[I]: [6],6,82,58,8,-256,-264,-13067
(913.479)[I]: [5],0,2,4,0,-99,17,624(913.479)[I]: [6],6,79,59,7,-253,-265,-13067
(913.489)[I]: [5],0,2,4,0,-97,26,549(913.489)[I]: [6],6,78,59,7,-250,-267,-13067
(913.499)[I]: [5],0,2,4,0,-95,31,479(913.499)[I]: [6],6,76,60,7,-248,-269,-13067
(913.509)[I]: [5],0,3,4,0,-90,40,415(913.509)[I]: [6],6,76,61,7,-245,-271,-13068
(913.519)[I]: [5],0,3,4,0,-79,54,358(913.519)[I]: [6],7,75,63,6,-243,-273,-13068
(913.529)[I]: [5],0,3,4,0,-64,75,312(913.529)[I]: [6],7,75,66,6,-241,-274,-13068
(913.539)[I]: [5],2,2,12,2,-45,44,455(913.539)[I]: [6],8,76,67,6,-238,-275,-13068
(913.549)[I]: [5],0,3,12,4,-16,6,571(913.549)[I]: [6],8,75,69,5,-236,-277,-13068
(913.559)[I]: [5],0,2,16,8,2,-70,721(913.559)[I]: [6],8,74,71,6,-233,-280,-13069
(913.569)[I]: [5],0,3,28,13,9,-107,761(913.569)[I]: [6],8,72,72,5,-231,-282,-13069
(913.579)[I]: [5],0,6,36,14,0,-148,779(913.579)[I]: [6],7,67,71,5,-229,-284,-13069
(913.589)[I]: [5],0,6,32,14,-5,-152,790(913.589)[I]: [6],7,63,70,5,-227,-285,-13069
(913.599)[I]: [5],0,7,36,14,-7,-150,800(913.599)[I]: [6],6,59,69,5,-224,-286,-13069
(913.609)[I]: [5],0,9,44,13,-7,-151,812(913.609)[I]: [6],5,57,66,4,-222,-287,-13070
(913.619)[I]: [5],0,12,56,10,-8,-153,824(913.619)[I]: [6],4,53,63,4,-220,-287,-13070
(913.629)[I]: [5],0,16,56,9,-8,-151,835(913.629)[I]: [6],4,54,63,5,-218,-288,-13070
(913.639)[I]: [5],0,17,60,9,-8,-144,846(913.639)[I]: [6],4,54,62,5,-215,-290,-13070
(913.649)[I]: [5],0,18,60,10,-8,-134,857(913.649)[I]: [6],4,53,60,5,-213,-291,-13070
(913.659)[I]: [5],0,20,60,8,-9,-127,868(913.659)[I]: [6],4,51,60,4,-211,-293,-13070
(913.669)[I]: [5],0,19,68,7,-9,-121,879(913.669)[I]: [6],5,53,60,4,-209,-294,-13071
(913.679)[I]: [5],0,18,72,7,-10,-118,889(913.679)[I]: [6],4,51,59,3,-207,-295,-13071
(913.689)[I]: [5],0,20,72,6,-10,-117,897(913.689)[I]: [6],5,51,57,3,-205,-296,-13071
(913.699)[I]: [5],0,24,72,6,-10,-114,901(913.699)[I]: [6],4,49,56,3,-203,-297,-13071
(913.709)[I]: [5],0,23,72,6,-11,-114,907(913.709)[I]: [6],3,44,55,3,-201,-298,-13071
(913.719)[I]: [5],0,26,80,6,-12,-116,910(913.719)[I]: [6],3,44,54,3,-199,-299,-13071
(913.729)[I]: [5],0,28,92,6,-13,-119,916(913.729)[I]: [6],3,43,53,3,-197,-300,-13072
(913.739)[I]: [5],0,27,92,6,-12,-121,916(913.739)[I]: [6],3,42,51,3,-195,-301,-13072
(913.749)[I]: [5],0,31,92,6,-12,-122,916(913.749)[I]: [6],3,42,51,3,-193,-303,-13072
(913.759)[I]: [5],0,31,92,6,-12,-124,916(913.759)[I]: [6],3,42,50,3,-191,-304,-13072
(913.769)[I]: [5],1,31,96,6,-12,-126,916(913.769)[I]: [6],2,42,51,3,-189,-305,-13072
(913.779)[I]: [5],4,35,92,6,-12,-127,916(913.780)[I]: [6],2,44,51,3,-187,-306,-13072
(913.789)[I]: [5],5,34,100,6,-12,-129,916(913.790)[I]: [6],3,43,50,3,-185,-307,-13072
(913.799)[I]: [5],4,34,108,6,-12,-131,916(913.800)[I]: [6],2,44,50,3,-183,-308,-13073
(913.809)[I]: [5],4,35,120,6,-12,-133,916(913.810)[I]: [6],2,43,49,3,-182,-309,-13073
(913.819)[I]: [5],5,35,116,6,-11,-134,916(913.820)[I]: [6],2,43,50,3,-180,-310,-13073
(913.829)[I]: [5],4,35,116,7,-11,-136,916(913.830)[I]: [6],2,43,47,3,-178,-311,-13073
(913.839)[I]: [5],4,35,116,6,-11,-137,916(913.840)[I]: [6],2,40,45,3,-176,-312,-13073
(913.849)[I]: [5],4,35,116,6,-11,-139,916(913.850)[I]: [6],2,39,45,3,-174,-313,-13073
(913.859)[I]: [5],4,36,120,6,-11,-140,916(913.860)[I]: [6],2,38,44,3,-173,-314,-13073
(913.869)[I]: [5],4,37,124,6,-11,-141,916(913.870)[I]: [6],2,36,43,3,-171,-314,-13073
(913.879)[I]: [5],4,37,120,6,-11,-142,916(913.880)[I]: [6],2,36,42,3,-169,-315,-13074
(913.889)[I]: [5],4,37,124,6,-11,-143,916(913.890)[I]: [6],2,36,42,3,-168,-317,-13074
(913.899)[I]: [5],3,38,124,6,-11,-144,916(913.900)[I]: [6],2,36,43,3,-166,-318,-13074
(913.909)[I]: [5],3,38,120,6,-10,-145,916(913.910)[I]: [6],1,36,41,3,-164,-319,-13074
(913.919)[I]: [5],3,40,120,6,-10,-147,916(913.920)[I]: [6],0,36,41,3,-163,-320,-13074
(913.929)[I]: [5],3,41,120,6,-10,-148,916(913.930)[I]: [6],0,37,40,3,-161,-321,-13074
(913.939)[I]: [5],3,40,120,6,-10,-150,916(913.940)[I]: [6],0,37,40,3,-159,-322,-13074
(913.949)[I]: [5],3,39,120,6,-10,-151,916(913.950)[I]: [6],0,37,39,3,-158,-323,-13074
(913.959)[I]: [5],3,42,124,6,-10,-152,916(913.960)[I]: [6],0,35,38,3,-156,-324,-13075
(913.969)[I]: [5],3,42,124,7,-10,-153,916(913.970)[I]: [6],0,31,37,3,-155,-325,-13075
(913.979)[I]: [5],3,42,124,7,-10,-154,916(913.980)[I]: [6],0,34,38,3,-153,-325,-13075
(913.989)[I]: [5],3,42,124,7,-10,-156,916(913.990)[I]: [6],0,34,36,3,-152,-326,-13075
(913.999)[I]: [5],3,42,124,6,-10,-157,916(913.999)[I]: [6],0,34,34,3,-150,-327,-13075
(913.999)[I]: [5],3,41,124,7,-9,-158,916(913.999)[I]: [6],0,34,35,3,-149,-328,-13075
(913.999)[I]: [5],3,41,124,7,-9,-159,916(913.999)[I]: [6],0,34,35,3,-147,-329,-13075
(914.005)[I]: [5],4,41,124,7,-9,-160,916(914.005)[I]: [6],0,35,35,3,-146,-329,-13075
(914.015)[I]: [5],4,40,124,7,-9,-161,916(914.015)[I]: [6],0,35,35,3,-144,-330,-13075
(914.025)[I]: [5],4,40,124,7,-9,-162,916(914.025)[I]: [6],0,34,31,3,-143,-331,-13076
(914.035)[I]: [5],4,42,124,6,-9,-163,916(914.035)[I]: [6],0,34,31,3,-141,-332,-13076
(914.045)[I]: [5],5,42,124,7,-9,-164,916(914.045)[I]: [6],0,31,31,3,-140,-333,-13076
(914.055)[I]: [5],4,44,124,7,-9,-165,916(914.055)[I]: [6],0,31,31,3,-138,-333,-13076
(914.065)[I]: [5],4,44,136,7,-9,-166,916(914.065)[I]: [6],0,33,31,3,-137,-334,-13076
(914.075)[I]: [5],5,45,136,7,-9,-168,916(914.075)[I]: [6],0,31,31,4,-136,-335,-13076
(914.085)[I]: [5],4,43,136,7,-8,-169,916(914.085)[I]: [6],0,31,31,4,-134,-335,-13076
(914.095)[I]: [5],4,43,140,7,-8,-170,916(914.095)[I]: [6],0,28,30,4,-133,-336,-13076
(914.105)[I]: [5],3,42,140,7,-8,-172,916(914.105)[I]: [6],0,29,29,4,-132,-336,-13076
(914.115)[I]: [5],3,42,140,7,-8,-172,916(914.115)[I]: [6],0,28,29,4,-130,-337,-13076
(914.125)[I]: [5],3,42,140,8,-8,-173,916(914.125)[I]: [6],0,29,29,4,-129,-338,-13076
(914.135)[I]: [5],3,41,140,8,-8,-174,916(914.135)[I]: [6],0,29,30,4,-128,-338,-13077
(914.145)[I]: [5],2,40,140,8,-8,-175,916(914.145)[I]: [6],0,28,30,4,-126,-339,-13077
(914.155)[I]: [5],1,40,140,8,-8,-177,916(914.155)[I]: [6],0,28,31,4,-125,-340,-13077
(914.165)[I]: [5],1,39,140,8,-8,-178,916(914.165)[I]: [6],0,28,31,4,-124,-340,-13077
(914.175)[I]: [5],0,41,136,9,-8,-179,916(914.175)[I]: [6],0,29,31,4,-123,-341,-13077
(914.185)[I]: [5],0,41,136,9,-8,-180,916(914.185)[I]: [6],0,28,30,4,-121,-341,-13077
(914.195)[I]: [5],0,41,136,9,-8,-181,916(914.195)[I]: [6],0,27,30,4,-120,-342,-13077
(914.205)[I]: [5],0,41,136,9,-7,-182,916(914.205)[I]: [6],0,28,29,4,-119,-342,-13077
(914.215)[I]: [5],0,40,136,9,-7,-183,916(914.215)[I]: [6],0,28,28,4,-118,-343,-13077
(914.225)[I]: [5],0,39,136,10,-7,-184,916(914.225)[I]: [6],0,28,28,4,-117,-343,-13077
(914.235)[I]: [5],0,39,140,9,-7,-184,916(914.235)[I]: [6],0,28,28,4,-116,-344,-13077
(914.245)[I]: [5],0,39,136,10,-7,-184,916(914.245)[I]: [6],0,28,28,4,-114,-345,-13077
(914.255)[I]: [5],0,40,136,10,-7,-185,916(914.255)[I]: [6],0,28,29,4,-113,-345,-13078
(914.265)[I]: [5],0,39,136,10,-7,-187,916(914.265)[I]: [6],0,28,29,4,-112,-345,-13078
(914.275)[I]: [5],0,40,136,10,-7,-188,916(914.275)[I]: [6],0,28,30,4,-111,-346,-13078
(914.285)[I]: [5],0,39,136,10,-7,-189,916(914.285)[I]: [6],0,28,29,4,-110,-346,-13078
(914.295)[I]: [5],0,39,136,10,-7,-190,916(914.295)[I]: [6],0,28,30,4,-109,-347,-13078
(914.305)[I]: [5],0,40,132,10,-7,-190,916(914.305)[I]: [6],0,28,30,4,-108,-348,-13078
(914.315)[I]: [5],0,39,132,10,-7,-191,916(914.315)[I]: [6],0,28,30,4,-107,-349,-13078
(914.325)[I]: [5],0,39,124,10,-7,-192,916(914.325)[I]: [6],0,28,30,4,-106,-349,-13078
(914.335)[I]: [5],0,39,124,10,-6,-193,916(914.335)[I]: [6],0,28,31,4,-104,-350,-13078
(914.345)[I]: [5],0,39,124,10,-6,-194,916(914.346)[I]: [6],0,28,31,4,-103,-350,-13078
(914.355)[I]: [5],0,40,124,10,-6,-195,916(914.355)[I]: [6],0,29,30,4,-102,-351,-13078
(914.365)[I]: [5],0,41,124,10,-6,-196,916(914.365)[I]: [6],0,28,31,4,-101,-351,-13078