(967.529)[I]: [5],0,18,80,17,-90,-251,4494(967.530)[I]: [6],0,27,30,9,-108,-268,-1814
(967.539)[I]: [5],0,18,80,17,-89,-251,4494(967.540)[I]: [6],0,27,31,9,-107,-268,-1814
(967.549)[I]: [5],0,18,80,17,-88,-251,4494(967.550)[I]: [6],0,27,31,9,-106,-268,-1814
(967.559)[I]: [5],0,18,80,17,-87,-251,4494(967.560)[I]: [6],0,27,30,9,-105,-268,-1814
(967.569)[I]: [5],0,18,80,17,-86,-252,4494(967.570)[I]: [6],0,27,31,9,-103,-268,-1814
(967.579)[I]: [5],0,18,80,17,-85,-252,4494(967.580)[I]: [6],0,27,31,9,-102,-268,-1814
(967.589)[I]: [5],0,18,80,17,-84,-253,4494(967.590)[I]: [6],0,27,31,9,-101,-268,-1814
(967.599)[I]: [5],0,18,80,17,-84,-253,4494(967.600)[I]: [6],0,27,31,9,-100,-269,-1814
(967.609)[I]: [5],0,18,80,17,-83,-253,4494(967.610)[I]: [6],0,27,31,9,-99,-269,-1814
(967.619)[I]: [5],0,18,80,17,-82,-253,4494(967.620)[I]: [6],0,27,30,9,-98,-269,-1814
(967.629)[I]: [5],0,18,80,17,-81,-254,4494(967.630)[I]: [6],0,26,30,9,-97,-269,-1814
(967.639)[I]: [5],0,19,80,17,-80,-254,4494(967.640)[I]: [6],0,26,31,9,-96,-269,-1814
(967.649)[I]: [5],0,19,80,17,-80,-253,4494(967.650)[I]: [6],0,27,31,9,-95,-269,-1814
(967.659)[I]: [5],0,18,80,17,-79,-254,4494(967.660)[I]: [6],0,26,31,9,-95,-269,-1814
(967.669)[I]: [5],0,19,80,17,-78,-255,4494(967.670)[I]: [6],0,27,30,9,-94,-269,-1814
(967.679)[I]: [5],0,18,76,17,-77,-255,4494(967.680)[I]: [6],0,27,30,9,-93,-269,-1814
(967.689)[I]: [5],0,19,80,17,-76,-255,4494(967.690)[I]: [6],0,27,31,9,-92,-269,-1814
(967.699)[I]: [5],0,18,80,17,-76,-255,4494(967.700)[I]: [6],0,27,31,9,-91,-269,-1814
(967.709)[I]: [5],0,19,80,17,-75,-256,4494(967.710)[I]: [6],0,27,31,9,-90,-270,-1814
(967.719)[I]: [5],0,19,80,17,-74,-256,4494(967.720)[I]: [6],0,27,31,9,-89,-269,-1814
(967.729)[I]: [5],0,18,80,17,-73,-257,4494(967.730)[I]: [6],0,27,30,9,-88,-270,-1814
(967.739)[I]: [5],0,18,80,17,-73,-256,4494(967.740)[I]: [6],0,26,30,9,-87,-270,-1814
(967.749)[I]: [5],0,19,80,17,-72,-257,4494(967.750)[I]: [6],0,26,30,9,-86,-270,-1814
(967.759)[I]: [5],0,18,80,17,-71,-257,4494(967.760)[I]: [6],0,27,31,9,-85,-271,-1814
(967.769)[I]: [5],0,18,80,17,-70,-258,4494(967.770)[I]: [6],0,27,30,9,-85,-270,-1814
(967.779)[I]: [5],0,19,80,17,-70,-258,4494(967.780)[I]: [6],0,27,30,9,-84,-271,-1814
(967.789)[I]: [5],0,19,80,17,-69,-258,4494(967.790)[I]: [6],0,27,31,9,-83,-271,-1814
(967.799)[I]: [5],0,18,80,17,-68,-259,4494(967.800)[I]: [6],0,27,31,9,-82,-271,-1814
(967.809)[I]: [5],0,18,80,17,-68,-259,4494(967.810)[I]: [6],0,27,31,9,-81,-272,-1814
(967.819)[I]: [5],0,19,76,17,-67,-259,4494(967.820)[I]: [6],0,27,31,9,-80,-272,-1814
(967.829)[I]: [5],0,18,76,17,-66,-259,4494(967.830)[I]: [6],0,27,31,9,-80,-272,-1814
(967.839)[I]: [5],0,18,76,17,-66,-259,4494(967.840)[I]: [6],0,27,31,9,-79,-271,-1814
(967.849)[I]: [5],0,18,80,17,-65,-259,4494(967.850)[I]: [6],0,27,31,9,-78,-271,-1814
(967.859)[I]: [5],0,18,80,17,-64,-259,4494(967.860)[I]: [6],0,27,30,9,-77,-272,-1814
(967.869)[I]: [5],0,19,76,17,-64,-260,4494(967.870)[I]: [6],0,27,30,9,-76,-272,-1814
(967.879)[I]: [5],0,18,80,17,-63,-260,4494(967.880)[I]: [6],0,27,30,9,-76,-272,-1814
(967.889)[I]: [5],0,18,80,17,-62,-260,4494(967.890)[I]: [6],0,27,31,9,-75,-272,-1814
(967.899)[I]: [5],0,19,80,17,-62,-260,4494(967.900)[I]: [6],0,27,31,9,-74,-271,-1814
(967.909)[I]: [5],0,19,80,17,-61,-261,4494(967.910)[I]: [6],0,27,31,9,-73,-272,-1814
(967.919)[I]: [5],0,19,80,17,-61,-261,4494(967.920)[I]: [6],0,27,31,9,-73,-272,-1814
(967.929)[I]: [5],0,18,80,17,-60,-261,4494(967.930)[I]: [6],0,27,31,9,-72,-272,-1814
(967.939)[I]: [5],0,18,80,17,-59,-261,4494(967.940)[I]: [6],0,27,31,9,-71,-272,-1814
(967.949)[I]: [5],0,18,80,17,-59,-261,4494(967.950)[I]: [6],0,27,31,9,-71,-272,-1814
(967.959)[I]: [5],0,19,80,17,-58,-261,4494(967.960)[I]: [6],0,27,31,9,-70,-272,-1814
(967.969)[I]: [5],0,19,80,17,-58,-261,4494(967.970)[I]: [6],0,27,31,9,-69,-272,-1814
(967.979)[I]: [5],0,19,80,17,-57,-261,4494(967.980)[I]: [6],0,27,31,9,-68,-272,-1814
(967.989)[I]: [5],0,19,80,17,-56,-262,4494(967.990)[I]: [6],0,27,31,9,-68,-272,-1814
(967.999)[I]: [5],0,19,80,17,-56,-262,4494(967.999)[I]: [6],0,27,31,9,-67,-273,-1814
(967.999)[I]: [5],0,19,80,17,-55,-262,4494(967.999)[I]: [6],0,27,31,9,-66,-272,-1814
(967.999)[I]: [5],0,19,80,17,-55,-262,4494(967.999)[I]: [6],0,27,31,9,-66,-272,-1814
(968.005)[I]: [5],0,19,80,17,-54,-262,4494(968.005)[I]: [6],0,27,31,9,-65,-273,-1814
(968.015)[I]: [5],0,19,80,17,-54,-262,4494(968.016)[I]: [6],0,27,31,9,-64,-272,-1814
(968.025)[I]: [5],0,19,80,17,-53,-262,4494(968.026)[I]: [6],0,27,31,9,-64,-272,-1814
(968.035)[I]: [5],0,19,80,17,-53,-262,4494(968.036)[I]: [6],0,27,31,9,-63,-272,-1814
(968.045)[I]: [5],0,19,80,17,-52,-262,4494(968.046)[I]: [6],0,27,30,9,-63,-272,-1814
(968.055)[I]: [5],0,19,80,17,-51,-262,4494(968.056)[I]: [6],0,27,31,9,-62,-273,-1814
(968.065)[I]: [5],0,19,80,17,-51,-262,4494(968.066)[I]: [6],0,27,31,9,-61,-272,-1814
(968.075)[I]: [5],0,19,80,17,-50,-263,4494(968.076)[I]: [6],0,27,31,9,-61,-272,-1814
(968.085)[I]: [5],0,19,80,17,-50,-263,4494(968.086)[I]: [6],0,27,31,9,-60,-272,-1814
(968.095)[I]: [5],0,19,80,17,-49,-263,4494(968.096)[I]: [6],0,27,31,9,-59,-272,-1814
(968.105)[I]: [5],0,19,80,17,-49,-263,4494(968.106)[I]: [6],0,27,30,9,-59,-273,-1814
(968.115)[I]: [5],0,19,80,17,-48,-263,4494(968.116)[I]: [6],0,27,30,9,-58,-273,-1814
(968.125)[I]: [5],0,19,80,17,-48,-263,4494(968.126)[I]: [6],0,27,30,9,-58,-273,-1814
(968.135)[I]: [5],0,19,80,17,-47,-264,4494(968.136)[I]: [6],0,27,29,9,-57,-273,-1814
(968.145)[I]: [5],0,19,80,17,-47,-264,4494(968.146)[I]: [6],0,26,29,9,-56,-273,-1814
(968.155)[I]: [5],0,19,80,17,-47,-264,4494(968.156)[I]: [6],0,27,28,9,-56,-273,-1814
(968.165)[I]: [5],0,19,80,18,-46,-264,4494(968.166)[I]: [6],0,26,27,9,-55,-273,-1814
(968.175)[I]: [5],0,19,84,18,-46,-264,4494(968.176)[I]: [6],0,26,26,9,-55,-273,-1814
(968.185)[I]: [5],0,19,84,18,-45,-265,4494(968.186)[I]: [6],0,25,25,9,-54,-273,-1814
(968.195)[I]: [5],0,19,84,18,-45,-265,4494(968.196)[I]: [6],0,24,24,9,-54,-273,-1814
(968.205)[I]: [5],0,19,84,19,-44,-266,4494(968.206)[I]: [6],0,23,24,9,-53,-273,-1814
(968.215)[I]: [5],0,19,84,19,-44,-266,4494(968.216)[I]: [6],0,24,25,9,-53,-274,-1814
(968.225)[I]: [5],0,19,84,19,-43,-266,4494(968.226)[I]: [6],0,24,24,9,-52,-274,-1814
(968.235)[I]: [5],0,18,88,20,-43,-267,4494(968.236)[I]: [6],0,23,23,9,-52,-274,-1814
(968.245)[I]: [5],0,18,88,20,-42,-267,4494(968.246)[I]: [6],0,22,23,9,-51,-274,-1814
(968.255)[I]: [5],0,18,92,20,-42,-267,4494(968.256)[I]: [6],0,21,21,9,-51,-274,-1814
(968.265)[I]: [5],0,17,92,20,-42,-267,4494(968.266)[I]: [6],0,20,22,9,-50,-274,-1814
(968.275)[I]: [5],0,17,92,21,-41,-267,4494(968.276)[I]: [6],0,20,22,9,-50,-274,-1814
(968.285)[I]: [5],0,17,92,21,-41,-267,4494(968.286)[I]: [6],0,21,21,9,-49,-274,-1814
(968.295)[I]: [5],0,15,96,21,-40,-267,4494(968.296)[I]: [6],0,19,19,9,-49,-274,-1814
(968.305)[I]: [5],0,15,96,21,-40,-266,4494(968.306)[I]: [6],0,18,19,9,-48,-274,-1814
(968.315)[I]: [5],0,15,96,22,-40,-266,4494(968.316)[I]: [6],0,17,18,9,-48,-275,-1814
(968.325)[I]: [5],0,15,96,22,-39,-266,4494(968.326)[I]: [6],0,17,15,8,-47,-275,-1814
(968.335)[I]: [5],0,15,100,22,-39,-265,4494(968.336)[I]: [6],0,16,15,9,-47,-275,-1814
(968.345)[I]: [5],0,15,104,22,-38,-265,4494(968.346)[I]: [6],0,15,15,8,-46,-275,-1814
(968.355)[I]: [5],0,17,108,22,-38,-265,4494(968.356)[I]: [6],0,15,12,8,-46,-275,-1814
(968.365)[I]: [5],0,17,108,21,-38,-265,4494(968.366)[I]: [6],0,14,11,8,-45,-275,-1814
(968.375)[I]: [5],0,17,108,21,-37,-264,4494(968.376)[I]: [6],0,14,7,8,-45,-274,-1814
(968.385)[I]: [5],0,17,108,22,-37,-263,4494(968.386)[I]: [6],0,14,9,8,-44,-273,-1814
(968.395)[I]: [5],0,17,112,21,-36,-263,4494(968.396)[I]: [6],0,14,8,8,-44,-273,-1814
(968.405)[I]: [5],0,17,120,21,-36,-263,4494(968.406)[I]: [6],0,14,8,8,-43,-273,-1814
(968.415)[I]: [5],0,17,124,20,-36,-263,4494(968.416)[I]: [6],0,14,7,8,-43,-274,-1814
(968.425)[I]: [5],0,18,124,20,-35,-263,4494(968.426)[I]: [6],0,14,5,8,-43,-274,-1814
(968.435)[I]: [5],0,19,124,20,-35,-262,4494(968.436)[I]: [6],0,14,6,8,-42,-274,-1814
(968.445)[I]: [5],0,19,124,20,-35,-262,4494(968.446)[I]: [6],0,13,6,8,-42,-274,-1814
(968.455)[I]: [5],0,19,132,20,-34,-261,4494(968.456)[I]: [6],0,14,6,8,-41,-274,-1814
(968.465)[I]: [5],0,20,136,18,-34,-261,4494(968.466)[I]: [6],0,14,7,8,-41,-275,-1814
(968.475)[I]: [5],0,22,140,18,-34,-260,4494(968.476)[I]: [6],0,13,5,9,-40,-275,-1814
(968.485)[I]: [5],0,24,144,17,-33,-261,4494(968.486)[I]: [6],0,13,6,8,-40,-275,-1814
(968.495)[I]: [5],0,27,144,16,-33,-261,4494(968.496)[I]: [6],0,14,7,9,-40,-275,-1814
(968.505)[I]: [5],0,27,144,13,-33,-263,4501(968.506)[I]: [6],0,14,8,9,-39,-275,-1814
(968.515)[I]: [5],0,33,144,11,-33,-265,4510(968.516)[I]: [6],0,15,8,9,-39,-275,-1814
(968.525)[I]: [5],0,35,152,10,-33,-268,4524(968.526)[I]: [6],0,15,9,10,-38,-275,-1814
(968.535)[I]: [5],2,37,148,7,-33,-272,4542(968.536)[I]: [6],0,15,9,10,-38,-275,-1814
(968.545)[I]: [5],4,38,152,3,-34,-275,4567(968.546)[I]: [6],0,15,9,11,-38,-276,-1814
(968.555)[I]: [5],7,44,160,2,-35,-271,4601(968.556)[I]: [6],0,17,9,12,-37,-276,-1814
(968.565)[I]: [5],7,46,156,0,-35,-266,4636(968.566)[I]: [6],0,18,12,14,-37,-276,-1814
(968.575)[I]: [5],9,48,160,0,-37,-264,4669(968.576)[I]: [6],0,18,15,17,-37,-276,-1814
(968.585)[I]: [5],11,46,152,0,-39,-248,4708(968.586)[I]: [6],0,19,17,19,-36,-275,-1817
(968.595)[I]: [5],11,43,124,0,-43,-245,4792(968.596)[I]: [6],0,18,21,21,-36,-276,-1817
(968.605)[I]: [5],12,35,96,0,-48,-242,4911(968.606)[I]: [6],0,19,22,24,-35,-276,-1817
(968.615)[I]: [5],11,21,72,0,-53,-230,5055(968.616)[I]: [6],0,19,25,26,-35,-273,-1817
(968.625)[I]: [5],11,15,40,0,-53,-199,5229(968.626)[I]: [6],0,19,28,27,-34,-272,-1817
(968.635)[I]: [5],9,11,36,0,-50,-124,5434(968.636)[I]: [6],0,20,29,29,-34,-271,-1817
(968.645)[I]: [5],3,8,28,0,-59,-18,5639(968.645)[I]: [6],0,19,33,31,-34,-270,-1817
(968.655)[I]: [5],7,6,24,0,-78,86,5849(968.655)[I]: [6],0,18,33,35,-33,-270,-1817
(968.665)[I]: [5],6,5,20,0,-99,177,6067(968.665)[I]: [6],0,20,36,40,-33,-269,-1817
(968.675)[I]: [5],2,4,20,0,-105,252,6281(968.676)[I]: [6],0,21,40,42,-33,-269,-1817
(968.685)[I]: [5],0,3,16,1,-114,330,6461(968.686)[I]: [6],0,24,41,43,-32,-268,-1817
(968.695)[I]: [5],0,3,12,1,-140,392,6630(968.696)[I]: [6],0,24,47,46,-32,-266,-1817
(968.705)[I]: [5],0,3,12,1,-173,369,6718(968.706)[I]: [6],0,25,47,46,-32,-266,-1817
(968.715)[I]: [5],0,3,16,1,-207,277,6700(968.716)[I]: [6],0,25,48,45,-31,-265,-1817
(968.725)[I]: [5],0,3,20,0,-250,143,6617(968.725)[I]: [6],0,25,51,42,-31,-265,-1817
(968.735)[I]: [5],0,4,20,0,-305,-14,6512(968.735)[I]: [6],0,26,51,39,-31,-264,-1817
(968.745)[I]: [5],0,4,20,0,-372,-170,6414(968.745)[I]: [6],0,27,50,35,-30,-264,-1817
(968.755)[I]: [5],0,4,20,0,-450,-310,6324(968.756)[I]: [6],0,27,50,34,-30,-264,-1817
(968.765)[I]: [5],0,4,12,1,-535,-430,6238(968.766)[I]: [6],0,27,51,31,-30,-263,-1817
(968.775)[I]: [5],0,4,12,1,-621,-531,6152(968.776)[I]: [6],0,28,50,29,-29,-263,-1817
(968.785)[I]: [5],0,4,12,1,-700,-621,6064(968.786)[I]: [6],0,29,48,25,-29,-262,-1817
(968.795)[I]: [5],0,4,8,1,-766,-702,5980(968.795)[I]: [6],0,31,50,24,-29,-262,-1817
(968.805)[I]: [5],0,3,8,1,-814,-778,5903(968.805)[I]: [6],0,31,51,22,-29,-261,-1817
(968.815)[I]: [5],0,4,8,1,-839,-851,5830(968.815)[I]: [6],0,34,51,21,-28,-262,-1819
(968.825)[I]: [5],0,4,8,1,-839,-918,5760(968.825)[I]: [6],0,36,52,19,-27,-264,-1822
(968.835)[I]: [5],0,4,12,1,-815,-973,5691(968.836)[I]: [6],0,38,52,19,-27,-264,-1822
(968.845)[I]: [5],0,4,12,1,-772,-1005,5630(968.846)[I]: [6],0,40,53,19,-27,-264,-1822
(968.855)[I]: [5],0,3,12,1,-717,-1006,5577(968.856)[I]: [6],0,43,55,19,-27,-264,-1822
(968.865)[I]: [5],0,3,12,1,-657,-974,5531(968.866)[I]: [6],0,44,56,19,-26,-264,-1822
(968.875)[I]: [5],0,3,8,0,-597,-916,5487(968.875)[I]: [6],0,44,58,18,-26,-264,-1822
(968.885)[I]: [5],0,3,8,1,-540,-839,5440(968.885)[I]: [6],0,45,57,19,-26,-265,-1822
(968.895)[I]: [5],0,3,12,1,-487,-754,5386(968.896)[I]: [6],0,44,57,19,-26,-265,-1822
(968.905)[I]: [5],0,3,8,1,-444,-669,5323(968.905)[I]: [6],0,45,55,19,-25,-265,-1822
(968.915)[I]: [5],0,2,8,1,-412,-588,5249(968.915)[I]: [6],0,46,55,18,-25,-265,-1822
(968.925)[I]: [5],0,2,8,1,-392,-516,5164(968.925)[I]: [6],0,47,57,18,-25,-266,-1822
(968.935)[I]: [5],0,2,8,1,-384,-455,5068(968.935)[I]: [6],0,48,56,17,-25,-265,-1822
(968.945)[I]: [5],0,2,8,1,-388,-401,4964(968.945)[I]: [6],0,48,56,17,-24,-265,-1822
(968.955)[I]: [5],0,3,8,1,-401,-357,4856(968.956)[I]: [6],0,48,56,17,-24,-265,-1822
(968.965)[I]: [5],0,2,8,1,-422,-316,4746(968.965)[I]: [6],0,50,55,16,-24,-265,-1822
(968.975)[I]: [5],0,2,8,1,-449,-278,4637(968.975)[I]: [6],0,51,56,16,-24,-266,-1822
(968.985)[I]: [5],0,3,8,1,-481,-240,4530(968.985)[I]: [6],0,52,57,15,-23,-266,-1822
(968.995)[I]: [5],0,3,8,1,-519,-200,4426(968.996)[I]: [6],0,53,58,15,-23,-265,-1822
(968.999)[I]: [5],0,3,8,1,-563,-159,4327(968.999)[I]: [6],0,54,59,15,-23,-265,-1822
(968.999)[I]: [5],0,3,4,0,-615,-114,4224(968.999)[I]: [6],0,54,59,15,-23,-265,-1822
(969.001)[I]: [5],0,3,4,0,-675,-67,4113(969.001)[I]: [6],0,55,61,17,-22,-265,-1822
(969.011)[I]: [5],0,2,8,0,-731,-24,4000(969.011)[I]: [6],0,56,62,16,-22,-265,-1822
(969.021)[I]: [5],0,3,8,0,-776,17,3900(969.021)[I]: [6],0,56,62,17,-22,-265,-1822
(969.031)[I]: [5],0,3,8,0,-803,52,3818(969.031)[I]: [6],0,57,62,17,-22,-265,-1822
(969.041)[I]: [5],0,3,8,0,-810,80,3756(969.041)[I]: [6],0,56,63,17,-21,-265,-1822
(969.051)[I]: [5],0,2,8,0,-799,107,3709(969.051)[I]: [6],0,56,63,17,-21,-266,-1822
(969.061)[I]: [5],0,3,4,0,-772,134,3672(969.061)[I]: [6],0,56,63,18,-21,-266,-1822
(969.071)[I]: [5],0,3,8,0,-732,160,3640(969.071)[I]: [6],0,56,63,18,-21,-266,-1822
(969.081)[I]: [5],0,3,8,0,-684,186,3613(969.081)[I]: [6],0,57,63,18,-21,-266,-1822
(969.091)[I]: [5],0,3,4,0,-633,215,3594(969.091)[I]: [6],0,59,63,17,-20,-266,-1822
(969.101)[I]: [5],0,3,8,0,-583,245,3585(969.101)[I]: [6],0,59,63,16,-20,-265,-1822
(969.111)[I]: [5],0,3,8,0,-536,271,3584(969.111)[I]: [6],0,59,63,18,-20,-266,-1822
(969.121)[I]: [5],0,3,4,0,-491,285,3585(969.121)[I]: [6],0,60,63,18,-20,-266,-1822
(969.131)[I]: [5],0,3,4,0,-446,283,3585(969.131)[I]: [6],0,60,63,18,-20,-266,-1822
(969.141)[I]: [5],0,3,4,0,-400,265,3584(969.141)[I]: [6],0,61,63,19,-19,-266,-1822
(969.151)[I]: [5],0,4,8,0,-353,238,3586(969.151)[I]: [6],0,60,63,19,-19,-267,-1822
(969.161)[I]: [5],0,4,8,0,-306,208,3594(969.161)[I]: [6],0,60,61,21,-19,-266,-1822
(969.171)[I]: [5],0,3,8,0,-262,178,3608(969.171)[I]: [6],0,61,61,20,-19,-266,-1822
(969.181)[I]: [5],3,3,4,4,-217,161,3630(969.181)[I]: [6],0,62,61,21,-19,-266,-1822
(969.191)[I]: [5],0,3,0,5,-182,140,3817(969.191)[I]: [6],0,61,59,20,-18,-266,-1822
(969.201)[I]: [5],0,3,0,6,-174,126,3909(969.201)[I]: [6],0,61,61,19,-18,-266,-1822
(969.211)[I]: [5],0,3,0,6,-163,99,3989(969.211)[I]: [6],0,61,63,18,-18,-267,-1822
(969.221)[I]: [5],0,3,4,5,-153,60,4052(969.221)[I]: [6],0,62,62,17,-18,-267,-1822
(969.231)[I]: [5],0,3,0,5,-140,28,4093(969.231)[I]: [6],0,62,63,16,-18,-267,-1822
(969.241)[I]: [5],0,3,0,3,-127,1,4134(969.241)[I]: [6],0,63,63,14,-18,-267,-1822
(969.251)[I]: [5],0,3,4,4,-112,-16,4176(969.251)[I]: [6],0,63,67,13,-17,-267,-1822
(969.261)[I]: [5],0,3,8,5,-100,-31,4222(969.261)[I]: [6],0,63,67,11,-17,-266,-1822
(969.271)[I]: [5],0,3,8,5,-93,-39,4278(969.271)[I]: [6],0,66,69,10,-17,-266,-1822
(969.281)[I]: [5],0,3,12,6,-91,-44,4352(969.281)[I]: [6],0,67,68,10,-17,-266,-1822
(969.291)[I]: [5],0,4,16,7,-93,-55,4435(969.291)[I]: [6],0,70,67,9,-16,-269,-1828
(969.301)[I]: [5],0,4,24,7,-101,-78,4495(969.301)[I]: [6],0,77,67,8,-15,-272,-1835
(969.311)[I]: [5],0,4,24,7,-101,-95,4523(969.311)[I]: [6],0,88,67,7,-14,-275,-1846
(969.321)[I]: [5],0,6,24,7,-102,-111,4539(969.322)[I]: [6],0,94,69,5,-13,-279,-1859
(969.331)[I]: [5],0,6,32,7,-102,-114,4542(969.332)[I]: [6],1,105,71,5,-11,-285,-1877
(969.341)[I]: [5],0,5,36,10,-101,-116,4542(969.342)[I]: [6],1,118,81,4,-10,-294,-1898
(969.351)[I]: [5],0,7,36,10,-100,-118,4546(969.352)[I]: [6],2,131,85,4,-7,-303,-1922
(969.361)[I]: [5],0,7,48,12,-101,-125,4556(969.362)[I]: [6],3,147,85,4,-6,-308,-1951
(969.371)[I]: [5],0,8,44,15,-102,-138,4567(969.372)[I]: [6],4,163,87,3,-4,-317,-1988
(969.381)[I]: [5],0,12,48,18,-102,-148,4574(969.382)[I]: [6],5,179,82,3,0,-334,-2038
(969.391)[I]: [5],0,17,44,20,-103,-156,4576(969.392)[I]: [6],9,187,68,3,3,-338,-2128
(969.401)[I]: [5],0,17,40,22,-103,-158,4580(969.402)[I]: [6],10,192,67,3,8,-335,-2242
(969.411)[I]: [5],0,20,48,27,-105,-157,4587(969.412)[I]: [6],8,186,56,3,15,-319,-2382
(969.421)[I]: [5],0,23,48,28,-105,-156,4590(969.422)[I]: [6],12,167,41,3,22,-299,-2547
(969.431)[I]: [5],3,23,52,31,-104,-156,4590(969.432)[I]: [6],11,146,25,3,22,-266,-2726
(969.441)[I]: [5],3,23,60,37,-103,-156,4590(969.442)[I]: [6],12,103,18,3,32,-194,-2936
(969.451)[I]: [5],3,23,64,45,-102,-157,4590(969.452)[I]: [6],10,73,17,3,43,-141,-3168
(969.461)[I]: [5],5,22,68,50,-101,-159,4590(969.462)[I]: [6],12,55,12,3,50,-99,-3417
(969.471)[I]: [5],5,25,76,54,-100,-160,4590(969.472)[I]: [6],11,34,11,3,57,-45,-3669
(969.481)[I]: [5],6,26,76,60,-99,-161,4590(969.482)[I]: [6],8,27,13,3,75,0,-3924
(969.491)[I]: [5],5,28,76,64,-98,-160,4590(969.492)[I]: [6],4,22,11,3,88,22,-4179
(969.501)[I]: [5],5,31,80,68,-97,-161,4590(969.502)[I]: [6],0,19,6,3,97,24,-4443
(969.511)[I]: [5],5,35,92,69,-96,-162,4590(969.512)[I]: [6],0,17,5,3,130,16,-4667
(969.521)[I]: [5],6,31,100,69,-95,-162,4590(969.522)[I]: [6],0,12,3,3,172,-4,-4840
(969.531)[I]: [5],4,30,104,67,-94,-164,4590(969.532)[I]: [6],0,12,4,3,241,-36,-4955
(969.541)[I]: [5],5,31,104,64,-93,-164,4590(969.542)[I]: [6],0,14,4,3,329,-96,-5005
(969.551)[I]: [5],5,30,108,64,-92,-164,4590(969.552)[I]: [6],0,11,5,3,435,-161,-4968
(969.561)[I]: [5],6,30,112,62,-91,-161,4589(969.562)[I]: [6],0,11,4,3,574,-235,-4905
(969.571)[I]: [5],3,27,116,60,-90,-154,4590(969.572)[I]: [6],0,11,5,3,733,-317,-4839
(969.581)[I]: [5],5,26,120,57,-89,-146,4590(969.582)[I]: [6],0,11,5,3,911,-396,-4783
(969.591)[I]: [5],4,24,124,51,-88,-138,4589(969.592)[I]: [6],0,11,3,3,1093,-482,-4732
(969.601)[I]: [5],3,21,124,48,-87,-129,4588(969.602)[I]: [6],0,11,3,3,1262,-576,-4678
(969.611)[I]: [5],0,19,124,45,-85,-120,4586(969.612)[I]: [6],0,10,3,3,1403,-688,-4615
(969.621)[I]: [5],0,18,124,35,-84,-113,4586(969.622)[I]: [6],0,10,3,3,1505,-816,-4547
(969.631)[I]: [5],0,15,124,32,-84,-105,4588(969.632)[I]: [6],0,11,2,3,1566,-955,-4476
(969.641)[I]: [5],0,17,124,28,-82,-99,4590(969.642)[I]: [6],0,10,1,3,1590,-1094,-4405
(969.651)[I]: [5],0,17,124,27,-81,-99,4590(969.652)[I]: [6],0,10,1,3,1580,-1213,-4336
(969.661)[I]: [5],0,17,124,23,-81,-99,4590(969.662)[I]: [6],0,10,1,3,1550,-1303,-4271
(969.671)[I]: [5],0,18,132,22,-80,-99,4590(969.672)[I]: [6],0,9,2,3,1498,-1360,-4209
(969.681)[I]: [5],0,17,132,22,-79,-97,4590(969.682)[I]: [6],0,9,1,3,1431,-1379,-4151
(969.691)[I]: [5],0,17,124,22,-78,-96,4590(969.692)[I]: [6],0,9,1,3,1357,-1359,-4091
(969.701)[I]: [5],0,15,124,21,-77,-96,4590(969.702)[I]: [6],0,8,2,3,1275,-1319,-4027
(969.711)[I]: [5],0,16,124,21,-77,-97,4590(969.712)[I]: [6],0,9,2,3,1186,-1258,-3963
(969.721)[I]: [5],0,17,124,21,-76,-97,4590(969.722)[I]: [6],0,9,2,3,1092,-1188,-3893
(969.731)[I]: [5],0,17,124,20,-75,-95,4590(969.732)[I]: [6],0,9,2,3,994,-1110,-3814
(969.741)[I]: [5],0,15,124,20,-74,-94,4590(969.742)[I]: [6],0,8,2,3,893,-1027,-3725
(969.751)[I]: [5],0,14,124,20,-74,-95,4590(969.752)[I]: [6],0,8,2,3,794,-944,-3624
(969.761)[I]: [5],0,15,124,20,-73,-96,4590(969.762)[I]: [6],0,8,2,3,701,-862,-3512
(969.771)[I]: [5],0,15,124,21,-72,-95,4590(969.772)[I]: [6],0,8,2,2,615,-784,-3389
(969.781)[I]: [5],0,13,124,21,-71,-96,4590(969.782)[I]: [6],0,8,2,3,540,-714,-3254
(969.791)[I]: [5],0,13,124,22,-71,-96,4590(969.792)[I]: [6],0,8,2,3,478,-641,-3112
(969.801)[I]: [5],0,13,124,23,-70,-95,4590(969.802)[I]: [6],0,7,2,3,435,-569,-2963
(969.811)[I]: [5],0,13,132,24,-69,-95,4590(969.812)[I]: [6],0,8,2,3,407,-501,-2810
(969.821)[I]: [5],0,13,136,26,-69,-95,4590(969.822)[I]: [6],0,8,2,3,394,-441,-2653
(969.831)[I]: [5],0,13,136,28,-68,-96,4590(969.832)[I]: [6],0,8,3,3,394,-388,-2494
(969.841)[I]: [5],0,14,140,28,-67,-96,4590(969.842)[I]: [6],0,8,2,3,403,-343,-2331
(969.851)[I]: [5],0,13,140,30,-67,-96,4590(969.852)[I]: [6],0,7,2,3,420,-303,-2168
(969.861)[I]: [5],0,13,144,31,-66,-97,4590(969.862)[I]: [6],0,8,2,3,436,-266,-2006
(969.871)[I]: [5],0,14,144,33,-65,-98,4590(969.872)[I]: [6],0,8,2,3,455,-226,-1850
(969.881)[I]: [5],0,13,148,36,-65,-99,4590(969.882)[I]: [6],0,8,2,3,473,-182,-1705
(969.891)[I]: [5],0,13,148,37,-64,-99,4590(969.892)[I]: [6],0,7,2,3,489,-140,-1572
(969.901)[I]: [5],0,12,148,40,-63,-99,4590(969.902)[I]: [6],0,10,2,3,502,-99,-1456
(969.911)[I]: [5],0,12,148,39,-63,-99,4590(969.912)[I]: [6],0,9,2,3,512,-65,-1355
(969.921)[I]: [5],0,12,148,38,-62,-99,4590(969.922)[I]: [6],0,8,3,3,518,-38,-1256
(969.931)[I]: [5],0,11,148,37,-61,-98,4590(969.932)[I]: [6],0,9,3,3,523,-15,-1157
(969.941)[I]: [5],0,12,152,36,-61,-99,4590(969.942)[I]: [6],0,10,3,3,528,3,-1058
(969.951)[I]: [5],0,13,152,35,-60,-99,4590(969.952)[I]: [6],0,10,2,3,536,15,-964
(969.961)[I]: [5],0,13,152,35,-60,-99,4590(969.962)[I]: [6],0,9,2,3,547,20,-882
(969.971)[I]: [5],0,13,152,33,-59,-99,4590(969.972)[I]: [6],0,7,2,3,562,19,-820
(969.981)[I]: [5],0,12,152,33,-58,-99,4590(969.982)[I]: [6],0,8,3,3,581,13,-785
(969.991)[I]: [5],0,13,152,35,-58,-99,4590(969.992)[I]: [6],0,9,3,3,604,5,-783
(969.999)[I]: [5],0,13,152,35,-57,-98,4590(969.999)[I]: [6],0,8,2,2,625,-4,-822
(969.999)[I]: [5],0,13,152,41,-57,-98,4590(969.999)[I]: [6],0,9,2,2,643,-15,-896
(969.999)[I]: [5],0,14,152,42,-56,-99,4590(969.999)[I]: [6],0,7,2,2,657,-25,-985
(970.007)[I]: [5],0,15,156,42,-56,-99,4590(970.007)[I]: [6],0,7,3,2,668,-40,-1054
(970.017)[I]: [5],0,17,160,42,-55,-100,4590(970.018)[I]: [6],0,6,3,2,676,-53,-1084
(970.027)[I]: [5],0,17,164,31,-55,-101,4593(970.028)[I]: [6],0,7,3,2,682,-64,-1088
(970.037)[I]: [5],0,19,172,31,-54,-100,4601(970.038)[I]: [6],0,7,3,3,710,-230,-1221
(970.047)[I]: [5],0,20,180,27,-53,-100,4612(970.048)[I]: [6],0,7,4,4,796,-271,-1349
(970.057)[I]: [5],0,23,192,20,-52,-98,4626(970.058)[I]: [6],0,6,3,3,836,-319,-1458
(970.067)[I]: [5],0,25,204,13,-52,-97,4644(970.068)[I]: [6],0,5,4,3,834,-335,-1536
(970.077)[I]: [5],0,28,216,14,-51,-97,4667(970.078)[I]: [6],0,8,4,3,810,-353,-1598
(970.087)[I]: [5],3,34,228,11,-50,-97,4690(970.088)[I]: [6],0,10,3,3,801,-365,-1650
(970.097)[I]: [5],6,39,240,6,-50,-97,4715(970.098)[I]: [6],0,9,5,3,809,-368,-1707
(970.107)[I]: [5],9,45,252,5,-50,-96,4744(970.108)[I]: [6],0,10,7,3,820,-369,-1754
(970.117)[I]: [5],17,59,268,2,-49,-92,4779(970.118)[I]: [6],0,9,8,3,824,-369,-1787
(970.127)[I]: [5],24,67,272,1,-49,-84,4819(970.128)[I]: [6],0,11,10,3,825,-373,-1816
(970.137)[I]: [5],31,84,268,0,-48,-64,4865(970.138)[I]: [6],0,12,10,4,827,-382,-1840
(970.147)[I]: [5],47,87,268,0,-48,-20,4923(970.148)[I]: [6],0,14,10,5,827,-394,-1855
(970.157)[I]: [5],62,89,252,0,-52,22,5013(970.158)[I]: [6],0,15,9,5,825,-405,-1865
(970.167)[I]: [5],74,91,244,0,-52,22,5146(970.168)[I]: [6],0,15,11,6,822,-412,-1874
(970.177)[I]: [5],78,81,192,0,-54,46,5306(970.178)[I]: [6],0,17,13,7,821,-416,-1887
(970.187)[I]: [5],75,57,172,0,-52,92,5484(970.188)[I]: [6],0,22,12,11,819,-420,-1905
(970.197)[I]: [5],68,37,144,0,-40,135,5674(970.198)[I]: [6],0,23,14,13,817,-425,-1926
(970.207)[I]: [5],57,17,96,0,-21,209,5881(970.208)[I]: [6],0,28,19,18,816,-429,-1945
(970.217)[I]: [5],41,11,80,0,0,317,6101(970.217)[I]: [6],0,31,20,23,812,-431,-1958
(970.227)[I]: [5],28,5,60,0,11,419,6322(970.228)[I]: [6],0,31,25,26,808,-429,-1965
(970.237)[I]: [5],23,3,52,0,19,483,6536(970.238)[I]: [6],0,38,23,30,800,-429,-1965
(970.247)[I]: [5],15,3,36,0,33,479,6748(970.248)[I]: [6],0,38,24,35,792,-429,-1966
(970.257)[I]: [5],9,2,28,0,53,423,6965(970.257)[I]: [6],0,36,28,37,784,-428,-1966
(970.267)[I]: [5],6,2,24,0,68,349,7175(970.267)[I]: [6],0,35,28,39,776,-428,-1966
(970.277)[I]: [5],2,3,24,0,56,289,7387(970.277)[I]: [6],0,35,29,41,769,-428,-1966
(970.287)[I]: [5],0,3,24,0,3,208,7566(970.287)[I]: [6],0,35,29,42,761,-428,-1966
(970.297)[I]: [5],0,3,16,0,-76,86,7725(970.297)[I]: [6],0,34,30,42,754,-427,-1967
(970.307)[I]: [5],0,3,16,0,-177,-44,7822(970.307)[I]: [6],0,34,31,42,746,-427,-1967
(970.317)[I]: [5],0,3,16,0,-309,-170,7881(970.317)[I]: [6],0,31,35,41,739,-427,-1967
(970.327)[I]: [5],0,3,12,0,-471,-302,7917(970.327)[I]: [6],0,37,35,39,731,-427,-1967
(970.337)[I]: [5],0,3,12,0,-660,-426,7951(970.338)[I]: [6],0,37,34,38,724,-427,-1967
(970.347)[I]: [5],0,3,12,0,-865,-547,7990(970.348)[I]: [6],0,38,35,36,717,-427,-1967
(970.357)[I]: [5],0,3,12,0,-1072,-660,8042(970.358)[I]: [6],0,39,35,31,710,-426,-1967
(970.367)[I]: [5],0,3,12,0,-1266,-761,8104(970.368)[I]: [6],0,39,36,31,703,-426,-1968
(970.377)[I]: [5],0,3,12,0,-1428,-867,8170(970.378)[I]: [6],0,36,37,30,696,-426,-1968
(970.387)[I]: [5],0,3,8,0,-1541,-988,8222(970.387)[I]: [6],0,35,36,29,689,-426,-1968
(970.397)[I]: [5],0,2,8,1,-1596,-1126,8239(970.398)[I]: [6],0,35,37,28,682,-426,-1968
(970.407)[I]: [5],0,2,4,1,-1591,-1270,8218(970.408)[I]: [6],0,34,36,28,676,-426,-1968
(970.417)[I]: [5],0,2,8,1,-1529,-1401,8170(970.418)[I]: [6],0,31,38,27,669,-426,-1968
(970.427)[I]: [5],0,2,8,1,-1423,-1509,8105(970.428)[I]: [6],0,31,38,25,662,-426,-1968
(970.437)[I]: [5],0,2,4,1,-1285,-1585,8030(970.438)[I]: [6],0,31,38,24,656,-426,-1969
(970.447)[I]: [5],0,2,8,1,-1125,-1626,7949(970.448)[I]: [6],0,30,39,21,649,-426,-1969
(970.457)[I]: [5],0,2,8,0,-955,-1635,7864(970.457)[I]: [6],0,29,39,20,643,-426,-1969
(970.467)[I]: [5],1,2,4,0,-784,-1612,7774(970.468)[I]: [6],0,27,38,21,637,-426,-1969
(970.477)[I]: [5],1,2,4,1,-618,-1563,7680(970.478)[I]: [6],0,25,39,21,630,-425,-1969
(970.487)[I]: [5],0,1,4,1,-463,-1492,7584(970.488)[I]: [6],0,24,38,20,624,-424,-1969
(970.497)[I]: [5],0,2,4,1,-322,-1408,7483(970.498)[I]: [6],0,23,39,20,618,-424,-1969
(970.507)[I]: [5],1,2,4,1,-200,-1323,7379(970.508)[I]: [6],0,23,38,20,612,-424,-1969
(970.517)[I]: [5],1,2,4,1,-97,-1239,7267(970.518)[I]: [6],0,23,38,19,606,-425,-1970
(970.527)[I]: [5],2,2,4,1,-14,-1159,7147(970.528)[I]: [6],0,23,39,19,600,-424,-1970
(970.537)[I]: [5],2,2,4,0,48,-1086,7017(970.537)[I]: [6],0,23,40,19,594,-425,-1970
(970.547)[I]: [5],2,2,0,0,92,-1015,6877(970.547)[I]: [6],0,24,42,19,588,-425,-1970
(970.557)[I]: [5],2,2,0,0,119,-948,6724(970.557)[I]: [6],0,23,46,19,582,-425,-1970
(970.567)[I]: [5],2,2,4,0,129,-885,6562(970.567)[I]: [6],0,22,49,19,576,-426,-1970
(970.577)[I]: [5],3,2,4,0,128,-831,6394(970.577)[I]: [6],0,23,51,20,571,-425,-1970
(970.587)[I]: [5],3,2,0,0,117,-782,6219(970.587)[I]: [6],0,23,55,21,565,-425,-1970
(970.597)[I]: [5],3,2,0,0,103,-744,6040(970.597)[I]: [6],0,23,57,22,559,-424,-1970
(970.607)[I]: [5],3,2,4,0,95,-716,5860(970.607)[I]: [6],0,25,59,23,554,-423,-1970
(970.617)[I]: [5],4,2,0,0,99,-697,5683(970.617)[I]: [6],0,24,59,24,548,-423,-1970
(970.627)[I]: [5],4,2,0,0,122,-681,5514(970.627)[I]: [6],0,23,63,26,543,-423,-1971
(970.637)[I]: [5],3,2,0,0,164,-669,5353(970.637)[I]: [6],0,22,67,27,537,-423,-1971
(970.647)[I]: [5],3,2,0,0,218,-649,5201(970.647)[I]: [6],0,23,67,27,532,-423,-1971
(970.657)[I]: [5],2,3,0,0,276,-613,5057(970.657)[I]: [6],0,22,73,27,527,-423,-1971
(970.667)[I]: [5],2,3,4,0,330,-560,4921(970.667)[I]: [6],0,24,75,27,522,-422,-1971
(970.677)[I]: [5],2,2,4,0,372,-499,4787(970.677)[I]: [6],0,23,75,26,516,-422,-1971
(970.687)[I]: [5],2,3,4,0,402,-436,4655(970.687)[I]: [6],0,23,76,26,511,-422,-1971
(970.697)[I]: [5],2,2,4,0,417,-381,4524(970.697)[I]: [6],0,23,76,26,506,-422,-1971
(970.707)[I]: [5],3,2,4,0,422,-337,4399(970.707)[I]: [6],0,23,77,25,501,-422,-1971
(970.717)[I]: [5],4,2,8,0,420,-307,4286(970.717)[I]: [6],0,24,77,26,496,-422,-1971
(970.727)[I]: [5],4,1,4,0,418,-289,4184(970.727)[I]: [6],0,24,77,26,491,-422,-1971
(970.737)[I]: [5],3,2,4,0,419,-276,4095(970.737)[I]: [6],0,23,78,26,486,-421,-1971
(970.747)[I]: [5],3,1,4,0,420,-256,4019(970.747)[I]: [6],0,24,79,26,482,-421,-1972
(970.757)[I]: [5],3,2,4,0,421,-225,3953(970.757)[I]: [6],0,24,79,26,477,-420,-1972
(970.767)[I]: [5],3,1,4,0,420,-187,3896(970.767)[I]: [6],0,26,80,27,472,-420,-1972
(970.777)[I]: [5],3,1,4,0,417,-146,3850(970.777)[I]: [6],0,26,83,26,467,-419,-1972
(970.787)[I]: [5],1,1,4,0,408,-105,3815(970.787)[I]: [6],0,27,83,26,463,-419,-1972
(970.797)[I]: [5],0,1,4,0,395,-66,3787(970.797)[I]: [6],0,27,82,26,458,-419,-1972
(970.807)[I]: [5],0,1,4,0,377,-37,3762(970.807)[I]: [6],0,28,83,26,454,-418,-1972
(970.817)[I]: [5],0,1,8,0,356,-21,3735(970.817)[I]: [6],0,29,83,25,449,-418,-1972
(970.827)[I]: [5],0,1,8,0,332,-21,3709(970.827)[I]: [6],0,29,85,23,445,-418,-1972
(970.837)[I]: [5],0,1,8,0,308,-32,3684(970.837)[I]: [6],0,31,85,22,440,-418,-1972
(970.847)[I]: [5],0,1,8,0,281,-52,3663(970.847)[I]: [6],0,31,87,20,437,-418,-1975
(970.857)[I]: [5],1,2,4,6,256,-78,3658(970.857)[I]: [6],0,36,89,17,436,-419,-1985
(970.867)[I]: [5],0,1,0,13,311,-92,3914(970.867)[I]: [6],0,37,90,13,435,-421,-1998
(970.877)[I]: [5],0,1,4,16,317,-94,4084(970.877)[I]: [6],0,40,96,9,434,-424,-2012
(970.887)[I]: [5],0,1,4,13,322,-120,4199(970.888)[I]: [6],0,46,103,7,434,-429,-2027
(970.897)[I]: [5],0,1,4,11,330,-154,4290(970.898)[I]: [6],0,53,108,7,433,-434,-2045
(970.907)[I]: [5],1,1,8,12,342,-184,4344(970.908)[I]: [6],1,63,108,6,433,-437,-2068
(970.917)[I]: [5],0,4,12,13,355,-200,4409(970.918)[I]: [6],2,62,113,5,434,-442,-2090
(970.927)[I]: [5],0,3,20,17,361,-193,4471(970.928)[I]: [6],1,73,116,4,433,-448,-2109
(970.937)[I]: [5],0,4,24,18,350,-178,4513(970.938)[I]: [6],3,78,120,3,433,-451,-2126
(970.947)[I]: [5],0,5,36,20,346,-166,4540(970.948)[I]: [6],3,84,119,3,433,-444,-2152
(970.957)[I]: [5],4,7,44,21,344,-167,4555(970.958)[I]: [6],3,81,113,3,438,-416,-2189
(970.967)[I]: [5],3,9,44,28,339,-177,4567(970.968)[I]: [6],3,78,107,3,439,-397,-2250
(970.977)[I]: [5],4,13,44,37,334,-182,4579(970.978)[I]: [6],3,76,94,3,445,-383,-2354
(970.987)[I]: [5],4,13,48,50,330,-181,4591(970.988)[I]: [6],3,67,81,3,451,-349,-2490
(970.997)[I]: [5],4,15,52,57,325,-179,4601(970.998)[I]: [6],3,62,63,3,455,-304,-2639
(970.999)[I]: [5],3,16,52,62,321,-182,4610(970.999)[I]: [6],2,51,38,2,456,-231,-2792
(970.999)[I]: [5],4,16,60,66,317,-185,4620(970.999)[I]: [6],2,31,23,2,460,-128,-2959
(971.003)[I]: [5],5,16,60,66,313,-188,4632(971.004)[I]: [6],0,21,20,3,466,-35,-3130
(971.013)[I]: [5],6,17,72,71,310,-190,4641(971.014)[I]: [6],0,14,14,3,477,60,-3310
(971.023)[I]: [5],7,19,84,76,308,-193,4644(971.024)[I]: [6],1,13,10,3,494,145,-3499
(971.033)[I]: [5],8,22,84,78,304,-196,4645(971.034)[I]: [6],0,13,8,3,523,218,-3700
(971.043)[I]: [5],9,27,80,76,301,-196,4645(971.044)[I]: [6],0,12,8,3,565,258,-3908
(971.053)[I]: [5],10,28,88,73,298,-197,4645(971.054)[I]: [6],0,13,9,3,623,254,-4086
(971.063)[I]: [5],12,31,84,68,297,-197,4651(971.064)[I]: [6],0,10,7,3,704,191,-4213
(971.073)[I]: [5],15,35,96,65,294,-198,4651(971.074)[I]: [6],0,12,7,3,800,71,-4294
(971.083)[I]: [5],14,33,92,62,291,-198,4651(971.084)[I]: [6],0,12,6,3,918,-68,-4311
(971.093)[I]: [5],15,37,92,59,289,-199,4651(971.094)[I]: [6],0,12,6,3,1060,-220,-4305
(971.103)[I]: [5],16,39,88,51,286,-200,4651(971.104)[I]: [6],0,11,6,3,1217,-375,-4287
(971.113)[I]: [5],16,40,84,49,283,-201,4651(971.114)[I]: [6],0,11,5,3,1381,-531,-4271
(971.123)[I]: [5],15,42,72,47,280,-202,4651(971.124)[I]: [6],0,12,5,3,1538,-687,-4254
(971.133)[I]: [5],14,42,68,40,277,-203,4652(971.134)[I]: [6],0,11,5,3,1674,-839,-4239
(971.143)[I]: [5],13,41,64,37,274,-204,4652(971.144)[I]: [6],0,10,4,2,1780,-990,-4227
(971.153)[I]: [5],12,42,60,34,272,-204,4652(971.154)[I]: [6],0,10,4,3,1850,-1131,-4221
(971.163)[I]: [5],11,39,64,26,269,-205,4652(971.164)[I]: [6],0,10,4,3,1888,-1254,-4221
(971.173)[I]: [5],11,38,60,22,266,-207,4652(971.174)[I]: [6],0,10,3,3,1883,-1367,-4209
(971.183)[I]: [5],11,36,60,20,264,-208,4652(971.184)[I]: [6],0,9,3,3,1842,-1454,-4184
(971.193)[I]: [5],10,34,60,20,261,-208,4652(971.194)[I]: [6],0,9,2,3,1763,-1508,-4144
(971.203)[I]: [5],10,31,60,20,258,-208,4652(971.204)[I]: [6],0,9,3,3,1657,-1524,-4093
(971.213)[I]: [5],9,34,60,20,256,-208,4652(971.214)[I]: [6],0,9,3,2,1533,-1504,-4038
(971.223)[I]: [5],7,31,60,20,253,-208,4652(971.224)[I]: [6],0,9,3,3,1399,-1451,-3981
(971.233)[I]: [5],6,30,60,20,251,-209,4652(971.234)[I]: [6],0,9,3,3,1261,-1373,-3926
(971.243)[I]: [5],6,29,60,20,248,-210,4652(971.244)[I]: [6],0,9,2,2,1124,-1279,-3869
(971.253)[I]: [5],5,28,64,20,246,-210,4653(971.254)[I]: [6],0,9,3,3,994,-1173,-3805
(971.263)[I]: [5],5,29,64,20,243,-210,4653(971.264)[I]: [6],0,9,3,3,871,-1060,-3730
(971.273)[I]: [5],5,27,64,20,241,-210,4653(971.274)[I]: [6],0,9,3,3,766,-929,-3642
(971.283)[I]: [5],4,27,68,20,239,-209,4653(971.284)[I]: [6],0,8,3,3,686,-788,-3542
(971.293)[I]: [5],3,28,68,20,236,-209,4653(971.294)[I]: [6],0,8,3,3,636,-646,-3426
(971.303)[I]: [5],3,28,72,20,234,-210,4653(971.304)[I]: [6],0,9,3,3,621,-531,-3289
(971.313)[I]: [5],3,28,76,21,232,-211,4653(971.314)[I]: [6],0,11,3,3,626,-457,-3140
(971.323)[I]: [5],3,27,76,22,229,-212,4653(971.324)[I]: [6],0,10,3,3,647,-419,-2978
(971.333)[I]: [5],3,27,76,23,227,-213,4653(971.334)[I]: [6],0,10,3,3,677,-409,-2811
(971.343)[I]: [5],3,27,80,25,225,-214,4653(971.344)[I]: [6],0,11,3,2,712,-412,-2639
(971.353)[I]: [5],3,28,92,28,222,-214,4653(971.354)[I]: [6],0,10,3,2,745,-416,-2465
(971.363)[I]: [5],3,27,96,28,220,-214,4653(971.364)[I]: [6],0,9,3,3,768,-413,-2294
(971.373)[I]: [5],3,28,100,28,218,-214,4653(971.374)[I]: [6],0,7,3,2,777,-395,-2131
(971.383)[I]: [5],3,28,100,28,216,-214,4653(971.384)[I]: [6],0,7,3,3,771,-356,-1981
(971.393)[I]: [5],3,27,104,36,214,-214,4653(971.394)[I]: [6],0,8,3,3,751,-303,-1844
(971.403)[I]: [5],3,28,108,38,212,-214,4653(971.404)[I]: [6],0,7,3,2,722,-241,-1717
(971.413)[I]: [5],3,27,108,40,209,-214,4653(971.414)[I]: [6],0,7,3,2,687,-180,-1597
(971.423)[I]: [5],3,26,108,39,207,-215,4653(971.424)[I]: [6],0,7,3,2,654,-123,-1476
(971.433)[I]: [5],3,25,108,40,205,-216,4654(971.434)[I]: [6],0,7,3,2,627,-69,-1352
(971.443)[I]: [5],3,25,112,39,203,-217,4654(971.444)[I]: [6],0,8,3,2,608,-23,-1226
(971.453)[I]: [5],3,26,112,40,201,-217,4654(971.454)[I]: [6],0,7,3,2,593,8,-1106
(971.463)[I]: [5],3,26,116,40,199,-218,4654(971.464)[I]: [6],0,8,3,3,578,27,-996
(971.473)[I]: [5],3,27,116,41,197,-218,4654(971.474)[I]: [6],0,7,2,2,561,34,-902
(971.483)[I]: [5],3,25,120,41,195,-218,4654(971.484)[I]: [6],0,7,2,2,549,38,-825
(971.493)[I]: [5],3,25,120,42,193,-218,4654(971.494)[I]: [6],0,9,2,2,542,43,-771
(971.503)[I]: [5],3,26,120,44,191,-217,4654(971.504)[I]: [6],0,10,3,2,539,51,-747
(971.513)[I]: [5],3,26,124,46,189,-217,4654(971.514)[I]: [6],0,11,1,2,537,58,-756
(971.523)[I]: [5],3,28,124,46,188,-217,4654(971.524)[I]: [6],0,10,0,2,533,62,-796
(971.533)[I]: [5],1,29,124,41,186,-218,4654(971.534)[I]: [6],0,9,0,2,528,61,-843
(971.543)[I]: [5],0,30,124,43,184,-218,4654(971.544)[I]: [6],0,9,0,2,526,52,-856
(971.553)[I]: [5],0,31,124,40,182,-219,4654(971.554)[I]: [6],0,8,1,3,652,91,-1029
(971.563)[I]: [5],0,31,124,34,180,-219,4654(971.564)[I]: [6],0,8,2,7,680,-151,-1186
(971.573)[I]: [5],0,31,136,31,178,-216,4654(971.574)[I]: [6],0,7,3,7,661,-187,-1368
(971.583)[I]: [5],1,34,136,23,177,-216,4654(971.584)[I]: [6],0,6,3,5,674,-188,-1455
(971.593)[I]: [5],2,40,144,19,176,-217,4662(971.594)[I]: [6],0,7,3,5,657,-193,-1490
(971.603)[I]: [5],2,45,148,17,175,-218,4672(971.604)[I]: [6],0,8,3,5,662,-187,-1496
(971.613)[I]: [5],4,57,156,15,174,-219,4684(971.614)[I]: [6],0,7,6,5,679,-178,-1521
(971.623)[I]: [5],4,66,156,10,173,-222,4699(971.624)[I]: [6],0,7,11,5,692,-174,-1566
(971.633)[I]: [5],8,78,156,8,171,-225,4720(971.634)[I]: [6],0,7,13,6,691,-184,-1613
(971.643)[I]: [5],12,87,168,4,170,-230,4746(971.644)[I]: [6],0,9,14,7,688,-193,-1646
(971.653)[I]: [5],16,99,176,4,167,-231,4786(971.654)[I]: [6],0,11,18,7,684,-207,-1668
(971.663)[I]: [5],20,105,176,1,165,-232,4833(971.664)[I]: [6],0,13,24,8,680,-212,-1678
(971.673)[I]: [5],29,120,168,0,161,-235,4882(971.674)[I]: [6],0,15,24,8,678,-210,-1685
(971.683)[I]: [5],35,118,164,0,152,-224,4929(971.684)[I]: [6],0,15,30,12,674,-207,-1695
(971.693)[I]: [5],42,112,140,0,147,-217,5037(971.694)[I]: [6],0,17,31,14,671,-208,-1705
(971.703)[I]: [5],47,100,104,0,142,-225,5176(971.704)[I]: [6],0,20,31,19,668,-209,-1715
(971.713)[I]: [5],47,74,72,0,141,-227,5337(971.714)[I]: [6],0,24,34,25,665,-212,-1724
(971.723)[I]: [5],40,50,60,0,141,-208,5517(971.724)[I]: [6],0,21,36,30,660,-213,-1727
(971.733)[I]: [5],31,21,48,0,150,-164,5710(971.734)[I]: [6],0,21,37,35,654,-213,-1729
(971.743)[I]: [5],20,11,32,0,158,-96,5916(971.744)[I]: [6],0,23,39,42,648,-215,-1729
(971.753)[I]: [5],16,9,28,0,155,-35,6128(971.754)[I]: [6],0,22,43,46,641,-215,-1729
(971.763)[I]: [5],17,8,16,0,139,5,6345(971.763)[I]: [6],0,24,41,49,635,-215,-1729
(971.773)[I]: [5],8,7,12,0,111,24,6575(971.773)[I]: [6],0,22,42,55,629,-216,-1729
(971.783)[I]: [5],4,4,12,0,66,14,6813(971.783)[I]: [6],0,21,42,56,622,-217,-1729
(971.793)[I]: [5],3,4,12,0,5,-13,7049(971.793)[I]: [6],0,19,40,63,616,-219,-1729
(971.803)[I]: [5],0,4,12,0,-101,-48,7251(971.803)[I]: [6],0,22,40,63,610,-221,-1729
(971.813)[I]: [5],0,4,12,0,-246,-119,7435(971.813)[I]: [6],0,22,40,63,604,-222,-1729
(971.823)[I]: [5],0,4,12,0,-421,-206,7552(971.824)[I]: [6],0,22,39,67,598,-223,-1729
(971.833)[I]: [5],1,3,12,0,-626,-288,7639(971.834)[I]: [6],0,22,40,70,592,-225,-1729
(971.843)[I]: [5],0,4,8,0,-854,-381,7717(971.843)[I]: [6],0,19,39,70,586,-226,-1729
(971.853)[I]: [5],0,3,4,0,-1095,-468,7804(971.853)[I]: [6],0,18,39,69,580,-227,-1729
(971.863)[I]: [5],0,3,4,0,-1332,-554,7901(971.863)[I]: [6],0,19,39,70,575,-228,-1729
(971.873)[I]: [5],0,3,4,0,-1542,-644,8004(971.874)[I]: [6],0,17,38,68,569,-230,-1729
(971.883)[I]: [5],0,4,4,0,-1707,-746,8105(971.883)[I]: [6],0,15,38,66,563,-230,-1729
(971.893)[I]: [5],0,4,4,0,-1814,-863,8199(971.893)[I]: [6],0,15,38,63,558,-231,-1729
(971.903)[I]: [5],0,3,4,0,-1856,-979,8283(971.903)[I]: [6],0,15,39,61,552,-232,-1729
(971.913)[I]: [5],0,3,4,0,-1835,-1092,8359(971.914)[I]: [6],0,16,39,59,547,-233,-1729
(971.923)[I]: [5],0,3,0,0,-1758,-1194,8423(971.923)[I]: [6],0,19,37,55,541,-234,-1729
(971.933)[I]: [5],0,3,0,0,-1634,-1282,8468(971.933)[I]: [6],0,17,35,52,536,-235,-1729
(971.943)[I]: [5],0,3,0,0,-1476,-1347,8495(971.943)[I]: [6],0,18,31,51,531,-236,-1729
(971.953)[I]: [5],0,3,0,0,-1296,-1381,8506(971.953)[I]: [6],0,19,31,48,525,-237,-1729
(971.963)[I]: [5],0,3,0,0,-1108,-1382,8502(971.963)[I]: [6],0,17,31,46,520,-237,-1729
(971.973)[I]: [5],0,3,0,0,-926,-1354,8480(971.973)[I]: [6],0,18,30,45,515,-238,-1729
(971.983)[I]: [5],0,3,0,0,-756,-1306,8429(971.983)[I]: [6],0,17,27,44,510,-239,-1729
(971.993)[I]: [5],0,3,0,0,-602,-1245,8348(971.993)[I]: [6],0,17,27,45,505,-241,-1729
(971.999)[I]: [5],0,3,0,0,-472,-1173,8241(971.999)[I]: [6],0,17,26,46,501,-243,-1726
(971.999)[I]: [5],0,3,0,0,-371,-1092,8115(971.999)[I]: [6],0,15,26,46,496,-244,-1726
(971.999)[I]: [5],0,2,0,0,-306,-1004,7976(971.999)[I]: [6],0,15,23,48,491,-246,-1726
(972.009)[I]: [5],0,3,0,0,-273,-915,7825(972.009)[I]: [6],0,15,25,49,486,-247,-1726
(972.019)[I]: [5],0,3,0,0,-266,-836,7663(972.019)[I]: [6],0,15,24,49,482,-248,-1725
(972.029)[I]: [5],0,3,0,0,-276,-772,7494(972.029)[I]: [6],0,15,26,50,477,-250,-1725
(972.039)[I]: [5],1,3,0,0,-298,-726,7320(972.039)[I]: [6],0,15,27,50,472,-251,-1725
(972.049)[I]: [5],2,3,0,0,-323,-694,7144(972.049)[I]: [6],0,15,30,51,467,-252,-1725
(972.059)[I]: [5],3,3,0,0,-347,-675,6964(972.059)[I]: [6],0,16,31,51,463,-253,-1725
(972.069)[I]: [5],3,3,0,0,-367,-668,6777(972.069)[I]: [6],0,17,34,51,458,-254,-1725
(972.079)[I]: [5],3,2,0,0,-384,-656,6582(972.079)[I]: [6],0,18,38,52,454,-255,-1725
(972.089)[I]: [5],5,2,0,0,-396,-632,6379(972.089)[I]: [6],0,19,40,54,449,-256,-1725
(972.099)[I]: [5],5,3,0,0,-403,-591,6171(972.099)[I]: [6],0,19,40,55,445,-257,-1725
(972.109)[I]: [5],4,3,0,0,-406,-536,5964(972.109)[I]: [6],0,19,44,57,440,-258,-1725
(972.119)[I]: [5],4,3,4,0,-406,-457,5760(972.119)[I]: [6],0,19,45,59,436,-259,-1725
(972.129)[I]: [5],5,3,0,0,-407,-370,5562(972.129)[I]: [6],0,19,44,60,431,-260,-1725
(972.139)[I]: [5],4,2,0,0,-406,-285,5372(972.139)[I]: [6],0,19,44,59,427,-261,-1725
(972.149)[I]: [5],4,3,0,0,-404,-209,5187(972.149)[I]: [6],0,19,45,58,423,-262,-1725
(972.159)[I]: [5],4,3,0,0,-401,-143,5007(972.159)[I]: [6],0,19,47,58,419,-263,-1725
(972.169)[I]: [5],4,3,0,0,-396,-86,4831(972.169)[I]: [6],0,19,49,56,415,-263,-1725
(972.179)[I]: [5],4,3,0,0,-390,-37,4663(972.179)[I]: [6],0,20,51,53,410,-264,-1725
(972.189)[I]: [5],4,3,0,0,-377,3,4501(972.189)[I]: [6],0,20,52,50,406,-265,-1725
(972.199)[I]: [5],4,2,0,0,-354,39,4350(972.199)[I]: [6],0,21,51,50,402,-265,-1725
(972.209)[I]: [5],4,3,0,0,-324,75,4210(972.209)[I]: [6],0,21,52,49,398,-266,-1725
(972.219)[I]: [5],4,2,0,0,-291,117,4085(972.219)[I]: [6],0,21,54,50,394,-267,-1725
(972.229)[I]: [5],4,2,0,0,-257,163,3977(972.229)[I]: [6],0,21,57,50,390,-268,-1725
(972.239)[I]: [5],4,3,0,0,-222,203,3889(972.239)[I]: [6],0,21,59,49,386,-269,-1725
(972.249)[I]: [5],4,2,0,0,-182,231,3821(972.249)[I]: [6],0,22,58,48,383,-270,-1725
(972.259)[I]: [5],4,3,0,0,-140,244,3771(972.259)[I]: [6],0,22,57,48,379,-270,-1725
(972.269)[I]: [5],4,2,4,0,-98,242,3728(972.269)[I]: [6],0,22,58,48,375,-271,-1725
(972.279)[I]: [5],4,2,0,0,-63,230,3685(972.279)[I]: [6],0,23,59,45,371,-272,-1725
(972.289)[I]: [5],4,2,4,0,-36,214,3639(972.289)[I]: [6],0,23,59,44,368,-272,-1725
(972.299)[I]: [5],4,2,0,0,-16,201,3594(972.299)[I]: [6],0,25,61,41,364,-273,-1725
(972.309)[I]: [5],4,2,0,4,-5,195,3554(972.309)[I]: [6],0,25,66,37,360,-274,-1725
(972.319)[I]: [5],5,1,0,9,25,215,3768(972.319)[I]: [6],0,27,68,35,357,-274,-1725
(972.329)[I]: [5],0,2,4,11,78,125,3892(972.329)[I]: [6],0,26,72,31,353,-275,-1725
(972.339)[I]: [5],0,2,0,13,96,63,4035(972.339)[I]: [6],0,26,74,30,350,-276,-1725
(972.349)[I]: [5],0,1,4,9,101,17,4108(972.349)[I]: [6],0,27,76,29,346,-276,-1725
(972.359)[I]: [5],1,1,4,6,103,-17,4149(972.359)[I]: [6],0,28,78,28,343,-277,-1725
(972.369)[I]: [5],0,1,8,6,106,-33,4157(972.369)[I]: [6],0,30,79,25,339,-277,-1725
(972.379)[I]: [5],0,1,4,6,106,-43,4176(972.379)[I]: [6],0,31,79,24,336,-277,-1725
(972.389)[I]: [5],0,0,4,6,101,-49,4206(972.389)[I]: [6],0,31,81,22,334,-278,-1727
(972.399)[I]: [5],0,1,4,9,90,-53,4246(972.399)[I]: [6],0,36,83,18,332,-279,-1730
(972.409)[I]: [5],0,1,8,10,81,-60,4290(972.409)[I]: [6],0,39,89,11,332,-281,-1738
(972.419)[I]: [5],0,2,16,16,79,-61,4326(972.419)[I]: [6],0,43,96,8,332,-284,-1747
(972.429)[I]: [5],0,4,20,17,78,-64,4347(972.430)[I]: [6],0,48,103,6,332,-286,-1761
(972.439)[I]: [5],0,4,20,17,78,-66,4359(972.440)[I]: [6],0,53,109,5,332,-289,-1780
(972.449)[I]: [5],0,4,20,18,77,-68,4367(972.449)[I]: [6],0,63,117,3,333,-292,-1801
(972.459)[I]: [5],0,5,24,17,77,-73,4374(972.459)[I]: [6],0,70,122,2,333,-298,-1823
(972.469)[I]: [5],1,6,28,21,76,-77,4382(972.470)[I]: [6],0,69,133,2,334,-302,-1844
(972.479)[I]: [5],3,7,28,25,76,-80,4392(972.480)[I]: [6],0,75,140,2,334,-297,-1871
(972.489)[I]: [5],3,9,40,28,74,-83,4403(972.490)[I]: [6],1,77,145,2,337,-274,-1907
(972.499)[I]: [5],4,11,48,32,72,-87,4417(972.500)[I]: [6],1,79,137,2,339,-245,-1966
(972.509)[I]: [5],4,17,40,40,70,-90,4435(972.510)[I]: [6],1,76,123,2,339,-233,-2066
(972.519)[I]: [5],4,15,44,50,67,-91,4453(972.520)[I]: [6],1,63,111,2,343,-199,-2198
(972.529)[I]: [5],5,15,56,57,64,-89,4470(972.530)[I]: [6],0,50,86,2,344,-149,-2353
(972.539)[I]: [5],5,17,52,67,62,-88,4479(972.540)[I]: [6],0,45,60,1,342,-82,-2525
(972.549)[I]: [5],5,18,48,71,61,-87,4481(972.550)[I]: [6],0,29,40,2,342,20,-2712
(972.559)[I]: [5],4,15,52,83,61,-88,4481(972.560)[I]: [6],0,21,28,2,351,111,-2911
(972.569)[I]: [5],4,15,56,90,60,-89,4481(972.570)[I]: [6],0,15,17,2,360,187,-3127
(972.579)[I]: [5],4,15,56,93,60,-90,4481(972.580)[I]: [6],0,13,15,2,379,256,-3358
(972.589)[I]: [5],5,15,60,93,59,-89,4481(972.590)[I]: [6],0,12,9,2,415,323,-3610
(972.599)[I]: [5],5,18,60,100,58,-90,4481(972.600)[I]: [6],0,11,9,2,471,371,-3868
(972.609)[I]: [5],5,16,60,110,58,-92,4481(972.610)[I]: [6],0,8,7,2,554,392,-4089
(972.619)[I]: [5],5,17,60,105,57,-93,4481(972.620)[I]: [6],0,8,9,2,668,361,-4235
(972.629)[I]: [5],6,19,60,104,57,-95,4481(972.630)[I]: [6],0,7,6,2,795,253,-4326
(972.639)[I]: [5],6,19,60,103,56,-96,4481(972.640)[I]: [6],0,8,6,2,942,104,-4338
(972.649)[I]: [5],9,25,60,96,56,-97,4481(972.650)[I]: [6],0,8,7,2,1109,-74,-4325
(972.659)[I]: [5],9,25,60,88,55,-98,4481(972.660)[I]: [6],0,8,6,2,1291,-267,-4306
(972.669)[I]: [5],9,28,60,84,54,-100,4481(972.670)[I]: [6],0,9,5,2,1480,-457,-4291
(972.679)[I]: [5],7,30,60,78,54,-101,4481(972.680)[I]: [6],0,9,5,2,1657,-643,-4283
(972.689)[I]: [5],8,31,64,72,53,-102,4481(972.690)[I]: [6],0,9,5,2,1805,-826,-4280
(972.699)[I]: [5],9,31,64,62,53,-104,4481(972.700)[I]: [6],0,9,5,2,1912,-1004,-4282
(972.709)[I]: [5],9,31,64,60,52,-105,4481(972.710)[I]: [6],0,9,4,2,1971,-1175,-4283
(972.719)[I]: [5],8,31,68,56,52,-107,4481(972.720)[I]: [6],0,9,4,2,1981,-1355,-4273
(972.729)[I]: [5],8,30,68,52,51,-108,4481(972.730)[I]: [6],0,9,3,2,1941,-1539,-4238
(972.739)[I]: [5],8,29,68,50,51,-109,4481(972.740)[I]: [6],0,9,3,2,1856,-1696,-4175
(972.749)[I]: [5],8,30,68,45,50,-110,4481(972.750)[I]: [6],0,9,3,2,1730,-1802,-4107
(972.759)[I]: [5],9,29,68,39,50,-110,4481(972.760)[I]: [6],0,9,3,2,1575,-1865,-4044
(972.769)[I]: [5],9,28,68,30,49,-111,4481(972.770)[I]: [6],0,9,3,2,1418,-1858,-3983
(972.779)[I]: [5],9,27,68,28,49,-112,4481(972.780)[I]: [6],0,9,3,2,1254,-1809,-3927
(972.789)[I]: [5],7,29,68,28,48,-111,4481(972.790)[I]: [6],0,9,3,2,1092,-1729,-3874
(972.799)[I]: [5],7,27,72,26,48,-111,4481(972.800)[I]: [6],0,9,3,2,935,-1631,-3820
(972.809)[I]: [5],8,27,68,26,47,-111,4481(972.810)[I]: [6],0,9,3,2,786,-1526,-3765
(972.819)[I]: [5],8,27,68,26,47,-112,4481(972.820)[I]: [6],0,8,3,2,651,-1421,-3702
(972.829)[I]: [5],7,29,68,26,46,-113,4481(972.830)[I]: [6],0,8,3,2,531,-1320,-3625
(972.839)[I]: [5],6,28,68,27,46,-113,4481(972.840)[I]: [6],0,7,3,2,428,-1219,-3531
(972.849)[I]: [5],6,29,68,28,45,-113,4481(972.850)[I]: [6],0,7,3,2,340,-1111,-3420
(972.859)[I]: [5],5,27,68,30,45,-113,4481(972.860)[I]: [6],0,7,3,2,269,-1005,-3292
(972.869)[I]: [5],4,27,68,31,44,-115,4481(972.870)[I]: [6],0,8,3,2,214,-906,-3152
(972.879)[I]: [5],4,28,72,32,44,-115,4481(972.880)[I]: [6],0,8,3,2,175,-816,-3003
(972.889)[I]: [5],5,29,72,32,44,-116,4481(972.890)[I]: [6],0,9,3,2,147,-738,-2849
(972.899)[I]: [5],4,30,72,32,43,-117,4481(972.900)[I]: [6],0,8,3,2,127,-672,-2695
(972.909)[I]: [5],4,30,76,38,43,-118,4481(972.910)[I]: [6],0,8,3,2,113,-611,-2545
(972.919)[I]: [5],4,30,80,40,42,-119,4481(972.920)[I]: [6],0,9,3,2,101,-557,-2401
(972.929)[I]: [5],3,31,80,42,42,-120,4481(972.930)[I]: [6],0,8,3,2,87,-505,-2266
(972.939)[I]: [5],4,33,84,42,41,-120,4481(972.940)[I]: [6],0,8,3,2,62,-452,-2142
(972.949)[I]: [5],4,35,88,44,41,-122,4481(972.950)[I]: [6],0,7,3,2,28,-395,-2026
(972.959)[I]: [5],4,35,92,47,41,-123,4481(972.960)[I]: [6],0,7,3,2,-10,-327,-1907
(972.969)[I]: [5],4,35,108,50,40,-124,4481(972.970)[I]: [6],0,8,3,2,-49,-252,-1775
(972.979)[I]: [5],5,35,108,51,40,-125,4481(972.980)[I]: [6],0,8,1,2,-80,-173,-1631
(972.989)[I]: [5],4,35,116,50,39,-126,4481(972.990)[I]: [6],0,8,1,2,-99,-98,-1488
(972.999)[I]: [5],3,35,120,50,39,-127,4481(972.999)[I]: [6],0,8,0,2,-104,-38,-1353
(972.999)[I]: [5],4,35,124,48,39,-128,4481(972.999)[I]: [6],0,7,0,2,-100,4,-1234
(972.999)[I]: [5],5,35,136,44,38,-129,4481(972.999)[I]: [6],0,7,0,2,-89,31,-1131
(973.005)[I]: [5],6,36,140,42,38,-130,4481(973.006)[I]: [6],0,8,0,2,-76,49,-1048
(973.015)[I]: [5],6,37,136,39,37,-130,4481(973.016)[I]: [6],0,8,1,2,-64,59,-991
(973.025)[I]: [5],6,36,140,31,37,-131,4481(973.026)[I]: [6],0,8,1,2,-57,64,-961
(973.035)[I]: [5],6,38,144,28,37,-131,4484(973.036)[I]: [6],0,9,1,2,-54,69,-946
(973.045)[I]: [5],7,41,152,23,36,-131,4490(973.046)[I]: [6],0,8,1,2,-52,84,-930
(973.055)[I]: [5],7,47,156,23,35,-131,4497(973.056)[I]: [6],0,8,1,2,-51,107,-902
(973.065)[I]: [5],7,49,160,21,35,-130,4504(973.066)[I]: [6],0,7,0,2,-49,131,-861
(973.075)[I]: [5],7,53,168,19,35,-127,4514(973.076)[I]: [6],0,7,0,2,-49,149,-822
(973.085)[I]: [5],9,58,172,13,35,-123,4525(973.086)[I]: [6],0,7,0,2,-30,156,-798
(973.095)[I]: [5],11,63,188,11,35,-118,4538(973.096)[I]: [6],0,7,0,2,-22,143,-787
(973.105)[I]: [5],15,67,192,9,36,-114,4551(973.106)[I]: [6],0,7,0,2,-13,119,-790
(973.115)[I]: [5],15,68,208,6,36,-109,4564(973.116)[I]: [6],0,7,0,2,60,157,-898
(973.125)[I]: [5],19,74,216,5,36,-104,4580(973.126)[I]: [6],0,7,3,3,38,19,-1088
(973.135)[I]: [5],22,77,224,5,36,-101,4598(973.136)[I]: [6],0,6,3,5,56,-14,-1286
(973.145)[I]: [5],26,83,232,4,36,-98,4618(973.146)[I]: [6],0,5,3,5,40,-74,-1437
(973.155)[I]: [5],31,87,236,2,36,-91,4642(973.156)[I]: [6],0,5,2,4,13,-97,-1513
(973.165)[I]: [5],39,95,244,2,36,-83,4667(973.166)[I]: [6],0,7,2,3,14,-102,-1516
(973.175)[I]: [5],46,103,240,1,36,-68,4692(973.176)[I]: [6],0,6,2,3,17,-97,-1505
(973.185)[I]: [5],55,112,236,0,36,-42,4723(973.186)[I]: [6],0,7,3,3,22,-91,-1505
(973.195)[I]: [5],63,113,236,0,34,0,4774(973.196)[I]: [6],0,7,4,3,30,-91,-1520
(973.205)[I]: [5],70,110,228,0,33,16,4849(973.206)[I]: [6],0,9,7,4,27,-103,-1551
(973.215)[I]: [5],76,102,216,0,32,34,4949(973.216)[I]: [6],0,9,8,4,26,-123,-1591
(973.225)[I]: [5],82,93,212,0,32,64,5067(973.226)[I]: [6],0,10,11,4,26,-137,-1627
(973.235)[I]: [5],81,80,192,0,32,99,5204(973.236)[I]: [6],0,14,11,5,31,-151,-1655
(973.245)[I]: [5],83,67,168,1,36,130,5357(973.246)[I]: [6],0,15,13,5,34,-161,-1680
(973.255)[I]: [5],82,49,140,1,47,159,5525(973.256)[I]: [6],0,23,13,7,37,-167,-1702
(973.265)[I]: [5],76,31,124,0,62,216,5711(973.266)[I]: [6],0,20,13,8,38,-173,-1722
(973.275)[I]: [5],63,25,104,0,80,292,5904(973.276)[I]: [6],0,29,15,9,42,-181,-1740
(973.285)[I]: [5],56,17,92,0,96,365,6104(973.286)[I]: [6],0,36,18,13,44,-188,-1753
(973.295)[I]: [5],47,11,88,0,107,434,6308(973.296)[I]: [6],0,36,16,14,45,-194,-1762
(973.305)[I]: [5],43,9,60,1,115,491,6509(973.306)[I]: [6],1,42,18,18,45,-198,-1765
(973.315)[I]: [5],31,4,44,1,127,502,6698(973.316)[I]: [6],0,47,15,21,44,-200,-1765
(973.325)[I]: [5],27,4,28,1,149,462,6881(973.326)[I]: [6],0,55,17,24,44,-203,-1765
(973.335)[I]: [5],21,1,12,1,166,384,7062(973.336)[I]: [6],1,61,18,25,43,-205,-1765
(973.345)[I]: [5],10,2,16,1,175,270,7236(973.346)[I]: [6],0,63,18,27,43,-207,-1765
(973.355)[I]: [5],4,3,16,1,163,158,7423(973.356)[I]: [6],0,61,19,28,43,-209,-1765
(973.365)[I]: [5],1,3,12,1,119,41,7592(973.366)[I]: [6],0,59,19,28,42,-211,-1765
(973.375)[I]: [5],0,3,12,1,41,-84,7740(973.375)[I]: [6],0,57,19,28,42,-213,-1765
(973.385)[I]: [5],1,3,8,1,-62,-217,7888(973.385)[I]: [6],1,57,19,28,41,-215,-1765
(973.395)[I]: [5],1,3,8,0,-193,-323,7976(973.395)[I]: [6],0,59,19,28,41,-217,-1765
(973.405)[I]: [5],1,3,8,1,-356,-423,8025(973.405)[I]: [6],1,60,19,27,40,-219,-1765
(973.415)[I]: [5],1,3,8,0,-547,-521,8049(973.415)[I]: [6],1,61,19,27,40,-221,-1765
(973.425)[I]: [5],1,3,8,0,-762,-614,8070(973.425)[I]: [6],1,60,20,26,40,-223,-1765
(973.435)[I]: [5],1,3,8,0,-992,-701,8104(973.435)[I]: [6],0,61,20,22,39,-224,-1765
(973.445)[I]: [5],1,3,8,0,-1221,-783,8157(973.446)[I]: [6],1,62,19,19,39,-226,-1765
(973.455)[I]: [5],0,3,4,0,-1430,-865,8227(973.456)[I]: [6],1,62,20,18,38,-228,-1765
(973.465)[I]: [5],0,3,8,1,-1603,-958,8299(973.466)[I]: [6],0,61,22,17,38,-229,-1765
(973.475)[I]: [5],0,3,8,1,-1724,-1076,8345(973.476)[I]: [6],1,63,21,15,38,-231,-1765
(973.485)[I]: [5],0,3,8,1,-1780,-1213,8359(973.486)[I]: [6],0,63,21,14,37,-232,-1765
(973.495)[I]: [5],1,3,8,1,-1768,-1343,8346(973.496)[I]: [6],0,60,21,15,37,-234,-1765
(973.505)[I]: [5],1,3,8,2,-1696,-1454,8320(973.506)[I]: [6],0,60,24,15,37,-235,-1765
(973.515)[I]: [5],1,2,8,2,-1581,-1542,8281(973.516)[I]: [6],0,60,23,14,36,-237,-1765
(973.525)[I]: [5],2,2,8,2,-1438,-1593,8227(973.526)[I]: [6],0,60,23,14,36,-239,-1765
(973.535)[I]: [5],3,2,8,2,-1277,-1606,8155(973.536)[I]: [6],0,57,23,14,35,-241,-1765
(973.545)[I]: [5],2,2,8,2,-1110,-1588,8062(973.546)[I]: [6],0,56,23,14,35,-242,-1765
(973.555)[I]: [5],3,2,8,2,-946,-1541,7955(973.556)[I]: [6],0,55,24,14,35,-243,-1765
(973.565)[I]: [5],3,2,8,2,-791,-1473,7839(973.566)[I]: [6],0,53,26,14,34,-244,-1765
(973.575)[I]: [5],3,3,8,2,-650,-1391,7717(973.576)[I]: [6],0,52,28,14,34,-246,-1765
(973.585)[I]: [5],3,3,8,2,-528,-1299,7589(973.586)[I]: [6],0,51,29,13,34,-247,-1765
(973.595)[I]: [5],3,3,4,2,-430,-1201,7453(973.596)[I]: [6],0,49,29,14,33,-249,-1765
(973.605)[I]: [5],3,3,4,2,-354,-1099,7307(973.606)[I]: [6],0,49,30,14,33,-250,-1765
(973.615)[I]: [5],3,3,4,2,-301,-1001,7150(973.616)[I]: [6],0,50,30,14,33,-252,-1765
(973.625)[I]: [5],3,2,4,2,-268,-914,6987(973.626)[I]: [6],0,50,31,14,32,-255,-1765
(973.635)[I]: [5],4,2,4,2,-253,-840,6817(973.636)[I]: [6],0,46,31,14,32,-256,-1765
(973.645)[I]: [5],3,2,4,2,-252,-781,6641(973.646)[I]: [6],0,44,34,14,32,-258,-1765
(973.655)[I]: [5],3,3,4,2,-260,-737,6457(973.656)[I]: [6],0,45,37,14,31,-259,-1765
(973.665)[I]: [5],3,3,4,2,-275,-706,6267(973.666)[I]: [6],0,47,39,14,31,-260,-1765
(973.675)[I]: [5],3,3,4,2,-292,-680,6076(973.676)[I]: [6],0,49,39,15,31,-261,-1765
(973.685)[I]: [5],4,3,4,2,-311,-652,5886(973.686)[I]: [6],0,51,43,15,30,-262,-1765
(973.695)[I]: [5],4,2,4,2,-331,-619,5694(973.696)[I]: [6],0,51,43,16,30,-264,-1765
(973.705)[I]: [5],4,2,4,2,-351,-578,5503(973.706)[I]: [6],0,52,44,18,30,-265,-1765
(973.715)[I]: [5],5,2,4,2,-370,-526,5312(973.716)[I]: [6],0,53,48,18,30,-266,-1765
(973.725)[I]: [5],5,2,4,2,-388,-464,5125(973.726)[I]: [6],0,53,48,18,29,-267,-1765
(973.735)[I]: [5],5,2,4,2,-403,-396,4944(973.736)[I]: [6],0,52,49,19,29,-269,-1765
(973.745)[I]: [5],4,2,4,2,-417,-322,4772(973.746)[I]: [6],0,51,52,19,29,-270,-1765
(973.755)[I]: [5],4,3,4,1,-431,-243,4611(973.756)[I]: [6],0,50,54,19,28,-271,-1765
(973.765)[I]: [5],4,3,4,1,-442,-168,4461(973.766)[I]: [6],0,48,59,18,28,-273,-1765
(973.775)[I]: [5],3,2,4,1,-450,-102,4322(973.776)[I]: [6],0,48,63,16,28,-274,-1765
(973.785)[I]: [5],3,2,4,1,-450,-50,4192(973.785)[I]: [6],0,48,63,15,27,-275,-1765
(973.795)[I]: [5],3,3,4,1,-443,-9,4068(973.795)[I]: [6],0,45,63,15,27,-276,-1765
(973.805)[I]: [5],3,3,4,1,-430,26,3949(973.805)[I]: [6],0,45,67,15,27,-277,-1765
(973.815)[I]: [5],4,3,4,1,-415,67,3830(973.815)[I]: [6],0,43,69,15,27,-278,-1765
(973.825)[I]: [5],4,3,4,1,-396,116,3716(973.826)[I]: [6],0,42,71,15,26,-279,-1765
(973.835)[I]: [5],3,3,4,0,-374,178,3610(973.835)[I]: [6],0,41,71,15,26,-280,-1765
(973.845)[I]: [5],3,3,4,1,-348,250,3517(973.846)[I]: [6],0,39,71,16,26,-281,-1765
(973.855)[I]: [5],3,2,4,0,-323,324,3440(973.855)[I]: [6],0,39,74,15,26,-282,-1765
(973.865)[I]: [5],3,1,4,1,-299,390,3379(973.866)[I]: [6],0,39,76,15,25,-283,-1765
(973.875)[I]: [5],3,1,4,1,-275,435,3340(973.876)[I]: [6],0,41,79,15,25,-284,-1765
(973.885)[I]: [5],3,1,4,5,-249,451,3322(973.886)[I]: [6],0,41,81,15,25,-285,-1765
(973.895)[I]: [5],3,1,0,12,-210,344,3553(973.896)[I]: [6],0,40,81,15,25,-286,-1765
(973.905)[I]: [5],0,1,0,13,-204,239,3655(973.905)[I]: [6],0,43,82,14,24,-286,-1765
(973.915)[I]: [5],0,1,0,13,-207,125,3772(973.915)[I]: [6],0,43,82,11,24,-287,-1765
(973.925)[I]: [5],3,1,4,12,-194,48,3838(973.926)[I]: [6],0,44,83,8,24,-288,-1765
(973.935)[I]: [5],3,1,8,8,-157,-1,3861(973.935)[I]: [6],0,42,83,8,24,-290,-1767
(973.945)[I]: [5],4,1,12,9,-109,-3,3874(973.945)[I]: [6],0,43,84,7,24,-291,-1774
(973.955)[I]: [5],3,1,16,9,-63,13,3916(973.956)[I]: [6],0,46,87,6,25,-291,-1784
(973.965)[I]: [5],3,1,16,15,-30,25,3991(973.966)[I]: [6],1,53,93,4,25,-292,-1795
(973.975)[I]: [5],3,1,20,15,-21,10,4096(973.976)[I]: [6],3,58,99,3,25,-292,-1808
(973.985)[I]: [5],3,1,24,17,-33,-27,4216(973.986)[I]: [6],3,63,108,3,26,-293,-1823
(973.995)[I]: [5],2,3,24,20,-51,-79,4311(973.996)[I]: [6],3,70,112,3,27,-296,-1839
(973.999)[I]: [5],3,2,32,20,-46,-135,4375(973.999)[I]: [6],3,73,115,3,30,-301,-1856
(973.999)[I]: [5],3,3,36,21,-45,-163,4401(973.999)[I]: [6],5,75,121,2,32,-299,-1882
(974.001)[I]: [5],0,4,52,23,-47,-168,4414(974.001)[I]: [6],6,77,118,2,36,-299,-1904
(974.011)[I]: [5],0,4,60,28,-49,-158,4423(974.011)[I]: [6],6,78,113,2,40,-296,-1952
(974.021)[I]: [5],0,5,52,35,-49,-151,4435(974.021)[I]: [6],5,74,104,2,44,-293,-2040
(974.031)[I]: [5],2,6,60,50,-49,-155,4451(974.032)[I]: [6],4,67,94,2,49,-277,-2156
(974.041)[I]: [5],1,6,76,60,-51,-161,4467(974.042)[I]: [6],5,61,83,2,53,-245,-2292
(974.051)[I]: [5],0,9,80,67,-52,-161,4482(974.051)[I]: [6],3,46,67,1,55,-196,-2449
(974.061)[I]: [5],0,11,96,68,-52,-156,4495(974.062)[I]: [6],3,31,36,1,55,-114,-2619
(974.071)[I]: [5],0,14,112,74,-51,-151,4506(974.072)[I]: [6],3,19,18,1,69,-4,-2813
(974.081)[I]: [5],0,15,112,74,-51,-146,4515(974.082)[I]: [6],1,14,13,1,91,90,-3016
(974.091)[I]: [5],0,15,120,74,-50,-142,4523(974.092)[I]: [6],1,10,11,2,129,189,-3238
(974.101)[I]: [5],0,17,124,73,-50,-141,4526(974.102)[I]: [6],0,10,8,2,179,292,-3465
(974.111)[I]: [5],0,15,140,75,-49,-143,4526(974.112)[I]: [6],0,11,8,2,244,373,-3702
(974.121)[I]: [5],0,17,140,75,-49,-143,4526(974.122)[I]: [6],0,9,8,2,326,424,-3916
(974.131)[I]: [5],0,15,148,74,-48,-144,4526(974.132)[I]: [6],0,9,7,2,435,422,-4075
(974.141)[I]: [5],0,17,140,72,-48,-145,4526(974.142)[I]: [6],0,9,6,2,557,343,-4191
(974.151)[I]: [5],0,16,140,70,-47,-146,4526(974.152)[I]: [6],0,10,6,2,693,216,-4237
(974.161)[I]: [5],0,16,148,67,-47,-147,4526(974.162)[I]: [6],0,10,6,2,841,59,-4261
(974.171)[I]: [5],0,17,144,60,-46,-147,4526(974.172)[I]: [6],0,10,6,2,998,-102,-4286
(974.181)[I]: [5],0,20,148,55,-46,-148,4526(974.182)[I]: [6],0,11,6,2,1156,-254,-4321
(974.191)[I]: [5],0,21,152,51,-45,-149,4526(974.192)[I]: [6],0,10,5,2,1305,-400,-4364
(974.201)[I]: [5],0,19,148,46,-45,-149,4526(974.202)[I]: [6],0,9,5,2,1434,-544,-4411
(974.211)[I]: [5],0,18,148,44,-45,-151,4526(974.212)[I]: [6],0,8,5,2,1533,-685,-4455
(974.221)[I]: [5],0,18,152,40,-44,-152,4526(974.222)[I]: [6],0,8,4,2,1597,-823,-4490
(974.231)[I]: [5],0,18,152,39,-44,-154,4526(974.232)[I]: [6],0,8,4,2,1624,-963,-4507
(974.241)[I]: [5],0,17,152,31,-43,-154,4526(974.242)[I]: [6],0,8,4,2,1616,-1115,-4489
(974.251)[I]: [5],0,15,152,25,-43,-154,4526(974.252)[I]: [6],0,8,5,2,1574,-1260,-4432
(974.261)[I]: [5],0,15,152,22,-42,-155,4526(974.262)[I]: [6],0,8,3,2,1502,-1365,-4357
(974.271)[I]: [5],0,15,156,21,-42,-156,4526(974.272)[I]: [6],0,8,3,2,1410,-1433,-4278
(974.281)[I]: [5],0,15,156,20,-41,-156,4526(974.282)[I]: [6],0,8,3,2,1308,-1464,-4200
(974.291)[I]: [5],0,15,156,18,-41,-156,4526(974.292)[I]: [6],0,9,3,2,1200,-1453,-4123
(974.301)[I]: [5],0,15,156,17,-41,-156,4526(974.302)[I]: [6],0,9,3,2,1089,-1404,-4051
(974.311)[I]: [5],0,14,160,17,-40,-157,4526(974.312)[I]: [6],0,10,3,2,976,-1337,-3981
(974.321)[I]: [5],0,15,160,18,-40,-157,4526(974.322)[I]: [6],0,9,3,2,862,-1263,-3910
(974.331)[I]: [5],0,15,160,18,-39,-158,4526(974.332)[I]: [6],0,9,3,2,746,-1191,-3836
(974.341)[I]: [5],0,15,160,18,-39,-158,4526(974.342)[I]: [6],0,9,3,2,628,-1123,-3753
(974.351)[I]: [5],0,15,164,17,-39,-158,4526(974.352)[I]: [6],0,9,3,2,510,-1061,-3657
(974.361)[I]: [5],0,14,168,18,-38,-161,4526(974.362)[I]: [6],0,9,3,2,390,-995,-3547
(974.371)[I]: [5],0,15,172,18,-38,-161,4526(974.372)[I]: [6],0,8,3,2,280,-919,-3419
(974.381)[I]: [5],0,15,176,18,-38,-162,4526(974.382)[I]: [6],0,8,3,2,179,-833,-3276
(974.391)[I]: [5],0,14,176,18,-37,-162,4526(974.392)[I]: [6],0,8,3,2,91,-742,-3124
(974.401)[I]: [5],0,14,188,18,-37,-163,4526(974.402)[I]: [6],0,8,2,2,18,-635,-2966
(974.411)[I]: [5],0,14,188,18,-36,-163,4526(974.412)[I]: [6],0,8,2,2,-35,-527,-2804
(974.421)[I]: [5],0,14,192,19,-36,-164,4526(974.422)[I]: [6],0,7,2,2,-75,-433,-2637
(974.431)[I]: [5],0,14,192,19,-36,-165,4526(974.432)[I]: [6],0,8,2,2,-106,-354,-2466
(974.441)[I]: [5],0,13,200,20,-35,-166,4526(974.442)[I]: [6],0,7,2,2,-133,-289,-2296
(974.451)[I]: [5],0,13,204,20,-35,-167,4526(974.452)[I]: [6],0,7,2,2,-150,-231,-2128
(974.461)[I]: [5],0,13,204,20,-35,-168,4526(974.462)[I]: [6],0,9,2,2,-155,-178,-1968
(974.471)[I]: [5],0,13,216,20,-34,-168,4526(974.472)[I]: [6],0,9,2,2,-151,-127,-1814
(974.481)[I]: [5],0,13,224,20,-34,-168,4526(974.482)[I]: [6],0,10,3,2,-141,-79,-1665
(974.491)[I]: [5],0,13,228,20,-34,-169,4526(974.492)[I]: [6],0,9,3,2,-131,-32,-1516
(974.501)[I]: [5],0,13,236,20,-33,-169,4526(974.502)[I]: [6],0,9,3,2,-124,14,-1368
(974.511)[I]: [5],0,13,240,19,-33,-170,4526(974.512)[I]: [6],0,9,3,2,-120,64,-1229
(974.521)[I]: [5],0,13,244,19,-33,-170,4526(974.522)[I]: [6],0,9,3,2,-123,110,-1100
(974.531)[I]: [5],0,13,248,19,-32,-170,4526(974.532)[I]: [6],0,10,3,2,-128,149,-983
(974.541)[I]: [5],0,14,248,19,-32,-171,4526(974.542)[I]: [6],0,9,2,2,-138,178,-877
(974.551)[I]: [5],0,14,252,19,-32,-171,4526(974.552)[I]: [6],0,8,1,2,-147,196,-781
(974.561)[I]: [5],0,14,252,19,-31,-172,4526(974.562)[I]: [6],0,9,1,2,-157,205,-697
(974.571)[I]: [5],0,15,252,18,-31,-172,4526(974.572)[I]: [6],0,10,1,2,-164,209,-632
(974.581)[I]: [5],0,15,252,18,-31,-172,4526(974.582)[I]: [6],0,9,1,2,-169,212,-586
(974.591)[I]: [5],0,15,264,17,-30,-172,4526(974.592)[I]: [6],0,10,0,2,-172,217,-554
(974.601)[I]: [5],0,16,268,16,-30,-173,4526(974.602)[I]: [6],0,10,0,2,-175,226,-530
(974.611)[I]: [5],0,17,276,16,-30,-173,4526(974.612)[I]: [6],0,9,0,2,-182,230,-509
(974.621)[I]: [5],0,19,280,16,-29,-174,4526(974.622)[I]: [6],0,10,1,2,-197,224,-493
(974.631)[I]: [5],0,21,284,15,-29,-174,4526(974.632)[I]: [6],0,11,1,2,-217,210,-489
(974.641)[I]: [5],0,23,288,15,-29,-175,4526(974.642)[I]: [6],0,12,1,2,-248,181,-498
(974.651)[I]: [5],0,24,292,15,-29,-176,4526(974.652)[I]: [6],0,11,1,2,-282,150,-506
(974.661)[I]: [5],3,24,292,13,-28,-176,4526(974.662)[I]: [6],0,11,1,3,-309,130,-524
(974.671)[I]: [5],4,26,300,12,-29,-177,4530(974.672)[I]: [6],0,9,2,3,-318,-28,-764
(974.681)[I]: [5],5,29,308,10,-29,-179,4539(974.682)[I]: [6],0,7,1,6,-289,-93,-971
(974.691)[I]: [5],6,31,312,10,-29,-182,4551(974.692)[I]: [6],0,6,3,5,-265,-148,-1120
(974.701)[I]: [5],8,34,324,6,-29,-184,4568(974.702)[I]: [6],0,6,2,3,-277,-182,-1218
(974.711)[I]: [5],12,38,332,6,-29,-185,4586(974.712)[I]: [6],0,7,2,3,-303,-203,-1270
(974.721)[I]: [5],15,48,340,4,-30,-185,4606(974.722)[I]: [6],0,7,2,3,-318,-216,-1300
(974.731)[I]: [5],19,53,348,3,-30,-179,4631(974.732)[I]: [6],0,7,2,3,-310,-230,-1339
(974.741)[I]: [5],23,59,364,1,-31,-169,4659(974.742)[I]: [6],0,9,3,3,-286,-247,-1394
(974.751)[I]: [5],29,67,360,1,-32,-153,4690(974.752)[I]: [6],0,9,7,6,-262,-265,-1469
(974.761)[I]: [5],33,67,348,0,-37,-115,4737(974.762)[I]: [6],0,11,11,8,-254,-280,-1534
(974.771)[I]: [5],48,75,324,0,-39,-110,4829(974.772)[I]: [6],0,11,15,10,-252,-294,-1585
(974.781)[I]: [5],56,71,292,0,-44,-125,4953(974.782)[I]: [6],0,13,21,15,-249,-304,-1610
(974.791)[I]: [5],60,71,236,0,-48,-122,5089(974.792)[I]: [6],0,12,23,18,-247,-303,-1619
(974.801)[I]: [5],60,62,192,0,-48,-98,5242(974.802)[I]: [6],0,11,27,23,-245,-298,-1628
(974.811)[I]: [5],55,39,172,0,-43,-70,5415(974.812)[I]: [6],0,13,28,29,-243,-296,-1638
(974.821)[I]: [5],50,25,120,0,-28,-34,5604(974.822)[I]: [6],0,15,40,34,-242,-298,-1649
(974.831)[I]: [5],39,15,112,0,-11,41,5813(974.832)[I]: [6],0,14,38,41,-241,-301,-1659
(974.841)[I]: [5],34,10,88,0,0,135,6025(974.841)[I]: [6],0,17,35,46,-240,-301,-1668
(974.851)[I]: [5],26,5,68,0,3,221,6227(974.851)[I]: [6],0,18,43,49,-240,-300,-1676
(974.861)[I]: [5],14,3,36,0,0,282,6419(974.861)[I]: [6],0,15,44,52,-239,-300,-1679
(974.871)[I]: [5],12,2,36,0,-1,317,6616(974.871)[I]: [6],0,22,45,55,-236,-300,-1679
(974.881)[I]: [5],4,3,20,0,-2,331,6814(974.881)[I]: [6],0,22,46,58,-234,-299,-1679
(974.891)[I]: [5],4,2,28,0,-18,331,6981(974.891)[I]: [6],0,24,52,58,-232,-300,-1679
(974.901)[I]: [5],2,3,20,0,-70,317,7128(974.901)[I]: [6],0,23,49,59,-229,-301,-1679
(974.911)[I]: [5],5,3,24,0,-155,257,7229(974.912)[I]: [6],0,24,56,59,-227,-302,-1679
(974.921)[I]: [5],5,3,24,0,-263,162,7270(974.922)[I]: [6],0,24,58,59,-225,-302,-1679
(974.931)[I]: [5],4,3,24,0,-400,66,7281(974.931)[I]: [6],0,25,58,55,-223,-303,-1679
(974.941)[I]: [5],4,3,24,0,-564,-36,7289(974.941)[I]: [6],0,22,61,52,-220,-303,-1679
(974.951)[I]: [5],4,3,20,0,-753,-130,7313(974.952)[I]: [6],0,22,60,47,-218,-304,-1679
(974.961)[I]: [5],4,3,12,0,-955,-222,7346(974.962)[I]: [6],0,24,63,43,-216,-305,-1679
(974.971)[I]: [5],4,3,4,0,-1153,-325,7379(974.972)[I]: [6],0,24,62,35,-214,-305,-1679
(974.981)[I]: [5],3,3,8,0,-1333,-443,7405(974.981)[I]: [6],0,24,63,31,-212,-305,-1679
(974.991)[I]: [5],3,3,8,0,-1481,-579,7417(974.992)[I]: [6],0,26,63,29,-210,-306,-1679
(974.999)[I]: [5],2,3,8,0,-1593,-728,7412(974.999)[I]: [6],0,26,63,22,-207,-306,-1679
(974.999)[I]: [5],2,3,8,0,-1664,-881,7391(974.999)[I]: [6],0,27,63,19,-205,-307,-1679
(974.999)[I]: [5],2,3,8,0,-1696,-1028,7355(974.999)[I]: [6],0,28,66,16,-203,-308,-1679
(975.007)[I]: [5],3,3,8,1,-1694,-1163,7304(975.008)[I]: [6],0,27,67,15,-201,-308,-1679
(975.017)[I]: [5],3,3,8,1,-1664,-1276,7243(975.018)[I]: [6],0,27,68,14,-199,-309,-1679
(975.027)[I]: [5],3,3,8,1,-1613,-1362,7179(975.028)[I]: [6],0,27,69,12,-197,-310,-1679
(975.037)[I]: [5],3,2,8,1,-1549,-1413,7122(975.038)[I]: [6],0,27,71,10,-195,-311,-1679
(975.047)[I]: [5],3,2,8,1,-1479,-1439,7069(975.048)[I]: [6],0,27,71,8,-193,-311,-1679
(975.057)[I]: [5],3,2,8,1,-1406,-1446,7013(975.058)[I]: [6],0,27,72,6,-191,-311,-1679
(975.067)[I]: [5],3,2,8,1,-1331,-1441,6952(975.068)[I]: [6],0,28,73,6,-190,-311,-1680
(975.077)[I]: [5],3,2,8,1,-1253,-1425,6879(975.078)[I]: [6],0,29,73,7,-188,-312,-1680
(975.087)[I]: [5],3,2,8,1,-1171,-1403,6793(975.088)[I]: [6],0,30,73,6,-186,-313,-1680
(975.097)[I]: [5],3,3,8,1,-1088,-1376,6697(975.098)[I]: [6],0,31,74,6,-184,-313,-1680
(975.107)[I]: [5],3,2,8,1,-1003,-1345,6595(975.108)[I]: [6],0,31,76,5,-182,-314,-1680
(975.117)[I]: [5],3,3,8,2,-918,-1310,6483(975.118)[I]: [6],0,34,78,4,-180,-315,-1680
(975.127)[I]: [5],3,3,4,2,-836,-1270,6363(975.128)[I]: [6],0,35,79,5,-178,-315,-1680
(975.137)[I]: [5],3,2,8,2,-760,-1217,6235(975.138)[I]: [6],0,35,82,6,-177,-316,-1680
(975.147)[I]: [5],3,3,4,2,-692,-1144,6104(975.148)[I]: [6],0,37,87,6,-175,-317,-1680
(975.157)[I]: [5],3,3,8,1,-636,-1063,5972(975.158)[I]: [6],0,39,92,7,-173,-317,-1680
(975.167)[I]: [5],3,2,8,0,-593,-984,5839(975.167)[I]: [6],0,40,95,7,-171,-318,-1680
(975.177)[I]: [5],3,3,4,0,-562,-910,5705(975.177)[I]: [6],1,40,100,8,-170,-319,-1680
(975.187)[I]: [5],3,3,4,0,-537,-840,5568(975.187)[I]: [6],1,39,103,7,-168,-319,-1680
(975.197)[I]: [5],3,2,4,0,-517,-774,5429(975.197)[I]: [6],1,42,107,7,-166,-320,-1680
(975.207)[I]: [5],3,2,4,0,-497,-709,5286(975.207)[I]: [6],1,41,108,7,-165,-320,-1680
(975.217)[I]: [5],3,2,4,0,-475,-647,5141(975.217)[I]: [6],0,40,109,7,-163,-321,-1680
(975.227)[I]: [5],3,2,4,0,-446,-589,4990(975.227)[I]: [6],1,42,112,9,-161,-322,-1680
(975.237)[I]: [5],3,2,4,0,-410,-538,4836(975.237)[I]: [6],1,43,113,9,-160,-323,-1680
(975.247)[I]: [5],3,2,4,0,-371,-488,4686(975.247)[I]: [6],1,45,113,9,-158,-324,-1680
(975.257)[I]: [5],3,2,4,0,-333,-435,4551(975.257)[I]: [6],2,44,114,9,-157,-325,-1680
(975.267)[I]: [5],3,2,4,0,-300,-382,4435(975.267)[I]: [6],2,45,116,8,-155,-325,-1680
(975.277)[I]: [5],3,2,4,0,-270,-336,4339(975.277)[I]: [6],2,46,117,9,-154,-326,-1680
(975.287)[I]: [5],3,2,4,0,-242,-299,4253(975.287)[I]: [6],3,46,117,9,-152,-326,-1680
(975.297)[I]: [5],3,1,4,0,-217,-270,4175(975.297)[I]: [6],3,46,119,9,-150,-327,-1680
(975.307)[I]: [5],3,1,4,0,-197,-243,4107(975.307)[I]: [6],3,44,118,8,-149,-327,-1680
(975.317)[I]: [5],3,2,8,0,-183,-212,4057(975.317)[I]: [6],3,47,117,7,-147,-328,-1680
(975.327)[I]: [5],2,2,4,0,-174,-180,4023(975.327)[I]: [6],4,47,118,7,-146,-328,-1680
(975.337)[I]: [5],0,1,4,0,-166,-140,4003(975.337)[I]: [6],5,49,119,6,-145,-329,-1680
(975.347)[I]: [5],0,1,4,0,-160,-91,3981(975.347)[I]: [6],5,49,120,6,-143,-330,-1680
(975.357)[I]: [5],0,1,4,0,-154,-25,3944(975.357)[I]: [6],4,47,121,6,-142,-331,-1680
(975.367)[I]: [5],0,1,8,2,-148,52,3891(975.367)[I]: [6],3,48,121,6,-140,-331,-1680
(975.377)[I]: [5],2,1,8,4,-120,55,3983(975.377)[I]: [6],4,48,121,6,-139,-332,-1680
(975.387)[I]: [5],2,1,8,6,-69,-10,4043(975.387)[I]: [6],3,47,120,6,-137,-333,-1680
(975.397)[I]: [5],0,3,12,6,-40,-68,4141(975.397)[I]: [6],4,48,119,6,-136,-333,-1680
(975.407)[I]: [5],0,3,28,10,-28,-138,4164(975.408)[I]: [6],3,48,120,6,-135,-333,-1680
(975.417)[I]: [5],0,4,24,10,-36,-149,4160(975.418)[I]: [6],3,48,118,6,-133,-334,-1680
(975.427)[I]: [5],0,2,32,10,-42,-170,4163(975.428)[I]: [6],3,48,117,6,-132,-335,-1680
(975.437)[I]: [5],0,4,36,10,-47,-171,4172(975.438)[I]: [6],3,47,113,5,-131,-334,-1680
(975.447)[I]: [5],0,3,36,10,-47,-173,4183(975.448)[I]: [6],3,48,110,5,-129,-335,-1680
(975.457)[I]: [5],0,6,36,10,-49,-185,4194(975.458)[I]: [6],2,47,108,5,-128,-336,-1681
(975.467)[I]: [5],0,6,32,10,-51,-193,4205(975.468)[I]: [6],1,47,105,4,-127,-337,-1681
(975.477)[I]: [5],0,8,36,10,-52,-197,4213(975.478)[I]: [6],1,48,103,4,-126,-337,-1681
(975.487)[I]: [5],0,8,36,10,-52,-198,4213(975.488)[I]: [6],1,47,103,4,-124,-338,-1681
(975.497)[I]: [5],0,9,44,10,-52,-201,4216(975.498)[I]: [6],1,46,99,4,-123,-339,-1681
(975.507)[I]: [5],0,11,44,10,-52,-202,4219(975.508)[I]: [6],1,45,97,4,-122,-340,-1681
(975.517)[I]: [5],0,12,44,10,-52,-202,4225(975.518)[I]: [6],1,45,92,4,-121,-341,-1681
(975.527)[I]: [5],0,12,52,10,-52,-204,4225(975.528)[I]: [6],1,44,89,4,-119,-342,-1681
(975.537)[I]: [5],0,12,60,10,-51,-204,4225(975.538)[I]: [6],0,42,84,4,-118,-342,-1681
(975.547)[I]: [5],0,15,60,10,-51,-205,4225(975.548)[I]: [6],0,41,83,4,-117,-343,-1681
(975.557)[I]: [5],0,14,60,10,-50,-205,4225(975.558)[I]: [6],0,43,81,4,-116,-344,-1681
(975.567)[I]: [5],0,15,60,10,-51,-206,4228(975.568)[I]: [6],0,41,79,4,-115,-344,-1681
(975.577)[I]: [5],0,17,56,10,-50,-207,4228(975.578)[I]: [6],0,42,76,4,-114,-345,-1681
(975.587)[I]: [5],0,19,56,10,-50,-208,4228(975.588)[I]: [6],0,42,73,4,-112,-345,-1681
(975.597)[I]: [5],0,18,56,10,-49,-209,4228(975.598)[I]: [6],0,44,71,4,-111,-346,-1681
(975.607)[I]: [5],0,18,60,10,-49,-210,4228(975.608)[I]: [6],0,39,71,4,-110,-347,-1681
(975.617)[I]: [5],0,18,60,10,-48,-210,4228(975.618)[I]: [6],0,38,70,4,-109,-347,-1681
(975.627)[I]: [5],0,16,72,10,-48,-211,4228(975.628)[I]: [6],0,38,69,5,-108,-347,-1681
(975.637)[I]: [5],0,20,80,10,-47,-212,4228(975.638)[I]: [6],0,38,67,5,-107,-348,-1681
(975.647)[I]: [5],0,19,84,10,-47,-213,4228(975.648)[I]: [6],0,39,63,4,-106,-348,-1681
(975.657)[I]: [5],0,18,88,10,-46,-214,4228(975.658)[I]: [6],0,38,63,5,-105,-349,-1681
(975.667)[I]: [5],0,17,92,10,-46,-214,4228(975.668)[I]: [6],0,38,66,4,-104,-349,-1681
(975.677)[I]: [5],0,17,96,10,-45,-215,4228(975.678)[I]: [6],0,39,63,4,-103,-349,-1681
(975.687)[I]: [5],0,19,92,10,-45,-215,4228(975.688)[I]: [6],0,38,61,4,-102,-350,-1681
(975.697)[I]: [5],0,21,96,11,-44,-215,4228(975.698)[I]: [6],0,38,62,4,-101,-350,-1681
(975.707)[I]: [5],0,19,96,10,-44,-216,4228(975.708)[I]: [6],0,37,61,5,-100,-351,-1681
(975.717)[I]: [5],0,21,96,10,-44,-217,4228(975.718)[I]: [6],0,39,56,5,-99,-351,-1681
(975.727)[I]: [5],0,23,100,10,-43,-218,4228(975.728)[I]: [6],0,38,55,5,-98,-351,-1681
(975.737)[I]: [5],1,23,104,10,-43,-219,4228(975.738)[I]: [6],0,38,54,4,-97,-352,-1681
(975.747)[I]: [5],3,21,104,10,-42,-220,4228(975.748)[I]: [6],0,37,53,4,-96,-352,-1681
(975.757)[I]: [5],3,25,104,10,-42,-220,4228(975.758)[I]: [6],0,37,52,4,-95,-352,-1681
(975.767)[I]: [5],3,24,108,10,-41,-221,4228(975.768)[I]: [6],0,37,50,4,-94,-353,-1681
(975.777)[I]: [5],3,24,108,10,-41,-222,4228(975.778)[I]: [6],0,38,51,4,-93,-353,-1681
(975.787)[I]: [5],3,24,108,10,-41,-222,4228(975.788)[I]: [6],0,37,49,4,-92,-353,-1681
(975.797)[I]: [5],3,25,112,10,-40,-223,4228(975.798)[I]: [6],0,38,49,4,-91,-353,-1681
(975.807)[I]: [5],3,24,112,10,-40,-223,4228(975.808)[I]: [6],0,37,51,4,-90,-353,-1681
(975.817)[I]: [5],3,26,116,10,-39,-224,4228(975.818)[I]: [6],0,38,51,4,-89,-354,-1681
(975.827)[I]: [5],4,25,116,10,-39,-225,4228(975.828)[I]: [6],0,38,47,4,-88,-355,-1681
(975.837)[I]: [5],4,25,116,10,-39,-226,4228(975.838)[I]: [6],0,38,47,4,-87,-355,-1681
(975.847)[I]: [5],4,25,116,10,-38,-226,4228(975.848)[I]: [6],0,39,47,4,-87,-356,-1681
(975.857)[I]: [5],4,29,120,10,-38,-227,4228(975.858)[I]: [6],0,41,47,4,-86,-356,-1681
(975.867)[I]: [5],5,28,120,10,-37,-228,4228(975.868)[I]: [6],0,40,48,4,-85,-356,-1681
(975.877)[I]: [5],5,30,116,10,-37,-228,4228(975.878)[I]: [6],0,40,49,4,-84,-357,-1681
(975.887)[I]: [5],6,31,120,9,-37,-229,4228(975.888)[I]: [6],0,41,50,4,-83,-357,-1681
(975.897)[I]: [5],5,33,120,9,-36,-229,4228(975.898)[I]: [6],0,41,50,4,-82,-357,-1681
(975.907)[I]: [5],6,31,120,8,-36,-230,4228(975.908)[I]: [6],0,41,50,3,-81,-358,-1681
(975.917)[I]: [5],5,31,120,8,-36,-231,4228(975.918)[I]: [6],0,41,49,3,-81,-358,-1681
(975.927)[I]: [5],5,30,120,8,-35,-231,4228(975.928)[I]: [6],0,41,49,4,-80,-358,-1681
(975.937)[I]: [5],5,31,116,8,-35,-232,4228(975.938)[I]: [6],0,41,51,4,-79,-358,-1681
(975.947)[I]: [5],5,31,120,8,-35,-232,4228(975.948)[I]: [6],0,41,51,3,-78,-358,-1681
(975.957)[I]: [5],5,31,120,8,-34,-233,4228(975.958)[I]: [6],0,41,51,3,-77,-359,-1681
(975.967)[I]: [5],5,31,120,8,-34,-234,4228(975.968)[I]: [6],0,40,49,3,-77,-359,-1681
(975.977)[I]: [5],4,34,120,8,-33,-235,4228(975.978)[I]: [6],0,41,48,4,-76,-359,-1681
(975.987)[I]: [5],4,31,116,8,-33,-235,4228(975.988)[I]: [6],0,41,49,4,-75,-360,-1681
(975.997)[I]: [5],4,37,120,8,-33,-236,4228(975.998)[I]: [6],0,40,50,3,-74,-360,-1681
(975.999)[I]: [5],4,37,120,8,-32,-237,4228(975.999)[I]: [6],0,41,50,3,-74,-361,-1681
(975.999)[I]: [5],5,37,120,8,-32,-237,4228(975.999)[I]: [6],0,41,51,3,-73,-361,-1681
(976.003)[I]: [5],4,35,120,8,-32,-238,4228(976.004)[I]: [6],0,42,50,3,-72,-361,-1681
(976.013)[I]: [5],4,37,120,8,-31,-239,4228(976.014)[I]: [6],0,42,51,3,-71,-362,-1681
(976.023)[I]: [5],5,37,120,8,-31,-239,4228(976.024)[I]: [6],0,41,50,3,-71,-362,-1681
(976.033)[I]: [5],5,38,120,8,-31,-240,4228(976.034)[I]: [6],0,42,49,3,-70,-363,-1681
(976.043)[I]: [5],5,38,120,8,-31,-240,4228(976.044)[I]: [6],0,42,50,3,-69,-363,-1681
(976.053)[I]: [5],5,39,120,8,-30,-241,4228(976.054)[I]: [6],0,41,50,3,-69,-364,-1681
(976.063)[I]: [5],5,40,120,8,-30,-242,4228(976.064)[I]: [6],0,41,51,3,-68,-364,-1681
(976.073)[I]: [5],6,41,120,8,-30,-243,4228(976.074)[I]: [6],0,41,51,3,-67,-364,-1681
(976.083)[I]: [5],6,41,120,7,-29,-244,4228(976.084)[I]: [6],0,41,52,3,-67,-364,-1681
(976.093)[I]: [5],6,41,120,7,-29,-244,4228(976.094)[I]: [6],0,42,51,3,-66,-365,-1681
(976.103)[I]: [5],6,41,116,7,-29,-245,4228(976.104)[I]: [6],0,42,51,3,-65,-365,-1681
(976.113)[I]: [5],6,42,116,8,-28,-246,4228(976.114)[I]: [6],0,41,52,3,-65,-365,-1681
(976.123)[I]: [5],5,42,116,8,-28,-247,4228(976.124)[I]: [6],0,41,51,3,-64,-365,-1681
(976.133)[I]: [5],5,41,116,8,-28,-247,4228(976.134)[I]: [6],0,41,51,3,-63,-366,-1681
(976.143)[I]: [5],5,41,116,8,-28,-247,4228(976.144)[I]: [6],0,41,50,3,-63,-366,-1681
(976.153)[I]: [5],5,42,116,8,-27,-248,4228(976.154)[I]: [6],0,41,49,4,-62,-366,-1681
(976.163)[I]: [5],5,42,116,8,-27,-249,4228(976.164)[I]: [6],0,41,49,4,-61,-367,-1681
(976.173)[I]: [5],6,44,116,8,-27,-249,4228(976.174)[I]: [6],0,41,49,4,-61,-367,-1681
(976.183)[I]: [5],5,43,112,7,-26,-250,4228(976.184)[I]: [6],0,41,50,4,-60,-367,-1681
(976.193)[I]: [5],6,43,116,7,-26,-251,4228(976.194)[I]: [6],0,40,51,4,-60,-368,-1681
(976.203)[I]: [5],6,43,112,8,-26,-251,4228(976.204)[I]: [6],0,40,50,4,-59,-368,-1681
(976.213)[I]: [5],5,43,112,8,-26,-252,4228(976.214)[I]: [6],0,40,51,4,-58,-368,-1681
(976.223)[I]: [5],5,43,112,7,-25,-253,4228(976.224)[I]: [6],0,40,50,4,-58,-369,-1681
(976.233)[I]: [5],5,42,116,8,-25,-253,4228(976.234)[I]: [6],0,40,50,4,-57,-369,-1681
(976.243)[I]: [5],5,41,116,7,-25,-254,4228(976.244)[I]: [6],0,40,50,4,-57,-369,-1681
(976.253)[I]: [5],5,43,116,8,-25,-254,4228(976.254)[I]: [6],0,40,50,4,-56,-369,-1681
(976.263)[I]: [5],5,42,116,8,-24,-254,4228(976.264)[I]: [6],0,40,49,4,-56,-369,-1681
(976.273)[I]: [5],3,42,116,8,-24,-255,4228(976.274)[I]: [6],0,40,49,4,-55,-370,-1681
(976.283)[I]: [5],2,42,116,8,-24,-255,4228(976.284)[I]: [6],0,40,50,4,-54,-370,-1681
(976.293)[I]: [5],1,41,116,8,-24,-256,4228(976.294)[I]: [6],0,40,49,4,-54,-371,-1681
(976.303)[I]: [5],1,42,116,8,-23,-255,4228(976.304)[I]: [6],0,40,49,4,-53,-371,-1681
(976.313)[I]: [5],0,43,116,8,-23,-256,4228(976.314)[I]: [6],0,39,49,4,-53,-371,-1681
(976.323)[I]: [5],0,43,116,8,-23,-257,4228(976.324)[I]: [6],0,40,49,4,-52,-371,-1681
(976.333)[I]: [5],0,43,112,8,-23,-257,4228(976.334)[I]: [6],0,40,48,4,-52,-372,-1681
(976.343)[I]: [5],0,43,112,8,-22,-258,4228(976.344)[I]: [6],0,40,49,4,-51,-372,-1681
(976.353)[I]: [5],0,42,112,8,-22,-258,4228(976.354)[I]: [6],0,40,49,4,-51,-372,-1681
(976.363)[I]: [5],0,42,116,8,-22,-259,4228(976.364)[I]: [6],0,40,48,4,-50,-372,-1681
(976.373)[I]: [5],0,41,116,8,-22,-259,4228(976.374)[I]: [6],0,39,49,4,-50,-372,-1681
(976.383)[I]: [5],0,41,116,8,-22,-260,4228(976.384)[I]: [6],0,40,49,4,-49,-372,-1681
(976.393)[I]: [5],0,41,116,8,-21,-260,4228(976.394)[I]: [6],0,40,49,4,-49,-372,-1681
(976.403)[I]: [5],0,41,116,8,-21,-261,4228(976.404)[I]: [6],0,39,49,4,-48,-373,-1681
(976.413)[I]: [5],0,41,112,8,-21,-262,4228(976.414)[I]: [6],0,39,48,4,-48,-373,-1681
(976.423)[I]: [5],0,41,112,8,-21,-263,4228(976.424)[I]: [6],0,39,49,4,-47,-373,-1681
(976.433)[I]: [5],0,41,112,8,-21,-263,4228(976.434)[I]: [6],0,39,49,4,-47,-373,-1681
(976.443)[I]: [5],0,40,112,9,-20,-264,4228(976.444)[I]: [6],0,39,49,4,-46,-373,-1681