(227.372)[I]: [5],0,28,76,7,-6583,1394,2339(227.373)[I]: [6],0,39,51,5,-6733,-1004,3088
(227.382)[I]: [5],0,29,76,8,-6562,1382,2334(227.383)[I]: [6],0,38,51,5,-6711,-975,3130
(227.392)[I]: [5],0,27,72,8,-6541,1371,2330(227.393)[I]: [6],0,38,51,5,-6688,-946,3171
(227.402)[I]: [5],0,27,72,9,-6519,1360,2325(227.403)[I]: [6],0,37,50,5,-6665,-919,3211
(227.412)[I]: [5],0,27,72,9,-6498,1349,2322(227.413)[I]: [6],0,36,49,5,-6641,-891,3250
(227.422)[I]: [5],0,25,68,9,-6476,1337,2317(227.423)[I]: [6],0,35,48,5,-6618,-864,3289
(227.432)[I]: [5],0,25,68,10,-6455,1326,2313(227.433)[I]: [6],0,36,48,5,-6594,-839,3327
(227.442)[I]: [5],0,25,68,11,-6433,1315,2309(227.443)[I]: [6],0,35,46,5,-6570,-814,3365
(227.452)[I]: [5],0,23,68,13,-6411,1303,2305(227.453)[I]: [6],0,34,44,5,-6546,-789,3402
(227.462)[I]: [5],0,22,68,14,-6389,1293,2301(227.463)[I]: [6],0,31,42,5,-6522,-764,3439
(227.472)[I]: [5],0,20,68,14,-6379,1276,2286(227.473)[I]: [6],0,31,39,6,-6497,-740,3476
(227.482)[I]: [5],0,19,64,16,-6357,1265,2282(227.483)[I]: [6],0,29,37,6,-6472,-717,3512
(227.492)[I]: [5],0,19,64,16,-6334,1254,2278(227.493)[I]: [6],0,27,34,6,-6447,-693,3548
(227.502)[I]: [5],0,18,60,18,-6311,1244,2275(227.503)[I]: [6],0,25,31,6,-6436,-668,3579
(227.512)[I]: [5],0,18,60,18,-6289,1232,2271(227.513)[I]: [6],0,24,29,6,-6424,-643,3611
(227.522)[I]: [5],0,18,64,20,-6266,1222,2268(227.523)[I]: [6],0,23,27,6,-6399,-620,3646
(227.532)[I]: [5],0,18,68,20,-6243,1211,2264(227.533)[I]: [6],0,23,27,6,-6373,-599,3680
(227.542)[I]: [5],0,18,72,20,-6219,1201,2261(227.543)[I]: [6],0,21,26,6,-6348,-578,3714
(227.552)[I]: [5],0,18,72,20,-6196,1192,2259(227.553)[I]: [6],0,19,24,6,-6322,-557,3747
(227.562)[I]: [5],0,17,72,20,-6172,1182,2256(227.563)[I]: [6],0,18,22,6,-6296,-537,3780
(227.572)[I]: [5],0,18,76,20,-6148,1173,2254(227.573)[I]: [6],0,16,19,6,-6269,-518,3811
(227.582)[I]: [5],0,18,76,20,-6125,1163,2252(227.583)[I]: [6],0,15,20,6,-6243,-499,3843
(227.592)[I]: [5],0,19,76,20,-6101,1154,2250(227.593)[I]: [6],0,18,18,6,-6216,-477,3877
(227.602)[I]: [5],0,19,68,20,-6076,1144,2247(227.603)[I]: [6],0,15,16,6,-6190,-458,3908
(227.612)[I]: [5],0,19,72,20,-6052,1135,2245(227.613)[I]: [6],0,15,15,6,-6163,-442,3937
(227.622)[I]: [5],0,19,76,20,-6028,1126,2243(227.623)[I]: [6],0,15,15,6,-6135,-425,3967
(227.632)[I]: [5],0,19,76,20,-6003,1117,2241(227.633)[I]: [6],0,15,15,6,-6108,-408,3996
(227.642)[I]: [5],0,20,80,20,-5978,1108,2240(227.643)[I]: [6],0,15,16,6,-6081,-391,4025
(227.652)[I]: [5],0,23,80,20,-5954,1099,2238(227.653)[I]: [6],0,15,15,6,-6053,-376,4054
(227.662)[I]: [5],0,25,80,19,-5929,1090,2237(227.663)[I]: [6],0,15,15,6,-6026,-360,4082
(227.672)[I]: [5],0,27,84,19,-5904,1082,2235(227.673)[I]: [6],0,15,14,6,-5998,-344,4110
(227.682)[I]: [5],0,27,84,18,-5879,1072,2233(227.683)[I]: [6],0,15,15,6,-5970,-329,4137
(227.692)[I]: [5],0,27,80,17,-5853,1063,2231(227.693)[I]: [6],0,15,15,6,-5941,-316,4163
(227.702)[I]: [5],0,25,76,14,-5834,1060,2235(227.703)[I]: [6],0,15,15,6,-5913,-303,4189
(227.712)[I]: [5],2,25,80,13,-5814,1056,2239(227.713)[I]: [6],0,15,15,7,-5885,-289,4215
(227.722)[I]: [5],4,25,80,13,-5794,1052,2242(227.723)[I]: [6],0,15,17,7,-5856,-276,4240
(227.732)[I]: [5],3,26,84,12,-5769,1042,2239(227.733)[I]: [6],0,17,18,7,-5828,-264,4265
(227.742)[I]: [5],4,27,84,12,-5749,1038,2243(227.743)[I]: [6],0,18,17,7,-5799,-252,4290
(227.752)[I]: [5],4,27,84,8,-5735,1043,2255(227.753)[I]: [6],0,19,19,8,-5770,-240,4314
(227.762)[I]: [5],4,28,84,6,-5721,1049,2267(227.763)[I]: [6],0,20,22,9,-5741,-228,4338
(227.772)[I]: [5],6,28,84,6,-5706,1061,2286(227.773)[I]: [6],0,20,27,9,-5719,-225,4349
(227.782)[I]: [5],6,28,80,3,-5690,1080,2307(227.783)[I]: [6],0,21,29,9,-5690,-215,4372
(227.792)[I]: [5],5,29,76,2,-5673,1113,2337(227.793)[I]: [6],0,21,26,10,-5661,-204,4395
(227.802)[I]: [5],6,28,72,0,-5655,1153,2371(227.803)[I]: [6],0,23,31,10,-5631,-191,4419
(227.812)[I]: [5],5,27,68,0,-5638,1191,2403(227.813)[I]: [6],0,25,35,12,-5602,-181,4442
(227.822)[I]: [5],5,25,68,0,-5619,1251,2450(227.823)[I]: [6],0,28,38,15,-5572,-170,4465
(227.832)[I]: [5],5,25,60,0,-5594,1337,2546(227.833)[I]: [6],0,28,44,15,-5542,-160,4487
(227.842)[I]: [5],5,21,48,0,-5559,1456,2701(227.843)[I]: [6],0,29,48,17,-5512,-150,4509
(227.852)[I]: [5],5,19,44,0,-5514,1617,2902(227.853)[I]: [6],0,31,46,20,-5482,-140,4531
(227.862)[I]: [5],7,13,28,0,-5455,1820,3141(227.863)[I]: [6],0,31,49,21,-5452,-129,4553
(227.872)[I]: [5],4,12,20,0,-5382,2086,3421(227.873)[I]: [6],0,31,51,22,-5422,-118,4576
(227.882)[I]: [5],3,8,16,0,-5305,2362,3698(227.883)[I]: [6],0,35,54,23,-5392,-109,4597
(227.892)[I]: [5],0,6,12,0,-5219,2630,3978(227.893)[I]: [6],0,36,55,23,-5362,-100,4617
(227.902)[I]: [5],0,5,12,0,-5122,2896,4266(227.903)[I]: [6],0,36,57,24,-5332,-93,4637
(227.912)[I]: [5],0,3,12,0,-5017,3116,4536(227.913)[I]: [6],0,35,63,26,-5301,-86,4656
(227.922)[I]: [5],0,2,8,0,-4918,3322,4774(227.922)[I]: [6],0,35,68,25,-5271,-79,4674
(227.932)[I]: [5],0,2,8,0,-4841,3453,4951(227.932)[I]: [6],0,35,69,25,-5240,-72,4694
(227.942)[I]: [5],0,2,8,0,-4805,3462,5021(227.942)[I]: [6],0,34,71,26,-5210,-64,4713
(227.952)[I]: [5],0,2,8,0,-4801,3407,5021(227.952)[I]: [6],0,31,73,25,-5179,-55,4733
(227.962)[I]: [5],0,2,8,0,-4814,3316,4983(227.962)[I]: [6],0,31,76,24,-5149,-48,4752
(227.972)[I]: [5],0,2,12,0,-4838,3215,4934(227.973)[I]: [6],0,31,78,23,-5118,-41,4770
(227.982)[I]: [5],0,3,8,0,-4870,3115,4880(227.982)[I]: [6],0,30,78,23,-5087,-35,4787
(227.992)[I]: [5],0,3,8,0,-4910,3012,4822(227.992)[I]: [6],0,29,81,21,-5056,-29,4805
(227.999)[I]: [5],0,2,8,0,-4958,2908,4759(227.999)[I]: [6],0,28,81,19,-5026,-24,4821
(227.999)[I]: [5],0,2,8,0,-5012,2797,4687(227.999)[I]: [6],0,28,82,19,-4995,-19,4838
(227.999)[I]: [5],0,3,8,0,-5070,2679,4608(227.999)[I]: [6],0,27,82,19,-4964,-14,4854
(228.008)[I]: [5],0,3,4,0,-5128,2553,4523(228.008)[I]: [6],0,26,83,17,-4933,-10,4870
(228.018)[I]: [5],0,2,4,0,-5182,2423,4440(228.018)[I]: [6],0,28,84,17,-4902,-5,4886
(228.028)[I]: [5],0,2,4,0,-5230,2293,4361(228.028)[I]: [6],0,28,86,17,-4871,0,4901
(228.038)[I]: [5],0,2,4,0,-5269,2169,4289(228.038)[I]: [6],0,28,87,14,-4840,3,4917
(228.048)[I]: [5],0,2,8,0,-5301,2053,4217(228.048)[I]: [6],0,26,89,14,-4809,7,4932
(228.058)[I]: [5],0,1,8,0,-5327,1945,4141(228.058)[I]: [6],0,27,91,14,-4778,12,4948
(228.068)[I]: [5],0,2,4,0,-5347,1849,4061(228.068)[I]: [6],0,26,94,13,-4747,16,4963
(228.078)[I]: [5],0,2,8,0,-5359,1780,3987(228.078)[I]: [6],0,25,96,13,-4716,20,4977
(228.088)[I]: [5],0,1,4,0,-5366,1735,3916(228.088)[I]: [6],0,27,98,13,-4685,24,4992
(228.098)[I]: [5],0,2,4,0,-5370,1705,3839(228.098)[I]: [6],0,26,100,13,-4655,27,5006
(228.108)[I]: [5],0,1,4,0,-5372,1679,3748(228.108)[I]: [6],0,26,101,12,-4624,30,5020
(228.118)[I]: [5],0,1,4,0,-5371,1653,3644(228.118)[I]: [6],0,26,103,12,-4593,34,5034
(228.128)[I]: [5],0,1,4,0,-5369,1624,3529(228.128)[I]: [6],0,26,106,12,-4562,37,5047
(228.138)[I]: [5],0,1,4,0,-5366,1590,3405(228.138)[I]: [6],0,26,107,10,-4531,40,5061
(228.148)[I]: [5],0,1,4,0,-5364,1549,3275(228.148)[I]: [6],0,26,109,8,-4500,43,5075
(228.158)[I]: [5],0,1,4,0,-5364,1497,3134(228.158)[I]: [6],0,26,111,7,-4469,46,5088
(228.168)[I]: [5],0,1,4,0,-5365,1431,2983(228.168)[I]: [6],0,27,115,7,-4438,49,5100
(228.178)[I]: [5],0,1,8,0,-5368,1353,2824(228.178)[I]: [6],0,27,117,7,-4408,51,5113
(228.188)[I]: [5],0,1,8,0,-5373,1267,2659(228.188)[I]: [6],0,27,119,6,-4377,52,5124
(228.198)[I]: [5],0,1,8,0,-5379,1181,2494(228.198)[I]: [6],0,27,121,6,-4346,54,5136
(228.208)[I]: [5],0,1,4,0,-5387,1092,2326(228.208)[I]: [6],0,27,123,6,-4316,56,5148
(228.218)[I]: [5],0,2,4,0,-5395,1008,2161(228.218)[I]: [6],0,26,124,5,-4285,58,5160
(228.228)[I]: [5],0,2,4,0,-5402,922,1999(228.228)[I]: [6],0,26,126,5,-4255,60,5172
(228.238)[I]: [5],0,2,4,0,-5406,839,1841(228.238)[I]: [6],0,26,131,6,-4224,62,5183
(228.248)[I]: [5],0,2,4,0,-5408,761,1693(228.248)[I]: [6],0,27,133,5,-4194,63,5195
(228.258)[I]: [5],0,2,4,0,-5406,686,1552(228.258)[I]: [6],0,28,136,5,-4164,64,5205
(228.268)[I]: [5],0,2,4,0,-5401,612,1416(228.268)[I]: [6],0,29,141,5,-4133,65,5216
(228.278)[I]: [5],0,2,4,0,-5392,536,1284(228.278)[I]: [6],0,28,146,5,-4103,66,5226
(228.288)[I]: [5],0,2,4,0,-5378,461,1159(228.288)[I]: [6],0,28,150,5,-4073,67,5237
(228.298)[I]: [5],0,2,4,0,-5359,393,1049(228.298)[I]: [6],0,28,159,5,-4043,68,5247
(228.308)[I]: [5],0,2,4,0,-5336,338,959(228.308)[I]: [6],0,27,162,5,-4013,68,5257
(228.318)[I]: [5],0,3,4,0,-5308,298,891(228.318)[I]: [6],0,27,166,5,-3983,69,5267
(228.328)[I]: [5],0,2,4,0,-5277,275,846(228.328)[I]: [6],0,26,169,5,-3953,70,5276
(228.338)[I]: [5],0,2,4,0,-5244,269,825(228.338)[I]: [6],0,25,172,5,-3924,70,5286
(228.348)[I]: [5],0,3,4,0,-5209,275,816(228.348)[I]: [6],0,23,177,5,-3894,71,5296
(228.358)[I]: [5],0,3,4,0,-5175,288,815(228.358)[I]: [6],0,25,183,4,-3864,71,5305
(228.368)[I]: [5],0,3,4,0,-5142,301,817(228.368)[I]: [6],0,25,192,4,-3835,73,5315
(228.378)[I]: [5],0,2,4,0,-5112,311,817(228.378)[I]: [6],0,25,197,3,-3806,73,5324
(228.388)[I]: [5],0,2,4,0,-5083,320,816(228.388)[I]: [6],0,26,203,3,-3776,72,5332
(228.398)[I]: [5],0,2,4,0,-5056,328,812(228.398)[I]: [6],0,26,211,3,-3747,72,5341
(228.408)[I]: [5],0,2,4,0,-5032,337,809(228.408)[I]: [6],0,26,217,3,-3718,73,5349
(228.418)[I]: [5],0,2,4,0,-5010,350,813(228.418)[I]: [6],0,27,227,3,-3689,72,5358
(228.428)[I]: [5],0,2,4,0,-4991,367,826(228.428)[I]: [6],0,27,232,3,-3660,71,5365
(228.438)[I]: [5],0,2,4,0,-4964,381,930(228.438)[I]: [6],0,26,237,3,-3632,71,5374
(228.448)[I]: [5],0,2,4,3,-4953,399,1095(228.448)[I]: [6],0,25,240,3,-3603,71,5382
(228.458)[I]: [5],0,2,4,3,-4931,455,1238(228.458)[I]: [6],0,25,242,3,-3574,70,5389
(228.468)[I]: [5],0,2,4,3,-4907,484,1354(228.468)[I]: [6],0,24,244,3,-3546,71,5397
(228.478)[I]: [5],0,2,4,3,-4879,528,1463(228.478)[I]: [6],0,24,243,3,-3518,70,5405
(228.488)[I]: [5],0,2,4,2,-4850,563,1547(228.488)[I]: [6],0,25,244,3,-3490,70,5412
(228.498)[I]: [5],0,2,4,1,-4817,614,1631(228.498)[I]: [6],0,25,246,3,-3462,70,5420
(228.508)[I]: [5],0,1,4,1,-4783,680,1722(228.508)[I]: [6],0,27,248,3,-3434,69,5427
(228.518)[I]: [5],0,2,4,2,-4748,750,1817(228.518)[I]: [6],0,29,252,3,-3406,69,5434
(228.528)[I]: [5],0,2,4,2,-4714,823,1923(228.528)[I]: [6],0,31,257,3,-3378,68,5441
(228.538)[I]: [5],0,2,4,3,-4689,880,2027(228.538)[I]: [6],0,33,264,3,-3351,68,5448
(228.548)[I]: [5],0,4,12,4,-4672,895,2098(228.549)[I]: [6],0,37,272,3,-3329,64,5450
(228.558)[I]: [5],0,4,12,4,-4658,889,2124(228.559)[I]: [6],0,38,275,2,-3315,57,5446
(228.568)[I]: [5],0,4,8,4,-4645,869,2122(228.568)[I]: [6],0,41,278,2,-3301,50,5441
(228.578)[I]: [5],0,4,8,4,-4624,856,2115(228.578)[I]: [6],0,43,282,2,-3286,40,5433
(228.588)[I]: [5],0,3,12,5,-4612,848,2104(228.589)[I]: [6],0,46,287,2,-3272,32,5424
(228.598)[I]: [5],0,3,12,7,-4584,839,2102(228.599)[I]: [6],0,48,292,2,-3258,26,5415
(228.608)[I]: [5],0,3,12,7,-4555,832,2102(228.609)[I]: [6],0,53,293,2,-3244,29,5399
(228.618)[I]: [5],0,4,20,8,-4534,831,2107(228.619)[I]: [6],0,57,302,2,-3231,36,5375
(228.628)[I]: [5],0,4,28,10,-4519,836,2126(228.629)[I]: [6],0,61,299,1,-3217,45,5337
(228.638)[I]: [5],0,6,28,12,-4504,840,2151(228.639)[I]: [6],0,63,280,1,-3201,55,5285
(228.648)[I]: [5],0,8,36,13,-4489,844,2168(228.649)[I]: [6],0,63,261,1,-3190,19,5191
(228.658)[I]: [5],0,9,44,15,-4473,847,2178(228.659)[I]: [6],0,60,232,1,-3175,-37,5053
(228.668)[I]: [5],0,12,68,19,-4459,856,2187(228.669)[I]: [6],1,61,182,1,-3160,-104,4890
(228.678)[I]: [5],0,15,60,21,-4444,862,2189(228.679)[I]: [6],1,56,146,0,-3146,-168,4714
(228.688)[I]: [5],0,19,60,28,-4430,866,2189(228.689)[I]: [6],1,41,95,0,-3126,-205,4514
(228.698)[I]: [5],0,22,60,35,-4416,870,2187(228.699)[I]: [6],1,35,63,0,-3103,-248,4294
(228.708)[I]: [5],0,19,76,46,-4402,870,2182(228.709)[I]: [6],2,22,31,1,-3078,-313,4056
(228.718)[I]: [5],0,19,76,54,-4389,868,2174(228.719)[I]: [6],2,24,26,0,-3039,-369,3809
(228.728)[I]: [5],0,22,76,63,-4375,864,2166(228.729)[I]: [6],2,13,20,1,-2999,-445,3545
(228.738)[I]: [5],0,21,84,64,-4353,859,2162(228.739)[I]: [6],1,12,17,2,-2949,-508,3282
(228.748)[I]: [5],0,21,88,64,-4325,852,2162(228.749)[I]: [6],0,12,10,2,-2883,-572,3029
(228.758)[I]: [5],0,20,88,72,-4296,845,2161(228.759)[I]: [6],0,11,8,2,-2810,-633,2780
(228.768)[I]: [5],0,18,88,74,-4268,837,2160(228.769)[I]: [6],0,8,7,2,-2723,-659,2569
(228.778)[I]: [5],0,19,92,73,-4239,829,2159(228.779)[I]: [6],0,8,6,2,-2624,-666,2429
(228.788)[I]: [5],0,19,92,74,-4218,822,2155(228.789)[I]: [6],0,7,7,2,-2511,-691,2356
(228.798)[I]: [5],0,19,92,75,-4190,815,2154(228.799)[I]: [6],0,8,7,2,-2404,-747,2362
(228.808)[I]: [5],0,19,92,71,-4161,807,2153(228.809)[I]: [6],0,9,6,2,-2285,-814,2436
(228.818)[I]: [5],0,19,92,68,-4133,799,2152(228.819)[I]: [6],0,10,7,2,-2145,-928,2518
(228.828)[I]: [5],0,19,92,66,-4105,792,2151(228.829)[I]: [6],0,9,7,2,-1983,-1078,2572
(228.838)[I]: [5],0,21,92,62,-4076,785,2151(228.839)[I]: [6],0,10,7,2,-1804,-1245,2592
(228.848)[I]: [5],0,22,96,57,-4048,778,2150(228.849)[I]: [6],0,9,7,2,-1624,-1410,2596
(228.858)[I]: [5],0,21,92,51,-4033,782,2159(228.859)[I]: [6],0,10,7,2,-1459,-1564,2597
(228.868)[I]: [5],0,22,96,47,-4018,785,2169(228.869)[I]: [6],0,9,6,2,-1324,-1702,2595
(228.878)[I]: [5],0,22,96,37,-4003,788,2178(228.879)[I]: [6],0,9,6,2,-1230,-1812,2593
(228.888)[I]: [5],0,22,96,28,-3975,781,2177(228.889)[I]: [6],0,9,6,2,-1182,-1895,2587
(228.898)[I]: [5],0,21,96,26,-3947,773,2176(228.899)[I]: [6],0,9,5,2,-1175,-1953,2586
(228.908)[I]: [5],0,19,96,24,-3919,765,2175(228.909)[I]: [6],0,9,5,2,-1214,-1996,2594
(228.918)[I]: [5],0,19,96,22,-3891,758,2174(228.919)[I]: [6],0,9,5,2,-1284,-2031,2623
(228.928)[I]: [5],0,19,100,22,-3863,751,2173(228.929)[I]: [6],0,9,6,2,-1375,-2057,2675
(228.938)[I]: [5],0,16,100,20,-3835,744,2173(228.939)[I]: [6],0,9,5,2,-1477,-2071,2744
(228.948)[I]: [5],0,17,96,20,-3807,737,2172(228.949)[I]: [6],0,9,6,2,-1580,-2074,2819
(228.958)[I]: [5],0,15,96,19,-3780,730,2172(228.959)[I]: [6],0,9,6,2,-1677,-2059,2896
(228.968)[I]: [5],0,16,96,18,-3752,723,2171(228.969)[I]: [6],0,9,5,2,-1761,-2027,2978
(228.978)[I]: [5],0,17,100,17,-3724,716,2170(228.979)[I]: [6],0,9,6,2,-1835,-1979,3069
(228.988)[I]: [5],0,14,100,17,-3697,708,2169(228.989)[I]: [6],0,9,6,2,-1896,-1914,3177
(228.998)[I]: [5],0,14,100,18,-3669,702,2169(228.999)[I]: [6],0,9,6,2,-1943,-1837,3301
(228.999)[I]: [5],0,13,100,20,-3642,696,2169(228.999)[I]: [6],0,9,6,2,-1978,-1752,3435
(228.999)[I]: [5],0,15,104,20,-3615,688,2168(228.999)[I]: [6],0,9,6,2,-2005,-1660,3580
(229.004)[I]: [5],0,14,104,20,-3587,682,2167(229.005)[I]: [6],0,9,6,2,-2029,-1562,3734
(229.014)[I]: [5],0,12,104,20,-3560,674,2166(229.015)[I]: [6],0,9,6,2,-2041,-1466,3895
(229.024)[I]: [5],0,9,108,20,-3533,668,2166(229.025)[I]: [6],0,9,5,2,-2051,-1371,4063
(229.034)[I]: [5],0,7,112,21,-3506,661,2165(229.035)[I]: [6],0,8,6,2,-2064,-1268,4237
(229.044)[I]: [5],0,6,112,23,-3479,655,2165(229.045)[I]: [6],0,9,7,2,-2080,-1162,4414
(229.054)[I]: [5],0,5,116,23,-3452,649,2165(229.055)[I]: [6],0,9,6,2,-2101,-1050,4589
(229.064)[I]: [5],0,5,120,23,-3426,644,2165(229.065)[I]: [6],0,9,7,2,-2122,-924,4764
(229.074)[I]: [5],0,5,124,23,-3399,638,2165(229.075)[I]: [6],0,8,7,2,-2141,-785,4937
(229.084)[I]: [5],0,5,124,25,-3373,632,2165(229.085)[I]: [6],0,8,7,2,-2158,-639,5107
(229.094)[I]: [5],0,5,124,26,-3346,625,2164(229.095)[I]: [6],0,9,7,2,-2176,-488,5277
(229.104)[I]: [5],0,5,124,27,-3327,619,2160(229.105)[I]: [6],0,8,6,2,-2191,-338,5446
(229.114)[I]: [5],0,4,124,28,-3301,612,2159(229.115)[I]: [6],0,7,6,2,-2200,-193,5611
(229.124)[I]: [5],0,3,124,28,-3275,606,2159(229.125)[I]: [6],0,7,5,2,-2204,-61,5766
(229.134)[I]: [5],0,3,124,28,-3249,599,2158(229.135)[I]: [6],0,7,6,2,-2205,53,5911
(229.144)[I]: [5],0,3,124,28,-3223,594,2158(229.145)[I]: [6],0,7,5,2,-2204,147,6045
(229.154)[I]: [5],0,4,124,28,-3197,589,2158(229.155)[I]: [6],0,8,6,2,-2203,228,6164
(229.164)[I]: [5],0,4,132,28,-3171,584,2158(229.165)[I]: [6],0,8,5,2,-2205,302,6266
(229.174)[I]: [5],0,4,124,28,-3146,579,2159(229.175)[I]: [6],0,7,5,2,-2209,374,6352
(229.184)[I]: [5],0,3,124,30,-3120,574,2159(229.185)[I]: [6],0,7,5,2,-2215,449,6428
(229.194)[I]: [5],0,4,124,35,-3095,569,2159(229.195)[I]: [6],0,9,5,2,-2224,527,6504
(229.204)[I]: [5],0,5,132,37,-3069,564,2159(229.205)[I]: [6],0,8,3,2,-2236,598,6572
(229.214)[I]: [5],0,4,124,37,-3044,558,2159(229.215)[I]: [6],0,9,3,2,-2253,656,6625
(229.224)[I]: [5],0,5,124,39,-3019,552,2158(229.225)[I]: [6],0,9,3,2,-2271,696,6660
(229.234)[I]: [5],0,6,124,39,-2995,546,2158(229.235)[I]: [6],0,7,3,2,-2289,715,6674
(229.244)[I]: [5],0,7,136,40,-2976,542,2160(229.245)[I]: [6],0,7,3,2,-2303,717,6672
(229.254)[I]: [5],0,9,136,39,-2963,540,2168(229.255)[I]: [6],0,7,3,2,-2311,714,6668
(229.264)[I]: [5],0,9,140,35,-2951,540,2177(229.265)[I]: [6],0,7,3,2,-2318,720,6670
(229.274)[I]: [5],0,10,144,28,-2937,542,2187(229.275)[I]: [6],0,7,3,2,-2307,722,6666
(229.284)[I]: [5],0,11,152,27,-2924,544,2198(229.285)[I]: [6],0,7,3,2,-2297,721,6652
(229.294)[I]: [5],0,12,164,26,-2910,546,2211(229.295)[I]: [6],0,7,4,3,-2280,717,6618
(229.304)[I]: [5],0,15,172,22,-2896,548,2226(229.305)[I]: [6],0,6,5,6,-2277,301,6353
(229.314)[I]: [5],0,20,172,17,-2883,552,2245(229.315)[I]: [6],0,4,5,5,-2257,237,6255
(229.324)[I]: [5],0,25,184,15,-2869,555,2268(229.325)[I]: [6],0,5,5,4,-2240,176,6160
(229.334)[I]: [5],0,24,196,14,-2854,561,2299(229.335)[I]: [6],0,8,6,3,-2256,144,6118
(229.344)[I]: [5],3,31,212,6,-2838,570,2340(229.345)[I]: [6],0,7,5,3,-2261,136,6106
(229.354)[I]: [5],7,38,224,6,-2822,579,2385(229.355)[I]: [6],0,7,6,4,-2246,122,6077
(229.364)[I]: [5],10,56,228,3,-2806,596,2429(229.365)[I]: [6],0,7,7,5,-2221,83,6016
(229.374)[I]: [5],14,60,236,4,-2790,618,2467(229.375)[I]: [6],0,7,10,7,-2201,28,5939
(229.384)[I]: [5],19,69,240,0,-2775,654,2511(229.385)[I]: [6],0,9,15,9,-2186,-21,5867
(229.394)[I]: [5],23,73,236,0,-2758,714,2573(229.395)[I]: [6],0,11,19,10,-2177,-67,5808
(229.404)[I]: [5],25,70,236,0,-2741,781,2667(229.405)[I]: [6],0,11,22,13,-2166,-98,5769
(229.414)[I]: [5],25,60,228,0,-2712,845,2818(229.415)[I]: [6],0,13,27,15,-2153,-116,5743
(229.424)[I]: [5],27,53,176,0,-2677,957,3012(229.425)[I]: [6],0,15,31,22,-2143,-119,5732
(229.434)[I]: [5],23,38,172,0,-2632,1099,3241(229.435)[I]: [6],0,15,37,27,-2135,-116,5730
(229.444)[I]: [5],20,22,116,0,-2566,1240,3491(229.445)[I]: [6],0,15,41,31,-2119,-114,5733
(229.454)[I]: [5],19,12,84,0,-2483,1426,3762(229.455)[I]: [6],0,15,45,35,-2100,-116,5735
(229.464)[I]: [5],9,9,72,0,-2405,1634,4036(229.465)[I]: [6],0,17,55,38,-2080,-117,5738
(229.474)[I]: [5],7,6,56,0,-2339,1813,4297(229.475)[I]: [6],0,15,56,40,-2061,-118,5740
(229.484)[I]: [5],6,3,44,0,-2269,1961,4557(229.485)[I]: [6],0,18,55,40,-2052,-121,5734
(229.494)[I]: [5],3,5,28,0,-2186,2087,4823(229.495)[I]: [6],0,22,61,40,-2044,-124,5728
(229.504)[I]: [5],1,3,16,0,-2124,2195,5057(229.505)[I]: [6],0,19,63,40,-2025,-126,5730
(229.514)[I]: [5],0,2,16,0,-2104,2263,5270(229.515)[I]: [6],0,21,57,41,-2006,-128,5732
(229.524)[I]: [5],0,2,12,0,-2136,2226,5432(229.525)[I]: [6],0,20,55,42,-1987,-133,5733
(229.534)[I]: [5],0,2,8,0,-2213,2081,5511(229.534)[I]: [6],0,18,54,43,-1969,-136,5735
(229.544)[I]: [5],0,2,8,0,-2342,1866,5507(229.544)[I]: [6],0,19,58,43,-1950,-139,5737
(229.554)[I]: [5],0,2,8,0,-2518,1600,5455(229.554)[I]: [6],0,19,60,42,-1932,-141,5738
(229.564)[I]: [5],0,2,8,0,-2718,1326,5394(229.564)[I]: [6],0,20,59,41,-1914,-143,5740
(229.574)[I]: [5],0,2,8,0,-2927,1087,5356(229.574)[I]: [6],0,21,59,40,-1896,-145,5742
(229.584)[I]: [5],0,2,8,0,-3134,904,5348(229.584)[I]: [6],0,21,59,36,-1878,-146,5744
(229.594)[I]: [5],0,2,8,0,-3329,763,5360(229.594)[I]: [6],0,20,60,31,-1861,-148,5746
(229.604)[I]: [5],0,2,8,0,-3505,660,5384(229.604)[I]: [6],0,22,60,31,-1843,-151,5747
(229.614)[I]: [5],0,2,8,0,-3656,569,5400(229.614)[I]: [6],0,22,60,29,-1826,-153,5749
(229.624)[I]: [5],0,2,4,0,-3773,465,5395(229.624)[I]: [6],0,23,61,26,-1809,-155,5751
(229.634)[I]: [5],0,2,8,0,-3850,326,5344(229.634)[I]: [6],0,21,61,25,-1792,-157,5752
(229.644)[I]: [5],0,2,4,0,-3878,163,5254(229.644)[I]: [6],0,21,61,23,-1775,-159,5754
(229.654)[I]: [5],0,2,4,0,-3857,11,5158(229.654)[I]: [6],0,21,61,21,-1758,-162,5755
(229.664)[I]: [5],0,2,4,0,-3796,-111,5071(229.664)[I]: [6],0,19,60,19,-1741,-164,5757
(229.674)[I]: [5],0,2,4,0,-3702,-186,5001(229.674)[I]: [6],0,20,60,18,-1725,-166,5758
(229.684)[I]: [5],0,1,4,0,-3585,-209,4950(229.684)[I]: [6],0,21,59,18,-1708,-168,5759
(229.694)[I]: [5],0,1,4,0,-3453,-183,4907(229.694)[I]: [6],0,21,59,16,-1692,-169,5761
(229.704)[I]: [5],0,1,4,0,-3315,-123,4858(229.704)[I]: [6],0,19,59,15,-1676,-171,5762
(229.714)[I]: [5],0,1,4,0,-3174,-42,4798(229.714)[I]: [6],0,18,59,14,-1660,-173,5764
(229.724)[I]: [5],0,1,4,0,-3036,47,4722(229.724)[I]: [6],0,15,59,14,-1644,-175,5765
(229.734)[I]: [5],0,1,8,1,-2908,137,4630(229.734)[I]: [6],0,15,58,14,-1629,-177,5766
(229.744)[I]: [5],0,1,8,0,-2794,222,4522(229.744)[I]: [6],0,13,59,14,-1613,-178,5768
(229.754)[I]: [5],0,1,4,0,-2700,299,4400(229.754)[I]: [6],0,13,58,14,-1598,-181,5769
(229.764)[I]: [5],0,1,4,0,-2632,365,4266(229.764)[I]: [6],0,13,60,15,-1586,-181,5773
(229.774)[I]: [5],0,1,8,0,-2590,419,4123(229.774)[I]: [6],0,12,61,15,-1578,-178,5781
(229.784)[I]: [5],0,1,4,0,-2571,455,3972(229.784)[I]: [6],0,12,61,15,-1570,-174,5791
(229.794)[I]: [5],0,1,8,0,-2571,477,3819(229.794)[I]: [6],0,11,63,15,-1563,-169,5798
(229.804)[I]: [5],0,1,8,0,-2583,483,3659(229.804)[I]: [6],0,11,63,15,-1548,-170,5800
(229.814)[I]: [5],0,1,8,0,-2600,475,3492(229.814)[I]: [6],0,10,68,15,-1533,-172,5801
(229.824)[I]: [5],0,1,8,0,-2618,457,3318(229.824)[I]: [6],0,11,71,15,-1518,-174,5802
(229.834)[I]: [5],0,1,8,0,-2633,437,3143(229.834)[I]: [6],0,11,75,15,-1504,-176,5803
(229.844)[I]: [5],0,2,8,0,-2644,419,2966(229.844)[I]: [6],0,11,77,17,-1489,-178,5804
(229.854)[I]: [5],0,2,8,0,-2652,407,2789(229.854)[I]: [6],0,11,77,17,-1475,-179,5805
(229.864)[I]: [5],0,2,8,0,-2654,402,2617(229.864)[I]: [6],0,11,79,19,-1461,-180,5806
(229.874)[I]: [5],0,2,8,0,-2649,407,2451(229.874)[I]: [6],0,11,83,18,-1447,-182,5807
(229.884)[I]: [5],0,2,8,0,-2637,423,2297(229.884)[I]: [6],0,11,85,19,-1433,-183,5809
(229.894)[I]: [5],0,2,4,0,-2618,445,2158(229.894)[I]: [6],0,13,87,18,-1419,-185,5810
(229.904)[I]: [5],0,2,4,0,-2595,466,2033(229.904)[I]: [6],0,13,92,17,-1405,-186,5811
(229.914)[I]: [5],0,2,8,0,-2571,483,1924(229.914)[I]: [6],0,13,93,17,-1398,-191,5804
(229.924)[I]: [5],0,3,4,0,-2549,491,1823(229.924)[I]: [6],0,13,96,17,-1387,-195,5802
(229.934)[I]: [5],0,2,8,0,-2530,494,1732(229.934)[I]: [6],0,14,96,17,-1376,-198,5800
(229.944)[I]: [5],0,2,4,0,-2517,491,1649(229.944)[I]: [6],0,14,99,15,-1368,-203,5795
(229.954)[I]: [5],0,2,4,0,-2508,483,1574(229.954)[I]: [6],0,17,104,15,-1361,-209,5787
(229.964)[I]: [5],0,2,8,0,-2502,471,1505(229.964)[I]: [6],0,18,105,14,-1353,-216,5778
(229.974)[I]: [5],0,2,8,0,-2495,453,1442(229.974)[I]: [6],0,20,111,13,-1344,-223,5766
(229.984)[I]: [5],0,2,4,0,-2483,433,1387(229.984)[I]: [6],0,23,115,11,-1337,-230,5755
(229.994)[I]: [5],0,2,4,0,-2465,414,1342(229.994)[I]: [6],0,21,127,8,-1329,-238,5741
(229.999)[I]: [5],0,2,4,0,-2439,401,1312(229.999)[I]: [6],0,29,132,5,-1321,-248,5723
(229.999)[I]: [5],0,2,4,0,-2407,389,1298(229.999)[I]: [6],0,34,144,4,-1312,-262,5701
(230.000)[I]: [5],0,1,4,0,-2370,371,1294(230.000)[I]: [6],0,43,155,3,-1304,-279,5675
(230.010)[I]: [5],0,1,8,7,-2289,366,1631(230.010)[I]: [6],0,46,170,3,-1294,-300,5648
(230.020)[I]: [5],0,2,4,19,-2241,276,1750(230.020)[I]: [6],0,54,178,2,-1285,-322,5620
(230.030)[I]: [5],0,1,8,20,-2229,215,1872(230.030)[I]: [6],0,62,192,2,-1276,-342,5593
(230.040)[I]: [5],0,3,12,17,-2222,157,1921(230.041)[I]: [6],0,63,200,2,-1267,-360,5569
(230.050)[I]: [5],0,1,12,16,-2208,131,1929(230.051)[I]: [6],1,73,200,2,-1258,-369,5545
(230.060)[I]: [5],0,4,12,17,-2190,152,1956(230.061)[I]: [6],2,77,197,2,-1250,-372,5518
(230.070)[I]: [5],0,4,20,21,-2189,190,2004(230.071)[I]: [6],2,77,183,2,-1240,-354,5477
(230.080)[I]: [5],0,6,24,24,-2179,211,2032(230.081)[I]: [6],4,74,152,2,-1228,-335,5409
(230.090)[I]: [5],0,7,28,27,-2165,220,2052(230.091)[I]: [6],3,76,122,2,-1217,-354,5288
(230.100)[I]: [5],0,9,36,37,-2156,221,2074(230.101)[I]: [6],3,55,83,2,-1201,-373,5130
(230.110)[I]: [5],0,15,44,53,-2146,229,2096(230.111)[I]: [6],2,52,58,2,-1190,-382,4953
(230.120)[I]: [5],0,17,68,62,-2135,243,2114(230.121)[I]: [6],3,44,35,2,-1173,-355,4768
(230.130)[I]: [5],0,23,60,70,-2125,249,2126(230.131)[I]: [6],2,31,21,2,-1152,-328,4558
(230.140)[I]: [5],0,20,68,75,-2110,245,2129(230.141)[I]: [6],2,23,13,2,-1122,-318,4334
(230.150)[I]: [5],0,23,72,82,-2091,240,2128(230.151)[I]: [6],1,13,14,2,-1076,-295,4096
(230.160)[I]: [5],0,23,68,88,-2081,242,2125(230.161)[I]: [6],1,11,9,2,-1015,-267,3852
(230.170)[I]: [5],0,21,68,90,-2062,239,2125(230.171)[I]: [6],0,8,7,2,-941,-249,3593
(230.180)[I]: [5],0,23,68,95,-2043,235,2125(230.181)[I]: [6],0,11,8,2,-847,-247,3328
(230.190)[I]: [5],0,23,60,97,-2025,230,2124(230.191)[I]: [6],0,7,9,2,-733,-260,3118
(230.200)[I]: [5],0,23,60,96,-2006,226,2124(230.201)[I]: [6],0,7,7,2,-606,-320,2967
(230.210)[I]: [5],0,22,60,97,-1988,221,2124(230.211)[I]: [6],0,8,7,2,-473,-441,2869
(230.220)[I]: [5],0,21,60,94,-1969,216,2123(230.221)[I]: [6],0,8,6,2,-334,-594,2862
(230.230)[I]: [5],0,20,60,90,-1951,212,2123(230.231)[I]: [6],0,9,6,2,-178,-770,2895
(230.240)[I]: [5],0,22,56,88,-1933,208,2123(230.241)[I]: [6],0,10,6,2,-4,-951,2944
(230.250)[I]: [5],0,23,60,85,-1915,204,2123(230.251)[I]: [6],0,10,5,2,183,-1115,2988
(230.260)[I]: [5],0,26,56,81,-1898,198,2122(230.261)[I]: [6],0,10,4,2,373,-1263,3025
(230.270)[I]: [5],0,26,56,79,-1880,194,2122(230.271)[I]: [6],0,10,4,2,544,-1400,3055
(230.280)[I]: [5],0,24,48,76,-1863,189,2121(230.281)[I]: [6],0,9,4,2,681,-1530,3082
(230.290)[I]: [5],0,21,44,75,-1850,185,2118(230.291)[I]: [6],0,9,3,2,774,-1652,3103
(230.300)[I]: [5],0,19,44,74,-1843,181,2111(230.301)[I]: [6],0,9,3,2,814,-1782,3131
(230.310)[I]: [5],0,17,44,73,-1835,177,2102(230.311)[I]: [6],0,9,3,2,797,-1915,3177
(230.320)[I]: [5],0,19,40,72,-1827,174,2095(230.321)[I]: [6],0,9,4,2,730,-2030,3237
(230.330)[I]: [5],0,17,40,71,-1810,169,2095(230.331)[I]: [6],0,9,4,2,625,-2109,3302
(230.340)[I]: [5],0,16,40,69,-1793,165,2095(230.341)[I]: [6],0,9,3,2,500,-2149,3370
(230.350)[I]: [5],0,17,40,62,-1776,161,2094(230.351)[I]: [6],0,9,3,2,368,-2141,3441
(230.360)[I]: [5],0,17,48,57,-1768,161,2101(230.361)[I]: [6],0,9,3,2,236,-2086,3507
(230.370)[I]: [5],0,17,48,50,-1755,158,2104(230.371)[I]: [6],0,9,3,2,111,-1996,3572
(230.380)[I]: [5],0,19,48,52,-1743,156,2107(230.381)[I]: [6],0,8,3,3,-8,-1885,3639
(230.390)[I]: [5],0,19,48,49,-1726,152,2107(230.391)[I]: [6],0,9,3,3,-122,-1766,3715
(230.400)[I]: [5],0,16,48,45,-1710,148,2107(230.401)[I]: [6],0,8,2,3,-228,-1646,3805
(230.410)[I]: [5],0,17,52,45,-1694,144,2106(230.411)[I]: [6],0,8,3,2,-324,-1531,3907
(230.420)[I]: [5],0,17,52,45,-1678,140,2106(230.421)[I]: [6],0,8,3,2,-410,-1418,4024
(230.430)[I]: [5],0,17,52,46,-1662,137,2106(230.431)[I]: [6],0,8,4,2,-484,-1298,4156
(230.440)[I]: [5],0,16,52,48,-1647,133,2106(230.441)[I]: [6],0,8,4,2,-542,-1171,4305
(230.450)[I]: [5],0,17,56,50,-1631,129,2105(230.451)[I]: [6],0,8,4,2,-583,-1039,4469
(230.460)[I]: [5],0,17,56,50,-1616,125,2105(230.461)[I]: [6],0,8,4,2,-606,-918,4640
(230.470)[I]: [5],0,17,56,53,-1601,121,2105(230.471)[I]: [6],0,8,4,2,-622,-811,4816
(230.480)[I]: [5],0,17,60,55,-1585,117,2105(230.481)[I]: [6],0,9,4,3,-621,-715,4996
(230.490)[I]: [5],0,18,60,57,-1570,113,2104(230.491)[I]: [6],0,9,3,2,-604,-630,5180
(230.500)[I]: [5],0,17,60,57,-1556,110,2104(230.501)[I]: [6],0,8,5,2,-570,-555,5365
(230.510)[I]: [5],0,17,68,60,-1541,107,2104(230.511)[I]: [6],0,8,4,2,-520,-491,5543
(230.520)[I]: [5],0,17,68,64,-1526,104,2104(230.521)[I]: [6],0,9,4,2,-462,-431,5708
(230.530)[I]: [5],0,17,68,62,-1512,100,2104(230.531)[I]: [6],0,7,4,2,-405,-373,5859
(230.540)[I]: [5],0,17,68,64,-1497,96,2103(230.541)[I]: [6],0,7,3,2,-359,-309,5993
(230.550)[I]: [5],0,18,68,66,-1483,92,2103(230.551)[I]: [6],0,7,3,2,-331,-240,6109
(230.560)[I]: [5],0,17,68,67,-1469,88,2103(230.561)[I]: [6],0,7,2,2,-325,-173,6209
(230.570)[I]: [5],0,16,72,67,-1455,85,2103(230.571)[I]: [6],0,7,2,2,-342,-114,6296
(230.580)[I]: [5],0,17,72,66,-1441,82,2102(230.581)[I]: [6],0,9,2,2,-382,-65,6379
(230.590)[I]: [5],0,17,72,64,-1427,78,2102(230.591)[I]: [6],0,9,2,2,-437,-21,6461
(230.600)[I]: [5],0,19,76,64,-1414,74,2102(230.601)[I]: [6],0,8,2,2,-500,21,6535
(230.610)[I]: [5],0,19,76,63,-1400,72,2102(230.611)[I]: [6],0,8,2,2,-563,65,6598
(230.620)[I]: [5],0,21,80,60,-1387,69,2102(230.621)[I]: [6],0,8,2,2,-617,108,6647
(230.630)[I]: [5],0,21,80,57,-1377,67,2105(230.631)[I]: [6],0,8,2,2,-660,143,6683
(230.640)[I]: [5],0,23,92,52,-1370,68,2113(230.641)[I]: [6],0,8,2,2,-689,173,6711
(230.650)[I]: [5],0,28,112,50,-1363,68,2125(230.651)[I]: [6],0,7,2,2,-707,198,6734
(230.660)[I]: [5],0,30,120,39,-1356,68,2139(230.661)[I]: [6],0,7,2,2,-715,215,6748
(230.670)[I]: [5],0,35,116,27,-1349,68,2156(230.671)[I]: [6],0,8,2,2,-720,223,6751
(230.680)[I]: [5],2,41,136,22,-1342,70,2178(230.681)[I]: [6],0,8,2,2,-727,216,6743
(230.690)[I]: [5],6,46,136,18,-1334,70,2206(230.691)[I]: [6],0,8,3,2,-742,202,6735
(230.700)[I]: [5],11,58,152,13,-1326,72,2241(230.701)[I]: [6],0,8,3,3,-767,189,6736
(230.710)[I]: [5],19,63,160,10,-1320,75,2279(230.711)[I]: [6],0,7,3,7,-862,4,6527
(230.720)[I]: [5],20,72,164,6,-1311,80,2321(230.721)[I]: [6],0,4,4,9,-769,-69,6333
(230.730)[I]: [5],31,80,180,3,-1303,87,2360(230.731)[I]: [6],0,4,3,8,-752,-166,6192
(230.740)[I]: [5],44,90,184,1,-1296,109,2400(230.741)[I]: [6],0,6,5,7,-776,-215,6118
(230.750)[I]: [5],57,100,188,0,-1288,144,2446(230.751)[I]: [6],0,9,7,6,-785,-241,6093
(230.760)[I]: [5],63,112,180,0,-1282,197,2495(230.761)[I]: [6],0,11,8,8,-770,-256,6060
(230.770)[I]: [5],70,111,172,0,-1272,243,2596(230.771)[I]: [6],0,11,14,9,-756,-266,6014
(230.780)[I]: [5],76,107,136,0,-1262,275,2738(230.781)[I]: [6],0,12,18,12,-747,-274,5973
(230.790)[I]: [5],79,88,112,0,-1249,323,2908(230.791)[I]: [6],0,14,22,16,-742,-284,5935
(230.800)[I]: [5],75,65,124,0,-1229,378,3104(230.801)[I]: [6],0,16,26,20,-736,-298,5900
(230.810)[I]: [5],63,45,80,0,-1199,447,3315(230.811)[I]: [6],0,18,27,23,-729,-309,5876
(230.820)[I]: [5],50,25,64,0,-1161,559,3546(230.821)[I]: [6],0,24,35,26,-723,-317,5863
(230.830)[I]: [5],35,15,60,0,-1127,686,3783(230.831)[I]: [6],0,21,37,30,-720,-322,5855
(230.840)[I]: [5],31,9,44,0,-1096,785,4024(230.841)[I]: [6],0,28,44,31,-714,-324,5852
(230.850)[I]: [5],29,8,28,0,-1059,841,4263(230.851)[I]: [6],0,30,41,34,-709,-325,5849
(230.860)[I]: [5],13,4,20,0,-1025,878,4506(230.861)[I]: [6],0,31,42,36,-702,-327,5849
(230.870)[I]: [5],9,4,12,0,-1002,879,4754(230.871)[I]: [6],0,35,45,37,-695,-330,5849
(230.880)[I]: [5],2,3,12,0,-992,855,5000(230.881)[I]: [6],0,38,44,36,-688,-332,5849
(230.890)[I]: [5],0,3,8,0,-1022,811,5201(230.890)[I]: [6],0,41,47,36,-682,-334,5849
(230.900)[I]: [5],0,3,8,0,-1077,710,5372(230.900)[I]: [6],0,44,51,35,-675,-335,5849
(230.910)[I]: [5],0,2,12,0,-1148,575,5474(230.910)[I]: [6],0,45,49,34,-668,-337,5849
(230.920)[I]: [5],0,2,8,0,-1237,448,5514(230.920)[I]: [6],0,49,51,34,-661,-338,5849
(230.930)[I]: [5],0,2,8,0,-1350,320,5512(230.930)[I]: [6],0,49,51,31,-655,-339,5849
(230.940)[I]: [5],0,2,8,0,-1479,192,5491(230.940)[I]: [6],0,49,51,30,-648,-340,5849
(230.950)[I]: [5],0,2,8,0,-1623,72,5461(230.950)[I]: [6],0,48,53,29,-642,-341,5849
(230.960)[I]: [5],0,2,8,0,-1776,-45,5430(230.960)[I]: [6],0,47,52,27,-636,-342,5850
(230.970)[I]: [5],0,2,8,0,-1927,-162,5401(230.970)[I]: [6],0,46,51,25,-629,-344,5850
(230.980)[I]: [5],0,2,8,0,-2065,-286,5371(230.980)[I]: [6],0,44,51,23,-623,-346,5850
(230.990)[I]: [5],0,1,4,0,-2172,-426,5333(230.990)[I]: [6],0,43,50,22,-617,-347,5850
(230.999)[I]: [5],0,1,8,0,-2239,-585,5273(230.999)[I]: [6],0,41,50,19,-611,-348,5850
(230.999)[I]: [5],0,1,8,0,-2262,-750,5189(230.999)[I]: [6],0,41,51,19,-605,-349,5850
(230.999)[I]: [5],0,1,8,0,-2244,-902,5091(230.999)[I]: [6],0,39,51,18,-599,-350,5850
(231.006)[I]: [5],0,1,8,0,-2195,-1019,4990(231.006)[I]: [6],0,39,51,17,-593,-351,5850
(231.016)[I]: [5],0,1,8,0,-2125,-1091,4889(231.016)[I]: [6],0,39,51,15,-587,-351,5850
(231.026)[I]: [5],0,1,8,0,-2041,-1113,4791(231.026)[I]: [6],0,38,49,15,-581,-352,5850
(231.036)[I]: [5],0,1,8,0,-1950,-1089,4698(231.036)[I]: [6],0,34,51,14,-575,-353,5850
(231.046)[I]: [5],0,1,8,0,-1853,-1026,4609(231.046)[I]: [6],0,35,49,14,-570,-354,5850
(231.056)[I]: [5],0,1,8,0,-1755,-931,4520(231.056)[I]: [6],0,35,48,15,-564,-355,5850
(231.066)[I]: [5],0,1,4,0,-1661,-817,4426(231.066)[I]: [6],0,35,49,16,-558,-356,5850
(231.076)[I]: [5],0,1,8,0,-1573,-699,4324(231.076)[I]: [6],0,34,49,17,-553,-357,5850
(231.086)[I]: [5],0,2,4,0,-1499,-585,4214(231.086)[I]: [6],0,31,48,17,-547,-359,5850
(231.096)[I]: [5],0,1,4,0,-1443,-483,4094(231.096)[I]: [6],0,31,47,18,-542,-360,5851
(231.106)[I]: [5],0,2,4,0,-1409,-399,3968(231.106)[I]: [6],0,31,46,18,-536,-361,5851
(231.116)[I]: [5],0,1,4,0,-1395,-333,3838(231.116)[I]: [6],0,31,43,19,-531,-361,5851
(231.126)[I]: [5],0,1,4,0,-1397,-288,3704(231.126)[I]: [6],0,31,44,20,-526,-360,5851
(231.136)[I]: [5],0,1,8,0,-1410,-260,3563(231.136)[I]: [6],0,31,43,21,-521,-363,5851
(231.146)[I]: [5],0,1,4,0,-1433,-245,3414(231.146)[I]: [6],0,34,44,21,-516,-366,5851
(231.156)[I]: [5],0,1,4,0,-1463,-236,3256(231.156)[I]: [6],0,35,45,22,-510,-369,5850
(231.166)[I]: [5],0,1,4,0,-1496,-242,3091(231.166)[I]: [6],0,35,44,23,-505,-370,5850
(231.176)[I]: [5],0,1,8,0,-1524,-235,2929(231.176)[I]: [6],0,35,45,25,-500,-371,5850
(231.186)[I]: [5],0,1,8,0,-1548,-223,2771(231.186)[I]: [6],0,35,47,25,-495,-372,5850
(231.196)[I]: [5],0,1,4,0,-1566,-197,2620(231.196)[I]: [6],0,35,48,25,-490,-373,5851
(231.206)[I]: [5],0,1,4,0,-1579,-158,2475(231.206)[I]: [6],0,36,51,24,-485,-374,5851
(231.216)[I]: [5],0,2,4,0,-1587,-109,2330(231.216)[I]: [6],0,38,53,23,-481,-375,5851
(231.226)[I]: [5],0,2,4,0,-1589,-54,2184(231.226)[I]: [6],0,40,59,22,-476,-375,5851
(231.236)[I]: [5],0,1,8,0,-1592,5,2041(231.236)[I]: [6],0,44,62,21,-471,-376,5851
(231.246)[I]: [5],0,1,4,0,-1599,65,1907(231.246)[I]: [6],0,47,63,20,-466,-376,5851
(231.256)[I]: [5],0,1,4,0,-1608,116,1790(231.256)[I]: [6],0,47,63,19,-462,-378,5851
(231.266)[I]: [5],0,1,4,0,-1611,149,1685(231.266)[I]: [6],0,51,69,18,-457,-379,5851
(231.276)[I]: [5],0,1,8,0,-1601,159,1587(231.276)[I]: [6],0,53,69,16,-453,-380,5851
(231.286)[I]: [5],0,1,8,0,-1572,157,1494(231.286)[I]: [6],0,55,71,15,-448,-381,5851
(231.296)[I]: [5],0,2,8,0,-1532,159,1408(231.296)[I]: [6],0,55,73,15,-444,-382,5851
(231.306)[I]: [5],0,2,8,0,-1484,175,1335(231.306)[I]: [6],0,59,75,14,-439,-384,5851
(231.316)[I]: [5],0,2,8,0,-1426,197,1281(231.316)[I]: [6],0,63,78,12,-435,-385,5851
(231.326)[I]: [5],0,2,8,0,-1360,217,1239(231.326)[I]: [6],0,67,81,10,-431,-386,5851
(231.336)[I]: [5],0,2,8,0,-1288,230,1203(231.336)[I]: [6],1,67,85,8,-426,-387,5851
(231.346)[I]: [5],0,2,4,0,-1221,239,1172(231.346)[I]: [6],1,69,89,6,-425,-389,5844
(231.356)[I]: [5],0,1,4,0,-1168,247,1144(231.356)[I]: [6],1,79,92,6,-422,-392,5835
(231.366)[I]: [5],2,1,4,8,-1104,249,1393(231.367)[I]: [6],1,85,97,5,-418,-394,5825
(231.376)[I]: [5],0,1,4,13,-1080,191,1465(231.377)[I]: [6],1,87,101,4,-414,-397,5814
(231.386)[I]: [5],0,1,4,13,-1076,138,1528(231.387)[I]: [6],2,92,96,3,-411,-402,5803
(231.396)[I]: [5],0,1,4,10,-1064,93,1537(231.396)[I]: [6],3,97,100,3,-407,-406,5792
(231.406)[I]: [5],0,1,12,6,-1053,69,1521(231.406)[I]: [6],3,101,110,3,-403,-410,5781
(231.416)[I]: [5],0,1,12,6,-1054,63,1538(231.417)[I]: [6],4,102,115,3,-400,-416,5766
(231.426)[I]: [5],0,1,12,8,-1063,67,1613(231.426)[I]: [6],5,106,111,2,-397,-421,5750
(231.436)[I]: [5],0,1,12,13,-1071,61,1725(231.437)[I]: [6],6,112,106,2,-393,-425,5729
(231.446)[I]: [5],0,3,28,19,-1070,42,1821(231.447)[I]: [6],8,111,103,2,-389,-427,5709
(231.456)[I]: [5],0,5,28,20,-1060,44,1890(231.457)[I]: [6],8,105,92,2,-381,-419,5683
(231.466)[I]: [5],0,6,36,20,-1056,29,1925(231.467)[I]: [6],9,101,78,2,-376,-423,5617
(231.476)[I]: [5],0,10,60,23,-1053,32,1949(231.477)[I]: [6],9,87,69,2,-369,-433,5519
(231.486)[I]: [5],0,13,72,25,-1049,47,1961(231.487)[I]: [6],7,75,53,2,-361,-422,5402
(231.496)[I]: [5],0,14,76,28,-1043,62,1974(231.497)[I]: [6],5,61,38,2,-354,-398,5269
(231.506)[I]: [5],0,17,80,32,-1038,70,1987(231.507)[I]: [6],3,48,15,2,-350,-360,5128
(231.516)[I]: [5],0,23,88,35,-1034,71,1996(231.517)[I]: [6],2,28,13,2,-338,-288,4968
(231.526)[I]: [5],0,21,100,42,-1029,74,2003(231.527)[I]: [6],1,18,7,2,-312,-206,4794
(231.536)[I]: [5],0,25,112,44,-1025,80,2007(231.537)[I]: [6],1,12,7,2,-278,-136,4607
(231.546)[I]: [5],0,29,120,45,-1017,83,2008(231.547)[I]: [6],1,11,7,2,-221,-65,4411
(231.556)[I]: [5],0,28,124,45,-1007,83,2008(231.557)[I]: [6],0,7,9,2,-150,-20,4197
(231.566)[I]: [5],1,29,124,48,-997,80,2008(231.567)[I]: [6],0,8,7,2,-71,6,3996
(231.576)[I]: [5],2,29,136,46,-987,76,2008(231.577)[I]: [6],0,8,7,2,24,0,3858
(231.586)[I]: [5],3,30,132,47,-977,73,2008(231.587)[I]: [6],0,9,7,2,129,-79,3765
(231.596)[I]: [5],3,30,124,45,-968,71,2008(231.597)[I]: [6],0,10,7,2,246,-194,3729
(231.606)[I]: [5],3,31,136,42,-958,70,2008(231.607)[I]: [6],0,10,6,2,383,-322,3710
(231.616)[I]: [5],2,31,140,41,-949,68,2008(231.617)[I]: [6],0,12,6,2,537,-463,3678
(231.626)[I]: [5],2,31,136,39,-940,65,2007(231.627)[I]: [6],0,13,4,2,697,-613,3630
(231.636)[I]: [5],2,30,124,33,-931,63,2007(231.637)[I]: [6],0,12,3,2,851,-772,3570
(231.646)[I]: [5],0,29,124,30,-921,61,2007(231.647)[I]: [6],0,10,3,2,982,-938,3502
(231.656)[I]: [5],0,30,124,26,-912,58,2007(231.657)[I]: [6],0,9,3,2,1079,-1086,3429
(231.666)[I]: [5],0,27,124,26,-903,56,2007(231.667)[I]: [6],0,8,3,2,1141,-1226,3355
(231.676)[I]: [5],0,25,124,24,-895,55,2007(231.677)[I]: [6],0,8,3,2,1161,-1357,3285
(231.686)[I]: [5],0,25,124,21,-886,54,2007(231.687)[I]: [6],0,8,3,3,1145,-1483,3236
(231.696)[I]: [5],0,24,124,19,-877,52,2007(231.697)[I]: [6],0,8,3,3,1095,-1594,3216
(231.706)[I]: [5],0,25,124,17,-868,50,2007(231.707)[I]: [6],0,8,3,3,1020,-1667,3215
(231.716)[I]: [5],0,25,124,17,-860,48,2007(231.717)[I]: [6],0,7,3,3,931,-1701,3219
(231.726)[I]: [5],0,25,124,15,-851,47,2007(231.727)[I]: [6],0,7,3,3,839,-1704,3231
(231.736)[I]: [5],0,22,124,16,-843,46,2007(231.737)[I]: [6],0,7,3,3,750,-1677,3250
(231.746)[I]: [5],0,22,120,17,-835,44,2007(231.747)[I]: [6],0,7,3,3,668,-1635,3278
(231.756)[I]: [5],0,21,120,16,-827,43,2007(231.757)[I]: [6],0,7,2,3,590,-1589,3313
(231.766)[I]: [5],0,21,120,16,-818,41,2007(231.767)[I]: [6],0,7,2,3,519,-1544,3361
(231.776)[I]: [5],0,21,120,16,-810,39,2007(231.777)[I]: [6],0,7,2,3,446,-1501,3422
(231.786)[I]: [5],0,22,116,16,-802,37,2007(231.787)[I]: [6],0,7,2,3,372,-1457,3498
(231.796)[I]: [5],0,22,116,16,-795,36,2007(231.797)[I]: [6],0,7,2,3,297,-1412,3587
(231.806)[I]: [5],0,23,116,17,-787,33,2007(231.807)[I]: [6],0,7,3,3,224,-1360,3687
(231.816)[I]: [5],0,21,116,17,-779,30,2006(231.817)[I]: [6],0,7,3,3,157,-1301,3798
(231.826)[I]: [5],0,18,120,17,-771,27,2006(231.827)[I]: [6],0,7,3,3,95,-1231,3916
(231.836)[I]: [5],0,16,120,17,-764,26,2006(231.837)[I]: [6],0,7,3,3,42,-1151,4044
(231.846)[I]: [5],0,14,120,17,-756,24,2006(231.847)[I]: [6],0,7,3,3,-4,-1059,4183
(231.856)[I]: [5],0,13,120,17,-749,24,2006(231.857)[I]: [6],0,7,3,3,-47,-959,4334
(231.866)[I]: [5],0,13,120,17,-741,23,2006(231.867)[I]: [6],0,7,3,3,-82,-853,4498
(231.876)[I]: [5],0,14,120,18,-734,21,2006(231.877)[I]: [6],0,7,3,3,-105,-745,4674
(231.886)[I]: [5],0,15,120,18,-727,19,2006(231.887)[I]: [6],0,7,3,3,-108,-641,4859
(231.896)[I]: [5],0,15,124,18,-720,17,2006(231.897)[I]: [6],0,8,2,3,-88,-546,5047
(231.906)[I]: [5],0,15,124,18,-712,15,2006(231.907)[I]: [6],0,8,2,3,-44,-466,5230
(231.916)[I]: [5],0,17,124,19,-705,13,2006(231.917)[I]: [6],0,7,3,3,16,-398,5409
(231.926)[I]: [5],0,18,136,19,-698,12,2006(231.927)[I]: [6],0,7,3,3,78,-343,5584
(231.936)[I]: [5],0,18,140,18,-692,10,2006(231.937)[I]: [6],0,7,3,3,125,-293,5756
(231.946)[I]: [5],0,19,140,18,-685,8,2006(231.947)[I]: [6],0,8,3,3,151,-239,5919
(231.956)[I]: [5],0,21,148,19,-678,7,2006(231.957)[I]: [6],0,8,3,2,156,-180,6062
(231.966)[I]: [5],0,21,156,19,-671,6,2006(231.967)[I]: [6],0,7,3,3,142,-115,6186
(231.976)[I]: [5],0,20,164,19,-665,5,2006(231.977)[I]: [6],0,7,2,3,115,-49,6292
(231.986)[I]: [5],0,19,164,19,-658,4,2006(231.987)[I]: [6],0,7,3,3,79,13,6389
(231.996)[I]: [5],0,19,176,19,-652,2,2006(231.997)[I]: [6],0,8,3,3,40,75,6486
(231.999)[I]: [5],0,20,180,18,-649,0,2011(231.999)[I]: [6],0,7,3,3,3,128,6582
(231.999)[I]: [5],0,23,188,17,-646,-3,2020(231.999)[I]: [6],0,8,2,3,-29,169,6669
(232.002)[I]: [5],0,26,192,17,-643,-7,2032(232.002)[I]: [6],0,8,3,3,-57,193,6744
(232.012)[I]: [5],0,27,204,16,-640,-10,2045(232.013)[I]: [6],0,7,3,2,-80,205,6801
(232.022)[I]: [5],3,31,212,13,-637,-13,2058(232.023)[I]: [6],0,7,3,3,-99,209,6844
(232.032)[I]: [5],3,35,216,13,-634,-15,2073(232.033)[I]: [6],0,7,3,2,-114,207,6875
(232.042)[I]: [5],4,40,224,8,-631,-17,2092(232.043)[I]: [6],0,7,3,3,-130,202,6895
(232.052)[I]: [5],7,50,236,6,-628,-20,2118(232.053)[I]: [6],0,7,3,3,-147,199,6905
(232.062)[I]: [5],15,55,244,4,-626,-23,2145(232.063)[I]: [6],0,7,2,3,-166,199,6905
(232.072)[I]: [5],19,63,252,3,-623,-27,2174(232.073)[I]: [6],0,7,2,3,-188,197,6896
(232.082)[I]: [5],25,69,252,2,-621,-25,2199(232.083)[I]: [6],0,7,4,6,-196,-143,6666
(232.092)[I]: [5],31,79,264,0,-618,-13,2232(232.093)[I]: [6],0,3,4,9,-227,-285,6508
(232.102)[I]: [5],37,87,252,0,-616,1,2265(232.103)[I]: [6],0,3,5,9,-200,-428,6319
(232.112)[I]: [5],42,95,252,0,-617,24,2302(232.113)[I]: [6],0,5,4,7,-203,-475,6211
(232.122)[I]: [5],53,101,252,0,-615,39,2370(232.123)[I]: [6],0,7,3,7,-259,-505,6159
(232.132)[I]: [5],63,116,220,0,-612,41,2472(232.133)[I]: [6],0,7,5,8,-272,-516,6128
(232.142)[I]: [5],68,112,196,0,-608,64,2595(232.143)[I]: [6],0,9,9,9,-244,-534,6079
(232.152)[I]: [5],69,107,192,0,-603,100,2728(232.153)[I]: [6],0,9,14,12,-209,-542,6022
(232.162)[I]: [5],68,90,176,0,-594,142,2888(232.163)[I]: [6],0,11,20,14,-206,-547,5962
(232.172)[I]: [5],63,67,144,0,-579,183,3071(232.173)[I]: [6],0,15,26,18,-197,-563,5910
(232.182)[I]: [5],54,43,120,0,-553,241,3275(232.183)[I]: [6],0,17,27,22,-188,-584,5871
(232.192)[I]: [5],42,22,88,0,-526,331,3495(232.193)[I]: [6],0,21,31,27,-185,-590,5857
(232.202)[I]: [5],36,18,76,0,-504,424,3720(232.203)[I]: [6],0,19,33,31,-183,-585,5855
(232.212)[I]: [5],29,13,60,0,-485,495,3947(232.213)[I]: [6],0,20,38,34,-182,-583,5855
(232.222)[I]: [5],27,7,52,0,-466,537,4177(232.223)[I]: [6],0,23,43,35,-180,-580,5856
(232.232)[I]: [5],14,5,44,0,-450,560,4407(232.233)[I]: [6],0,22,43,38,-178,-579,5856
(232.242)[I]: [5],9,5,20,0,-443,560,4639(232.242)[I]: [6],0,25,43,39,-176,-578,5856
(232.252)[I]: [5],3,5,12,0,-432,526,4869(232.252)[I]: [6],0,31,45,40,-174,-578,5856
(232.262)[I]: [5],3,5,16,0,-442,481,5096(232.262)[I]: [6],0,34,45,39,-173,-576,5856
(232.272)[I]: [5],0,3,12,0,-480,393,5272(232.272)[I]: [6],0,39,46,38,-171,-576,5856
(232.282)[I]: [5],0,2,8,0,-524,244,5436(232.282)[I]: [6],0,39,50,37,-169,-575,5856
(232.292)[I]: [5],0,2,4,0,-578,83,5518(232.292)[I]: [6],0,41,52,36,-168,-574,5856
(232.302)[I]: [5],0,2,4,0,-641,-74,5561(232.302)[I]: [6],0,42,52,34,-166,-574,5856
(232.312)[I]: [5],0,2,8,0,-711,-232,5576(232.312)[I]: [6],0,42,54,31,-164,-573,5856
(232.322)[I]: [5],0,2,8,0,-789,-369,5575(232.322)[I]: [6],0,41,54,30,-163,-572,5856
(232.332)[I]: [5],0,2,8,0,-870,-491,5573(232.332)[I]: [6],0,41,54,29,-161,-571,5856
(232.342)[I]: [5],0,2,8,0,-955,-588,5576(232.342)[I]: [6],0,39,54,28,-159,-571,5856
(232.352)[I]: [5],0,2,4,0,-1040,-664,5580(232.352)[I]: [6],0,35,53,26,-158,-570,5856
(232.362)[I]: [5],0,2,4,0,-1121,-723,5582(232.362)[I]: [6],0,31,53,23,-156,-568,5856
(232.372)[I]: [5],0,2,8,0,-1194,-775,5569(232.372)[I]: [6],0,31,54,21,-155,-568,5856
(232.382)[I]: [5],0,1,8,0,-1252,-834,5525(232.382)[I]: [6],0,29,51,19,-153,-567,5856
(232.392)[I]: [5],0,1,8,0,-1291,-909,5438(232.392)[I]: [6],0,25,49,18,-151,-565,5856
(232.402)[I]: [5],0,1,8,0,-1303,-990,5308(232.402)[I]: [6],0,26,48,15,-150,-564,5856
(232.412)[I]: [5],0,1,8,0,-1287,-1059,5146(232.412)[I]: [6],0,27,46,15,-148,-563,5856
(232.422)[I]: [5],0,1,8,0,-1244,-1110,4965(232.422)[I]: [6],0,23,47,14,-147,-562,5856
(232.432)[I]: [5],0,1,8,0,-1183,-1137,4790(232.432)[I]: [6],0,25,46,12,-146,-560,5856
(232.442)[I]: [5],0,1,12,0,-1110,-1140,4632(232.443)[I]: [6],0,24,46,12,-144,-559,5856
(232.452)[I]: [5],0,1,8,0,-1031,-1119,4499(232.452)[I]: [6],0,22,48,12,-143,-558,5856
(232.462)[I]: [5],0,1,8,0,-949,-1072,4389(232.462)[I]: [6],0,21,49,13,-141,-557,5856
(232.472)[I]: [5],0,1,8,0,-868,-1008,4291(232.472)[I]: [6],0,22,51,14,-140,-556,5856
(232.482)[I]: [5],0,1,8,0,-787,-934,4191(232.482)[I]: [6],0,22,52,14,-138,-555,5856
(232.492)[I]: [5],0,1,8,0,-708,-856,4082(232.492)[I]: [6],0,23,56,14,-137,-554,5856
(232.502)[I]: [5],0,1,8,0,-631,-777,3960(232.502)[I]: [6],0,23,58,14,-136,-553,5856
(232.512)[I]: [5],0,1,4,0,-557,-699,3827(232.512)[I]: [6],0,23,61,15,-134,-551,5856
(232.522)[I]: [5],0,1,4,0,-492,-619,3683(232.522)[I]: [6],0,23,69,15,-133,-550,5856
(232.532)[I]: [5],0,1,4,0,-439,-535,3528(232.532)[I]: [6],0,24,70,18,-132,-550,5856
(232.542)[I]: [5],0,1,4,0,-399,-446,3366(232.542)[I]: [6],0,24,75,18,-130,-550,5856
(232.552)[I]: [5],0,1,4,0,-377,-355,3195(232.552)[I]: [6],0,23,77,19,-129,-549,5856
(232.562)[I]: [5],0,1,8,0,-370,-272,3021(232.562)[I]: [6],0,23,75,18,-128,-549,5856
(232.572)[I]: [5],0,2,8,0,-377,-203,2845(232.572)[I]: [6],0,24,81,18,-126,-548,5856
(232.582)[I]: [5],0,1,4,0,-392,-146,2672(232.582)[I]: [6],0,25,85,18,-125,-547,5856
(232.592)[I]: [5],0,1,4,0,-415,-98,2498(232.592)[I]: [6],0,26,91,17,-124,-547,5856
(232.602)[I]: [5],0,1,4,0,-447,-57,2319(232.602)[I]: [6],0,27,93,15,-123,-546,5856
(232.612)[I]: [5],0,1,4,0,-487,-14,2142(232.612)[I]: [6],0,25,96,15,-121,-544,5856
(232.622)[I]: [5],0,1,8,0,-533,29,1970(232.622)[I]: [6],0,26,100,15,-120,-543,5856
(232.632)[I]: [5],0,1,8,0,-582,71,1806(232.632)[I]: [6],0,26,103,15,-119,-542,5856
(232.642)[I]: [5],0,1,8,0,-629,110,1655(232.642)[I]: [6],0,26,108,13,-118,-541,5856
(232.652)[I]: [5],0,1,8,0,-672,146,1520(232.652)[I]: [6],0,25,107,12,-117,-540,5856
(232.662)[I]: [5],0,1,8,0,-705,180,1401(232.662)[I]: [6],0,25,109,12,-115,-539,5856
(232.672)[I]: [5],0,1,8,0,-722,213,1300(232.672)[I]: [6],0,24,112,12,-114,-538,5856
(232.682)[I]: [5],0,2,8,0,-723,246,1217(232.682)[I]: [6],0,24,114,12,-113,-537,5856
(232.692)[I]: [5],0,1,4,0,-709,277,1150(232.692)[I]: [6],0,24,116,11,-112,-536,5856
(232.702)[I]: [5],0,1,4,0,-684,303,1094(232.702)[I]: [6],0,25,120,11,-111,-535,5856
(232.712)[I]: [5],0,1,8,0,-650,323,1048(232.712)[I]: [6],0,25,122,10,-110,-535,5856
(232.722)[I]: [5],0,1,8,0,-612,342,1018(232.722)[I]: [6],0,27,127,9,-109,-534,5856
(232.732)[I]: [5],0,1,8,0,-570,357,999(232.732)[I]: [6],0,27,130,8,-108,-533,5856
(232.742)[I]: [5],0,1,4,0,-532,369,992(232.742)[I]: [6],0,28,133,7,-107,-532,5856
(232.752)[I]: [5],0,1,4,1,-506,375,986(232.752)[I]: [6],0,28,135,6,-105,-532,5856
(232.762)[I]: [5],1,1,4,5,-443,282,1207(232.762)[I]: [6],0,30,137,7,-104,-531,5856
(232.772)[I]: [5],0,1,8,9,-408,199,1358(232.772)[I]: [6],0,31,142,5,-103,-531,5852
(232.782)[I]: [5],0,2,4,10,-393,83,1483(232.782)[I]: [6],0,35,143,4,-101,-532,5845
(232.792)[I]: [5],0,1,4,11,-386,14,1558(232.792)[I]: [6],0,35,149,4,-99,-533,5835
(232.802)[I]: [5],0,2,8,15,-381,-34,1606(232.802)[I]: [6],0,38,159,3,-98,-536,5823
(232.812)[I]: [5],0,2,8,15,-372,-50,1655(232.812)[I]: [6],0,42,165,3,-96,-538,5809
(232.822)[I]: [5],0,1,8,15,-359,-56,1733(232.822)[I]: [6],0,47,172,3,-94,-540,5794
(232.832)[I]: [5],0,1,4,26,-347,-69,1834(232.832)[I]: [6],0,49,179,3,-91,-540,5780
(232.842)[I]: [5],0,1,12,31,-334,-78,1914(232.842)[I]: [6],0,52,184,2,-88,-538,5762
(232.852)[I]: [5],0,2,20,39,-329,-79,1964(232.853)[I]: [6],0,51,186,3,-86,-537,5739
(232.862)[I]: [5],0,3,24,46,-326,-77,1991(232.862)[I]: [6],0,51,179,3,-81,-523,5718
(232.872)[I]: [5],0,5,32,61,-326,-70,2017(232.872)[I]: [6],0,49,161,4,-73,-477,5675
(232.882)[I]: [5],0,3,44,71,-326,-65,2042(232.882)[I]: [6],0,46,138,4,-68,-449,5603
(232.892)[I]: [5],0,3,60,83,-324,-60,2058(232.892)[I]: [6],0,34,114,4,-62,-425,5492
(232.902)[I]: [5],0,5,68,92,-322,-54,2070(232.903)[I]: [6],0,24,84,4,-53,-375,5353
(232.912)[I]: [5],0,8,64,102,-321,-50,2080(232.913)[I]: [6],0,17,54,4,-50,-303,5198
(232.922)[I]: [5],0,8,76,105,-319,-47,2086(232.923)[I]: [6],0,13,37,4,-43,-184,5034
(232.932)[I]: [5],0,8,80,114,-318,-45,2091(232.933)[I]: [6],0,8,18,4,-8,-49,4861
(232.942)[I]: [5],0,11,88,115,-315,-47,2091(232.943)[I]: [6],0,7,11,4,52,73,4666
(232.952)[I]: [5],0,12,84,120,-311,-49,2091(232.953)[I]: [6],0,8,9,4,121,190,4452
(232.962)[I]: [5],0,10,92,121,-308,-51,2091(232.963)[I]: [6],0,7,9,4,204,314,4242
(232.972)[I]: [5],0,11,92,121,-305,-54,2091(232.973)[I]: [6],0,5,8,4,302,394,4053
(232.982)[I]: [5],0,14,92,119,-302,-56,2091(232.983)[I]: [6],0,7,7,4,418,380,3905
(232.992)[I]: [5],0,14,104,122,-299,-57,2091(232.993)[I]: [6],0,7,8,4,541,263,3818
(232.999)[I]: [5],0,13,104,121,-296,-59,2091(232.999)[I]: [6],0,8,7,4,681,87,3781
(232.999)[I]: [5],0,13,104,115,-293,-61,2090(232.999)[I]: [6],0,9,6,4,835,-130,3755
(232.999)[I]: [5],0,13,100,114,-290,-63,2090(232.999)[I]: [6],0,9,5,4,998,-353,3722
(233.008)[I]: [5],0,11,100,110,-287,-65,2090(233.009)[I]: [6],0,8,5,4,1158,-561,3671
(233.018)[I]: [5],0,11,100,106,-285,-67,2090(233.019)[I]: [6],0,7,4,4,1303,-751,3613
(233.028)[I]: [5],0,10,104,100,-282,-69,2090(233.029)[I]: [6],0,7,4,4,1421,-925,3558
(233.038)[I]: [5],0,11,100,93,-279,-71,2090(233.039)[I]: [6],0,7,4,4,1507,-1085,3506
(233.048)[I]: [5],0,13,104,80,-277,-70,2093(233.049)[I]: [6],0,6,4,4,1549,-1225,3466
(233.058)[I]: [5],0,15,108,68,-276,-68,2099(233.059)[I]: [6],0,6,3,4,1554,-1360,3451
(233.068)[I]: [5],0,17,108,60,-275,-64,2107(233.069)[I]: [6],0,7,3,4,1517,-1472,3464
(233.078)[I]: [5],0,15,112,57,-274,-61,2113(233.079)[I]: [6],0,7,3,4,1444,-1549,3489
(233.088)[I]: [5],0,17,112,51,-272,-59,2116(233.089)[I]: [6],0,6,3,4,1348,-1598,3516
(233.098)[I]: [5],0,17,112,43,-269,-61,2116(233.098)[I]: [6],0,7,3,4,1236,-1623,3546
(233.108)[I]: [5],0,15,116,40,-266,-62,2116(233.109)[I]: [6],0,7,3,4,1117,-1626,3574
(233.118)[I]: [5],0,14,116,33,-264,-63,2116(233.119)[I]: [6],0,7,3,4,996,-1613,3598
(233.128)[I]: [5],0,14,116,30,-261,-65,2116(233.129)[I]: [6],0,7,3,4,878,-1585,3622
(233.138)[I]: [5],0,17,120,28,-258,-67,2116(233.139)[I]: [6],0,7,3,4,768,-1544,3654
(233.148)[I]: [5],0,17,120,26,-256,-68,2116(233.149)[I]: [6],0,7,3,4,663,-1493,3701
(233.158)[I]: [5],0,19,124,25,-253,-69,2116(233.159)[I]: [6],0,7,3,4,568,-1436,3764
(233.168)[I]: [5],0,18,124,22,-251,-70,2116(233.169)[I]: [6],0,7,3,4,483,-1375,3842
(233.178)[I]: [5],0,15,124,22,-248,-72,2116(233.179)[I]: [6],0,7,3,4,410,-1311,3931
(233.188)[I]: [5],0,13,124,23,-246,-73,2116(233.189)[I]: [6],0,7,3,4,344,-1252,4032
(233.198)[I]: [5],0,11,124,24,-243,-74,2116(233.199)[I]: [6],0,7,3,4,291,-1190,4148
(233.208)[I]: [5],0,10,124,27,-241,-75,2116(233.209)[I]: [6],0,7,3,4,246,-1129,4278
(233.218)[I]: [5],0,11,124,27,-239,-76,2116(233.219)[I]: [6],0,8,3,4,204,-1064,4420
(233.228)[I]: [5],0,10,136,28,-236,-79,2116(233.229)[I]: [6],0,7,3,4,165,-995,4572
(233.238)[I]: [5],0,11,140,28,-234,-81,2116(233.239)[I]: [6],0,7,3,4,129,-924,4733
(233.248)[I]: [5],0,11,140,28,-231,-82,2116(233.249)[I]: [6],0,7,3,4,94,-855,4901
(233.258)[I]: [5],0,11,144,28,-229,-84,2116(233.259)[I]: [6],0,7,3,4,63,-788,5077
(233.268)[I]: [5],0,10,152,28,-227,-86,2116(233.269)[I]: [6],0,7,3,4,37,-724,5258
(233.278)[I]: [5],0,11,156,28,-225,-86,2115(233.279)[I]: [6],0,7,3,4,17,-663,5438
(233.288)[I]: [5],0,12,160,30,-222,-88,2115(233.289)[I]: [6],0,7,3,4,0,-603,5612
(233.298)[I]: [5],0,12,168,30,-220,-89,2115(233.299)[I]: [6],0,7,3,4,-13,-548,5774
(233.308)[I]: [5],0,12,168,28,-218,-90,2115(233.309)[I]: [6],0,8,3,4,-26,-493,5918
(233.318)[I]: [5],0,13,180,30,-216,-92,2115(233.319)[I]: [6],0,7,2,4,-43,-439,6050
(233.328)[I]: [5],0,14,180,30,-214,-93,2115(233.329)[I]: [6],0,7,3,4,-64,-383,6173
(233.338)[I]: [5],0,13,188,30,-212,-94,2115(233.339)[I]: [6],0,8,3,4,-93,-321,6294
(233.348)[I]: [5],0,14,192,30,-209,-96,2115(233.349)[I]: [6],0,8,3,4,-133,-252,6413
(233.358)[I]: [5],0,14,192,30,-207,-98,2115(233.359)[I]: [6],0,8,3,4,-183,-181,6530
(233.368)[I]: [5],0,15,188,28,-205,-99,2115(233.369)[I]: [6],0,7,3,4,-242,-112,6643
(233.378)[I]: [5],0,15,192,28,-203,-100,2115(233.379)[I]: [6],0,7,3,4,-308,-55,6750
(233.388)[I]: [5],0,15,192,27,-201,-101,2115(233.389)[I]: [6],0,7,1,4,-377,-11,6846
(233.398)[I]: [5],0,15,192,28,-199,-102,2115(233.399)[I]: [6],0,6,3,4,-443,19,6927
(233.408)[I]: [5],0,15,192,27,-197,-103,2115(233.409)[I]: [6],0,7,3,4,-501,37,6989
(233.418)[I]: [5],0,15,196,27,-195,-104,2115(233.419)[I]: [6],0,6,3,4,-553,44,7034
(233.428)[I]: [5],0,16,192,26,-193,-106,2115(233.429)[I]: [6],0,6,3,4,-594,41,7067
(233.438)[I]: [5],0,17,192,26,-191,-107,2115(233.439)[I]: [6],0,7,3,4,-621,48,7092
(233.448)[I]: [5],0,18,196,25,-189,-108,2115(233.449)[I]: [6],0,7,2,4,-645,50,7107
(233.458)[I]: [5],0,18,196,23,-188,-109,2115(233.459)[I]: [6],0,7,2,5,-660,55,7114
(233.468)[I]: [5],0,19,196,22,-186,-110,2115(233.469)[I]: [6],0,7,3,4,-667,55,7109
(233.478)[I]: [5],0,20,196,21,-184,-111,2115(233.479)[I]: [6],0,7,3,4,-672,50,7097
(233.488)[I]: [5],0,22,200,21,-182,-112,2115(233.489)[I]: [6],0,7,3,3,-681,38,7079
(233.498)[I]: [5],0,23,204,19,-180,-114,2115(233.499)[I]: [6],0,7,2,3,-712,-118,6898
(233.508)[I]: [5],0,24,204,18,-178,-115,2115(233.509)[I]: [6],0,5,3,5,-683,-220,6694
(233.518)[I]: [5],0,27,204,17,-177,-117,2115(233.519)[I]: [6],0,4,3,5,-628,-307,6500
(233.528)[I]: [5],0,31,220,16,-175,-117,2121(233.529)[I]: [6],0,5,4,5,-633,-345,6356
(233.538)[I]: [5],0,34,228,16,-173,-117,2132(233.539)[I]: [6],0,5,3,5,-641,-366,6264
(233.548)[I]: [5],3,41,236,10,-171,-117,2150(233.549)[I]: [6],0,7,3,3,-645,-376,6225
(233.558)[I]: [5],6,49,252,10,-170,-118,2174(233.559)[I]: [6],0,8,3,3,-641,-383,6207
(233.568)[I]: [5],11,59,272,6,-169,-119,2203(233.569)[I]: [6],0,9,3,3,-625,-388,6189
(233.578)[I]: [5],16,63,288,3,-169,-115,2237(233.579)[I]: [6],0,9,5,5,-606,-393,6160
(233.588)[I]: [5],22,72,296,2,-167,-102,2275(233.589)[I]: [6],0,9,5,5,-589,-400,6111
(233.598)[I]: [5],29,79,308,0,-167,-82,2311(233.599)[I]: [6],0,11,8,6,-572,-416,6045
(233.608)[I]: [5],40,87,304,0,-170,-36,2365(233.609)[I]: [6],0,14,12,6,-565,-441,5990
(233.618)[I]: [5],48,90,292,0,-172,-31,2474(233.619)[I]: [6],0,12,13,6,-555,-467,5948
(233.628)[I]: [5],56,82,244,0,-174,-40,2609(233.629)[I]: [6],0,14,14,7,-548,-480,5925
(233.638)[I]: [5],55,71,216,0,-175,-19,2752(233.639)[I]: [6],0,17,15,7,-545,-486,5911
(233.648)[I]: [5],50,54,188,0,-171,27,2911(233.649)[I]: [6],0,16,15,9,-540,-488,5900
(233.658)[I]: [5],47,44,180,0,-162,78,3092(233.659)[I]: [6],0,19,16,11,-535,-491,5886
(233.668)[I]: [5],41,23,160,0,-141,141,3287(233.669)[I]: [6],0,22,22,14,-531,-494,5873
(233.678)[I]: [5],34,15,112,0,-117,242,3497(233.679)[I]: [6],0,24,25,15,-526,-499,5861
(233.688)[I]: [5],26,9,108,0,-99,351,3708(233.689)[I]: [6],0,31,26,18,-522,-504,5850
(233.698)[I]: [5],26,8,76,0,-89,439,3910(233.698)[I]: [6],1,29,27,23,-518,-509,5841
(233.708)[I]: [5],24,6,56,1,-79,484,4102(233.709)[I]: [6],2,34,28,24,-515,-512,5834
(233.718)[I]: [5],19,5,52,0,-62,485,4289(233.718)[I]: [6],4,34,31,25,-510,-511,5835
(233.728)[I]: [5],13,3,40,1,-51,459,4479(233.729)[I]: [6],4,37,31,27,-505,-511,5835
(233.738)[I]: [5],7,2,24,1,-50,416,4657(233.738)[I]: [6],4,42,31,30,-500,-511,5835
(233.748)[I]: [5],3,3,20,1,-65,391,4836(233.748)[I]: [6],3,44,31,29,-495,-511,5835
(233.758)[I]: [5],0,2,12,1,-109,364,4980(233.758)[I]: [6],2,46,35,29,-490,-511,5835
(233.768)[I]: [5],0,2,8,1,-179,319,5090(233.768)[I]: [6],3,47,31,27,-485,-510,5835
(233.778)[I]: [5],0,2,8,1,-265,255,5170(233.778)[I]: [6],4,48,31,25,-480,-509,5835
(233.788)[I]: [5],0,2,8,1,-373,183,5194(233.788)[I]: [6],3,49,31,23,-475,-509,5835
(233.798)[I]: [5],0,2,4,1,-499,86,5190(233.798)[I]: [6],2,51,31,21,-470,-509,5835
(233.808)[I]: [5],0,3,8,1,-649,-33,5167(233.808)[I]: [6],3,50,30,19,-466,-508,5836
(233.818)[I]: [5],0,3,8,1,-811,-178,5146(233.818)[I]: [6],4,51,29,18,-461,-507,5836
(233.828)[I]: [5],0,2,4,1,-982,-324,5129(233.828)[I]: [6],4,53,31,17,-457,-507,5836
(233.838)[I]: [5],0,2,4,1,-1154,-471,5112(233.839)[I]: [6],4,52,31,17,-452,-505,5836
(233.848)[I]: [5],0,2,8,1,-1321,-617,5087(233.848)[I]: [6],5,54,31,16,-448,-504,5836
(233.858)[I]: [5],0,2,4,1,-1474,-761,5046(233.858)[I]: [6],6,57,31,13,-443,-504,5836
(233.868)[I]: [5],0,2,4,1,-1604,-910,4987(233.868)[I]: [6],5,56,34,13,-439,-503,5836
(233.878)[I]: [5],0,2,4,1,-1704,-1065,4907(233.879)[I]: [6],5,59,34,13,-434,-503,5836
(233.888)[I]: [5],0,2,4,1,-1768,-1220,4806(233.889)[I]: [6],5,60,34,12,-430,-503,5836
(233.898)[I]: [5],0,2,4,2,-1797,-1372,4690(233.899)[I]: [6],5,59,34,11,-426,-502,5837
(233.908)[I]: [5],0,2,8,2,-1791,-1507,4568(233.909)[I]: [6],5,57,36,10,-421,-502,5837
(233.918)[I]: [5],0,2,12,2,-1759,-1623,4445(233.919)[I]: [6],6,58,37,10,-417,-502,5837
(233.928)[I]: [5],0,2,12,2,-1703,-1701,4329(233.929)[I]: [6],5,58,37,10,-413,-501,5837
(233.938)[I]: [5],0,2,12,2,-1633,-1745,4220(233.939)[I]: [6],4,59,39,9,-409,-500,5837
(233.948)[I]: [5],0,1,12,2,-1554,-1740,4121(233.949)[I]: [6],4,60,41,7,-405,-500,5837
(233.958)[I]: [5],0,2,12,2,-1471,-1705,4025(233.959)[I]: [6],4,59,42,8,-401,-500,5837
(233.968)[I]: [5],0,1,12,2,-1388,-1637,3930(233.969)[I]: [6],4,58,43,7,-397,-499,5837
(233.978)[I]: [5],0,1,8,2,-1306,-1548,3830(233.979)[I]: [6],4,59,44,7,-393,-498,5837
(233.988)[I]: [5],0,1,8,2,-1225,-1448,3722(233.989)[I]: [6],5,60,45,7,-389,-498,5837
(233.998)[I]: [5],0,1,8,2,-1150,-1343,3601(233.999)[I]: [6],6,60,46,6,-385,-498,5837
(233.999)[I]: [5],0,1,8,2,-1079,-1236,3463(233.999)[I]: [6],6,60,47,6,-381,-497,5837
(233.999)[I]: [5],0,2,8,2,-1018,-1127,3310(233.999)[I]: [6],6,59,51,6,-378,-495,5837
(234.004)[I]: [5],0,2,8,2,-966,-1014,3143(234.004)[I]: [6],5,59,54,6,-374,-495,5837
(234.014)[I]: [5],0,2,12,1,-927,-906,2967(234.014)[I]: [6],6,56,56,6,-370,-495,5837
(234.024)[I]: [5],0,2,12,1,-907,-807,2799(234.024)[I]: [6],6,57,61,7,-366,-495,5837
(234.034)[I]: [5],0,3,12,1,-907,-728,2651(234.034)[I]: [6],6,55,68,7,-363,-495,5838
(234.044)[I]: [5],0,3,8,1,-918,-677,2520(234.044)[I]: [6],7,54,70,7,-359,-495,5838
(234.054)[I]: [5],0,2,12,1,-931,-649,2399(234.054)[I]: [6],6,54,72,7,-356,-494,5838
(234.064)[I]: [5],0,2,12,1,-937,-634,2286(234.064)[I]: [6],7,51,76,6,-352,-493,5838
(234.074)[I]: [5],0,2,12,1,-933,-618,2181(234.074)[I]: [6],7,52,78,6,-348,-492,5838
(234.084)[I]: [5],0,3,16,0,-917,-590,2080(234.084)[I]: [6],7,54,81,6,-345,-491,5838
(234.094)[I]: [5],0,2,12,0,-889,-545,1982(234.094)[I]: [6],7,55,84,6,-342,-490,5838
(234.104)[I]: [5],0,3,12,0,-852,-486,1886(234.104)[I]: [6],7,51,87,6,-338,-489,5838
(234.114)[I]: [5],0,2,12,0,-806,-418,1796(234.114)[I]: [6],9,51,88,6,-335,-489,5838
(234.124)[I]: [5],0,2,8,0,-751,-346,1713(234.124)[I]: [6],10,55,90,6,-331,-489,5838
(234.134)[I]: [5],0,2,12,0,-692,-276,1635(234.134)[I]: [6],9,51,92,6,-328,-488,5838
(234.144)[I]: [5],0,2,12,0,-632,-211,1562(234.144)[I]: [6],10,49,94,6,-325,-488,5838
(234.154)[I]: [5],0,3,16,0,-569,-153,1498(234.154)[I]: [6],10,55,95,5,-322,-487,5838
(234.164)[I]: [5],0,3,16,0,-507,-103,1441(234.164)[I]: [6],11,53,96,6,-318,-487,5838
(234.174)[I]: [5],0,2,16,0,-447,-61,1391(234.174)[I]: [6],10,51,96,5,-315,-487,5838
(234.184)[I]: [5],0,2,16,0,-392,-18,1349(234.184)[I]: [6],10,54,97,5,-312,-486,5838
(234.194)[I]: [5],0,2,12,0,-346,28,1313(234.194)[I]: [6],11,52,100,5,-309,-485,5838
(234.204)[I]: [5],0,2,12,0,-306,67,1285(234.204)[I]: [6],11,51,101,5,-306,-485,5838
(234.214)[I]: [5],0,2,12,2,-264,45,1429(234.214)[I]: [6],11,53,102,5,-303,-484,5838
(234.224)[I]: [5],0,2,12,6,-228,-7,1533(234.224)[I]: [6],11,51,103,5,-300,-484,5838
(234.234)[I]: [5],0,3,12,9,-224,-100,1669(234.234)[I]: [6],11,52,104,5,-297,-483,5838
(234.244)[I]: [5],0,6,8,13,-228,-159,1745(234.244)[I]: [6],11,51,104,5,-294,-482,5839
(234.254)[I]: [5],0,7,16,15,-234,-185,1768(234.255)[I]: [6],10,47,105,3,-291,-482,5839
(234.264)[I]: [5],0,6,24,15,-238,-182,1774(234.265)[I]: [6],10,47,103,3,-288,-482,5839
(234.274)[I]: [5],0,7,28,13,-237,-179,1780(234.275)[I]: [6],10,46,98,3,-285,-481,5839
(234.284)[I]: [5],0,9,28,13,-238,-179,1791(234.285)[I]: [6],9,46,94,3,-282,-481,5839
(234.294)[I]: [5],0,11,28,11,-239,-178,1807(234.295)[I]: [6],9,44,89,3,-280,-482,5839
(234.304)[I]: [5],0,11,28,10,-240,-174,1824(234.305)[I]: [6],8,44,86,3,-277,-482,5839
(234.314)[I]: [5],0,13,40,10,-239,-163,1839(234.315)[I]: [6],6,43,83,3,-274,-482,5839
(234.324)[I]: [5],0,16,36,10,-239,-151,1854(234.325)[I]: [6],5,40,81,3,-271,-483,5839
(234.334)[I]: [5],0,15,48,10,-237,-137,1868(234.335)[I]: [6],5,39,79,3,-269,-483,5839
(234.344)[I]: [5],0,15,52,9,-236,-126,1882(234.345)[I]: [6],4,38,75,3,-266,-482,5839
(234.354)[I]: [5],0,14,56,9,-236,-120,1892(234.355)[I]: [6],4,37,75,3,-263,-481,5839
(234.364)[I]: [5],0,17,60,9,-236,-118,1902(234.365)[I]: [6],4,35,73,3,-261,-480,5839
(234.374)[I]: [5],0,14,48,9,-235,-118,1905(234.375)[I]: [6],3,35,70,4,-258,-479,5839
(234.384)[I]: [5],0,15,44,9,-232,-119,1905(234.385)[I]: [6],3,34,68,5,-255,-479,5839
(234.394)[I]: [5],0,16,52,10,-230,-119,1905(234.395)[I]: [6],3,34,68,5,-253,-478,5839
(234.404)[I]: [5],1,15,56,10,-228,-121,1905(234.405)[I]: [6],3,34,66,5,-250,-479,5839
(234.414)[I]: [5],2,17,56,10,-225,-123,1905(234.415)[I]: [6],3,31,63,5,-248,-479,5839
(234.424)[I]: [5],2,18,60,10,-223,-125,1905(234.425)[I]: [6],3,30,62,5,-245,-479,5839
(234.434)[I]: [5],2,17,68,10,-221,-128,1905(234.435)[I]: [6],3,29,60,5,-243,-479,5839
(234.444)[I]: [5],2,14,72,10,-219,-130,1905(234.445)[I]: [6],2,26,55,5,-241,-479,5839
(234.454)[I]: [5],2,15,80,10,-217,-132,1905(234.455)[I]: [6],2,27,51,5,-238,-479,5839
(234.464)[I]: [5],2,18,80,10,-214,-134,1905(234.465)[I]: [6],2,25,48,5,-236,-479,5839
(234.474)[I]: [5],2,17,84,10,-212,-135,1905(234.475)[I]: [6],2,25,46,5,-233,-479,5839
(234.484)[I]: [5],3,18,88,10,-210,-136,1905(234.485)[I]: [6],1,26,47,5,-231,-479,5839
(234.494)[I]: [5],3,17,96,10,-208,-138,1905(234.495)[I]: [6],0,25,46,5,-229,-478,5839
(234.504)[I]: [5],3,16,96,10,-206,-139,1905(234.505)[I]: [6],0,24,45,5,-226,-479,5839
(234.514)[I]: [5],3,17,100,10,-204,-140,1904(234.515)[I]: [6],0,24,45,6,-224,-478,5839
(234.524)[I]: [5],3,17,104,10,-202,-141,1904(234.525)[I]: [6],0,24,45,6,-222,-477,5839
(234.534)[I]: [5],3,17,104,10,-200,-143,1904(234.535)[I]: [6],0,25,45,6,-220,-476,5839
(234.544)[I]: [5],3,17,108,10,-198,-143,1904(234.545)[I]: [6],0,23,44,6,-218,-476,5839
(234.554)[I]: [5],4,17,112,10,-196,-144,1904(234.555)[I]: [6],0,23,44,6,-215,-475,5839
(234.564)[I]: [5],3,17,112,11,-194,-146,1904(234.565)[I]: [6],0,24,42,6,-213,-474,5839
(234.574)[I]: [5],3,19,112,11,-192,-147,1904(234.575)[I]: [6],0,24,40,6,-211,-473,5839
(234.584)[I]: [5],3,19,112,10,-190,-148,1904(234.585)[I]: [6],0,25,39,6,-209,-472,5839
(234.594)[I]: [5],3,20,116,10,-188,-150,1904(234.595)[I]: [6],0,24,39,6,-207,-472,5839
(234.604)[I]: [5],5,24,116,10,-187,-150,1907(234.605)[I]: [6],0,23,39,6,-205,-472,5839
(234.614)[I]: [5],6,24,120,9,-185,-152,1907(234.615)[I]: [6],0,24,38,5,-203,-472,5839
(234.624)[I]: [5],5,25,120,9,-183,-154,1907(234.625)[I]: [6],0,24,36,5,-201,-471,5839
(234.634)[I]: [5],5,25,120,8,-181,-155,1907(234.635)[I]: [6],0,24,36,5,-199,-471,5839
(234.644)[I]: [5],7,28,116,7,-180,-156,1907(234.645)[I]: [6],0,24,34,5,-197,-470,5839
(234.654)[I]: [5],5,31,112,7,-178,-157,1907(234.655)[I]: [6],0,25,35,5,-195,-470,5839
(234.664)[I]: [5],4,31,112,7,-176,-158,1907(234.665)[I]: [6],0,24,35,5,-193,-470,5839
(234.674)[I]: [5],4,31,112,7,-174,-159,1907(234.675)[I]: [6],0,24,35,5,-191,-470,5839
(234.684)[I]: [5],5,31,116,7,-173,-160,1907(234.685)[I]: [6],0,25,36,5,-189,-469,5839
(234.694)[I]: [5],5,31,112,7,-171,-161,1907(234.695)[I]: [6],0,24,37,5,-187,-469,5839
(234.704)[I]: [5],5,35,116,7,-169,-162,1907(234.705)[I]: [6],0,24,36,5,-185,-469,5839
(234.714)[I]: [5],5,33,116,7,-167,-164,1907(234.715)[I]: [6],0,24,37,5,-183,-468,5839
(234.724)[I]: [5],5,35,120,7,-166,-165,1907(234.725)[I]: [6],0,25,37,5,-182,-468,5839
(234.734)[I]: [5],5,35,120,7,-164,-166,1907(234.735)[I]: [6],0,25,37,5,-180,-468,5839
(234.744)[I]: [5],6,36,124,6,-162,-167,1907(234.745)[I]: [6],0,25,38,5,-178,-467,5839
(234.754)[I]: [5],7,37,120,6,-161,-169,1907(234.755)[I]: [6],0,25,38,5,-176,-467,5839
(234.764)[I]: [5],8,38,120,6,-159,-169,1907(234.765)[I]: [6],0,26,39,5,-174,-467,5839
(234.774)[I]: [5],11,39,120,6,-158,-170,1907(234.775)[I]: [6],0,26,39,5,-173,-466,5839
(234.784)[I]: [5],10,40,120,5,-156,-171,1907(234.785)[I]: [6],0,26,39,5,-171,-466,5839
(234.794)[I]: [5],10,40,120,6,-154,-173,1907(234.795)[I]: [6],0,26,39,5,-169,-465,5839
(234.804)[I]: [5],10,41,120,6,-153,-174,1907(234.805)[I]: [6],0,27,40,4,-168,-465,5839
(234.814)[I]: [5],7,41,120,6,-151,-175,1907(234.815)[I]: [6],0,28,40,4,-166,-464,5839
(234.824)[I]: [5],7,41,120,6,-150,-176,1907(234.825)[I]: [6],0,28,41,4,-164,-464,5839
(234.834)[I]: [5],7,40,120,5,-148,-177,1907(234.835)[I]: [6],0,28,41,4,-163,-464,5839
(234.844)[I]: [5],7,40,120,5,-147,-178,1907(234.845)[I]: [6],0,28,43,4,-161,-464,5839
(234.854)[I]: [5],7,40,120,5,-145,-179,1906(234.855)[I]: [6],0,28,43,4,-159,-464,5839
(234.864)[I]: [5],7,40,120,5,-144,-180,1906(234.865)[I]: [6],0,28,44,4,-158,-463,5839
(234.874)[I]: [5],8,40,120,5,-143,-181,1906(234.875)[I]: [6],0,28,43,4,-156,-463,5839
(234.884)[I]: [5],8,42,120,5,-141,-182,1906(234.885)[I]: [6],0,29,44,4,-155,-463,5839
(234.894)[I]: [5],9,41,120,6,-140,-184,1906(234.895)[I]: [6],0,28,45,4,-153,-463,5839
(234.904)[I]: [5],8,40,120,5,-138,-184,1906(234.905)[I]: [6],0,29,45,4,-152,-463,5839
(234.914)[I]: [5],8,39,120,5,-137,-185,1906(234.915)[I]: [6],0,29,45,4,-150,-462,5839
(234.924)[I]: [5],8,38,124,6,-136,-186,1906(234.925)[I]: [6],0,29,45,3,-149,-462,5839
(234.934)[I]: [5],9,39,124,6,-134,-188,1906(234.935)[I]: [6],0,29,45,3,-147,-462,5839
(234.944)[I]: [5],9,39,124,6,-133,-189,1906(234.945)[I]: [6],0,29,45,3,-146,-462,5839
(234.954)[I]: [5],8,40,124,6,-132,-190,1906(234.955)[I]: [6],0,29,46,3,-144,-462,5839
(234.964)[I]: [5],8,40,124,5,-130,-190,1906(234.965)[I]: [6],0,29,46,3,-143,-461,5839
(234.974)[I]: [5],8,40,124,6,-129,-192,1906(234.975)[I]: [6],0,29,46,3,-141,-461,5839
(234.984)[I]: [5],7,42,124,6,-128,-192,1906(234.985)[I]: [6],0,30,47,3,-140,-461,5839
(234.994)[I]: [5],7,42,124,5,-126,-193,1906(234.995)[I]: [6],0,30,47,3,-138,-461,5839
(234.999)[I]: [5],8,41,124,6,-125,-193,1906(234.999)[I]: [6],0,30,48,3,-137,-461,5839
(234.999)[I]: [5],8,41,124,6,-124,-194,1906(234.999)[I]: [6],0,30,49,3,-136,-461,5839
(235.000)[I]: [5],8,40,124,6,-123,-195,1906(235.000)[I]: [6],0,30,50,3,-134,-460,5839
(235.010)[I]: [5],6,41,124,6,-121,-196,1906(235.011)[I]: [6],0,31,51,3,-133,-460,5839
(235.020)[I]: [5],7,40,124,6,-120,-197,1906(235.021)[I]: [6],0,30,51,3,-132,-460,5839
(235.030)[I]: [5],7,41,124,6,-119,-197,1906(235.031)[I]: [6],0,31,51,3,-130,-460,5839
(235.040)[I]: [5],7,41,124,6,-118,-198,1906(235.041)[I]: [6],0,31,51,3,-129,-460,5839
(235.050)[I]: [5],7,40,124,6,-117,-200,1906(235.051)[I]: [6],0,31,52,3,-128,-460,5839
(235.060)[I]: [5],5,40,124,6,-115,-200,1906(235.061)[I]: [6],0,30,52,3,-126,-459,5839
(235.070)[I]: [5],4,40,124,6,-114,-201,1906(235.071)[I]: [6],0,30,52,3,-125,-459,5839
(235.080)[I]: [5],4,40,124,6,-113,-202,1906(235.081)[I]: [6],0,30,53,3,-124,-459,5839
(235.090)[I]: [5],3,39,124,6,-112,-204,1906(235.091)[I]: [6],0,30,55,3,-123,-459,5839
(235.100)[I]: [5],3,38,124,6,-111,-204,1906(235.101)[I]: [6],0,30,54,3,-121,-459,5839
(235.110)[I]: [5],3,37,124,7,-110,-205,1906(235.111)[I]: [6],0,30,54,3,-120,-458,5839
(235.120)[I]: [5],3,36,124,6,-109,-206,1906(235.121)[I]: [6],0,30,55,3,-119,-458,5839
(235.130)[I]: [5],3,35,120,6,-108,-207,1906(235.131)[I]: [6],0,30,55,3,-118,-457,5839
(235.140)[I]: [5],4,36,124,7,-107,-207,1906(235.141)[I]: [6],0,31,56,3,-117,-457,5839
(235.150)[I]: [5],4,35,120,7,-105,-208,1906(235.151)[I]: [6],0,31,56,3,-116,-457,5839
(235.160)[I]: [5],3,31,120,7,-104,-209,1906(235.161)[I]: [6],0,31,58,3,-114,-457,5839
(235.170)[I]: [5],3,31,120,7,-103,-210,1906(235.171)[I]: [6],0,31,58,3,-113,-457,5839
(235.180)[I]: [5],3,31,120,7,-102,-210,1906(235.181)[I]: [6],0,31,59,3,-112,-456,5839
(235.190)[I]: [5],3,31,120,7,-101,-211,1906(235.191)[I]: [6],0,31,60,3,-111,-457,5839
(235.200)[I]: [5],3,31,120,7,-100,-212,1906(235.201)[I]: [6],0,31,60,3,-110,-457,5839
(235.210)[I]: [5],3,31,120,8,-99,-212,1906(235.211)[I]: [6],0,31,61,3,-109,-456,5839
(235.220)[I]: [5],3,31,120,7,-98,-213,1906(235.221)[I]: [6],0,31,62,3,-108,-456,5839
(235.230)[I]: [5],3,31,116,7,-97,-214,1906(235.231)[I]: [6],0,30,62,3,-107,-455,5839
(235.240)[I]: [5],3,31,116,7,-96,-215,1906(235.241)[I]: [6],0,31,63,3,-106,-455,5839
(235.250)[I]: [5],3,31,120,7,-95,-216,1906(235.251)[I]: [6],0,31,63,3,-104,-455,5839
(235.260)[I]: [5],3,31,116,7,-94,-217,1906(235.261)[I]: [6],0,31,63,3,-103,-455,5839
(235.270)[I]: [5],3,31,116,6,-93,-217,1906(235.271)[I]: [6],0,31,63,3,-102,-454,5839
(235.280)[I]: [5],3,31,116,6,-93,-218,1906(235.281)[I]: [6],0,31,63,3,-101,-454,5839
(235.290)[I]: [5],3,31,116,7,-92,-218,1906(235.291)[I]: [6],0,31,63,3,-100,-454,5838
(235.300)[I]: [5],3,31,116,7,-91,-219,1906(235.301)[I]: [6],0,31,63,3,-99,-454,5838